

================================================================
== Vitis HLS Report for 'relu_ap_fixed_13_7_5_3_0_ap_ufixed_11_5_5_3_0_ReLU_config6_s'
================================================================
* Date:           Wed Feb 26 01:33:14 2025

* Version:        2024.1 (Build 5069499 on May 21 2024)
* Project:        myproject_prj
* Solution:       solution1 (Vivado IP Flow Target)
* Product family: virtexuplusHBM
* Target device:  xcu50-fsvh2104-2-e


================================================================
== Performance Estimates
================================================================
+ Timing: 
    * Summary: 
    +--------+---------+----------+------------+
    |  Clock |  Target | Estimated| Uncertainty|
    +--------+---------+----------+------------+
    |ap_clk  |  5.00 ns|  1.056 ns|     1.35 ns|
    +--------+---------+----------+------------+

+ Latency: 
    * Summary: 
    +---------+---------+----------+----------+-----+-----+---------+
    |  Latency (cycles) |  Latency (absolute) |  Interval | Pipeline|
    |   min   |   max   |    min   |    max   | min | max |   Type  |
    +---------+---------+----------+----------+-----+-----+---------+
    |        0|        0|      0 ns|      0 ns|    1|    1|      yes|
    +---------+---------+----------+----------+-----+-----+---------+

    + Detail: 
        * Instance: 
        N/A

        * Loop: 
        N/A

============================================================
+ Verbose Summary: Synthesis Manager
============================================================
InlineROM: 1
ExposeGlobal: 0
============================================================
+ Verbose Summary: CDFG Model
============================================================
IsTopModel: 0
ResetActiveHigh: 1
IsCombinational: 0
IsDatapathOnly: 0
HasWiredReturn: 1
HasMFsm: 2
HasVarLatency: 0
IsPipeline: 1
IsRtlPipelined: 0
IsInstanceOverlapped: 0
IsDontTouch: 0
HasImplIP: 0
IsGatedGlobalClock: 0

+ Individual pipeline summary: 
  * Pipeline-0: initiation interval (II) = 1, depth = 1


============================================================
+ Verbose Summary: Schedule
============================================================
* Number of FSM states : 1
* Pipeline : 1
  Pipeline-0 : II = 1, D = 1, States = { 1 }
* Dataflow Pipeline: 0

* FSM state transitions: 
1 --> 

* FSM state operations: 

State 1 <SV = 0> <Delay = 1.05>
ST_1 : Operation 2 [1/1] (0.00ns)   --->   "%specpipeline_ln42 = specpipeline void @_ssdm_op_SpecPipeline, i32 4294967295, i32 0, i32 0, i32 0, void @empty_0" [firmware/nnet_utils/nnet_activation.h:42]   --->   Operation 2 'specpipeline' 'specpipeline_ln42' <Predicate = true> <Delay = 0.00>
ST_1 : Operation 3 [1/1] (0.00ns)   --->   "%data_63_val_read = read i13 @_ssdm_op_Read.ap_auto.i13, i13 %data_63_val" [firmware/nnet_utils/nnet_activation.h:42]   --->   Operation 3 'read' 'data_63_val_read' <Predicate = true> <Delay = 0.00>
ST_1 : Operation 4 [1/1] (0.00ns)   --->   "%data_62_val_read = read i13 @_ssdm_op_Read.ap_auto.i13, i13 %data_62_val" [firmware/nnet_utils/nnet_activation.h:42]   --->   Operation 4 'read' 'data_62_val_read' <Predicate = true> <Delay = 0.00>
ST_1 : Operation 5 [1/1] (0.00ns)   --->   "%data_61_val_read = read i13 @_ssdm_op_Read.ap_auto.i13, i13 %data_61_val" [firmware/nnet_utils/nnet_activation.h:42]   --->   Operation 5 'read' 'data_61_val_read' <Predicate = true> <Delay = 0.00>
ST_1 : Operation 6 [1/1] (0.00ns)   --->   "%data_60_val_read = read i13 @_ssdm_op_Read.ap_auto.i13, i13 %data_60_val" [firmware/nnet_utils/nnet_activation.h:42]   --->   Operation 6 'read' 'data_60_val_read' <Predicate = true> <Delay = 0.00>
ST_1 : Operation 7 [1/1] (0.00ns)   --->   "%data_59_val_read = read i13 @_ssdm_op_Read.ap_auto.i13, i13 %data_59_val" [firmware/nnet_utils/nnet_activation.h:42]   --->   Operation 7 'read' 'data_59_val_read' <Predicate = true> <Delay = 0.00>
ST_1 : Operation 8 [1/1] (0.00ns)   --->   "%data_58_val_read = read i13 @_ssdm_op_Read.ap_auto.i13, i13 %data_58_val" [firmware/nnet_utils/nnet_activation.h:42]   --->   Operation 8 'read' 'data_58_val_read' <Predicate = true> <Delay = 0.00>
ST_1 : Operation 9 [1/1] (0.00ns)   --->   "%data_57_val_read = read i13 @_ssdm_op_Read.ap_auto.i13, i13 %data_57_val" [firmware/nnet_utils/nnet_activation.h:42]   --->   Operation 9 'read' 'data_57_val_read' <Predicate = true> <Delay = 0.00>
ST_1 : Operation 10 [1/1] (0.00ns)   --->   "%data_56_val_read = read i13 @_ssdm_op_Read.ap_auto.i13, i13 %data_56_val" [firmware/nnet_utils/nnet_activation.h:42]   --->   Operation 10 'read' 'data_56_val_read' <Predicate = true> <Delay = 0.00>
ST_1 : Operation 11 [1/1] (0.00ns)   --->   "%data_54_val_read = read i13 @_ssdm_op_Read.ap_auto.i13, i13 %data_54_val" [firmware/nnet_utils/nnet_activation.h:42]   --->   Operation 11 'read' 'data_54_val_read' <Predicate = true> <Delay = 0.00>
ST_1 : Operation 12 [1/1] (0.00ns)   --->   "%data_52_val_read = read i13 @_ssdm_op_Read.ap_auto.i13, i13 %data_52_val" [firmware/nnet_utils/nnet_activation.h:42]   --->   Operation 12 'read' 'data_52_val_read' <Predicate = true> <Delay = 0.00>
ST_1 : Operation 13 [1/1] (0.00ns)   --->   "%data_51_val_read = read i13 @_ssdm_op_Read.ap_auto.i13, i13 %data_51_val" [firmware/nnet_utils/nnet_activation.h:42]   --->   Operation 13 'read' 'data_51_val_read' <Predicate = true> <Delay = 0.00>
ST_1 : Operation 14 [1/1] (0.00ns)   --->   "%data_50_val_read = read i13 @_ssdm_op_Read.ap_auto.i13, i13 %data_50_val" [firmware/nnet_utils/nnet_activation.h:42]   --->   Operation 14 'read' 'data_50_val_read' <Predicate = true> <Delay = 0.00>
ST_1 : Operation 15 [1/1] (0.00ns)   --->   "%data_49_val_read = read i13 @_ssdm_op_Read.ap_auto.i13, i13 %data_49_val" [firmware/nnet_utils/nnet_activation.h:42]   --->   Operation 15 'read' 'data_49_val_read' <Predicate = true> <Delay = 0.00>
ST_1 : Operation 16 [1/1] (0.00ns)   --->   "%data_48_val_read = read i13 @_ssdm_op_Read.ap_auto.i13, i13 %data_48_val" [firmware/nnet_utils/nnet_activation.h:42]   --->   Operation 16 'read' 'data_48_val_read' <Predicate = true> <Delay = 0.00>
ST_1 : Operation 17 [1/1] (0.00ns)   --->   "%data_47_val_read = read i13 @_ssdm_op_Read.ap_auto.i13, i13 %data_47_val" [firmware/nnet_utils/nnet_activation.h:42]   --->   Operation 17 'read' 'data_47_val_read' <Predicate = true> <Delay = 0.00>
ST_1 : Operation 18 [1/1] (0.00ns)   --->   "%data_45_val_read = read i13 @_ssdm_op_Read.ap_auto.i13, i13 %data_45_val" [firmware/nnet_utils/nnet_activation.h:42]   --->   Operation 18 'read' 'data_45_val_read' <Predicate = true> <Delay = 0.00>
ST_1 : Operation 19 [1/1] (0.00ns)   --->   "%data_44_val_read = read i13 @_ssdm_op_Read.ap_auto.i13, i13 %data_44_val" [firmware/nnet_utils/nnet_activation.h:42]   --->   Operation 19 'read' 'data_44_val_read' <Predicate = true> <Delay = 0.00>
ST_1 : Operation 20 [1/1] (0.00ns)   --->   "%data_43_val_read = read i13 @_ssdm_op_Read.ap_auto.i13, i13 %data_43_val" [firmware/nnet_utils/nnet_activation.h:42]   --->   Operation 20 'read' 'data_43_val_read' <Predicate = true> <Delay = 0.00>
ST_1 : Operation 21 [1/1] (0.00ns)   --->   "%data_41_val_read = read i13 @_ssdm_op_Read.ap_auto.i13, i13 %data_41_val" [firmware/nnet_utils/nnet_activation.h:42]   --->   Operation 21 'read' 'data_41_val_read' <Predicate = true> <Delay = 0.00>
ST_1 : Operation 22 [1/1] (0.00ns)   --->   "%data_38_val_read = read i13 @_ssdm_op_Read.ap_auto.i13, i13 %data_38_val" [firmware/nnet_utils/nnet_activation.h:42]   --->   Operation 22 'read' 'data_38_val_read' <Predicate = true> <Delay = 0.00>
ST_1 : Operation 23 [1/1] (0.00ns)   --->   "%data_37_val_read = read i13 @_ssdm_op_Read.ap_auto.i13, i13 %data_37_val" [firmware/nnet_utils/nnet_activation.h:42]   --->   Operation 23 'read' 'data_37_val_read' <Predicate = true> <Delay = 0.00>
ST_1 : Operation 24 [1/1] (0.00ns)   --->   "%data_36_val_read = read i13 @_ssdm_op_Read.ap_auto.i13, i13 %data_36_val" [firmware/nnet_utils/nnet_activation.h:42]   --->   Operation 24 'read' 'data_36_val_read' <Predicate = true> <Delay = 0.00>
ST_1 : Operation 25 [1/1] (0.00ns)   --->   "%data_34_val_read = read i13 @_ssdm_op_Read.ap_auto.i13, i13 %data_34_val" [firmware/nnet_utils/nnet_activation.h:42]   --->   Operation 25 'read' 'data_34_val_read' <Predicate = true> <Delay = 0.00>
ST_1 : Operation 26 [1/1] (0.00ns)   --->   "%data_33_val_read = read i13 @_ssdm_op_Read.ap_auto.i13, i13 %data_33_val" [firmware/nnet_utils/nnet_activation.h:42]   --->   Operation 26 'read' 'data_33_val_read' <Predicate = true> <Delay = 0.00>
ST_1 : Operation 27 [1/1] (0.00ns)   --->   "%data_32_val_read = read i13 @_ssdm_op_Read.ap_auto.i13, i13 %data_32_val" [firmware/nnet_utils/nnet_activation.h:42]   --->   Operation 27 'read' 'data_32_val_read' <Predicate = true> <Delay = 0.00>
ST_1 : Operation 28 [1/1] (0.00ns)   --->   "%data_31_val_read = read i13 @_ssdm_op_Read.ap_auto.i13, i13 %data_31_val" [firmware/nnet_utils/nnet_activation.h:42]   --->   Operation 28 'read' 'data_31_val_read' <Predicate = true> <Delay = 0.00>
ST_1 : Operation 29 [1/1] (0.00ns)   --->   "%data_30_val_read = read i13 @_ssdm_op_Read.ap_auto.i13, i13 %data_30_val" [firmware/nnet_utils/nnet_activation.h:42]   --->   Operation 29 'read' 'data_30_val_read' <Predicate = true> <Delay = 0.00>
ST_1 : Operation 30 [1/1] (0.00ns)   --->   "%data_29_val_read = read i13 @_ssdm_op_Read.ap_auto.i13, i13 %data_29_val" [firmware/nnet_utils/nnet_activation.h:42]   --->   Operation 30 'read' 'data_29_val_read' <Predicate = true> <Delay = 0.00>
ST_1 : Operation 31 [1/1] (0.00ns)   --->   "%data_28_val_read = read i13 @_ssdm_op_Read.ap_auto.i13, i13 %data_28_val" [firmware/nnet_utils/nnet_activation.h:42]   --->   Operation 31 'read' 'data_28_val_read' <Predicate = true> <Delay = 0.00>
ST_1 : Operation 32 [1/1] (0.00ns)   --->   "%data_27_val_read = read i13 @_ssdm_op_Read.ap_auto.i13, i13 %data_27_val" [firmware/nnet_utils/nnet_activation.h:42]   --->   Operation 32 'read' 'data_27_val_read' <Predicate = true> <Delay = 0.00>
ST_1 : Operation 33 [1/1] (0.00ns)   --->   "%data_26_val_read = read i13 @_ssdm_op_Read.ap_auto.i13, i13 %data_26_val" [firmware/nnet_utils/nnet_activation.h:42]   --->   Operation 33 'read' 'data_26_val_read' <Predicate = true> <Delay = 0.00>
ST_1 : Operation 34 [1/1] (0.00ns)   --->   "%data_24_val_read = read i13 @_ssdm_op_Read.ap_auto.i13, i13 %data_24_val" [firmware/nnet_utils/nnet_activation.h:42]   --->   Operation 34 'read' 'data_24_val_read' <Predicate = true> <Delay = 0.00>
ST_1 : Operation 35 [1/1] (0.00ns)   --->   "%data_23_val_read = read i13 @_ssdm_op_Read.ap_auto.i13, i13 %data_23_val" [firmware/nnet_utils/nnet_activation.h:42]   --->   Operation 35 'read' 'data_23_val_read' <Predicate = true> <Delay = 0.00>
ST_1 : Operation 36 [1/1] (0.00ns)   --->   "%data_22_val_read = read i13 @_ssdm_op_Read.ap_auto.i13, i13 %data_22_val" [firmware/nnet_utils/nnet_activation.h:42]   --->   Operation 36 'read' 'data_22_val_read' <Predicate = true> <Delay = 0.00>
ST_1 : Operation 37 [1/1] (0.00ns)   --->   "%data_21_val_read = read i13 @_ssdm_op_Read.ap_auto.i13, i13 %data_21_val" [firmware/nnet_utils/nnet_activation.h:42]   --->   Operation 37 'read' 'data_21_val_read' <Predicate = true> <Delay = 0.00>
ST_1 : Operation 38 [1/1] (0.00ns)   --->   "%data_20_val_read = read i13 @_ssdm_op_Read.ap_auto.i13, i13 %data_20_val" [firmware/nnet_utils/nnet_activation.h:42]   --->   Operation 38 'read' 'data_20_val_read' <Predicate = true> <Delay = 0.00>
ST_1 : Operation 39 [1/1] (0.00ns)   --->   "%data_19_val_read = read i13 @_ssdm_op_Read.ap_auto.i13, i13 %data_19_val" [firmware/nnet_utils/nnet_activation.h:42]   --->   Operation 39 'read' 'data_19_val_read' <Predicate = true> <Delay = 0.00>
ST_1 : Operation 40 [1/1] (0.00ns)   --->   "%data_18_val_read = read i13 @_ssdm_op_Read.ap_auto.i13, i13 %data_18_val" [firmware/nnet_utils/nnet_activation.h:42]   --->   Operation 40 'read' 'data_18_val_read' <Predicate = true> <Delay = 0.00>
ST_1 : Operation 41 [1/1] (0.00ns)   --->   "%data_17_val_read = read i13 @_ssdm_op_Read.ap_auto.i13, i13 %data_17_val" [firmware/nnet_utils/nnet_activation.h:42]   --->   Operation 41 'read' 'data_17_val_read' <Predicate = true> <Delay = 0.00>
ST_1 : Operation 42 [1/1] (0.00ns)   --->   "%data_16_val_read = read i13 @_ssdm_op_Read.ap_auto.i13, i13 %data_16_val" [firmware/nnet_utils/nnet_activation.h:42]   --->   Operation 42 'read' 'data_16_val_read' <Predicate = true> <Delay = 0.00>
ST_1 : Operation 43 [1/1] (0.00ns)   --->   "%data_15_val_read = read i13 @_ssdm_op_Read.ap_auto.i13, i13 %data_15_val" [firmware/nnet_utils/nnet_activation.h:42]   --->   Operation 43 'read' 'data_15_val_read' <Predicate = true> <Delay = 0.00>
ST_1 : Operation 44 [1/1] (0.00ns)   --->   "%data_13_val_read = read i13 @_ssdm_op_Read.ap_auto.i13, i13 %data_13_val" [firmware/nnet_utils/nnet_activation.h:42]   --->   Operation 44 'read' 'data_13_val_read' <Predicate = true> <Delay = 0.00>
ST_1 : Operation 45 [1/1] (0.00ns)   --->   "%data_12_val_read = read i13 @_ssdm_op_Read.ap_auto.i13, i13 %data_12_val" [firmware/nnet_utils/nnet_activation.h:42]   --->   Operation 45 'read' 'data_12_val_read' <Predicate = true> <Delay = 0.00>
ST_1 : Operation 46 [1/1] (0.00ns)   --->   "%data_11_val_read = read i13 @_ssdm_op_Read.ap_auto.i13, i13 %data_11_val" [firmware/nnet_utils/nnet_activation.h:42]   --->   Operation 46 'read' 'data_11_val_read' <Predicate = true> <Delay = 0.00>
ST_1 : Operation 47 [1/1] (0.00ns)   --->   "%data_10_val_read = read i13 @_ssdm_op_Read.ap_auto.i13, i13 %data_10_val" [firmware/nnet_utils/nnet_activation.h:42]   --->   Operation 47 'read' 'data_10_val_read' <Predicate = true> <Delay = 0.00>
ST_1 : Operation 48 [1/1] (0.00ns)   --->   "%data_9_val_read = read i13 @_ssdm_op_Read.ap_auto.i13, i13 %data_9_val" [firmware/nnet_utils/nnet_activation.h:42]   --->   Operation 48 'read' 'data_9_val_read' <Predicate = true> <Delay = 0.00>
ST_1 : Operation 49 [1/1] (0.00ns)   --->   "%data_8_val_read = read i13 @_ssdm_op_Read.ap_auto.i13, i13 %data_8_val" [firmware/nnet_utils/nnet_activation.h:42]   --->   Operation 49 'read' 'data_8_val_read' <Predicate = true> <Delay = 0.00>
ST_1 : Operation 50 [1/1] (0.00ns)   --->   "%data_5_val_read = read i13 @_ssdm_op_Read.ap_auto.i13, i13 %data_5_val" [firmware/nnet_utils/nnet_activation.h:42]   --->   Operation 50 'read' 'data_5_val_read' <Predicate = true> <Delay = 0.00>
ST_1 : Operation 51 [1/1] (0.00ns)   --->   "%data_4_val_read = read i13 @_ssdm_op_Read.ap_auto.i13, i13 %data_4_val" [firmware/nnet_utils/nnet_activation.h:42]   --->   Operation 51 'read' 'data_4_val_read' <Predicate = true> <Delay = 0.00>
ST_1 : Operation 52 [1/1] (0.00ns)   --->   "%data_2_val_read = read i13 @_ssdm_op_Read.ap_auto.i13, i13 %data_2_val" [firmware/nnet_utils/nnet_activation.h:42]   --->   Operation 52 'read' 'data_2_val_read' <Predicate = true> <Delay = 0.00>
ST_1 : Operation 53 [1/1] (0.00ns)   --->   "%data_1_val_read = read i13 @_ssdm_op_Read.ap_auto.i13, i13 %data_1_val" [firmware/nnet_utils/nnet_activation.h:42]   --->   Operation 53 'read' 'data_1_val_read' <Predicate = true> <Delay = 0.00>
ST_1 : Operation 54 [1/1] (0.00ns)   --->   "%data_0_val_read = read i13 @_ssdm_op_Read.ap_auto.i13, i13 %data_0_val" [firmware/nnet_utils/nnet_activation.h:42]   --->   Operation 54 'read' 'data_0_val_read' <Predicate = true> <Delay = 0.00>
ST_1 : Operation 55 [1/1] (0.75ns)   --->   "%icmp_ln45 = icmp_sgt  i13 %data_0_val_read, i13 0" [firmware/nnet_utils/nnet_activation.h:45]   --->   Operation 55 'icmp' 'icmp_ln45' <Predicate = true> <Delay = 0.75> <CoreInst = "Cmp">   --->   Core 9 'Cmp' <Latency = 0> <II = 1> <Delay = 0.75> <FuncUnit> <Opcode : 'seteq' 'setne' 'setle' 'setge' 'setlt' 'setgt'> <InPorts = 2> <OutPorts = 1>
ST_1 : Operation 56 [1/1] (0.00ns)   --->   "%trunc_ln46 = trunc i13 %data_0_val_read" [firmware/nnet_utils/nnet_activation.h:46]   --->   Operation 56 'trunc' 'trunc_ln46' <Predicate = (icmp_ln45)> <Delay = 0.00>
ST_1 : Operation 57 [1/1] (0.30ns)   --->   "%select_ln45 = select i1 %icmp_ln45, i11 %trunc_ln46, i11 0" [firmware/nnet_utils/nnet_activation.h:45]   --->   Operation 57 'select' 'select_ln45' <Predicate = true> <Delay = 0.30> <CoreInst = "Sel">   --->   Core 73 'Sel' <Latency = 0> <II = 1> <Delay = 0.30> <FuncUnit> <Opcode : 'select'> <InPorts = 3> <OutPorts = 1>
ST_1 : Operation 58 [1/1] (0.75ns)   --->   "%icmp_ln45_23 = icmp_sgt  i13 %data_1_val_read, i13 0" [firmware/nnet_utils/nnet_activation.h:45]   --->   Operation 58 'icmp' 'icmp_ln45_23' <Predicate = true> <Delay = 0.75> <CoreInst = "Cmp">   --->   Core 9 'Cmp' <Latency = 0> <II = 1> <Delay = 0.75> <FuncUnit> <Opcode : 'seteq' 'setne' 'setle' 'setge' 'setlt' 'setgt'> <InPorts = 2> <OutPorts = 1>
ST_1 : Operation 59 [1/1] (0.00ns)   --->   "%trunc_ln46_23 = trunc i13 %data_1_val_read" [firmware/nnet_utils/nnet_activation.h:46]   --->   Operation 59 'trunc' 'trunc_ln46_23' <Predicate = (icmp_ln45_23)> <Delay = 0.00>
ST_1 : Operation 60 [1/1] (0.30ns)   --->   "%select_ln45_23 = select i1 %icmp_ln45_23, i11 %trunc_ln46_23, i11 0" [firmware/nnet_utils/nnet_activation.h:45]   --->   Operation 60 'select' 'select_ln45_23' <Predicate = true> <Delay = 0.30> <CoreInst = "Sel">   --->   Core 73 'Sel' <Latency = 0> <II = 1> <Delay = 0.30> <FuncUnit> <Opcode : 'select'> <InPorts = 3> <OutPorts = 1>
ST_1 : Operation 61 [1/1] (0.75ns)   --->   "%icmp_ln45_24 = icmp_sgt  i13 %data_2_val_read, i13 0" [firmware/nnet_utils/nnet_activation.h:45]   --->   Operation 61 'icmp' 'icmp_ln45_24' <Predicate = true> <Delay = 0.75> <CoreInst = "Cmp">   --->   Core 9 'Cmp' <Latency = 0> <II = 1> <Delay = 0.75> <FuncUnit> <Opcode : 'seteq' 'setne' 'setle' 'setge' 'setlt' 'setgt'> <InPorts = 2> <OutPorts = 1>
ST_1 : Operation 62 [1/1] (0.00ns)   --->   "%trunc_ln46_24 = trunc i13 %data_2_val_read" [firmware/nnet_utils/nnet_activation.h:46]   --->   Operation 62 'trunc' 'trunc_ln46_24' <Predicate = (icmp_ln45_24)> <Delay = 0.00>
ST_1 : Operation 63 [1/1] (0.30ns)   --->   "%select_ln45_24 = select i1 %icmp_ln45_24, i11 %trunc_ln46_24, i11 0" [firmware/nnet_utils/nnet_activation.h:45]   --->   Operation 63 'select' 'select_ln45_24' <Predicate = true> <Delay = 0.30> <CoreInst = "Sel">   --->   Core 73 'Sel' <Latency = 0> <II = 1> <Delay = 0.30> <FuncUnit> <Opcode : 'select'> <InPorts = 3> <OutPorts = 1>
ST_1 : Operation 64 [1/1] (0.75ns)   --->   "%icmp_ln45_25 = icmp_sgt  i13 %data_4_val_read, i13 0" [firmware/nnet_utils/nnet_activation.h:45]   --->   Operation 64 'icmp' 'icmp_ln45_25' <Predicate = true> <Delay = 0.75> <CoreInst = "Cmp">   --->   Core 9 'Cmp' <Latency = 0> <II = 1> <Delay = 0.75> <FuncUnit> <Opcode : 'seteq' 'setne' 'setle' 'setge' 'setlt' 'setgt'> <InPorts = 2> <OutPorts = 1>
ST_1 : Operation 65 [1/1] (0.00ns)   --->   "%trunc_ln46_25 = trunc i13 %data_4_val_read" [firmware/nnet_utils/nnet_activation.h:46]   --->   Operation 65 'trunc' 'trunc_ln46_25' <Predicate = (icmp_ln45_25)> <Delay = 0.00>
ST_1 : Operation 66 [1/1] (0.30ns)   --->   "%select_ln45_25 = select i1 %icmp_ln45_25, i11 %trunc_ln46_25, i11 0" [firmware/nnet_utils/nnet_activation.h:45]   --->   Operation 66 'select' 'select_ln45_25' <Predicate = true> <Delay = 0.30> <CoreInst = "Sel">   --->   Core 73 'Sel' <Latency = 0> <II = 1> <Delay = 0.30> <FuncUnit> <Opcode : 'select'> <InPorts = 3> <OutPorts = 1>
ST_1 : Operation 67 [1/1] (0.75ns)   --->   "%icmp_ln45_26 = icmp_sgt  i13 %data_5_val_read, i13 0" [firmware/nnet_utils/nnet_activation.h:45]   --->   Operation 67 'icmp' 'icmp_ln45_26' <Predicate = true> <Delay = 0.75> <CoreInst = "Cmp">   --->   Core 9 'Cmp' <Latency = 0> <II = 1> <Delay = 0.75> <FuncUnit> <Opcode : 'seteq' 'setne' 'setle' 'setge' 'setlt' 'setgt'> <InPorts = 2> <OutPorts = 1>
ST_1 : Operation 68 [1/1] (0.00ns)   --->   "%trunc_ln46_26 = trunc i13 %data_5_val_read" [firmware/nnet_utils/nnet_activation.h:46]   --->   Operation 68 'trunc' 'trunc_ln46_26' <Predicate = (icmp_ln45_26)> <Delay = 0.00>
ST_1 : Operation 69 [1/1] (0.30ns)   --->   "%select_ln45_26 = select i1 %icmp_ln45_26, i11 %trunc_ln46_26, i11 0" [firmware/nnet_utils/nnet_activation.h:45]   --->   Operation 69 'select' 'select_ln45_26' <Predicate = true> <Delay = 0.30> <CoreInst = "Sel">   --->   Core 73 'Sel' <Latency = 0> <II = 1> <Delay = 0.30> <FuncUnit> <Opcode : 'select'> <InPorts = 3> <OutPorts = 1>
ST_1 : Operation 70 [1/1] (0.75ns)   --->   "%icmp_ln45_27 = icmp_sgt  i13 %data_8_val_read, i13 0" [firmware/nnet_utils/nnet_activation.h:45]   --->   Operation 70 'icmp' 'icmp_ln45_27' <Predicate = true> <Delay = 0.75> <CoreInst = "Cmp">   --->   Core 9 'Cmp' <Latency = 0> <II = 1> <Delay = 0.75> <FuncUnit> <Opcode : 'seteq' 'setne' 'setle' 'setge' 'setlt' 'setgt'> <InPorts = 2> <OutPorts = 1>
ST_1 : Operation 71 [1/1] (0.00ns)   --->   "%trunc_ln46_27 = trunc i13 %data_8_val_read" [firmware/nnet_utils/nnet_activation.h:46]   --->   Operation 71 'trunc' 'trunc_ln46_27' <Predicate = (icmp_ln45_27)> <Delay = 0.00>
ST_1 : Operation 72 [1/1] (0.30ns)   --->   "%select_ln45_27 = select i1 %icmp_ln45_27, i11 %trunc_ln46_27, i11 0" [firmware/nnet_utils/nnet_activation.h:45]   --->   Operation 72 'select' 'select_ln45_27' <Predicate = true> <Delay = 0.30> <CoreInst = "Sel">   --->   Core 73 'Sel' <Latency = 0> <II = 1> <Delay = 0.30> <FuncUnit> <Opcode : 'select'> <InPorts = 3> <OutPorts = 1>
ST_1 : Operation 73 [1/1] (0.75ns)   --->   "%icmp_ln45_28 = icmp_sgt  i13 %data_9_val_read, i13 0" [firmware/nnet_utils/nnet_activation.h:45]   --->   Operation 73 'icmp' 'icmp_ln45_28' <Predicate = true> <Delay = 0.75> <CoreInst = "Cmp">   --->   Core 9 'Cmp' <Latency = 0> <II = 1> <Delay = 0.75> <FuncUnit> <Opcode : 'seteq' 'setne' 'setle' 'setge' 'setlt' 'setgt'> <InPorts = 2> <OutPorts = 1>
ST_1 : Operation 74 [1/1] (0.00ns)   --->   "%trunc_ln46_28 = trunc i13 %data_9_val_read" [firmware/nnet_utils/nnet_activation.h:46]   --->   Operation 74 'trunc' 'trunc_ln46_28' <Predicate = (icmp_ln45_28)> <Delay = 0.00>
ST_1 : Operation 75 [1/1] (0.30ns)   --->   "%select_ln45_28 = select i1 %icmp_ln45_28, i11 %trunc_ln46_28, i11 0" [firmware/nnet_utils/nnet_activation.h:45]   --->   Operation 75 'select' 'select_ln45_28' <Predicate = true> <Delay = 0.30> <CoreInst = "Sel">   --->   Core 73 'Sel' <Latency = 0> <II = 1> <Delay = 0.30> <FuncUnit> <Opcode : 'select'> <InPorts = 3> <OutPorts = 1>
ST_1 : Operation 76 [1/1] (0.75ns)   --->   "%icmp_ln45_29 = icmp_sgt  i13 %data_10_val_read, i13 0" [firmware/nnet_utils/nnet_activation.h:45]   --->   Operation 76 'icmp' 'icmp_ln45_29' <Predicate = true> <Delay = 0.75> <CoreInst = "Cmp">   --->   Core 9 'Cmp' <Latency = 0> <II = 1> <Delay = 0.75> <FuncUnit> <Opcode : 'seteq' 'setne' 'setle' 'setge' 'setlt' 'setgt'> <InPorts = 2> <OutPorts = 1>
ST_1 : Operation 77 [1/1] (0.00ns)   --->   "%trunc_ln46_29 = trunc i13 %data_10_val_read" [firmware/nnet_utils/nnet_activation.h:46]   --->   Operation 77 'trunc' 'trunc_ln46_29' <Predicate = (icmp_ln45_29)> <Delay = 0.00>
ST_1 : Operation 78 [1/1] (0.30ns)   --->   "%select_ln45_29 = select i1 %icmp_ln45_29, i11 %trunc_ln46_29, i11 0" [firmware/nnet_utils/nnet_activation.h:45]   --->   Operation 78 'select' 'select_ln45_29' <Predicate = true> <Delay = 0.30> <CoreInst = "Sel">   --->   Core 73 'Sel' <Latency = 0> <II = 1> <Delay = 0.30> <FuncUnit> <Opcode : 'select'> <InPorts = 3> <OutPorts = 1>
ST_1 : Operation 79 [1/1] (0.75ns)   --->   "%icmp_ln45_30 = icmp_sgt  i13 %data_11_val_read, i13 0" [firmware/nnet_utils/nnet_activation.h:45]   --->   Operation 79 'icmp' 'icmp_ln45_30' <Predicate = true> <Delay = 0.75> <CoreInst = "Cmp">   --->   Core 9 'Cmp' <Latency = 0> <II = 1> <Delay = 0.75> <FuncUnit> <Opcode : 'seteq' 'setne' 'setle' 'setge' 'setlt' 'setgt'> <InPorts = 2> <OutPorts = 1>
ST_1 : Operation 80 [1/1] (0.00ns)   --->   "%trunc_ln46_30 = trunc i13 %data_11_val_read" [firmware/nnet_utils/nnet_activation.h:46]   --->   Operation 80 'trunc' 'trunc_ln46_30' <Predicate = (icmp_ln45_30)> <Delay = 0.00>
ST_1 : Operation 81 [1/1] (0.30ns)   --->   "%select_ln45_30 = select i1 %icmp_ln45_30, i11 %trunc_ln46_30, i11 0" [firmware/nnet_utils/nnet_activation.h:45]   --->   Operation 81 'select' 'select_ln45_30' <Predicate = true> <Delay = 0.30> <CoreInst = "Sel">   --->   Core 73 'Sel' <Latency = 0> <II = 1> <Delay = 0.30> <FuncUnit> <Opcode : 'select'> <InPorts = 3> <OutPorts = 1>
ST_1 : Operation 82 [1/1] (0.75ns)   --->   "%icmp_ln45_31 = icmp_sgt  i13 %data_12_val_read, i13 0" [firmware/nnet_utils/nnet_activation.h:45]   --->   Operation 82 'icmp' 'icmp_ln45_31' <Predicate = true> <Delay = 0.75> <CoreInst = "Cmp">   --->   Core 9 'Cmp' <Latency = 0> <II = 1> <Delay = 0.75> <FuncUnit> <Opcode : 'seteq' 'setne' 'setle' 'setge' 'setlt' 'setgt'> <InPorts = 2> <OutPorts = 1>
ST_1 : Operation 83 [1/1] (0.00ns)   --->   "%trunc_ln46_31 = trunc i13 %data_12_val_read" [firmware/nnet_utils/nnet_activation.h:46]   --->   Operation 83 'trunc' 'trunc_ln46_31' <Predicate = (icmp_ln45_31)> <Delay = 0.00>
ST_1 : Operation 84 [1/1] (0.30ns)   --->   "%select_ln45_31 = select i1 %icmp_ln45_31, i11 %trunc_ln46_31, i11 0" [firmware/nnet_utils/nnet_activation.h:45]   --->   Operation 84 'select' 'select_ln45_31' <Predicate = true> <Delay = 0.30> <CoreInst = "Sel">   --->   Core 73 'Sel' <Latency = 0> <II = 1> <Delay = 0.30> <FuncUnit> <Opcode : 'select'> <InPorts = 3> <OutPorts = 1>
ST_1 : Operation 85 [1/1] (0.75ns)   --->   "%icmp_ln45_32 = icmp_sgt  i13 %data_13_val_read, i13 0" [firmware/nnet_utils/nnet_activation.h:45]   --->   Operation 85 'icmp' 'icmp_ln45_32' <Predicate = true> <Delay = 0.75> <CoreInst = "Cmp">   --->   Core 9 'Cmp' <Latency = 0> <II = 1> <Delay = 0.75> <FuncUnit> <Opcode : 'seteq' 'setne' 'setle' 'setge' 'setlt' 'setgt'> <InPorts = 2> <OutPorts = 1>
ST_1 : Operation 86 [1/1] (0.00ns)   --->   "%trunc_ln46_32 = trunc i13 %data_13_val_read" [firmware/nnet_utils/nnet_activation.h:46]   --->   Operation 86 'trunc' 'trunc_ln46_32' <Predicate = (icmp_ln45_32)> <Delay = 0.00>
ST_1 : Operation 87 [1/1] (0.30ns)   --->   "%select_ln45_32 = select i1 %icmp_ln45_32, i11 %trunc_ln46_32, i11 0" [firmware/nnet_utils/nnet_activation.h:45]   --->   Operation 87 'select' 'select_ln45_32' <Predicate = true> <Delay = 0.30> <CoreInst = "Sel">   --->   Core 73 'Sel' <Latency = 0> <II = 1> <Delay = 0.30> <FuncUnit> <Opcode : 'select'> <InPorts = 3> <OutPorts = 1>
ST_1 : Operation 88 [1/1] (0.75ns)   --->   "%icmp_ln45_33 = icmp_sgt  i13 %data_15_val_read, i13 0" [firmware/nnet_utils/nnet_activation.h:45]   --->   Operation 88 'icmp' 'icmp_ln45_33' <Predicate = true> <Delay = 0.75> <CoreInst = "Cmp">   --->   Core 9 'Cmp' <Latency = 0> <II = 1> <Delay = 0.75> <FuncUnit> <Opcode : 'seteq' 'setne' 'setle' 'setge' 'setlt' 'setgt'> <InPorts = 2> <OutPorts = 1>
ST_1 : Operation 89 [1/1] (0.00ns)   --->   "%trunc_ln46_33 = trunc i13 %data_15_val_read" [firmware/nnet_utils/nnet_activation.h:46]   --->   Operation 89 'trunc' 'trunc_ln46_33' <Predicate = (icmp_ln45_33)> <Delay = 0.00>
ST_1 : Operation 90 [1/1] (0.30ns)   --->   "%select_ln45_33 = select i1 %icmp_ln45_33, i11 %trunc_ln46_33, i11 0" [firmware/nnet_utils/nnet_activation.h:45]   --->   Operation 90 'select' 'select_ln45_33' <Predicate = true> <Delay = 0.30> <CoreInst = "Sel">   --->   Core 73 'Sel' <Latency = 0> <II = 1> <Delay = 0.30> <FuncUnit> <Opcode : 'select'> <InPorts = 3> <OutPorts = 1>
ST_1 : Operation 91 [1/1] (0.75ns)   --->   "%icmp_ln45_34 = icmp_sgt  i13 %data_16_val_read, i13 0" [firmware/nnet_utils/nnet_activation.h:45]   --->   Operation 91 'icmp' 'icmp_ln45_34' <Predicate = true> <Delay = 0.75> <CoreInst = "Cmp">   --->   Core 9 'Cmp' <Latency = 0> <II = 1> <Delay = 0.75> <FuncUnit> <Opcode : 'seteq' 'setne' 'setle' 'setge' 'setlt' 'setgt'> <InPorts = 2> <OutPorts = 1>
ST_1 : Operation 92 [1/1] (0.00ns)   --->   "%trunc_ln46_34 = trunc i13 %data_16_val_read" [firmware/nnet_utils/nnet_activation.h:46]   --->   Operation 92 'trunc' 'trunc_ln46_34' <Predicate = (icmp_ln45_34)> <Delay = 0.00>
ST_1 : Operation 93 [1/1] (0.30ns)   --->   "%select_ln45_34 = select i1 %icmp_ln45_34, i11 %trunc_ln46_34, i11 0" [firmware/nnet_utils/nnet_activation.h:45]   --->   Operation 93 'select' 'select_ln45_34' <Predicate = true> <Delay = 0.30> <CoreInst = "Sel">   --->   Core 73 'Sel' <Latency = 0> <II = 1> <Delay = 0.30> <FuncUnit> <Opcode : 'select'> <InPorts = 3> <OutPorts = 1>
ST_1 : Operation 94 [1/1] (0.75ns)   --->   "%icmp_ln45_35 = icmp_sgt  i13 %data_17_val_read, i13 0" [firmware/nnet_utils/nnet_activation.h:45]   --->   Operation 94 'icmp' 'icmp_ln45_35' <Predicate = true> <Delay = 0.75> <CoreInst = "Cmp">   --->   Core 9 'Cmp' <Latency = 0> <II = 1> <Delay = 0.75> <FuncUnit> <Opcode : 'seteq' 'setne' 'setle' 'setge' 'setlt' 'setgt'> <InPorts = 2> <OutPorts = 1>
ST_1 : Operation 95 [1/1] (0.00ns)   --->   "%trunc_ln46_35 = trunc i13 %data_17_val_read" [firmware/nnet_utils/nnet_activation.h:46]   --->   Operation 95 'trunc' 'trunc_ln46_35' <Predicate = (icmp_ln45_35)> <Delay = 0.00>
ST_1 : Operation 96 [1/1] (0.30ns)   --->   "%select_ln45_35 = select i1 %icmp_ln45_35, i11 %trunc_ln46_35, i11 0" [firmware/nnet_utils/nnet_activation.h:45]   --->   Operation 96 'select' 'select_ln45_35' <Predicate = true> <Delay = 0.30> <CoreInst = "Sel">   --->   Core 73 'Sel' <Latency = 0> <II = 1> <Delay = 0.30> <FuncUnit> <Opcode : 'select'> <InPorts = 3> <OutPorts = 1>
ST_1 : Operation 97 [1/1] (0.75ns)   --->   "%icmp_ln45_36 = icmp_sgt  i13 %data_18_val_read, i13 0" [firmware/nnet_utils/nnet_activation.h:45]   --->   Operation 97 'icmp' 'icmp_ln45_36' <Predicate = true> <Delay = 0.75> <CoreInst = "Cmp">   --->   Core 9 'Cmp' <Latency = 0> <II = 1> <Delay = 0.75> <FuncUnit> <Opcode : 'seteq' 'setne' 'setle' 'setge' 'setlt' 'setgt'> <InPorts = 2> <OutPorts = 1>
ST_1 : Operation 98 [1/1] (0.00ns)   --->   "%trunc_ln46_36 = trunc i13 %data_18_val_read" [firmware/nnet_utils/nnet_activation.h:46]   --->   Operation 98 'trunc' 'trunc_ln46_36' <Predicate = (icmp_ln45_36)> <Delay = 0.00>
ST_1 : Operation 99 [1/1] (0.30ns)   --->   "%select_ln45_36 = select i1 %icmp_ln45_36, i11 %trunc_ln46_36, i11 0" [firmware/nnet_utils/nnet_activation.h:45]   --->   Operation 99 'select' 'select_ln45_36' <Predicate = true> <Delay = 0.30> <CoreInst = "Sel">   --->   Core 73 'Sel' <Latency = 0> <II = 1> <Delay = 0.30> <FuncUnit> <Opcode : 'select'> <InPorts = 3> <OutPorts = 1>
ST_1 : Operation 100 [1/1] (0.75ns)   --->   "%icmp_ln45_37 = icmp_sgt  i13 %data_19_val_read, i13 0" [firmware/nnet_utils/nnet_activation.h:45]   --->   Operation 100 'icmp' 'icmp_ln45_37' <Predicate = true> <Delay = 0.75> <CoreInst = "Cmp">   --->   Core 9 'Cmp' <Latency = 0> <II = 1> <Delay = 0.75> <FuncUnit> <Opcode : 'seteq' 'setne' 'setle' 'setge' 'setlt' 'setgt'> <InPorts = 2> <OutPorts = 1>
ST_1 : Operation 101 [1/1] (0.00ns)   --->   "%trunc_ln46_37 = trunc i13 %data_19_val_read" [firmware/nnet_utils/nnet_activation.h:46]   --->   Operation 101 'trunc' 'trunc_ln46_37' <Predicate = (icmp_ln45_37)> <Delay = 0.00>
ST_1 : Operation 102 [1/1] (0.30ns)   --->   "%select_ln45_37 = select i1 %icmp_ln45_37, i11 %trunc_ln46_37, i11 0" [firmware/nnet_utils/nnet_activation.h:45]   --->   Operation 102 'select' 'select_ln45_37' <Predicate = true> <Delay = 0.30> <CoreInst = "Sel">   --->   Core 73 'Sel' <Latency = 0> <II = 1> <Delay = 0.30> <FuncUnit> <Opcode : 'select'> <InPorts = 3> <OutPorts = 1>
ST_1 : Operation 103 [1/1] (0.75ns)   --->   "%icmp_ln45_38 = icmp_sgt  i13 %data_20_val_read, i13 0" [firmware/nnet_utils/nnet_activation.h:45]   --->   Operation 103 'icmp' 'icmp_ln45_38' <Predicate = true> <Delay = 0.75> <CoreInst = "Cmp">   --->   Core 9 'Cmp' <Latency = 0> <II = 1> <Delay = 0.75> <FuncUnit> <Opcode : 'seteq' 'setne' 'setle' 'setge' 'setlt' 'setgt'> <InPorts = 2> <OutPorts = 1>
ST_1 : Operation 104 [1/1] (0.00ns)   --->   "%trunc_ln46_38 = trunc i13 %data_20_val_read" [firmware/nnet_utils/nnet_activation.h:46]   --->   Operation 104 'trunc' 'trunc_ln46_38' <Predicate = (icmp_ln45_38)> <Delay = 0.00>
ST_1 : Operation 105 [1/1] (0.30ns)   --->   "%select_ln45_38 = select i1 %icmp_ln45_38, i11 %trunc_ln46_38, i11 0" [firmware/nnet_utils/nnet_activation.h:45]   --->   Operation 105 'select' 'select_ln45_38' <Predicate = true> <Delay = 0.30> <CoreInst = "Sel">   --->   Core 73 'Sel' <Latency = 0> <II = 1> <Delay = 0.30> <FuncUnit> <Opcode : 'select'> <InPorts = 3> <OutPorts = 1>
ST_1 : Operation 106 [1/1] (0.75ns)   --->   "%icmp_ln45_39 = icmp_sgt  i13 %data_21_val_read, i13 0" [firmware/nnet_utils/nnet_activation.h:45]   --->   Operation 106 'icmp' 'icmp_ln45_39' <Predicate = true> <Delay = 0.75> <CoreInst = "Cmp">   --->   Core 9 'Cmp' <Latency = 0> <II = 1> <Delay = 0.75> <FuncUnit> <Opcode : 'seteq' 'setne' 'setle' 'setge' 'setlt' 'setgt'> <InPorts = 2> <OutPorts = 1>
ST_1 : Operation 107 [1/1] (0.00ns)   --->   "%trunc_ln46_39 = trunc i13 %data_21_val_read" [firmware/nnet_utils/nnet_activation.h:46]   --->   Operation 107 'trunc' 'trunc_ln46_39' <Predicate = (icmp_ln45_39)> <Delay = 0.00>
ST_1 : Operation 108 [1/1] (0.30ns)   --->   "%select_ln45_39 = select i1 %icmp_ln45_39, i11 %trunc_ln46_39, i11 0" [firmware/nnet_utils/nnet_activation.h:45]   --->   Operation 108 'select' 'select_ln45_39' <Predicate = true> <Delay = 0.30> <CoreInst = "Sel">   --->   Core 73 'Sel' <Latency = 0> <II = 1> <Delay = 0.30> <FuncUnit> <Opcode : 'select'> <InPorts = 3> <OutPorts = 1>
ST_1 : Operation 109 [1/1] (0.75ns)   --->   "%icmp_ln45_40 = icmp_sgt  i13 %data_22_val_read, i13 0" [firmware/nnet_utils/nnet_activation.h:45]   --->   Operation 109 'icmp' 'icmp_ln45_40' <Predicate = true> <Delay = 0.75> <CoreInst = "Cmp">   --->   Core 9 'Cmp' <Latency = 0> <II = 1> <Delay = 0.75> <FuncUnit> <Opcode : 'seteq' 'setne' 'setle' 'setge' 'setlt' 'setgt'> <InPorts = 2> <OutPorts = 1>
ST_1 : Operation 110 [1/1] (0.00ns)   --->   "%trunc_ln46_40 = trunc i13 %data_22_val_read" [firmware/nnet_utils/nnet_activation.h:46]   --->   Operation 110 'trunc' 'trunc_ln46_40' <Predicate = (icmp_ln45_40)> <Delay = 0.00>
ST_1 : Operation 111 [1/1] (0.30ns)   --->   "%select_ln45_40 = select i1 %icmp_ln45_40, i11 %trunc_ln46_40, i11 0" [firmware/nnet_utils/nnet_activation.h:45]   --->   Operation 111 'select' 'select_ln45_40' <Predicate = true> <Delay = 0.30> <CoreInst = "Sel">   --->   Core 73 'Sel' <Latency = 0> <II = 1> <Delay = 0.30> <FuncUnit> <Opcode : 'select'> <InPorts = 3> <OutPorts = 1>
ST_1 : Operation 112 [1/1] (0.75ns)   --->   "%icmp_ln45_41 = icmp_sgt  i13 %data_23_val_read, i13 0" [firmware/nnet_utils/nnet_activation.h:45]   --->   Operation 112 'icmp' 'icmp_ln45_41' <Predicate = true> <Delay = 0.75> <CoreInst = "Cmp">   --->   Core 9 'Cmp' <Latency = 0> <II = 1> <Delay = 0.75> <FuncUnit> <Opcode : 'seteq' 'setne' 'setle' 'setge' 'setlt' 'setgt'> <InPorts = 2> <OutPorts = 1>
ST_1 : Operation 113 [1/1] (0.00ns)   --->   "%trunc_ln46_41 = trunc i13 %data_23_val_read" [firmware/nnet_utils/nnet_activation.h:46]   --->   Operation 113 'trunc' 'trunc_ln46_41' <Predicate = (icmp_ln45_41)> <Delay = 0.00>
ST_1 : Operation 114 [1/1] (0.30ns)   --->   "%select_ln45_41 = select i1 %icmp_ln45_41, i11 %trunc_ln46_41, i11 0" [firmware/nnet_utils/nnet_activation.h:45]   --->   Operation 114 'select' 'select_ln45_41' <Predicate = true> <Delay = 0.30> <CoreInst = "Sel">   --->   Core 73 'Sel' <Latency = 0> <II = 1> <Delay = 0.30> <FuncUnit> <Opcode : 'select'> <InPorts = 3> <OutPorts = 1>
ST_1 : Operation 115 [1/1] (0.75ns)   --->   "%icmp_ln45_42 = icmp_sgt  i13 %data_24_val_read, i13 0" [firmware/nnet_utils/nnet_activation.h:45]   --->   Operation 115 'icmp' 'icmp_ln45_42' <Predicate = true> <Delay = 0.75> <CoreInst = "Cmp">   --->   Core 9 'Cmp' <Latency = 0> <II = 1> <Delay = 0.75> <FuncUnit> <Opcode : 'seteq' 'setne' 'setle' 'setge' 'setlt' 'setgt'> <InPorts = 2> <OutPorts = 1>
ST_1 : Operation 116 [1/1] (0.00ns)   --->   "%trunc_ln46_42 = trunc i13 %data_24_val_read" [firmware/nnet_utils/nnet_activation.h:46]   --->   Operation 116 'trunc' 'trunc_ln46_42' <Predicate = (icmp_ln45_42)> <Delay = 0.00>
ST_1 : Operation 117 [1/1] (0.30ns)   --->   "%select_ln45_42 = select i1 %icmp_ln45_42, i11 %trunc_ln46_42, i11 0" [firmware/nnet_utils/nnet_activation.h:45]   --->   Operation 117 'select' 'select_ln45_42' <Predicate = true> <Delay = 0.30> <CoreInst = "Sel">   --->   Core 73 'Sel' <Latency = 0> <II = 1> <Delay = 0.30> <FuncUnit> <Opcode : 'select'> <InPorts = 3> <OutPorts = 1>
ST_1 : Operation 118 [1/1] (0.75ns)   --->   "%icmp_ln45_43 = icmp_sgt  i13 %data_26_val_read, i13 0" [firmware/nnet_utils/nnet_activation.h:45]   --->   Operation 118 'icmp' 'icmp_ln45_43' <Predicate = true> <Delay = 0.75> <CoreInst = "Cmp">   --->   Core 9 'Cmp' <Latency = 0> <II = 1> <Delay = 0.75> <FuncUnit> <Opcode : 'seteq' 'setne' 'setle' 'setge' 'setlt' 'setgt'> <InPorts = 2> <OutPorts = 1>
ST_1 : Operation 119 [1/1] (0.00ns)   --->   "%trunc_ln46_43 = trunc i13 %data_26_val_read" [firmware/nnet_utils/nnet_activation.h:46]   --->   Operation 119 'trunc' 'trunc_ln46_43' <Predicate = (icmp_ln45_43)> <Delay = 0.00>
ST_1 : Operation 120 [1/1] (0.30ns)   --->   "%select_ln45_43 = select i1 %icmp_ln45_43, i11 %trunc_ln46_43, i11 0" [firmware/nnet_utils/nnet_activation.h:45]   --->   Operation 120 'select' 'select_ln45_43' <Predicate = true> <Delay = 0.30> <CoreInst = "Sel">   --->   Core 73 'Sel' <Latency = 0> <II = 1> <Delay = 0.30> <FuncUnit> <Opcode : 'select'> <InPorts = 3> <OutPorts = 1>
ST_1 : Operation 121 [1/1] (0.75ns)   --->   "%icmp_ln45_44 = icmp_sgt  i13 %data_27_val_read, i13 0" [firmware/nnet_utils/nnet_activation.h:45]   --->   Operation 121 'icmp' 'icmp_ln45_44' <Predicate = true> <Delay = 0.75> <CoreInst = "Cmp">   --->   Core 9 'Cmp' <Latency = 0> <II = 1> <Delay = 0.75> <FuncUnit> <Opcode : 'seteq' 'setne' 'setle' 'setge' 'setlt' 'setgt'> <InPorts = 2> <OutPorts = 1>
ST_1 : Operation 122 [1/1] (0.00ns)   --->   "%trunc_ln46_44 = trunc i13 %data_27_val_read" [firmware/nnet_utils/nnet_activation.h:46]   --->   Operation 122 'trunc' 'trunc_ln46_44' <Predicate = (icmp_ln45_44)> <Delay = 0.00>
ST_1 : Operation 123 [1/1] (0.30ns)   --->   "%select_ln45_44 = select i1 %icmp_ln45_44, i11 %trunc_ln46_44, i11 0" [firmware/nnet_utils/nnet_activation.h:45]   --->   Operation 123 'select' 'select_ln45_44' <Predicate = true> <Delay = 0.30> <CoreInst = "Sel">   --->   Core 73 'Sel' <Latency = 0> <II = 1> <Delay = 0.30> <FuncUnit> <Opcode : 'select'> <InPorts = 3> <OutPorts = 1>
ST_1 : Operation 124 [1/1] (0.75ns)   --->   "%icmp_ln45_45 = icmp_sgt  i13 %data_28_val_read, i13 0" [firmware/nnet_utils/nnet_activation.h:45]   --->   Operation 124 'icmp' 'icmp_ln45_45' <Predicate = true> <Delay = 0.75> <CoreInst = "Cmp">   --->   Core 9 'Cmp' <Latency = 0> <II = 1> <Delay = 0.75> <FuncUnit> <Opcode : 'seteq' 'setne' 'setle' 'setge' 'setlt' 'setgt'> <InPorts = 2> <OutPorts = 1>
ST_1 : Operation 125 [1/1] (0.00ns)   --->   "%trunc_ln46_45 = trunc i13 %data_28_val_read" [firmware/nnet_utils/nnet_activation.h:46]   --->   Operation 125 'trunc' 'trunc_ln46_45' <Predicate = (icmp_ln45_45)> <Delay = 0.00>
ST_1 : Operation 126 [1/1] (0.30ns)   --->   "%select_ln45_45 = select i1 %icmp_ln45_45, i11 %trunc_ln46_45, i11 0" [firmware/nnet_utils/nnet_activation.h:45]   --->   Operation 126 'select' 'select_ln45_45' <Predicate = true> <Delay = 0.30> <CoreInst = "Sel">   --->   Core 73 'Sel' <Latency = 0> <II = 1> <Delay = 0.30> <FuncUnit> <Opcode : 'select'> <InPorts = 3> <OutPorts = 1>
ST_1 : Operation 127 [1/1] (0.75ns)   --->   "%icmp_ln45_46 = icmp_sgt  i13 %data_29_val_read, i13 0" [firmware/nnet_utils/nnet_activation.h:45]   --->   Operation 127 'icmp' 'icmp_ln45_46' <Predicate = true> <Delay = 0.75> <CoreInst = "Cmp">   --->   Core 9 'Cmp' <Latency = 0> <II = 1> <Delay = 0.75> <FuncUnit> <Opcode : 'seteq' 'setne' 'setle' 'setge' 'setlt' 'setgt'> <InPorts = 2> <OutPorts = 1>
ST_1 : Operation 128 [1/1] (0.00ns)   --->   "%trunc_ln46_46 = trunc i13 %data_29_val_read" [firmware/nnet_utils/nnet_activation.h:46]   --->   Operation 128 'trunc' 'trunc_ln46_46' <Predicate = (icmp_ln45_46)> <Delay = 0.00>
ST_1 : Operation 129 [1/1] (0.30ns)   --->   "%select_ln45_46 = select i1 %icmp_ln45_46, i11 %trunc_ln46_46, i11 0" [firmware/nnet_utils/nnet_activation.h:45]   --->   Operation 129 'select' 'select_ln45_46' <Predicate = true> <Delay = 0.30> <CoreInst = "Sel">   --->   Core 73 'Sel' <Latency = 0> <II = 1> <Delay = 0.30> <FuncUnit> <Opcode : 'select'> <InPorts = 3> <OutPorts = 1>
ST_1 : Operation 130 [1/1] (0.75ns)   --->   "%icmp_ln45_47 = icmp_sgt  i13 %data_30_val_read, i13 0" [firmware/nnet_utils/nnet_activation.h:45]   --->   Operation 130 'icmp' 'icmp_ln45_47' <Predicate = true> <Delay = 0.75> <CoreInst = "Cmp">   --->   Core 9 'Cmp' <Latency = 0> <II = 1> <Delay = 0.75> <FuncUnit> <Opcode : 'seteq' 'setne' 'setle' 'setge' 'setlt' 'setgt'> <InPorts = 2> <OutPorts = 1>
ST_1 : Operation 131 [1/1] (0.00ns)   --->   "%trunc_ln46_47 = trunc i13 %data_30_val_read" [firmware/nnet_utils/nnet_activation.h:46]   --->   Operation 131 'trunc' 'trunc_ln46_47' <Predicate = (icmp_ln45_47)> <Delay = 0.00>
ST_1 : Operation 132 [1/1] (0.30ns)   --->   "%select_ln45_47 = select i1 %icmp_ln45_47, i11 %trunc_ln46_47, i11 0" [firmware/nnet_utils/nnet_activation.h:45]   --->   Operation 132 'select' 'select_ln45_47' <Predicate = true> <Delay = 0.30> <CoreInst = "Sel">   --->   Core 73 'Sel' <Latency = 0> <II = 1> <Delay = 0.30> <FuncUnit> <Opcode : 'select'> <InPorts = 3> <OutPorts = 1>
ST_1 : Operation 133 [1/1] (0.75ns)   --->   "%icmp_ln45_48 = icmp_sgt  i13 %data_31_val_read, i13 0" [firmware/nnet_utils/nnet_activation.h:45]   --->   Operation 133 'icmp' 'icmp_ln45_48' <Predicate = true> <Delay = 0.75> <CoreInst = "Cmp">   --->   Core 9 'Cmp' <Latency = 0> <II = 1> <Delay = 0.75> <FuncUnit> <Opcode : 'seteq' 'setne' 'setle' 'setge' 'setlt' 'setgt'> <InPorts = 2> <OutPorts = 1>
ST_1 : Operation 134 [1/1] (0.00ns)   --->   "%trunc_ln46_48 = trunc i13 %data_31_val_read" [firmware/nnet_utils/nnet_activation.h:46]   --->   Operation 134 'trunc' 'trunc_ln46_48' <Predicate = (icmp_ln45_48)> <Delay = 0.00>
ST_1 : Operation 135 [1/1] (0.30ns)   --->   "%select_ln45_48 = select i1 %icmp_ln45_48, i11 %trunc_ln46_48, i11 0" [firmware/nnet_utils/nnet_activation.h:45]   --->   Operation 135 'select' 'select_ln45_48' <Predicate = true> <Delay = 0.30> <CoreInst = "Sel">   --->   Core 73 'Sel' <Latency = 0> <II = 1> <Delay = 0.30> <FuncUnit> <Opcode : 'select'> <InPorts = 3> <OutPorts = 1>
ST_1 : Operation 136 [1/1] (0.75ns)   --->   "%icmp_ln45_49 = icmp_sgt  i13 %data_32_val_read, i13 0" [firmware/nnet_utils/nnet_activation.h:45]   --->   Operation 136 'icmp' 'icmp_ln45_49' <Predicate = true> <Delay = 0.75> <CoreInst = "Cmp">   --->   Core 9 'Cmp' <Latency = 0> <II = 1> <Delay = 0.75> <FuncUnit> <Opcode : 'seteq' 'setne' 'setle' 'setge' 'setlt' 'setgt'> <InPorts = 2> <OutPorts = 1>
ST_1 : Operation 137 [1/1] (0.00ns)   --->   "%trunc_ln46_49 = trunc i13 %data_32_val_read" [firmware/nnet_utils/nnet_activation.h:46]   --->   Operation 137 'trunc' 'trunc_ln46_49' <Predicate = (icmp_ln45_49)> <Delay = 0.00>
ST_1 : Operation 138 [1/1] (0.30ns)   --->   "%select_ln45_49 = select i1 %icmp_ln45_49, i11 %trunc_ln46_49, i11 0" [firmware/nnet_utils/nnet_activation.h:45]   --->   Operation 138 'select' 'select_ln45_49' <Predicate = true> <Delay = 0.30> <CoreInst = "Sel">   --->   Core 73 'Sel' <Latency = 0> <II = 1> <Delay = 0.30> <FuncUnit> <Opcode : 'select'> <InPorts = 3> <OutPorts = 1>
ST_1 : Operation 139 [1/1] (0.75ns)   --->   "%icmp_ln45_50 = icmp_sgt  i13 %data_33_val_read, i13 0" [firmware/nnet_utils/nnet_activation.h:45]   --->   Operation 139 'icmp' 'icmp_ln45_50' <Predicate = true> <Delay = 0.75> <CoreInst = "Cmp">   --->   Core 9 'Cmp' <Latency = 0> <II = 1> <Delay = 0.75> <FuncUnit> <Opcode : 'seteq' 'setne' 'setle' 'setge' 'setlt' 'setgt'> <InPorts = 2> <OutPorts = 1>
ST_1 : Operation 140 [1/1] (0.00ns)   --->   "%trunc_ln46_50 = trunc i13 %data_33_val_read" [firmware/nnet_utils/nnet_activation.h:46]   --->   Operation 140 'trunc' 'trunc_ln46_50' <Predicate = (icmp_ln45_50)> <Delay = 0.00>
ST_1 : Operation 141 [1/1] (0.30ns)   --->   "%select_ln45_50 = select i1 %icmp_ln45_50, i11 %trunc_ln46_50, i11 0" [firmware/nnet_utils/nnet_activation.h:45]   --->   Operation 141 'select' 'select_ln45_50' <Predicate = true> <Delay = 0.30> <CoreInst = "Sel">   --->   Core 73 'Sel' <Latency = 0> <II = 1> <Delay = 0.30> <FuncUnit> <Opcode : 'select'> <InPorts = 3> <OutPorts = 1>
ST_1 : Operation 142 [1/1] (0.75ns)   --->   "%icmp_ln45_51 = icmp_sgt  i13 %data_34_val_read, i13 0" [firmware/nnet_utils/nnet_activation.h:45]   --->   Operation 142 'icmp' 'icmp_ln45_51' <Predicate = true> <Delay = 0.75> <CoreInst = "Cmp">   --->   Core 9 'Cmp' <Latency = 0> <II = 1> <Delay = 0.75> <FuncUnit> <Opcode : 'seteq' 'setne' 'setle' 'setge' 'setlt' 'setgt'> <InPorts = 2> <OutPorts = 1>
ST_1 : Operation 143 [1/1] (0.00ns)   --->   "%trunc_ln46_51 = trunc i13 %data_34_val_read" [firmware/nnet_utils/nnet_activation.h:46]   --->   Operation 143 'trunc' 'trunc_ln46_51' <Predicate = (icmp_ln45_51)> <Delay = 0.00>
ST_1 : Operation 144 [1/1] (0.30ns)   --->   "%select_ln45_51 = select i1 %icmp_ln45_51, i11 %trunc_ln46_51, i11 0" [firmware/nnet_utils/nnet_activation.h:45]   --->   Operation 144 'select' 'select_ln45_51' <Predicate = true> <Delay = 0.30> <CoreInst = "Sel">   --->   Core 73 'Sel' <Latency = 0> <II = 1> <Delay = 0.30> <FuncUnit> <Opcode : 'select'> <InPorts = 3> <OutPorts = 1>
ST_1 : Operation 145 [1/1] (0.75ns)   --->   "%icmp_ln45_52 = icmp_sgt  i13 %data_36_val_read, i13 0" [firmware/nnet_utils/nnet_activation.h:45]   --->   Operation 145 'icmp' 'icmp_ln45_52' <Predicate = true> <Delay = 0.75> <CoreInst = "Cmp">   --->   Core 9 'Cmp' <Latency = 0> <II = 1> <Delay = 0.75> <FuncUnit> <Opcode : 'seteq' 'setne' 'setle' 'setge' 'setlt' 'setgt'> <InPorts = 2> <OutPorts = 1>
ST_1 : Operation 146 [1/1] (0.00ns)   --->   "%trunc_ln46_52 = trunc i13 %data_36_val_read" [firmware/nnet_utils/nnet_activation.h:46]   --->   Operation 146 'trunc' 'trunc_ln46_52' <Predicate = (icmp_ln45_52)> <Delay = 0.00>
ST_1 : Operation 147 [1/1] (0.30ns)   --->   "%select_ln45_52 = select i1 %icmp_ln45_52, i11 %trunc_ln46_52, i11 0" [firmware/nnet_utils/nnet_activation.h:45]   --->   Operation 147 'select' 'select_ln45_52' <Predicate = true> <Delay = 0.30> <CoreInst = "Sel">   --->   Core 73 'Sel' <Latency = 0> <II = 1> <Delay = 0.30> <FuncUnit> <Opcode : 'select'> <InPorts = 3> <OutPorts = 1>
ST_1 : Operation 148 [1/1] (0.75ns)   --->   "%icmp_ln45_53 = icmp_sgt  i13 %data_37_val_read, i13 0" [firmware/nnet_utils/nnet_activation.h:45]   --->   Operation 148 'icmp' 'icmp_ln45_53' <Predicate = true> <Delay = 0.75> <CoreInst = "Cmp">   --->   Core 9 'Cmp' <Latency = 0> <II = 1> <Delay = 0.75> <FuncUnit> <Opcode : 'seteq' 'setne' 'setle' 'setge' 'setlt' 'setgt'> <InPorts = 2> <OutPorts = 1>
ST_1 : Operation 149 [1/1] (0.00ns)   --->   "%trunc_ln46_53 = trunc i13 %data_37_val_read" [firmware/nnet_utils/nnet_activation.h:46]   --->   Operation 149 'trunc' 'trunc_ln46_53' <Predicate = (icmp_ln45_53)> <Delay = 0.00>
ST_1 : Operation 150 [1/1] (0.30ns)   --->   "%select_ln45_53 = select i1 %icmp_ln45_53, i11 %trunc_ln46_53, i11 0" [firmware/nnet_utils/nnet_activation.h:45]   --->   Operation 150 'select' 'select_ln45_53' <Predicate = true> <Delay = 0.30> <CoreInst = "Sel">   --->   Core 73 'Sel' <Latency = 0> <II = 1> <Delay = 0.30> <FuncUnit> <Opcode : 'select'> <InPorts = 3> <OutPorts = 1>
ST_1 : Operation 151 [1/1] (0.75ns)   --->   "%icmp_ln45_54 = icmp_sgt  i13 %data_38_val_read, i13 0" [firmware/nnet_utils/nnet_activation.h:45]   --->   Operation 151 'icmp' 'icmp_ln45_54' <Predicate = true> <Delay = 0.75> <CoreInst = "Cmp">   --->   Core 9 'Cmp' <Latency = 0> <II = 1> <Delay = 0.75> <FuncUnit> <Opcode : 'seteq' 'setne' 'setle' 'setge' 'setlt' 'setgt'> <InPorts = 2> <OutPorts = 1>
ST_1 : Operation 152 [1/1] (0.00ns)   --->   "%trunc_ln46_54 = trunc i13 %data_38_val_read" [firmware/nnet_utils/nnet_activation.h:46]   --->   Operation 152 'trunc' 'trunc_ln46_54' <Predicate = (icmp_ln45_54)> <Delay = 0.00>
ST_1 : Operation 153 [1/1] (0.30ns)   --->   "%select_ln45_54 = select i1 %icmp_ln45_54, i11 %trunc_ln46_54, i11 0" [firmware/nnet_utils/nnet_activation.h:45]   --->   Operation 153 'select' 'select_ln45_54' <Predicate = true> <Delay = 0.30> <CoreInst = "Sel">   --->   Core 73 'Sel' <Latency = 0> <II = 1> <Delay = 0.30> <FuncUnit> <Opcode : 'select'> <InPorts = 3> <OutPorts = 1>
ST_1 : Operation 154 [1/1] (0.75ns)   --->   "%icmp_ln45_55 = icmp_sgt  i13 %data_41_val_read, i13 0" [firmware/nnet_utils/nnet_activation.h:45]   --->   Operation 154 'icmp' 'icmp_ln45_55' <Predicate = true> <Delay = 0.75> <CoreInst = "Cmp">   --->   Core 9 'Cmp' <Latency = 0> <II = 1> <Delay = 0.75> <FuncUnit> <Opcode : 'seteq' 'setne' 'setle' 'setge' 'setlt' 'setgt'> <InPorts = 2> <OutPorts = 1>
ST_1 : Operation 155 [1/1] (0.00ns)   --->   "%trunc_ln46_55 = trunc i13 %data_41_val_read" [firmware/nnet_utils/nnet_activation.h:46]   --->   Operation 155 'trunc' 'trunc_ln46_55' <Predicate = (icmp_ln45_55)> <Delay = 0.00>
ST_1 : Operation 156 [1/1] (0.30ns)   --->   "%select_ln45_55 = select i1 %icmp_ln45_55, i11 %trunc_ln46_55, i11 0" [firmware/nnet_utils/nnet_activation.h:45]   --->   Operation 156 'select' 'select_ln45_55' <Predicate = true> <Delay = 0.30> <CoreInst = "Sel">   --->   Core 73 'Sel' <Latency = 0> <II = 1> <Delay = 0.30> <FuncUnit> <Opcode : 'select'> <InPorts = 3> <OutPorts = 1>
ST_1 : Operation 157 [1/1] (0.75ns)   --->   "%icmp_ln45_56 = icmp_sgt  i13 %data_43_val_read, i13 0" [firmware/nnet_utils/nnet_activation.h:45]   --->   Operation 157 'icmp' 'icmp_ln45_56' <Predicate = true> <Delay = 0.75> <CoreInst = "Cmp">   --->   Core 9 'Cmp' <Latency = 0> <II = 1> <Delay = 0.75> <FuncUnit> <Opcode : 'seteq' 'setne' 'setle' 'setge' 'setlt' 'setgt'> <InPorts = 2> <OutPorts = 1>
ST_1 : Operation 158 [1/1] (0.00ns)   --->   "%trunc_ln46_56 = trunc i13 %data_43_val_read" [firmware/nnet_utils/nnet_activation.h:46]   --->   Operation 158 'trunc' 'trunc_ln46_56' <Predicate = (icmp_ln45_56)> <Delay = 0.00>
ST_1 : Operation 159 [1/1] (0.30ns)   --->   "%select_ln45_56 = select i1 %icmp_ln45_56, i11 %trunc_ln46_56, i11 0" [firmware/nnet_utils/nnet_activation.h:45]   --->   Operation 159 'select' 'select_ln45_56' <Predicate = true> <Delay = 0.30> <CoreInst = "Sel">   --->   Core 73 'Sel' <Latency = 0> <II = 1> <Delay = 0.30> <FuncUnit> <Opcode : 'select'> <InPorts = 3> <OutPorts = 1>
ST_1 : Operation 160 [1/1] (0.75ns)   --->   "%icmp_ln45_57 = icmp_sgt  i13 %data_44_val_read, i13 0" [firmware/nnet_utils/nnet_activation.h:45]   --->   Operation 160 'icmp' 'icmp_ln45_57' <Predicate = true> <Delay = 0.75> <CoreInst = "Cmp">   --->   Core 9 'Cmp' <Latency = 0> <II = 1> <Delay = 0.75> <FuncUnit> <Opcode : 'seteq' 'setne' 'setle' 'setge' 'setlt' 'setgt'> <InPorts = 2> <OutPorts = 1>
ST_1 : Operation 161 [1/1] (0.00ns)   --->   "%trunc_ln46_57 = trunc i13 %data_44_val_read" [firmware/nnet_utils/nnet_activation.h:46]   --->   Operation 161 'trunc' 'trunc_ln46_57' <Predicate = (icmp_ln45_57)> <Delay = 0.00>
ST_1 : Operation 162 [1/1] (0.30ns)   --->   "%select_ln45_57 = select i1 %icmp_ln45_57, i11 %trunc_ln46_57, i11 0" [firmware/nnet_utils/nnet_activation.h:45]   --->   Operation 162 'select' 'select_ln45_57' <Predicate = true> <Delay = 0.30> <CoreInst = "Sel">   --->   Core 73 'Sel' <Latency = 0> <II = 1> <Delay = 0.30> <FuncUnit> <Opcode : 'select'> <InPorts = 3> <OutPorts = 1>
ST_1 : Operation 163 [1/1] (0.75ns)   --->   "%icmp_ln45_58 = icmp_sgt  i13 %data_45_val_read, i13 0" [firmware/nnet_utils/nnet_activation.h:45]   --->   Operation 163 'icmp' 'icmp_ln45_58' <Predicate = true> <Delay = 0.75> <CoreInst = "Cmp">   --->   Core 9 'Cmp' <Latency = 0> <II = 1> <Delay = 0.75> <FuncUnit> <Opcode : 'seteq' 'setne' 'setle' 'setge' 'setlt' 'setgt'> <InPorts = 2> <OutPorts = 1>
ST_1 : Operation 164 [1/1] (0.00ns)   --->   "%trunc_ln46_58 = trunc i13 %data_45_val_read" [firmware/nnet_utils/nnet_activation.h:46]   --->   Operation 164 'trunc' 'trunc_ln46_58' <Predicate = (icmp_ln45_58)> <Delay = 0.00>
ST_1 : Operation 165 [1/1] (0.30ns)   --->   "%select_ln45_58 = select i1 %icmp_ln45_58, i11 %trunc_ln46_58, i11 0" [firmware/nnet_utils/nnet_activation.h:45]   --->   Operation 165 'select' 'select_ln45_58' <Predicate = true> <Delay = 0.30> <CoreInst = "Sel">   --->   Core 73 'Sel' <Latency = 0> <II = 1> <Delay = 0.30> <FuncUnit> <Opcode : 'select'> <InPorts = 3> <OutPorts = 1>
ST_1 : Operation 166 [1/1] (0.75ns)   --->   "%icmp_ln45_59 = icmp_sgt  i13 %data_47_val_read, i13 0" [firmware/nnet_utils/nnet_activation.h:45]   --->   Operation 166 'icmp' 'icmp_ln45_59' <Predicate = true> <Delay = 0.75> <CoreInst = "Cmp">   --->   Core 9 'Cmp' <Latency = 0> <II = 1> <Delay = 0.75> <FuncUnit> <Opcode : 'seteq' 'setne' 'setle' 'setge' 'setlt' 'setgt'> <InPorts = 2> <OutPorts = 1>
ST_1 : Operation 167 [1/1] (0.00ns)   --->   "%trunc_ln46_59 = trunc i13 %data_47_val_read" [firmware/nnet_utils/nnet_activation.h:46]   --->   Operation 167 'trunc' 'trunc_ln46_59' <Predicate = (icmp_ln45_59)> <Delay = 0.00>
ST_1 : Operation 168 [1/1] (0.30ns)   --->   "%select_ln45_59 = select i1 %icmp_ln45_59, i11 %trunc_ln46_59, i11 0" [firmware/nnet_utils/nnet_activation.h:45]   --->   Operation 168 'select' 'select_ln45_59' <Predicate = true> <Delay = 0.30> <CoreInst = "Sel">   --->   Core 73 'Sel' <Latency = 0> <II = 1> <Delay = 0.30> <FuncUnit> <Opcode : 'select'> <InPorts = 3> <OutPorts = 1>
ST_1 : Operation 169 [1/1] (0.75ns)   --->   "%icmp_ln45_60 = icmp_sgt  i13 %data_48_val_read, i13 0" [firmware/nnet_utils/nnet_activation.h:45]   --->   Operation 169 'icmp' 'icmp_ln45_60' <Predicate = true> <Delay = 0.75> <CoreInst = "Cmp">   --->   Core 9 'Cmp' <Latency = 0> <II = 1> <Delay = 0.75> <FuncUnit> <Opcode : 'seteq' 'setne' 'setle' 'setge' 'setlt' 'setgt'> <InPorts = 2> <OutPorts = 1>
ST_1 : Operation 170 [1/1] (0.00ns)   --->   "%trunc_ln46_60 = trunc i13 %data_48_val_read" [firmware/nnet_utils/nnet_activation.h:46]   --->   Operation 170 'trunc' 'trunc_ln46_60' <Predicate = (icmp_ln45_60)> <Delay = 0.00>
ST_1 : Operation 171 [1/1] (0.30ns)   --->   "%select_ln45_60 = select i1 %icmp_ln45_60, i11 %trunc_ln46_60, i11 0" [firmware/nnet_utils/nnet_activation.h:45]   --->   Operation 171 'select' 'select_ln45_60' <Predicate = true> <Delay = 0.30> <CoreInst = "Sel">   --->   Core 73 'Sel' <Latency = 0> <II = 1> <Delay = 0.30> <FuncUnit> <Opcode : 'select'> <InPorts = 3> <OutPorts = 1>
ST_1 : Operation 172 [1/1] (0.75ns)   --->   "%icmp_ln45_61 = icmp_sgt  i13 %data_49_val_read, i13 0" [firmware/nnet_utils/nnet_activation.h:45]   --->   Operation 172 'icmp' 'icmp_ln45_61' <Predicate = true> <Delay = 0.75> <CoreInst = "Cmp">   --->   Core 9 'Cmp' <Latency = 0> <II = 1> <Delay = 0.75> <FuncUnit> <Opcode : 'seteq' 'setne' 'setle' 'setge' 'setlt' 'setgt'> <InPorts = 2> <OutPorts = 1>
ST_1 : Operation 173 [1/1] (0.00ns)   --->   "%trunc_ln46_61 = trunc i13 %data_49_val_read" [firmware/nnet_utils/nnet_activation.h:46]   --->   Operation 173 'trunc' 'trunc_ln46_61' <Predicate = (icmp_ln45_61)> <Delay = 0.00>
ST_1 : Operation 174 [1/1] (0.30ns)   --->   "%select_ln45_61 = select i1 %icmp_ln45_61, i11 %trunc_ln46_61, i11 0" [firmware/nnet_utils/nnet_activation.h:45]   --->   Operation 174 'select' 'select_ln45_61' <Predicate = true> <Delay = 0.30> <CoreInst = "Sel">   --->   Core 73 'Sel' <Latency = 0> <II = 1> <Delay = 0.30> <FuncUnit> <Opcode : 'select'> <InPorts = 3> <OutPorts = 1>
ST_1 : Operation 175 [1/1] (0.75ns)   --->   "%icmp_ln45_62 = icmp_sgt  i13 %data_50_val_read, i13 0" [firmware/nnet_utils/nnet_activation.h:45]   --->   Operation 175 'icmp' 'icmp_ln45_62' <Predicate = true> <Delay = 0.75> <CoreInst = "Cmp">   --->   Core 9 'Cmp' <Latency = 0> <II = 1> <Delay = 0.75> <FuncUnit> <Opcode : 'seteq' 'setne' 'setle' 'setge' 'setlt' 'setgt'> <InPorts = 2> <OutPorts = 1>
ST_1 : Operation 176 [1/1] (0.00ns)   --->   "%trunc_ln46_62 = trunc i13 %data_50_val_read" [firmware/nnet_utils/nnet_activation.h:46]   --->   Operation 176 'trunc' 'trunc_ln46_62' <Predicate = (icmp_ln45_62)> <Delay = 0.00>
ST_1 : Operation 177 [1/1] (0.30ns)   --->   "%select_ln45_62 = select i1 %icmp_ln45_62, i11 %trunc_ln46_62, i11 0" [firmware/nnet_utils/nnet_activation.h:45]   --->   Operation 177 'select' 'select_ln45_62' <Predicate = true> <Delay = 0.30> <CoreInst = "Sel">   --->   Core 73 'Sel' <Latency = 0> <II = 1> <Delay = 0.30> <FuncUnit> <Opcode : 'select'> <InPorts = 3> <OutPorts = 1>
ST_1 : Operation 178 [1/1] (0.75ns)   --->   "%icmp_ln45_63 = icmp_sgt  i13 %data_51_val_read, i13 0" [firmware/nnet_utils/nnet_activation.h:45]   --->   Operation 178 'icmp' 'icmp_ln45_63' <Predicate = true> <Delay = 0.75> <CoreInst = "Cmp">   --->   Core 9 'Cmp' <Latency = 0> <II = 1> <Delay = 0.75> <FuncUnit> <Opcode : 'seteq' 'setne' 'setle' 'setge' 'setlt' 'setgt'> <InPorts = 2> <OutPorts = 1>
ST_1 : Operation 179 [1/1] (0.00ns)   --->   "%trunc_ln46_63 = trunc i13 %data_51_val_read" [firmware/nnet_utils/nnet_activation.h:46]   --->   Operation 179 'trunc' 'trunc_ln46_63' <Predicate = (icmp_ln45_63)> <Delay = 0.00>
ST_1 : Operation 180 [1/1] (0.30ns)   --->   "%select_ln45_63 = select i1 %icmp_ln45_63, i11 %trunc_ln46_63, i11 0" [firmware/nnet_utils/nnet_activation.h:45]   --->   Operation 180 'select' 'select_ln45_63' <Predicate = true> <Delay = 0.30> <CoreInst = "Sel">   --->   Core 73 'Sel' <Latency = 0> <II = 1> <Delay = 0.30> <FuncUnit> <Opcode : 'select'> <InPorts = 3> <OutPorts = 1>
ST_1 : Operation 181 [1/1] (0.75ns)   --->   "%icmp_ln45_64 = icmp_sgt  i13 %data_52_val_read, i13 0" [firmware/nnet_utils/nnet_activation.h:45]   --->   Operation 181 'icmp' 'icmp_ln45_64' <Predicate = true> <Delay = 0.75> <CoreInst = "Cmp">   --->   Core 9 'Cmp' <Latency = 0> <II = 1> <Delay = 0.75> <FuncUnit> <Opcode : 'seteq' 'setne' 'setle' 'setge' 'setlt' 'setgt'> <InPorts = 2> <OutPorts = 1>
ST_1 : Operation 182 [1/1] (0.00ns)   --->   "%trunc_ln46_64 = trunc i13 %data_52_val_read" [firmware/nnet_utils/nnet_activation.h:46]   --->   Operation 182 'trunc' 'trunc_ln46_64' <Predicate = (icmp_ln45_64)> <Delay = 0.00>
ST_1 : Operation 183 [1/1] (0.30ns)   --->   "%select_ln45_64 = select i1 %icmp_ln45_64, i11 %trunc_ln46_64, i11 0" [firmware/nnet_utils/nnet_activation.h:45]   --->   Operation 183 'select' 'select_ln45_64' <Predicate = true> <Delay = 0.30> <CoreInst = "Sel">   --->   Core 73 'Sel' <Latency = 0> <II = 1> <Delay = 0.30> <FuncUnit> <Opcode : 'select'> <InPorts = 3> <OutPorts = 1>
ST_1 : Operation 184 [1/1] (0.75ns)   --->   "%icmp_ln45_65 = icmp_sgt  i13 %data_54_val_read, i13 0" [firmware/nnet_utils/nnet_activation.h:45]   --->   Operation 184 'icmp' 'icmp_ln45_65' <Predicate = true> <Delay = 0.75> <CoreInst = "Cmp">   --->   Core 9 'Cmp' <Latency = 0> <II = 1> <Delay = 0.75> <FuncUnit> <Opcode : 'seteq' 'setne' 'setle' 'setge' 'setlt' 'setgt'> <InPorts = 2> <OutPorts = 1>
ST_1 : Operation 185 [1/1] (0.00ns)   --->   "%trunc_ln46_65 = trunc i13 %data_54_val_read" [firmware/nnet_utils/nnet_activation.h:46]   --->   Operation 185 'trunc' 'trunc_ln46_65' <Predicate = (icmp_ln45_65)> <Delay = 0.00>
ST_1 : Operation 186 [1/1] (0.30ns)   --->   "%select_ln45_65 = select i1 %icmp_ln45_65, i11 %trunc_ln46_65, i11 0" [firmware/nnet_utils/nnet_activation.h:45]   --->   Operation 186 'select' 'select_ln45_65' <Predicate = true> <Delay = 0.30> <CoreInst = "Sel">   --->   Core 73 'Sel' <Latency = 0> <II = 1> <Delay = 0.30> <FuncUnit> <Opcode : 'select'> <InPorts = 3> <OutPorts = 1>
ST_1 : Operation 187 [1/1] (0.75ns)   --->   "%icmp_ln45_66 = icmp_sgt  i13 %data_56_val_read, i13 0" [firmware/nnet_utils/nnet_activation.h:45]   --->   Operation 187 'icmp' 'icmp_ln45_66' <Predicate = true> <Delay = 0.75> <CoreInst = "Cmp">   --->   Core 9 'Cmp' <Latency = 0> <II = 1> <Delay = 0.75> <FuncUnit> <Opcode : 'seteq' 'setne' 'setle' 'setge' 'setlt' 'setgt'> <InPorts = 2> <OutPorts = 1>
ST_1 : Operation 188 [1/1] (0.00ns)   --->   "%trunc_ln46_66 = trunc i13 %data_56_val_read" [firmware/nnet_utils/nnet_activation.h:46]   --->   Operation 188 'trunc' 'trunc_ln46_66' <Predicate = (icmp_ln45_66)> <Delay = 0.00>
ST_1 : Operation 189 [1/1] (0.30ns)   --->   "%select_ln45_66 = select i1 %icmp_ln45_66, i11 %trunc_ln46_66, i11 0" [firmware/nnet_utils/nnet_activation.h:45]   --->   Operation 189 'select' 'select_ln45_66' <Predicate = true> <Delay = 0.30> <CoreInst = "Sel">   --->   Core 73 'Sel' <Latency = 0> <II = 1> <Delay = 0.30> <FuncUnit> <Opcode : 'select'> <InPorts = 3> <OutPorts = 1>
ST_1 : Operation 190 [1/1] (0.75ns)   --->   "%icmp_ln45_67 = icmp_sgt  i13 %data_57_val_read, i13 0" [firmware/nnet_utils/nnet_activation.h:45]   --->   Operation 190 'icmp' 'icmp_ln45_67' <Predicate = true> <Delay = 0.75> <CoreInst = "Cmp">   --->   Core 9 'Cmp' <Latency = 0> <II = 1> <Delay = 0.75> <FuncUnit> <Opcode : 'seteq' 'setne' 'setle' 'setge' 'setlt' 'setgt'> <InPorts = 2> <OutPorts = 1>
ST_1 : Operation 191 [1/1] (0.00ns)   --->   "%trunc_ln46_67 = trunc i13 %data_57_val_read" [firmware/nnet_utils/nnet_activation.h:46]   --->   Operation 191 'trunc' 'trunc_ln46_67' <Predicate = (icmp_ln45_67)> <Delay = 0.00>
ST_1 : Operation 192 [1/1] (0.30ns)   --->   "%select_ln45_67 = select i1 %icmp_ln45_67, i11 %trunc_ln46_67, i11 0" [firmware/nnet_utils/nnet_activation.h:45]   --->   Operation 192 'select' 'select_ln45_67' <Predicate = true> <Delay = 0.30> <CoreInst = "Sel">   --->   Core 73 'Sel' <Latency = 0> <II = 1> <Delay = 0.30> <FuncUnit> <Opcode : 'select'> <InPorts = 3> <OutPorts = 1>
ST_1 : Operation 193 [1/1] (0.75ns)   --->   "%icmp_ln45_68 = icmp_sgt  i13 %data_58_val_read, i13 0" [firmware/nnet_utils/nnet_activation.h:45]   --->   Operation 193 'icmp' 'icmp_ln45_68' <Predicate = true> <Delay = 0.75> <CoreInst = "Cmp">   --->   Core 9 'Cmp' <Latency = 0> <II = 1> <Delay = 0.75> <FuncUnit> <Opcode : 'seteq' 'setne' 'setle' 'setge' 'setlt' 'setgt'> <InPorts = 2> <OutPorts = 1>
ST_1 : Operation 194 [1/1] (0.00ns)   --->   "%trunc_ln46_68 = trunc i13 %data_58_val_read" [firmware/nnet_utils/nnet_activation.h:46]   --->   Operation 194 'trunc' 'trunc_ln46_68' <Predicate = (icmp_ln45_68)> <Delay = 0.00>
ST_1 : Operation 195 [1/1] (0.30ns)   --->   "%select_ln45_68 = select i1 %icmp_ln45_68, i11 %trunc_ln46_68, i11 0" [firmware/nnet_utils/nnet_activation.h:45]   --->   Operation 195 'select' 'select_ln45_68' <Predicate = true> <Delay = 0.30> <CoreInst = "Sel">   --->   Core 73 'Sel' <Latency = 0> <II = 1> <Delay = 0.30> <FuncUnit> <Opcode : 'select'> <InPorts = 3> <OutPorts = 1>
ST_1 : Operation 196 [1/1] (0.75ns)   --->   "%icmp_ln45_69 = icmp_sgt  i13 %data_59_val_read, i13 0" [firmware/nnet_utils/nnet_activation.h:45]   --->   Operation 196 'icmp' 'icmp_ln45_69' <Predicate = true> <Delay = 0.75> <CoreInst = "Cmp">   --->   Core 9 'Cmp' <Latency = 0> <II = 1> <Delay = 0.75> <FuncUnit> <Opcode : 'seteq' 'setne' 'setle' 'setge' 'setlt' 'setgt'> <InPorts = 2> <OutPorts = 1>
ST_1 : Operation 197 [1/1] (0.00ns)   --->   "%trunc_ln46_69 = trunc i13 %data_59_val_read" [firmware/nnet_utils/nnet_activation.h:46]   --->   Operation 197 'trunc' 'trunc_ln46_69' <Predicate = (icmp_ln45_69)> <Delay = 0.00>
ST_1 : Operation 198 [1/1] (0.30ns)   --->   "%select_ln45_69 = select i1 %icmp_ln45_69, i11 %trunc_ln46_69, i11 0" [firmware/nnet_utils/nnet_activation.h:45]   --->   Operation 198 'select' 'select_ln45_69' <Predicate = true> <Delay = 0.30> <CoreInst = "Sel">   --->   Core 73 'Sel' <Latency = 0> <II = 1> <Delay = 0.30> <FuncUnit> <Opcode : 'select'> <InPorts = 3> <OutPorts = 1>
ST_1 : Operation 199 [1/1] (0.75ns)   --->   "%icmp_ln45_70 = icmp_sgt  i13 %data_60_val_read, i13 0" [firmware/nnet_utils/nnet_activation.h:45]   --->   Operation 199 'icmp' 'icmp_ln45_70' <Predicate = true> <Delay = 0.75> <CoreInst = "Cmp">   --->   Core 9 'Cmp' <Latency = 0> <II = 1> <Delay = 0.75> <FuncUnit> <Opcode : 'seteq' 'setne' 'setle' 'setge' 'setlt' 'setgt'> <InPorts = 2> <OutPorts = 1>
ST_1 : Operation 200 [1/1] (0.00ns)   --->   "%trunc_ln46_70 = trunc i13 %data_60_val_read" [firmware/nnet_utils/nnet_activation.h:46]   --->   Operation 200 'trunc' 'trunc_ln46_70' <Predicate = (icmp_ln45_70)> <Delay = 0.00>
ST_1 : Operation 201 [1/1] (0.30ns)   --->   "%select_ln45_70 = select i1 %icmp_ln45_70, i11 %trunc_ln46_70, i11 0" [firmware/nnet_utils/nnet_activation.h:45]   --->   Operation 201 'select' 'select_ln45_70' <Predicate = true> <Delay = 0.30> <CoreInst = "Sel">   --->   Core 73 'Sel' <Latency = 0> <II = 1> <Delay = 0.30> <FuncUnit> <Opcode : 'select'> <InPorts = 3> <OutPorts = 1>
ST_1 : Operation 202 [1/1] (0.75ns)   --->   "%icmp_ln45_71 = icmp_sgt  i13 %data_61_val_read, i13 0" [firmware/nnet_utils/nnet_activation.h:45]   --->   Operation 202 'icmp' 'icmp_ln45_71' <Predicate = true> <Delay = 0.75> <CoreInst = "Cmp">   --->   Core 9 'Cmp' <Latency = 0> <II = 1> <Delay = 0.75> <FuncUnit> <Opcode : 'seteq' 'setne' 'setle' 'setge' 'setlt' 'setgt'> <InPorts = 2> <OutPorts = 1>
ST_1 : Operation 203 [1/1] (0.00ns)   --->   "%trunc_ln46_71 = trunc i13 %data_61_val_read" [firmware/nnet_utils/nnet_activation.h:46]   --->   Operation 203 'trunc' 'trunc_ln46_71' <Predicate = (icmp_ln45_71)> <Delay = 0.00>
ST_1 : Operation 204 [1/1] (0.30ns)   --->   "%select_ln45_71 = select i1 %icmp_ln45_71, i11 %trunc_ln46_71, i11 0" [firmware/nnet_utils/nnet_activation.h:45]   --->   Operation 204 'select' 'select_ln45_71' <Predicate = true> <Delay = 0.30> <CoreInst = "Sel">   --->   Core 73 'Sel' <Latency = 0> <II = 1> <Delay = 0.30> <FuncUnit> <Opcode : 'select'> <InPorts = 3> <OutPorts = 1>
ST_1 : Operation 205 [1/1] (0.75ns)   --->   "%icmp_ln45_72 = icmp_sgt  i13 %data_62_val_read, i13 0" [firmware/nnet_utils/nnet_activation.h:45]   --->   Operation 205 'icmp' 'icmp_ln45_72' <Predicate = true> <Delay = 0.75> <CoreInst = "Cmp">   --->   Core 9 'Cmp' <Latency = 0> <II = 1> <Delay = 0.75> <FuncUnit> <Opcode : 'seteq' 'setne' 'setle' 'setge' 'setlt' 'setgt'> <InPorts = 2> <OutPorts = 1>
ST_1 : Operation 206 [1/1] (0.00ns)   --->   "%trunc_ln46_72 = trunc i13 %data_62_val_read" [firmware/nnet_utils/nnet_activation.h:46]   --->   Operation 206 'trunc' 'trunc_ln46_72' <Predicate = (icmp_ln45_72)> <Delay = 0.00>
ST_1 : Operation 207 [1/1] (0.30ns)   --->   "%select_ln45_72 = select i1 %icmp_ln45_72, i11 %trunc_ln46_72, i11 0" [firmware/nnet_utils/nnet_activation.h:45]   --->   Operation 207 'select' 'select_ln45_72' <Predicate = true> <Delay = 0.30> <CoreInst = "Sel">   --->   Core 73 'Sel' <Latency = 0> <II = 1> <Delay = 0.30> <FuncUnit> <Opcode : 'select'> <InPorts = 3> <OutPorts = 1>
ST_1 : Operation 208 [1/1] (0.75ns)   --->   "%icmp_ln45_73 = icmp_sgt  i13 %data_63_val_read, i13 0" [firmware/nnet_utils/nnet_activation.h:45]   --->   Operation 208 'icmp' 'icmp_ln45_73' <Predicate = true> <Delay = 0.75> <CoreInst = "Cmp">   --->   Core 9 'Cmp' <Latency = 0> <II = 1> <Delay = 0.75> <FuncUnit> <Opcode : 'seteq' 'setne' 'setle' 'setge' 'setlt' 'setgt'> <InPorts = 2> <OutPorts = 1>
ST_1 : Operation 209 [1/1] (0.00ns)   --->   "%trunc_ln46_73 = trunc i13 %data_63_val_read" [firmware/nnet_utils/nnet_activation.h:46]   --->   Operation 209 'trunc' 'trunc_ln46_73' <Predicate = (icmp_ln45_73)> <Delay = 0.00>
ST_1 : Operation 210 [1/1] (0.30ns)   --->   "%select_ln45_73 = select i1 %icmp_ln45_73, i11 %trunc_ln46_73, i11 0" [firmware/nnet_utils/nnet_activation.h:45]   --->   Operation 210 'select' 'select_ln45_73' <Predicate = true> <Delay = 0.30> <CoreInst = "Sel">   --->   Core 73 'Sel' <Latency = 0> <II = 1> <Delay = 0.30> <FuncUnit> <Opcode : 'select'> <InPorts = 3> <OutPorts = 1>
ST_1 : Operation 211 [1/1] (0.00ns)   --->   "%newret = insertvalue i572 <undef>, i11 %select_ln45" [firmware/nnet_utils/nnet_activation.h:45]   --->   Operation 211 'insertvalue' 'newret' <Predicate = true> <Delay = 0.00>
ST_1 : Operation 212 [1/1] (0.00ns)   --->   "%newret2 = insertvalue i572 %newret, i11 %select_ln45_23" [firmware/nnet_utils/nnet_activation.h:45]   --->   Operation 212 'insertvalue' 'newret2' <Predicate = true> <Delay = 0.00>
ST_1 : Operation 213 [1/1] (0.00ns)   --->   "%newret4 = insertvalue i572 %newret2, i11 %select_ln45_24" [firmware/nnet_utils/nnet_activation.h:45]   --->   Operation 213 'insertvalue' 'newret4' <Predicate = true> <Delay = 0.00>
ST_1 : Operation 214 [1/1] (0.00ns)   --->   "%newret6 = insertvalue i572 %newret4, i11 %select_ln45_25" [firmware/nnet_utils/nnet_activation.h:45]   --->   Operation 214 'insertvalue' 'newret6' <Predicate = true> <Delay = 0.00>
ST_1 : Operation 215 [1/1] (0.00ns)   --->   "%newret8 = insertvalue i572 %newret6, i11 %select_ln45_26" [firmware/nnet_utils/nnet_activation.h:45]   --->   Operation 215 'insertvalue' 'newret8' <Predicate = true> <Delay = 0.00>
ST_1 : Operation 216 [1/1] (0.00ns)   --->   "%newret10 = insertvalue i572 %newret8, i11 %select_ln45_27" [firmware/nnet_utils/nnet_activation.h:45]   --->   Operation 216 'insertvalue' 'newret10' <Predicate = true> <Delay = 0.00>
ST_1 : Operation 217 [1/1] (0.00ns)   --->   "%newret12 = insertvalue i572 %newret10, i11 %select_ln45_28" [firmware/nnet_utils/nnet_activation.h:45]   --->   Operation 217 'insertvalue' 'newret12' <Predicate = true> <Delay = 0.00>
ST_1 : Operation 218 [1/1] (0.00ns)   --->   "%newret14 = insertvalue i572 %newret12, i11 %select_ln45_29" [firmware/nnet_utils/nnet_activation.h:45]   --->   Operation 218 'insertvalue' 'newret14' <Predicate = true> <Delay = 0.00>
ST_1 : Operation 219 [1/1] (0.00ns)   --->   "%newret16 = insertvalue i572 %newret14, i11 %select_ln45_30" [firmware/nnet_utils/nnet_activation.h:45]   --->   Operation 219 'insertvalue' 'newret16' <Predicate = true> <Delay = 0.00>
ST_1 : Operation 220 [1/1] (0.00ns)   --->   "%newret18 = insertvalue i572 %newret16, i11 %select_ln45_31" [firmware/nnet_utils/nnet_activation.h:45]   --->   Operation 220 'insertvalue' 'newret18' <Predicate = true> <Delay = 0.00>
ST_1 : Operation 221 [1/1] (0.00ns)   --->   "%newret20 = insertvalue i572 %newret18, i11 %select_ln45_32" [firmware/nnet_utils/nnet_activation.h:45]   --->   Operation 221 'insertvalue' 'newret20' <Predicate = true> <Delay = 0.00>
ST_1 : Operation 222 [1/1] (0.00ns)   --->   "%newret22 = insertvalue i572 %newret20, i11 %select_ln45_33" [firmware/nnet_utils/nnet_activation.h:45]   --->   Operation 222 'insertvalue' 'newret22' <Predicate = true> <Delay = 0.00>
ST_1 : Operation 223 [1/1] (0.00ns)   --->   "%newret23 = insertvalue i572 %newret22, i11 %select_ln45_34" [firmware/nnet_utils/nnet_activation.h:45]   --->   Operation 223 'insertvalue' 'newret23' <Predicate = true> <Delay = 0.00>
ST_1 : Operation 224 [1/1] (0.00ns)   --->   "%newret24 = insertvalue i572 %newret23, i11 %select_ln45_35" [firmware/nnet_utils/nnet_activation.h:45]   --->   Operation 224 'insertvalue' 'newret24' <Predicate = true> <Delay = 0.00>
ST_1 : Operation 225 [1/1] (0.00ns)   --->   "%newret25 = insertvalue i572 %newret24, i11 %select_ln45_36" [firmware/nnet_utils/nnet_activation.h:45]   --->   Operation 225 'insertvalue' 'newret25' <Predicate = true> <Delay = 0.00>
ST_1 : Operation 226 [1/1] (0.00ns)   --->   "%newret26 = insertvalue i572 %newret25, i11 %select_ln45_37" [firmware/nnet_utils/nnet_activation.h:45]   --->   Operation 226 'insertvalue' 'newret26' <Predicate = true> <Delay = 0.00>
ST_1 : Operation 227 [1/1] (0.00ns)   --->   "%newret27 = insertvalue i572 %newret26, i11 %select_ln45_38" [firmware/nnet_utils/nnet_activation.h:45]   --->   Operation 227 'insertvalue' 'newret27' <Predicate = true> <Delay = 0.00>
ST_1 : Operation 228 [1/1] (0.00ns)   --->   "%newret28 = insertvalue i572 %newret27, i11 %select_ln45_39" [firmware/nnet_utils/nnet_activation.h:45]   --->   Operation 228 'insertvalue' 'newret28' <Predicate = true> <Delay = 0.00>
ST_1 : Operation 229 [1/1] (0.00ns)   --->   "%newret29 = insertvalue i572 %newret28, i11 %select_ln45_40" [firmware/nnet_utils/nnet_activation.h:45]   --->   Operation 229 'insertvalue' 'newret29' <Predicate = true> <Delay = 0.00>
ST_1 : Operation 230 [1/1] (0.00ns)   --->   "%newret30 = insertvalue i572 %newret29, i11 %select_ln45_41" [firmware/nnet_utils/nnet_activation.h:45]   --->   Operation 230 'insertvalue' 'newret30' <Predicate = true> <Delay = 0.00>
ST_1 : Operation 231 [1/1] (0.00ns)   --->   "%newret31 = insertvalue i572 %newret30, i11 %select_ln45_42" [firmware/nnet_utils/nnet_activation.h:45]   --->   Operation 231 'insertvalue' 'newret31' <Predicate = true> <Delay = 0.00>
ST_1 : Operation 232 [1/1] (0.00ns)   --->   "%newret32 = insertvalue i572 %newret31, i11 %select_ln45_43" [firmware/nnet_utils/nnet_activation.h:45]   --->   Operation 232 'insertvalue' 'newret32' <Predicate = true> <Delay = 0.00>
ST_1 : Operation 233 [1/1] (0.00ns)   --->   "%newret33 = insertvalue i572 %newret32, i11 %select_ln45_44" [firmware/nnet_utils/nnet_activation.h:45]   --->   Operation 233 'insertvalue' 'newret33' <Predicate = true> <Delay = 0.00>
ST_1 : Operation 234 [1/1] (0.00ns)   --->   "%newret34 = insertvalue i572 %newret33, i11 %select_ln45_45" [firmware/nnet_utils/nnet_activation.h:45]   --->   Operation 234 'insertvalue' 'newret34' <Predicate = true> <Delay = 0.00>
ST_1 : Operation 235 [1/1] (0.00ns)   --->   "%newret35 = insertvalue i572 %newret34, i11 %select_ln45_46" [firmware/nnet_utils/nnet_activation.h:45]   --->   Operation 235 'insertvalue' 'newret35' <Predicate = true> <Delay = 0.00>
ST_1 : Operation 236 [1/1] (0.00ns)   --->   "%newret36 = insertvalue i572 %newret35, i11 %select_ln45_47" [firmware/nnet_utils/nnet_activation.h:45]   --->   Operation 236 'insertvalue' 'newret36' <Predicate = true> <Delay = 0.00>
ST_1 : Operation 237 [1/1] (0.00ns)   --->   "%newret37 = insertvalue i572 %newret36, i11 %select_ln45_48" [firmware/nnet_utils/nnet_activation.h:45]   --->   Operation 237 'insertvalue' 'newret37' <Predicate = true> <Delay = 0.00>
ST_1 : Operation 238 [1/1] (0.00ns)   --->   "%newret38 = insertvalue i572 %newret37, i11 %select_ln45_49" [firmware/nnet_utils/nnet_activation.h:45]   --->   Operation 238 'insertvalue' 'newret38' <Predicate = true> <Delay = 0.00>
ST_1 : Operation 239 [1/1] (0.00ns)   --->   "%newret39 = insertvalue i572 %newret38, i11 %select_ln45_50" [firmware/nnet_utils/nnet_activation.h:45]   --->   Operation 239 'insertvalue' 'newret39' <Predicate = true> <Delay = 0.00>
ST_1 : Operation 240 [1/1] (0.00ns)   --->   "%newret40 = insertvalue i572 %newret39, i11 %select_ln45_51" [firmware/nnet_utils/nnet_activation.h:45]   --->   Operation 240 'insertvalue' 'newret40' <Predicate = true> <Delay = 0.00>
ST_1 : Operation 241 [1/1] (0.00ns)   --->   "%newret41 = insertvalue i572 %newret40, i11 %select_ln45_52" [firmware/nnet_utils/nnet_activation.h:45]   --->   Operation 241 'insertvalue' 'newret41' <Predicate = true> <Delay = 0.00>
ST_1 : Operation 242 [1/1] (0.00ns)   --->   "%newret42 = insertvalue i572 %newret41, i11 %select_ln45_53" [firmware/nnet_utils/nnet_activation.h:45]   --->   Operation 242 'insertvalue' 'newret42' <Predicate = true> <Delay = 0.00>
ST_1 : Operation 243 [1/1] (0.00ns)   --->   "%newret43 = insertvalue i572 %newret42, i11 %select_ln45_54" [firmware/nnet_utils/nnet_activation.h:45]   --->   Operation 243 'insertvalue' 'newret43' <Predicate = true> <Delay = 0.00>
ST_1 : Operation 244 [1/1] (0.00ns)   --->   "%newret44 = insertvalue i572 %newret43, i11 %select_ln45_55" [firmware/nnet_utils/nnet_activation.h:45]   --->   Operation 244 'insertvalue' 'newret44' <Predicate = true> <Delay = 0.00>
ST_1 : Operation 245 [1/1] (0.00ns)   --->   "%newret45 = insertvalue i572 %newret44, i11 %select_ln45_56" [firmware/nnet_utils/nnet_activation.h:45]   --->   Operation 245 'insertvalue' 'newret45' <Predicate = true> <Delay = 0.00>
ST_1 : Operation 246 [1/1] (0.00ns)   --->   "%newret46 = insertvalue i572 %newret45, i11 %select_ln45_57" [firmware/nnet_utils/nnet_activation.h:45]   --->   Operation 246 'insertvalue' 'newret46' <Predicate = true> <Delay = 0.00>
ST_1 : Operation 247 [1/1] (0.00ns)   --->   "%newret47 = insertvalue i572 %newret46, i11 %select_ln45_58" [firmware/nnet_utils/nnet_activation.h:45]   --->   Operation 247 'insertvalue' 'newret47' <Predicate = true> <Delay = 0.00>
ST_1 : Operation 248 [1/1] (0.00ns)   --->   "%newret48 = insertvalue i572 %newret47, i11 %select_ln45_59" [firmware/nnet_utils/nnet_activation.h:45]   --->   Operation 248 'insertvalue' 'newret48' <Predicate = true> <Delay = 0.00>
ST_1 : Operation 249 [1/1] (0.00ns)   --->   "%newret49 = insertvalue i572 %newret48, i11 %select_ln45_60" [firmware/nnet_utils/nnet_activation.h:45]   --->   Operation 249 'insertvalue' 'newret49' <Predicate = true> <Delay = 0.00>
ST_1 : Operation 250 [1/1] (0.00ns)   --->   "%newret50 = insertvalue i572 %newret49, i11 %select_ln45_61" [firmware/nnet_utils/nnet_activation.h:45]   --->   Operation 250 'insertvalue' 'newret50' <Predicate = true> <Delay = 0.00>
ST_1 : Operation 251 [1/1] (0.00ns)   --->   "%newret51 = insertvalue i572 %newret50, i11 %select_ln45_62" [firmware/nnet_utils/nnet_activation.h:45]   --->   Operation 251 'insertvalue' 'newret51' <Predicate = true> <Delay = 0.00>
ST_1 : Operation 252 [1/1] (0.00ns)   --->   "%newret52 = insertvalue i572 %newret51, i11 %select_ln45_63" [firmware/nnet_utils/nnet_activation.h:45]   --->   Operation 252 'insertvalue' 'newret52' <Predicate = true> <Delay = 0.00>
ST_1 : Operation 253 [1/1] (0.00ns)   --->   "%newret53 = insertvalue i572 %newret52, i11 %select_ln45_64" [firmware/nnet_utils/nnet_activation.h:45]   --->   Operation 253 'insertvalue' 'newret53' <Predicate = true> <Delay = 0.00>
ST_1 : Operation 254 [1/1] (0.00ns)   --->   "%newret54 = insertvalue i572 %newret53, i11 %select_ln45_65" [firmware/nnet_utils/nnet_activation.h:45]   --->   Operation 254 'insertvalue' 'newret54' <Predicate = true> <Delay = 0.00>
ST_1 : Operation 255 [1/1] (0.00ns)   --->   "%newret55 = insertvalue i572 %newret54, i11 %select_ln45_66" [firmware/nnet_utils/nnet_activation.h:45]   --->   Operation 255 'insertvalue' 'newret55' <Predicate = true> <Delay = 0.00>
ST_1 : Operation 256 [1/1] (0.00ns)   --->   "%newret56 = insertvalue i572 %newret55, i11 %select_ln45_67" [firmware/nnet_utils/nnet_activation.h:45]   --->   Operation 256 'insertvalue' 'newret56' <Predicate = true> <Delay = 0.00>
ST_1 : Operation 257 [1/1] (0.00ns)   --->   "%newret57 = insertvalue i572 %newret56, i11 %select_ln45_68" [firmware/nnet_utils/nnet_activation.h:45]   --->   Operation 257 'insertvalue' 'newret57' <Predicate = true> <Delay = 0.00>
ST_1 : Operation 258 [1/1] (0.00ns)   --->   "%newret58 = insertvalue i572 %newret57, i11 %select_ln45_69" [firmware/nnet_utils/nnet_activation.h:45]   --->   Operation 258 'insertvalue' 'newret58' <Predicate = true> <Delay = 0.00>
ST_1 : Operation 259 [1/1] (0.00ns)   --->   "%newret59 = insertvalue i572 %newret58, i11 %select_ln45_70" [firmware/nnet_utils/nnet_activation.h:45]   --->   Operation 259 'insertvalue' 'newret59' <Predicate = true> <Delay = 0.00>
ST_1 : Operation 260 [1/1] (0.00ns)   --->   "%newret60 = insertvalue i572 %newret59, i11 %select_ln45_71" [firmware/nnet_utils/nnet_activation.h:45]   --->   Operation 260 'insertvalue' 'newret60' <Predicate = true> <Delay = 0.00>
ST_1 : Operation 261 [1/1] (0.00ns)   --->   "%newret61 = insertvalue i572 %newret60, i11 %select_ln45_72" [firmware/nnet_utils/nnet_activation.h:45]   --->   Operation 261 'insertvalue' 'newret61' <Predicate = true> <Delay = 0.00>
ST_1 : Operation 262 [1/1] (0.00ns)   --->   "%newret62 = insertvalue i572 %newret61, i11 %select_ln45_73" [firmware/nnet_utils/nnet_activation.h:45]   --->   Operation 262 'insertvalue' 'newret62' <Predicate = true> <Delay = 0.00>
ST_1 : Operation 263 [1/1] (0.00ns)   --->   "%ret_ln45 = ret i572 %newret62" [firmware/nnet_utils/nnet_activation.h:45]   --->   Operation 263 'ret' 'ret_ln45' <Predicate = true> <Delay = 0.00>


============================================================
+ Verbose Summary: Timing violations
============================================================
Target clock period: 5.000ns, clock uncertainty: 1.350ns.

 <State 1>: 1.056ns
The critical path consists of the following:
	wire read operation ('data_0_val_read', firmware/nnet_utils/nnet_activation.h:42) on port 'data_0_val' (firmware/nnet_utils/nnet_activation.h:42) [105]  (0.000 ns)
	'icmp' operation 1 bit ('icmp_ln45', firmware/nnet_utils/nnet_activation.h:45) [106]  (0.755 ns)
	'select' operation 11 bit ('select_ln45', firmware/nnet_utils/nnet_activation.h:45) [108]  (0.301 ns)


============================================================
+ Verbose Summary: Binding
============================================================
N/A
* FSMD analyzer results:
  - Output states:
 - Input state : 
  - Chain level:
	State 1


============================================================
+ Verbose Summary: Datapath Resource usage 
============================================================
N/A
