

================================================================
== Vitis HLS Report for 'relu_ap_fixed_13_9_5_3_0_ap_ufixed_10_6_5_3_0_ReLU_config16_s'
================================================================
* Date:           Wed Feb 26 01:33:18 2025

* Version:        2024.1 (Build 5069499 on May 21 2024)
* Project:        myproject_prj
* Solution:       solution1 (Vivado IP Flow Target)
* Product family: virtexuplusHBM
* Target device:  xcu50-fsvh2104-2-e


================================================================
== Performance Estimates
================================================================
+ Timing: 
    * Summary: 
    +--------+---------+----------+------------+
    |  Clock |  Target | Estimated| Uncertainty|
    +--------+---------+----------+------------+
    |ap_clk  |  5.00 ns|  1.058 ns|     1.35 ns|
    +--------+---------+----------+------------+

+ Latency: 
    * Summary: 
    +---------+---------+----------+----------+-----+-----+---------+
    |  Latency (cycles) |  Latency (absolute) |  Interval | Pipeline|
    |   min   |   max   |    min   |    max   | min | max |   Type  |
    +---------+---------+----------+----------+-----+-----+---------+
    |        0|        0|      0 ns|      0 ns|    1|    1|      yes|
    +---------+---------+----------+----------+-----+-----+---------+

    + Detail: 
        * Instance: 
        N/A

        * Loop: 
        N/A

============================================================
+ Verbose Summary: Synthesis Manager
============================================================
InlineROM: 1
ExposeGlobal: 0
============================================================
+ Verbose Summary: CDFG Model
============================================================
IsTopModel: 0
ResetActiveHigh: 1
IsCombinational: 0
IsDatapathOnly: 0
HasWiredReturn: 1
HasMFsm: 2
HasVarLatency: 0
IsPipeline: 1
IsRtlPipelined: 0
IsInstanceOverlapped: 0
IsDontTouch: 0
HasImplIP: 0
IsGatedGlobalClock: 0

+ Individual pipeline summary: 
  * Pipeline-0: initiation interval (II) = 1, depth = 1


============================================================
+ Verbose Summary: Schedule
============================================================
* Number of FSM states : 1
* Pipeline : 1
  Pipeline-0 : II = 1, D = 1, States = { 1 }
* Dataflow Pipeline: 0

* FSM state transitions: 
1 --> 

* FSM state operations: 

State 1 <SV = 0> <Delay = 1.05>
ST_1 : Operation 2 [1/1] (0.00ns)   --->   "%specpipeline_ln42 = specpipeline void @_ssdm_op_SpecPipeline, i32 4294967295, i32 0, i32 0, i32 0, void @empty_0" [firmware/nnet_utils/nnet_activation.h:42]   --->   Operation 2 'specpipeline' 'specpipeline_ln42' <Predicate = true> <Delay = 0.00>
ST_1 : Operation 3 [1/1] (0.00ns)   --->   "%data_30_val_read = read i13 @_ssdm_op_Read.ap_auto.i13, i13 %data_30_val" [firmware/nnet_utils/nnet_activation.h:42]   --->   Operation 3 'read' 'data_30_val_read' <Predicate = true> <Delay = 0.00>
ST_1 : Operation 4 [1/1] (0.00ns)   --->   "%data_28_val_read = read i13 @_ssdm_op_Read.ap_auto.i13, i13 %data_28_val" [firmware/nnet_utils/nnet_activation.h:42]   --->   Operation 4 'read' 'data_28_val_read' <Predicate = true> <Delay = 0.00>
ST_1 : Operation 5 [1/1] (0.00ns)   --->   "%data_27_val_read = read i13 @_ssdm_op_Read.ap_auto.i13, i13 %data_27_val" [firmware/nnet_utils/nnet_activation.h:42]   --->   Operation 5 'read' 'data_27_val_read' <Predicate = true> <Delay = 0.00>
ST_1 : Operation 6 [1/1] (0.00ns)   --->   "%data_26_val_read = read i13 @_ssdm_op_Read.ap_auto.i13, i13 %data_26_val" [firmware/nnet_utils/nnet_activation.h:42]   --->   Operation 6 'read' 'data_26_val_read' <Predicate = true> <Delay = 0.00>
ST_1 : Operation 7 [1/1] (0.00ns)   --->   "%data_25_val_read = read i13 @_ssdm_op_Read.ap_auto.i13, i13 %data_25_val" [firmware/nnet_utils/nnet_activation.h:42]   --->   Operation 7 'read' 'data_25_val_read' <Predicate = true> <Delay = 0.00>
ST_1 : Operation 8 [1/1] (0.00ns)   --->   "%data_24_val_read = read i13 @_ssdm_op_Read.ap_auto.i13, i13 %data_24_val" [firmware/nnet_utils/nnet_activation.h:42]   --->   Operation 8 'read' 'data_24_val_read' <Predicate = true> <Delay = 0.00>
ST_1 : Operation 9 [1/1] (0.00ns)   --->   "%data_22_val_read = read i13 @_ssdm_op_Read.ap_auto.i13, i13 %data_22_val" [firmware/nnet_utils/nnet_activation.h:42]   --->   Operation 9 'read' 'data_22_val_read' <Predicate = true> <Delay = 0.00>
ST_1 : Operation 10 [1/1] (0.00ns)   --->   "%data_21_val_read = read i13 @_ssdm_op_Read.ap_auto.i13, i13 %data_21_val" [firmware/nnet_utils/nnet_activation.h:42]   --->   Operation 10 'read' 'data_21_val_read' <Predicate = true> <Delay = 0.00>
ST_1 : Operation 11 [1/1] (0.00ns)   --->   "%data_20_val_read = read i13 @_ssdm_op_Read.ap_auto.i13, i13 %data_20_val" [firmware/nnet_utils/nnet_activation.h:42]   --->   Operation 11 'read' 'data_20_val_read' <Predicate = true> <Delay = 0.00>
ST_1 : Operation 12 [1/1] (0.00ns)   --->   "%data_19_val_read = read i13 @_ssdm_op_Read.ap_auto.i13, i13 %data_19_val" [firmware/nnet_utils/nnet_activation.h:42]   --->   Operation 12 'read' 'data_19_val_read' <Predicate = true> <Delay = 0.00>
ST_1 : Operation 13 [1/1] (0.00ns)   --->   "%data_18_val_read = read i13 @_ssdm_op_Read.ap_auto.i13, i13 %data_18_val" [firmware/nnet_utils/nnet_activation.h:42]   --->   Operation 13 'read' 'data_18_val_read' <Predicate = true> <Delay = 0.00>
ST_1 : Operation 14 [1/1] (0.00ns)   --->   "%data_15_val_read = read i13 @_ssdm_op_Read.ap_auto.i13, i13 %data_15_val" [firmware/nnet_utils/nnet_activation.h:42]   --->   Operation 14 'read' 'data_15_val_read' <Predicate = true> <Delay = 0.00>
ST_1 : Operation 15 [1/1] (0.00ns)   --->   "%data_14_val_read = read i13 @_ssdm_op_Read.ap_auto.i13, i13 %data_14_val" [firmware/nnet_utils/nnet_activation.h:42]   --->   Operation 15 'read' 'data_14_val_read' <Predicate = true> <Delay = 0.00>
ST_1 : Operation 16 [1/1] (0.00ns)   --->   "%data_13_val_read = read i13 @_ssdm_op_Read.ap_auto.i13, i13 %data_13_val" [firmware/nnet_utils/nnet_activation.h:42]   --->   Operation 16 'read' 'data_13_val_read' <Predicate = true> <Delay = 0.00>
ST_1 : Operation 17 [1/1] (0.00ns)   --->   "%data_12_val_read = read i13 @_ssdm_op_Read.ap_auto.i13, i13 %data_12_val" [firmware/nnet_utils/nnet_activation.h:42]   --->   Operation 17 'read' 'data_12_val_read' <Predicate = true> <Delay = 0.00>
ST_1 : Operation 18 [1/1] (0.00ns)   --->   "%data_11_val_read = read i13 @_ssdm_op_Read.ap_auto.i13, i13 %data_11_val" [firmware/nnet_utils/nnet_activation.h:42]   --->   Operation 18 'read' 'data_11_val_read' <Predicate = true> <Delay = 0.00>
ST_1 : Operation 19 [1/1] (0.00ns)   --->   "%data_8_val_read = read i13 @_ssdm_op_Read.ap_auto.i13, i13 %data_8_val" [firmware/nnet_utils/nnet_activation.h:42]   --->   Operation 19 'read' 'data_8_val_read' <Predicate = true> <Delay = 0.00>
ST_1 : Operation 20 [1/1] (0.00ns)   --->   "%data_7_val_read = read i13 @_ssdm_op_Read.ap_auto.i13, i13 %data_7_val" [firmware/nnet_utils/nnet_activation.h:42]   --->   Operation 20 'read' 'data_7_val_read' <Predicate = true> <Delay = 0.00>
ST_1 : Operation 21 [1/1] (0.00ns)   --->   "%data_6_val_read = read i13 @_ssdm_op_Read.ap_auto.i13, i13 %data_6_val" [firmware/nnet_utils/nnet_activation.h:42]   --->   Operation 21 'read' 'data_6_val_read' <Predicate = true> <Delay = 0.00>
ST_1 : Operation 22 [1/1] (0.00ns)   --->   "%data_3_val_read = read i13 @_ssdm_op_Read.ap_auto.i13, i13 %data_3_val" [firmware/nnet_utils/nnet_activation.h:42]   --->   Operation 22 'read' 'data_3_val_read' <Predicate = true> <Delay = 0.00>
ST_1 : Operation 23 [1/1] (0.00ns)   --->   "%data_2_val_read = read i13 @_ssdm_op_Read.ap_auto.i13, i13 %data_2_val" [firmware/nnet_utils/nnet_activation.h:42]   --->   Operation 23 'read' 'data_2_val_read' <Predicate = true> <Delay = 0.00>
ST_1 : Operation 24 [1/1] (0.00ns)   --->   "%data_1_val_read = read i13 @_ssdm_op_Read.ap_auto.i13, i13 %data_1_val" [firmware/nnet_utils/nnet_activation.h:42]   --->   Operation 24 'read' 'data_1_val_read' <Predicate = true> <Delay = 0.00>
ST_1 : Operation 25 [1/1] (0.00ns)   --->   "%data_0_val_read = read i13 @_ssdm_op_Read.ap_auto.i13, i13 %data_0_val" [firmware/nnet_utils/nnet_activation.h:42]   --->   Operation 25 'read' 'data_0_val_read' <Predicate = true> <Delay = 0.00>
ST_1 : Operation 26 [1/1] (0.75ns)   --->   "%icmp_ln45 = icmp_sgt  i13 %data_0_val_read, i13 0" [firmware/nnet_utils/nnet_activation.h:45]   --->   Operation 26 'icmp' 'icmp_ln45' <Predicate = true> <Delay = 0.75> <CoreInst = "Cmp">   --->   Core 9 'Cmp' <Latency = 0> <II = 1> <Delay = 0.75> <FuncUnit> <Opcode : 'seteq' 'setne' 'setle' 'setge' 'setlt' 'setgt'> <InPorts = 2> <OutPorts = 1>
ST_1 : Operation 27 [1/1] (0.00ns)   --->   "%trunc_ln46 = trunc i13 %data_0_val_read" [firmware/nnet_utils/nnet_activation.h:46]   --->   Operation 27 'trunc' 'trunc_ln46' <Predicate = (icmp_ln45)> <Delay = 0.00>
ST_1 : Operation 28 [1/1] (0.30ns)   --->   "%select_ln45 = select i1 %icmp_ln45, i10 %trunc_ln46, i10 0" [firmware/nnet_utils/nnet_activation.h:45]   --->   Operation 28 'select' 'select_ln45' <Predicate = true> <Delay = 0.30> <CoreInst = "Sel">   --->   Core 73 'Sel' <Latency = 0> <II = 1> <Delay = 0.30> <FuncUnit> <Opcode : 'select'> <InPorts = 3> <OutPorts = 1>
ST_1 : Operation 29 [1/1] (0.75ns)   --->   "%icmp_ln45_1 = icmp_sgt  i13 %data_1_val_read, i13 0" [firmware/nnet_utils/nnet_activation.h:45]   --->   Operation 29 'icmp' 'icmp_ln45_1' <Predicate = true> <Delay = 0.75> <CoreInst = "Cmp">   --->   Core 9 'Cmp' <Latency = 0> <II = 1> <Delay = 0.75> <FuncUnit> <Opcode : 'seteq' 'setne' 'setle' 'setge' 'setlt' 'setgt'> <InPorts = 2> <OutPorts = 1>
ST_1 : Operation 30 [1/1] (0.00ns)   --->   "%trunc_ln46_1 = trunc i13 %data_1_val_read" [firmware/nnet_utils/nnet_activation.h:46]   --->   Operation 30 'trunc' 'trunc_ln46_1' <Predicate = (icmp_ln45_1)> <Delay = 0.00>
ST_1 : Operation 31 [1/1] (0.30ns)   --->   "%select_ln45_1 = select i1 %icmp_ln45_1, i10 %trunc_ln46_1, i10 0" [firmware/nnet_utils/nnet_activation.h:45]   --->   Operation 31 'select' 'select_ln45_1' <Predicate = true> <Delay = 0.30> <CoreInst = "Sel">   --->   Core 73 'Sel' <Latency = 0> <II = 1> <Delay = 0.30> <FuncUnit> <Opcode : 'select'> <InPorts = 3> <OutPorts = 1>
ST_1 : Operation 32 [1/1] (0.75ns)   --->   "%icmp_ln45_2 = icmp_sgt  i13 %data_2_val_read, i13 0" [firmware/nnet_utils/nnet_activation.h:45]   --->   Operation 32 'icmp' 'icmp_ln45_2' <Predicate = true> <Delay = 0.75> <CoreInst = "Cmp">   --->   Core 9 'Cmp' <Latency = 0> <II = 1> <Delay = 0.75> <FuncUnit> <Opcode : 'seteq' 'setne' 'setle' 'setge' 'setlt' 'setgt'> <InPorts = 2> <OutPorts = 1>
ST_1 : Operation 33 [1/1] (0.00ns)   --->   "%trunc_ln46_2 = trunc i13 %data_2_val_read" [firmware/nnet_utils/nnet_activation.h:46]   --->   Operation 33 'trunc' 'trunc_ln46_2' <Predicate = (icmp_ln45_2)> <Delay = 0.00>
ST_1 : Operation 34 [1/1] (0.30ns)   --->   "%select_ln45_2 = select i1 %icmp_ln45_2, i10 %trunc_ln46_2, i10 0" [firmware/nnet_utils/nnet_activation.h:45]   --->   Operation 34 'select' 'select_ln45_2' <Predicate = true> <Delay = 0.30> <CoreInst = "Sel">   --->   Core 73 'Sel' <Latency = 0> <II = 1> <Delay = 0.30> <FuncUnit> <Opcode : 'select'> <InPorts = 3> <OutPorts = 1>
ST_1 : Operation 35 [1/1] (0.75ns)   --->   "%icmp_ln45_3 = icmp_sgt  i13 %data_3_val_read, i13 0" [firmware/nnet_utils/nnet_activation.h:45]   --->   Operation 35 'icmp' 'icmp_ln45_3' <Predicate = true> <Delay = 0.75> <CoreInst = "Cmp">   --->   Core 9 'Cmp' <Latency = 0> <II = 1> <Delay = 0.75> <FuncUnit> <Opcode : 'seteq' 'setne' 'setle' 'setge' 'setlt' 'setgt'> <InPorts = 2> <OutPorts = 1>
ST_1 : Operation 36 [1/1] (0.00ns)   --->   "%trunc_ln46_3 = trunc i13 %data_3_val_read" [firmware/nnet_utils/nnet_activation.h:46]   --->   Operation 36 'trunc' 'trunc_ln46_3' <Predicate = (icmp_ln45_3)> <Delay = 0.00>
ST_1 : Operation 37 [1/1] (0.30ns)   --->   "%select_ln45_3 = select i1 %icmp_ln45_3, i10 %trunc_ln46_3, i10 0" [firmware/nnet_utils/nnet_activation.h:45]   --->   Operation 37 'select' 'select_ln45_3' <Predicate = true> <Delay = 0.30> <CoreInst = "Sel">   --->   Core 73 'Sel' <Latency = 0> <II = 1> <Delay = 0.30> <FuncUnit> <Opcode : 'select'> <InPorts = 3> <OutPorts = 1>
ST_1 : Operation 38 [1/1] (0.75ns)   --->   "%icmp_ln45_4 = icmp_sgt  i13 %data_6_val_read, i13 0" [firmware/nnet_utils/nnet_activation.h:45]   --->   Operation 38 'icmp' 'icmp_ln45_4' <Predicate = true> <Delay = 0.75> <CoreInst = "Cmp">   --->   Core 9 'Cmp' <Latency = 0> <II = 1> <Delay = 0.75> <FuncUnit> <Opcode : 'seteq' 'setne' 'setle' 'setge' 'setlt' 'setgt'> <InPorts = 2> <OutPorts = 1>
ST_1 : Operation 39 [1/1] (0.00ns)   --->   "%trunc_ln46_4 = trunc i13 %data_6_val_read" [firmware/nnet_utils/nnet_activation.h:46]   --->   Operation 39 'trunc' 'trunc_ln46_4' <Predicate = (icmp_ln45_4)> <Delay = 0.00>
ST_1 : Operation 40 [1/1] (0.30ns)   --->   "%select_ln45_4 = select i1 %icmp_ln45_4, i10 %trunc_ln46_4, i10 0" [firmware/nnet_utils/nnet_activation.h:45]   --->   Operation 40 'select' 'select_ln45_4' <Predicate = true> <Delay = 0.30> <CoreInst = "Sel">   --->   Core 73 'Sel' <Latency = 0> <II = 1> <Delay = 0.30> <FuncUnit> <Opcode : 'select'> <InPorts = 3> <OutPorts = 1>
ST_1 : Operation 41 [1/1] (0.75ns)   --->   "%icmp_ln45_5 = icmp_sgt  i13 %data_7_val_read, i13 0" [firmware/nnet_utils/nnet_activation.h:45]   --->   Operation 41 'icmp' 'icmp_ln45_5' <Predicate = true> <Delay = 0.75> <CoreInst = "Cmp">   --->   Core 9 'Cmp' <Latency = 0> <II = 1> <Delay = 0.75> <FuncUnit> <Opcode : 'seteq' 'setne' 'setle' 'setge' 'setlt' 'setgt'> <InPorts = 2> <OutPorts = 1>
ST_1 : Operation 42 [1/1] (0.00ns)   --->   "%trunc_ln46_5 = trunc i13 %data_7_val_read" [firmware/nnet_utils/nnet_activation.h:46]   --->   Operation 42 'trunc' 'trunc_ln46_5' <Predicate = (icmp_ln45_5)> <Delay = 0.00>
ST_1 : Operation 43 [1/1] (0.30ns)   --->   "%select_ln45_5 = select i1 %icmp_ln45_5, i10 %trunc_ln46_5, i10 0" [firmware/nnet_utils/nnet_activation.h:45]   --->   Operation 43 'select' 'select_ln45_5' <Predicate = true> <Delay = 0.30> <CoreInst = "Sel">   --->   Core 73 'Sel' <Latency = 0> <II = 1> <Delay = 0.30> <FuncUnit> <Opcode : 'select'> <InPorts = 3> <OutPorts = 1>
ST_1 : Operation 44 [1/1] (0.75ns)   --->   "%icmp_ln45_6 = icmp_sgt  i13 %data_8_val_read, i13 0" [firmware/nnet_utils/nnet_activation.h:45]   --->   Operation 44 'icmp' 'icmp_ln45_6' <Predicate = true> <Delay = 0.75> <CoreInst = "Cmp">   --->   Core 9 'Cmp' <Latency = 0> <II = 1> <Delay = 0.75> <FuncUnit> <Opcode : 'seteq' 'setne' 'setle' 'setge' 'setlt' 'setgt'> <InPorts = 2> <OutPorts = 1>
ST_1 : Operation 45 [1/1] (0.00ns)   --->   "%trunc_ln46_6 = trunc i13 %data_8_val_read" [firmware/nnet_utils/nnet_activation.h:46]   --->   Operation 45 'trunc' 'trunc_ln46_6' <Predicate = (icmp_ln45_6)> <Delay = 0.00>
ST_1 : Operation 46 [1/1] (0.30ns)   --->   "%select_ln45_6 = select i1 %icmp_ln45_6, i10 %trunc_ln46_6, i10 0" [firmware/nnet_utils/nnet_activation.h:45]   --->   Operation 46 'select' 'select_ln45_6' <Predicate = true> <Delay = 0.30> <CoreInst = "Sel">   --->   Core 73 'Sel' <Latency = 0> <II = 1> <Delay = 0.30> <FuncUnit> <Opcode : 'select'> <InPorts = 3> <OutPorts = 1>
ST_1 : Operation 47 [1/1] (0.75ns)   --->   "%icmp_ln45_7 = icmp_sgt  i13 %data_11_val_read, i13 0" [firmware/nnet_utils/nnet_activation.h:45]   --->   Operation 47 'icmp' 'icmp_ln45_7' <Predicate = true> <Delay = 0.75> <CoreInst = "Cmp">   --->   Core 9 'Cmp' <Latency = 0> <II = 1> <Delay = 0.75> <FuncUnit> <Opcode : 'seteq' 'setne' 'setle' 'setge' 'setlt' 'setgt'> <InPorts = 2> <OutPorts = 1>
ST_1 : Operation 48 [1/1] (0.00ns)   --->   "%trunc_ln46_7 = trunc i13 %data_11_val_read" [firmware/nnet_utils/nnet_activation.h:46]   --->   Operation 48 'trunc' 'trunc_ln46_7' <Predicate = (icmp_ln45_7)> <Delay = 0.00>
ST_1 : Operation 49 [1/1] (0.30ns)   --->   "%select_ln45_7 = select i1 %icmp_ln45_7, i10 %trunc_ln46_7, i10 0" [firmware/nnet_utils/nnet_activation.h:45]   --->   Operation 49 'select' 'select_ln45_7' <Predicate = true> <Delay = 0.30> <CoreInst = "Sel">   --->   Core 73 'Sel' <Latency = 0> <II = 1> <Delay = 0.30> <FuncUnit> <Opcode : 'select'> <InPorts = 3> <OutPorts = 1>
ST_1 : Operation 50 [1/1] (0.75ns)   --->   "%icmp_ln45_8 = icmp_sgt  i13 %data_12_val_read, i13 0" [firmware/nnet_utils/nnet_activation.h:45]   --->   Operation 50 'icmp' 'icmp_ln45_8' <Predicate = true> <Delay = 0.75> <CoreInst = "Cmp">   --->   Core 9 'Cmp' <Latency = 0> <II = 1> <Delay = 0.75> <FuncUnit> <Opcode : 'seteq' 'setne' 'setle' 'setge' 'setlt' 'setgt'> <InPorts = 2> <OutPorts = 1>
ST_1 : Operation 51 [1/1] (0.00ns)   --->   "%trunc_ln46_8 = trunc i13 %data_12_val_read" [firmware/nnet_utils/nnet_activation.h:46]   --->   Operation 51 'trunc' 'trunc_ln46_8' <Predicate = (icmp_ln45_8)> <Delay = 0.00>
ST_1 : Operation 52 [1/1] (0.30ns)   --->   "%select_ln45_8 = select i1 %icmp_ln45_8, i10 %trunc_ln46_8, i10 0" [firmware/nnet_utils/nnet_activation.h:45]   --->   Operation 52 'select' 'select_ln45_8' <Predicate = true> <Delay = 0.30> <CoreInst = "Sel">   --->   Core 73 'Sel' <Latency = 0> <II = 1> <Delay = 0.30> <FuncUnit> <Opcode : 'select'> <InPorts = 3> <OutPorts = 1>
ST_1 : Operation 53 [1/1] (0.75ns)   --->   "%icmp_ln45_9 = icmp_sgt  i13 %data_13_val_read, i13 0" [firmware/nnet_utils/nnet_activation.h:45]   --->   Operation 53 'icmp' 'icmp_ln45_9' <Predicate = true> <Delay = 0.75> <CoreInst = "Cmp">   --->   Core 9 'Cmp' <Latency = 0> <II = 1> <Delay = 0.75> <FuncUnit> <Opcode : 'seteq' 'setne' 'setle' 'setge' 'setlt' 'setgt'> <InPorts = 2> <OutPorts = 1>
ST_1 : Operation 54 [1/1] (0.00ns)   --->   "%trunc_ln46_9 = trunc i13 %data_13_val_read" [firmware/nnet_utils/nnet_activation.h:46]   --->   Operation 54 'trunc' 'trunc_ln46_9' <Predicate = (icmp_ln45_9)> <Delay = 0.00>
ST_1 : Operation 55 [1/1] (0.30ns)   --->   "%select_ln45_9 = select i1 %icmp_ln45_9, i10 %trunc_ln46_9, i10 0" [firmware/nnet_utils/nnet_activation.h:45]   --->   Operation 55 'select' 'select_ln45_9' <Predicate = true> <Delay = 0.30> <CoreInst = "Sel">   --->   Core 73 'Sel' <Latency = 0> <II = 1> <Delay = 0.30> <FuncUnit> <Opcode : 'select'> <InPorts = 3> <OutPorts = 1>
ST_1 : Operation 56 [1/1] (0.75ns)   --->   "%icmp_ln45_10 = icmp_sgt  i13 %data_14_val_read, i13 0" [firmware/nnet_utils/nnet_activation.h:45]   --->   Operation 56 'icmp' 'icmp_ln45_10' <Predicate = true> <Delay = 0.75> <CoreInst = "Cmp">   --->   Core 9 'Cmp' <Latency = 0> <II = 1> <Delay = 0.75> <FuncUnit> <Opcode : 'seteq' 'setne' 'setle' 'setge' 'setlt' 'setgt'> <InPorts = 2> <OutPorts = 1>
ST_1 : Operation 57 [1/1] (0.00ns)   --->   "%trunc_ln46_10 = trunc i13 %data_14_val_read" [firmware/nnet_utils/nnet_activation.h:46]   --->   Operation 57 'trunc' 'trunc_ln46_10' <Predicate = (icmp_ln45_10)> <Delay = 0.00>
ST_1 : Operation 58 [1/1] (0.30ns)   --->   "%select_ln45_10 = select i1 %icmp_ln45_10, i10 %trunc_ln46_10, i10 0" [firmware/nnet_utils/nnet_activation.h:45]   --->   Operation 58 'select' 'select_ln45_10' <Predicate = true> <Delay = 0.30> <CoreInst = "Sel">   --->   Core 73 'Sel' <Latency = 0> <II = 1> <Delay = 0.30> <FuncUnit> <Opcode : 'select'> <InPorts = 3> <OutPorts = 1>
ST_1 : Operation 59 [1/1] (0.75ns)   --->   "%icmp_ln45_11 = icmp_sgt  i13 %data_15_val_read, i13 0" [firmware/nnet_utils/nnet_activation.h:45]   --->   Operation 59 'icmp' 'icmp_ln45_11' <Predicate = true> <Delay = 0.75> <CoreInst = "Cmp">   --->   Core 9 'Cmp' <Latency = 0> <II = 1> <Delay = 0.75> <FuncUnit> <Opcode : 'seteq' 'setne' 'setle' 'setge' 'setlt' 'setgt'> <InPorts = 2> <OutPorts = 1>
ST_1 : Operation 60 [1/1] (0.00ns)   --->   "%trunc_ln46_11 = trunc i13 %data_15_val_read" [firmware/nnet_utils/nnet_activation.h:46]   --->   Operation 60 'trunc' 'trunc_ln46_11' <Predicate = (icmp_ln45_11)> <Delay = 0.00>
ST_1 : Operation 61 [1/1] (0.30ns)   --->   "%select_ln45_11 = select i1 %icmp_ln45_11, i10 %trunc_ln46_11, i10 0" [firmware/nnet_utils/nnet_activation.h:45]   --->   Operation 61 'select' 'select_ln45_11' <Predicate = true> <Delay = 0.30> <CoreInst = "Sel">   --->   Core 73 'Sel' <Latency = 0> <II = 1> <Delay = 0.30> <FuncUnit> <Opcode : 'select'> <InPorts = 3> <OutPorts = 1>
ST_1 : Operation 62 [1/1] (0.75ns)   --->   "%icmp_ln45_12 = icmp_sgt  i13 %data_18_val_read, i13 0" [firmware/nnet_utils/nnet_activation.h:45]   --->   Operation 62 'icmp' 'icmp_ln45_12' <Predicate = true> <Delay = 0.75> <CoreInst = "Cmp">   --->   Core 9 'Cmp' <Latency = 0> <II = 1> <Delay = 0.75> <FuncUnit> <Opcode : 'seteq' 'setne' 'setle' 'setge' 'setlt' 'setgt'> <InPorts = 2> <OutPorts = 1>
ST_1 : Operation 63 [1/1] (0.00ns)   --->   "%trunc_ln46_12 = trunc i13 %data_18_val_read" [firmware/nnet_utils/nnet_activation.h:46]   --->   Operation 63 'trunc' 'trunc_ln46_12' <Predicate = (icmp_ln45_12)> <Delay = 0.00>
ST_1 : Operation 64 [1/1] (0.30ns)   --->   "%select_ln45_12 = select i1 %icmp_ln45_12, i10 %trunc_ln46_12, i10 0" [firmware/nnet_utils/nnet_activation.h:45]   --->   Operation 64 'select' 'select_ln45_12' <Predicate = true> <Delay = 0.30> <CoreInst = "Sel">   --->   Core 73 'Sel' <Latency = 0> <II = 1> <Delay = 0.30> <FuncUnit> <Opcode : 'select'> <InPorts = 3> <OutPorts = 1>
ST_1 : Operation 65 [1/1] (0.75ns)   --->   "%icmp_ln45_13 = icmp_sgt  i13 %data_19_val_read, i13 0" [firmware/nnet_utils/nnet_activation.h:45]   --->   Operation 65 'icmp' 'icmp_ln45_13' <Predicate = true> <Delay = 0.75> <CoreInst = "Cmp">   --->   Core 9 'Cmp' <Latency = 0> <II = 1> <Delay = 0.75> <FuncUnit> <Opcode : 'seteq' 'setne' 'setle' 'setge' 'setlt' 'setgt'> <InPorts = 2> <OutPorts = 1>
ST_1 : Operation 66 [1/1] (0.00ns)   --->   "%trunc_ln46_13 = trunc i13 %data_19_val_read" [firmware/nnet_utils/nnet_activation.h:46]   --->   Operation 66 'trunc' 'trunc_ln46_13' <Predicate = (icmp_ln45_13)> <Delay = 0.00>
ST_1 : Operation 67 [1/1] (0.30ns)   --->   "%select_ln45_13 = select i1 %icmp_ln45_13, i10 %trunc_ln46_13, i10 0" [firmware/nnet_utils/nnet_activation.h:45]   --->   Operation 67 'select' 'select_ln45_13' <Predicate = true> <Delay = 0.30> <CoreInst = "Sel">   --->   Core 73 'Sel' <Latency = 0> <II = 1> <Delay = 0.30> <FuncUnit> <Opcode : 'select'> <InPorts = 3> <OutPorts = 1>
ST_1 : Operation 68 [1/1] (0.75ns)   --->   "%icmp_ln45_14 = icmp_sgt  i13 %data_20_val_read, i13 0" [firmware/nnet_utils/nnet_activation.h:45]   --->   Operation 68 'icmp' 'icmp_ln45_14' <Predicate = true> <Delay = 0.75> <CoreInst = "Cmp">   --->   Core 9 'Cmp' <Latency = 0> <II = 1> <Delay = 0.75> <FuncUnit> <Opcode : 'seteq' 'setne' 'setle' 'setge' 'setlt' 'setgt'> <InPorts = 2> <OutPorts = 1>
ST_1 : Operation 69 [1/1] (0.00ns)   --->   "%trunc_ln46_14 = trunc i13 %data_20_val_read" [firmware/nnet_utils/nnet_activation.h:46]   --->   Operation 69 'trunc' 'trunc_ln46_14' <Predicate = (icmp_ln45_14)> <Delay = 0.00>
ST_1 : Operation 70 [1/1] (0.30ns)   --->   "%select_ln45_14 = select i1 %icmp_ln45_14, i10 %trunc_ln46_14, i10 0" [firmware/nnet_utils/nnet_activation.h:45]   --->   Operation 70 'select' 'select_ln45_14' <Predicate = true> <Delay = 0.30> <CoreInst = "Sel">   --->   Core 73 'Sel' <Latency = 0> <II = 1> <Delay = 0.30> <FuncUnit> <Opcode : 'select'> <InPorts = 3> <OutPorts = 1>
ST_1 : Operation 71 [1/1] (0.75ns)   --->   "%icmp_ln45_15 = icmp_sgt  i13 %data_21_val_read, i13 0" [firmware/nnet_utils/nnet_activation.h:45]   --->   Operation 71 'icmp' 'icmp_ln45_15' <Predicate = true> <Delay = 0.75> <CoreInst = "Cmp">   --->   Core 9 'Cmp' <Latency = 0> <II = 1> <Delay = 0.75> <FuncUnit> <Opcode : 'seteq' 'setne' 'setle' 'setge' 'setlt' 'setgt'> <InPorts = 2> <OutPorts = 1>
ST_1 : Operation 72 [1/1] (0.00ns)   --->   "%trunc_ln46_15 = trunc i13 %data_21_val_read" [firmware/nnet_utils/nnet_activation.h:46]   --->   Operation 72 'trunc' 'trunc_ln46_15' <Predicate = (icmp_ln45_15)> <Delay = 0.00>
ST_1 : Operation 73 [1/1] (0.30ns)   --->   "%select_ln45_15 = select i1 %icmp_ln45_15, i10 %trunc_ln46_15, i10 0" [firmware/nnet_utils/nnet_activation.h:45]   --->   Operation 73 'select' 'select_ln45_15' <Predicate = true> <Delay = 0.30> <CoreInst = "Sel">   --->   Core 73 'Sel' <Latency = 0> <II = 1> <Delay = 0.30> <FuncUnit> <Opcode : 'select'> <InPorts = 3> <OutPorts = 1>
ST_1 : Operation 74 [1/1] (0.75ns)   --->   "%icmp_ln45_16 = icmp_sgt  i13 %data_22_val_read, i13 0" [firmware/nnet_utils/nnet_activation.h:45]   --->   Operation 74 'icmp' 'icmp_ln45_16' <Predicate = true> <Delay = 0.75> <CoreInst = "Cmp">   --->   Core 9 'Cmp' <Latency = 0> <II = 1> <Delay = 0.75> <FuncUnit> <Opcode : 'seteq' 'setne' 'setle' 'setge' 'setlt' 'setgt'> <InPorts = 2> <OutPorts = 1>
ST_1 : Operation 75 [1/1] (0.00ns)   --->   "%trunc_ln46_16 = trunc i13 %data_22_val_read" [firmware/nnet_utils/nnet_activation.h:46]   --->   Operation 75 'trunc' 'trunc_ln46_16' <Predicate = (icmp_ln45_16)> <Delay = 0.00>
ST_1 : Operation 76 [1/1] (0.30ns)   --->   "%select_ln45_16 = select i1 %icmp_ln45_16, i10 %trunc_ln46_16, i10 0" [firmware/nnet_utils/nnet_activation.h:45]   --->   Operation 76 'select' 'select_ln45_16' <Predicate = true> <Delay = 0.30> <CoreInst = "Sel">   --->   Core 73 'Sel' <Latency = 0> <II = 1> <Delay = 0.30> <FuncUnit> <Opcode : 'select'> <InPorts = 3> <OutPorts = 1>
ST_1 : Operation 77 [1/1] (0.75ns)   --->   "%icmp_ln45_17 = icmp_sgt  i13 %data_24_val_read, i13 0" [firmware/nnet_utils/nnet_activation.h:45]   --->   Operation 77 'icmp' 'icmp_ln45_17' <Predicate = true> <Delay = 0.75> <CoreInst = "Cmp">   --->   Core 9 'Cmp' <Latency = 0> <II = 1> <Delay = 0.75> <FuncUnit> <Opcode : 'seteq' 'setne' 'setle' 'setge' 'setlt' 'setgt'> <InPorts = 2> <OutPorts = 1>
ST_1 : Operation 78 [1/1] (0.00ns)   --->   "%trunc_ln46_17 = trunc i13 %data_24_val_read" [firmware/nnet_utils/nnet_activation.h:46]   --->   Operation 78 'trunc' 'trunc_ln46_17' <Predicate = (icmp_ln45_17)> <Delay = 0.00>
ST_1 : Operation 79 [1/1] (0.30ns)   --->   "%select_ln45_17 = select i1 %icmp_ln45_17, i10 %trunc_ln46_17, i10 0" [firmware/nnet_utils/nnet_activation.h:45]   --->   Operation 79 'select' 'select_ln45_17' <Predicate = true> <Delay = 0.30> <CoreInst = "Sel">   --->   Core 73 'Sel' <Latency = 0> <II = 1> <Delay = 0.30> <FuncUnit> <Opcode : 'select'> <InPorts = 3> <OutPorts = 1>
ST_1 : Operation 80 [1/1] (0.75ns)   --->   "%icmp_ln45_18 = icmp_sgt  i13 %data_25_val_read, i13 0" [firmware/nnet_utils/nnet_activation.h:45]   --->   Operation 80 'icmp' 'icmp_ln45_18' <Predicate = true> <Delay = 0.75> <CoreInst = "Cmp">   --->   Core 9 'Cmp' <Latency = 0> <II = 1> <Delay = 0.75> <FuncUnit> <Opcode : 'seteq' 'setne' 'setle' 'setge' 'setlt' 'setgt'> <InPorts = 2> <OutPorts = 1>
ST_1 : Operation 81 [1/1] (0.00ns)   --->   "%trunc_ln46_18 = trunc i13 %data_25_val_read" [firmware/nnet_utils/nnet_activation.h:46]   --->   Operation 81 'trunc' 'trunc_ln46_18' <Predicate = (icmp_ln45_18)> <Delay = 0.00>
ST_1 : Operation 82 [1/1] (0.30ns)   --->   "%select_ln45_18 = select i1 %icmp_ln45_18, i10 %trunc_ln46_18, i10 0" [firmware/nnet_utils/nnet_activation.h:45]   --->   Operation 82 'select' 'select_ln45_18' <Predicate = true> <Delay = 0.30> <CoreInst = "Sel">   --->   Core 73 'Sel' <Latency = 0> <II = 1> <Delay = 0.30> <FuncUnit> <Opcode : 'select'> <InPorts = 3> <OutPorts = 1>
ST_1 : Operation 83 [1/1] (0.75ns)   --->   "%icmp_ln45_19 = icmp_sgt  i13 %data_26_val_read, i13 0" [firmware/nnet_utils/nnet_activation.h:45]   --->   Operation 83 'icmp' 'icmp_ln45_19' <Predicate = true> <Delay = 0.75> <CoreInst = "Cmp">   --->   Core 9 'Cmp' <Latency = 0> <II = 1> <Delay = 0.75> <FuncUnit> <Opcode : 'seteq' 'setne' 'setle' 'setge' 'setlt' 'setgt'> <InPorts = 2> <OutPorts = 1>
ST_1 : Operation 84 [1/1] (0.00ns)   --->   "%trunc_ln46_19 = trunc i13 %data_26_val_read" [firmware/nnet_utils/nnet_activation.h:46]   --->   Operation 84 'trunc' 'trunc_ln46_19' <Predicate = (icmp_ln45_19)> <Delay = 0.00>
ST_1 : Operation 85 [1/1] (0.30ns)   --->   "%select_ln45_19 = select i1 %icmp_ln45_19, i10 %trunc_ln46_19, i10 0" [firmware/nnet_utils/nnet_activation.h:45]   --->   Operation 85 'select' 'select_ln45_19' <Predicate = true> <Delay = 0.30> <CoreInst = "Sel">   --->   Core 73 'Sel' <Latency = 0> <II = 1> <Delay = 0.30> <FuncUnit> <Opcode : 'select'> <InPorts = 3> <OutPorts = 1>
ST_1 : Operation 86 [1/1] (0.75ns)   --->   "%icmp_ln45_20 = icmp_sgt  i13 %data_27_val_read, i13 0" [firmware/nnet_utils/nnet_activation.h:45]   --->   Operation 86 'icmp' 'icmp_ln45_20' <Predicate = true> <Delay = 0.75> <CoreInst = "Cmp">   --->   Core 9 'Cmp' <Latency = 0> <II = 1> <Delay = 0.75> <FuncUnit> <Opcode : 'seteq' 'setne' 'setle' 'setge' 'setlt' 'setgt'> <InPorts = 2> <OutPorts = 1>
ST_1 : Operation 87 [1/1] (0.00ns)   --->   "%trunc_ln46_20 = trunc i13 %data_27_val_read" [firmware/nnet_utils/nnet_activation.h:46]   --->   Operation 87 'trunc' 'trunc_ln46_20' <Predicate = (icmp_ln45_20)> <Delay = 0.00>
ST_1 : Operation 88 [1/1] (0.30ns)   --->   "%select_ln45_20 = select i1 %icmp_ln45_20, i10 %trunc_ln46_20, i10 0" [firmware/nnet_utils/nnet_activation.h:45]   --->   Operation 88 'select' 'select_ln45_20' <Predicate = true> <Delay = 0.30> <CoreInst = "Sel">   --->   Core 73 'Sel' <Latency = 0> <II = 1> <Delay = 0.30> <FuncUnit> <Opcode : 'select'> <InPorts = 3> <OutPorts = 1>
ST_1 : Operation 89 [1/1] (0.75ns)   --->   "%icmp_ln45_21 = icmp_sgt  i13 %data_28_val_read, i13 0" [firmware/nnet_utils/nnet_activation.h:45]   --->   Operation 89 'icmp' 'icmp_ln45_21' <Predicate = true> <Delay = 0.75> <CoreInst = "Cmp">   --->   Core 9 'Cmp' <Latency = 0> <II = 1> <Delay = 0.75> <FuncUnit> <Opcode : 'seteq' 'setne' 'setle' 'setge' 'setlt' 'setgt'> <InPorts = 2> <OutPorts = 1>
ST_1 : Operation 90 [1/1] (0.00ns)   --->   "%trunc_ln46_21 = trunc i13 %data_28_val_read" [firmware/nnet_utils/nnet_activation.h:46]   --->   Operation 90 'trunc' 'trunc_ln46_21' <Predicate = (icmp_ln45_21)> <Delay = 0.00>
ST_1 : Operation 91 [1/1] (0.30ns)   --->   "%select_ln45_21 = select i1 %icmp_ln45_21, i10 %trunc_ln46_21, i10 0" [firmware/nnet_utils/nnet_activation.h:45]   --->   Operation 91 'select' 'select_ln45_21' <Predicate = true> <Delay = 0.30> <CoreInst = "Sel">   --->   Core 73 'Sel' <Latency = 0> <II = 1> <Delay = 0.30> <FuncUnit> <Opcode : 'select'> <InPorts = 3> <OutPorts = 1>
ST_1 : Operation 92 [1/1] (0.75ns)   --->   "%icmp_ln45_22 = icmp_sgt  i13 %data_30_val_read, i13 0" [firmware/nnet_utils/nnet_activation.h:45]   --->   Operation 92 'icmp' 'icmp_ln45_22' <Predicate = true> <Delay = 0.75> <CoreInst = "Cmp">   --->   Core 9 'Cmp' <Latency = 0> <II = 1> <Delay = 0.75> <FuncUnit> <Opcode : 'seteq' 'setne' 'setle' 'setge' 'setlt' 'setgt'> <InPorts = 2> <OutPorts = 1>
ST_1 : Operation 93 [1/1] (0.00ns)   --->   "%trunc_ln46_22 = trunc i13 %data_30_val_read" [firmware/nnet_utils/nnet_activation.h:46]   --->   Operation 93 'trunc' 'trunc_ln46_22' <Predicate = (icmp_ln45_22)> <Delay = 0.00>
ST_1 : Operation 94 [1/1] (0.30ns)   --->   "%select_ln45_22 = select i1 %icmp_ln45_22, i10 %trunc_ln46_22, i10 0" [firmware/nnet_utils/nnet_activation.h:45]   --->   Operation 94 'select' 'select_ln45_22' <Predicate = true> <Delay = 0.30> <CoreInst = "Sel">   --->   Core 73 'Sel' <Latency = 0> <II = 1> <Delay = 0.30> <FuncUnit> <Opcode : 'select'> <InPorts = 3> <OutPorts = 1>
ST_1 : Operation 95 [1/1] (0.00ns)   --->   "%newret = insertvalue i230 <undef>, i10 %select_ln45" [firmware/nnet_utils/nnet_activation.h:45]   --->   Operation 95 'insertvalue' 'newret' <Predicate = true> <Delay = 0.00>
ST_1 : Operation 96 [1/1] (0.00ns)   --->   "%newret2 = insertvalue i230 %newret, i10 %select_ln45_1" [firmware/nnet_utils/nnet_activation.h:45]   --->   Operation 96 'insertvalue' 'newret2' <Predicate = true> <Delay = 0.00>
ST_1 : Operation 97 [1/1] (0.00ns)   --->   "%newret4 = insertvalue i230 %newret2, i10 %select_ln45_2" [firmware/nnet_utils/nnet_activation.h:45]   --->   Operation 97 'insertvalue' 'newret4' <Predicate = true> <Delay = 0.00>
ST_1 : Operation 98 [1/1] (0.00ns)   --->   "%newret6 = insertvalue i230 %newret4, i10 %select_ln45_3" [firmware/nnet_utils/nnet_activation.h:45]   --->   Operation 98 'insertvalue' 'newret6' <Predicate = true> <Delay = 0.00>
ST_1 : Operation 99 [1/1] (0.00ns)   --->   "%newret8 = insertvalue i230 %newret6, i10 %select_ln45_4" [firmware/nnet_utils/nnet_activation.h:45]   --->   Operation 99 'insertvalue' 'newret8' <Predicate = true> <Delay = 0.00>
ST_1 : Operation 100 [1/1] (0.00ns)   --->   "%newret1 = insertvalue i230 %newret8, i10 %select_ln45_5" [firmware/nnet_utils/nnet_activation.h:45]   --->   Operation 100 'insertvalue' 'newret1' <Predicate = true> <Delay = 0.00>
ST_1 : Operation 101 [1/1] (0.00ns)   --->   "%newret3 = insertvalue i230 %newret1, i10 %select_ln45_6" [firmware/nnet_utils/nnet_activation.h:45]   --->   Operation 101 'insertvalue' 'newret3' <Predicate = true> <Delay = 0.00>
ST_1 : Operation 102 [1/1] (0.00ns)   --->   "%newret5 = insertvalue i230 %newret3, i10 %select_ln45_7" [firmware/nnet_utils/nnet_activation.h:45]   --->   Operation 102 'insertvalue' 'newret5' <Predicate = true> <Delay = 0.00>
ST_1 : Operation 103 [1/1] (0.00ns)   --->   "%newret7 = insertvalue i230 %newret5, i10 %select_ln45_8" [firmware/nnet_utils/nnet_activation.h:45]   --->   Operation 103 'insertvalue' 'newret7' <Predicate = true> <Delay = 0.00>
ST_1 : Operation 104 [1/1] (0.00ns)   --->   "%newret9 = insertvalue i230 %newret7, i10 %select_ln45_9" [firmware/nnet_utils/nnet_activation.h:45]   --->   Operation 104 'insertvalue' 'newret9' <Predicate = true> <Delay = 0.00>
ST_1 : Operation 105 [1/1] (0.00ns)   --->   "%newret10 = insertvalue i230 %newret9, i10 %select_ln45_10" [firmware/nnet_utils/nnet_activation.h:45]   --->   Operation 105 'insertvalue' 'newret10' <Predicate = true> <Delay = 0.00>
ST_1 : Operation 106 [1/1] (0.00ns)   --->   "%newret11 = insertvalue i230 %newret10, i10 %select_ln45_11" [firmware/nnet_utils/nnet_activation.h:45]   --->   Operation 106 'insertvalue' 'newret11' <Predicate = true> <Delay = 0.00>
ST_1 : Operation 107 [1/1] (0.00ns)   --->   "%newret12 = insertvalue i230 %newret11, i10 %select_ln45_12" [firmware/nnet_utils/nnet_activation.h:45]   --->   Operation 107 'insertvalue' 'newret12' <Predicate = true> <Delay = 0.00>
ST_1 : Operation 108 [1/1] (0.00ns)   --->   "%newret13 = insertvalue i230 %newret12, i10 %select_ln45_13" [firmware/nnet_utils/nnet_activation.h:45]   --->   Operation 108 'insertvalue' 'newret13' <Predicate = true> <Delay = 0.00>
ST_1 : Operation 109 [1/1] (0.00ns)   --->   "%newret14 = insertvalue i230 %newret13, i10 %select_ln45_14" [firmware/nnet_utils/nnet_activation.h:45]   --->   Operation 109 'insertvalue' 'newret14' <Predicate = true> <Delay = 0.00>
ST_1 : Operation 110 [1/1] (0.00ns)   --->   "%newret15 = insertvalue i230 %newret14, i10 %select_ln45_15" [firmware/nnet_utils/nnet_activation.h:45]   --->   Operation 110 'insertvalue' 'newret15' <Predicate = true> <Delay = 0.00>
ST_1 : Operation 111 [1/1] (0.00ns)   --->   "%newret16 = insertvalue i230 %newret15, i10 %select_ln45_16" [firmware/nnet_utils/nnet_activation.h:45]   --->   Operation 111 'insertvalue' 'newret16' <Predicate = true> <Delay = 0.00>
ST_1 : Operation 112 [1/1] (0.00ns)   --->   "%newret17 = insertvalue i230 %newret16, i10 %select_ln45_17" [firmware/nnet_utils/nnet_activation.h:45]   --->   Operation 112 'insertvalue' 'newret17' <Predicate = true> <Delay = 0.00>
ST_1 : Operation 113 [1/1] (0.00ns)   --->   "%newret18 = insertvalue i230 %newret17, i10 %select_ln45_18" [firmware/nnet_utils/nnet_activation.h:45]   --->   Operation 113 'insertvalue' 'newret18' <Predicate = true> <Delay = 0.00>
ST_1 : Operation 114 [1/1] (0.00ns)   --->   "%newret19 = insertvalue i230 %newret18, i10 %select_ln45_19" [firmware/nnet_utils/nnet_activation.h:45]   --->   Operation 114 'insertvalue' 'newret19' <Predicate = true> <Delay = 0.00>
ST_1 : Operation 115 [1/1] (0.00ns)   --->   "%newret20 = insertvalue i230 %newret19, i10 %select_ln45_20" [firmware/nnet_utils/nnet_activation.h:45]   --->   Operation 115 'insertvalue' 'newret20' <Predicate = true> <Delay = 0.00>
ST_1 : Operation 116 [1/1] (0.00ns)   --->   "%newret21 = insertvalue i230 %newret20, i10 %select_ln45_21" [firmware/nnet_utils/nnet_activation.h:45]   --->   Operation 116 'insertvalue' 'newret21' <Predicate = true> <Delay = 0.00>
ST_1 : Operation 117 [1/1] (0.00ns)   --->   "%newret22 = insertvalue i230 %newret21, i10 %select_ln45_22" [firmware/nnet_utils/nnet_activation.h:45]   --->   Operation 117 'insertvalue' 'newret22' <Predicate = true> <Delay = 0.00>
ST_1 : Operation 118 [1/1] (0.00ns)   --->   "%ret_ln45 = ret i230 %newret22" [firmware/nnet_utils/nnet_activation.h:45]   --->   Operation 118 'ret' 'ret_ln45' <Predicate = true> <Delay = 0.00>


============================================================
+ Verbose Summary: Timing violations
============================================================
Target clock period: 5.000ns, clock uncertainty: 1.350ns.

 <State 1>: 1.058ns
The critical path consists of the following:
	wire read operation ('data_0_val_read', firmware/nnet_utils/nnet_activation.h:42) on port 'data_0_val' (firmware/nnet_utils/nnet_activation.h:42) [47]  (0.000 ns)
	'icmp' operation 1 bit ('icmp_ln45', firmware/nnet_utils/nnet_activation.h:45) [48]  (0.755 ns)
	'select' operation 10 bit ('select_ln45', firmware/nnet_utils/nnet_activation.h:45) [50]  (0.303 ns)


============================================================
+ Verbose Summary: Binding
============================================================
N/A
* FSMD analyzer results:
  - Output states:
 - Input state : 
  - Chain level:
	State 1


============================================================
+ Verbose Summary: Datapath Resource usage 
============================================================
N/A
