

================================================================
== Vitis HLS Report for 'dense_latency_ap_fixed_12_5_5_3_0_ap_fixed_11_8_5_3_0_config3_s'
================================================================
* Date:           Wed Feb 26 01:36:43 2025

* Version:        2024.1 (Build 5069499 on May 21 2024)
* Project:        myproject_prj
* Solution:       solution1 (Vivado IP Flow Target)
* Product family: virtexuplusHBM
* Target device:  xcu50-fsvh2104-2-e


================================================================
== Performance Estimates
================================================================
+ Timing: 
    * Summary: 
    +--------+---------+----------+------------+
    |  Clock |  Target | Estimated| Uncertainty|
    +--------+---------+----------+------------+
    |ap_clk  |  5.00 ns|  3.649 ns|     1.35 ns|
    +--------+---------+----------+------------+

+ Latency: 
    * Summary: 
    +---------+---------+----------+----------+-----+-----+---------+
    |  Latency (cycles) |  Latency (absolute) |  Interval | Pipeline|
    |   min   |   max   |    min   |    max   | min | max |   Type  |
    +---------+---------+----------+----------+-----+-----+---------+
    |        0|        0|      0 ns|      0 ns|    1|    1|      yes|
    +---------+---------+----------+----------+-----+-----+---------+

    + Detail: 
        * Instance: 
        N/A

        * Loop: 
        N/A

============================================================
+ Verbose Summary: Synthesis Manager
============================================================
InlineROM: 1
ExposeGlobal: 0
============================================================
+ Verbose Summary: CDFG Model
============================================================
IsTopModel: 0
ResetActiveHigh: 1
IsCombinational: 0
IsDatapathOnly: 0
HasWiredReturn: 1
HasMFsm: 2
HasVarLatency: 0
IsPipeline: 1
IsRtlPipelined: 0
IsInstanceOverlapped: 0
IsDontTouch: 0
HasImplIP: 0
IsGatedGlobalClock: 0

+ Individual pipeline summary: 
  * Pipeline-0: initiation interval (II) = 1, depth = 1


============================================================
+ Verbose Summary: Schedule
============================================================
* Number of FSM states : 1
* Pipeline : 1
  Pipeline-0 : II = 1, D = 1, States = { 1 }
* Dataflow Pipeline: 0

* FSM state transitions: 
1 --> 

* FSM state operations: 

State 1 <SV = 0> <Delay = 3.64>
ST_1 : Operation 2 [1/1] (0.00ns)   --->   "%data_15_val_read = read i11 @_ssdm_op_Read.ap_auto.i11, i11 %data_15_val" [firmware/nnet_utils/nnet_dense_latency.h:33]   --->   Operation 2 'read' 'data_15_val_read' <Predicate = true> <Delay = 0.00>
ST_1 : Operation 3 [1/1] (0.00ns)   --->   "%data_14_val_read = read i12 @_ssdm_op_Read.ap_auto.i12, i12 %data_14_val" [firmware/nnet_utils/nnet_dense_latency.h:33]   --->   Operation 3 'read' 'data_14_val_read' <Predicate = true> <Delay = 0.00>
ST_1 : Operation 4 [1/1] (0.00ns)   --->   "%data_12_val_read = read i10 @_ssdm_op_Read.ap_auto.i10, i10 %data_12_val" [firmware/nnet_utils/nnet_dense_latency.h:33]   --->   Operation 4 'read' 'data_12_val_read' <Predicate = true> <Delay = 0.00>
ST_1 : Operation 5 [1/1] (0.00ns)   --->   "%data_11_val_read = read i10 @_ssdm_op_Read.ap_auto.i10, i10 %data_11_val" [firmware/nnet_utils/nnet_dense_latency.h:33]   --->   Operation 5 'read' 'data_11_val_read' <Predicate = true> <Delay = 0.00>
ST_1 : Operation 6 [1/1] (0.00ns)   --->   "%data_10_val_read = read i10 @_ssdm_op_Read.ap_auto.i10, i10 %data_10_val" [firmware/nnet_utils/nnet_dense_latency.h:33]   --->   Operation 6 'read' 'data_10_val_read' <Predicate = true> <Delay = 0.00>
ST_1 : Operation 7 [1/1] (0.00ns)   --->   "%data_9_val_read = read i10 @_ssdm_op_Read.ap_auto.i10, i10 %data_9_val" [firmware/nnet_utils/nnet_dense_latency.h:33]   --->   Operation 7 'read' 'data_9_val_read' <Predicate = true> <Delay = 0.00>
ST_1 : Operation 8 [1/1] (0.00ns)   --->   "%data_7_val_read = read i11 @_ssdm_op_Read.ap_auto.i11, i11 %data_7_val" [firmware/nnet_utils/nnet_dense_latency.h:33]   --->   Operation 8 'read' 'data_7_val_read' <Predicate = true> <Delay = 0.00>
ST_1 : Operation 9 [1/1] (0.00ns)   --->   "%data_6_val_read = read i11 @_ssdm_op_Read.ap_auto.i11, i11 %data_6_val" [firmware/nnet_utils/nnet_dense_latency.h:33]   --->   Operation 9 'read' 'data_6_val_read' <Predicate = true> <Delay = 0.00>
ST_1 : Operation 10 [1/1] (0.00ns)   --->   "%data_5_val_read = read i12 @_ssdm_op_Read.ap_auto.i12, i12 %data_5_val" [firmware/nnet_utils/nnet_dense_latency.h:33]   --->   Operation 10 'read' 'data_5_val_read' <Predicate = true> <Delay = 0.00>
ST_1 : Operation 11 [1/1] (0.00ns)   --->   "%data_4_val_read = read i11 @_ssdm_op_Read.ap_auto.i11, i11 %data_4_val" [firmware/nnet_utils/nnet_dense_latency.h:33]   --->   Operation 11 'read' 'data_4_val_read' <Predicate = true> <Delay = 0.00>
ST_1 : Operation 12 [1/1] (0.00ns)   --->   "%data_3_val_read = read i11 @_ssdm_op_Read.ap_auto.i11, i11 %data_3_val" [firmware/nnet_utils/nnet_dense_latency.h:33]   --->   Operation 12 'read' 'data_3_val_read' <Predicate = true> <Delay = 0.00>
ST_1 : Operation 13 [1/1] (0.00ns)   --->   "%data_2_val_read = read i11 @_ssdm_op_Read.ap_auto.i11, i11 %data_2_val" [firmware/nnet_utils/nnet_dense_latency.h:33]   --->   Operation 13 'read' 'data_2_val_read' <Predicate = true> <Delay = 0.00>
ST_1 : Operation 14 [1/1] (0.00ns)   --->   "%data_1_val_read = read i11 @_ssdm_op_Read.ap_auto.i11, i11 %data_1_val" [firmware/nnet_utils/nnet_dense_latency.h:33]   --->   Operation 14 'read' 'data_1_val_read' <Predicate = true> <Delay = 0.00>
ST_1 : Operation 15 [1/1] (0.00ns)   --->   "%data_0_val_read = read i11 @_ssdm_op_Read.ap_auto.i11, i11 %data_0_val" [firmware/nnet_utils/nnet_dense_latency.h:33]   --->   Operation 15 'read' 'data_0_val_read' <Predicate = true> <Delay = 0.00>
ST_1 : Operation 16 [1/1] (0.00ns)   --->   "%specpipeline_ln33 = specpipeline void @_ssdm_op_SpecPipeline, i32 1, i32 0, i32 0, i32 0, void @empty_0" [firmware/nnet_utils/nnet_dense_latency.h:33]   --->   Operation 16 'specpipeline' 'specpipeline_ln33' <Predicate = true> <Delay = 0.00>
ST_1 : Operation 17 [1/1] (0.00ns)   --->   "%specresourcelimit_ln33 = specresourcelimit void @_ssdm_op_SpecResourceLimit, i64 94, void @empty_1, void @empty_0, void @empty_0, void @empty_0" [firmware/nnet_utils/nnet_dense_latency.h:33]   --->   Operation 17 'specresourcelimit' 'specresourcelimit_ln33' <Predicate = true> <Delay = 0.00>
ST_1 : Operation 18 [1/1] (0.00ns)   --->   "%mult = bitconcatenate i16 @_ssdm_op_BitConcatenate.i16.i11.i5, i11 %data_0_val_read, i5 0" [firmware/nnet_utils/nnet_dense_latency.h:42]   --->   Operation 18 'bitconcatenate' 'mult' <Predicate = true> <Delay = 0.00>
ST_1 : Operation 19 [1/1] (0.00ns)   --->   "%sext_ln17 = sext i16 %mult" [firmware/nnet_utils/nnet_dense_latency.h:17]   --->   Operation 19 'sext' 'sext_ln17' <Predicate = true> <Delay = 0.00>
ST_1 : Operation 20 [1/1] (0.00ns)   --->   "%sext_ln17_5 = sext i16 %mult" [firmware/nnet_utils/nnet_dense_latency.h:17]   --->   Operation 20 'sext' 'sext_ln17_5' <Predicate = true> <Delay = 0.00>
ST_1 : Operation 21 [1/1] (0.00ns)   --->   "%tmp_69 = bitconcatenate i15 @_ssdm_op_BitConcatenate.i15.i11.i4, i11 %data_0_val_read, i4 0" [firmware/nnet_utils/nnet_dense_latency.h:42]   --->   Operation 21 'bitconcatenate' 'tmp_69' <Predicate = true> <Delay = 0.00>
ST_1 : Operation 22 [1/1] (0.00ns)   --->   "%sext_ln42 = sext i15 %tmp_69" [firmware/nnet_utils/nnet_dense_latency.h:42]   --->   Operation 22 'sext' 'sext_ln42' <Predicate = true> <Delay = 0.00>
ST_1 : Operation 23 [1/1] (0.77ns)   --->   "%mult_27 = sub i16 0, i16 %sext_ln42" [firmware/nnet_utils/nnet_dense_latency.h:42]   --->   Operation 23 'sub' 'mult_27' <Predicate = true> <Delay = 0.77> <CoreInst = "Adder">   --->   Core 1 'Adder' <Latency = 0> <II = 1> <Delay = 0.77> <FuncUnit> <Opcode : 'add' 'sub'> <InPorts = 2> <OutPorts = 1>
ST_1 : Operation 24 [1/1] (0.00ns)   --->   "%sext_ln17_6 = sext i16 %mult_27" [firmware/nnet_utils/nnet_dense_latency.h:17]   --->   Operation 24 'sext' 'sext_ln17_6' <Predicate = true> <Delay = 0.00>
ST_1 : Operation 25 [1/1] (0.00ns)   --->   "%sext_ln17_7 = sext i16 %mult_27" [firmware/nnet_utils/nnet_dense_latency.h:17]   --->   Operation 25 'sext' 'sext_ln17_7' <Predicate = true> <Delay = 0.00>
ST_1 : Operation 26 [1/1] (0.00ns)   --->   "%tmp_70 = bitconcatenate i13 @_ssdm_op_BitConcatenate.i13.i11.i2, i11 %data_0_val_read, i2 0" [firmware/nnet_utils/nnet_dense_latency.h:42]   --->   Operation 26 'bitconcatenate' 'tmp_70' <Predicate = true> <Delay = 0.00>
ST_1 : Operation 27 [1/1] (0.00ns)   --->   "%sext_ln42_4 = sext i13 %tmp_70" [firmware/nnet_utils/nnet_dense_latency.h:42]   --->   Operation 27 'sext' 'sext_ln42_4' <Predicate = true> <Delay = 0.00>
ST_1 : Operation 28 [1/1] (0.77ns)   --->   "%mult_28 = sub i16 %sext_ln42, i16 %sext_ln42_4" [firmware/nnet_utils/nnet_dense_latency.h:42]   --->   Operation 28 'sub' 'mult_28' <Predicate = true> <Delay = 0.77> <CoreInst = "Adder">   --->   Core 1 'Adder' <Latency = 0> <II = 1> <Delay = 0.77> <FuncUnit> <Opcode : 'add' 'sub'> <InPorts = 2> <OutPorts = 1>
ST_1 : Operation 29 [1/1] (0.00ns)   --->   "%sext_ln17_8 = sext i16 %mult_28" [firmware/nnet_utils/nnet_dense_latency.h:17]   --->   Operation 29 'sext' 'sext_ln17_8' <Predicate = true> <Delay = 0.00>
ST_1 : Operation 30 [1/1] (0.00ns)   --->   "%sext_ln42_3 = sext i11 %data_1_val_read" [firmware/nnet_utils/nnet_dense_latency.h:42]   --->   Operation 30 'sext' 'sext_ln42_3' <Predicate = true> <Delay = 0.00>
ST_1 : Operation 31 [1/1] (0.00ns)   --->   "%mult_29 = bitconcatenate i13 @_ssdm_op_BitConcatenate.i13.i11.i2, i11 %data_1_val_read, i2 0" [firmware/nnet_utils/nnet_dense_latency.h:42]   --->   Operation 31 'bitconcatenate' 'mult_29' <Predicate = true> <Delay = 0.00>
ST_1 : Operation 32 [1/1] (0.00ns)   --->   "%sext_ln17_9 = sext i13 %mult_29" [firmware/nnet_utils/nnet_dense_latency.h:17]   --->   Operation 32 'sext' 'sext_ln17_9' <Predicate = true> <Delay = 0.00>
ST_1 : Operation 33 [1/1] (0.00ns)   --->   "%sext_ln17_10 = sext i13 %mult_29" [firmware/nnet_utils/nnet_dense_latency.h:17]   --->   Operation 33 'sext' 'sext_ln17_10' <Predicate = true> <Delay = 0.00>
ST_1 : Operation 34 [1/1] (0.00ns)   --->   "%mult_30 = bitconcatenate i16 @_ssdm_op_BitConcatenate.i16.i11.i5, i11 %data_2_val_read, i5 0" [firmware/nnet_utils/nnet_dense_latency.h:42]   --->   Operation 34 'bitconcatenate' 'mult_30' <Predicate = true> <Delay = 0.00>
ST_1 : Operation 35 [1/1] (0.00ns)   --->   "%sext_ln17_11 = sext i16 %mult_30" [firmware/nnet_utils/nnet_dense_latency.h:17]   --->   Operation 35 'sext' 'sext_ln17_11' <Predicate = true> <Delay = 0.00>
ST_1 : Operation 36 [1/1] (0.00ns)   --->   "%sext_ln17_12 = sext i16 %mult_30" [firmware/nnet_utils/nnet_dense_latency.h:17]   --->   Operation 36 'sext' 'sext_ln17_12' <Predicate = true> <Delay = 0.00>
ST_1 : Operation 37 [1/1] (0.00ns)   --->   "%tmp_71 = bitconcatenate i17 @_ssdm_op_BitConcatenate.i17.i11.i6, i11 %data_2_val_read, i6 0" [firmware/nnet_utils/nnet_dense_latency.h:42]   --->   Operation 37 'bitconcatenate' 'tmp_71' <Predicate = true> <Delay = 0.00>
ST_1 : Operation 38 [1/1] (0.00ns)   --->   "%sext_ln42_5 = sext i17 %tmp_71" [firmware/nnet_utils/nnet_dense_latency.h:42]   --->   Operation 38 'sext' 'sext_ln42_5' <Predicate = true> <Delay = 0.00>
ST_1 : Operation 39 [1/1] (0.00ns)   --->   "%tmp_72 = bitconcatenate i15 @_ssdm_op_BitConcatenate.i15.i11.i4, i11 %data_2_val_read, i4 0" [firmware/nnet_utils/nnet_dense_latency.h:42]   --->   Operation 39 'bitconcatenate' 'tmp_72' <Predicate = true> <Delay = 0.00>
ST_1 : Operation 40 [1/1] (0.00ns)   --->   "%sext_ln42_6 = sext i15 %tmp_72" [firmware/nnet_utils/nnet_dense_latency.h:42]   --->   Operation 40 'sext' 'sext_ln42_6' <Predicate = true> <Delay = 0.00>
ST_1 : Operation 41 [1/1] (0.79ns)   --->   "%mult_31 = sub i18 %sext_ln42_5, i18 %sext_ln42_6" [firmware/nnet_utils/nnet_dense_latency.h:42]   --->   Operation 41 'sub' 'mult_31' <Predicate = true> <Delay = 0.79> <CoreInst = "Adder">   --->   Core 1 'Adder' <Latency = 0> <II = 1> <Delay = 0.79> <FuncUnit> <Opcode : 'add' 'sub'> <InPorts = 2> <OutPorts = 1>
ST_1 : Operation 42 [1/1] (0.00ns)   --->   "%sext_ln17_13 = sext i18 %mult_31" [firmware/nnet_utils/nnet_dense_latency.h:17]   --->   Operation 42 'sext' 'sext_ln17_13' <Predicate = true> <Delay = 0.00>
ST_1 : Operation 43 [1/1] (0.00ns)   --->   "%tmp_73 = bitconcatenate i14 @_ssdm_op_BitConcatenate.i14.i11.i3, i11 %data_2_val_read, i3 0" [firmware/nnet_utils/nnet_dense_latency.h:17]   --->   Operation 43 'bitconcatenate' 'tmp_73' <Predicate = true> <Delay = 0.00>
ST_1 : Operation 44 [1/1] (0.00ns)   --->   "%sext_ln17_14 = sext i14 %tmp_73" [firmware/nnet_utils/nnet_dense_latency.h:17]   --->   Operation 44 'sext' 'sext_ln17_14' <Predicate = true> <Delay = 0.00>
ST_1 : Operation 45 [1/1] (0.00ns) (grouped into TernaryAdder)   --->   "%sub_ln17 = sub i17 %sext_ln17_14, i17 %tmp_71" [firmware/nnet_utils/nnet_dense_latency.h:17]   --->   Operation 45 'sub' 'sub_ln17' <Predicate = true> <Delay = 0.00> <CoreInst = "TAddSub">   --->   Core 10 'TAddSub' <Latency = 0> <II = 1> <Delay = 0.34> <IPBlock> <Opcode : '' 'add' 'sub'> <InPorts = 3> <OutPorts = 1> <Sync> <CReg>
ST_1 : Operation 46 [1/1] (0.00ns)   --->   "%mult_32 = bitconcatenate i18 @_ssdm_op_BitConcatenate.i18.i11.i7, i11 %data_3_val_read, i7 0" [firmware/nnet_utils/nnet_dense_latency.h:42]   --->   Operation 46 'bitconcatenate' 'mult_32' <Predicate = true> <Delay = 0.00>
ST_1 : Operation 47 [1/1] (0.00ns)   --->   "%sext_ln42_7 = sext i18 %mult_32" [firmware/nnet_utils/nnet_dense_latency.h:42]   --->   Operation 47 'sext' 'sext_ln42_7' <Predicate = true> <Delay = 0.00>
ST_1 : Operation 48 [1/1] (0.00ns)   --->   "%tmp = bitconcatenate i17 @_ssdm_op_BitConcatenate.i17.i11.i6, i11 %data_3_val_read, i6 0" [firmware/nnet_utils/nnet_dense_latency.h:42]   --->   Operation 48 'bitconcatenate' 'tmp' <Predicate = true> <Delay = 0.00>
ST_1 : Operation 49 [1/1] (0.00ns)   --->   "%sext_ln42_8 = sext i17 %tmp" [firmware/nnet_utils/nnet_dense_latency.h:42]   --->   Operation 49 'sext' 'sext_ln42_8' <Predicate = true> <Delay = 0.00>
ST_1 : Operation 50 [1/1] (0.00ns)   --->   "%tmp_74 = bitconcatenate i16 @_ssdm_op_BitConcatenate.i16.i11.i5, i11 %data_3_val_read, i5 0" [firmware/nnet_utils/nnet_dense_latency.h:42]   --->   Operation 50 'bitconcatenate' 'tmp_74' <Predicate = true> <Delay = 0.00>
ST_1 : Operation 51 [1/1] (0.00ns)   --->   "%sext_ln42_9 = sext i16 %tmp_74" [firmware/nnet_utils/nnet_dense_latency.h:42]   --->   Operation 51 'sext' 'sext_ln42_9' <Predicate = true> <Delay = 0.00>
ST_1 : Operation 52 [1/1] (0.00ns)   --->   "%tmp_75 = bitconcatenate i15 @_ssdm_op_BitConcatenate.i15.i11.i4, i11 %data_3_val_read, i4 0" [firmware/nnet_utils/nnet_dense_latency.h:42]   --->   Operation 52 'bitconcatenate' 'tmp_75' <Predicate = true> <Delay = 0.00>
ST_1 : Operation 53 [1/1] (0.00ns)   --->   "%sext_ln42_10 = sext i15 %tmp_75" [firmware/nnet_utils/nnet_dense_latency.h:42]   --->   Operation 53 'sext' 'sext_ln42_10' <Predicate = true> <Delay = 0.00>
ST_1 : Operation 54 [1/1] (0.00ns) (grouped into TernaryAdder)   --->   "%mult_33 = sub i18 %sext_ln42_10, i18 %sext_ln42_8" [firmware/nnet_utils/nnet_dense_latency.h:42]   --->   Operation 54 'sub' 'mult_33' <Predicate = true> <Delay = 0.00> <CoreInst = "TAddSub">   --->   Core 10 'TAddSub' <Latency = 0> <II = 1> <Delay = 0.34> <IPBlock> <Opcode : '' 'add' 'sub'> <InPorts = 3> <OutPorts = 1> <Sync> <CReg>
ST_1 : Operation 55 [1/1] (0.00ns)   --->   "%tmp_76 = bitconcatenate i17 @_ssdm_op_BitConcatenate.i17.i11.i6, i11 %data_4_val_read, i6 0" [firmware/nnet_utils/nnet_dense_latency.h:42]   --->   Operation 55 'bitconcatenate' 'tmp_76' <Predicate = true> <Delay = 0.00>
ST_1 : Operation 56 [1/1] (0.00ns)   --->   "%mult_34 = bitconcatenate i16 @_ssdm_op_BitConcatenate.i16.i11.i5, i11 %data_4_val_read, i5 0" [firmware/nnet_utils/nnet_dense_latency.h:42]   --->   Operation 56 'bitconcatenate' 'mult_34' <Predicate = true> <Delay = 0.00>
ST_1 : Operation 57 [1/1] (0.00ns)   --->   "%sext_ln17_15 = sext i16 %mult_34" [firmware/nnet_utils/nnet_dense_latency.h:17]   --->   Operation 57 'sext' 'sext_ln17_15' <Predicate = true> <Delay = 0.00>
ST_1 : Operation 58 [1/1] (0.00ns)   --->   "%sext_ln17_16 = sext i16 %mult_34" [firmware/nnet_utils/nnet_dense_latency.h:17]   --->   Operation 58 'sext' 'sext_ln17_16' <Predicate = true> <Delay = 0.00>
ST_1 : Operation 59 [1/1] (0.00ns)   --->   "%tmp_77 = bitconcatenate i15 @_ssdm_op_BitConcatenate.i15.i11.i4, i11 %data_4_val_read, i4 0" [firmware/nnet_utils/nnet_dense_latency.h:42]   --->   Operation 59 'bitconcatenate' 'tmp_77' <Predicate = true> <Delay = 0.00>
ST_1 : Operation 60 [1/1] (0.00ns)   --->   "%sext_ln42_11 = sext i15 %tmp_77" [firmware/nnet_utils/nnet_dense_latency.h:42]   --->   Operation 60 'sext' 'sext_ln42_11' <Predicate = true> <Delay = 0.00>
ST_1 : Operation 61 [1/1] (0.00ns)   --->   "%sext_ln42_12 = sext i12 %data_5_val_read" [firmware/nnet_utils/nnet_dense_latency.h:42]   --->   Operation 61 'sext' 'sext_ln42_12' <Predicate = true> <Delay = 0.00>
ST_1 : Operation 62 [1/1] (0.00ns)   --->   "%mult_35 = bitconcatenate i17 @_ssdm_op_BitConcatenate.i17.i12.i5, i12 %data_5_val_read, i5 0" [firmware/nnet_utils/nnet_dense_latency.h:42]   --->   Operation 62 'bitconcatenate' 'mult_35' <Predicate = true> <Delay = 0.00>
ST_1 : Operation 63 [1/1] (0.00ns)   --->   "%sext_ln17_17 = sext i17 %mult_35" [firmware/nnet_utils/nnet_dense_latency.h:17]   --->   Operation 63 'sext' 'sext_ln17_17' <Predicate = true> <Delay = 0.00>
ST_1 : Operation 64 [1/1] (0.00ns)   --->   "%sext_ln42_13 = sext i11 %data_6_val_read" [firmware/nnet_utils/nnet_dense_latency.h:42]   --->   Operation 64 'sext' 'sext_ln42_13' <Predicate = true> <Delay = 0.00>
ST_1 : Operation 65 [1/1] (0.00ns)   --->   "%mult_36 = bitconcatenate i12 @_ssdm_op_BitConcatenate.i12.i11.i1, i11 %data_6_val_read, i1 0" [firmware/nnet_utils/nnet_dense_latency.h:42]   --->   Operation 65 'bitconcatenate' 'mult_36' <Predicate = true> <Delay = 0.00>
ST_1 : Operation 66 [1/1] (0.00ns)   --->   "%sext_ln17_18 = sext i12 %mult_36" [firmware/nnet_utils/nnet_dense_latency.h:17]   --->   Operation 66 'sext' 'sext_ln17_18' <Predicate = true> <Delay = 0.00>
ST_1 : Operation 67 [1/1] (0.00ns)   --->   "%tmp_78 = bitconcatenate i14 @_ssdm_op_BitConcatenate.i14.i11.i3, i11 %data_6_val_read, i3 0" [firmware/nnet_utils/nnet_dense_latency.h:42]   --->   Operation 67 'bitconcatenate' 'tmp_78' <Predicate = true> <Delay = 0.00>
ST_1 : Operation 68 [1/1] (0.00ns)   --->   "%sext_ln42_14 = sext i14 %tmp_78" [firmware/nnet_utils/nnet_dense_latency.h:42]   --->   Operation 68 'sext' 'sext_ln42_14' <Predicate = true> <Delay = 0.00>
ST_1 : Operation 69 [1/1] (0.76ns)   --->   "%mult_37 = sub i15 0, i15 %sext_ln42_14" [firmware/nnet_utils/nnet_dense_latency.h:42]   --->   Operation 69 'sub' 'mult_37' <Predicate = true> <Delay = 0.76> <CoreInst = "Adder">   --->   Core 1 'Adder' <Latency = 0> <II = 1> <Delay = 0.76> <FuncUnit> <Opcode : 'add' 'sub'> <InPorts = 2> <OutPorts = 1>
ST_1 : Operation 70 [1/1] (0.00ns)   --->   "%sext_ln17_19 = sext i15 %mult_37" [firmware/nnet_utils/nnet_dense_latency.h:17]   --->   Operation 70 'sext' 'sext_ln17_19' <Predicate = true> <Delay = 0.00>
ST_1 : Operation 71 [1/1] (0.00ns)   --->   "%sext_ln42_15 = sext i11 %data_7_val_read" [firmware/nnet_utils/nnet_dense_latency.h:42]   --->   Operation 71 'sext' 'sext_ln42_15' <Predicate = true> <Delay = 0.00>
ST_1 : Operation 72 [1/1] (0.00ns)   --->   "%mult_38 = bitconcatenate i14 @_ssdm_op_BitConcatenate.i14.i11.i3, i11 %data_7_val_read, i3 0" [firmware/nnet_utils/nnet_dense_latency.h:42]   --->   Operation 72 'bitconcatenate' 'mult_38' <Predicate = true> <Delay = 0.00>
ST_1 : Operation 73 [1/1] (0.00ns)   --->   "%sext_ln17_20 = sext i14 %mult_38" [firmware/nnet_utils/nnet_dense_latency.h:17]   --->   Operation 73 'sext' 'sext_ln17_20' <Predicate = true> <Delay = 0.00>
ST_1 : Operation 74 [1/1] (0.00ns)   --->   "%tmp_79 = bitconcatenate i15 @_ssdm_op_BitConcatenate.i15.i11.i4, i11 %data_7_val_read, i4 0" [firmware/nnet_utils/nnet_dense_latency.h:42]   --->   Operation 74 'bitconcatenate' 'tmp_79' <Predicate = true> <Delay = 0.00>
ST_1 : Operation 75 [1/1] (0.00ns)   --->   "%sext_ln42_16 = sext i15 %tmp_79" [firmware/nnet_utils/nnet_dense_latency.h:42]   --->   Operation 75 'sext' 'sext_ln42_16' <Predicate = true> <Delay = 0.00>
ST_1 : Operation 76 [1/1] (0.00ns)   --->   "%tmp_80 = bitconcatenate i13 @_ssdm_op_BitConcatenate.i13.i11.i2, i11 %data_7_val_read, i2 0" [firmware/nnet_utils/nnet_dense_latency.h:42]   --->   Operation 76 'bitconcatenate' 'tmp_80' <Predicate = true> <Delay = 0.00>
ST_1 : Operation 77 [1/1] (0.00ns)   --->   "%sext_ln42_17 = sext i13 %tmp_80" [firmware/nnet_utils/nnet_dense_latency.h:42]   --->   Operation 77 'sext' 'sext_ln42_17' <Predicate = true> <Delay = 0.00>
ST_1 : Operation 78 [1/1] (0.00ns)   --->   "%mult_39 = bitconcatenate i12 @_ssdm_op_BitConcatenate.i12.i11.i1, i11 %data_7_val_read, i1 0" [firmware/nnet_utils/nnet_dense_latency.h:42]   --->   Operation 78 'bitconcatenate' 'mult_39' <Predicate = true> <Delay = 0.00>
ST_1 : Operation 79 [1/1] (0.00ns)   --->   "%sext_ln17_21 = sext i12 %mult_39" [firmware/nnet_utils/nnet_dense_latency.h:17]   --->   Operation 79 'sext' 'sext_ln17_21' <Predicate = true> <Delay = 0.00>
ST_1 : Operation 80 [1/1] (0.00ns)   --->   "%sext_ln42_18 = sext i10 %data_9_val_read" [firmware/nnet_utils/nnet_dense_latency.h:42]   --->   Operation 80 'sext' 'sext_ln42_18' <Predicate = true> <Delay = 0.00>
ST_1 : Operation 81 [1/1] (0.00ns)   --->   "%mult_40 = bitconcatenate i14 @_ssdm_op_BitConcatenate.i14.i10.i4, i10 %data_9_val_read, i4 0" [firmware/nnet_utils/nnet_dense_latency.h:42]   --->   Operation 81 'bitconcatenate' 'mult_40' <Predicate = true> <Delay = 0.00>
ST_1 : Operation 82 [1/1] (0.00ns)   --->   "%sext_ln17_22 = sext i14 %mult_40" [firmware/nnet_utils/nnet_dense_latency.h:17]   --->   Operation 82 'sext' 'sext_ln17_22' <Predicate = true> <Delay = 0.00>
ST_1 : Operation 83 [1/1] (0.00ns)   --->   "%tmp_81 = bitconcatenate i11 @_ssdm_op_BitConcatenate.i11.i10.i1, i10 %data_9_val_read, i1 0" [firmware/nnet_utils/nnet_dense_latency.h:42]   --->   Operation 83 'bitconcatenate' 'tmp_81' <Predicate = true> <Delay = 0.00>
ST_1 : Operation 84 [1/1] (0.00ns)   --->   "%sext_ln42_21 = sext i11 %tmp_81" [firmware/nnet_utils/nnet_dense_latency.h:42]   --->   Operation 84 'sext' 'sext_ln42_21' <Predicate = true> <Delay = 0.00>
ST_1 : Operation 85 [1/1] (0.73ns)   --->   "%mult_41 = sub i12 0, i12 %sext_ln42_21" [firmware/nnet_utils/nnet_dense_latency.h:42]   --->   Operation 85 'sub' 'mult_41' <Predicate = true> <Delay = 0.73> <CoreInst = "Adder">   --->   Core 1 'Adder' <Latency = 0> <II = 1> <Delay = 0.73> <FuncUnit> <Opcode : 'add' 'sub'> <InPorts = 2> <OutPorts = 1>
ST_1 : Operation 86 [1/1] (0.00ns)   --->   "%sext_ln17_23 = sext i12 %mult_41" [firmware/nnet_utils/nnet_dense_latency.h:17]   --->   Operation 86 'sext' 'sext_ln17_23' <Predicate = true> <Delay = 0.00>
ST_1 : Operation 87 [1/1] (0.00ns)   --->   "%mult_42 = bitconcatenate i13 @_ssdm_op_BitConcatenate.i13.i10.i3, i10 %data_9_val_read, i3 0" [firmware/nnet_utils/nnet_dense_latency.h:42]   --->   Operation 87 'bitconcatenate' 'mult_42' <Predicate = true> <Delay = 0.00>
ST_1 : Operation 88 [1/1] (0.00ns)   --->   "%sext_ln17_24 = sext i13 %mult_42" [firmware/nnet_utils/nnet_dense_latency.h:17]   --->   Operation 88 'sext' 'sext_ln17_24' <Predicate = true> <Delay = 0.00>
ST_1 : Operation 89 [1/1] (0.00ns)   --->   "%mult_43 = bitconcatenate i12 @_ssdm_op_BitConcatenate.i12.i10.i2, i10 %data_9_val_read, i2 0" [firmware/nnet_utils/nnet_dense_latency.h:42]   --->   Operation 89 'bitconcatenate' 'mult_43' <Predicate = true> <Delay = 0.00>
ST_1 : Operation 90 [1/1] (0.00ns)   --->   "%sext_ln17_25 = sext i12 %mult_43" [firmware/nnet_utils/nnet_dense_latency.h:17]   --->   Operation 90 'sext' 'sext_ln17_25' <Predicate = true> <Delay = 0.00>
ST_1 : Operation 91 [1/1] (0.00ns)   --->   "%sext_ln42_19 = sext i10 %data_10_val_read" [firmware/nnet_utils/nnet_dense_latency.h:42]   --->   Operation 91 'sext' 'sext_ln42_19' <Predicate = true> <Delay = 0.00>
ST_1 : Operation 92 [1/1] (0.00ns)   --->   "%mult_44 = bitconcatenate i14 @_ssdm_op_BitConcatenate.i14.i10.i4, i10 %data_10_val_read, i4 0" [firmware/nnet_utils/nnet_dense_latency.h:42]   --->   Operation 92 'bitconcatenate' 'mult_44' <Predicate = true> <Delay = 0.00>
ST_1 : Operation 93 [1/1] (0.00ns)   --->   "%sext_ln17_26 = sext i14 %mult_44" [firmware/nnet_utils/nnet_dense_latency.h:17]   --->   Operation 93 'sext' 'sext_ln17_26' <Predicate = true> <Delay = 0.00>
ST_1 : Operation 94 [1/1] (0.00ns)   --->   "%tmp_82 = bitconcatenate i12 @_ssdm_op_BitConcatenate.i12.i10.i2, i10 %data_10_val_read, i2 0" [firmware/nnet_utils/nnet_dense_latency.h:17]   --->   Operation 94 'bitconcatenate' 'tmp_82' <Predicate = true> <Delay = 0.00>
ST_1 : Operation 95 [1/1] (0.00ns)   --->   "%sext_ln17_27 = sext i12 %tmp_82" [firmware/nnet_utils/nnet_dense_latency.h:17]   --->   Operation 95 'sext' 'sext_ln17_27' <Predicate = true> <Delay = 0.00>
ST_1 : Operation 96 [1/1] (0.76ns)   --->   "%sub_ln17_1 = sub i14 %sext_ln17_27, i14 %mult_44" [firmware/nnet_utils/nnet_dense_latency.h:17]   --->   Operation 96 'sub' 'sub_ln17_1' <Predicate = true> <Delay = 0.76> <CoreInst = "Adder">   --->   Core 1 'Adder' <Latency = 0> <II = 1> <Delay = 0.76> <FuncUnit> <Opcode : 'add' 'sub'> <InPorts = 2> <OutPorts = 1>
ST_1 : Operation 97 [1/1] (0.00ns)   --->   "%sext_ln42_20 = sext i10 %data_11_val_read" [firmware/nnet_utils/nnet_dense_latency.h:42]   --->   Operation 97 'sext' 'sext_ln42_20' <Predicate = true> <Delay = 0.00>
ST_1 : Operation 98 [1/1] (0.00ns)   --->   "%tmp_83 = bitconcatenate i13 @_ssdm_op_BitConcatenate.i13.i10.i3, i10 %data_11_val_read, i3 0" [firmware/nnet_utils/nnet_dense_latency.h:42]   --->   Operation 98 'bitconcatenate' 'tmp_83' <Predicate = true> <Delay = 0.00>
ST_1 : Operation 99 [1/1] (0.00ns)   --->   "%sext_ln42_22 = sext i13 %tmp_83" [firmware/nnet_utils/nnet_dense_latency.h:42]   --->   Operation 99 'sext' 'sext_ln42_22' <Predicate = true> <Delay = 0.00>
ST_1 : Operation 100 [1/1] (0.00ns)   --->   "%mult_45 = bitconcatenate i15 @_ssdm_op_BitConcatenate.i15.i10.i5, i10 %data_11_val_read, i5 0" [firmware/nnet_utils/nnet_dense_latency.h:42]   --->   Operation 100 'bitconcatenate' 'mult_45' <Predicate = true> <Delay = 0.00>
ST_1 : Operation 101 [1/1] (0.00ns)   --->   "%sext_ln17_28 = sext i15 %mult_45" [firmware/nnet_utils/nnet_dense_latency.h:17]   --->   Operation 101 'sext' 'sext_ln17_28' <Predicate = true> <Delay = 0.00>
ST_1 : Operation 102 [1/1] (0.00ns)   --->   "%mult_46 = bitconcatenate i11 @_ssdm_op_BitConcatenate.i11.i10.i1, i10 %data_11_val_read, i1 0" [firmware/nnet_utils/nnet_dense_latency.h:42]   --->   Operation 102 'bitconcatenate' 'mult_46' <Predicate = true> <Delay = 0.00>
ST_1 : Operation 103 [1/1] (0.00ns)   --->   "%sext_ln17_29 = sext i11 %mult_46" [firmware/nnet_utils/nnet_dense_latency.h:17]   --->   Operation 103 'sext' 'sext_ln17_29' <Predicate = true> <Delay = 0.00>
ST_1 : Operation 104 [1/1] (0.00ns)   --->   "%tmp_84 = bitconcatenate i14 @_ssdm_op_BitConcatenate.i14.i10.i4, i10 %data_11_val_read, i4 0" [firmware/nnet_utils/nnet_dense_latency.h:42]   --->   Operation 104 'bitconcatenate' 'tmp_84' <Predicate = true> <Delay = 0.00>
ST_1 : Operation 105 [1/1] (0.00ns)   --->   "%sext_ln42_24 = sext i14 %tmp_84" [firmware/nnet_utils/nnet_dense_latency.h:42]   --->   Operation 105 'sext' 'sext_ln42_24' <Predicate = true> <Delay = 0.00>
ST_1 : Operation 106 [1/1] (0.00ns)   --->   "%sext_ln42_23 = sext i10 %data_12_val_read" [firmware/nnet_utils/nnet_dense_latency.h:42]   --->   Operation 106 'sext' 'sext_ln42_23' <Predicate = true> <Delay = 0.00>
ST_1 : Operation 107 [1/1] (0.00ns)   --->   "%mult_47 = bitconcatenate i13 @_ssdm_op_BitConcatenate.i13.i10.i3, i10 %data_12_val_read, i3 0" [firmware/nnet_utils/nnet_dense_latency.h:42]   --->   Operation 107 'bitconcatenate' 'mult_47' <Predicate = true> <Delay = 0.00>
ST_1 : Operation 108 [1/1] (0.00ns)   --->   "%sext_ln17_30 = sext i13 %mult_47" [firmware/nnet_utils/nnet_dense_latency.h:17]   --->   Operation 108 'sext' 'sext_ln17_30' <Predicate = true> <Delay = 0.00>
ST_1 : Operation 109 [1/1] (0.00ns)   --->   "%sext_ln17_31 = sext i13 %mult_47" [firmware/nnet_utils/nnet_dense_latency.h:17]   --->   Operation 109 'sext' 'sext_ln17_31' <Predicate = true> <Delay = 0.00>
ST_1 : Operation 110 [1/1] (0.00ns)   --->   "%tmp_85 = bitconcatenate i12 @_ssdm_op_BitConcatenate.i12.i10.i2, i10 %data_12_val_read, i2 0" [firmware/nnet_utils/nnet_dense_latency.h:42]   --->   Operation 110 'bitconcatenate' 'tmp_85' <Predicate = true> <Delay = 0.00>
ST_1 : Operation 111 [1/1] (0.00ns)   --->   "%sext_ln42_25 = sext i12 %tmp_85" [firmware/nnet_utils/nnet_dense_latency.h:42]   --->   Operation 111 'sext' 'sext_ln42_25' <Predicate = true> <Delay = 0.00>
ST_1 : Operation 112 [1/1] (0.74ns)   --->   "%mult_48 = sub i13 0, i13 %sext_ln42_25" [firmware/nnet_utils/nnet_dense_latency.h:42]   --->   Operation 112 'sub' 'mult_48' <Predicate = true> <Delay = 0.74> <CoreInst = "Adder">   --->   Core 1 'Adder' <Latency = 0> <II = 1> <Delay = 0.74> <FuncUnit> <Opcode : 'add' 'sub'> <InPorts = 2> <OutPorts = 1>
ST_1 : Operation 113 [1/1] (0.00ns)   --->   "%sext_ln17_32 = sext i13 %mult_48" [firmware/nnet_utils/nnet_dense_latency.h:17]   --->   Operation 113 'sext' 'sext_ln17_32' <Predicate = true> <Delay = 0.00>
ST_1 : Operation 114 [1/1] (0.00ns)   --->   "%mult_49 = bitconcatenate i18 @_ssdm_op_BitConcatenate.i18.i12.i6, i12 %data_14_val_read, i6 0" [firmware/nnet_utils/nnet_dense_latency.h:42]   --->   Operation 114 'bitconcatenate' 'mult_49' <Predicate = true> <Delay = 0.00>
ST_1 : Operation 115 [1/1] (0.00ns)   --->   "%sext_ln17_33 = sext i18 %mult_49" [firmware/nnet_utils/nnet_dense_latency.h:17]   --->   Operation 115 'sext' 'sext_ln17_33' <Predicate = true> <Delay = 0.00>
ST_1 : Operation 116 [1/1] (0.00ns)   --->   "%mult_50 = bitconcatenate i17 @_ssdm_op_BitConcatenate.i17.i12.i5, i12 %data_14_val_read, i5 0" [firmware/nnet_utils/nnet_dense_latency.h:42]   --->   Operation 116 'bitconcatenate' 'mult_50' <Predicate = true> <Delay = 0.00>
ST_1 : Operation 117 [1/1] (0.00ns)   --->   "%sext_ln17_34 = sext i17 %mult_50" [firmware/nnet_utils/nnet_dense_latency.h:17]   --->   Operation 117 'sext' 'sext_ln17_34' <Predicate = true> <Delay = 0.00>
ST_1 : Operation 118 [1/1] (0.00ns)   --->   "%mult_51 = bitconcatenate i19 @_ssdm_op_BitConcatenate.i19.i12.i7, i12 %data_14_val_read, i7 0" [firmware/nnet_utils/nnet_dense_latency.h:42]   --->   Operation 118 'bitconcatenate' 'mult_51' <Predicate = true> <Delay = 0.00>
ST_1 : Operation 119 [1/1] (0.00ns)   --->   "%tmp_86 = bitconcatenate i16 @_ssdm_op_BitConcatenate.i16.i11.i5, i11 %data_15_val_read, i5 0" [firmware/nnet_utils/nnet_dense_latency.h:42]   --->   Operation 119 'bitconcatenate' 'tmp_86' <Predicate = true> <Delay = 0.00>
ST_1 : Operation 120 [1/1] (0.00ns)   --->   "%sext_ln42_26 = sext i16 %tmp_86" [firmware/nnet_utils/nnet_dense_latency.h:42]   --->   Operation 120 'sext' 'sext_ln42_26' <Predicate = true> <Delay = 0.00>
ST_1 : Operation 121 [1/1] (0.00ns)   --->   "%tmp_87 = bitconcatenate i17 @_ssdm_op_BitConcatenate.i17.i11.i6, i11 %data_15_val_read, i6 0" [firmware/nnet_utils/nnet_dense_latency.h:42]   --->   Operation 121 'bitconcatenate' 'tmp_87' <Predicate = true> <Delay = 0.00>
ST_1 : Operation 122 [1/1] (0.00ns)   --->   "%sext_ln42_27 = sext i17 %tmp_87" [firmware/nnet_utils/nnet_dense_latency.h:42]   --->   Operation 122 'sext' 'sext_ln42_27' <Predicate = true> <Delay = 0.00>
ST_1 : Operation 123 [1/1] (0.00ns)   --->   "%mult_52 = bitconcatenate i14 @_ssdm_op_BitConcatenate.i14.i11.i3, i11 %data_15_val_read, i3 0" [firmware/nnet_utils/nnet_dense_latency.h:42]   --->   Operation 123 'bitconcatenate' 'mult_52' <Predicate = true> <Delay = 0.00>
ST_1 : Operation 124 [1/1] (0.00ns)   --->   "%sext_ln17_35 = sext i14 %mult_52" [firmware/nnet_utils/nnet_dense_latency.h:17]   --->   Operation 124 'sext' 'sext_ln17_35' <Predicate = true> <Delay = 0.00>
ST_1 : Operation 125 [1/1] (0.00ns)   --->   "%sext_ln17_36 = sext i14 %mult_52" [firmware/nnet_utils/nnet_dense_latency.h:17]   --->   Operation 125 'sext' 'sext_ln17_36' <Predicate = true> <Delay = 0.00>
ST_1 : Operation 126 [1/1] (0.00ns)   --->   "%sext_ln58_35 = sext i17 %tmp_76" [firmware/nnet_utils/nnet_dense_latency.h:58]   --->   Operation 126 'sext' 'sext_ln58_35' <Predicate = true> <Delay = 0.00>
ST_1 : Operation 127 [1/1] (0.00ns) (grouped into TernaryAdder)   --->   "%sub_ln58_17 = sub i19 %sext_ln42_7, i19 %sext_ln58_35" [firmware/nnet_utils/nnet_dense_latency.h:58]   --->   Operation 127 'sub' 'sub_ln58_17' <Predicate = true> <Delay = 0.00> <CoreInst = "TAddSub">   --->   Core 10 'TAddSub' <Latency = 0> <II = 1> <Delay = 0.34> <IPBlock> <Opcode : '' 'add' 'sub'> <InPorts = 3> <OutPorts = 1> <Sync> <CReg>
ST_1 : Operation 128 [1/1] (0.76ns)   --->   "%add_ln58 = add i15 %sext_ln17_22, i15 26624" [firmware/nnet_utils/nnet_dense_latency.h:58]   --->   Operation 128 'add' 'add_ln58' <Predicate = true> <Delay = 0.76> <CoreInst = "Adder">   --->   Core 1 'Adder' <Latency = 0> <II = 1> <Delay = 0.76> <FuncUnit> <Opcode : 'add' 'sub'> <InPorts = 2> <OutPorts = 1>
ST_1 : Operation 129 [1/1] (0.00ns)   --->   "%sext_ln58 = sext i15 %add_ln58" [firmware/nnet_utils/nnet_dense_latency.h:58]   --->   Operation 129 'sext' 'sext_ln58' <Predicate = true> <Delay = 0.00>
ST_1 : Operation 130 [1/1] (0.68ns) (root node of TernaryAdder)   --->   "%add_ln58_59 = add i19 %sext_ln58, i19 %sub_ln58_17" [firmware/nnet_utils/nnet_dense_latency.h:58]   --->   Operation 130 'add' 'add_ln58_59' <Predicate = true> <Delay = 0.68> <CoreInst = "TAddSub">   --->   Core 10 'TAddSub' <Latency = 0> <II = 1> <Delay = 0.34> <IPBlock> <Opcode : '' 'add' 'sub'> <InPorts = 3> <OutPorts = 1> <Sync> <CReg>
ST_1 : Operation 131 [1/1] (0.00ns)   --->   "%data_1_val_cast20 = sext i11 %data_1_val_read" [firmware/nnet_utils/nnet_dense_latency.h:33]   --->   Operation 131 'sext' 'data_1_val_cast20' <Predicate = true> <Delay = 0.00>
ST_1 : Operation 132 [1/1] (0.00ns)   --->   "%data_2_val_cast21 = sext i11 %data_2_val_read" [firmware/nnet_utils/nnet_dense_latency.h:33]   --->   Operation 132 'sext' 'data_2_val_cast21' <Predicate = true> <Delay = 0.00>
ST_1 : Operation 133 [1/1] (0.73ns)   --->   "%tmp80 = sub i12 %data_1_val_cast20, i12 %data_2_val_cast21" [firmware/nnet_utils/nnet_dense_latency.h:33]   --->   Operation 133 'sub' 'tmp80' <Predicate = true> <Delay = 0.73> <CoreInst = "Adder">   --->   Core 1 'Adder' <Latency = 0> <II = 1> <Delay = 0.73> <FuncUnit> <Opcode : 'add' 'sub'> <InPorts = 2> <OutPorts = 1>
ST_1 : Operation 134 [1/1] (0.00ns)   --->   "%tmp_s = bitconcatenate i17 @_ssdm_op_BitConcatenate.i17.i12.i5, i12 %tmp80, i5 0" [firmware/nnet_utils/nnet_dense_latency.h:33]   --->   Operation 134 'bitconcatenate' 'tmp_s' <Predicate = true> <Delay = 0.00>
ST_1 : Operation 135 [1/1] (0.00ns)   --->   "%sext_ln58_38 = sext i17 %tmp_s" [firmware/nnet_utils/nnet_dense_latency.h:58]   --->   Operation 135 'sext' 'sext_ln58_38' <Predicate = true> <Delay = 0.00>
ST_1 : Operation 136 [1/1] (0.79ns)   --->   "%sub_ln58_18 = sub i18 %sext_ln17_5, i18 %sext_ln42_8" [firmware/nnet_utils/nnet_dense_latency.h:58]   --->   Operation 136 'sub' 'sub_ln58_18' <Predicate = true> <Delay = 0.79> <CoreInst = "Adder">   --->   Core 1 'Adder' <Latency = 0> <II = 1> <Delay = 0.79> <FuncUnit> <Opcode : 'add' 'sub'> <InPorts = 2> <OutPorts = 1>
ST_1 : Operation 137 [1/1] (0.00ns)   --->   "%sext_ln58_32 = sext i18 %sub_ln58_18" [firmware/nnet_utils/nnet_dense_latency.h:58]   --->   Operation 137 'sext' 'sext_ln58_32' <Predicate = true> <Delay = 0.00>
ST_1 : Operation 138 [1/1] (0.78ns)   --->   "%sub_ln58_19 = sub i17 %sext_ln17_19, i17 %sext_ln17_16" [firmware/nnet_utils/nnet_dense_latency.h:58]   --->   Operation 138 'sub' 'sub_ln58_19' <Predicate = true> <Delay = 0.78> <CoreInst = "Adder">   --->   Core 1 'Adder' <Latency = 0> <II = 1> <Delay = 0.78> <FuncUnit> <Opcode : 'add' 'sub'> <InPorts = 2> <OutPorts = 1>
ST_1 : Operation 139 [1/1] (0.00ns)   --->   "%sext_ln58_61 = sext i17 %sub_ln58_19" [firmware/nnet_utils/nnet_dense_latency.h:58]   --->   Operation 139 'sext' 'sext_ln58_61' <Predicate = true> <Delay = 0.00>
ST_1 : Operation 140 [1/1] (0.79ns)   --->   "%add_ln58_60 = add i18 %sext_ln58_61, i18 %sext_ln58_38" [firmware/nnet_utils/nnet_dense_latency.h:58]   --->   Operation 140 'add' 'add_ln58_60' <Predicate = true> <Delay = 0.79> <CoreInst = "Adder">   --->   Core 1 'Adder' <Latency = 0> <II = 1> <Delay = 0.79> <FuncUnit> <Opcode : 'add' 'sub'> <InPorts = 2> <OutPorts = 1>
ST_1 : Operation 141 [1/1] (0.00ns)   --->   "%sext_ln58_62 = sext i18 %add_ln58_60" [firmware/nnet_utils/nnet_dense_latency.h:58]   --->   Operation 141 'sext' 'sext_ln58_62' <Predicate = true> <Delay = 0.00>
ST_1 : Operation 142 [1/1] (0.00ns) (grouped into TernaryAdder)   --->   "%add_ln58_61 = add i19 %sext_ln58_62, i19 %sext_ln58_32" [firmware/nnet_utils/nnet_dense_latency.h:58]   --->   Operation 142 'add' 'add_ln58_61' <Predicate = true> <Delay = 0.00> <CoreInst = "TAddSub">   --->   Core 10 'TAddSub' <Latency = 0> <II = 1> <Delay = 0.34> <IPBlock> <Opcode : '' 'add' 'sub'> <InPorts = 3> <OutPorts = 1> <Sync> <CReg>
ST_1 : Operation 143 [1/1] (0.00ns)   --->   "%sext_ln58_63 = sext i13 %tmp_83" [firmware/nnet_utils/nnet_dense_latency.h:58]   --->   Operation 143 'sext' 'sext_ln58_63' <Predicate = true> <Delay = 0.00>
ST_1 : Operation 144 [1/1] (0.00ns)   --->   "%sext_ln58_64 = sext i14 %mult_44" [firmware/nnet_utils/nnet_dense_latency.h:58]   --->   Operation 144 'sext' 'sext_ln58_64' <Predicate = true> <Delay = 0.00>
ST_1 : Operation 145 [1/1] (0.76ns)   --->   "%sub_ln58_20 = sub i15 %sext_ln58_64, i15 %sext_ln58_63" [firmware/nnet_utils/nnet_dense_latency.h:58]   --->   Operation 145 'sub' 'sub_ln58_20' <Predicate = true> <Delay = 0.76> <CoreInst = "Adder">   --->   Core 1 'Adder' <Latency = 0> <II = 1> <Delay = 0.76> <FuncUnit> <Opcode : 'add' 'sub'> <InPorts = 2> <OutPorts = 1>
ST_1 : Operation 146 [1/1] (0.00ns)   --->   "%sext_ln58_34 = sext i15 %sub_ln58_20" [firmware/nnet_utils/nnet_dense_latency.h:58]   --->   Operation 146 'sext' 'sext_ln58_34' <Predicate = true> <Delay = 0.00>
ST_1 : Operation 147 [1/1] (0.79ns)   --->   "%add_ln58_62 = add i19 %sext_ln17_33, i19 521728" [firmware/nnet_utils/nnet_dense_latency.h:58]   --->   Operation 147 'add' 'add_ln58_62' <Predicate = true> <Delay = 0.79> <CoreInst = "Adder">   --->   Core 1 'Adder' <Latency = 0> <II = 1> <Delay = 0.79> <FuncUnit> <Opcode : 'add' 'sub'> <InPorts = 2> <OutPorts = 1>
ST_1 : Operation 148 [1/1] (0.00ns) (grouped into TernaryAdder)   --->   "%add_ln58_63 = add i19 %add_ln58_62, i19 %sext_ln17_32" [firmware/nnet_utils/nnet_dense_latency.h:58]   --->   Operation 148 'add' 'add_ln58_63' <Predicate = true> <Delay = 0.00> <CoreInst = "TAddSub">   --->   Core 10 'TAddSub' <Latency = 0> <II = 1> <Delay = 0.34> <IPBlock> <Opcode : '' 'add' 'sub'> <InPorts = 3> <OutPorts = 1> <Sync> <CReg>
ST_1 : Operation 149 [1/1] (0.68ns) (root node of TernaryAdder)   --->   "%add_ln58_64 = add i19 %add_ln58_63, i19 %sext_ln58_34" [firmware/nnet_utils/nnet_dense_latency.h:58]   --->   Operation 149 'add' 'add_ln58_64' <Predicate = true> <Delay = 0.68> <CoreInst = "TAddSub">   --->   Core 10 'TAddSub' <Latency = 0> <II = 1> <Delay = 0.34> <IPBlock> <Opcode : '' 'add' 'sub'> <InPorts = 3> <OutPorts = 1> <Sync> <CReg>
ST_1 : Operation 150 [1/1] (0.68ns) (root node of TernaryAdder)   --->   "%add_ln58_65 = add i19 %add_ln58_64, i19 %add_ln58_61" [firmware/nnet_utils/nnet_dense_latency.h:58]   --->   Operation 150 'add' 'add_ln58_65' <Predicate = true> <Delay = 0.68> <CoreInst = "TAddSub">   --->   Core 10 'TAddSub' <Latency = 0> <II = 1> <Delay = 0.34> <IPBlock> <Opcode : '' 'add' 'sub'> <InPorts = 3> <OutPorts = 1> <Sync> <CReg>
ST_1 : Operation 151 [1/1] (0.73ns)   --->   "%tmp278 = add i12 %data_2_val_cast21, i12 %data_1_val_cast20" [firmware/nnet_utils/nnet_dense_latency.h:33]   --->   Operation 151 'add' 'tmp278' <Predicate = true> <Delay = 0.73> <CoreInst = "Adder">   --->   Core 1 'Adder' <Latency = 0> <II = 1> <Delay = 0.73> <FuncUnit> <Opcode : 'add' 'sub'> <InPorts = 2> <OutPorts = 1>
ST_1 : Operation 152 [1/1] (0.00ns)   --->   "%tmp_29 = bitconcatenate i16 @_ssdm_op_BitConcatenate.i16.i12.i4, i12 %tmp278, i4 0" [firmware/nnet_utils/nnet_dense_latency.h:33]   --->   Operation 152 'bitconcatenate' 'tmp_29' <Predicate = true> <Delay = 0.00>
ST_1 : Operation 153 [1/1] (0.00ns)   --->   "%sext_ln58_65 = sext i16 %tmp_29" [firmware/nnet_utils/nnet_dense_latency.h:58]   --->   Operation 153 'sext' 'sext_ln58_65' <Predicate = true> <Delay = 0.00>
ST_1 : Operation 154 [1/1] (0.78ns)   --->   "%add_ln58_66 = add i17 %sext_ln17, i17 %sext_ln58_65" [firmware/nnet_utils/nnet_dense_latency.h:58]   --->   Operation 154 'add' 'add_ln58_66' <Predicate = true> <Delay = 0.78> <CoreInst = "Adder">   --->   Core 1 'Adder' <Latency = 0> <II = 1> <Delay = 0.78> <FuncUnit> <Opcode : 'add' 'sub'> <InPorts = 2> <OutPorts = 1>
ST_1 : Operation 155 [1/1] (0.00ns)   --->   "%sext_ln58_66 = sext i17 %add_ln58_66" [firmware/nnet_utils/nnet_dense_latency.h:58]   --->   Operation 155 'sext' 'sext_ln58_66' <Predicate = true> <Delay = 0.00>
ST_1 : Operation 156 [1/1] (0.78ns)   --->   "%add_ln58_67 = add i17 %sext_ln17_16, i17 %sext_ln17_20" [firmware/nnet_utils/nnet_dense_latency.h:58]   --->   Operation 156 'add' 'add_ln58_67' <Predicate = true> <Delay = 0.78> <CoreInst = "Adder">   --->   Core 1 'Adder' <Latency = 0> <II = 1> <Delay = 0.78> <FuncUnit> <Opcode : 'add' 'sub'> <InPorts = 2> <OutPorts = 1>
ST_1 : Operation 157 [1/1] (0.00ns)   --->   "%sext_ln58_67 = sext i17 %add_ln58_67" [firmware/nnet_utils/nnet_dense_latency.h:58]   --->   Operation 157 'sext' 'sext_ln58_67' <Predicate = true> <Delay = 0.00>
ST_1 : Operation 158 [1/1] (0.79ns)   --->   "%add_ln58_68 = add i18 %sext_ln58_67, i18 %sext_ln58_66" [firmware/nnet_utils/nnet_dense_latency.h:58]   --->   Operation 158 'add' 'add_ln58_68' <Predicate = true> <Delay = 0.79> <CoreInst = "Adder">   --->   Core 1 'Adder' <Latency = 0> <II = 1> <Delay = 0.79> <FuncUnit> <Opcode : 'add' 'sub'> <InPorts = 2> <OutPorts = 1>
ST_1 : Operation 159 [1/1] (0.00ns)   --->   "%sext_ln58_68 = sext i18 %add_ln58_68" [firmware/nnet_utils/nnet_dense_latency.h:58]   --->   Operation 159 'sext' 'sext_ln58_68' <Predicate = true> <Delay = 0.00>
ST_1 : Operation 160 [1/1] (0.75ns)   --->   "%sub_ln58_21 = sub i14 %sext_ln17_31, i14 %sext_ln42_22" [firmware/nnet_utils/nnet_dense_latency.h:58]   --->   Operation 160 'sub' 'sub_ln58_21' <Predicate = true> <Delay = 0.75> <CoreInst = "Adder">   --->   Core 1 'Adder' <Latency = 0> <II = 1> <Delay = 0.75> <FuncUnit> <Opcode : 'add' 'sub'> <InPorts = 2> <OutPorts = 1>
ST_1 : Operation 161 [1/1] (0.00ns)   --->   "%sext_ln58_36 = sext i14 %sub_ln58_21" [firmware/nnet_utils/nnet_dense_latency.h:58]   --->   Operation 161 'sext' 'sext_ln58_36' <Predicate = true> <Delay = 0.00>
ST_1 : Operation 162 [1/1] (0.00ns) (grouped into TernaryAdder)   --->   "%sub_ln58_22 = sub i17 124416, i17 %sext_ln42_26" [firmware/nnet_utils/nnet_dense_latency.h:58]   --->   Operation 162 'sub' 'sub_ln58_22' <Predicate = true> <Delay = 0.00> <CoreInst = "TAddSub">   --->   Core 10 'TAddSub' <Latency = 0> <II = 1> <Delay = 0.34> <IPBlock> <Opcode : '' 'add' 'sub'> <InPorts = 3> <OutPorts = 1> <Sync> <CReg>
ST_1 : Operation 163 [1/1] (0.67ns) (root node of TernaryAdder)   --->   "%add_ln58_69 = add i17 %sub_ln58_22, i17 %sext_ln58_36" [firmware/nnet_utils/nnet_dense_latency.h:58]   --->   Operation 163 'add' 'add_ln58_69' <Predicate = true> <Delay = 0.67> <CoreInst = "TAddSub">   --->   Core 10 'TAddSub' <Latency = 0> <II = 1> <Delay = 0.34> <IPBlock> <Opcode : '' 'add' 'sub'> <InPorts = 3> <OutPorts = 1> <Sync> <CReg>
ST_1 : Operation 164 [1/1] (0.00ns)   --->   "%sext_ln58_37 = sext i17 %add_ln58_69" [firmware/nnet_utils/nnet_dense_latency.h:58]   --->   Operation 164 'sext' 'sext_ln58_37' <Predicate = true> <Delay = 0.00>
ST_1 : Operation 165 [1/1] (0.79ns)   --->   "%add_ln58_70 = add i19 %sext_ln58_37, i19 %sext_ln58_68" [firmware/nnet_utils/nnet_dense_latency.h:58]   --->   Operation 165 'add' 'add_ln58_70' <Predicate = true> <Delay = 0.79> <CoreInst = "Adder">   --->   Core 1 'Adder' <Latency = 0> <II = 1> <Delay = 0.79> <FuncUnit> <Opcode : 'add' 'sub'> <InPorts = 2> <OutPorts = 1>
ST_1 : Operation 166 [1/1] (0.74ns)   --->   "%tmp4 = add i13 %sext_ln42_12, i13 %sext_ln42_3" [firmware/nnet_utils/nnet_dense_latency.h:42]   --->   Operation 166 'add' 'tmp4' <Predicate = true> <Delay = 0.74> <CoreInst = "Adder">   --->   Core 1 'Adder' <Latency = 0> <II = 1> <Delay = 0.74> <FuncUnit> <Opcode : 'add' 'sub'> <InPorts = 2> <OutPorts = 1>
ST_1 : Operation 167 [1/1] (0.00ns)   --->   "%p_shl7 = bitconcatenate i17 @_ssdm_op_BitConcatenate.i17.i13.i4, i13 %tmp4, i4 0" [firmware/nnet_utils/nnet_dense_latency.h:58]   --->   Operation 167 'bitconcatenate' 'p_shl7' <Predicate = true> <Delay = 0.00>
ST_1 : Operation 168 [1/1] (0.00ns) (grouped into TernaryAdder)   --->   "%sub_ln58_23 = sub i18 %sext_ln17_12, i18 %sext_ln42_8" [firmware/nnet_utils/nnet_dense_latency.h:58]   --->   Operation 168 'sub' 'sub_ln58_23' <Predicate = true> <Delay = 0.00> <CoreInst = "TAddSub">   --->   Core 10 'TAddSub' <Latency = 0> <II = 1> <Delay = 0.34> <IPBlock> <Opcode : '' 'add' 'sub'> <InPorts = 3> <OutPorts = 1> <Sync> <CReg>
ST_1 : Operation 169 [1/1] (0.68ns) (root node of TernaryAdder)   --->   "%add_ln58_71 = add i18 %sub_ln58_23, i18 %sext_ln17_7" [firmware/nnet_utils/nnet_dense_latency.h:58]   --->   Operation 169 'add' 'add_ln58_71' <Predicate = true> <Delay = 0.68> <CoreInst = "TAddSub">   --->   Core 10 'TAddSub' <Latency = 0> <II = 1> <Delay = 0.34> <IPBlock> <Opcode : '' 'add' 'sub'> <InPorts = 3> <OutPorts = 1> <Sync> <CReg>
ST_1 : Operation 170 [1/1] (0.00ns)   --->   "%sext_ln58_39 = sext i18 %add_ln58_71" [firmware/nnet_utils/nnet_dense_latency.h:58]   --->   Operation 170 'sext' 'sext_ln58_39' <Predicate = true> <Delay = 0.00>
ST_1 : Operation 171 [1/1] (0.79ns)   --->   "%sub_ln58_24 = sub i17 %sext_ln17_18, i17 %p_shl7" [firmware/nnet_utils/nnet_dense_latency.h:58]   --->   Operation 171 'sub' 'sub_ln58_24' <Predicate = true> <Delay = 0.79> <CoreInst = "Adder">   --->   Core 1 'Adder' <Latency = 0> <II = 1> <Delay = 0.79> <FuncUnit> <Opcode : 'add' 'sub'> <InPorts = 2> <OutPorts = 1>
ST_1 : Operation 172 [1/1] (0.00ns)   --->   "%sext_ln58_40 = sext i17 %sub_ln58_24" [firmware/nnet_utils/nnet_dense_latency.h:58]   --->   Operation 172 'sext' 'sext_ln58_40' <Predicate = true> <Delay = 0.00>
ST_1 : Operation 173 [1/1] (0.79ns)   --->   "%add_ln58_72 = add i18 %sext_ln58_40, i18 %sext_ln17_15" [firmware/nnet_utils/nnet_dense_latency.h:58]   --->   Operation 173 'add' 'add_ln58_72' <Predicate = true> <Delay = 0.79> <CoreInst = "Adder">   --->   Core 1 'Adder' <Latency = 0> <II = 1> <Delay = 0.79> <FuncUnit> <Opcode : 'add' 'sub'> <InPorts = 2> <OutPorts = 1>
ST_1 : Operation 174 [1/1] (0.00ns)   --->   "%sext_ln58_41 = sext i18 %add_ln58_72" [firmware/nnet_utils/nnet_dense_latency.h:58]   --->   Operation 174 'sext' 'sext_ln58_41' <Predicate = true> <Delay = 0.00>
ST_1 : Operation 175 [1/1] (0.00ns) (grouped into TernaryAdder)   --->   "%add_ln58_73 = add i19 %sext_ln58_41, i19 %sext_ln58_39" [firmware/nnet_utils/nnet_dense_latency.h:58]   --->   Operation 175 'add' 'add_ln58_73' <Predicate = true> <Delay = 0.00> <CoreInst = "TAddSub">   --->   Core 10 'TAddSub' <Latency = 0> <II = 1> <Delay = 0.34> <IPBlock> <Opcode : '' 'add' 'sub'> <InPorts = 3> <OutPorts = 1> <Sync> <CReg>
ST_1 : Operation 176 [1/1] (0.00ns)   --->   "%sext_ln58_69 = sext i11 %tmp_81" [firmware/nnet_utils/nnet_dense_latency.h:58]   --->   Operation 176 'sext' 'sext_ln58_69' <Predicate = true> <Delay = 0.00>
ST_1 : Operation 177 [1/1] (0.76ns)   --->   "%sub_ln58_25 = sub i15 %sext_ln58_64, i15 %sext_ln58_69" [firmware/nnet_utils/nnet_dense_latency.h:58]   --->   Operation 177 'sub' 'sub_ln58_25' <Predicate = true> <Delay = 0.76> <CoreInst = "Adder">   --->   Core 1 'Adder' <Latency = 0> <II = 1> <Delay = 0.76> <FuncUnit> <Opcode : 'add' 'sub'> <InPorts = 2> <OutPorts = 1>
ST_1 : Operation 178 [1/1] (0.00ns)   --->   "%sext_ln58_42 = sext i15 %sub_ln58_25" [firmware/nnet_utils/nnet_dense_latency.h:58]   --->   Operation 178 'sext' 'sext_ln58_42' <Predicate = true> <Delay = 0.00>
ST_1 : Operation 179 [1/1] (0.77ns)   --->   "%sub_ln58_26 = sub i16 %sext_ln58_42, i16 %sext_ln42_16" [firmware/nnet_utils/nnet_dense_latency.h:58]   --->   Operation 179 'sub' 'sub_ln58_26' <Predicate = true> <Delay = 0.77> <CoreInst = "Adder">   --->   Core 1 'Adder' <Latency = 0> <II = 1> <Delay = 0.77> <FuncUnit> <Opcode : 'add' 'sub'> <InPorts = 2> <OutPorts = 1>
ST_1 : Operation 180 [1/1] (0.00ns)   --->   "%sext_ln58_43 = sext i16 %sub_ln58_26" [firmware/nnet_utils/nnet_dense_latency.h:58]   --->   Operation 180 'sext' 'sext_ln58_43' <Predicate = true> <Delay = 0.00>
ST_1 : Operation 181 [1/1] (0.00ns)   --->   "%sext_ln58_44 = sext i14 %sub_ln58_21" [firmware/nnet_utils/nnet_dense_latency.h:58]   --->   Operation 181 'sext' 'sext_ln58_44' <Predicate = true> <Delay = 0.00>
ST_1 : Operation 182 [1/1] (0.79ns)   --->   "%sub_ln58_27 = sub i18 2304, i18 %sext_ln42_27" [firmware/nnet_utils/nnet_dense_latency.h:58]   --->   Operation 182 'sub' 'sub_ln58_27' <Predicate = true> <Delay = 0.79> <CoreInst = "Adder">   --->   Core 1 'Adder' <Latency = 0> <II = 1> <Delay = 0.79> <FuncUnit> <Opcode : 'add' 'sub'> <InPorts = 2> <OutPorts = 1>
ST_1 : Operation 183 [1/1] (0.00ns) (grouped into TernaryAdder)   --->   "%add_ln58_74 = add i18 %sub_ln58_27, i18 %sext_ln58_44" [firmware/nnet_utils/nnet_dense_latency.h:58]   --->   Operation 183 'add' 'add_ln58_74' <Predicate = true> <Delay = 0.00> <CoreInst = "TAddSub">   --->   Core 10 'TAddSub' <Latency = 0> <II = 1> <Delay = 0.34> <IPBlock> <Opcode : '' 'add' 'sub'> <InPorts = 3> <OutPorts = 1> <Sync> <CReg>
ST_1 : Operation 184 [1/1] (0.68ns) (root node of TernaryAdder)   --->   "%add_ln58_75 = add i18 %add_ln58_74, i18 %sext_ln58_43" [firmware/nnet_utils/nnet_dense_latency.h:58]   --->   Operation 184 'add' 'add_ln58_75' <Predicate = true> <Delay = 0.68> <CoreInst = "TAddSub">   --->   Core 10 'TAddSub' <Latency = 0> <II = 1> <Delay = 0.34> <IPBlock> <Opcode : '' 'add' 'sub'> <InPorts = 3> <OutPorts = 1> <Sync> <CReg>
ST_1 : Operation 185 [1/1] (0.00ns)   --->   "%sext_ln58_45 = sext i18 %add_ln58_75" [firmware/nnet_utils/nnet_dense_latency.h:58]   --->   Operation 185 'sext' 'sext_ln58_45' <Predicate = true> <Delay = 0.00>
ST_1 : Operation 186 [1/1] (0.68ns) (root node of TernaryAdder)   --->   "%add_ln58_76 = add i19 %sext_ln58_45, i19 %add_ln58_73" [firmware/nnet_utils/nnet_dense_latency.h:58]   --->   Operation 186 'add' 'add_ln58_76' <Predicate = true> <Delay = 0.68> <CoreInst = "TAddSub">   --->   Core 10 'TAddSub' <Latency = 0> <II = 1> <Delay = 0.34> <IPBlock> <Opcode : '' 'add' 'sub'> <InPorts = 3> <OutPorts = 1> <Sync> <CReg>
ST_1 : Operation 187 [1/1] (0.00ns)   --->   "%data_4_val_cast26 = sext i11 %data_4_val_read" [firmware/nnet_utils/nnet_dense_latency.h:33]   --->   Operation 187 'sext' 'data_4_val_cast26' <Predicate = true> <Delay = 0.00>
ST_1 : Operation 188 [1/1] (0.73ns)   --->   "%tmp776 = sub i12 %data_4_val_cast26, i12 %sext_ln42_13" [firmware/nnet_utils/nnet_dense_latency.h:33]   --->   Operation 188 'sub' 'tmp776' <Predicate = true> <Delay = 0.73> <CoreInst = "Adder">   --->   Core 1 'Adder' <Latency = 0> <II = 1> <Delay = 0.73> <FuncUnit> <Opcode : 'add' 'sub'> <InPorts = 2> <OutPorts = 1>
ST_1 : Operation 189 [1/1] (0.00ns)   --->   "%tmp_30 = bitconcatenate i16 @_ssdm_op_BitConcatenate.i16.i12.i4, i12 %tmp776, i4 0" [firmware/nnet_utils/nnet_dense_latency.h:33]   --->   Operation 189 'bitconcatenate' 'tmp_30' <Predicate = true> <Delay = 0.00>
ST_1 : Operation 190 [1/1] (0.78ns)   --->   "%sub_ln58_28 = sub i17 %sext_ln17_11, i17 %sext_ln42_9" [firmware/nnet_utils/nnet_dense_latency.h:58]   --->   Operation 190 'sub' 'sub_ln58_28' <Predicate = true> <Delay = 0.78> <CoreInst = "Adder">   --->   Core 1 'Adder' <Latency = 0> <II = 1> <Delay = 0.78> <FuncUnit> <Opcode : 'add' 'sub'> <InPorts = 2> <OutPorts = 1>
ST_1 : Operation 191 [1/1] (0.00ns)   --->   "%sext_ln58_46 = sext i17 %sub_ln58_28" [firmware/nnet_utils/nnet_dense_latency.h:58]   --->   Operation 191 'sext' 'sext_ln58_46' <Predicate = true> <Delay = 0.00>
ST_1 : Operation 192 [1/1] (0.00ns)   --->   "%sext_ln58_70 = sext i15 %tmp_79" [firmware/nnet_utils/nnet_dense_latency.h:58]   --->   Operation 192 'sext' 'sext_ln58_70' <Predicate = true> <Delay = 0.00>
ST_1 : Operation 193 [1/1] (0.00ns)   --->   "%sext_ln58_71 = sext i16 %tmp_30" [firmware/nnet_utils/nnet_dense_latency.h:58]   --->   Operation 193 'sext' 'sext_ln58_71' <Predicate = true> <Delay = 0.00>
ST_1 : Operation 194 [1/1] (0.78ns)   --->   "%sub_ln58_29 = sub i17 %sext_ln58_71, i17 %sext_ln58_70" [firmware/nnet_utils/nnet_dense_latency.h:58]   --->   Operation 194 'sub' 'sub_ln58_29' <Predicate = true> <Delay = 0.78> <CoreInst = "Adder">   --->   Core 1 'Adder' <Latency = 0> <II = 1> <Delay = 0.78> <FuncUnit> <Opcode : 'add' 'sub'> <InPorts = 2> <OutPorts = 1>
ST_1 : Operation 195 [1/1] (0.00ns)   --->   "%sext_ln58_72 = sext i17 %sub_ln58_29" [firmware/nnet_utils/nnet_dense_latency.h:58]   --->   Operation 195 'sext' 'sext_ln58_72' <Predicate = true> <Delay = 0.00>
ST_1 : Operation 196 [1/1] (0.79ns)   --->   "%add_ln58_77 = add i18 %sext_ln58_72, i18 %sext_ln17_17" [firmware/nnet_utils/nnet_dense_latency.h:58]   --->   Operation 196 'add' 'add_ln58_77' <Predicate = true> <Delay = 0.79> <CoreInst = "Adder">   --->   Core 1 'Adder' <Latency = 0> <II = 1> <Delay = 0.79> <FuncUnit> <Opcode : 'add' 'sub'> <InPorts = 2> <OutPorts = 1>
ST_1 : Operation 197 [1/1] (0.00ns)   --->   "%sext_ln58_73 = sext i18 %add_ln58_77" [firmware/nnet_utils/nnet_dense_latency.h:58]   --->   Operation 197 'sext' 'sext_ln58_73' <Predicate = true> <Delay = 0.00>
ST_1 : Operation 198 [1/1] (0.00ns) (grouped into TernaryAdder)   --->   "%add_ln58_78 = add i19 %sext_ln58_73, i19 %sext_ln58_46" [firmware/nnet_utils/nnet_dense_latency.h:58]   --->   Operation 198 'add' 'add_ln58_78' <Predicate = true> <Delay = 0.00> <CoreInst = "TAddSub">   --->   Core 10 'TAddSub' <Latency = 0> <II = 1> <Delay = 0.34> <IPBlock> <Opcode : '' 'add' 'sub'> <InPorts = 3> <OutPorts = 1> <Sync> <CReg>
ST_1 : Operation 199 [1/1] (0.77ns)   --->   "%add_ln58_79 = add i16 %sext_ln17_24, i16 %sext_ln17_28" [firmware/nnet_utils/nnet_dense_latency.h:58]   --->   Operation 199 'add' 'add_ln58_79' <Predicate = true> <Delay = 0.77> <CoreInst = "Adder">   --->   Core 1 'Adder' <Latency = 0> <II = 1> <Delay = 0.77> <FuncUnit> <Opcode : 'add' 'sub'> <InPorts = 2> <OutPorts = 1>
ST_1 : Operation 200 [1/1] (0.00ns)   --->   "%sext_ln58_47 = sext i16 %add_ln58_79" [firmware/nnet_utils/nnet_dense_latency.h:58]   --->   Operation 200 'sext' 'sext_ln58_47' <Predicate = true> <Delay = 0.00>
ST_1 : Operation 201 [1/1] (0.78ns)   --->   "%sub_ln58_30 = sub i17 128000, i17 %sext_ln42_26" [firmware/nnet_utils/nnet_dense_latency.h:58]   --->   Operation 201 'sub' 'sub_ln58_30' <Predicate = true> <Delay = 0.78> <CoreInst = "Adder">   --->   Core 1 'Adder' <Latency = 0> <II = 1> <Delay = 0.78> <FuncUnit> <Opcode : 'add' 'sub'> <InPorts = 2> <OutPorts = 1>
ST_1 : Operation 202 [1/1] (0.00ns)   --->   "%sext_ln58_48 = sext i17 %sub_ln58_30" [firmware/nnet_utils/nnet_dense_latency.h:58]   --->   Operation 202 'sext' 'sext_ln58_48' <Predicate = true> <Delay = 0.00>
ST_1 : Operation 203 [1/1] (0.00ns) (grouped into TernaryAdder)   --->   "%add_ln58_80 = add i18 %sext_ln58_48, i18 %sext_ln17_34" [firmware/nnet_utils/nnet_dense_latency.h:58]   --->   Operation 203 'add' 'add_ln58_80' <Predicate = true> <Delay = 0.00> <CoreInst = "TAddSub">   --->   Core 10 'TAddSub' <Latency = 0> <II = 1> <Delay = 0.34> <IPBlock> <Opcode : '' 'add' 'sub'> <InPorts = 3> <OutPorts = 1> <Sync> <CReg>
ST_1 : Operation 204 [1/1] (0.68ns) (root node of TernaryAdder)   --->   "%add_ln58_81 = add i18 %add_ln58_80, i18 %sext_ln58_47" [firmware/nnet_utils/nnet_dense_latency.h:58]   --->   Operation 204 'add' 'add_ln58_81' <Predicate = true> <Delay = 0.68> <CoreInst = "TAddSub">   --->   Core 10 'TAddSub' <Latency = 0> <II = 1> <Delay = 0.34> <IPBlock> <Opcode : '' 'add' 'sub'> <InPorts = 3> <OutPorts = 1> <Sync> <CReg>
ST_1 : Operation 205 [1/1] (0.00ns)   --->   "%sext_ln58_49 = sext i18 %add_ln58_81" [firmware/nnet_utils/nnet_dense_latency.h:58]   --->   Operation 205 'sext' 'sext_ln58_49' <Predicate = true> <Delay = 0.00>
ST_1 : Operation 206 [1/1] (0.68ns) (root node of TernaryAdder)   --->   "%add_ln58_82 = add i19 %sext_ln58_49, i19 %add_ln58_78" [firmware/nnet_utils/nnet_dense_latency.h:58]   --->   Operation 206 'add' 'add_ln58_82' <Predicate = true> <Delay = 0.68> <CoreInst = "TAddSub">   --->   Core 10 'TAddSub' <Latency = 0> <II = 1> <Delay = 0.34> <IPBlock> <Opcode : '' 'add' 'sub'> <InPorts = 3> <OutPorts = 1> <Sync> <CReg>
ST_1 : Operation 207 [1/1] (0.00ns)   --->   "%data_0_val_cast29 = sext i11 %data_0_val_read" [firmware/nnet_utils/nnet_dense_latency.h:33]   --->   Operation 207 'sext' 'data_0_val_cast29' <Predicate = true> <Delay = 0.00>
ST_1 : Operation 208 [1/1] (0.74ns)   --->   "%tmp1074 = sub i13 %data_0_val_cast29, i13 %sext_ln42_12" [firmware/nnet_utils/nnet_dense_latency.h:33]   --->   Operation 208 'sub' 'tmp1074' <Predicate = true> <Delay = 0.74> <CoreInst = "Adder">   --->   Core 1 'Adder' <Latency = 0> <II = 1> <Delay = 0.74> <FuncUnit> <Opcode : 'add' 'sub'> <InPorts = 2> <OutPorts = 1>
ST_1 : Operation 209 [1/1] (0.00ns)   --->   "%tmp_31 = bitconcatenate i16 @_ssdm_op_BitConcatenate.i16.i13.i3, i13 %tmp1074, i3 0" [firmware/nnet_utils/nnet_dense_latency.h:33]   --->   Operation 209 'bitconcatenate' 'tmp_31' <Predicate = true> <Delay = 0.00>
ST_1 : Operation 210 [1/1] (0.00ns) (grouped into TernaryAdder)   --->   "%add_ln58_83 = add i19 %sext_ln17_13, i19 %sext_ln42_7" [firmware/nnet_utils/nnet_dense_latency.h:58]   --->   Operation 210 'add' 'add_ln58_83' <Predicate = true> <Delay = 0.00> <CoreInst = "TAddSub">   --->   Core 10 'TAddSub' <Latency = 0> <II = 1> <Delay = 0.34> <IPBlock> <Opcode : '' 'add' 'sub'> <InPorts = 3> <OutPorts = 1> <Sync> <CReg>
ST_1 : Operation 211 [1/1] (0.68ns) (root node of TernaryAdder)   --->   "%add_ln58_84 = add i19 %add_ln58_83, i19 %sext_ln17_9" [firmware/nnet_utils/nnet_dense_latency.h:58]   --->   Operation 211 'add' 'add_ln58_84' <Predicate = true> <Delay = 0.68> <CoreInst = "TAddSub">   --->   Core 10 'TAddSub' <Latency = 0> <II = 1> <Delay = 0.34> <IPBlock> <Opcode : '' 'add' 'sub'> <InPorts = 3> <OutPorts = 1> <Sync> <CReg>
ST_1 : Operation 212 [1/1] (0.00ns)   --->   "%sext_ln58_74 = sext i13 %tmp_80" [firmware/nnet_utils/nnet_dense_latency.h:58]   --->   Operation 212 'sext' 'sext_ln58_74' <Predicate = true> <Delay = 0.00>
ST_1 : Operation 213 [1/1] (0.00ns)   --->   "%sext_ln58_75 = sext i16 %tmp_31" [firmware/nnet_utils/nnet_dense_latency.h:58]   --->   Operation 213 'sext' 'sext_ln58_75' <Predicate = true> <Delay = 0.00>
ST_1 : Operation 214 [1/1] (0.78ns)   --->   "%sub_ln58_31 = sub i17 %sext_ln58_75, i17 %sext_ln58_74" [firmware/nnet_utils/nnet_dense_latency.h:58]   --->   Operation 214 'sub' 'sub_ln58_31' <Predicate = true> <Delay = 0.78> <CoreInst = "Adder">   --->   Core 1 'Adder' <Latency = 0> <II = 1> <Delay = 0.78> <FuncUnit> <Opcode : 'add' 'sub'> <InPorts = 2> <OutPorts = 1>
ST_1 : Operation 215 [1/1] (0.00ns)   --->   "%sext_ln58_76 = sext i17 %sub_ln58_31" [firmware/nnet_utils/nnet_dense_latency.h:58]   --->   Operation 215 'sext' 'sext_ln58_76' <Predicate = true> <Delay = 0.00>
ST_1 : Operation 216 [1/1] (0.79ns)   --->   "%add_ln58_85 = add i18 %sext_ln58_76, i18 %sext_ln17_15" [firmware/nnet_utils/nnet_dense_latency.h:58]   --->   Operation 216 'add' 'add_ln58_85' <Predicate = true> <Delay = 0.79> <CoreInst = "Adder">   --->   Core 1 'Adder' <Latency = 0> <II = 1> <Delay = 0.79> <FuncUnit> <Opcode : 'add' 'sub'> <InPorts = 2> <OutPorts = 1>
ST_1 : Operation 217 [1/1] (0.00ns)   --->   "%sext_ln58_77 = sext i18 %add_ln58_85" [firmware/nnet_utils/nnet_dense_latency.h:58]   --->   Operation 217 'sext' 'sext_ln58_77' <Predicate = true> <Delay = 0.00>
ST_1 : Operation 218 [1/1] (0.00ns) (grouped into TernaryAdder)   --->   "%add_ln58_86 = add i19 %sext_ln58_77, i19 %add_ln58_84" [firmware/nnet_utils/nnet_dense_latency.h:58]   --->   Operation 218 'add' 'add_ln58_86' <Predicate = true> <Delay = 0.00> <CoreInst = "TAddSub">   --->   Core 10 'TAddSub' <Latency = 0> <II = 1> <Delay = 0.34> <IPBlock> <Opcode : '' 'add' 'sub'> <InPorts = 3> <OutPorts = 1> <Sync> <CReg>
ST_1 : Operation 219 [1/1] (0.00ns) (grouped into TernaryAdder)   --->   "%add_ln58_87 = add i14 %sub_ln17_1, i14 %sext_ln17_29" [firmware/nnet_utils/nnet_dense_latency.h:58]   --->   Operation 219 'add' 'add_ln58_87' <Predicate = true> <Delay = 0.00> <CoreInst = "TAddSub">   --->   Core 10 'TAddSub' <Latency = 0> <II = 1> <Delay = 0.34> <IPBlock> <Opcode : '' 'add' 'sub'> <InPorts = 3> <OutPorts = 1> <Sync> <CReg>
ST_1 : Operation 220 [1/1] (0.71ns) (root node of TernaryAdder)   --->   "%add_ln58_88 = add i14 %add_ln58_87, i14 %sext_ln17_23" [firmware/nnet_utils/nnet_dense_latency.h:58]   --->   Operation 220 'add' 'add_ln58_88' <Predicate = true> <Delay = 0.71> <CoreInst = "TAddSub">   --->   Core 10 'TAddSub' <Latency = 0> <II = 1> <Delay = 0.34> <IPBlock> <Opcode : '' 'add' 'sub'> <InPorts = 3> <OutPorts = 1> <Sync> <CReg>
ST_1 : Operation 221 [1/1] (0.00ns)   --->   "%sext_ln58_50 = sext i14 %add_ln58_88" [firmware/nnet_utils/nnet_dense_latency.h:58]   --->   Operation 221 'sext' 'sext_ln58_50' <Predicate = true> <Delay = 0.00>
ST_1 : Operation 222 [1/1] (0.79ns)   --->   "%add_ln58_89 = add i18 %sext_ln17_34, i18 %sext_ln17_36" [firmware/nnet_utils/nnet_dense_latency.h:58]   --->   Operation 222 'add' 'add_ln58_89' <Predicate = true> <Delay = 0.79> <CoreInst = "Adder">   --->   Core 1 'Adder' <Latency = 0> <II = 1> <Delay = 0.79> <FuncUnit> <Opcode : 'add' 'sub'> <InPorts = 2> <OutPorts = 1>
ST_1 : Operation 223 [1/1] (0.74ns)   --->   "%add_ln58_90 = add i12 %sext_ln42_13, i12 1408" [firmware/nnet_utils/nnet_dense_latency.h:58]   --->   Operation 223 'add' 'add_ln58_90' <Predicate = true> <Delay = 0.74> <CoreInst = "Adder">   --->   Core 1 'Adder' <Latency = 0> <II = 1> <Delay = 0.74> <FuncUnit> <Opcode : 'add' 'sub'> <InPorts = 2> <OutPorts = 1>
ST_1 : Operation 224 [1/1] (0.00ns)   --->   "%zext_ln58 = zext i12 %add_ln58_90" [firmware/nnet_utils/nnet_dense_latency.h:58]   --->   Operation 224 'zext' 'zext_ln58' <Predicate = true> <Delay = 0.00>
ST_1 : Operation 225 [1/1] (0.00ns) (grouped into TernaryAdder)   --->   "%add_ln58_91 = add i18 %zext_ln58, i18 %add_ln58_89" [firmware/nnet_utils/nnet_dense_latency.h:58]   --->   Operation 225 'add' 'add_ln58_91' <Predicate = true> <Delay = 0.00> <CoreInst = "TAddSub">   --->   Core 10 'TAddSub' <Latency = 0> <II = 1> <Delay = 0.34> <IPBlock> <Opcode : '' 'add' 'sub'> <InPorts = 3> <OutPorts = 1> <Sync> <CReg>
ST_1 : Operation 226 [1/1] (0.68ns) (root node of TernaryAdder)   --->   "%add_ln58_92 = add i18 %add_ln58_91, i18 %sext_ln58_50" [firmware/nnet_utils/nnet_dense_latency.h:58]   --->   Operation 226 'add' 'add_ln58_92' <Predicate = true> <Delay = 0.68> <CoreInst = "TAddSub">   --->   Core 10 'TAddSub' <Latency = 0> <II = 1> <Delay = 0.34> <IPBlock> <Opcode : '' 'add' 'sub'> <InPorts = 3> <OutPorts = 1> <Sync> <CReg>
ST_1 : Operation 227 [1/1] (0.00ns)   --->   "%sext_ln58_51 = sext i18 %add_ln58_92" [firmware/nnet_utils/nnet_dense_latency.h:58]   --->   Operation 227 'sext' 'sext_ln58_51' <Predicate = true> <Delay = 0.00>
ST_1 : Operation 228 [1/1] (0.68ns) (root node of TernaryAdder)   --->   "%add_ln58_93 = add i19 %sext_ln58_51, i19 %add_ln58_86" [firmware/nnet_utils/nnet_dense_latency.h:58]   --->   Operation 228 'add' 'add_ln58_93' <Predicate = true> <Delay = 0.68> <CoreInst = "TAddSub">   --->   Core 10 'TAddSub' <Latency = 0> <II = 1> <Delay = 0.34> <IPBlock> <Opcode : '' 'add' 'sub'> <InPorts = 3> <OutPorts = 1> <Sync> <CReg>
ST_1 : Operation 229 [1/1] (0.00ns)   --->   "%data_15_val_cast34 = sext i11 %data_15_val_read" [firmware/nnet_utils/nnet_dense_latency.h:33]   --->   Operation 229 'sext' 'data_15_val_cast34' <Predicate = true> <Delay = 0.00>
ST_1 : Operation 230 [1/1] (0.73ns)   --->   "%empty = sub i12 %data_1_val_cast20, i12 %sext_ln42_15" [firmware/nnet_utils/nnet_dense_latency.h:33]   --->   Operation 230 'sub' 'empty' <Predicate = true> <Delay = 0.73> <CoreInst = "Adder">   --->   Core 1 'Adder' <Latency = 0> <II = 1> <Delay = 0.73> <FuncUnit> <Opcode : 'add' 'sub'> <InPorts = 2> <OutPorts = 1>
ST_1 : Operation 231 [1/1] (0.00ns)   --->   "%p_cast = sext i12 %empty" [firmware/nnet_utils/nnet_dense_latency.h:33]   --->   Operation 231 'sext' 'p_cast' <Predicate = true> <Delay = 0.00>
ST_1 : Operation 232 [1/1] (0.74ns)   --->   "%tmp1472 = add i13 %p_cast, i13 %data_15_val_cast34" [firmware/nnet_utils/nnet_dense_latency.h:33]   --->   Operation 232 'add' 'tmp1472' <Predicate = true> <Delay = 0.74> <CoreInst = "Adder">   --->   Core 1 'Adder' <Latency = 0> <II = 1> <Delay = 0.74> <FuncUnit> <Opcode : 'add' 'sub'> <InPorts = 2> <OutPorts = 1>
ST_1 : Operation 233 [1/1] (0.00ns)   --->   "%tmp_32 = bitconcatenate i14 @_ssdm_op_BitConcatenate.i14.i13.i1, i13 %tmp1472, i1 0" [firmware/nnet_utils/nnet_dense_latency.h:33]   --->   Operation 233 'bitconcatenate' 'tmp_32' <Predicate = true> <Delay = 0.00>
ST_1 : Operation 234 [1/1] (0.00ns)   --->   "%tmp15 = sext i14 %tmp_32" [firmware/nnet_utils/nnet_dense_latency.h:33]   --->   Operation 234 'sext' 'tmp15' <Predicate = true> <Delay = 0.00>
ST_1 : Operation 235 [1/1] (0.72ns)   --->   "%tmp17 = sub i11 %sext_ln42_19, i11 %sext_ln42_20" [firmware/nnet_utils/nnet_dense_latency.h:42]   --->   Operation 235 'sub' 'tmp17' <Predicate = true> <Delay = 0.72> <CoreInst = "Adder">   --->   Core 1 'Adder' <Latency = 0> <II = 1> <Delay = 0.72> <FuncUnit> <Opcode : 'add' 'sub'> <InPorts = 2> <OutPorts = 1>
ST_1 : Operation 236 [1/1] (0.00ns)   --->   "%tmp_88 = bitconcatenate i14 @_ssdm_op_BitConcatenate.i14.i11.i3, i11 %tmp17, i3 0" [firmware/nnet_utils/nnet_dense_latency.h:42]   --->   Operation 236 'bitconcatenate' 'tmp_88' <Predicate = true> <Delay = 0.00>
ST_1 : Operation 237 [1/1] (0.00ns)   --->   "%p_shl = sext i14 %tmp_88" [firmware/nnet_utils/nnet_dense_latency.h:42]   --->   Operation 237 'sext' 'p_shl' <Predicate = true> <Delay = 0.00>
ST_1 : Operation 238 [1/1] (0.00ns)   --->   "%tmp_89 = bitconcatenate i12 @_ssdm_op_BitConcatenate.i12.i11.i1, i11 %tmp17, i1 0" [firmware/nnet_utils/nnet_dense_latency.h:42]   --->   Operation 238 'bitconcatenate' 'tmp_89' <Predicate = true> <Delay = 0.00>
ST_1 : Operation 239 [1/1] (0.00ns)   --->   "%p_shl52 = sext i12 %tmp_89" [firmware/nnet_utils/nnet_dense_latency.h:42]   --->   Operation 239 'sext' 'p_shl52' <Predicate = true> <Delay = 0.00>
ST_1 : Operation 240 [1/1] (0.76ns)   --->   "%tmp18 = sub i15 %p_shl, i15 %p_shl52" [firmware/nnet_utils/nnet_dense_latency.h:42]   --->   Operation 240 'sub' 'tmp18' <Predicate = true> <Delay = 0.76> <CoreInst = "Adder">   --->   Core 1 'Adder' <Latency = 0> <II = 1> <Delay = 0.76> <FuncUnit> <Opcode : 'add' 'sub'> <InPorts = 2> <OutPorts = 1>
ST_1 : Operation 241 [1/1] (0.00ns)   --->   "%tmp18_cast1 = sext i15 %tmp18" [firmware/nnet_utils/nnet_dense_latency.h:42]   --->   Operation 241 'sext' 'tmp18_cast1' <Predicate = true> <Delay = 0.00>
ST_1 : Operation 242 [1/1] (0.00ns)   --->   "%data_0_val_cast37 = sext i11 %data_0_val_read" [firmware/nnet_utils/nnet_dense_latency.h:33]   --->   Operation 242 'sext' 'data_0_val_cast37' <Predicate = true> <Delay = 0.00>
ST_1 : Operation 243 [1/1] (0.73ns)   --->   "%tmp1970 = add i12 %data_4_val_cast26, i12 %data_0_val_cast37" [firmware/nnet_utils/nnet_dense_latency.h:33]   --->   Operation 243 'add' 'tmp1970' <Predicate = true> <Delay = 0.73> <CoreInst = "Adder">   --->   Core 1 'Adder' <Latency = 0> <II = 1> <Delay = 0.73> <FuncUnit> <Opcode : 'add' 'sub'> <InPorts = 2> <OutPorts = 1>
ST_1 : Operation 244 [1/1] (0.00ns)   --->   "%tmp_33 = bitconcatenate i14 @_ssdm_op_BitConcatenate.i14.i12.i2, i12 %tmp1970, i2 0" [firmware/nnet_utils/nnet_dense_latency.h:33]   --->   Operation 244 'bitconcatenate' 'tmp_33' <Predicate = true> <Delay = 0.00>
ST_1 : Operation 245 [1/1] (0.00ns)   --->   "%sext_ln58_78 = sext i14 %tmp_33" [firmware/nnet_utils/nnet_dense_latency.h:58]   --->   Operation 245 'sext' 'sext_ln58_78' <Predicate = true> <Delay = 0.00>
ST_1 : Operation 246 [1/1] (0.76ns)   --->   "%add_ln58_94 = add i15 %sext_ln58_78, i15 3968" [firmware/nnet_utils/nnet_dense_latency.h:58]   --->   Operation 246 'add' 'add_ln58_94' <Predicate = true> <Delay = 0.76> <CoreInst = "Adder">   --->   Core 1 'Adder' <Latency = 0> <II = 1> <Delay = 0.76> <FuncUnit> <Opcode : 'add' 'sub'> <InPorts = 2> <OutPorts = 1>
ST_1 : Operation 247 [1/1] (0.00ns)   --->   "%sext_ln58_79 = sext i15 %add_ln58_94" [firmware/nnet_utils/nnet_dense_latency.h:58]   --->   Operation 247 'sext' 'sext_ln58_79' <Predicate = true> <Delay = 0.00>
ST_1 : Operation 248 [1/1] (0.78ns)   --->   "%sub_ln58_32 = sub i17 %sext_ln58_79, i17 %sext_ln42_9" [firmware/nnet_utils/nnet_dense_latency.h:58]   --->   Operation 248 'sub' 'sub_ln58_32' <Predicate = true> <Delay = 0.78> <CoreInst = "Adder">   --->   Core 1 'Adder' <Latency = 0> <II = 1> <Delay = 0.78> <FuncUnit> <Opcode : 'add' 'sub'> <InPorts = 2> <OutPorts = 1>
ST_1 : Operation 249 [1/1] (0.00ns) (grouped into TernaryAdder)   --->   "%sub_ln58 = sub i17 %sub_ln58_32, i17 %sext_ln42_18" [firmware/nnet_utils/nnet_dense_latency.h:58]   --->   Operation 249 'sub' 'sub_ln58' <Predicate = true> <Delay = 0.00> <CoreInst = "TAddSub">   --->   Core 10 'TAddSub' <Latency = 0> <II = 1> <Delay = 0.34> <IPBlock> <Opcode : '' 'add' 'sub'> <InPorts = 3> <OutPorts = 1> <Sync> <CReg>
ST_1 : Operation 250 [1/1] (0.67ns) (root node of TernaryAdder)   --->   "%add_ln58_95 = add i17 %sub_ln58, i17 %tmp18_cast1" [firmware/nnet_utils/nnet_dense_latency.h:58]   --->   Operation 250 'add' 'add_ln58_95' <Predicate = true> <Delay = 0.67> <CoreInst = "TAddSub">   --->   Core 10 'TAddSub' <Latency = 0> <II = 1> <Delay = 0.34> <IPBlock> <Opcode : '' 'add' 'sub'> <InPorts = 3> <OutPorts = 1> <Sync> <CReg>
ST_1 : Operation 251 [1/1] (0.00ns)   --->   "%sext_ln58_80 = sext i17 %add_ln58_95" [firmware/nnet_utils/nnet_dense_latency.h:58]   --->   Operation 251 'sext' 'sext_ln58_80' <Predicate = true> <Delay = 0.00>
ST_1 : Operation 252 [1/1] (0.00ns) (grouped into TernaryAdder)   --->   "%sub_ln58_33 = sub i19 %tmp15, i19 %mult_51" [firmware/nnet_utils/nnet_dense_latency.h:58]   --->   Operation 252 'sub' 'sub_ln58_33' <Predicate = true> <Delay = 0.00> <CoreInst = "TAddSub">   --->   Core 10 'TAddSub' <Latency = 0> <II = 1> <Delay = 0.34> <IPBlock> <Opcode : '' 'add' 'sub'> <InPorts = 3> <OutPorts = 1> <Sync> <CReg>
ST_1 : Operation 253 [1/1] (0.68ns) (root node of TernaryAdder)   --->   "%add_ln58_96 = add i19 %sub_ln58_33, i19 %sext_ln58_80" [firmware/nnet_utils/nnet_dense_latency.h:58]   --->   Operation 253 'add' 'add_ln58_96' <Predicate = true> <Delay = 0.68> <CoreInst = "TAddSub">   --->   Core 10 'TAddSub' <Latency = 0> <II = 1> <Delay = 0.34> <IPBlock> <Opcode : '' 'add' 'sub'> <InPorts = 3> <OutPorts = 1> <Sync> <CReg>
ST_1 : Operation 254 [1/1] (0.00ns)   --->   "%data_11_val_cast38 = sext i10 %data_11_val_read" [firmware/nnet_utils/nnet_dense_latency.h:33]   --->   Operation 254 'sext' 'data_11_val_cast38' <Predicate = true> <Delay = 0.00>
ST_1 : Operation 255 [1/1] (0.00ns) (grouped into TernaryAdder)   --->   "%empty_28 = add i13 %data_11_val_cast38, i13 %sext_ln42_12" [firmware/nnet_utils/nnet_dense_latency.h:33]   --->   Operation 255 'add' 'empty_28' <Predicate = true> <Delay = 0.00> <CoreInst = "TAddSub">   --->   Core 10 'TAddSub' <Latency = 0> <II = 1> <Delay = 0.34> <IPBlock> <Opcode : '' 'add' 'sub'> <InPorts = 3> <OutPorts = 1> <Sync> <CReg>
ST_1 : Operation 256 [1/1] (0.73ns) (root node of TernaryAdder)   --->   "%tmp2468 = sub i13 %sext_ln42_23, i13 %empty_28" [firmware/nnet_utils/nnet_dense_latency.h:42]   --->   Operation 256 'sub' 'tmp2468' <Predicate = true> <Delay = 0.73> <CoreInst = "TAddSub">   --->   Core 10 'TAddSub' <Latency = 0> <II = 1> <Delay = 0.34> <IPBlock> <Opcode : '' 'add' 'sub'> <InPorts = 3> <OutPorts = 1> <Sync> <CReg>
ST_1 : Operation 257 [1/1] (0.00ns)   --->   "%tmp_34 = bitconcatenate i15 @_ssdm_op_BitConcatenate.i15.i13.i2, i13 %tmp2468, i2 0" [firmware/nnet_utils/nnet_dense_latency.h:42]   --->   Operation 257 'bitconcatenate' 'tmp_34' <Predicate = true> <Delay = 0.00>
ST_1 : Operation 258 [1/1] (0.00ns)   --->   "%tmp25 = sext i15 %tmp_34" [firmware/nnet_utils/nnet_dense_latency.h:42]   --->   Operation 258 'sext' 'tmp25' <Predicate = true> <Delay = 0.00>
ST_1 : Operation 259 [1/1] (0.67ns) (root node of TernaryAdder)   --->   "%add_ln58_97 = add i17 %sext_ln17_10, i17 %sub_ln17" [firmware/nnet_utils/nnet_dense_latency.h:58]   --->   Operation 259 'add' 'add_ln58_97' <Predicate = true> <Delay = 0.67> <CoreInst = "TAddSub">   --->   Core 10 'TAddSub' <Latency = 0> <II = 1> <Delay = 0.34> <IPBlock> <Opcode : '' 'add' 'sub'> <InPorts = 3> <OutPorts = 1> <Sync> <CReg>
ST_1 : Operation 260 [1/1] (0.00ns)   --->   "%sext_ln58_52 = sext i17 %add_ln58_97" [firmware/nnet_utils/nnet_dense_latency.h:58]   --->   Operation 260 'sext' 'sext_ln58_52' <Predicate = true> <Delay = 0.00>
ST_1 : Operation 261 [1/1] (0.79ns)   --->   "%add_ln58_98 = add i18 %sext_ln58_52, i18 %sext_ln17_8" [firmware/nnet_utils/nnet_dense_latency.h:58]   --->   Operation 261 'add' 'add_ln58_98' <Predicate = true> <Delay = 0.79> <CoreInst = "Adder">   --->   Core 1 'Adder' <Latency = 0> <II = 1> <Delay = 0.79> <FuncUnit> <Opcode : 'add' 'sub'> <InPorts = 2> <OutPorts = 1>
ST_1 : Operation 262 [1/1] (0.00ns)   --->   "%sext_ln58_53 = sext i18 %add_ln58_98" [firmware/nnet_utils/nnet_dense_latency.h:58]   --->   Operation 262 'sext' 'sext_ln58_53' <Predicate = true> <Delay = 0.00>
ST_1 : Operation 263 [1/1] (0.77ns)   --->   "%sub_ln58_34 = sub i16 %sext_ln17_21, i16 %sext_ln42_11" [firmware/nnet_utils/nnet_dense_latency.h:58]   --->   Operation 263 'sub' 'sub_ln58_34' <Predicate = true> <Delay = 0.77> <CoreInst = "Adder">   --->   Core 1 'Adder' <Latency = 0> <II = 1> <Delay = 0.77> <FuncUnit> <Opcode : 'add' 'sub'> <InPorts = 2> <OutPorts = 1>
ST_1 : Operation 264 [1/1] (0.00ns)   --->   "%sext_ln58_54 = sext i16 %sub_ln58_34" [firmware/nnet_utils/nnet_dense_latency.h:58]   --->   Operation 264 'sext' 'sext_ln58_54' <Predicate = true> <Delay = 0.00>
ST_1 : Operation 265 [1/1] (0.68ns) (root node of TernaryAdder)   --->   "%add_ln58_99 = add i18 %sext_ln58_54, i18 %mult_33" [firmware/nnet_utils/nnet_dense_latency.h:58]   --->   Operation 265 'add' 'add_ln58_99' <Predicate = true> <Delay = 0.68> <CoreInst = "TAddSub">   --->   Core 10 'TAddSub' <Latency = 0> <II = 1> <Delay = 0.34> <IPBlock> <Opcode : '' 'add' 'sub'> <InPorts = 3> <OutPorts = 1> <Sync> <CReg>
ST_1 : Operation 266 [1/1] (0.00ns)   --->   "%sext_ln58_55 = sext i18 %add_ln58_99" [firmware/nnet_utils/nnet_dense_latency.h:58]   --->   Operation 266 'sext' 'sext_ln58_55' <Predicate = true> <Delay = 0.00>
ST_1 : Operation 267 [1/1] (0.00ns) (grouped into TernaryAdder)   --->   "%add_ln58_100 = add i19 %sext_ln58_55, i19 %sext_ln58_53" [firmware/nnet_utils/nnet_dense_latency.h:58]   --->   Operation 267 'add' 'add_ln58_100' <Predicate = true> <Delay = 0.00> <CoreInst = "TAddSub">   --->   Core 10 'TAddSub' <Latency = 0> <II = 1> <Delay = 0.34> <IPBlock> <Opcode : '' 'add' 'sub'> <InPorts = 3> <OutPorts = 1> <Sync> <CReg>
ST_1 : Operation 268 [1/1] (0.80ns)   --->   "%add_ln58_101 = add i19 %mult_51, i19 %tmp25" [firmware/nnet_utils/nnet_dense_latency.h:58]   --->   Operation 268 'add' 'add_ln58_101' <Predicate = true> <Delay = 0.80> <CoreInst = "Adder">   --->   Core 1 'Adder' <Latency = 0> <II = 1> <Delay = 0.80> <FuncUnit> <Opcode : 'add' 'sub'> <InPorts = 2> <OutPorts = 1>
ST_1 : Operation 269 [1/1] (0.00ns) (grouped into TernaryAdder)   --->   "%add_ln58_102 = add i19 %add_ln58_101, i19 %sext_ln17_26" [firmware/nnet_utils/nnet_dense_latency.h:58]   --->   Operation 269 'add' 'add_ln58_102' <Predicate = true> <Delay = 0.00> <CoreInst = "TAddSub">   --->   Core 10 'TAddSub' <Latency = 0> <II = 1> <Delay = 0.34> <IPBlock> <Opcode : '' 'add' 'sub'> <InPorts = 3> <OutPorts = 1> <Sync> <CReg>
ST_1 : Operation 270 [1/1] (0.74ns)   --->   "%add_ln58_103 = add i12 %sext_ln42_13, i12 2432" [firmware/nnet_utils/nnet_dense_latency.h:58]   --->   Operation 270 'add' 'add_ln58_103' <Predicate = true> <Delay = 0.74> <CoreInst = "Adder">   --->   Core 1 'Adder' <Latency = 0> <II = 1> <Delay = 0.74> <FuncUnit> <Opcode : 'add' 'sub'> <InPorts = 2> <OutPorts = 1>
ST_1 : Operation 271 [1/1] (0.00ns)   --->   "%zext_ln58_9 = zext i12 %add_ln58_103" [firmware/nnet_utils/nnet_dense_latency.h:58]   --->   Operation 271 'zext' 'zext_ln58_9' <Predicate = true> <Delay = 0.00>
ST_1 : Operation 272 [1/1] (0.76ns)   --->   "%add_ln58_104 = add i15 %zext_ln58_9, i15 %sext_ln17_35" [firmware/nnet_utils/nnet_dense_latency.h:58]   --->   Operation 272 'add' 'add_ln58_104' <Predicate = true> <Delay = 0.76> <CoreInst = "Adder">   --->   Core 1 'Adder' <Latency = 0> <II = 1> <Delay = 0.76> <FuncUnit> <Opcode : 'add' 'sub'> <InPorts = 2> <OutPorts = 1>
ST_1 : Operation 273 [1/1] (0.00ns)   --->   "%sext_ln58_56 = sext i15 %add_ln58_104" [firmware/nnet_utils/nnet_dense_latency.h:58]   --->   Operation 273 'sext' 'sext_ln58_56' <Predicate = true> <Delay = 0.00>
ST_1 : Operation 274 [1/1] (0.68ns) (root node of TernaryAdder)   --->   "%add_ln58_105 = add i19 %sext_ln58_56, i19 %add_ln58_102" [firmware/nnet_utils/nnet_dense_latency.h:58]   --->   Operation 274 'add' 'add_ln58_105' <Predicate = true> <Delay = 0.68> <CoreInst = "TAddSub">   --->   Core 10 'TAddSub' <Latency = 0> <II = 1> <Delay = 0.34> <IPBlock> <Opcode : '' 'add' 'sub'> <InPorts = 3> <OutPorts = 1> <Sync> <CReg>
ST_1 : Operation 275 [1/1] (0.68ns) (root node of TernaryAdder)   --->   "%add_ln58_106 = add i19 %add_ln58_105, i19 %add_ln58_100" [firmware/nnet_utils/nnet_dense_latency.h:58]   --->   Operation 275 'add' 'add_ln58_106' <Predicate = true> <Delay = 0.68> <CoreInst = "TAddSub">   --->   Core 10 'TAddSub' <Latency = 0> <II = 1> <Delay = 0.34> <IPBlock> <Opcode : '' 'add' 'sub'> <InPorts = 3> <OutPorts = 1> <Sync> <CReg>
ST_1 : Operation 276 [1/1] (0.00ns)   --->   "%data_10_val_cast43 = sext i10 %data_10_val_read" [firmware/nnet_utils/nnet_dense_latency.h:33]   --->   Operation 276 'sext' 'data_10_val_cast43' <Predicate = true> <Delay = 0.00>
ST_1 : Operation 277 [1/1] (0.00ns)   --->   "%data_14_val_cast42 = sext i12 %data_14_val_read" [firmware/nnet_utils/nnet_dense_latency.h:33]   --->   Operation 277 'sext' 'data_14_val_cast42' <Predicate = true> <Delay = 0.00>
ST_1 : Operation 278 [1/1] (0.74ns)   --->   "%tmp2666 = add i13 %data_14_val_cast42, i13 %data_10_val_cast43" [firmware/nnet_utils/nnet_dense_latency.h:33]   --->   Operation 278 'add' 'tmp2666' <Predicate = true> <Delay = 0.74> <CoreInst = "Adder">   --->   Core 1 'Adder' <Latency = 0> <II = 1> <Delay = 0.74> <FuncUnit> <Opcode : 'add' 'sub'> <InPorts = 2> <OutPorts = 1>
ST_1 : Operation 279 [1/1] (0.00ns)   --->   "%tmp_35 = bitconcatenate i16 @_ssdm_op_BitConcatenate.i16.i13.i3, i13 %tmp2666, i3 0" [firmware/nnet_utils/nnet_dense_latency.h:33]   --->   Operation 279 'bitconcatenate' 'tmp_35' <Predicate = true> <Delay = 0.00>
ST_1 : Operation 280 [1/1] (0.00ns)   --->   "%tmp27 = sext i16 %tmp_35" [firmware/nnet_utils/nnet_dense_latency.h:33]   --->   Operation 280 'sext' 'tmp27' <Predicate = true> <Delay = 0.00>
ST_1 : Operation 281 [1/1] (0.00ns)   --->   "%data_15_val_cast44 = sext i11 %data_15_val_read" [firmware/nnet_utils/nnet_dense_latency.h:33]   --->   Operation 281 'sext' 'data_15_val_cast44' <Predicate = true> <Delay = 0.00>
ST_1 : Operation 282 [1/1] (0.73ns)   --->   "%tmp2964 = sub i12 %data_15_val_cast44, i12 %data_2_val_cast21" [firmware/nnet_utils/nnet_dense_latency.h:33]   --->   Operation 282 'sub' 'tmp2964' <Predicate = true> <Delay = 0.73> <CoreInst = "Adder">   --->   Core 1 'Adder' <Latency = 0> <II = 1> <Delay = 0.73> <FuncUnit> <Opcode : 'add' 'sub'> <InPorts = 2> <OutPorts = 1>
ST_1 : Operation 283 [1/1] (0.00ns)   --->   "%tmp_36 = bitconcatenate i18 @_ssdm_op_BitConcatenate.i18.i12.i6, i12 %tmp2964, i6 0" [firmware/nnet_utils/nnet_dense_latency.h:33]   --->   Operation 283 'bitconcatenate' 'tmp_36' <Predicate = true> <Delay = 0.00>
ST_1 : Operation 284 [1/1] (0.00ns)   --->   "%tmp30 = sext i18 %tmp_36" [firmware/nnet_utils/nnet_dense_latency.h:33]   --->   Operation 284 'sext' 'tmp30' <Predicate = true> <Delay = 0.00>
ST_1 : Operation 285 [1/1] (0.78ns)   --->   "%sub_ln58_35 = sub i17 %sext_ln17_6, i17 %sext_ln17_16" [firmware/nnet_utils/nnet_dense_latency.h:58]   --->   Operation 285 'sub' 'sub_ln58_35' <Predicate = true> <Delay = 0.78> <CoreInst = "Adder">   --->   Core 1 'Adder' <Latency = 0> <II = 1> <Delay = 0.78> <FuncUnit> <Opcode : 'add' 'sub'> <InPorts = 2> <OutPorts = 1>
ST_1 : Operation 286 [1/1] (0.00ns)   --->   "%sext_ln58_57 = sext i17 %sub_ln58_35" [firmware/nnet_utils/nnet_dense_latency.h:58]   --->   Operation 286 'sext' 'sext_ln58_57' <Predicate = true> <Delay = 0.00>
ST_1 : Operation 287 [1/1] (0.75ns)   --->   "%sub_ln58_36 = sub i14 %sext_ln17_25, i14 %sext_ln42_17" [firmware/nnet_utils/nnet_dense_latency.h:58]   --->   Operation 287 'sub' 'sub_ln58_36' <Predicate = true> <Delay = 0.75> <CoreInst = "Adder">   --->   Core 1 'Adder' <Latency = 0> <II = 1> <Delay = 0.75> <FuncUnit> <Opcode : 'add' 'sub'> <InPorts = 2> <OutPorts = 1>
ST_1 : Operation 288 [1/1] (0.00ns)   --->   "%sext_ln58_58 = sext i14 %sub_ln58_36" [firmware/nnet_utils/nnet_dense_latency.h:58]   --->   Operation 288 'sext' 'sext_ln58_58' <Predicate = true> <Delay = 0.00>
ST_1 : Operation 289 [1/1] (0.00ns) (grouped into TernaryAdder)   --->   "%add_ln58_107 = add i18 %sext_ln58_58, i18 %sext_ln17_17" [firmware/nnet_utils/nnet_dense_latency.h:58]   --->   Operation 289 'add' 'add_ln58_107' <Predicate = true> <Delay = 0.00> <CoreInst = "TAddSub">   --->   Core 10 'TAddSub' <Latency = 0> <II = 1> <Delay = 0.34> <IPBlock> <Opcode : '' 'add' 'sub'> <InPorts = 3> <OutPorts = 1> <Sync> <CReg>
ST_1 : Operation 290 [1/1] (0.68ns) (root node of TernaryAdder)   --->   "%add_ln58_108 = add i18 %add_ln58_107, i18 %sext_ln58_57" [firmware/nnet_utils/nnet_dense_latency.h:58]   --->   Operation 290 'add' 'add_ln58_108' <Predicate = true> <Delay = 0.68> <CoreInst = "TAddSub">   --->   Core 10 'TAddSub' <Latency = 0> <II = 1> <Delay = 0.34> <IPBlock> <Opcode : '' 'add' 'sub'> <InPorts = 3> <OutPorts = 1> <Sync> <CReg>
ST_1 : Operation 291 [1/1] (0.00ns)   --->   "%sext_ln58_59 = sext i18 %add_ln58_108" [firmware/nnet_utils/nnet_dense_latency.h:58]   --->   Operation 291 'sext' 'sext_ln58_59' <Predicate = true> <Delay = 0.00>
ST_1 : Operation 292 [1/1] (0.76ns)   --->   "%sub_ln58_37 = sub i15 %sext_ln17_30, i15 %sext_ln42_24" [firmware/nnet_utils/nnet_dense_latency.h:58]   --->   Operation 292 'sub' 'sub_ln58_37' <Predicate = true> <Delay = 0.76> <CoreInst = "Adder">   --->   Core 1 'Adder' <Latency = 0> <II = 1> <Delay = 0.76> <FuncUnit> <Opcode : 'add' 'sub'> <InPorts = 2> <OutPorts = 1>
ST_1 : Operation 293 [1/1] (0.00ns)   --->   "%sext_ln58_60 = sext i15 %sub_ln58_37" [firmware/nnet_utils/nnet_dense_latency.h:58]   --->   Operation 293 'sext' 'sext_ln58_60' <Predicate = true> <Delay = 0.00>
ST_1 : Operation 294 [1/1] (0.00ns) (grouped into TernaryAdder)   --->   "%add_ln58_109 = add i19 %tmp30, i19 1536" [firmware/nnet_utils/nnet_dense_latency.h:58]   --->   Operation 294 'add' 'add_ln58_109' <Predicate = true> <Delay = 0.00> <CoreInst = "TAddSub">   --->   Core 10 'TAddSub' <Latency = 0> <II = 1> <Delay = 0.34> <IPBlock> <Opcode : '' 'add' 'sub'> <InPorts = 3> <OutPorts = 1> <Sync> <CReg>
ST_1 : Operation 295 [1/1] (0.68ns) (root node of TernaryAdder)   --->   "%add_ln58_110 = add i19 %add_ln58_109, i19 %tmp27" [firmware/nnet_utils/nnet_dense_latency.h:58]   --->   Operation 295 'add' 'add_ln58_110' <Predicate = true> <Delay = 0.68> <CoreInst = "TAddSub">   --->   Core 10 'TAddSub' <Latency = 0> <II = 1> <Delay = 0.34> <IPBlock> <Opcode : '' 'add' 'sub'> <InPorts = 3> <OutPorts = 1> <Sync> <CReg>
ST_1 : Operation 296 [1/1] (0.00ns) (grouped into TernaryAdder)   --->   "%add_ln58_111 = add i19 %add_ln58_110, i19 %sext_ln58_60" [firmware/nnet_utils/nnet_dense_latency.h:58]   --->   Operation 296 'add' 'add_ln58_111' <Predicate = true> <Delay = 0.00> <CoreInst = "TAddSub">   --->   Core 10 'TAddSub' <Latency = 0> <II = 1> <Delay = 0.34> <IPBlock> <Opcode : '' 'add' 'sub'> <InPorts = 3> <OutPorts = 1> <Sync> <CReg>
ST_1 : Operation 297 [1/1] (0.68ns) (root node of TernaryAdder)   --->   "%add_ln58_112 = add i19 %add_ln58_111, i19 %sext_ln58_59" [firmware/nnet_utils/nnet_dense_latency.h:58]   --->   Operation 297 'add' 'add_ln58_112' <Predicate = true> <Delay = 0.68> <CoreInst = "TAddSub">   --->   Core 10 'TAddSub' <Latency = 0> <II = 1> <Delay = 0.34> <IPBlock> <Opcode : '' 'add' 'sub'> <InPorts = 3> <OutPorts = 1> <Sync> <CReg>
ST_1 : Operation 298 [1/1] (0.00ns)   --->   "%trunc_ln = partselect i11 @_ssdm_op_PartSelect.i11.i19.i32.i32, i19 %add_ln58_59, i32 8, i32 18" [firmware/nnet_utils/nnet_mult.h:111->firmware/nnet_utils/nnet_dense_latency.h:66]   --->   Operation 298 'partselect' 'trunc_ln' <Predicate = true> <Delay = 0.00>
ST_1 : Operation 299 [1/1] (0.00ns)   --->   "%trunc_ln111_s = partselect i11 @_ssdm_op_PartSelect.i11.i19.i32.i32, i19 %add_ln58_70, i32 8, i32 18" [firmware/nnet_utils/nnet_mult.h:111->firmware/nnet_utils/nnet_dense_latency.h:66]   --->   Operation 299 'partselect' 'trunc_ln111_s' <Predicate = true> <Delay = 0.00>
ST_1 : Operation 300 [1/1] (0.00ns)   --->   "%trunc_ln111_3 = partselect i11 @_ssdm_op_PartSelect.i11.i19.i32.i32, i19 %add_ln58_76, i32 8, i32 18" [firmware/nnet_utils/nnet_mult.h:111->firmware/nnet_utils/nnet_dense_latency.h:66]   --->   Operation 300 'partselect' 'trunc_ln111_3' <Predicate = true> <Delay = 0.00>
ST_1 : Operation 301 [1/1] (0.00ns)   --->   "%trunc_ln111_4 = partselect i11 @_ssdm_op_PartSelect.i11.i19.i32.i32, i19 %add_ln58_65, i32 8, i32 18" [firmware/nnet_utils/nnet_mult.h:111->firmware/nnet_utils/nnet_dense_latency.h:66]   --->   Operation 301 'partselect' 'trunc_ln111_4' <Predicate = true> <Delay = 0.00>
ST_1 : Operation 302 [1/1] (0.00ns)   --->   "%trunc_ln111_5 = partselect i11 @_ssdm_op_PartSelect.i11.i19.i32.i32, i19 %add_ln58_82, i32 8, i32 18" [firmware/nnet_utils/nnet_mult.h:111->firmware/nnet_utils/nnet_dense_latency.h:66]   --->   Operation 302 'partselect' 'trunc_ln111_5' <Predicate = true> <Delay = 0.00>
ST_1 : Operation 303 [1/1] (0.00ns)   --->   "%trunc_ln111_6 = partselect i11 @_ssdm_op_PartSelect.i11.i19.i32.i32, i19 %add_ln58_93, i32 8, i32 18" [firmware/nnet_utils/nnet_mult.h:111->firmware/nnet_utils/nnet_dense_latency.h:66]   --->   Operation 303 'partselect' 'trunc_ln111_6' <Predicate = true> <Delay = 0.00>
ST_1 : Operation 304 [1/1] (0.00ns)   --->   "%trunc_ln111_7 = partselect i11 @_ssdm_op_PartSelect.i11.i19.i32.i32, i19 %add_ln58_96, i32 8, i32 18" [firmware/nnet_utils/nnet_mult.h:111->firmware/nnet_utils/nnet_dense_latency.h:66]   --->   Operation 304 'partselect' 'trunc_ln111_7' <Predicate = true> <Delay = 0.00>
ST_1 : Operation 305 [1/1] (0.00ns)   --->   "%trunc_ln111_8 = partselect i11 @_ssdm_op_PartSelect.i11.i19.i32.i32, i19 %add_ln58_106, i32 8, i32 18" [firmware/nnet_utils/nnet_mult.h:111->firmware/nnet_utils/nnet_dense_latency.h:66]   --->   Operation 305 'partselect' 'trunc_ln111_8' <Predicate = true> <Delay = 0.00>
ST_1 : Operation 306 [1/1] (0.00ns)   --->   "%trunc_ln111_9 = partselect i11 @_ssdm_op_PartSelect.i11.i19.i32.i32, i19 %add_ln58_112, i32 8, i32 18" [firmware/nnet_utils/nnet_mult.h:111->firmware/nnet_utils/nnet_dense_latency.h:66]   --->   Operation 306 'partselect' 'trunc_ln111_9' <Predicate = true> <Delay = 0.00>
ST_1 : Operation 307 [1/1] (0.00ns)   --->   "%newret = insertvalue i99 <undef>, i11 %trunc_ln" [firmware/nnet_utils/nnet_mult.h:111->firmware/nnet_utils/nnet_dense_latency.h:66]   --->   Operation 307 'insertvalue' 'newret' <Predicate = true> <Delay = 0.00>
ST_1 : Operation 308 [1/1] (0.00ns)   --->   "%newret2 = insertvalue i99 %newret, i11 %trunc_ln111_s" [firmware/nnet_utils/nnet_mult.h:111->firmware/nnet_utils/nnet_dense_latency.h:66]   --->   Operation 308 'insertvalue' 'newret2' <Predicate = true> <Delay = 0.00>
ST_1 : Operation 309 [1/1] (0.00ns)   --->   "%newret4 = insertvalue i99 %newret2, i11 %trunc_ln111_3" [firmware/nnet_utils/nnet_mult.h:111->firmware/nnet_utils/nnet_dense_latency.h:66]   --->   Operation 309 'insertvalue' 'newret4' <Predicate = true> <Delay = 0.00>
ST_1 : Operation 310 [1/1] (0.00ns)   --->   "%newret6 = insertvalue i99 %newret4, i11 %trunc_ln111_4" [firmware/nnet_utils/nnet_mult.h:111->firmware/nnet_utils/nnet_dense_latency.h:66]   --->   Operation 310 'insertvalue' 'newret6' <Predicate = true> <Delay = 0.00>
ST_1 : Operation 311 [1/1] (0.00ns)   --->   "%newret8 = insertvalue i99 %newret6, i11 %trunc_ln111_5" [firmware/nnet_utils/nnet_mult.h:111->firmware/nnet_utils/nnet_dense_latency.h:66]   --->   Operation 311 'insertvalue' 'newret8' <Predicate = true> <Delay = 0.00>
ST_1 : Operation 312 [1/1] (0.00ns)   --->   "%newret1 = insertvalue i99 %newret8, i11 %trunc_ln111_6" [firmware/nnet_utils/nnet_mult.h:111->firmware/nnet_utils/nnet_dense_latency.h:66]   --->   Operation 312 'insertvalue' 'newret1' <Predicate = true> <Delay = 0.00>
ST_1 : Operation 313 [1/1] (0.00ns)   --->   "%newret3 = insertvalue i99 %newret1, i11 %trunc_ln111_7" [firmware/nnet_utils/nnet_mult.h:111->firmware/nnet_utils/nnet_dense_latency.h:66]   --->   Operation 313 'insertvalue' 'newret3' <Predicate = true> <Delay = 0.00>
ST_1 : Operation 314 [1/1] (0.00ns)   --->   "%newret5 = insertvalue i99 %newret3, i11 %trunc_ln111_8" [firmware/nnet_utils/nnet_mult.h:111->firmware/nnet_utils/nnet_dense_latency.h:66]   --->   Operation 314 'insertvalue' 'newret5' <Predicate = true> <Delay = 0.00>
ST_1 : Operation 315 [1/1] (0.00ns)   --->   "%newret7 = insertvalue i99 %newret5, i11 %trunc_ln111_9" [firmware/nnet_utils/nnet_mult.h:111->firmware/nnet_utils/nnet_dense_latency.h:66]   --->   Operation 315 'insertvalue' 'newret7' <Predicate = true> <Delay = 0.00>
ST_1 : Operation 316 [1/1] (0.00ns)   --->   "%ret_ln111 = ret i99 %newret7" [firmware/nnet_utils/nnet_mult.h:111->firmware/nnet_utils/nnet_dense_latency.h:66]   --->   Operation 316 'ret' 'ret_ln111' <Predicate = true> <Delay = 0.00>


============================================================
+ Verbose Summary: Timing violations
============================================================
Target clock period: 5.000ns, clock uncertainty: 1.350ns.

 <State 1>: 3.649ns
The critical path consists of the following:
	wire read operation ('data_4_val_read', firmware/nnet_utils/nnet_dense_latency.h:33) on port 'data_4_val' (firmware/nnet_utils/nnet_dense_latency.h:33) [24]  (0.000 ns)
	'add' operation 12 bit ('tmp1970', firmware/nnet_utils/nnet_dense_latency.h:33) [256]  (0.735 ns)
	'add' operation 15 bit ('add_ln58_94', firmware/nnet_utils/nnet_dense_latency.h:58) [259]  (0.765 ns)
	'sub' operation 17 bit ('sub_ln58_32', firmware/nnet_utils/nnet_dense_latency.h:58) [261]  (0.785 ns)
	'sub' operation 17 bit ('sub_ln58', firmware/nnet_utils/nnet_dense_latency.h:58) [262]  (0.000 ns)
	'add' operation 17 bit ('add_ln58_95', firmware/nnet_utils/nnet_dense_latency.h:58) [263]  (0.678 ns)
	'add' operation 19 bit ('add_ln58_96', firmware/nnet_utils/nnet_dense_latency.h:58) [266]  (0.685 ns)


============================================================
+ Verbose Summary: Binding
============================================================
N/A
* FSMD analyzer results:
  - Output states:
 - Input state : 
  - Chain level:
	State 1


============================================================
+ Verbose Summary: Datapath Resource usage 
============================================================
N/A
