

================================================================
== Vitis HLS Report for 'myproject'
================================================================
* Date:           Wed Feb 26 01:36:44 2025

* Version:        2024.1 (Build 5069499 on May 21 2024)
* Project:        myproject_prj
* Solution:       solution1 (Vivado IP Flow Target)
* Product family: virtexuplusHBM
* Target device:  xcu50-fsvh2104-2-e


================================================================
== Performance Estimates
================================================================
+ Timing: 
    * Summary: 
    +--------+---------+----------+------------+
    |  Clock |  Target | Estimated| Uncertainty|
    +--------+---------+----------+------------+
    |ap_clk  |  5.00 ns|  3.649 ns|     1.35 ns|
    +--------+---------+----------+------------+

+ Latency: 
    * Summary: 
    +---------+---------+-----------+-----------+-----+-----+---------+
    |  Latency (cycles) |   Latency (absolute)  |  Interval | Pipeline|
    |   min   |   max   |    min    |    max    | min | max |   Type  |
    +---------+---------+-----------+-----------+-----+-----+---------+
    |        6|        6|  30.000 ns|  30.000 ns|    1|    1|      yes|
    +---------+---------+-----------+-----------+-----+-----+---------+

    + Detail: 
        * Instance: 
        N/A

        * Loop: 
        N/A

============================================================
+ Verbose Summary: Synthesis Manager
============================================================
InlineROM: 1
ExposeGlobal: 0
============================================================
+ Verbose Summary: CDFG Model
============================================================
IsTopModel: 1
ResetActiveHigh: 1
IsCombinational: 0
IsDatapathOnly: 0
HasWiredReturn: 1
HasMFsm: 2
HasVarLatency: 0
IsPipeline: 1
IsRtlPipelined: 1
IsInstanceOverlapped: 0
IsDontTouch: 0
HasImplIP: 0
IsGatedGlobalClock: 0

+ Individual pipeline summary: 
  * Pipeline-0: initiation interval (II) = 1, depth = 7


============================================================
+ Verbose Summary: Schedule
============================================================
* Number of FSM states : 7
* Pipeline : 1
  Pipeline-0 : II = 1, D = 7, States = { 1 2 3 4 5 6 7 }
* Dataflow Pipeline: 0

* FSM state transitions: 
1 --> 2 
2 --> 3 
3 --> 4 
4 --> 5 
5 --> 6 
6 --> 7 
7 --> 

* FSM state operations: 

State 1 <SV = 0> <Delay = 0.74>
ST_1 : Operation 8 [1/1] (0.00ns)   --->   "%input_16_read = read i208 @_ssdm_op_Read.ap_vld.i208P0A, i208 %input_16" [firmware/nnet_utils/nnet_code_gen.h:30->firmware/myproject.cpp:40]   --->   Operation 8 'read' 'input_16_read' <Predicate = true> <Delay = 0.00>
ST_1 : Operation 9 [1/1] (0.00ns)   --->   "%trunc_ln30_1 = partselect i6 @_ssdm_op_PartSelect.i6.i208.i32.i32, i208 %input_16_read, i32 6, i32 11" [firmware/nnet_utils/nnet_code_gen.h:30->firmware/myproject.cpp:40]   --->   Operation 9 'partselect' 'trunc_ln30_1' <Predicate = true> <Delay = 0.00>
ST_1 : Operation 10 [1/1] (0.00ns)   --->   "%tmp = bitselect i1 @_ssdm_op_BitSelect.i1.i208.i32, i208 %input_16_read, i32 5" [firmware/nnet_utils/nnet_code_gen.h:30->firmware/myproject.cpp:40]   --->   Operation 10 'bitselect' 'tmp' <Predicate = true> <Delay = 0.00>
ST_1 : Operation 11 [1/1] (0.00ns)   --->   "%zext_ln30 = zext i1 %tmp" [firmware/nnet_utils/nnet_code_gen.h:30->firmware/myproject.cpp:40]   --->   Operation 11 'zext' 'zext_ln30' <Predicate = true> <Delay = 0.00>
ST_1 : Operation 12 [1/1] (0.70ns)   --->   "%add_ln30 = add i6 %trunc_ln30_1, i6 %zext_ln30" [firmware/nnet_utils/nnet_code_gen.h:30->firmware/myproject.cpp:40]   --->   Operation 12 'add' 'add_ln30' <Predicate = true> <Delay = 0.70> <CoreInst = "Adder">   --->   Core 1 'Adder' <Latency = 0> <II = 1> <Delay = 0.70> <FuncUnit> <Opcode : 'add' 'sub'> <InPorts = 2> <OutPorts = 1>
ST_1 : Operation 13 [1/1] (0.00ns)   --->   "%trunc_ln = partselect i6 @_ssdm_op_PartSelect.i6.i208.i32.i32, i208 %input_16_read, i32 19, i32 24" [firmware/nnet_utils/nnet_code_gen.h:31->firmware/myproject.cpp:40]   --->   Operation 13 'partselect' 'trunc_ln' <Predicate = true> <Delay = 0.00>
ST_1 : Operation 14 [1/1] (0.00ns)   --->   "%tmp_1 = bitselect i1 @_ssdm_op_BitSelect.i1.i208.i208, i208 %input_16_read, i208 18" [firmware/nnet_utils/nnet_code_gen.h:31->firmware/myproject.cpp:40]   --->   Operation 14 'bitselect' 'tmp_1' <Predicate = true> <Delay = 0.00>
ST_1 : Operation 15 [1/1] (0.00ns)   --->   "%zext_ln31 = zext i1 %tmp_1" [firmware/nnet_utils/nnet_code_gen.h:31->firmware/myproject.cpp:40]   --->   Operation 15 'zext' 'zext_ln31' <Predicate = true> <Delay = 0.00>
ST_1 : Operation 16 [1/1] (0.70ns)   --->   "%add_ln31 = add i6 %trunc_ln, i6 %zext_ln31" [firmware/nnet_utils/nnet_code_gen.h:31->firmware/myproject.cpp:40]   --->   Operation 16 'add' 'add_ln31' <Predicate = true> <Delay = 0.70> <CoreInst = "Adder">   --->   Core 1 'Adder' <Latency = 0> <II = 1> <Delay = 0.70> <FuncUnit> <Opcode : 'add' 'sub'> <InPorts = 2> <OutPorts = 1>
ST_1 : Operation 17 [1/1] (0.00ns)   --->   "%trunc_ln1 = partselect i9 @_ssdm_op_PartSelect.i9.i208.i32.i32, i208 %input_16_read, i32 29, i32 37" [firmware/nnet_utils/nnet_code_gen.h:32->firmware/myproject.cpp:40]   --->   Operation 17 'partselect' 'trunc_ln1' <Predicate = true> <Delay = 0.00>
ST_1 : Operation 18 [1/1] (0.00ns)   --->   "%tmp_2 = bitselect i1 @_ssdm_op_BitSelect.i1.i208.i208, i208 %input_16_read, i208 28" [firmware/nnet_utils/nnet_code_gen.h:32->firmware/myproject.cpp:40]   --->   Operation 18 'bitselect' 'tmp_2' <Predicate = true> <Delay = 0.00>
ST_1 : Operation 19 [1/1] (0.00ns)   --->   "%zext_ln32 = zext i1 %tmp_2" [firmware/nnet_utils/nnet_code_gen.h:32->firmware/myproject.cpp:40]   --->   Operation 19 'zext' 'zext_ln32' <Predicate = true> <Delay = 0.00>
ST_1 : Operation 20 [1/1] (0.71ns)   --->   "%add_ln32 = add i9 %trunc_ln1, i9 %zext_ln32" [firmware/nnet_utils/nnet_code_gen.h:32->firmware/myproject.cpp:40]   --->   Operation 20 'add' 'add_ln32' <Predicate = true> <Delay = 0.71> <CoreInst = "Adder">   --->   Core 1 'Adder' <Latency = 0> <II = 1> <Delay = 0.71> <FuncUnit> <Opcode : 'add' 'sub'> <InPorts = 2> <OutPorts = 1>
ST_1 : Operation 21 [1/1] (0.00ns)   --->   "%trunc_ln2 = partselect i10 @_ssdm_op_PartSelect.i10.i208.i32.i32, i208 %input_16_read, i32 41, i32 50" [firmware/nnet_utils/nnet_code_gen.h:33->firmware/myproject.cpp:40]   --->   Operation 21 'partselect' 'trunc_ln2' <Predicate = true> <Delay = 0.00>
ST_1 : Operation 22 [1/1] (0.00ns)   --->   "%tmp_3 = bitselect i1 @_ssdm_op_BitSelect.i1.i208.i208, i208 %input_16_read, i208 40" [firmware/nnet_utils/nnet_code_gen.h:33->firmware/myproject.cpp:40]   --->   Operation 22 'bitselect' 'tmp_3' <Predicate = true> <Delay = 0.00>
ST_1 : Operation 23 [1/1] (0.00ns)   --->   "%zext_ln33 = zext i1 %tmp_3" [firmware/nnet_utils/nnet_code_gen.h:33->firmware/myproject.cpp:40]   --->   Operation 23 'zext' 'zext_ln33' <Predicate = true> <Delay = 0.00>
ST_1 : Operation 24 [1/1] (0.72ns)   --->   "%add_ln33 = add i10 %trunc_ln2, i10 %zext_ln33" [firmware/nnet_utils/nnet_code_gen.h:33->firmware/myproject.cpp:40]   --->   Operation 24 'add' 'add_ln33' <Predicate = true> <Delay = 0.72> <CoreInst = "Adder">   --->   Core 1 'Adder' <Latency = 0> <II = 1> <Delay = 0.72> <FuncUnit> <Opcode : 'add' 'sub'> <InPorts = 2> <OutPorts = 1>
ST_1 : Operation 25 [1/1] (0.00ns)   --->   "%trunc_ln3 = partselect i8 @_ssdm_op_PartSelect.i8.i208.i32.i32, i208 %input_16_read, i32 56, i32 63" [firmware/nnet_utils/nnet_code_gen.h:34->firmware/myproject.cpp:40]   --->   Operation 25 'partselect' 'trunc_ln3' <Predicate = true> <Delay = 0.00>
ST_1 : Operation 26 [1/1] (0.00ns)   --->   "%tmp_4 = bitselect i1 @_ssdm_op_BitSelect.i1.i208.i208, i208 %input_16_read, i208 55" [firmware/nnet_utils/nnet_code_gen.h:34->firmware/myproject.cpp:40]   --->   Operation 26 'bitselect' 'tmp_4' <Predicate = true> <Delay = 0.00>
ST_1 : Operation 27 [1/1] (0.00ns)   --->   "%zext_ln34 = zext i1 %tmp_4" [firmware/nnet_utils/nnet_code_gen.h:34->firmware/myproject.cpp:40]   --->   Operation 27 'zext' 'zext_ln34' <Predicate = true> <Delay = 0.00>
ST_1 : Operation 28 [1/1] (0.70ns)   --->   "%add_ln34 = add i8 %trunc_ln3, i8 %zext_ln34" [firmware/nnet_utils/nnet_code_gen.h:34->firmware/myproject.cpp:40]   --->   Operation 28 'add' 'add_ln34' <Predicate = true> <Delay = 0.70> <CoreInst = "Adder">   --->   Core 1 'Adder' <Latency = 0> <II = 1> <Delay = 0.70> <FuncUnit> <Opcode : 'add' 'sub'> <InPorts = 2> <OutPorts = 1>
ST_1 : Operation 29 [1/1] (0.00ns)   --->   "%trunc_ln4 = partselect i7 @_ssdm_op_PartSelect.i7.i208.i32.i32, i208 %input_16_read, i32 71, i32 77" [firmware/nnet_utils/nnet_code_gen.h:35->firmware/myproject.cpp:40]   --->   Operation 29 'partselect' 'trunc_ln4' <Predicate = true> <Delay = 0.00>
ST_1 : Operation 30 [1/1] (0.00ns)   --->   "%tmp_5 = bitselect i1 @_ssdm_op_BitSelect.i1.i208.i208, i208 %input_16_read, i208 70" [firmware/nnet_utils/nnet_code_gen.h:35->firmware/myproject.cpp:40]   --->   Operation 30 'bitselect' 'tmp_5' <Predicate = true> <Delay = 0.00>
ST_1 : Operation 31 [1/1] (0.00ns)   --->   "%zext_ln35 = zext i1 %tmp_5" [firmware/nnet_utils/nnet_code_gen.h:35->firmware/myproject.cpp:40]   --->   Operation 31 'zext' 'zext_ln35' <Predicate = true> <Delay = 0.00>
ST_1 : Operation 32 [1/1] (0.70ns)   --->   "%add_ln35 = add i7 %trunc_ln4, i7 %zext_ln35" [firmware/nnet_utils/nnet_code_gen.h:35->firmware/myproject.cpp:40]   --->   Operation 32 'add' 'add_ln35' <Predicate = true> <Delay = 0.70> <CoreInst = "Adder">   --->   Core 1 'Adder' <Latency = 0> <II = 1> <Delay = 0.70> <FuncUnit> <Opcode : 'add' 'sub'> <InPorts = 2> <OutPorts = 1>
ST_1 : Operation 33 [1/1] (0.00ns)   --->   "%trunc_ln5 = partselect i4 @_ssdm_op_PartSelect.i4.i208.i32.i32, i208 %input_16_read, i32 86, i32 89" [firmware/nnet_utils/nnet_code_gen.h:36->firmware/myproject.cpp:40]   --->   Operation 33 'partselect' 'trunc_ln5' <Predicate = true> <Delay = 0.00>
ST_1 : Operation 34 [1/1] (0.00ns)   --->   "%tmp_6 = bitselect i1 @_ssdm_op_BitSelect.i1.i208.i208, i208 %input_16_read, i208 85" [firmware/nnet_utils/nnet_code_gen.h:36->firmware/myproject.cpp:40]   --->   Operation 34 'bitselect' 'tmp_6' <Predicate = true> <Delay = 0.00>
ST_1 : Operation 35 [1/1] (0.00ns)   --->   "%zext_ln36 = zext i1 %tmp_6" [firmware/nnet_utils/nnet_code_gen.h:36->firmware/myproject.cpp:40]   --->   Operation 35 'zext' 'zext_ln36' <Predicate = true> <Delay = 0.00>
ST_1 : Operation 36 [1/1] (0.70ns)   --->   "%add_ln36 = add i4 %trunc_ln5, i4 %zext_ln36" [firmware/nnet_utils/nnet_code_gen.h:36->firmware/myproject.cpp:40]   --->   Operation 36 'add' 'add_ln36' <Predicate = true> <Delay = 0.70> <CoreInst = "Adder">   --->   Core 1 'Adder' <Latency = 0> <II = 1> <Delay = 0.70> <FuncUnit> <Opcode : 'add' 'sub'> <InPorts = 2> <OutPorts = 1>
ST_1 : Operation 37 [1/1] (0.00ns)   --->   "%trunc_ln6 = partselect i6 @_ssdm_op_PartSelect.i6.i208.i32.i32, i208 %input_16_read, i32 97, i32 102" [firmware/nnet_utils/nnet_code_gen.h:37->firmware/myproject.cpp:40]   --->   Operation 37 'partselect' 'trunc_ln6' <Predicate = true> <Delay = 0.00>
ST_1 : Operation 38 [1/1] (0.00ns)   --->   "%tmp_7 = bitselect i1 @_ssdm_op_BitSelect.i1.i208.i208, i208 %input_16_read, i208 96" [firmware/nnet_utils/nnet_code_gen.h:37->firmware/myproject.cpp:40]   --->   Operation 38 'bitselect' 'tmp_7' <Predicate = true> <Delay = 0.00>
ST_1 : Operation 39 [1/1] (0.00ns)   --->   "%zext_ln37 = zext i1 %tmp_7" [firmware/nnet_utils/nnet_code_gen.h:37->firmware/myproject.cpp:40]   --->   Operation 39 'zext' 'zext_ln37' <Predicate = true> <Delay = 0.00>
ST_1 : Operation 40 [1/1] (0.70ns)   --->   "%add_ln37 = add i6 %trunc_ln6, i6 %zext_ln37" [firmware/nnet_utils/nnet_code_gen.h:37->firmware/myproject.cpp:40]   --->   Operation 40 'add' 'add_ln37' <Predicate = true> <Delay = 0.70> <CoreInst = "Adder">   --->   Core 1 'Adder' <Latency = 0> <II = 1> <Delay = 0.70> <FuncUnit> <Opcode : 'add' 'sub'> <InPorts = 2> <OutPorts = 1>
ST_1 : Operation 41 [1/1] (0.00ns)   --->   "%trunc_ln7 = partselect i2 @_ssdm_op_PartSelect.i2.i208.i32.i32, i208 %input_16_read, i32 126, i32 127" [firmware/nnet_utils/nnet_code_gen.h:39->firmware/myproject.cpp:40]   --->   Operation 41 'partselect' 'trunc_ln7' <Predicate = true> <Delay = 0.00>
ST_1 : Operation 42 [1/1] (0.00ns)   --->   "%tmp_8 = bitselect i1 @_ssdm_op_BitSelect.i1.i208.i208, i208 %input_16_read, i208 125" [firmware/nnet_utils/nnet_code_gen.h:39->firmware/myproject.cpp:40]   --->   Operation 42 'bitselect' 'tmp_8' <Predicate = true> <Delay = 0.00>
ST_1 : Operation 43 [1/1] (0.00ns)   --->   "%zext_ln39 = zext i1 %tmp_8" [firmware/nnet_utils/nnet_code_gen.h:39->firmware/myproject.cpp:40]   --->   Operation 43 'zext' 'zext_ln39' <Predicate = true> <Delay = 0.00>
ST_1 : Operation 44 [1/1] (0.43ns)   --->   "%add_ln39 = add i2 %trunc_ln7, i2 %zext_ln39" [firmware/nnet_utils/nnet_code_gen.h:39->firmware/myproject.cpp:40]   --->   Operation 44 'add' 'add_ln39' <Predicate = true> <Delay = 0.43> <CoreInst = "Adder">   --->   Core 1 'Adder' <Latency = 0> <II = 1> <Delay = 0.43> <FuncUnit> <Opcode : 'add' 'sub'> <InPorts = 2> <OutPorts = 1>
ST_1 : Operation 45 [1/1] (0.00ns)   --->   "%trunc_ln8 = partselect i6 @_ssdm_op_PartSelect.i6.i208.i32.i32, i208 %input_16_read, i32 135, i32 140" [firmware/nnet_utils/nnet_code_gen.h:40->firmware/myproject.cpp:40]   --->   Operation 45 'partselect' 'trunc_ln8' <Predicate = true> <Delay = 0.00>
ST_1 : Operation 46 [1/1] (0.00ns)   --->   "%tmp_9 = bitselect i1 @_ssdm_op_BitSelect.i1.i208.i208, i208 %input_16_read, i208 134" [firmware/nnet_utils/nnet_code_gen.h:40->firmware/myproject.cpp:40]   --->   Operation 46 'bitselect' 'tmp_9' <Predicate = true> <Delay = 0.00>
ST_1 : Operation 47 [1/1] (0.00ns)   --->   "%zext_ln40 = zext i1 %tmp_9" [firmware/nnet_utils/nnet_code_gen.h:40->firmware/myproject.cpp:40]   --->   Operation 47 'zext' 'zext_ln40' <Predicate = true> <Delay = 0.00>
ST_1 : Operation 48 [1/1] (0.70ns)   --->   "%add_ln40 = add i6 %trunc_ln8, i6 %zext_ln40" [firmware/nnet_utils/nnet_code_gen.h:40->firmware/myproject.cpp:40]   --->   Operation 48 'add' 'add_ln40' <Predicate = true> <Delay = 0.70> <CoreInst = "Adder">   --->   Core 1 'Adder' <Latency = 0> <II = 1> <Delay = 0.70> <FuncUnit> <Opcode : 'add' 'sub'> <InPorts = 2> <OutPorts = 1>
ST_1 : Operation 49 [1/1] (0.00ns)   --->   "%trunc_ln9 = partselect i5 @_ssdm_op_PartSelect.i5.i208.i32.i32, i208 %input_16_read, i32 149, i32 153" [firmware/nnet_utils/nnet_code_gen.h:41->firmware/myproject.cpp:40]   --->   Operation 49 'partselect' 'trunc_ln9' <Predicate = true> <Delay = 0.00>
ST_1 : Operation 50 [1/1] (0.00ns)   --->   "%tmp_10 = bitselect i1 @_ssdm_op_BitSelect.i1.i208.i208, i208 %input_16_read, i208 148" [firmware/nnet_utils/nnet_code_gen.h:41->firmware/myproject.cpp:40]   --->   Operation 50 'bitselect' 'tmp_10' <Predicate = true> <Delay = 0.00>
ST_1 : Operation 51 [1/1] (0.00ns)   --->   "%zext_ln41 = zext i1 %tmp_10" [firmware/nnet_utils/nnet_code_gen.h:41->firmware/myproject.cpp:40]   --->   Operation 51 'zext' 'zext_ln41' <Predicate = true> <Delay = 0.00>
ST_1 : Operation 52 [1/1] (0.70ns)   --->   "%add_ln41 = add i5 %trunc_ln9, i5 %zext_ln41" [firmware/nnet_utils/nnet_code_gen.h:41->firmware/myproject.cpp:40]   --->   Operation 52 'add' 'add_ln41' <Predicate = true> <Delay = 0.70> <CoreInst = "Adder">   --->   Core 1 'Adder' <Latency = 0> <II = 1> <Delay = 0.70> <FuncUnit> <Opcode : 'add' 'sub'> <InPorts = 2> <OutPorts = 1>
ST_1 : Operation 53 [1/1] (0.00ns)   --->   "%trunc_ln10 = partselect i4 @_ssdm_op_PartSelect.i4.i208.i32.i32, i208 %input_16_read, i32 163, i32 166" [firmware/nnet_utils/nnet_code_gen.h:42->firmware/myproject.cpp:40]   --->   Operation 53 'partselect' 'trunc_ln10' <Predicate = true> <Delay = 0.00>
ST_1 : Operation 54 [1/1] (0.00ns)   --->   "%tmp_11 = bitselect i1 @_ssdm_op_BitSelect.i1.i208.i208, i208 %input_16_read, i208 162" [firmware/nnet_utils/nnet_code_gen.h:42->firmware/myproject.cpp:40]   --->   Operation 54 'bitselect' 'tmp_11' <Predicate = true> <Delay = 0.00>
ST_1 : Operation 55 [1/1] (0.00ns)   --->   "%zext_ln42 = zext i1 %tmp_11" [firmware/nnet_utils/nnet_code_gen.h:42->firmware/myproject.cpp:40]   --->   Operation 55 'zext' 'zext_ln42' <Predicate = true> <Delay = 0.00>
ST_1 : Operation 56 [1/1] (0.70ns)   --->   "%add_ln42 = add i4 %trunc_ln10, i4 %zext_ln42" [firmware/nnet_utils/nnet_code_gen.h:42->firmware/myproject.cpp:40]   --->   Operation 56 'add' 'add_ln42' <Predicate = true> <Delay = 0.70> <CoreInst = "Adder">   --->   Core 1 'Adder' <Latency = 0> <II = 1> <Delay = 0.70> <FuncUnit> <Opcode : 'add' 'sub'> <InPorts = 2> <OutPorts = 1>
ST_1 : Operation 57 [1/1] (0.00ns)   --->   "%trunc_ln11 = partselect i12 @_ssdm_op_PartSelect.i12.i208.i32.i32, i208 %input_16_read, i32 183, i32 194" [firmware/nnet_utils/nnet_code_gen.h:44->firmware/myproject.cpp:40]   --->   Operation 57 'partselect' 'trunc_ln11' <Predicate = true> <Delay = 0.00>
ST_1 : Operation 58 [1/1] (0.00ns)   --->   "%tmp_12 = bitselect i1 @_ssdm_op_BitSelect.i1.i208.i208, i208 %input_16_read, i208 182" [firmware/nnet_utils/nnet_code_gen.h:44->firmware/myproject.cpp:40]   --->   Operation 58 'bitselect' 'tmp_12' <Predicate = true> <Delay = 0.00>
ST_1 : Operation 59 [1/1] (0.00ns)   --->   "%zext_ln44 = zext i1 %tmp_12" [firmware/nnet_utils/nnet_code_gen.h:44->firmware/myproject.cpp:40]   --->   Operation 59 'zext' 'zext_ln44' <Predicate = true> <Delay = 0.00>
ST_1 : Operation 60 [1/1] (0.74ns)   --->   "%layer2_out_13 = add i12 %trunc_ln11, i12 %zext_ln44" [firmware/nnet_utils/nnet_code_gen.h:44->firmware/myproject.cpp:40]   --->   Operation 60 'add' 'layer2_out_13' <Predicate = true> <Delay = 0.74> <CoreInst = "Adder">   --->   Core 1 'Adder' <Latency = 0> <II = 1> <Delay = 0.74> <FuncUnit> <Opcode : 'add' 'sub'> <InPorts = 2> <OutPorts = 1>
ST_1 : Operation 61 [1/1] (0.00ns)   --->   "%trunc_ln12 = partselect i8 @_ssdm_op_PartSelect.i8.i208.i32.i32, i208 %input_16_read, i32 199, i32 206" [firmware/nnet_utils/nnet_code_gen.h:45->firmware/myproject.cpp:40]   --->   Operation 61 'partselect' 'trunc_ln12' <Predicate = true> <Delay = 0.00>
ST_1 : Operation 62 [1/1] (0.00ns)   --->   "%tmp_23 = bitselect i1 @_ssdm_op_BitSelect.i1.i208.i208, i208 %input_16_read, i208 198" [firmware/nnet_utils/nnet_code_gen.h:45->firmware/myproject.cpp:40]   --->   Operation 62 'bitselect' 'tmp_23' <Predicate = true> <Delay = 0.00>
ST_1 : Operation 63 [1/1] (0.00ns)   --->   "%zext_ln45 = zext i1 %tmp_23" [firmware/nnet_utils/nnet_code_gen.h:45->firmware/myproject.cpp:40]   --->   Operation 63 'zext' 'zext_ln45' <Predicate = true> <Delay = 0.00>
ST_1 : Operation 64 [1/1] (0.70ns)   --->   "%add_ln45 = add i8 %trunc_ln12, i8 %zext_ln45" [firmware/nnet_utils/nnet_code_gen.h:45->firmware/myproject.cpp:40]   --->   Operation 64 'add' 'add_ln45' <Predicate = true> <Delay = 0.70> <CoreInst = "Adder">   --->   Core 1 'Adder' <Latency = 0> <II = 1> <Delay = 0.70> <FuncUnit> <Opcode : 'add' 'sub'> <InPorts = 2> <OutPorts = 1>

State 2 <SV = 1> <Delay = 3.64>
ST_2 : Operation 65 [1/1] (0.00ns)   --->   "%layer2_out = bitconcatenate i11 @_ssdm_op_BitConcatenate.i11.i6.i5, i6 %add_ln30, i5 0" [firmware/nnet_utils/nnet_code_gen.h:30->firmware/myproject.cpp:40]   --->   Operation 65 'bitconcatenate' 'layer2_out' <Predicate = true> <Delay = 0.00>
ST_2 : Operation 66 [1/1] (0.00ns)   --->   "%layer2_out_1 = bitconcatenate i11 @_ssdm_op_BitConcatenate.i11.i6.i5, i6 %add_ln31, i5 0" [firmware/nnet_utils/nnet_code_gen.h:31->firmware/myproject.cpp:40]   --->   Operation 66 'bitconcatenate' 'layer2_out_1' <Predicate = true> <Delay = 0.00>
ST_2 : Operation 67 [1/1] (0.00ns)   --->   "%layer2_out_2 = bitconcatenate i11 @_ssdm_op_BitConcatenate.i11.i9.i2, i9 %add_ln32, i2 0" [firmware/nnet_utils/nnet_code_gen.h:32->firmware/myproject.cpp:40]   --->   Operation 67 'bitconcatenate' 'layer2_out_2' <Predicate = true> <Delay = 0.00>
ST_2 : Operation 68 [1/1] (0.00ns)   --->   "%layer2_out_3 = bitconcatenate i11 @_ssdm_op_BitConcatenate.i11.i10.i1, i10 %add_ln33, i1 0" [firmware/nnet_utils/nnet_code_gen.h:33->firmware/myproject.cpp:40]   --->   Operation 68 'bitconcatenate' 'layer2_out_3' <Predicate = true> <Delay = 0.00>
ST_2 : Operation 69 [1/1] (0.00ns)   --->   "%layer2_out_4 = bitconcatenate i11 @_ssdm_op_BitConcatenate.i11.i8.i3, i8 %add_ln34, i3 0" [firmware/nnet_utils/nnet_code_gen.h:34->firmware/myproject.cpp:40]   --->   Operation 69 'bitconcatenate' 'layer2_out_4' <Predicate = true> <Delay = 0.00>
ST_2 : Operation 70 [1/1] (0.00ns)   --->   "%layer2_out_5 = bitconcatenate i12 @_ssdm_op_BitConcatenate.i12.i7.i5, i7 %add_ln35, i5 0" [firmware/nnet_utils/nnet_code_gen.h:35->firmware/myproject.cpp:40]   --->   Operation 70 'bitconcatenate' 'layer2_out_5' <Predicate = true> <Delay = 0.00>
ST_2 : Operation 71 [1/1] (0.00ns)   --->   "%layer2_out_6 = bitconcatenate i11 @_ssdm_op_BitConcatenate.i11.i4.i7, i4 %add_ln36, i7 0" [firmware/nnet_utils/nnet_code_gen.h:36->firmware/myproject.cpp:40]   --->   Operation 71 'bitconcatenate' 'layer2_out_6' <Predicate = true> <Delay = 0.00>
ST_2 : Operation 72 [1/1] (0.00ns)   --->   "%layer2_out_7 = bitconcatenate i11 @_ssdm_op_BitConcatenate.i11.i6.i5, i6 %add_ln37, i5 0" [firmware/nnet_utils/nnet_code_gen.h:37->firmware/myproject.cpp:40]   --->   Operation 72 'bitconcatenate' 'layer2_out_7' <Predicate = true> <Delay = 0.00>
ST_2 : Operation 73 [1/1] (0.00ns)   --->   "%layer2_out_8 = bitconcatenate i10 @_ssdm_op_BitConcatenate.i10.i2.i8, i2 %add_ln39, i8 0" [firmware/nnet_utils/nnet_code_gen.h:39->firmware/myproject.cpp:40]   --->   Operation 73 'bitconcatenate' 'layer2_out_8' <Predicate = true> <Delay = 0.00>
ST_2 : Operation 74 [1/1] (0.00ns)   --->   "%layer2_out_9 = bitconcatenate i10 @_ssdm_op_BitConcatenate.i10.i6.i4, i6 %add_ln40, i4 0" [firmware/nnet_utils/nnet_code_gen.h:40->firmware/myproject.cpp:40]   --->   Operation 74 'bitconcatenate' 'layer2_out_9' <Predicate = true> <Delay = 0.00>
ST_2 : Operation 75 [1/1] (0.00ns)   --->   "%layer2_out_12 = bitconcatenate i10 @_ssdm_op_BitConcatenate.i10.i5.i5, i5 %add_ln41, i5 0" [firmware/nnet_utils/nnet_code_gen.h:41->firmware/myproject.cpp:40]   --->   Operation 75 'bitconcatenate' 'layer2_out_12' <Predicate = true> <Delay = 0.00>
ST_2 : Operation 76 [1/1] (0.00ns)   --->   "%layer2_out_10 = bitconcatenate i10 @_ssdm_op_BitConcatenate.i10.i4.i6, i4 %add_ln42, i6 0" [firmware/nnet_utils/nnet_code_gen.h:42->firmware/myproject.cpp:40]   --->   Operation 76 'bitconcatenate' 'layer2_out_10' <Predicate = true> <Delay = 0.00>
ST_2 : Operation 77 [1/1] (0.00ns)   --->   "%layer2_out_11 = bitconcatenate i11 @_ssdm_op_BitConcatenate.i11.i8.i3, i8 %add_ln45, i3 0" [firmware/nnet_utils/nnet_code_gen.h:45->firmware/myproject.cpp:40]   --->   Operation 77 'bitconcatenate' 'layer2_out_11' <Predicate = true> <Delay = 0.00>
ST_2 : Operation 78 [1/1] (3.64ns)   --->   "%call_ret1 = call i99 @dense_latency<ap_fixed<12, 5, 5, 3, 0>, ap_fixed<11, 8, 5, 3, 0>, config3>, i11 %layer2_out, i11 %layer2_out_1, i11 %layer2_out_2, i11 %layer2_out_3, i11 %layer2_out_4, i12 %layer2_out_5, i11 %layer2_out_6, i11 %layer2_out_7, i10 %layer2_out_8, i10 %layer2_out_9, i10 %layer2_out_12, i10 %layer2_out_10, i12 %layer2_out_13, i11 %layer2_out_11" [firmware/nnet_utils/nnet_dense.h:54->firmware/nnet_utils/nnet_dense.h:45->firmware/myproject.cpp:44]   --->   Operation 78 'call' 'call_ret1' <Predicate = true> <Delay = 3.64> <CoreType = "Generic">   --->   Core 0 '' <Latency = 0> <II = 1> <Delay = 1.00> <Generic> <Opcode : >
ST_2 : Operation 79 [1/1] (0.00ns)   --->   "%layer3_out = extractvalue i99 %call_ret1" [firmware/nnet_utils/nnet_dense.h:54->firmware/nnet_utils/nnet_dense.h:45->firmware/myproject.cpp:44]   --->   Operation 79 'extractvalue' 'layer3_out' <Predicate = true> <Delay = 0.00>
ST_2 : Operation 80 [1/1] (0.00ns)   --->   "%layer3_out_1 = extractvalue i99 %call_ret1" [firmware/nnet_utils/nnet_dense.h:54->firmware/nnet_utils/nnet_dense.h:45->firmware/myproject.cpp:44]   --->   Operation 80 'extractvalue' 'layer3_out_1' <Predicate = true> <Delay = 0.00>
ST_2 : Operation 81 [1/1] (0.00ns)   --->   "%layer3_out_2 = extractvalue i99 %call_ret1" [firmware/nnet_utils/nnet_dense.h:54->firmware/nnet_utils/nnet_dense.h:45->firmware/myproject.cpp:44]   --->   Operation 81 'extractvalue' 'layer3_out_2' <Predicate = true> <Delay = 0.00>
ST_2 : Operation 82 [1/1] (0.00ns)   --->   "%layer3_out_3 = extractvalue i99 %call_ret1" [firmware/nnet_utils/nnet_dense.h:54->firmware/nnet_utils/nnet_dense.h:45->firmware/myproject.cpp:44]   --->   Operation 82 'extractvalue' 'layer3_out_3' <Predicate = true> <Delay = 0.00>
ST_2 : Operation 83 [1/1] (0.00ns)   --->   "%layer3_out_4 = extractvalue i99 %call_ret1" [firmware/nnet_utils/nnet_dense.h:54->firmware/nnet_utils/nnet_dense.h:45->firmware/myproject.cpp:44]   --->   Operation 83 'extractvalue' 'layer3_out_4' <Predicate = true> <Delay = 0.00>
ST_2 : Operation 84 [1/1] (0.00ns)   --->   "%layer3_out_5 = extractvalue i99 %call_ret1" [firmware/nnet_utils/nnet_dense.h:54->firmware/nnet_utils/nnet_dense.h:45->firmware/myproject.cpp:44]   --->   Operation 84 'extractvalue' 'layer3_out_5' <Predicate = true> <Delay = 0.00>
ST_2 : Operation 85 [1/1] (0.00ns)   --->   "%layer3_out_6 = extractvalue i99 %call_ret1" [firmware/nnet_utils/nnet_dense.h:54->firmware/nnet_utils/nnet_dense.h:45->firmware/myproject.cpp:44]   --->   Operation 85 'extractvalue' 'layer3_out_6' <Predicate = true> <Delay = 0.00>
ST_2 : Operation 86 [1/1] (0.00ns)   --->   "%layer3_out_7 = extractvalue i99 %call_ret1" [firmware/nnet_utils/nnet_dense.h:54->firmware/nnet_utils/nnet_dense.h:45->firmware/myproject.cpp:44]   --->   Operation 86 'extractvalue' 'layer3_out_7' <Predicate = true> <Delay = 0.00>
ST_2 : Operation 87 [1/1] (0.00ns)   --->   "%layer3_out_8 = extractvalue i99 %call_ret1" [firmware/nnet_utils/nnet_dense.h:54->firmware/nnet_utils/nnet_dense.h:45->firmware/myproject.cpp:44]   --->   Operation 87 'extractvalue' 'layer3_out_8' <Predicate = true> <Delay = 0.00>

State 3 <SV = 2> <Delay = 1.03>
ST_3 : Operation 88 [1/1] (1.03ns)   --->   "%call_ret2 = call i90 @relu<ap_fixed<11, 8, 5, 3, 0>, ap_ufixed<10, 7, 5, 3, 0>, ReLU_config6>, i11 %layer3_out, i11 %layer3_out_1, i11 %layer3_out_2, i11 %layer3_out_3, i11 %layer3_out_4, i11 %layer3_out_5, i11 %layer3_out_6, i11 %layer3_out_7, i11 %layer3_out_8" [firmware/myproject.cpp:48]   --->   Operation 88 'call' 'call_ret2' <Predicate = true> <Delay = 1.03> <CoreType = "Generic">   --->   Core 0 '' <Latency = 0> <II = 1> <Delay = 1.00> <Generic> <Opcode : >
ST_3 : Operation 89 [1/1] (0.00ns)   --->   "%layer6_out = extractvalue i90 %call_ret2" [firmware/myproject.cpp:48]   --->   Operation 89 'extractvalue' 'layer6_out' <Predicate = true> <Delay = 0.00>
ST_3 : Operation 90 [1/1] (0.00ns)   --->   "%layer6_out_1 = extractvalue i90 %call_ret2" [firmware/myproject.cpp:48]   --->   Operation 90 'extractvalue' 'layer6_out_1' <Predicate = true> <Delay = 0.00>
ST_3 : Operation 91 [1/1] (0.00ns)   --->   "%layer6_out_2 = extractvalue i90 %call_ret2" [firmware/myproject.cpp:48]   --->   Operation 91 'extractvalue' 'layer6_out_2' <Predicate = true> <Delay = 0.00>
ST_3 : Operation 92 [1/1] (0.00ns)   --->   "%layer6_out_3 = extractvalue i90 %call_ret2" [firmware/myproject.cpp:48]   --->   Operation 92 'extractvalue' 'layer6_out_3' <Predicate = true> <Delay = 0.00>
ST_3 : Operation 93 [1/1] (0.00ns)   --->   "%layer6_out_4 = extractvalue i90 %call_ret2" [firmware/myproject.cpp:48]   --->   Operation 93 'extractvalue' 'layer6_out_4' <Predicate = true> <Delay = 0.00>
ST_3 : Operation 94 [1/1] (0.00ns)   --->   "%layer6_out_9 = extractvalue i90 %call_ret2" [firmware/myproject.cpp:48]   --->   Operation 94 'extractvalue' 'layer6_out_9' <Predicate = true> <Delay = 0.00>
ST_3 : Operation 95 [1/1] (0.00ns)   --->   "%layer6_out_6 = extractvalue i90 %call_ret2" [firmware/myproject.cpp:48]   --->   Operation 95 'extractvalue' 'layer6_out_6' <Predicate = true> <Delay = 0.00>
ST_3 : Operation 96 [1/1] (0.00ns)   --->   "%layer6_out_7 = extractvalue i90 %call_ret2" [firmware/myproject.cpp:48]   --->   Operation 96 'extractvalue' 'layer6_out_7' <Predicate = true> <Delay = 0.00>
ST_3 : Operation 97 [1/1] (0.00ns)   --->   "%layer6_out_8 = extractvalue i90 %call_ret2" [firmware/myproject.cpp:48]   --->   Operation 97 'extractvalue' 'layer6_out_8' <Predicate = true> <Delay = 0.00>
ST_3 : Operation 98 [1/1] (0.00ns)   --->   "%tmp_s = partselect i5 @_ssdm_op_PartSelect.i5.i10.i32.i32, i10 %layer6_out, i32 4, i32 8" [firmware/nnet_utils/nnet_code_gen.h:52->firmware/myproject.cpp:52]   --->   Operation 98 'partselect' 'tmp_s' <Predicate = true> <Delay = 0.00>
ST_3 : Operation 99 [1/1] (0.00ns)   --->   "%tmp_13 = partselect i5 @_ssdm_op_PartSelect.i5.i10.i32.i32, i10 %layer6_out_1, i32 2, i32 6" [firmware/nnet_utils/nnet_code_gen.h:53->firmware/myproject.cpp:52]   --->   Operation 99 'partselect' 'tmp_13' <Predicate = true> <Delay = 0.00>
ST_3 : Operation 100 [1/1] (0.00ns)   --->   "%tmp_14 = partselect i6 @_ssdm_op_PartSelect.i6.i10.i32.i32, i10 %layer6_out_2, i32 1, i32 6" [firmware/nnet_utils/nnet_code_gen.h:58->firmware/myproject.cpp:52]   --->   Operation 100 'partselect' 'tmp_14' <Predicate = true> <Delay = 0.00>
ST_3 : Operation 101 [1/1] (0.00ns)   --->   "%tmp_15 = partselect i5 @_ssdm_op_PartSelect.i5.i10.i32.i32, i10 %layer6_out_3, i32 2, i32 6" [firmware/nnet_utils/nnet_code_gen.h:59->firmware/myproject.cpp:52]   --->   Operation 101 'partselect' 'tmp_15' <Predicate = true> <Delay = 0.00>
ST_3 : Operation 102 [1/1] (0.00ns)   --->   "%tmp_16 = partselect i5 @_ssdm_op_PartSelect.i5.i10.i32.i32, i10 %layer6_out_4, i32 3, i32 7" [firmware/nnet_utils/nnet_code_gen.h:74->firmware/myproject.cpp:52]   --->   Operation 102 'partselect' 'tmp_16' <Predicate = true> <Delay = 0.00>
ST_3 : Operation 103 [1/1] (0.00ns)   --->   "%layer7_out_6 = trunc i10 %layer6_out_6" [firmware/nnet_utils/nnet_code_gen.h:107->firmware/myproject.cpp:52]   --->   Operation 103 'trunc' 'layer7_out_6' <Predicate = true> <Delay = 0.00>
ST_3 : Operation 104 [1/1] (0.00ns)   --->   "%layer7_out_7 = trunc i10 %layer6_out_7" [firmware/nnet_utils/nnet_code_gen.h:111->firmware/myproject.cpp:52]   --->   Operation 104 'trunc' 'layer7_out_7' <Predicate = true> <Delay = 0.00>
ST_3 : Operation 105 [1/1] (0.00ns)   --->   "%tmp_17 = partselect i6 @_ssdm_op_PartSelect.i6.i10.i32.i32, i10 %layer6_out_8, i32 2, i32 7" [firmware/nnet_utils/nnet_code_gen.h:115->firmware/myproject.cpp:52]   --->   Operation 105 'partselect' 'tmp_17' <Predicate = true> <Delay = 0.00>

State 4 <SV = 3> <Delay = 3.49>
ST_4 : Operation 106 [1/1] (0.00ns)   --->   "%layer7_out = bitconcatenate i9 @_ssdm_op_BitConcatenate.i9.i5.i4, i5 %tmp_s, i4 0" [firmware/nnet_utils/nnet_code_gen.h:52->firmware/myproject.cpp:52]   --->   Operation 106 'bitconcatenate' 'layer7_out' <Predicate = true> <Delay = 0.00>
ST_4 : Operation 107 [1/1] (0.00ns)   --->   "%layer7_out_1 = bitconcatenate i7 @_ssdm_op_BitConcatenate.i7.i5.i2, i5 %tmp_13, i2 0" [firmware/nnet_utils/nnet_code_gen.h:53->firmware/myproject.cpp:52]   --->   Operation 107 'bitconcatenate' 'layer7_out_1' <Predicate = true> <Delay = 0.00>
ST_4 : Operation 108 [1/1] (0.00ns)   --->   "%layer7_out_2 = bitconcatenate i7 @_ssdm_op_BitConcatenate.i7.i6.i1, i6 %tmp_14, i1 0" [firmware/nnet_utils/nnet_code_gen.h:58->firmware/myproject.cpp:52]   --->   Operation 108 'bitconcatenate' 'layer7_out_2' <Predicate = true> <Delay = 0.00>
ST_4 : Operation 109 [1/1] (0.00ns)   --->   "%layer7_out_3 = bitconcatenate i7 @_ssdm_op_BitConcatenate.i7.i5.i2, i5 %tmp_15, i2 0" [firmware/nnet_utils/nnet_code_gen.h:59->firmware/myproject.cpp:52]   --->   Operation 109 'bitconcatenate' 'layer7_out_3' <Predicate = true> <Delay = 0.00>
ST_4 : Operation 110 [1/1] (0.00ns)   --->   "%layer7_out_4 = bitconcatenate i8 @_ssdm_op_BitConcatenate.i8.i5.i3, i5 %tmp_16, i3 0" [firmware/nnet_utils/nnet_code_gen.h:74->firmware/myproject.cpp:52]   --->   Operation 110 'bitconcatenate' 'layer7_out_4' <Predicate = true> <Delay = 0.00>
ST_4 : Operation 111 [1/1] (0.00ns)   --->   "%layer7_out_8 = bitconcatenate i8 @_ssdm_op_BitConcatenate.i8.i6.i2, i6 %tmp_17, i2 0" [firmware/nnet_utils/nnet_code_gen.h:115->firmware/myproject.cpp:52]   --->   Operation 111 'bitconcatenate' 'layer7_out_8' <Predicate = true> <Delay = 0.00>
ST_4 : Operation 112 [1/1] (3.49ns)   --->   "%call_ret3 = call i44 @dense_latency<ap_ufixed<10, 7, 5, 3, 0>, ap_fixed<11, 9, 5, 3, 0>, config8>, i9 %layer7_out, i7 %layer7_out_1, i7 %layer7_out_2, i7 %layer7_out_3, i8 %layer7_out_4, i10 %layer6_out_9, i7 %layer7_out_6, i9 %layer7_out_7, i8 %layer7_out_8" [firmware/nnet_utils/nnet_dense.h:54->firmware/nnet_utils/nnet_dense.h:45->firmware/myproject.cpp:56]   --->   Operation 112 'call' 'call_ret3' <Predicate = true> <Delay = 3.49> <CoreType = "Generic">   --->   Core 0 '' <Latency = 0> <II = 1> <Delay = 1.00> <Generic> <Opcode : >
ST_4 : Operation 113 [1/1] (0.00ns)   --->   "%layer8_out = extractvalue i44 %call_ret3" [firmware/nnet_utils/nnet_dense.h:54->firmware/nnet_utils/nnet_dense.h:45->firmware/myproject.cpp:56]   --->   Operation 113 'extractvalue' 'layer8_out' <Predicate = true> <Delay = 0.00>
ST_4 : Operation 114 [1/1] (0.00ns)   --->   "%layer8_out_1 = extractvalue i44 %call_ret3" [firmware/nnet_utils/nnet_dense.h:54->firmware/nnet_utils/nnet_dense.h:45->firmware/myproject.cpp:56]   --->   Operation 114 'extractvalue' 'layer8_out_1' <Predicate = true> <Delay = 0.00>
ST_4 : Operation 115 [1/1] (0.00ns)   --->   "%layer8_out_2 = extractvalue i44 %call_ret3" [firmware/nnet_utils/nnet_dense.h:54->firmware/nnet_utils/nnet_dense.h:45->firmware/myproject.cpp:56]   --->   Operation 115 'extractvalue' 'layer8_out_2' <Predicate = true> <Delay = 0.00>
ST_4 : Operation 116 [1/1] (0.00ns)   --->   "%layer8_out_3 = extractvalue i44 %call_ret3" [firmware/nnet_utils/nnet_dense.h:54->firmware/nnet_utils/nnet_dense.h:45->firmware/myproject.cpp:56]   --->   Operation 116 'extractvalue' 'layer8_out_3' <Predicate = true> <Delay = 0.00>

State 5 <SV = 4> <Delay = 1.03>
ST_5 : Operation 117 [1/1] (1.03ns)   --->   "%call_ret4 = call i36 @relu<ap_fixed<11, 9, 5, 3, 0>, ap_ufixed<9, 7, 5, 3, 0>, ReLU_config11>, i11 %layer8_out, i11 %layer8_out_1, i11 %layer8_out_2, i11 %layer8_out_3" [firmware/myproject.cpp:60]   --->   Operation 117 'call' 'call_ret4' <Predicate = true> <Delay = 1.03> <CoreType = "Generic">   --->   Core 0 '' <Latency = 0> <II = 1> <Delay = 1.00> <Generic> <Opcode : >
ST_5 : Operation 118 [1/1] (0.00ns)   --->   "%layer11_out = extractvalue i36 %call_ret4" [firmware/myproject.cpp:60]   --->   Operation 118 'extractvalue' 'layer11_out' <Predicate = true> <Delay = 0.00>
ST_5 : Operation 119 [1/1] (0.00ns)   --->   "%layer11_out_1 = extractvalue i36 %call_ret4" [firmware/myproject.cpp:60]   --->   Operation 119 'extractvalue' 'layer11_out_1' <Predicate = true> <Delay = 0.00>
ST_5 : Operation 120 [1/1] (0.00ns)   --->   "%layer11_out_2 = extractvalue i36 %call_ret4" [firmware/myproject.cpp:60]   --->   Operation 120 'extractvalue' 'layer11_out_2' <Predicate = true> <Delay = 0.00>
ST_5 : Operation 121 [1/1] (0.00ns)   --->   "%layer11_out_3 = extractvalue i36 %call_ret4" [firmware/myproject.cpp:60]   --->   Operation 121 'extractvalue' 'layer11_out_3' <Predicate = true> <Delay = 0.00>
ST_5 : Operation 122 [1/1] (0.00ns)   --->   "%layer12_out = trunc i9 %layer11_out" [firmware/nnet_utils/nnet_code_gen.h:130->firmware/myproject.cpp:64]   --->   Operation 122 'trunc' 'layer12_out' <Predicate = true> <Delay = 0.00>
ST_5 : Operation 123 [1/1] (0.00ns)   --->   "%tmp_18 = partselect i6 @_ssdm_op_PartSelect.i6.i9.i32.i32, i9 %layer11_out_1, i32 1, i32 6" [firmware/nnet_utils/nnet_code_gen.h:137->firmware/myproject.cpp:64]   --->   Operation 123 'partselect' 'tmp_18' <Predicate = true> <Delay = 0.00>
ST_5 : Operation 124 [1/1] (0.00ns)   --->   "%tmp_19 = partselect i7 @_ssdm_op_PartSelect.i7.i9.i32.i32, i9 %layer11_out_2, i32 1, i32 7" [firmware/nnet_utils/nnet_code_gen.h:145->firmware/myproject.cpp:64]   --->   Operation 124 'partselect' 'tmp_19' <Predicate = true> <Delay = 0.00>
ST_5 : Operation 125 [1/1] (0.00ns)   --->   "%tmp_20 = partselect i7 @_ssdm_op_PartSelect.i7.i9.i32.i32, i9 %layer11_out_3, i32 2, i32 8" [firmware/nnet_utils/nnet_code_gen.h:148->firmware/myproject.cpp:64]   --->   Operation 125 'partselect' 'tmp_20' <Predicate = true> <Delay = 0.00>

State 6 <SV = 5> <Delay = 3.28>
ST_6 : Operation 126 [1/1] (0.00ns)   --->   "%layer12_out_1 = bitconcatenate i7 @_ssdm_op_BitConcatenate.i7.i6.i1, i6 %tmp_18, i1 0" [firmware/nnet_utils/nnet_code_gen.h:137->firmware/myproject.cpp:64]   --->   Operation 126 'bitconcatenate' 'layer12_out_1' <Predicate = true> <Delay = 0.00>
ST_6 : Operation 127 [1/1] (0.00ns)   --->   "%layer12_out_2 = bitconcatenate i8 @_ssdm_op_BitConcatenate.i8.i7.i1, i7 %tmp_19, i1 0" [firmware/nnet_utils/nnet_code_gen.h:145->firmware/myproject.cpp:64]   --->   Operation 127 'bitconcatenate' 'layer12_out_2' <Predicate = true> <Delay = 0.00>
ST_6 : Operation 128 [1/1] (0.00ns)   --->   "%layer12_out_3 = bitconcatenate i9 @_ssdm_op_BitConcatenate.i9.i7.i2, i7 %tmp_20, i2 0" [firmware/nnet_utils/nnet_code_gen.h:148->firmware/myproject.cpp:64]   --->   Operation 128 'bitconcatenate' 'layer12_out_3' <Predicate = true> <Delay = 0.00>
ST_6 : Operation 129 [1/1] (2.23ns)   --->   "%call_ret5 = call i96 @dense_latency<ap_ufixed<9, 7, 5, 3, 0>, ap_fixed<12, 10, 5, 3, 0>, config13>, i7 %layer12_out, i7 %layer12_out_1, i8 %layer12_out_2, i9 %layer12_out_3" [firmware/nnet_utils/nnet_dense.h:54->firmware/nnet_utils/nnet_dense.h:45->firmware/myproject.cpp:68]   --->   Operation 129 'call' 'call_ret5' <Predicate = true> <Delay = 2.23> <CoreType = "Generic">   --->   Core 0 '' <Latency = 0> <II = 1> <Delay = 1.00> <Generic> <Opcode : >
ST_6 : Operation 130 [1/1] (0.00ns)   --->   "%layer13_out = extractvalue i96 %call_ret5" [firmware/nnet_utils/nnet_dense.h:54->firmware/nnet_utils/nnet_dense.h:45->firmware/myproject.cpp:68]   --->   Operation 130 'extractvalue' 'layer13_out' <Predicate = true> <Delay = 0.00>
ST_6 : Operation 131 [1/1] (0.00ns)   --->   "%layer13_out_1 = extractvalue i96 %call_ret5" [firmware/nnet_utils/nnet_dense.h:54->firmware/nnet_utils/nnet_dense.h:45->firmware/myproject.cpp:68]   --->   Operation 131 'extractvalue' 'layer13_out_1' <Predicate = true> <Delay = 0.00>
ST_6 : Operation 132 [1/1] (0.00ns)   --->   "%layer13_out_2 = extractvalue i96 %call_ret5" [firmware/nnet_utils/nnet_dense.h:54->firmware/nnet_utils/nnet_dense.h:45->firmware/myproject.cpp:68]   --->   Operation 132 'extractvalue' 'layer13_out_2' <Predicate = true> <Delay = 0.00>
ST_6 : Operation 133 [1/1] (0.00ns)   --->   "%layer13_out_3 = extractvalue i96 %call_ret5" [firmware/nnet_utils/nnet_dense.h:54->firmware/nnet_utils/nnet_dense.h:45->firmware/myproject.cpp:68]   --->   Operation 133 'extractvalue' 'layer13_out_3' <Predicate = true> <Delay = 0.00>
ST_6 : Operation 134 [1/1] (0.00ns)   --->   "%layer13_out_4 = extractvalue i96 %call_ret5" [firmware/nnet_utils/nnet_dense.h:54->firmware/nnet_utils/nnet_dense.h:45->firmware/myproject.cpp:68]   --->   Operation 134 'extractvalue' 'layer13_out_4' <Predicate = true> <Delay = 0.00>
ST_6 : Operation 135 [1/1] (0.00ns)   --->   "%layer13_out_5 = extractvalue i96 %call_ret5" [firmware/nnet_utils/nnet_dense.h:54->firmware/nnet_utils/nnet_dense.h:45->firmware/myproject.cpp:68]   --->   Operation 135 'extractvalue' 'layer13_out_5' <Predicate = true> <Delay = 0.00>
ST_6 : Operation 136 [1/1] (0.00ns)   --->   "%layer13_out_6 = extractvalue i96 %call_ret5" [firmware/nnet_utils/nnet_dense.h:54->firmware/nnet_utils/nnet_dense.h:45->firmware/myproject.cpp:68]   --->   Operation 136 'extractvalue' 'layer13_out_6' <Predicate = true> <Delay = 0.00>
ST_6 : Operation 137 [1/1] (0.00ns)   --->   "%layer13_out_7 = extractvalue i96 %call_ret5" [firmware/nnet_utils/nnet_dense.h:54->firmware/nnet_utils/nnet_dense.h:45->firmware/myproject.cpp:68]   --->   Operation 137 'extractvalue' 'layer13_out_7' <Predicate = true> <Delay = 0.00>
ST_6 : Operation 138 [1/1] (1.04ns)   --->   "%call_ret = call i64 @relu<ap_fixed<12, 10, 5, 3, 0>, ap_ufixed<8, 6, 5, 3, 0>, ReLU_config16>, i12 %layer13_out, i12 %layer13_out_1, i12 %layer13_out_2, i12 %layer13_out_3, i12 %layer13_out_4, i12 %layer13_out_5, i12 %layer13_out_6, i12 %layer13_out_7" [firmware/myproject.cpp:72]   --->   Operation 138 'call' 'call_ret' <Predicate = true> <Delay = 1.04> <CoreType = "Generic">   --->   Core 0 '' <Latency = 0> <II = 1> <Delay = 1.00> <Generic> <Opcode : >
ST_6 : Operation 139 [1/1] (0.00ns)   --->   "%layer16_out = extractvalue i64 %call_ret" [firmware/myproject.cpp:72]   --->   Operation 139 'extractvalue' 'layer16_out' <Predicate = true> <Delay = 0.00>
ST_6 : Operation 140 [1/1] (0.00ns)   --->   "%layer16_out_1 = extractvalue i64 %call_ret" [firmware/myproject.cpp:72]   --->   Operation 140 'extractvalue' 'layer16_out_1' <Predicate = true> <Delay = 0.00>
ST_6 : Operation 141 [1/1] (0.00ns)   --->   "%layer16_out_8 = extractvalue i64 %call_ret" [firmware/myproject.cpp:72]   --->   Operation 141 'extractvalue' 'layer16_out_8' <Predicate = true> <Delay = 0.00>
ST_6 : Operation 142 [1/1] (0.00ns)   --->   "%layer16_out_3 = extractvalue i64 %call_ret" [firmware/myproject.cpp:72]   --->   Operation 142 'extractvalue' 'layer16_out_3' <Predicate = true> <Delay = 0.00>
ST_6 : Operation 143 [1/1] (0.00ns)   --->   "%layer16_out_4 = extractvalue i64 %call_ret" [firmware/myproject.cpp:72]   --->   Operation 143 'extractvalue' 'layer16_out_4' <Predicate = true> <Delay = 0.00>
ST_6 : Operation 144 [1/1] (0.00ns)   --->   "%layer16_out_5 = extractvalue i64 %call_ret" [firmware/myproject.cpp:72]   --->   Operation 144 'extractvalue' 'layer16_out_5' <Predicate = true> <Delay = 0.00>
ST_6 : Operation 145 [1/1] (0.00ns)   --->   "%layer16_out_6 = extractvalue i64 %call_ret" [firmware/myproject.cpp:72]   --->   Operation 145 'extractvalue' 'layer16_out_6' <Predicate = true> <Delay = 0.00>
ST_6 : Operation 146 [1/1] (0.00ns)   --->   "%layer16_out_7 = extractvalue i64 %call_ret" [firmware/myproject.cpp:72]   --->   Operation 146 'extractvalue' 'layer16_out_7' <Predicate = true> <Delay = 0.00>
ST_6 : Operation 147 [1/1] (0.00ns)   --->   "%layer17_out = trunc i8 %layer16_out" [firmware/nnet_utils/nnet_code_gen.h:160->firmware/myproject.cpp:76]   --->   Operation 147 'trunc' 'layer17_out' <Predicate = true> <Delay = 0.00>
ST_6 : Operation 148 [1/1] (0.00ns)   --->   "%tmp_21 = partselect i3 @_ssdm_op_PartSelect.i3.i8.i32.i32, i8 %layer16_out_1, i32 1, i32 3" [firmware/nnet_utils/nnet_code_gen.h:165->firmware/myproject.cpp:76]   --->   Operation 148 'partselect' 'tmp_21' <Predicate = true> <Delay = 0.00>
ST_6 : Operation 149 [1/1] (0.00ns)   --->   "%tmp_29 = bitselect i1 @_ssdm_op_BitSelect.i1.i8.i32, i8 %layer16_out_3, i32 5" [firmware/nnet_utils/nnet_code_gen.h:172->firmware/myproject.cpp:76]   --->   Operation 149 'bitselect' 'tmp_29' <Predicate = true> <Delay = 0.00>
ST_6 : Operation 150 [1/1] (0.00ns)   --->   "%tmp_22 = partselect i3 @_ssdm_op_PartSelect.i3.i8.i32.i32, i8 %layer16_out_4, i32 1, i32 3" [firmware/nnet_utils/nnet_code_gen.h:173->firmware/myproject.cpp:76]   --->   Operation 150 'partselect' 'tmp_22' <Predicate = true> <Delay = 0.00>
ST_6 : Operation 151 [1/1] (0.00ns)   --->   "%layer17_out_5 = trunc i8 %layer16_out_5" [firmware/nnet_utils/nnet_code_gen.h:177->firmware/myproject.cpp:76]   --->   Operation 151 'trunc' 'layer17_out_5' <Predicate = true> <Delay = 0.00>
ST_6 : Operation 152 [1/1] (0.00ns)   --->   "%layer17_out_6 = trunc i8 %layer16_out_6" [firmware/nnet_utils/nnet_code_gen.h:181->firmware/myproject.cpp:76]   --->   Operation 152 'trunc' 'layer17_out_6' <Predicate = true> <Delay = 0.00>
ST_6 : Operation 153 [1/1] (0.00ns)   --->   "%layer17_out_7 = trunc i8 %layer16_out_7" [firmware/nnet_utils/nnet_code_gen.h:188->firmware/myproject.cpp:76]   --->   Operation 153 'trunc' 'layer17_out_7' <Predicate = true> <Delay = 0.00>

State 7 <SV = 6> <Delay = 2.97>
ST_7 : Operation 154 [1/1] (0.00ns)   --->   "%specpipeline_ln0 = specpipeline void @_ssdm_op_SpecPipeline, i32 4294967295, i32 0, i32 0, i32 0, void @empty_0"   --->   Operation 154 'specpipeline' 'specpipeline_ln0' <Predicate = true> <Delay = 0.00>
ST_7 : Operation 155 [1/1] (0.00ns)   --->   "%spectopmodule_ln0 = spectopmodule void @_ssdm_op_SpecTopModule, void @empty_2"   --->   Operation 155 'spectopmodule' 'spectopmodule_ln0' <Predicate = true> <Delay = 0.00>
ST_7 : Operation 156 [1/1] (0.00ns)   --->   "%specbitsmap_ln0 = specbitsmap void @_ssdm_op_SpecBitsMap, i208 %input_16"   --->   Operation 156 'specbitsmap' 'specbitsmap_ln0' <Predicate = true> <Delay = 0.00>
ST_7 : Operation 157 [1/1] (0.00ns)   --->   "%specinterface_ln0 = specinterface void @_ssdm_op_SpecInterface, i208 %input_16, void @empty, i32 4294967295, i32 4294967295, void @empty_0, i32 0, i32 0, void @empty_0, void @empty_0, void @empty_0, i32 0, i32 0, i32 0, i32 0, void @empty_0, void @empty_0, i32 4294967295, i32 0, i32 0"   --->   Operation 157 'specinterface' 'specinterface_ln0' <Predicate = true> <Delay = 0.00>
ST_7 : Operation 158 [1/1] (0.00ns)   --->   "%specbitsmap_ln0 = specbitsmap void @_ssdm_op_SpecBitsMap, i12 %layer20_out_0"   --->   Operation 158 'specbitsmap' 'specbitsmap_ln0' <Predicate = true> <Delay = 0.00>
ST_7 : Operation 159 [1/1] (0.00ns)   --->   "%specinterface_ln0 = specinterface void @_ssdm_op_SpecInterface, i12 %layer20_out_0, void @empty, i32 4294967295, i32 4294967295, void @empty_0, i32 0, i32 0, void @empty_0, void @empty_0, void @empty_0, i32 0, i32 0, i32 0, i32 0, void @empty_0, void @empty_0, i32 4294967295, i32 0, i32 0"   --->   Operation 159 'specinterface' 'specinterface_ln0' <Predicate = true> <Delay = 0.00>
ST_7 : Operation 160 [1/1] (0.00ns)   --->   "%specbitsmap_ln0 = specbitsmap void @_ssdm_op_SpecBitsMap, i12 %layer20_out_1"   --->   Operation 160 'specbitsmap' 'specbitsmap_ln0' <Predicate = true> <Delay = 0.00>
ST_7 : Operation 161 [1/1] (0.00ns)   --->   "%specinterface_ln0 = specinterface void @_ssdm_op_SpecInterface, i12 %layer20_out_1, void @empty, i32 4294967295, i32 4294967295, void @empty_0, i32 0, i32 0, void @empty_0, void @empty_0, void @empty_0, i32 0, i32 0, i32 0, i32 0, void @empty_0, void @empty_0, i32 4294967295, i32 0, i32 0"   --->   Operation 161 'specinterface' 'specinterface_ln0' <Predicate = true> <Delay = 0.00>
ST_7 : Operation 162 [1/1] (0.00ns)   --->   "%specbitsmap_ln0 = specbitsmap void @_ssdm_op_SpecBitsMap, i12 %layer20_out_2"   --->   Operation 162 'specbitsmap' 'specbitsmap_ln0' <Predicate = true> <Delay = 0.00>
ST_7 : Operation 163 [1/1] (0.00ns)   --->   "%specinterface_ln0 = specinterface void @_ssdm_op_SpecInterface, i12 %layer20_out_2, void @empty, i32 4294967295, i32 4294967295, void @empty_0, i32 0, i32 0, void @empty_0, void @empty_0, void @empty_0, i32 0, i32 0, i32 0, i32 0, void @empty_0, void @empty_0, i32 4294967295, i32 0, i32 0"   --->   Operation 163 'specinterface' 'specinterface_ln0' <Predicate = true> <Delay = 0.00>
ST_7 : Operation 164 [1/1] (0.00ns)   --->   "%specbitsmap_ln0 = specbitsmap void @_ssdm_op_SpecBitsMap, i12 %layer20_out_3"   --->   Operation 164 'specbitsmap' 'specbitsmap_ln0' <Predicate = true> <Delay = 0.00>
ST_7 : Operation 165 [1/1] (0.00ns)   --->   "%specinterface_ln0 = specinterface void @_ssdm_op_SpecInterface, i12 %layer20_out_3, void @empty, i32 4294967295, i32 4294967295, void @empty_0, i32 0, i32 0, void @empty_0, void @empty_0, void @empty_0, i32 0, i32 0, i32 0, i32 0, void @empty_0, void @empty_0, i32 4294967295, i32 0, i32 0"   --->   Operation 165 'specinterface' 'specinterface_ln0' <Predicate = true> <Delay = 0.00>
ST_7 : Operation 166 [1/1] (0.00ns)   --->   "%specbitsmap_ln0 = specbitsmap void @_ssdm_op_SpecBitsMap, i12 %layer20_out_4"   --->   Operation 166 'specbitsmap' 'specbitsmap_ln0' <Predicate = true> <Delay = 0.00>
ST_7 : Operation 167 [1/1] (0.00ns)   --->   "%specinterface_ln0 = specinterface void @_ssdm_op_SpecInterface, i12 %layer20_out_4, void @empty, i32 4294967295, i32 4294967295, void @empty_0, i32 0, i32 0, void @empty_0, void @empty_0, void @empty_0, i32 0, i32 0, i32 0, i32 0, void @empty_0, void @empty_0, i32 4294967295, i32 0, i32 0"   --->   Operation 167 'specinterface' 'specinterface_ln0' <Predicate = true> <Delay = 0.00>
ST_7 : Operation 168 [1/1] (0.00ns)   --->   "%layer17_out_1 = bitconcatenate i4 @_ssdm_op_BitConcatenate.i4.i3.i1, i3 %tmp_21, i1 0" [firmware/nnet_utils/nnet_code_gen.h:165->firmware/myproject.cpp:76]   --->   Operation 168 'bitconcatenate' 'layer17_out_1' <Predicate = true> <Delay = 0.00>
ST_7 : Operation 169 [1/1] (0.00ns)   --->   "%layer17_out_3 = bitconcatenate i6 @_ssdm_op_BitConcatenate.i6.i1.i5, i1 %tmp_29, i5 0" [firmware/nnet_utils/nnet_code_gen.h:172->firmware/myproject.cpp:76]   --->   Operation 169 'bitconcatenate' 'layer17_out_3' <Predicate = true> <Delay = 0.00>
ST_7 : Operation 170 [1/1] (0.00ns)   --->   "%layer17_out_4 = bitconcatenate i4 @_ssdm_op_BitConcatenate.i4.i3.i1, i3 %tmp_22, i1 0" [firmware/nnet_utils/nnet_code_gen.h:173->firmware/myproject.cpp:76]   --->   Operation 170 'bitconcatenate' 'layer17_out_4' <Predicate = true> <Delay = 0.00>
ST_7 : Operation 171 [1/1] (2.97ns)   --->   "%call_ret6 = call i60 @dense_latency<ap_ufixed<8, 6, 5, 3, 0>, ap_fixed<12, 6, 5, 3, 0>, config18>, i5 %layer17_out, i4 %layer17_out_1, i8 %layer16_out_8, i6 %layer17_out_3, i4 %layer17_out_4, i5 %layer17_out_5, i6 %layer17_out_6, i6 %layer17_out_7" [firmware/nnet_utils/nnet_dense.h:54->firmware/nnet_utils/nnet_dense.h:45->firmware/myproject.cpp:80]   --->   Operation 171 'call' 'call_ret6' <Predicate = true> <Delay = 2.97> <CoreType = "Generic">   --->   Core 0 '' <Latency = 0> <II = 1> <Delay = 1.00> <Generic> <Opcode : >
ST_7 : Operation 172 [1/1] (0.00ns)   --->   "%layer18_out = extractvalue i60 %call_ret6" [firmware/nnet_utils/nnet_dense.h:54->firmware/nnet_utils/nnet_dense.h:45->firmware/myproject.cpp:80]   --->   Operation 172 'extractvalue' 'layer18_out' <Predicate = true> <Delay = 0.00>
ST_7 : Operation 173 [1/1] (0.00ns)   --->   "%layer18_out_1 = extractvalue i60 %call_ret6" [firmware/nnet_utils/nnet_dense.h:54->firmware/nnet_utils/nnet_dense.h:45->firmware/myproject.cpp:80]   --->   Operation 173 'extractvalue' 'layer18_out_1' <Predicate = true> <Delay = 0.00>
ST_7 : Operation 174 [1/1] (0.00ns)   --->   "%layer18_out_2 = extractvalue i60 %call_ret6" [firmware/nnet_utils/nnet_dense.h:54->firmware/nnet_utils/nnet_dense.h:45->firmware/myproject.cpp:80]   --->   Operation 174 'extractvalue' 'layer18_out_2' <Predicate = true> <Delay = 0.00>
ST_7 : Operation 175 [1/1] (0.00ns)   --->   "%layer18_out_3 = extractvalue i60 %call_ret6" [firmware/nnet_utils/nnet_dense.h:54->firmware/nnet_utils/nnet_dense.h:45->firmware/myproject.cpp:80]   --->   Operation 175 'extractvalue' 'layer18_out_3' <Predicate = true> <Delay = 0.00>
ST_7 : Operation 176 [1/1] (0.00ns)   --->   "%layer18_out_4 = extractvalue i60 %call_ret6" [firmware/nnet_utils/nnet_dense.h:54->firmware/nnet_utils/nnet_dense.h:45->firmware/myproject.cpp:80]   --->   Operation 176 'extractvalue' 'layer18_out_4' <Predicate = true> <Delay = 0.00>
ST_7 : Operation 177 [1/1] (0.00ns)   --->   "%tmp_24 = partselect i11 @_ssdm_op_PartSelect.i11.i12.i32.i32, i12 %layer18_out, i32 1, i32 11" [firmware/nnet_utils/nnet_code_gen.h:198->firmware/myproject.cpp:82]   --->   Operation 177 'partselect' 'tmp_24' <Predicate = true> <Delay = 0.00>
ST_7 : Operation 178 [1/1] (0.00ns)   --->   "%and_ln = bitconcatenate i12 @_ssdm_op_BitConcatenate.i12.i11.i1, i11 %tmp_24, i1 0" [firmware/nnet_utils/nnet_code_gen.h:198->firmware/myproject.cpp:82]   --->   Operation 178 'bitconcatenate' 'and_ln' <Predicate = true> <Delay = 0.00>
ST_7 : Operation 179 [1/1] (0.00ns)   --->   "%trunc_ln199 = trunc i12 %layer18_out_1" [firmware/nnet_utils/nnet_code_gen.h:199->firmware/myproject.cpp:82]   --->   Operation 179 'trunc' 'trunc_ln199' <Predicate = true> <Delay = 0.00>
ST_7 : Operation 180 [1/1] (0.00ns)   --->   "%sext_ln199 = sext i10 %trunc_ln199" [firmware/nnet_utils/nnet_code_gen.h:199->firmware/myproject.cpp:82]   --->   Operation 180 'sext' 'sext_ln199' <Predicate = true> <Delay = 0.00>
ST_7 : Operation 181 [1/1] (0.00ns)   --->   "%tmp_25 = partselect i9 @_ssdm_op_PartSelect.i9.i12.i32.i32, i12 %layer18_out_2, i32 1, i32 9" [firmware/nnet_utils/nnet_code_gen.h:200->firmware/myproject.cpp:82]   --->   Operation 181 'partselect' 'tmp_25' <Predicate = true> <Delay = 0.00>
ST_7 : Operation 182 [1/1] (0.00ns)   --->   "%shl_ln = bitconcatenate i10 @_ssdm_op_BitConcatenate.i10.i9.i1, i9 %tmp_25, i1 0" [firmware/nnet_utils/nnet_code_gen.h:200->firmware/myproject.cpp:82]   --->   Operation 182 'bitconcatenate' 'shl_ln' <Predicate = true> <Delay = 0.00>
ST_7 : Operation 183 [1/1] (0.00ns)   --->   "%sext_ln201 = sext i10 %shl_ln" [firmware/nnet_utils/nnet_code_gen.h:201->firmware/myproject.cpp:82]   --->   Operation 183 'sext' 'sext_ln201' <Predicate = true> <Delay = 0.00>
ST_7 : Operation 184 [1/1] (0.00ns)   --->   "%tmp_26 = partselect i10 @_ssdm_op_PartSelect.i10.i12.i32.i32, i12 %layer18_out_3, i32 1, i32 10" [firmware/nnet_utils/nnet_code_gen.h:201->firmware/myproject.cpp:82]   --->   Operation 184 'partselect' 'tmp_26' <Predicate = true> <Delay = 0.00>
ST_7 : Operation 185 [1/1] (0.00ns)   --->   "%shl_ln1 = bitconcatenate i11 @_ssdm_op_BitConcatenate.i11.i10.i1, i10 %tmp_26, i1 0" [firmware/nnet_utils/nnet_code_gen.h:201->firmware/myproject.cpp:82]   --->   Operation 185 'bitconcatenate' 'shl_ln1' <Predicate = true> <Delay = 0.00>
ST_7 : Operation 186 [1/1] (0.00ns)   --->   "%sext_ln202 = sext i11 %shl_ln1" [firmware/nnet_utils/nnet_code_gen.h:202->firmware/myproject.cpp:82]   --->   Operation 186 'sext' 'sext_ln202' <Predicate = true> <Delay = 0.00>
ST_7 : Operation 187 [1/1] (0.00ns)   --->   "%tmp_27 = partselect i10 @_ssdm_op_PartSelect.i10.i12.i32.i32, i12 %layer18_out_4, i32 1, i32 10" [firmware/nnet_utils/nnet_code_gen.h:202->firmware/myproject.cpp:82]   --->   Operation 187 'partselect' 'tmp_27' <Predicate = true> <Delay = 0.00>
ST_7 : Operation 188 [1/1] (0.00ns)   --->   "%shl_ln2 = bitconcatenate i11 @_ssdm_op_BitConcatenate.i11.i10.i1, i10 %tmp_27, i1 0" [firmware/nnet_utils/nnet_code_gen.h:202->firmware/myproject.cpp:82]   --->   Operation 188 'bitconcatenate' 'shl_ln2' <Predicate = true> <Delay = 0.00>
ST_7 : Operation 189 [1/1] (0.00ns)   --->   "%sext_ln198 = sext i11 %shl_ln2" [firmware/nnet_utils/nnet_code_gen.h:198->firmware/myproject.cpp:82]   --->   Operation 189 'sext' 'sext_ln198' <Predicate = true> <Delay = 0.00>
ST_7 : Operation 190 [1/1] (0.00ns)   --->   "%write_ln198 = write void @_ssdm_op_Write.ap_vld.i12P0A, i12 %layer20_out_0, i12 %and_ln" [firmware/nnet_utils/nnet_code_gen.h:198->firmware/myproject.cpp:82]   --->   Operation 190 'write' 'write_ln198' <Predicate = true> <Delay = 0.00>
ST_7 : Operation 191 [1/1] (0.00ns)   --->   "%write_ln199 = write void @_ssdm_op_Write.ap_vld.i12P0A, i12 %layer20_out_1, i12 %sext_ln199" [firmware/nnet_utils/nnet_code_gen.h:199->firmware/myproject.cpp:82]   --->   Operation 191 'write' 'write_ln199' <Predicate = true> <Delay = 0.00>
ST_7 : Operation 192 [1/1] (0.00ns)   --->   "%write_ln200 = write void @_ssdm_op_Write.ap_vld.i12P0A, i12 %layer20_out_2, i12 %sext_ln201" [firmware/nnet_utils/nnet_code_gen.h:200->firmware/myproject.cpp:82]   --->   Operation 192 'write' 'write_ln200' <Predicate = true> <Delay = 0.00>
ST_7 : Operation 193 [1/1] (0.00ns)   --->   "%write_ln201 = write void @_ssdm_op_Write.ap_vld.i12P0A, i12 %layer20_out_3, i12 %sext_ln202" [firmware/nnet_utils/nnet_code_gen.h:201->firmware/myproject.cpp:82]   --->   Operation 193 'write' 'write_ln201' <Predicate = true> <Delay = 0.00>
ST_7 : Operation 194 [1/1] (0.00ns)   --->   "%write_ln202 = write void @_ssdm_op_Write.ap_vld.i12P0A, i12 %layer20_out_4, i12 %sext_ln198" [firmware/nnet_utils/nnet_code_gen.h:202->firmware/myproject.cpp:82]   --->   Operation 194 'write' 'write_ln202' <Predicate = true> <Delay = 0.00>
ST_7 : Operation 195 [1/1] (0.00ns)   --->   "%ret_ln84 = ret" [firmware/myproject.cpp:84]   --->   Operation 195 'ret' 'ret_ln84' <Predicate = true> <Delay = 0.00>


============================================================
+ Verbose Summary: Timing violations
============================================================
Target clock period: 5.000ns, clock uncertainty: 1.350ns.

 <State 1>: 0.745ns
The critical path consists of the following:
	wire read operation ('input_16_read', firmware/nnet_utils/nnet_code_gen.h:30->firmware/myproject.cpp:40) on port 'input_16' (firmware/nnet_utils/nnet_code_gen.h:30->firmware/myproject.cpp:40) [21]  (0.000 ns)
	'add' operation 12 bit ('layer2_out', firmware/nnet_utils/nnet_code_gen.h:44->firmware/myproject.cpp:40) [85]  (0.745 ns)

 <State 2>: 3.649ns
The critical path consists of the following:
	'call' operation 99 bit ('call_ret1', firmware/nnet_utils/nnet_dense.h:54->firmware/nnet_utils/nnet_dense.h:45->firmware/myproject.cpp:44) to 'dense_latency<ap_fixed<12, 5, 5, 3, 0>, ap_fixed<11, 8, 5, 3, 0>, config3>' [91]  (3.649 ns)

 <State 3>: 1.038ns
The critical path consists of the following:
	'call' operation 90 bit ('call_ret2', firmware/myproject.cpp:48) to 'relu<ap_fixed<11, 8, 5, 3, 0>, ap_ufixed<10, 7, 5, 3, 0>, ReLU_config6>' [101]  (1.038 ns)

 <State 4>: 3.496ns
The critical path consists of the following:
	'call' operation 44 bit ('call_ret3', firmware/nnet_utils/nnet_dense.h:54->firmware/nnet_utils/nnet_dense.h:45->firmware/myproject.cpp:56) to 'dense_latency<ap_ufixed<10, 7, 5, 3, 0>, ap_fixed<11, 9, 5, 3, 0>, config8>' [125]  (3.496 ns)

 <State 5>: 1.038ns
The critical path consists of the following:
	'call' operation 36 bit ('call_ret4', firmware/myproject.cpp:60) to 'relu<ap_fixed<11, 9, 5, 3, 0>, ap_ufixed<9, 7, 5, 3, 0>, ReLU_config11>' [130]  (1.038 ns)

 <State 6>: 3.283ns
The critical path consists of the following:
	'call' operation 96 bit ('call_ret5', firmware/nnet_utils/nnet_dense.h:54->firmware/nnet_utils/nnet_dense.h:45->firmware/myproject.cpp:68) to 'dense_latency<ap_ufixed<9, 7, 5, 3, 0>, ap_fixed<12, 10, 5, 3, 0>, config13>' [142]  (2.235 ns)
	'call' operation 64 bit ('call_ret', firmware/myproject.cpp:72) to 'relu<ap_fixed<12, 10, 5, 3, 0>, ap_ufixed<8, 6, 5, 3, 0>, ReLU_config16>' [151]  (1.048 ns)

 <State 7>: 2.972ns
The critical path consists of the following:
	'call' operation 60 bit ('call_ret6', firmware/nnet_utils/nnet_dense.h:54->firmware/nnet_utils/nnet_dense.h:45->firmware/myproject.cpp:80) to 'dense_latency<ap_ufixed<8, 6, 5, 3, 0>, ap_fixed<12, 6, 5, 3, 0>, config18>' [170]  (2.972 ns)


============================================================
+ Verbose Summary: Binding
============================================================
N/A
* FSMD analyzer results:
  - Output states:
 - Input state : 
  - Chain level:
	State 1
	State 2
	State 3
	State 4
	State 5
	State 6
	State 7


============================================================
+ Verbose Summary: Datapath Resource usage 
============================================================
N/A
