

================================================================
== Vitis HLS Report for 'relu_ap_fixed_11_9_5_3_0_ap_ufixed_9_7_5_3_0_ReLU_config11_s'
================================================================
* Date:           Wed Feb 26 01:36:45 2025

* Version:        2024.1 (Build 5069499 on May 21 2024)
* Project:        myproject_prj
* Solution:       solution1 (Vivado IP Flow Target)
* Product family: virtexuplusHBM
* Target device:  xcu50-fsvh2104-2-e


================================================================
== Performance Estimates
================================================================
+ Timing: 
    * Summary: 
    +--------+---------+----------+------------+
    |  Clock |  Target | Estimated| Uncertainty|
    +--------+---------+----------+------------+
    |ap_clk  |  5.00 ns|  1.038 ns|     1.35 ns|
    +--------+---------+----------+------------+

+ Latency: 
    * Summary: 
    +---------+---------+----------+----------+-----+-----+---------+
    |  Latency (cycles) |  Latency (absolute) |  Interval | Pipeline|
    |   min   |   max   |    min   |    max   | min | max |   Type  |
    +---------+---------+----------+----------+-----+-----+---------+
    |        0|        0|      0 ns|      0 ns|    1|    1|      yes|
    +---------+---------+----------+----------+-----+-----+---------+

    + Detail: 
        * Instance: 
        N/A

        * Loop: 
        N/A



================================================================
== Utilization Estimates
================================================================
* Summary: 
+---------------------+---------+------+---------+--------+-----+
|         Name        | BRAM_18K|  DSP |    FF   |   LUT  | URAM|
+---------------------+---------+------+---------+--------+-----+
|DSP                  |        -|     -|        -|       -|    -|
|Expression           |        -|     -|        0|     108|    -|
|FIFO                 |        -|     -|        -|       -|    -|
|Instance             |        -|     -|        -|       -|    -|
|Memory               |        -|     -|        -|       -|    -|
|Multiplexer          |        -|     -|        -|       -|    -|
|Register             |        -|     -|        -|       -|    -|
+---------------------+---------+------+---------+--------+-----+
|Total                |        0|     0|        0|     108|    0|
+---------------------+---------+------+---------+--------+-----+
|Available SLR        |     1344|  2976|   871680|  435840|  320|
+---------------------+---------+------+---------+--------+-----+
|Utilization SLR (%)  |        0|     0|        0|      ~0|    0|
+---------------------+---------+------+---------+--------+-----+
|Available            |     2688|  5952|  1743360|  871680|  640|
+---------------------+---------+------+---------+--------+-----+
|Utilization (%)      |        0|     0|        0|      ~0|    0|
+---------------------+---------+------+---------+--------+-----+

+ Detail: 
    * Instance: 
    N/A

    * DSP: 
    N/A

    * Memory: 
    N/A

    * FIFO: 
    N/A

    * Expression: 
    +--------------------------+----------+----+---+----+------------+------------+
    |       Variable Name      | Operation| DSP| FF| LUT| Bitwidth P0| Bitwidth P1|
    +--------------------------+----------+----+---+----+------------+------------+
    |icmp_ln45_10_fu_102_p2    |      icmp|   0|  0|  18|          11|           1|
    |icmp_ln45_8_fu_66_p2      |      icmp|   0|  0|  18|          11|           1|
    |icmp_ln45_9_fu_84_p2      |      icmp|   0|  0|  18|          11|           1|
    |icmp_ln45_fu_48_p2        |      icmp|   0|  0|  18|          11|           1|
    |select_ln45_10_fu_112_p3  |    select|   0|  0|   9|           1|           9|
    |select_ln45_8_fu_76_p3    |    select|   0|  0|   9|           1|           9|
    |select_ln45_9_fu_94_p3    |    select|   0|  0|   9|           1|           9|
    |select_ln45_fu_58_p3      |    select|   0|  0|   9|           1|           9|
    +--------------------------+----------+----+---+----+------------+------------+
    |Total                     |          |   0|  0| 108|          48|          40|
    +--------------------------+----------+----+---+----+------------+------------+

    * Multiplexer: 
    N/A

    * Register: 
    N/A



================================================================
== Interface
================================================================
* Summary: 
+-------------+-----+-----+------------+-------------------------------------------------------------------------+--------------+
|  RTL Ports  | Dir | Bits|  Protocol  |                              Source Object                              |    C Type    |
+-------------+-----+-----+------------+-------------------------------------------------------------------------+--------------+
|ap_ready     |  out|    1|  ap_ctrl_hs|  relu<ap_fixed<11, 9, 5, 3, 0>, ap_ufixed<9, 7, 5, 3, 0>, ReLU_config11>|  return value|
|ap_return_0  |  out|    9|  ap_ctrl_hs|  relu<ap_fixed<11, 9, 5, 3, 0>, ap_ufixed<9, 7, 5, 3, 0>, ReLU_config11>|  return value|
|ap_return_1  |  out|    9|  ap_ctrl_hs|  relu<ap_fixed<11, 9, 5, 3, 0>, ap_ufixed<9, 7, 5, 3, 0>, ReLU_config11>|  return value|
|ap_return_2  |  out|    9|  ap_ctrl_hs|  relu<ap_fixed<11, 9, 5, 3, 0>, ap_ufixed<9, 7, 5, 3, 0>, ReLU_config11>|  return value|
|ap_return_3  |  out|    9|  ap_ctrl_hs|  relu<ap_fixed<11, 9, 5, 3, 0>, ap_ufixed<9, 7, 5, 3, 0>, ReLU_config11>|  return value|
|ap_rst       |   in|    1|  ap_ctrl_hs|  relu<ap_fixed<11, 9, 5, 3, 0>, ap_ufixed<9, 7, 5, 3, 0>, ReLU_config11>|  return value|
|data_8_val   |   in|   11|     ap_none|                                                               data_8_val|        scalar|
|data_15_val  |   in|   11|     ap_none|                                                              data_15_val|        scalar|
|data_23_val  |   in|   11|     ap_none|                                                              data_23_val|        scalar|
|data_26_val  |   in|   11|     ap_none|                                                              data_26_val|        scalar|
+-------------+-----+-----+------------+-------------------------------------------------------------------------+--------------+

============================================================
+ Verbose Summary: Synthesis Manager
============================================================
InlineROM: 1
ExposeGlobal: 0
============================================================
+ Verbose Summary: CDFG Model
============================================================
IsTopModel: 0
ResetActiveHigh: 1
IsCombinational: 1
IsDatapathOnly: 2
HasWiredReturn: 1
HasMFsm: 2
HasVarLatency: 0
IsPipeline: 1
IsRtlPipelined: 0
IsInstanceOverlapped: 0
IsDontTouch: 0
HasImplIP: 0
IsGatedGlobalClock: 0

+ Individual pipeline summary: 
  * Pipeline-0: initiation interval (II) = 1, depth = 1


============================================================
+ Verbose Summary: Schedule
============================================================
* Number of FSM states : 1
* Pipeline : 1
  Pipeline-0 : II = 1, D = 1, States = { 1 }
* Dataflow Pipeline: 0

* FSM state transitions: 
1 --> 

* FSM state operations: 

State 1 <SV = 0> <Delay = 1.03>
ST_1 : Operation 2 [1/1] (0.00ns)   --->   "%specpipeline_ln42 = specpipeline void @_ssdm_op_SpecPipeline, i32 4294967295, i32 0, i32 0, i32 0, void @empty_0" [firmware/nnet_utils/nnet_activation.h:42]   --->   Operation 2 'specpipeline' 'specpipeline_ln42' <Predicate = true> <Delay = 0.00>
ST_1 : Operation 3 [1/1] (0.00ns)   --->   "%data_26_val_read = read i11 @_ssdm_op_Read.ap_auto.i11, i11 %data_26_val" [firmware/nnet_utils/nnet_activation.h:42]   --->   Operation 3 'read' 'data_26_val_read' <Predicate = true> <Delay = 0.00>
ST_1 : Operation 4 [1/1] (0.00ns)   --->   "%data_23_val_read = read i11 @_ssdm_op_Read.ap_auto.i11, i11 %data_23_val" [firmware/nnet_utils/nnet_activation.h:42]   --->   Operation 4 'read' 'data_23_val_read' <Predicate = true> <Delay = 0.00>
ST_1 : Operation 5 [1/1] (0.00ns)   --->   "%data_15_val_read = read i11 @_ssdm_op_Read.ap_auto.i11, i11 %data_15_val" [firmware/nnet_utils/nnet_activation.h:42]   --->   Operation 5 'read' 'data_15_val_read' <Predicate = true> <Delay = 0.00>
ST_1 : Operation 6 [1/1] (0.00ns)   --->   "%data_8_val_read = read i11 @_ssdm_op_Read.ap_auto.i11, i11 %data_8_val" [firmware/nnet_utils/nnet_activation.h:42]   --->   Operation 6 'read' 'data_8_val_read' <Predicate = true> <Delay = 0.00>
ST_1 : Operation 7 [1/1] (0.73ns)   --->   "%icmp_ln45 = icmp_sgt  i11 %data_8_val_read, i11 0" [firmware/nnet_utils/nnet_activation.h:45]   --->   Operation 7 'icmp' 'icmp_ln45' <Predicate = true> <Delay = 0.73> <CoreInst = "Cmp">   --->   Core 9 'Cmp' <Latency = 0> <II = 1> <Delay = 0.73> <FuncUnit> <Opcode : 'seteq' 'setne' 'setle' 'setge' 'setlt' 'setgt'> <InPorts = 2> <OutPorts = 1>
ST_1 : Operation 8 [1/1] (0.00ns)   --->   "%trunc_ln46 = trunc i11 %data_8_val_read" [firmware/nnet_utils/nnet_activation.h:46]   --->   Operation 8 'trunc' 'trunc_ln46' <Predicate = (icmp_ln45)> <Delay = 0.00>
ST_1 : Operation 9 [1/1] (0.30ns)   --->   "%select_ln45 = select i1 %icmp_ln45, i9 %trunc_ln46, i9 0" [firmware/nnet_utils/nnet_activation.h:45]   --->   Operation 9 'select' 'select_ln45' <Predicate = true> <Delay = 0.30> <CoreInst = "Sel">   --->   Core 73 'Sel' <Latency = 0> <II = 1> <Delay = 0.30> <FuncUnit> <Opcode : 'select'> <InPorts = 3> <OutPorts = 1>
ST_1 : Operation 10 [1/1] (0.73ns)   --->   "%icmp_ln45_8 = icmp_sgt  i11 %data_15_val_read, i11 0" [firmware/nnet_utils/nnet_activation.h:45]   --->   Operation 10 'icmp' 'icmp_ln45_8' <Predicate = true> <Delay = 0.73> <CoreInst = "Cmp">   --->   Core 9 'Cmp' <Latency = 0> <II = 1> <Delay = 0.73> <FuncUnit> <Opcode : 'seteq' 'setne' 'setle' 'setge' 'setlt' 'setgt'> <InPorts = 2> <OutPorts = 1>
ST_1 : Operation 11 [1/1] (0.00ns)   --->   "%trunc_ln46_8 = trunc i11 %data_15_val_read" [firmware/nnet_utils/nnet_activation.h:46]   --->   Operation 11 'trunc' 'trunc_ln46_8' <Predicate = (icmp_ln45_8)> <Delay = 0.00>
ST_1 : Operation 12 [1/1] (0.30ns)   --->   "%select_ln45_8 = select i1 %icmp_ln45_8, i9 %trunc_ln46_8, i9 0" [firmware/nnet_utils/nnet_activation.h:45]   --->   Operation 12 'select' 'select_ln45_8' <Predicate = true> <Delay = 0.30> <CoreInst = "Sel">   --->   Core 73 'Sel' <Latency = 0> <II = 1> <Delay = 0.30> <FuncUnit> <Opcode : 'select'> <InPorts = 3> <OutPorts = 1>
ST_1 : Operation 13 [1/1] (0.73ns)   --->   "%icmp_ln45_9 = icmp_sgt  i11 %data_23_val_read, i11 0" [firmware/nnet_utils/nnet_activation.h:45]   --->   Operation 13 'icmp' 'icmp_ln45_9' <Predicate = true> <Delay = 0.73> <CoreInst = "Cmp">   --->   Core 9 'Cmp' <Latency = 0> <II = 1> <Delay = 0.73> <FuncUnit> <Opcode : 'seteq' 'setne' 'setle' 'setge' 'setlt' 'setgt'> <InPorts = 2> <OutPorts = 1>
ST_1 : Operation 14 [1/1] (0.00ns)   --->   "%trunc_ln46_9 = trunc i11 %data_23_val_read" [firmware/nnet_utils/nnet_activation.h:46]   --->   Operation 14 'trunc' 'trunc_ln46_9' <Predicate = (icmp_ln45_9)> <Delay = 0.00>
ST_1 : Operation 15 [1/1] (0.30ns)   --->   "%select_ln45_9 = select i1 %icmp_ln45_9, i9 %trunc_ln46_9, i9 0" [firmware/nnet_utils/nnet_activation.h:45]   --->   Operation 15 'select' 'select_ln45_9' <Predicate = true> <Delay = 0.30> <CoreInst = "Sel">   --->   Core 73 'Sel' <Latency = 0> <II = 1> <Delay = 0.30> <FuncUnit> <Opcode : 'select'> <InPorts = 3> <OutPorts = 1>
ST_1 : Operation 16 [1/1] (0.73ns)   --->   "%icmp_ln45_10 = icmp_sgt  i11 %data_26_val_read, i11 0" [firmware/nnet_utils/nnet_activation.h:45]   --->   Operation 16 'icmp' 'icmp_ln45_10' <Predicate = true> <Delay = 0.73> <CoreInst = "Cmp">   --->   Core 9 'Cmp' <Latency = 0> <II = 1> <Delay = 0.73> <FuncUnit> <Opcode : 'seteq' 'setne' 'setle' 'setge' 'setlt' 'setgt'> <InPorts = 2> <OutPorts = 1>
ST_1 : Operation 17 [1/1] (0.00ns)   --->   "%trunc_ln46_10 = trunc i11 %data_26_val_read" [firmware/nnet_utils/nnet_activation.h:46]   --->   Operation 17 'trunc' 'trunc_ln46_10' <Predicate = (icmp_ln45_10)> <Delay = 0.00>
ST_1 : Operation 18 [1/1] (0.30ns)   --->   "%select_ln45_10 = select i1 %icmp_ln45_10, i9 %trunc_ln46_10, i9 0" [firmware/nnet_utils/nnet_activation.h:45]   --->   Operation 18 'select' 'select_ln45_10' <Predicate = true> <Delay = 0.30> <CoreInst = "Sel">   --->   Core 73 'Sel' <Latency = 0> <II = 1> <Delay = 0.30> <FuncUnit> <Opcode : 'select'> <InPorts = 3> <OutPorts = 1>
ST_1 : Operation 19 [1/1] (0.00ns)   --->   "%newret = insertvalue i36 <undef>, i9 %select_ln45" [firmware/nnet_utils/nnet_activation.h:45]   --->   Operation 19 'insertvalue' 'newret' <Predicate = true> <Delay = 0.00>
ST_1 : Operation 20 [1/1] (0.00ns)   --->   "%newret2 = insertvalue i36 %newret, i9 %select_ln45_8" [firmware/nnet_utils/nnet_activation.h:45]   --->   Operation 20 'insertvalue' 'newret2' <Predicate = true> <Delay = 0.00>
ST_1 : Operation 21 [1/1] (0.00ns)   --->   "%newret4 = insertvalue i36 %newret2, i9 %select_ln45_9" [firmware/nnet_utils/nnet_activation.h:45]   --->   Operation 21 'insertvalue' 'newret4' <Predicate = true> <Delay = 0.00>
ST_1 : Operation 22 [1/1] (0.00ns)   --->   "%newret6 = insertvalue i36 %newret4, i9 %select_ln45_10" [firmware/nnet_utils/nnet_activation.h:45]   --->   Operation 22 'insertvalue' 'newret6' <Predicate = true> <Delay = 0.00>
ST_1 : Operation 23 [1/1] (0.00ns)   --->   "%ret_ln45 = ret i36 %newret6" [firmware/nnet_utils/nnet_activation.h:45]   --->   Operation 23 'ret' 'ret_ln45' <Predicate = true> <Delay = 0.00>


============================================================
+ Verbose Summary: Binding
============================================================
STG Binding: 
---------------- STG Properties BEGIN ----------------
- Is combinational: 1
- Is one-state seq: 0
- Is datapath-only: 0
- Is pipelined: 1
- Is top level: 0
Port [ Return ] is wired: 1; IO mode=ap_ctrl_hs:ce=0
Port [ data_8_val]:  wired=1; compound=0; hidden=0; nouse=0; global=0; static=0; extern=0; dir=0; type=0; pingpong=0; private_global=0; IO mode=ap_none:ce=0
Port [ data_15_val]:  wired=1; compound=0; hidden=0; nouse=0; global=0; static=0; extern=0; dir=0; type=0; pingpong=0; private_global=0; IO mode=ap_none:ce=0
Port [ data_23_val]:  wired=1; compound=0; hidden=0; nouse=0; global=0; static=0; extern=0; dir=0; type=0; pingpong=0; private_global=0; IO mode=ap_none:ce=0
Port [ data_26_val]:  wired=1; compound=0; hidden=0; nouse=0; global=0; static=0; extern=0; dir=0; type=0; pingpong=0; private_global=0; IO mode=ap_none:ce=0
---------------- STG Properties END ------------------

---------------- Datapath Model BEGIN ----------------

<LifeTime>
<method=bitvector/>
specpipeline_ln42 (specpipeline) [ 00]
data_26_val_read  (read        ) [ 00]
data_23_val_read  (read        ) [ 00]
data_15_val_read  (read        ) [ 00]
data_8_val_read   (read        ) [ 00]
icmp_ln45         (icmp        ) [ 01]
trunc_ln46        (trunc       ) [ 00]
select_ln45       (select      ) [ 00]
icmp_ln45_8       (icmp        ) [ 01]
trunc_ln46_8      (trunc       ) [ 00]
select_ln45_8     (select      ) [ 00]
icmp_ln45_9       (icmp        ) [ 01]
trunc_ln46_9      (trunc       ) [ 00]
select_ln45_9     (select      ) [ 00]
icmp_ln45_10      (icmp        ) [ 01]
trunc_ln46_10     (trunc       ) [ 00]
select_ln45_10    (select      ) [ 00]
newret            (insertvalue ) [ 00]
newret2           (insertvalue ) [ 00]
newret4           (insertvalue ) [ 00]
newret6           (insertvalue ) [ 00]
ret_ln45          (ret         ) [ 00]
</LifeTime>

<model>

<comp_list>
<comp id="0" class="1000" name="data_8_val">
<pin_list>
<pin id="1" dir="1" index="0" bw="1" slack="0"/>
</pin_list>
<bind>
<StgValue><ssdm name="data_8_val"/></StgValue>
</bind>
</comp>

<comp id="2" class="1000" name="data_15_val">
<pin_list>
<pin id="3" dir="1" index="0" bw="1" slack="0"/>
</pin_list>
<bind>
<StgValue><ssdm name="data_15_val"/></StgValue>
</bind>
</comp>

<comp id="4" class="1000" name="data_23_val">
<pin_list>
<pin id="5" dir="1" index="0" bw="1" slack="0"/>
</pin_list>
<bind>
<StgValue><ssdm name="data_23_val"/></StgValue>
</bind>
</comp>

<comp id="6" class="1000" name="data_26_val">
<pin_list>
<pin id="7" dir="1" index="0" bw="1" slack="0"/>
</pin_list>
<bind>
<StgValue><ssdm name="data_26_val"/></StgValue>
</bind>
</comp>

<comp id="8" class="1001" name="const_8">
<pin_list>
<pin id="9" dir="1" index="0" bw="1" slack="2147483647"/>
</pin_list>
<bind>
<StgValue><ssdm name="_ssdm_op_SpecPipeline"/></StgValue>
</bind>
</comp>

<comp id="10" class="1001" name="const_10">
<pin_list>
<pin id="11" dir="1" index="0" bw="1" slack="2147483647"/>
</pin_list>
<bind>
<StgValue><ssdm name=""/></StgValue>
</bind>
</comp>

<comp id="12" class="1001" name="const_12">
<pin_list>
<pin id="13" dir="1" index="0" bw="1" slack="2147483647"/>
</pin_list>
<bind>
<StgValue><ssdm name=""/></StgValue>
</bind>
</comp>

<comp id="14" class="1001" name="const_14">
<pin_list>
<pin id="15" dir="1" index="0" bw="1" slack="2147483647"/>
</pin_list>
<bind>
<StgValue><ssdm name="empty_0"/></StgValue>
</bind>
</comp>

<comp id="16" class="1001" name="const_16">
<pin_list>
<pin id="17" dir="1" index="0" bw="1" slack="0"/>
</pin_list>
<bind>
<StgValue><ssdm name="_ssdm_op_Read.ap_auto.i11"/></StgValue>
</bind>
</comp>

<comp id="18" class="1001" name="const_18">
<pin_list>
<pin id="19" dir="1" index="0" bw="1" slack="0"/>
</pin_list>
<bind>
<StgValue><ssdm name=""/></StgValue>
</bind>
</comp>

<comp id="20" class="1001" name="const_20">
<pin_list>
<pin id="21" dir="1" index="0" bw="1" slack="0"/>
</pin_list>
<bind>
<StgValue><ssdm name=""/></StgValue>
</bind>
</comp>

<comp id="22" class="1001" name="const_22">
<pin_list>
<pin id="23" dir="1" index="0" bw="1" slack="0"/>
</pin_list>
<bind>
<StgValue><ssdm name=""/></StgValue>
</bind>
</comp>

<comp id="24" class="1004" name="data_26_val_read_read_fu_24">
<pin_list>
<pin id="25" dir="0" index="0" bw="11" slack="0"/>
<pin id="26" dir="0" index="1" bw="11" slack="0"/>
<pin id="27" dir="1" index="2" bw="11" slack="0"/>
</pin_list>
<bind>
<opcode="read(1150) " fcode="read"/>
<opset="data_26_val_read/1 "/>
</bind>
</comp>

<comp id="30" class="1004" name="data_23_val_read_read_fu_30">
<pin_list>
<pin id="31" dir="0" index="0" bw="11" slack="0"/>
<pin id="32" dir="0" index="1" bw="11" slack="0"/>
<pin id="33" dir="1" index="2" bw="11" slack="0"/>
</pin_list>
<bind>
<opcode="read(1150) " fcode="read"/>
<opset="data_23_val_read/1 "/>
</bind>
</comp>

<comp id="36" class="1004" name="data_15_val_read_read_fu_36">
<pin_list>
<pin id="37" dir="0" index="0" bw="11" slack="0"/>
<pin id="38" dir="0" index="1" bw="11" slack="0"/>
<pin id="39" dir="1" index="2" bw="11" slack="0"/>
</pin_list>
<bind>
<opcode="read(1150) " fcode="read"/>
<opset="data_15_val_read/1 "/>
</bind>
</comp>

<comp id="42" class="1004" name="data_8_val_read_read_fu_42">
<pin_list>
<pin id="43" dir="0" index="0" bw="11" slack="0"/>
<pin id="44" dir="0" index="1" bw="11" slack="0"/>
<pin id="45" dir="1" index="2" bw="11" slack="0"/>
</pin_list>
<bind>
<opcode="read(1150) " fcode="read"/>
<opset="data_8_val_read/1 "/>
</bind>
</comp>

<comp id="48" class="1004" name="icmp_ln45_fu_48">
<pin_list>
<pin id="49" dir="0" index="0" bw="11" slack="0"/>
<pin id="50" dir="0" index="1" bw="11" slack="0"/>
<pin id="51" dir="1" index="2" bw="1" slack="0"/>
</pin_list>
<bind>
<opcode="icmp(45) " fcode="icmp"/>
<opset="icmp_ln45/1 "/>
</bind>
</comp>

<comp id="54" class="1004" name="trunc_ln46_fu_54">
<pin_list>
<pin id="55" dir="0" index="0" bw="11" slack="0"/>
<pin id="56" dir="1" index="1" bw="9" slack="0"/>
</pin_list>
<bind>
<opcode="trunc(33) " fcode="trunc"/>
<opset="trunc_ln46/1 "/>
</bind>
</comp>

<comp id="58" class="1004" name="select_ln45_fu_58">
<pin_list>
<pin id="59" dir="0" index="0" bw="1" slack="0"/>
<pin id="60" dir="0" index="1" bw="9" slack="0"/>
<pin id="61" dir="0" index="2" bw="9" slack="0"/>
<pin id="62" dir="1" index="3" bw="9" slack="0"/>
</pin_list>
<bind>
<opcode="select(49) " fcode="select"/>
<opset="select_ln45/1 "/>
</bind>
</comp>

<comp id="66" class="1004" name="icmp_ln45_8_fu_66">
<pin_list>
<pin id="67" dir="0" index="0" bw="11" slack="0"/>
<pin id="68" dir="0" index="1" bw="11" slack="0"/>
<pin id="69" dir="1" index="2" bw="1" slack="0"/>
</pin_list>
<bind>
<opcode="icmp(45) " fcode="icmp"/>
<opset="icmp_ln45_8/1 "/>
</bind>
</comp>

<comp id="72" class="1004" name="trunc_ln46_8_fu_72">
<pin_list>
<pin id="73" dir="0" index="0" bw="11" slack="0"/>
<pin id="74" dir="1" index="1" bw="9" slack="0"/>
</pin_list>
<bind>
<opcode="trunc(33) " fcode="trunc"/>
<opset="trunc_ln46_8/1 "/>
</bind>
</comp>

<comp id="76" class="1004" name="select_ln45_8_fu_76">
<pin_list>
<pin id="77" dir="0" index="0" bw="1" slack="0"/>
<pin id="78" dir="0" index="1" bw="9" slack="0"/>
<pin id="79" dir="0" index="2" bw="9" slack="0"/>
<pin id="80" dir="1" index="3" bw="9" slack="0"/>
</pin_list>
<bind>
<opcode="select(49) " fcode="select"/>
<opset="select_ln45_8/1 "/>
</bind>
</comp>

<comp id="84" class="1004" name="icmp_ln45_9_fu_84">
<pin_list>
<pin id="85" dir="0" index="0" bw="11" slack="0"/>
<pin id="86" dir="0" index="1" bw="11" slack="0"/>
<pin id="87" dir="1" index="2" bw="1" slack="0"/>
</pin_list>
<bind>
<opcode="icmp(45) " fcode="icmp"/>
<opset="icmp_ln45_9/1 "/>
</bind>
</comp>

<comp id="90" class="1004" name="trunc_ln46_9_fu_90">
<pin_list>
<pin id="91" dir="0" index="0" bw="11" slack="0"/>
<pin id="92" dir="1" index="1" bw="9" slack="0"/>
</pin_list>
<bind>
<opcode="trunc(33) " fcode="trunc"/>
<opset="trunc_ln46_9/1 "/>
</bind>
</comp>

<comp id="94" class="1004" name="select_ln45_9_fu_94">
<pin_list>
<pin id="95" dir="0" index="0" bw="1" slack="0"/>
<pin id="96" dir="0" index="1" bw="9" slack="0"/>
<pin id="97" dir="0" index="2" bw="9" slack="0"/>
<pin id="98" dir="1" index="3" bw="9" slack="0"/>
</pin_list>
<bind>
<opcode="select(49) " fcode="select"/>
<opset="select_ln45_9/1 "/>
</bind>
</comp>

<comp id="102" class="1004" name="icmp_ln45_10_fu_102">
<pin_list>
<pin id="103" dir="0" index="0" bw="11" slack="0"/>
<pin id="104" dir="0" index="1" bw="11" slack="0"/>
<pin id="105" dir="1" index="2" bw="1" slack="0"/>
</pin_list>
<bind>
<opcode="icmp(45) " fcode="icmp"/>
<opset="icmp_ln45_10/1 "/>
</bind>
</comp>

<comp id="108" class="1004" name="trunc_ln46_10_fu_108">
<pin_list>
<pin id="109" dir="0" index="0" bw="11" slack="0"/>
<pin id="110" dir="1" index="1" bw="9" slack="0"/>
</pin_list>
<bind>
<opcode="trunc(33) " fcode="trunc"/>
<opset="trunc_ln46_10/1 "/>
</bind>
</comp>

<comp id="112" class="1004" name="select_ln45_10_fu_112">
<pin_list>
<pin id="113" dir="0" index="0" bw="1" slack="0"/>
<pin id="114" dir="0" index="1" bw="9" slack="0"/>
<pin id="115" dir="0" index="2" bw="9" slack="0"/>
<pin id="116" dir="1" index="3" bw="9" slack="0"/>
</pin_list>
<bind>
<opcode="select(49) " fcode="select"/>
<opset="select_ln45_10/1 "/>
</bind>
</comp>

<comp id="120" class="1004" name="newret_fu_120">
<pin_list>
<pin id="121" dir="0" index="0" bw="36" slack="0"/>
<pin id="122" dir="0" index="1" bw="9" slack="0"/>
<pin id="123" dir="1" index="2" bw="36" slack="0"/>
</pin_list>
<bind>
<opcode="insertvalue(57) " fcode="insertvalue"/>
<opset="newret/1 "/>
</bind>
</comp>

<comp id="126" class="1004" name="newret2_fu_126">
<pin_list>
<pin id="127" dir="0" index="0" bw="36" slack="0"/>
<pin id="128" dir="0" index="1" bw="9" slack="0"/>
<pin id="129" dir="1" index="2" bw="36" slack="0"/>
</pin_list>
<bind>
<opcode="insertvalue(57) " fcode="insertvalue"/>
<opset="newret2/1 "/>
</bind>
</comp>

<comp id="132" class="1004" name="newret4_fu_132">
<pin_list>
<pin id="133" dir="0" index="0" bw="36" slack="0"/>
<pin id="134" dir="0" index="1" bw="9" slack="0"/>
<pin id="135" dir="1" index="2" bw="36" slack="0"/>
</pin_list>
<bind>
<opcode="insertvalue(57) " fcode="insertvalue"/>
<opset="newret4/1 "/>
</bind>
</comp>

<comp id="138" class="1004" name="newret6_fu_138">
<pin_list>
<pin id="139" dir="0" index="0" bw="36" slack="0"/>
<pin id="140" dir="0" index="1" bw="9" slack="0"/>
<pin id="141" dir="1" index="2" bw="36" slack="2147483647"/>
</pin_list>
<bind>
<opcode="insertvalue(57) " fcode="insertvalue"/>
<opset="newret6/1 "/>
</bind>
</comp>

</comp_list>

<net_list>
<net id="28"><net_src comp="16" pin="0"/><net_sink comp="24" pin=0"/></net>

<net id="29"><net_src comp="6" pin="0"/><net_sink comp="24" pin=1"/></net>

<net id="34"><net_src comp="16" pin="0"/><net_sink comp="30" pin=0"/></net>

<net id="35"><net_src comp="4" pin="0"/><net_sink comp="30" pin=1"/></net>

<net id="40"><net_src comp="16" pin="0"/><net_sink comp="36" pin=0"/></net>

<net id="41"><net_src comp="2" pin="0"/><net_sink comp="36" pin=1"/></net>

<net id="46"><net_src comp="16" pin="0"/><net_sink comp="42" pin=0"/></net>

<net id="47"><net_src comp="0" pin="0"/><net_sink comp="42" pin=1"/></net>

<net id="52"><net_src comp="42" pin="2"/><net_sink comp="48" pin=0"/></net>

<net id="53"><net_src comp="18" pin="0"/><net_sink comp="48" pin=1"/></net>

<net id="57"><net_src comp="42" pin="2"/><net_sink comp="54" pin=0"/></net>

<net id="63"><net_src comp="48" pin="2"/><net_sink comp="58" pin=0"/></net>

<net id="64"><net_src comp="54" pin="1"/><net_sink comp="58" pin=1"/></net>

<net id="65"><net_src comp="20" pin="0"/><net_sink comp="58" pin=2"/></net>

<net id="70"><net_src comp="36" pin="2"/><net_sink comp="66" pin=0"/></net>

<net id="71"><net_src comp="18" pin="0"/><net_sink comp="66" pin=1"/></net>

<net id="75"><net_src comp="36" pin="2"/><net_sink comp="72" pin=0"/></net>

<net id="81"><net_src comp="66" pin="2"/><net_sink comp="76" pin=0"/></net>

<net id="82"><net_src comp="72" pin="1"/><net_sink comp="76" pin=1"/></net>

<net id="83"><net_src comp="20" pin="0"/><net_sink comp="76" pin=2"/></net>

<net id="88"><net_src comp="30" pin="2"/><net_sink comp="84" pin=0"/></net>

<net id="89"><net_src comp="18" pin="0"/><net_sink comp="84" pin=1"/></net>

<net id="93"><net_src comp="30" pin="2"/><net_sink comp="90" pin=0"/></net>

<net id="99"><net_src comp="84" pin="2"/><net_sink comp="94" pin=0"/></net>

<net id="100"><net_src comp="90" pin="1"/><net_sink comp="94" pin=1"/></net>

<net id="101"><net_src comp="20" pin="0"/><net_sink comp="94" pin=2"/></net>

<net id="106"><net_src comp="24" pin="2"/><net_sink comp="102" pin=0"/></net>

<net id="107"><net_src comp="18" pin="0"/><net_sink comp="102" pin=1"/></net>

<net id="111"><net_src comp="24" pin="2"/><net_sink comp="108" pin=0"/></net>

<net id="117"><net_src comp="102" pin="2"/><net_sink comp="112" pin=0"/></net>

<net id="118"><net_src comp="108" pin="1"/><net_sink comp="112" pin=1"/></net>

<net id="119"><net_src comp="20" pin="0"/><net_sink comp="112" pin=2"/></net>

<net id="124"><net_src comp="22" pin="0"/><net_sink comp="120" pin=0"/></net>

<net id="125"><net_src comp="58" pin="3"/><net_sink comp="120" pin=1"/></net>

<net id="130"><net_src comp="120" pin="2"/><net_sink comp="126" pin=0"/></net>

<net id="131"><net_src comp="76" pin="3"/><net_sink comp="126" pin=1"/></net>

<net id="136"><net_src comp="126" pin="2"/><net_sink comp="132" pin=0"/></net>

<net id="137"><net_src comp="94" pin="3"/><net_sink comp="132" pin=1"/></net>

<net id="142"><net_src comp="132" pin="2"/><net_sink comp="138" pin=0"/></net>

<net id="143"><net_src comp="112" pin="3"/><net_sink comp="138" pin=1"/></net>

</net_list>

</model> 
---------------- Datapath Model END ------------------

* FSMD analyzer results:
  - Output states:
 - Input state : 
	Port: relu<ap_fixed<11, 9, 5, 3, 0>, ap_ufixed<9, 7, 5, 3, 0>, ReLU_config11> : data_8_val | {1 }
	Port: relu<ap_fixed<11, 9, 5, 3, 0>, ap_ufixed<9, 7, 5, 3, 0>, ReLU_config11> : data_15_val | {1 }
	Port: relu<ap_fixed<11, 9, 5, 3, 0>, ap_ufixed<9, 7, 5, 3, 0>, ReLU_config11> : data_23_val | {1 }
	Port: relu<ap_fixed<11, 9, 5, 3, 0>, ap_ufixed<9, 7, 5, 3, 0>, ReLU_config11> : data_26_val | {1 }
  - Chain level:
	State 1
		select_ln45 : 1
		select_ln45_8 : 1
		select_ln45_9 : 1
		select_ln45_10 : 1
		newret : 2
		newret2 : 3
		newret4 : 4
		newret6 : 5
		ret_ln45 : 6


============================================================
+ Verbose Summary: Datapath Resource usage 
============================================================

* Functional unit list:
|----------|-----------------------------|---------|---------|
| Operation|       Functional Unit       |    FF   |   LUT   |
|----------|-----------------------------|---------|---------|
|          |       icmp_ln45_fu_48       |    0    |    18   |
|   icmp   |      icmp_ln45_8_fu_66      |    0    |    18   |
|          |      icmp_ln45_9_fu_84      |    0    |    18   |
|          |     icmp_ln45_10_fu_102     |    0    |    18   |
|----------|-----------------------------|---------|---------|
|          |      select_ln45_fu_58      |    0    |    9    |
|  select  |     select_ln45_8_fu_76     |    0    |    9    |
|          |     select_ln45_9_fu_94     |    0    |    9    |
|          |    select_ln45_10_fu_112    |    0    |    9    |
|----------|-----------------------------|---------|---------|
|          | data_26_val_read_read_fu_24 |    0    |    0    |
|   read   | data_23_val_read_read_fu_30 |    0    |    0    |
|          | data_15_val_read_read_fu_36 |    0    |    0    |
|          |  data_8_val_read_read_fu_42 |    0    |    0    |
|----------|-----------------------------|---------|---------|
|          |       trunc_ln46_fu_54      |    0    |    0    |
|   trunc  |      trunc_ln46_8_fu_72     |    0    |    0    |
|          |      trunc_ln46_9_fu_90     |    0    |    0    |
|          |     trunc_ln46_10_fu_108    |    0    |    0    |
|----------|-----------------------------|---------|---------|
|          |        newret_fu_120        |    0    |    0    |
|insertvalue|        newret2_fu_126       |    0    |    0    |
|          |        newret4_fu_132       |    0    |    0    |
|          |        newret6_fu_138       |    0    |    0    |
|----------|-----------------------------|---------|---------|
|   Total  |                             |    0    |   108   |
|----------|-----------------------------|---------|---------|

Memories:
N/A

* Register list:
N/A

* Multiplexer (MUX) list: 
|--------|------|------|------|--------|
|  Comp  |  Pin | Size |  BW  | S x BW |
|--------|------|------|------|--------|
|  Total |      |      |      |    0   |
|--------|------|------|------|--------|



* Summary:
+-----------+--------+--------+
|           |   FF   |   LUT  |
+-----------+--------+--------+
|  Function |    0   |   108  |
|   Memory  |    -   |    -   |
|Multiplexer|    -   |    -   |
|  Register |    -   |    -   |
+-----------+--------+--------+
|   Total   |    0   |   108  |
+-----------+--------+--------+
