

================================================================
== Vitis HLS Report for 'relu_ap_fixed_12_10_5_3_0_ap_ufixed_8_6_5_3_0_ReLU_config16_s'
================================================================
* Date:           Wed Feb 26 01:36:45 2025

* Version:        2024.1 (Build 5069499 on May 21 2024)
* Project:        myproject_prj
* Solution:       solution1 (Vivado IP Flow Target)
* Product family: virtexuplusHBM
* Target device:  xcu50-fsvh2104-2-e


================================================================
== Performance Estimates
================================================================
+ Timing: 
    * Summary: 
    +--------+---------+----------+------------+
    |  Clock |  Target | Estimated| Uncertainty|
    +--------+---------+----------+------------+
    |ap_clk  |  5.00 ns|  1.048 ns|     1.35 ns|
    +--------+---------+----------+------------+

+ Latency: 
    * Summary: 
    +---------+---------+----------+----------+-----+-----+---------+
    |  Latency (cycles) |  Latency (absolute) |  Interval | Pipeline|
    |   min   |   max   |    min   |    max   | min | max |   Type  |
    +---------+---------+----------+----------+-----+-----+---------+
    |        0|        0|      0 ns|      0 ns|    1|    1|      yes|
    +---------+---------+----------+----------+-----+-----+---------+

    + Detail: 
        * Instance: 
        N/A

        * Loop: 
        N/A



================================================================
== Utilization Estimates
================================================================
* Summary: 
+---------------------+---------+------+---------+--------+-----+
|         Name        | BRAM_18K|  DSP |    FF   |   LUT  | URAM|
+---------------------+---------+------+---------+--------+-----+
|DSP                  |        -|     -|        -|       -|    -|
|Expression           |        -|     -|        0|     216|    -|
|FIFO                 |        -|     -|        -|       -|    -|
|Instance             |        -|     -|        -|       -|    -|
|Memory               |        -|     -|        -|       -|    -|
|Multiplexer          |        -|     -|        -|       -|    -|
|Register             |        -|     -|        -|       -|    -|
+---------------------+---------+------+---------+--------+-----+
|Total                |        0|     0|        0|     216|    0|
+---------------------+---------+------+---------+--------+-----+
|Available SLR        |     1344|  2976|   871680|  435840|  320|
+---------------------+---------+------+---------+--------+-----+
|Utilization SLR (%)  |        0|     0|        0|      ~0|    0|
+---------------------+---------+------+---------+--------+-----+
|Available            |     2688|  5952|  1743360|  871680|  640|
+---------------------+---------+------+---------+--------+-----+
|Utilization (%)      |        0|     0|        0|      ~0|    0|
+---------------------+---------+------+---------+--------+-----+

+ Detail: 
    * Instance: 
    N/A

    * DSP: 
    N/A

    * Memory: 
    N/A

    * FIFO: 
    N/A

    * Expression: 
    +-------------------------+----------+----+---+----+------------+------------+
    |      Variable Name      | Operation| DSP| FF| LUT| Bitwidth P0| Bitwidth P1|
    +-------------------------+----------+----+---+----+------------+------------+
    |icmp_ln45_1_fu_98_p2     |      icmp|   0|  0|  19|          12|           1|
    |icmp_ln45_2_fu_116_p2    |      icmp|   0|  0|  19|          12|           1|
    |icmp_ln45_3_fu_134_p2    |      icmp|   0|  0|  19|          12|           1|
    |icmp_ln45_4_fu_152_p2    |      icmp|   0|  0|  19|          12|           1|
    |icmp_ln45_5_fu_170_p2    |      icmp|   0|  0|  19|          12|           1|
    |icmp_ln45_6_fu_188_p2    |      icmp|   0|  0|  19|          12|           1|
    |icmp_ln45_7_fu_206_p2    |      icmp|   0|  0|  19|          12|           1|
    |icmp_ln45_fu_80_p2       |      icmp|   0|  0|  19|          12|           1|
    |select_ln45_1_fu_108_p3  |    select|   0|  0|   8|           1|           8|
    |select_ln45_2_fu_126_p3  |    select|   0|  0|   8|           1|           8|
    |select_ln45_3_fu_144_p3  |    select|   0|  0|   8|           1|           8|
    |select_ln45_4_fu_162_p3  |    select|   0|  0|   8|           1|           8|
    |select_ln45_5_fu_180_p3  |    select|   0|  0|   8|           1|           8|
    |select_ln45_6_fu_198_p3  |    select|   0|  0|   8|           1|           8|
    |select_ln45_7_fu_216_p3  |    select|   0|  0|   8|           1|           8|
    |select_ln45_fu_90_p3     |    select|   0|  0|   8|           1|           8|
    +-------------------------+----------+----+---+----+------------+------------+
    |Total                    |          |   0|  0| 216|         104|          72|
    +-------------------------+----------+----+---+----+------------+------------+

    * Multiplexer: 
    N/A

    * Register: 
    N/A



================================================================
== Interface
================================================================
* Summary: 
+-------------+-----+-----+------------+--------------------------------------------------------------------------+--------------+
|  RTL Ports  | Dir | Bits|  Protocol  |                               Source Object                              |    C Type    |
+-------------+-----+-----+------------+--------------------------------------------------------------------------+--------------+
|ap_ready     |  out|    1|  ap_ctrl_hs|  relu<ap_fixed<12, 10, 5, 3, 0>, ap_ufixed<8, 6, 5, 3, 0>, ReLU_config16>|  return value|
|ap_return_0  |  out|    8|  ap_ctrl_hs|  relu<ap_fixed<12, 10, 5, 3, 0>, ap_ufixed<8, 6, 5, 3, 0>, ReLU_config16>|  return value|
|ap_return_1  |  out|    8|  ap_ctrl_hs|  relu<ap_fixed<12, 10, 5, 3, 0>, ap_ufixed<8, 6, 5, 3, 0>, ReLU_config16>|  return value|
|ap_return_2  |  out|    8|  ap_ctrl_hs|  relu<ap_fixed<12, 10, 5, 3, 0>, ap_ufixed<8, 6, 5, 3, 0>, ReLU_config16>|  return value|
|ap_return_3  |  out|    8|  ap_ctrl_hs|  relu<ap_fixed<12, 10, 5, 3, 0>, ap_ufixed<8, 6, 5, 3, 0>, ReLU_config16>|  return value|
|ap_return_4  |  out|    8|  ap_ctrl_hs|  relu<ap_fixed<12, 10, 5, 3, 0>, ap_ufixed<8, 6, 5, 3, 0>, ReLU_config16>|  return value|
|ap_return_5  |  out|    8|  ap_ctrl_hs|  relu<ap_fixed<12, 10, 5, 3, 0>, ap_ufixed<8, 6, 5, 3, 0>, ReLU_config16>|  return value|
|ap_return_6  |  out|    8|  ap_ctrl_hs|  relu<ap_fixed<12, 10, 5, 3, 0>, ap_ufixed<8, 6, 5, 3, 0>, ReLU_config16>|  return value|
|ap_return_7  |  out|    8|  ap_ctrl_hs|  relu<ap_fixed<12, 10, 5, 3, 0>, ap_ufixed<8, 6, 5, 3, 0>, ReLU_config16>|  return value|
|ap_rst       |   in|    1|  ap_ctrl_hs|  relu<ap_fixed<12, 10, 5, 3, 0>, ap_ufixed<8, 6, 5, 3, 0>, ReLU_config16>|  return value|
|data_0_val   |   in|   12|     ap_none|                                                                data_0_val|        scalar|
|data_5_val   |   in|   12|     ap_none|                                                                data_5_val|        scalar|
|data_11_val  |   in|   12|     ap_none|                                                               data_11_val|        scalar|
|data_12_val  |   in|   12|     ap_none|                                                               data_12_val|        scalar|
|data_13_val  |   in|   12|     ap_none|                                                               data_13_val|        scalar|
|data_17_val  |   in|   12|     ap_none|                                                               data_17_val|        scalar|
|data_21_val  |   in|   12|     ap_none|                                                               data_21_val|        scalar|
|data_28_val  |   in|   12|     ap_none|                                                               data_28_val|        scalar|
+-------------+-----+-----+------------+--------------------------------------------------------------------------+--------------+

============================================================
+ Verbose Summary: Synthesis Manager
============================================================
InlineROM: 1
ExposeGlobal: 0
============================================================
+ Verbose Summary: CDFG Model
============================================================
IsTopModel: 0
ResetActiveHigh: 1
IsCombinational: 1
IsDatapathOnly: 2
HasWiredReturn: 1
HasMFsm: 2
HasVarLatency: 0
IsPipeline: 1
IsRtlPipelined: 0
IsInstanceOverlapped: 0
IsDontTouch: 0
HasImplIP: 0
IsGatedGlobalClock: 0

+ Individual pipeline summary: 
  * Pipeline-0: initiation interval (II) = 1, depth = 1


============================================================
+ Verbose Summary: Schedule
============================================================
* Number of FSM states : 1
* Pipeline : 1
  Pipeline-0 : II = 1, D = 1, States = { 1 }
* Dataflow Pipeline: 0

* FSM state transitions: 
1 --> 

* FSM state operations: 

State 1 <SV = 0> <Delay = 1.04>
ST_1 : Operation 2 [1/1] (0.00ns)   --->   "%specpipeline_ln42 = specpipeline void @_ssdm_op_SpecPipeline, i32 4294967295, i32 0, i32 0, i32 0, void @empty_0" [firmware/nnet_utils/nnet_activation.h:42]   --->   Operation 2 'specpipeline' 'specpipeline_ln42' <Predicate = true> <Delay = 0.00>
ST_1 : Operation 3 [1/1] (0.00ns)   --->   "%data_28_val_read = read i12 @_ssdm_op_Read.ap_auto.i12, i12 %data_28_val" [firmware/nnet_utils/nnet_activation.h:42]   --->   Operation 3 'read' 'data_28_val_read' <Predicate = true> <Delay = 0.00>
ST_1 : Operation 4 [1/1] (0.00ns)   --->   "%data_21_val_read = read i12 @_ssdm_op_Read.ap_auto.i12, i12 %data_21_val" [firmware/nnet_utils/nnet_activation.h:42]   --->   Operation 4 'read' 'data_21_val_read' <Predicate = true> <Delay = 0.00>
ST_1 : Operation 5 [1/1] (0.00ns)   --->   "%data_17_val_read = read i12 @_ssdm_op_Read.ap_auto.i12, i12 %data_17_val" [firmware/nnet_utils/nnet_activation.h:42]   --->   Operation 5 'read' 'data_17_val_read' <Predicate = true> <Delay = 0.00>
ST_1 : Operation 6 [1/1] (0.00ns)   --->   "%data_13_val_read = read i12 @_ssdm_op_Read.ap_auto.i12, i12 %data_13_val" [firmware/nnet_utils/nnet_activation.h:42]   --->   Operation 6 'read' 'data_13_val_read' <Predicate = true> <Delay = 0.00>
ST_1 : Operation 7 [1/1] (0.00ns)   --->   "%data_12_val_read = read i12 @_ssdm_op_Read.ap_auto.i12, i12 %data_12_val" [firmware/nnet_utils/nnet_activation.h:42]   --->   Operation 7 'read' 'data_12_val_read' <Predicate = true> <Delay = 0.00>
ST_1 : Operation 8 [1/1] (0.00ns)   --->   "%data_11_val_read = read i12 @_ssdm_op_Read.ap_auto.i12, i12 %data_11_val" [firmware/nnet_utils/nnet_activation.h:42]   --->   Operation 8 'read' 'data_11_val_read' <Predicate = true> <Delay = 0.00>
ST_1 : Operation 9 [1/1] (0.00ns)   --->   "%data_5_val_read = read i12 @_ssdm_op_Read.ap_auto.i12, i12 %data_5_val" [firmware/nnet_utils/nnet_activation.h:42]   --->   Operation 9 'read' 'data_5_val_read' <Predicate = true> <Delay = 0.00>
ST_1 : Operation 10 [1/1] (0.00ns)   --->   "%data_0_val_read = read i12 @_ssdm_op_Read.ap_auto.i12, i12 %data_0_val" [firmware/nnet_utils/nnet_activation.h:42]   --->   Operation 10 'read' 'data_0_val_read' <Predicate = true> <Delay = 0.00>
ST_1 : Operation 11 [1/1] (0.74ns)   --->   "%icmp_ln45 = icmp_sgt  i12 %data_0_val_read, i12 0" [firmware/nnet_utils/nnet_activation.h:45]   --->   Operation 11 'icmp' 'icmp_ln45' <Predicate = true> <Delay = 0.74> <CoreInst = "Cmp">   --->   Core 9 'Cmp' <Latency = 0> <II = 1> <Delay = 0.74> <FuncUnit> <Opcode : 'seteq' 'setne' 'setle' 'setge' 'setlt' 'setgt'> <InPorts = 2> <OutPorts = 1>
ST_1 : Operation 12 [1/1] (0.00ns)   --->   "%trunc_ln46 = trunc i12 %data_0_val_read" [firmware/nnet_utils/nnet_activation.h:46]   --->   Operation 12 'trunc' 'trunc_ln46' <Predicate = (icmp_ln45)> <Delay = 0.00>
ST_1 : Operation 13 [1/1] (0.30ns)   --->   "%select_ln45 = select i1 %icmp_ln45, i8 %trunc_ln46, i8 0" [firmware/nnet_utils/nnet_activation.h:45]   --->   Operation 13 'select' 'select_ln45' <Predicate = true> <Delay = 0.30> <CoreInst = "Sel">   --->   Core 73 'Sel' <Latency = 0> <II = 1> <Delay = 0.30> <FuncUnit> <Opcode : 'select'> <InPorts = 3> <OutPorts = 1>
ST_1 : Operation 14 [1/1] (0.74ns)   --->   "%icmp_ln45_1 = icmp_sgt  i12 %data_5_val_read, i12 0" [firmware/nnet_utils/nnet_activation.h:45]   --->   Operation 14 'icmp' 'icmp_ln45_1' <Predicate = true> <Delay = 0.74> <CoreInst = "Cmp">   --->   Core 9 'Cmp' <Latency = 0> <II = 1> <Delay = 0.74> <FuncUnit> <Opcode : 'seteq' 'setne' 'setle' 'setge' 'setlt' 'setgt'> <InPorts = 2> <OutPorts = 1>
ST_1 : Operation 15 [1/1] (0.00ns)   --->   "%trunc_ln46_1 = trunc i12 %data_5_val_read" [firmware/nnet_utils/nnet_activation.h:46]   --->   Operation 15 'trunc' 'trunc_ln46_1' <Predicate = (icmp_ln45_1)> <Delay = 0.00>
ST_1 : Operation 16 [1/1] (0.30ns)   --->   "%select_ln45_1 = select i1 %icmp_ln45_1, i8 %trunc_ln46_1, i8 0" [firmware/nnet_utils/nnet_activation.h:45]   --->   Operation 16 'select' 'select_ln45_1' <Predicate = true> <Delay = 0.30> <CoreInst = "Sel">   --->   Core 73 'Sel' <Latency = 0> <II = 1> <Delay = 0.30> <FuncUnit> <Opcode : 'select'> <InPorts = 3> <OutPorts = 1>
ST_1 : Operation 17 [1/1] (0.74ns)   --->   "%icmp_ln45_2 = icmp_sgt  i12 %data_11_val_read, i12 0" [firmware/nnet_utils/nnet_activation.h:45]   --->   Operation 17 'icmp' 'icmp_ln45_2' <Predicate = true> <Delay = 0.74> <CoreInst = "Cmp">   --->   Core 9 'Cmp' <Latency = 0> <II = 1> <Delay = 0.74> <FuncUnit> <Opcode : 'seteq' 'setne' 'setle' 'setge' 'setlt' 'setgt'> <InPorts = 2> <OutPorts = 1>
ST_1 : Operation 18 [1/1] (0.00ns)   --->   "%trunc_ln46_2 = trunc i12 %data_11_val_read" [firmware/nnet_utils/nnet_activation.h:46]   --->   Operation 18 'trunc' 'trunc_ln46_2' <Predicate = (icmp_ln45_2)> <Delay = 0.00>
ST_1 : Operation 19 [1/1] (0.30ns)   --->   "%select_ln45_2 = select i1 %icmp_ln45_2, i8 %trunc_ln46_2, i8 0" [firmware/nnet_utils/nnet_activation.h:45]   --->   Operation 19 'select' 'select_ln45_2' <Predicate = true> <Delay = 0.30> <CoreInst = "Sel">   --->   Core 73 'Sel' <Latency = 0> <II = 1> <Delay = 0.30> <FuncUnit> <Opcode : 'select'> <InPorts = 3> <OutPorts = 1>
ST_1 : Operation 20 [1/1] (0.74ns)   --->   "%icmp_ln45_3 = icmp_sgt  i12 %data_12_val_read, i12 0" [firmware/nnet_utils/nnet_activation.h:45]   --->   Operation 20 'icmp' 'icmp_ln45_3' <Predicate = true> <Delay = 0.74> <CoreInst = "Cmp">   --->   Core 9 'Cmp' <Latency = 0> <II = 1> <Delay = 0.74> <FuncUnit> <Opcode : 'seteq' 'setne' 'setle' 'setge' 'setlt' 'setgt'> <InPorts = 2> <OutPorts = 1>
ST_1 : Operation 21 [1/1] (0.00ns)   --->   "%trunc_ln46_3 = trunc i12 %data_12_val_read" [firmware/nnet_utils/nnet_activation.h:46]   --->   Operation 21 'trunc' 'trunc_ln46_3' <Predicate = (icmp_ln45_3)> <Delay = 0.00>
ST_1 : Operation 22 [1/1] (0.30ns)   --->   "%select_ln45_3 = select i1 %icmp_ln45_3, i8 %trunc_ln46_3, i8 0" [firmware/nnet_utils/nnet_activation.h:45]   --->   Operation 22 'select' 'select_ln45_3' <Predicate = true> <Delay = 0.30> <CoreInst = "Sel">   --->   Core 73 'Sel' <Latency = 0> <II = 1> <Delay = 0.30> <FuncUnit> <Opcode : 'select'> <InPorts = 3> <OutPorts = 1>
ST_1 : Operation 23 [1/1] (0.74ns)   --->   "%icmp_ln45_4 = icmp_sgt  i12 %data_13_val_read, i12 0" [firmware/nnet_utils/nnet_activation.h:45]   --->   Operation 23 'icmp' 'icmp_ln45_4' <Predicate = true> <Delay = 0.74> <CoreInst = "Cmp">   --->   Core 9 'Cmp' <Latency = 0> <II = 1> <Delay = 0.74> <FuncUnit> <Opcode : 'seteq' 'setne' 'setle' 'setge' 'setlt' 'setgt'> <InPorts = 2> <OutPorts = 1>
ST_1 : Operation 24 [1/1] (0.00ns)   --->   "%trunc_ln46_4 = trunc i12 %data_13_val_read" [firmware/nnet_utils/nnet_activation.h:46]   --->   Operation 24 'trunc' 'trunc_ln46_4' <Predicate = (icmp_ln45_4)> <Delay = 0.00>
ST_1 : Operation 25 [1/1] (0.30ns)   --->   "%select_ln45_4 = select i1 %icmp_ln45_4, i8 %trunc_ln46_4, i8 0" [firmware/nnet_utils/nnet_activation.h:45]   --->   Operation 25 'select' 'select_ln45_4' <Predicate = true> <Delay = 0.30> <CoreInst = "Sel">   --->   Core 73 'Sel' <Latency = 0> <II = 1> <Delay = 0.30> <FuncUnit> <Opcode : 'select'> <InPorts = 3> <OutPorts = 1>
ST_1 : Operation 26 [1/1] (0.74ns)   --->   "%icmp_ln45_5 = icmp_sgt  i12 %data_17_val_read, i12 0" [firmware/nnet_utils/nnet_activation.h:45]   --->   Operation 26 'icmp' 'icmp_ln45_5' <Predicate = true> <Delay = 0.74> <CoreInst = "Cmp">   --->   Core 9 'Cmp' <Latency = 0> <II = 1> <Delay = 0.74> <FuncUnit> <Opcode : 'seteq' 'setne' 'setle' 'setge' 'setlt' 'setgt'> <InPorts = 2> <OutPorts = 1>
ST_1 : Operation 27 [1/1] (0.00ns)   --->   "%trunc_ln46_5 = trunc i12 %data_17_val_read" [firmware/nnet_utils/nnet_activation.h:46]   --->   Operation 27 'trunc' 'trunc_ln46_5' <Predicate = (icmp_ln45_5)> <Delay = 0.00>
ST_1 : Operation 28 [1/1] (0.30ns)   --->   "%select_ln45_5 = select i1 %icmp_ln45_5, i8 %trunc_ln46_5, i8 0" [firmware/nnet_utils/nnet_activation.h:45]   --->   Operation 28 'select' 'select_ln45_5' <Predicate = true> <Delay = 0.30> <CoreInst = "Sel">   --->   Core 73 'Sel' <Latency = 0> <II = 1> <Delay = 0.30> <FuncUnit> <Opcode : 'select'> <InPorts = 3> <OutPorts = 1>
ST_1 : Operation 29 [1/1] (0.74ns)   --->   "%icmp_ln45_6 = icmp_sgt  i12 %data_21_val_read, i12 0" [firmware/nnet_utils/nnet_activation.h:45]   --->   Operation 29 'icmp' 'icmp_ln45_6' <Predicate = true> <Delay = 0.74> <CoreInst = "Cmp">   --->   Core 9 'Cmp' <Latency = 0> <II = 1> <Delay = 0.74> <FuncUnit> <Opcode : 'seteq' 'setne' 'setle' 'setge' 'setlt' 'setgt'> <InPorts = 2> <OutPorts = 1>
ST_1 : Operation 30 [1/1] (0.00ns)   --->   "%trunc_ln46_6 = trunc i12 %data_21_val_read" [firmware/nnet_utils/nnet_activation.h:46]   --->   Operation 30 'trunc' 'trunc_ln46_6' <Predicate = (icmp_ln45_6)> <Delay = 0.00>
ST_1 : Operation 31 [1/1] (0.30ns)   --->   "%select_ln45_6 = select i1 %icmp_ln45_6, i8 %trunc_ln46_6, i8 0" [firmware/nnet_utils/nnet_activation.h:45]   --->   Operation 31 'select' 'select_ln45_6' <Predicate = true> <Delay = 0.30> <CoreInst = "Sel">   --->   Core 73 'Sel' <Latency = 0> <II = 1> <Delay = 0.30> <FuncUnit> <Opcode : 'select'> <InPorts = 3> <OutPorts = 1>
ST_1 : Operation 32 [1/1] (0.74ns)   --->   "%icmp_ln45_7 = icmp_sgt  i12 %data_28_val_read, i12 0" [firmware/nnet_utils/nnet_activation.h:45]   --->   Operation 32 'icmp' 'icmp_ln45_7' <Predicate = true> <Delay = 0.74> <CoreInst = "Cmp">   --->   Core 9 'Cmp' <Latency = 0> <II = 1> <Delay = 0.74> <FuncUnit> <Opcode : 'seteq' 'setne' 'setle' 'setge' 'setlt' 'setgt'> <InPorts = 2> <OutPorts = 1>
ST_1 : Operation 33 [1/1] (0.00ns)   --->   "%trunc_ln46_7 = trunc i12 %data_28_val_read" [firmware/nnet_utils/nnet_activation.h:46]   --->   Operation 33 'trunc' 'trunc_ln46_7' <Predicate = (icmp_ln45_7)> <Delay = 0.00>
ST_1 : Operation 34 [1/1] (0.30ns)   --->   "%select_ln45_7 = select i1 %icmp_ln45_7, i8 %trunc_ln46_7, i8 0" [firmware/nnet_utils/nnet_activation.h:45]   --->   Operation 34 'select' 'select_ln45_7' <Predicate = true> <Delay = 0.30> <CoreInst = "Sel">   --->   Core 73 'Sel' <Latency = 0> <II = 1> <Delay = 0.30> <FuncUnit> <Opcode : 'select'> <InPorts = 3> <OutPorts = 1>
ST_1 : Operation 35 [1/1] (0.00ns)   --->   "%newret = insertvalue i64 <undef>, i8 %select_ln45" [firmware/nnet_utils/nnet_activation.h:45]   --->   Operation 35 'insertvalue' 'newret' <Predicate = true> <Delay = 0.00>
ST_1 : Operation 36 [1/1] (0.00ns)   --->   "%newret2 = insertvalue i64 %newret, i8 %select_ln45_1" [firmware/nnet_utils/nnet_activation.h:45]   --->   Operation 36 'insertvalue' 'newret2' <Predicate = true> <Delay = 0.00>
ST_1 : Operation 37 [1/1] (0.00ns)   --->   "%newret4 = insertvalue i64 %newret2, i8 %select_ln45_2" [firmware/nnet_utils/nnet_activation.h:45]   --->   Operation 37 'insertvalue' 'newret4' <Predicate = true> <Delay = 0.00>
ST_1 : Operation 38 [1/1] (0.00ns)   --->   "%newret6 = insertvalue i64 %newret4, i8 %select_ln45_3" [firmware/nnet_utils/nnet_activation.h:45]   --->   Operation 38 'insertvalue' 'newret6' <Predicate = true> <Delay = 0.00>
ST_1 : Operation 39 [1/1] (0.00ns)   --->   "%newret8 = insertvalue i64 %newret6, i8 %select_ln45_4" [firmware/nnet_utils/nnet_activation.h:45]   --->   Operation 39 'insertvalue' 'newret8' <Predicate = true> <Delay = 0.00>
ST_1 : Operation 40 [1/1] (0.00ns)   --->   "%newret1 = insertvalue i64 %newret8, i8 %select_ln45_5" [firmware/nnet_utils/nnet_activation.h:45]   --->   Operation 40 'insertvalue' 'newret1' <Predicate = true> <Delay = 0.00>
ST_1 : Operation 41 [1/1] (0.00ns)   --->   "%newret3 = insertvalue i64 %newret1, i8 %select_ln45_6" [firmware/nnet_utils/nnet_activation.h:45]   --->   Operation 41 'insertvalue' 'newret3' <Predicate = true> <Delay = 0.00>
ST_1 : Operation 42 [1/1] (0.00ns)   --->   "%newret5 = insertvalue i64 %newret3, i8 %select_ln45_7" [firmware/nnet_utils/nnet_activation.h:45]   --->   Operation 42 'insertvalue' 'newret5' <Predicate = true> <Delay = 0.00>
ST_1 : Operation 43 [1/1] (0.00ns)   --->   "%ret_ln45 = ret i64 %newret5" [firmware/nnet_utils/nnet_activation.h:45]   --->   Operation 43 'ret' 'ret_ln45' <Predicate = true> <Delay = 0.00>


============================================================
+ Verbose Summary: Binding
============================================================
STG Binding: 
---------------- STG Properties BEGIN ----------------
- Is combinational: 1
- Is one-state seq: 0
- Is datapath-only: 0
- Is pipelined: 1
- Is top level: 0
Port [ Return ] is wired: 1; IO mode=ap_ctrl_hs:ce=0
Port [ data_0_val]:  wired=1; compound=0; hidden=0; nouse=0; global=0; static=0; extern=0; dir=0; type=0; pingpong=0; private_global=0; IO mode=ap_none:ce=0
Port [ data_5_val]:  wired=1; compound=0; hidden=0; nouse=0; global=0; static=0; extern=0; dir=0; type=0; pingpong=0; private_global=0; IO mode=ap_none:ce=0
Port [ data_11_val]:  wired=1; compound=0; hidden=0; nouse=0; global=0; static=0; extern=0; dir=0; type=0; pingpong=0; private_global=0; IO mode=ap_none:ce=0
Port [ data_12_val]:  wired=1; compound=0; hidden=0; nouse=0; global=0; static=0; extern=0; dir=0; type=0; pingpong=0; private_global=0; IO mode=ap_none:ce=0
Port [ data_13_val]:  wired=1; compound=0; hidden=0; nouse=0; global=0; static=0; extern=0; dir=0; type=0; pingpong=0; private_global=0; IO mode=ap_none:ce=0
Port [ data_17_val]:  wired=1; compound=0; hidden=0; nouse=0; global=0; static=0; extern=0; dir=0; type=0; pingpong=0; private_global=0; IO mode=ap_none:ce=0
Port [ data_21_val]:  wired=1; compound=0; hidden=0; nouse=0; global=0; static=0; extern=0; dir=0; type=0; pingpong=0; private_global=0; IO mode=ap_none:ce=0
Port [ data_28_val]:  wired=1; compound=0; hidden=0; nouse=0; global=0; static=0; extern=0; dir=0; type=0; pingpong=0; private_global=0; IO mode=ap_none:ce=0
---------------- STG Properties END ------------------

---------------- Datapath Model BEGIN ----------------

<LifeTime>
<method=bitvector/>
specpipeline_ln42 (specpipeline) [ 00]
data_28_val_read  (read        ) [ 00]
data_21_val_read  (read        ) [ 00]
data_17_val_read  (read        ) [ 00]
data_13_val_read  (read        ) [ 00]
data_12_val_read  (read        ) [ 00]
data_11_val_read  (read        ) [ 00]
data_5_val_read   (read        ) [ 00]
data_0_val_read   (read        ) [ 00]
icmp_ln45         (icmp        ) [ 01]
trunc_ln46        (trunc       ) [ 00]
select_ln45       (select      ) [ 00]
icmp_ln45_1       (icmp        ) [ 01]
trunc_ln46_1      (trunc       ) [ 00]
select_ln45_1     (select      ) [ 00]
icmp_ln45_2       (icmp        ) [ 01]
trunc_ln46_2      (trunc       ) [ 00]
select_ln45_2     (select      ) [ 00]
icmp_ln45_3       (icmp        ) [ 01]
trunc_ln46_3      (trunc       ) [ 00]
select_ln45_3     (select      ) [ 00]
icmp_ln45_4       (icmp        ) [ 01]
trunc_ln46_4      (trunc       ) [ 00]
select_ln45_4     (select      ) [ 00]
icmp_ln45_5       (icmp        ) [ 01]
trunc_ln46_5      (trunc       ) [ 00]
select_ln45_5     (select      ) [ 00]
icmp_ln45_6       (icmp        ) [ 01]
trunc_ln46_6      (trunc       ) [ 00]
select_ln45_6     (select      ) [ 00]
icmp_ln45_7       (icmp        ) [ 01]
trunc_ln46_7      (trunc       ) [ 00]
select_ln45_7     (select      ) [ 00]
newret            (insertvalue ) [ 00]
newret2           (insertvalue ) [ 00]
newret4           (insertvalue ) [ 00]
newret6           (insertvalue ) [ 00]
newret8           (insertvalue ) [ 00]
newret1           (insertvalue ) [ 00]
newret3           (insertvalue ) [ 00]
newret5           (insertvalue ) [ 00]
ret_ln45          (ret         ) [ 00]
</LifeTime>

<model>

<comp_list>
<comp id="0" class="1000" name="data_0_val">
<pin_list>
<pin id="1" dir="1" index="0" bw="1" slack="0"/>
</pin_list>
<bind>
<StgValue><ssdm name="data_0_val"/></StgValue>
</bind>
</comp>

<comp id="2" class="1000" name="data_5_val">
<pin_list>
<pin id="3" dir="1" index="0" bw="1" slack="0"/>
</pin_list>
<bind>
<StgValue><ssdm name="data_5_val"/></StgValue>
</bind>
</comp>

<comp id="4" class="1000" name="data_11_val">
<pin_list>
<pin id="5" dir="1" index="0" bw="1" slack="0"/>
</pin_list>
<bind>
<StgValue><ssdm name="data_11_val"/></StgValue>
</bind>
</comp>

<comp id="6" class="1000" name="data_12_val">
<pin_list>
<pin id="7" dir="1" index="0" bw="1" slack="0"/>
</pin_list>
<bind>
<StgValue><ssdm name="data_12_val"/></StgValue>
</bind>
</comp>

<comp id="8" class="1000" name="data_13_val">
<pin_list>
<pin id="9" dir="1" index="0" bw="1" slack="0"/>
</pin_list>
<bind>
<StgValue><ssdm name="data_13_val"/></StgValue>
</bind>
</comp>

<comp id="10" class="1000" name="data_17_val">
<pin_list>
<pin id="11" dir="1" index="0" bw="1" slack="0"/>
</pin_list>
<bind>
<StgValue><ssdm name="data_17_val"/></StgValue>
</bind>
</comp>

<comp id="12" class="1000" name="data_21_val">
<pin_list>
<pin id="13" dir="1" index="0" bw="1" slack="0"/>
</pin_list>
<bind>
<StgValue><ssdm name="data_21_val"/></StgValue>
</bind>
</comp>

<comp id="14" class="1000" name="data_28_val">
<pin_list>
<pin id="15" dir="1" index="0" bw="1" slack="0"/>
</pin_list>
<bind>
<StgValue><ssdm name="data_28_val"/></StgValue>
</bind>
</comp>

<comp id="16" class="1001" name="const_16">
<pin_list>
<pin id="17" dir="1" index="0" bw="1" slack="2147483647"/>
</pin_list>
<bind>
<StgValue><ssdm name="_ssdm_op_SpecPipeline"/></StgValue>
</bind>
</comp>

<comp id="18" class="1001" name="const_18">
<pin_list>
<pin id="19" dir="1" index="0" bw="1" slack="2147483647"/>
</pin_list>
<bind>
<StgValue><ssdm name=""/></StgValue>
</bind>
</comp>

<comp id="20" class="1001" name="const_20">
<pin_list>
<pin id="21" dir="1" index="0" bw="1" slack="2147483647"/>
</pin_list>
<bind>
<StgValue><ssdm name=""/></StgValue>
</bind>
</comp>

<comp id="22" class="1001" name="const_22">
<pin_list>
<pin id="23" dir="1" index="0" bw="1" slack="2147483647"/>
</pin_list>
<bind>
<StgValue><ssdm name="empty_0"/></StgValue>
</bind>
</comp>

<comp id="24" class="1001" name="const_24">
<pin_list>
<pin id="25" dir="1" index="0" bw="1" slack="0"/>
</pin_list>
<bind>
<StgValue><ssdm name="_ssdm_op_Read.ap_auto.i12"/></StgValue>
</bind>
</comp>

<comp id="26" class="1001" name="const_26">
<pin_list>
<pin id="27" dir="1" index="0" bw="1" slack="0"/>
</pin_list>
<bind>
<StgValue><ssdm name=""/></StgValue>
</bind>
</comp>

<comp id="28" class="1001" name="const_28">
<pin_list>
<pin id="29" dir="1" index="0" bw="1" slack="0"/>
</pin_list>
<bind>
<StgValue><ssdm name=""/></StgValue>
</bind>
</comp>

<comp id="30" class="1001" name="const_30">
<pin_list>
<pin id="31" dir="1" index="0" bw="1" slack="0"/>
</pin_list>
<bind>
<StgValue><ssdm name=""/></StgValue>
</bind>
</comp>

<comp id="32" class="1004" name="data_28_val_read_read_fu_32">
<pin_list>
<pin id="33" dir="0" index="0" bw="12" slack="0"/>
<pin id="34" dir="0" index="1" bw="12" slack="0"/>
<pin id="35" dir="1" index="2" bw="12" slack="0"/>
</pin_list>
<bind>
<opcode="read(1150) " fcode="read"/>
<opset="data_28_val_read/1 "/>
</bind>
</comp>

<comp id="38" class="1004" name="data_21_val_read_read_fu_38">
<pin_list>
<pin id="39" dir="0" index="0" bw="12" slack="0"/>
<pin id="40" dir="0" index="1" bw="12" slack="0"/>
<pin id="41" dir="1" index="2" bw="12" slack="0"/>
</pin_list>
<bind>
<opcode="read(1150) " fcode="read"/>
<opset="data_21_val_read/1 "/>
</bind>
</comp>

<comp id="44" class="1004" name="data_17_val_read_read_fu_44">
<pin_list>
<pin id="45" dir="0" index="0" bw="12" slack="0"/>
<pin id="46" dir="0" index="1" bw="12" slack="0"/>
<pin id="47" dir="1" index="2" bw="12" slack="0"/>
</pin_list>
<bind>
<opcode="read(1150) " fcode="read"/>
<opset="data_17_val_read/1 "/>
</bind>
</comp>

<comp id="50" class="1004" name="data_13_val_read_read_fu_50">
<pin_list>
<pin id="51" dir="0" index="0" bw="12" slack="0"/>
<pin id="52" dir="0" index="1" bw="12" slack="0"/>
<pin id="53" dir="1" index="2" bw="12" slack="0"/>
</pin_list>
<bind>
<opcode="read(1150) " fcode="read"/>
<opset="data_13_val_read/1 "/>
</bind>
</comp>

<comp id="56" class="1004" name="data_12_val_read_read_fu_56">
<pin_list>
<pin id="57" dir="0" index="0" bw="12" slack="0"/>
<pin id="58" dir="0" index="1" bw="12" slack="0"/>
<pin id="59" dir="1" index="2" bw="12" slack="0"/>
</pin_list>
<bind>
<opcode="read(1150) " fcode="read"/>
<opset="data_12_val_read/1 "/>
</bind>
</comp>

<comp id="62" class="1004" name="data_11_val_read_read_fu_62">
<pin_list>
<pin id="63" dir="0" index="0" bw="12" slack="0"/>
<pin id="64" dir="0" index="1" bw="12" slack="0"/>
<pin id="65" dir="1" index="2" bw="12" slack="0"/>
</pin_list>
<bind>
<opcode="read(1150) " fcode="read"/>
<opset="data_11_val_read/1 "/>
</bind>
</comp>

<comp id="68" class="1004" name="data_5_val_read_read_fu_68">
<pin_list>
<pin id="69" dir="0" index="0" bw="12" slack="0"/>
<pin id="70" dir="0" index="1" bw="12" slack="0"/>
<pin id="71" dir="1" index="2" bw="12" slack="0"/>
</pin_list>
<bind>
<opcode="read(1150) " fcode="read"/>
<opset="data_5_val_read/1 "/>
</bind>
</comp>

<comp id="74" class="1004" name="data_0_val_read_read_fu_74">
<pin_list>
<pin id="75" dir="0" index="0" bw="12" slack="0"/>
<pin id="76" dir="0" index="1" bw="12" slack="0"/>
<pin id="77" dir="1" index="2" bw="12" slack="0"/>
</pin_list>
<bind>
<opcode="read(1150) " fcode="read"/>
<opset="data_0_val_read/1 "/>
</bind>
</comp>

<comp id="80" class="1004" name="icmp_ln45_fu_80">
<pin_list>
<pin id="81" dir="0" index="0" bw="12" slack="0"/>
<pin id="82" dir="0" index="1" bw="12" slack="0"/>
<pin id="83" dir="1" index="2" bw="1" slack="0"/>
</pin_list>
<bind>
<opcode="icmp(45) " fcode="icmp"/>
<opset="icmp_ln45/1 "/>
</bind>
</comp>

<comp id="86" class="1004" name="trunc_ln46_fu_86">
<pin_list>
<pin id="87" dir="0" index="0" bw="12" slack="0"/>
<pin id="88" dir="1" index="1" bw="8" slack="0"/>
</pin_list>
<bind>
<opcode="trunc(33) " fcode="trunc"/>
<opset="trunc_ln46/1 "/>
</bind>
</comp>

<comp id="90" class="1004" name="select_ln45_fu_90">
<pin_list>
<pin id="91" dir="0" index="0" bw="1" slack="0"/>
<pin id="92" dir="0" index="1" bw="8" slack="0"/>
<pin id="93" dir="0" index="2" bw="8" slack="0"/>
<pin id="94" dir="1" index="3" bw="8" slack="0"/>
</pin_list>
<bind>
<opcode="select(49) " fcode="select"/>
<opset="select_ln45/1 "/>
</bind>
</comp>

<comp id="98" class="1004" name="icmp_ln45_1_fu_98">
<pin_list>
<pin id="99" dir="0" index="0" bw="12" slack="0"/>
<pin id="100" dir="0" index="1" bw="12" slack="0"/>
<pin id="101" dir="1" index="2" bw="1" slack="0"/>
</pin_list>
<bind>
<opcode="icmp(45) " fcode="icmp"/>
<opset="icmp_ln45_1/1 "/>
</bind>
</comp>

<comp id="104" class="1004" name="trunc_ln46_1_fu_104">
<pin_list>
<pin id="105" dir="0" index="0" bw="12" slack="0"/>
<pin id="106" dir="1" index="1" bw="8" slack="0"/>
</pin_list>
<bind>
<opcode="trunc(33) " fcode="trunc"/>
<opset="trunc_ln46_1/1 "/>
</bind>
</comp>

<comp id="108" class="1004" name="select_ln45_1_fu_108">
<pin_list>
<pin id="109" dir="0" index="0" bw="1" slack="0"/>
<pin id="110" dir="0" index="1" bw="8" slack="0"/>
<pin id="111" dir="0" index="2" bw="8" slack="0"/>
<pin id="112" dir="1" index="3" bw="8" slack="0"/>
</pin_list>
<bind>
<opcode="select(49) " fcode="select"/>
<opset="select_ln45_1/1 "/>
</bind>
</comp>

<comp id="116" class="1004" name="icmp_ln45_2_fu_116">
<pin_list>
<pin id="117" dir="0" index="0" bw="12" slack="0"/>
<pin id="118" dir="0" index="1" bw="12" slack="0"/>
<pin id="119" dir="1" index="2" bw="1" slack="0"/>
</pin_list>
<bind>
<opcode="icmp(45) " fcode="icmp"/>
<opset="icmp_ln45_2/1 "/>
</bind>
</comp>

<comp id="122" class="1004" name="trunc_ln46_2_fu_122">
<pin_list>
<pin id="123" dir="0" index="0" bw="12" slack="0"/>
<pin id="124" dir="1" index="1" bw="8" slack="0"/>
</pin_list>
<bind>
<opcode="trunc(33) " fcode="trunc"/>
<opset="trunc_ln46_2/1 "/>
</bind>
</comp>

<comp id="126" class="1004" name="select_ln45_2_fu_126">
<pin_list>
<pin id="127" dir="0" index="0" bw="1" slack="0"/>
<pin id="128" dir="0" index="1" bw="8" slack="0"/>
<pin id="129" dir="0" index="2" bw="8" slack="0"/>
<pin id="130" dir="1" index="3" bw="8" slack="0"/>
</pin_list>
<bind>
<opcode="select(49) " fcode="select"/>
<opset="select_ln45_2/1 "/>
</bind>
</comp>

<comp id="134" class="1004" name="icmp_ln45_3_fu_134">
<pin_list>
<pin id="135" dir="0" index="0" bw="12" slack="0"/>
<pin id="136" dir="0" index="1" bw="12" slack="0"/>
<pin id="137" dir="1" index="2" bw="1" slack="0"/>
</pin_list>
<bind>
<opcode="icmp(45) " fcode="icmp"/>
<opset="icmp_ln45_3/1 "/>
</bind>
</comp>

<comp id="140" class="1004" name="trunc_ln46_3_fu_140">
<pin_list>
<pin id="141" dir="0" index="0" bw="12" slack="0"/>
<pin id="142" dir="1" index="1" bw="8" slack="0"/>
</pin_list>
<bind>
<opcode="trunc(33) " fcode="trunc"/>
<opset="trunc_ln46_3/1 "/>
</bind>
</comp>

<comp id="144" class="1004" name="select_ln45_3_fu_144">
<pin_list>
<pin id="145" dir="0" index="0" bw="1" slack="0"/>
<pin id="146" dir="0" index="1" bw="8" slack="0"/>
<pin id="147" dir="0" index="2" bw="8" slack="0"/>
<pin id="148" dir="1" index="3" bw="8" slack="0"/>
</pin_list>
<bind>
<opcode="select(49) " fcode="select"/>
<opset="select_ln45_3/1 "/>
</bind>
</comp>

<comp id="152" class="1004" name="icmp_ln45_4_fu_152">
<pin_list>
<pin id="153" dir="0" index="0" bw="12" slack="0"/>
<pin id="154" dir="0" index="1" bw="12" slack="0"/>
<pin id="155" dir="1" index="2" bw="1" slack="0"/>
</pin_list>
<bind>
<opcode="icmp(45) " fcode="icmp"/>
<opset="icmp_ln45_4/1 "/>
</bind>
</comp>

<comp id="158" class="1004" name="trunc_ln46_4_fu_158">
<pin_list>
<pin id="159" dir="0" index="0" bw="12" slack="0"/>
<pin id="160" dir="1" index="1" bw="8" slack="0"/>
</pin_list>
<bind>
<opcode="trunc(33) " fcode="trunc"/>
<opset="trunc_ln46_4/1 "/>
</bind>
</comp>

<comp id="162" class="1004" name="select_ln45_4_fu_162">
<pin_list>
<pin id="163" dir="0" index="0" bw="1" slack="0"/>
<pin id="164" dir="0" index="1" bw="8" slack="0"/>
<pin id="165" dir="0" index="2" bw="8" slack="0"/>
<pin id="166" dir="1" index="3" bw="8" slack="0"/>
</pin_list>
<bind>
<opcode="select(49) " fcode="select"/>
<opset="select_ln45_4/1 "/>
</bind>
</comp>

<comp id="170" class="1004" name="icmp_ln45_5_fu_170">
<pin_list>
<pin id="171" dir="0" index="0" bw="12" slack="0"/>
<pin id="172" dir="0" index="1" bw="12" slack="0"/>
<pin id="173" dir="1" index="2" bw="1" slack="0"/>
</pin_list>
<bind>
<opcode="icmp(45) " fcode="icmp"/>
<opset="icmp_ln45_5/1 "/>
</bind>
</comp>

<comp id="176" class="1004" name="trunc_ln46_5_fu_176">
<pin_list>
<pin id="177" dir="0" index="0" bw="12" slack="0"/>
<pin id="178" dir="1" index="1" bw="8" slack="0"/>
</pin_list>
<bind>
<opcode="trunc(33) " fcode="trunc"/>
<opset="trunc_ln46_5/1 "/>
</bind>
</comp>

<comp id="180" class="1004" name="select_ln45_5_fu_180">
<pin_list>
<pin id="181" dir="0" index="0" bw="1" slack="0"/>
<pin id="182" dir="0" index="1" bw="8" slack="0"/>
<pin id="183" dir="0" index="2" bw="8" slack="0"/>
<pin id="184" dir="1" index="3" bw="8" slack="0"/>
</pin_list>
<bind>
<opcode="select(49) " fcode="select"/>
<opset="select_ln45_5/1 "/>
</bind>
</comp>

<comp id="188" class="1004" name="icmp_ln45_6_fu_188">
<pin_list>
<pin id="189" dir="0" index="0" bw="12" slack="0"/>
<pin id="190" dir="0" index="1" bw="12" slack="0"/>
<pin id="191" dir="1" index="2" bw="1" slack="0"/>
</pin_list>
<bind>
<opcode="icmp(45) " fcode="icmp"/>
<opset="icmp_ln45_6/1 "/>
</bind>
</comp>

<comp id="194" class="1004" name="trunc_ln46_6_fu_194">
<pin_list>
<pin id="195" dir="0" index="0" bw="12" slack="0"/>
<pin id="196" dir="1" index="1" bw="8" slack="0"/>
</pin_list>
<bind>
<opcode="trunc(33) " fcode="trunc"/>
<opset="trunc_ln46_6/1 "/>
</bind>
</comp>

<comp id="198" class="1004" name="select_ln45_6_fu_198">
<pin_list>
<pin id="199" dir="0" index="0" bw="1" slack="0"/>
<pin id="200" dir="0" index="1" bw="8" slack="0"/>
<pin id="201" dir="0" index="2" bw="8" slack="0"/>
<pin id="202" dir="1" index="3" bw="8" slack="0"/>
</pin_list>
<bind>
<opcode="select(49) " fcode="select"/>
<opset="select_ln45_6/1 "/>
</bind>
</comp>

<comp id="206" class="1004" name="icmp_ln45_7_fu_206">
<pin_list>
<pin id="207" dir="0" index="0" bw="12" slack="0"/>
<pin id="208" dir="0" index="1" bw="12" slack="0"/>
<pin id="209" dir="1" index="2" bw="1" slack="0"/>
</pin_list>
<bind>
<opcode="icmp(45) " fcode="icmp"/>
<opset="icmp_ln45_7/1 "/>
</bind>
</comp>

<comp id="212" class="1004" name="trunc_ln46_7_fu_212">
<pin_list>
<pin id="213" dir="0" index="0" bw="12" slack="0"/>
<pin id="214" dir="1" index="1" bw="8" slack="0"/>
</pin_list>
<bind>
<opcode="trunc(33) " fcode="trunc"/>
<opset="trunc_ln46_7/1 "/>
</bind>
</comp>

<comp id="216" class="1004" name="select_ln45_7_fu_216">
<pin_list>
<pin id="217" dir="0" index="0" bw="1" slack="0"/>
<pin id="218" dir="0" index="1" bw="8" slack="0"/>
<pin id="219" dir="0" index="2" bw="8" slack="0"/>
<pin id="220" dir="1" index="3" bw="8" slack="0"/>
</pin_list>
<bind>
<opcode="select(49) " fcode="select"/>
<opset="select_ln45_7/1 "/>
</bind>
</comp>

<comp id="224" class="1004" name="newret_fu_224">
<pin_list>
<pin id="225" dir="0" index="0" bw="64" slack="0"/>
<pin id="226" dir="0" index="1" bw="8" slack="0"/>
<pin id="227" dir="1" index="2" bw="64" slack="0"/>
</pin_list>
<bind>
<opcode="insertvalue(57) " fcode="insertvalue"/>
<opset="newret/1 "/>
</bind>
</comp>

<comp id="230" class="1004" name="newret2_fu_230">
<pin_list>
<pin id="231" dir="0" index="0" bw="64" slack="0"/>
<pin id="232" dir="0" index="1" bw="8" slack="0"/>
<pin id="233" dir="1" index="2" bw="64" slack="0"/>
</pin_list>
<bind>
<opcode="insertvalue(57) " fcode="insertvalue"/>
<opset="newret2/1 "/>
</bind>
</comp>

<comp id="236" class="1004" name="newret4_fu_236">
<pin_list>
<pin id="237" dir="0" index="0" bw="64" slack="0"/>
<pin id="238" dir="0" index="1" bw="8" slack="0"/>
<pin id="239" dir="1" index="2" bw="64" slack="0"/>
</pin_list>
<bind>
<opcode="insertvalue(57) " fcode="insertvalue"/>
<opset="newret4/1 "/>
</bind>
</comp>

<comp id="242" class="1004" name="newret6_fu_242">
<pin_list>
<pin id="243" dir="0" index="0" bw="64" slack="0"/>
<pin id="244" dir="0" index="1" bw="8" slack="0"/>
<pin id="245" dir="1" index="2" bw="64" slack="0"/>
</pin_list>
<bind>
<opcode="insertvalue(57) " fcode="insertvalue"/>
<opset="newret6/1 "/>
</bind>
</comp>

<comp id="248" class="1004" name="newret8_fu_248">
<pin_list>
<pin id="249" dir="0" index="0" bw="64" slack="0"/>
<pin id="250" dir="0" index="1" bw="8" slack="0"/>
<pin id="251" dir="1" index="2" bw="64" slack="0"/>
</pin_list>
<bind>
<opcode="insertvalue(57) " fcode="insertvalue"/>
<opset="newret8/1 "/>
</bind>
</comp>

<comp id="254" class="1004" name="newret1_fu_254">
<pin_list>
<pin id="255" dir="0" index="0" bw="64" slack="0"/>
<pin id="256" dir="0" index="1" bw="8" slack="0"/>
<pin id="257" dir="1" index="2" bw="64" slack="0"/>
</pin_list>
<bind>
<opcode="insertvalue(57) " fcode="insertvalue"/>
<opset="newret1/1 "/>
</bind>
</comp>

<comp id="260" class="1004" name="newret3_fu_260">
<pin_list>
<pin id="261" dir="0" index="0" bw="64" slack="0"/>
<pin id="262" dir="0" index="1" bw="8" slack="0"/>
<pin id="263" dir="1" index="2" bw="64" slack="0"/>
</pin_list>
<bind>
<opcode="insertvalue(57) " fcode="insertvalue"/>
<opset="newret3/1 "/>
</bind>
</comp>

<comp id="266" class="1004" name="newret5_fu_266">
<pin_list>
<pin id="267" dir="0" index="0" bw="64" slack="0"/>
<pin id="268" dir="0" index="1" bw="8" slack="0"/>
<pin id="269" dir="1" index="2" bw="64" slack="2147483647"/>
</pin_list>
<bind>
<opcode="insertvalue(57) " fcode="insertvalue"/>
<opset="newret5/1 "/>
</bind>
</comp>

</comp_list>

<net_list>
<net id="36"><net_src comp="24" pin="0"/><net_sink comp="32" pin=0"/></net>

<net id="37"><net_src comp="14" pin="0"/><net_sink comp="32" pin=1"/></net>

<net id="42"><net_src comp="24" pin="0"/><net_sink comp="38" pin=0"/></net>

<net id="43"><net_src comp="12" pin="0"/><net_sink comp="38" pin=1"/></net>

<net id="48"><net_src comp="24" pin="0"/><net_sink comp="44" pin=0"/></net>

<net id="49"><net_src comp="10" pin="0"/><net_sink comp="44" pin=1"/></net>

<net id="54"><net_src comp="24" pin="0"/><net_sink comp="50" pin=0"/></net>

<net id="55"><net_src comp="8" pin="0"/><net_sink comp="50" pin=1"/></net>

<net id="60"><net_src comp="24" pin="0"/><net_sink comp="56" pin=0"/></net>

<net id="61"><net_src comp="6" pin="0"/><net_sink comp="56" pin=1"/></net>

<net id="66"><net_src comp="24" pin="0"/><net_sink comp="62" pin=0"/></net>

<net id="67"><net_src comp="4" pin="0"/><net_sink comp="62" pin=1"/></net>

<net id="72"><net_src comp="24" pin="0"/><net_sink comp="68" pin=0"/></net>

<net id="73"><net_src comp="2" pin="0"/><net_sink comp="68" pin=1"/></net>

<net id="78"><net_src comp="24" pin="0"/><net_sink comp="74" pin=0"/></net>

<net id="79"><net_src comp="0" pin="0"/><net_sink comp="74" pin=1"/></net>

<net id="84"><net_src comp="74" pin="2"/><net_sink comp="80" pin=0"/></net>

<net id="85"><net_src comp="26" pin="0"/><net_sink comp="80" pin=1"/></net>

<net id="89"><net_src comp="74" pin="2"/><net_sink comp="86" pin=0"/></net>

<net id="95"><net_src comp="80" pin="2"/><net_sink comp="90" pin=0"/></net>

<net id="96"><net_src comp="86" pin="1"/><net_sink comp="90" pin=1"/></net>

<net id="97"><net_src comp="28" pin="0"/><net_sink comp="90" pin=2"/></net>

<net id="102"><net_src comp="68" pin="2"/><net_sink comp="98" pin=0"/></net>

<net id="103"><net_src comp="26" pin="0"/><net_sink comp="98" pin=1"/></net>

<net id="107"><net_src comp="68" pin="2"/><net_sink comp="104" pin=0"/></net>

<net id="113"><net_src comp="98" pin="2"/><net_sink comp="108" pin=0"/></net>

<net id="114"><net_src comp="104" pin="1"/><net_sink comp="108" pin=1"/></net>

<net id="115"><net_src comp="28" pin="0"/><net_sink comp="108" pin=2"/></net>

<net id="120"><net_src comp="62" pin="2"/><net_sink comp="116" pin=0"/></net>

<net id="121"><net_src comp="26" pin="0"/><net_sink comp="116" pin=1"/></net>

<net id="125"><net_src comp="62" pin="2"/><net_sink comp="122" pin=0"/></net>

<net id="131"><net_src comp="116" pin="2"/><net_sink comp="126" pin=0"/></net>

<net id="132"><net_src comp="122" pin="1"/><net_sink comp="126" pin=1"/></net>

<net id="133"><net_src comp="28" pin="0"/><net_sink comp="126" pin=2"/></net>

<net id="138"><net_src comp="56" pin="2"/><net_sink comp="134" pin=0"/></net>

<net id="139"><net_src comp="26" pin="0"/><net_sink comp="134" pin=1"/></net>

<net id="143"><net_src comp="56" pin="2"/><net_sink comp="140" pin=0"/></net>

<net id="149"><net_src comp="134" pin="2"/><net_sink comp="144" pin=0"/></net>

<net id="150"><net_src comp="140" pin="1"/><net_sink comp="144" pin=1"/></net>

<net id="151"><net_src comp="28" pin="0"/><net_sink comp="144" pin=2"/></net>

<net id="156"><net_src comp="50" pin="2"/><net_sink comp="152" pin=0"/></net>

<net id="157"><net_src comp="26" pin="0"/><net_sink comp="152" pin=1"/></net>

<net id="161"><net_src comp="50" pin="2"/><net_sink comp="158" pin=0"/></net>

<net id="167"><net_src comp="152" pin="2"/><net_sink comp="162" pin=0"/></net>

<net id="168"><net_src comp="158" pin="1"/><net_sink comp="162" pin=1"/></net>

<net id="169"><net_src comp="28" pin="0"/><net_sink comp="162" pin=2"/></net>

<net id="174"><net_src comp="44" pin="2"/><net_sink comp="170" pin=0"/></net>

<net id="175"><net_src comp="26" pin="0"/><net_sink comp="170" pin=1"/></net>

<net id="179"><net_src comp="44" pin="2"/><net_sink comp="176" pin=0"/></net>

<net id="185"><net_src comp="170" pin="2"/><net_sink comp="180" pin=0"/></net>

<net id="186"><net_src comp="176" pin="1"/><net_sink comp="180" pin=1"/></net>

<net id="187"><net_src comp="28" pin="0"/><net_sink comp="180" pin=2"/></net>

<net id="192"><net_src comp="38" pin="2"/><net_sink comp="188" pin=0"/></net>

<net id="193"><net_src comp="26" pin="0"/><net_sink comp="188" pin=1"/></net>

<net id="197"><net_src comp="38" pin="2"/><net_sink comp="194" pin=0"/></net>

<net id="203"><net_src comp="188" pin="2"/><net_sink comp="198" pin=0"/></net>

<net id="204"><net_src comp="194" pin="1"/><net_sink comp="198" pin=1"/></net>

<net id="205"><net_src comp="28" pin="0"/><net_sink comp="198" pin=2"/></net>

<net id="210"><net_src comp="32" pin="2"/><net_sink comp="206" pin=0"/></net>

<net id="211"><net_src comp="26" pin="0"/><net_sink comp="206" pin=1"/></net>

<net id="215"><net_src comp="32" pin="2"/><net_sink comp="212" pin=0"/></net>

<net id="221"><net_src comp="206" pin="2"/><net_sink comp="216" pin=0"/></net>

<net id="222"><net_src comp="212" pin="1"/><net_sink comp="216" pin=1"/></net>

<net id="223"><net_src comp="28" pin="0"/><net_sink comp="216" pin=2"/></net>

<net id="228"><net_src comp="30" pin="0"/><net_sink comp="224" pin=0"/></net>

<net id="229"><net_src comp="90" pin="3"/><net_sink comp="224" pin=1"/></net>

<net id="234"><net_src comp="224" pin="2"/><net_sink comp="230" pin=0"/></net>

<net id="235"><net_src comp="108" pin="3"/><net_sink comp="230" pin=1"/></net>

<net id="240"><net_src comp="230" pin="2"/><net_sink comp="236" pin=0"/></net>

<net id="241"><net_src comp="126" pin="3"/><net_sink comp="236" pin=1"/></net>

<net id="246"><net_src comp="236" pin="2"/><net_sink comp="242" pin=0"/></net>

<net id="247"><net_src comp="144" pin="3"/><net_sink comp="242" pin=1"/></net>

<net id="252"><net_src comp="242" pin="2"/><net_sink comp="248" pin=0"/></net>

<net id="253"><net_src comp="162" pin="3"/><net_sink comp="248" pin=1"/></net>

<net id="258"><net_src comp="248" pin="2"/><net_sink comp="254" pin=0"/></net>

<net id="259"><net_src comp="180" pin="3"/><net_sink comp="254" pin=1"/></net>

<net id="264"><net_src comp="254" pin="2"/><net_sink comp="260" pin=0"/></net>

<net id="265"><net_src comp="198" pin="3"/><net_sink comp="260" pin=1"/></net>

<net id="270"><net_src comp="260" pin="2"/><net_sink comp="266" pin=0"/></net>

<net id="271"><net_src comp="216" pin="3"/><net_sink comp="266" pin=1"/></net>

</net_list>

</model> 
---------------- Datapath Model END ------------------

* FSMD analyzer results:
  - Output states:
 - Input state : 
	Port: relu<ap_fixed<12, 10, 5, 3, 0>, ap_ufixed<8, 6, 5, 3, 0>, ReLU_config16> : data_0_val | {1 }
	Port: relu<ap_fixed<12, 10, 5, 3, 0>, ap_ufixed<8, 6, 5, 3, 0>, ReLU_config16> : data_5_val | {1 }
	Port: relu<ap_fixed<12, 10, 5, 3, 0>, ap_ufixed<8, 6, 5, 3, 0>, ReLU_config16> : data_11_val | {1 }
	Port: relu<ap_fixed<12, 10, 5, 3, 0>, ap_ufixed<8, 6, 5, 3, 0>, ReLU_config16> : data_12_val | {1 }
	Port: relu<ap_fixed<12, 10, 5, 3, 0>, ap_ufixed<8, 6, 5, 3, 0>, ReLU_config16> : data_13_val | {1 }
	Port: relu<ap_fixed<12, 10, 5, 3, 0>, ap_ufixed<8, 6, 5, 3, 0>, ReLU_config16> : data_17_val | {1 }
	Port: relu<ap_fixed<12, 10, 5, 3, 0>, ap_ufixed<8, 6, 5, 3, 0>, ReLU_config16> : data_21_val | {1 }
	Port: relu<ap_fixed<12, 10, 5, 3, 0>, ap_ufixed<8, 6, 5, 3, 0>, ReLU_config16> : data_28_val | {1 }
  - Chain level:
	State 1
		select_ln45 : 1
		select_ln45_1 : 1
		select_ln45_2 : 1
		select_ln45_3 : 1
		select_ln45_4 : 1
		select_ln45_5 : 1
		select_ln45_6 : 1
		select_ln45_7 : 1
		newret : 2
		newret2 : 3
		newret4 : 4
		newret6 : 5
		newret8 : 6
		newret1 : 7
		newret3 : 8
		newret5 : 9
		ret_ln45 : 10


============================================================
+ Verbose Summary: Datapath Resource usage 
============================================================

* Functional unit list:
|----------|-----------------------------|---------|---------|
| Operation|       Functional Unit       |    FF   |   LUT   |
|----------|-----------------------------|---------|---------|
|          |       icmp_ln45_fu_80       |    0    |    19   |
|          |      icmp_ln45_1_fu_98      |    0    |    19   |
|          |      icmp_ln45_2_fu_116     |    0    |    19   |
|   icmp   |      icmp_ln45_3_fu_134     |    0    |    19   |
|          |      icmp_ln45_4_fu_152     |    0    |    19   |
|          |      icmp_ln45_5_fu_170     |    0    |    19   |
|          |      icmp_ln45_6_fu_188     |    0    |    19   |
|          |      icmp_ln45_7_fu_206     |    0    |    19   |
|----------|-----------------------------|---------|---------|
|          |      select_ln45_fu_90      |    0    |    8    |
|          |     select_ln45_1_fu_108    |    0    |    8    |
|          |     select_ln45_2_fu_126    |    0    |    8    |
|  select  |     select_ln45_3_fu_144    |    0    |    8    |
|          |     select_ln45_4_fu_162    |    0    |    8    |
|          |     select_ln45_5_fu_180    |    0    |    8    |
|          |     select_ln45_6_fu_198    |    0    |    8    |
|          |     select_ln45_7_fu_216    |    0    |    8    |
|----------|-----------------------------|---------|---------|
|          | data_28_val_read_read_fu_32 |    0    |    0    |
|          | data_21_val_read_read_fu_38 |    0    |    0    |
|          | data_17_val_read_read_fu_44 |    0    |    0    |
|   read   | data_13_val_read_read_fu_50 |    0    |    0    |
|          | data_12_val_read_read_fu_56 |    0    |    0    |
|          | data_11_val_read_read_fu_62 |    0    |    0    |
|          |  data_5_val_read_read_fu_68 |    0    |    0    |
|          |  data_0_val_read_read_fu_74 |    0    |    0    |
|----------|-----------------------------|---------|---------|
|          |       trunc_ln46_fu_86      |    0    |    0    |
|          |     trunc_ln46_1_fu_104     |    0    |    0    |
|          |     trunc_ln46_2_fu_122     |    0    |    0    |
|   trunc  |     trunc_ln46_3_fu_140     |    0    |    0    |
|          |     trunc_ln46_4_fu_158     |    0    |    0    |
|          |     trunc_ln46_5_fu_176     |    0    |    0    |
|          |     trunc_ln46_6_fu_194     |    0    |    0    |
|          |     trunc_ln46_7_fu_212     |    0    |    0    |
|----------|-----------------------------|---------|---------|
|          |        newret_fu_224        |    0    |    0    |
|          |        newret2_fu_230       |    0    |    0    |
|          |        newret4_fu_236       |    0    |    0    |
|insertvalue|        newret6_fu_242       |    0    |    0    |
|          |        newret8_fu_248       |    0    |    0    |
|          |        newret1_fu_254       |    0    |    0    |
|          |        newret3_fu_260       |    0    |    0    |
|          |        newret5_fu_266       |    0    |    0    |
|----------|-----------------------------|---------|---------|
|   Total  |                             |    0    |   216   |
|----------|-----------------------------|---------|---------|

Memories:
N/A

* Register list:
N/A

* Multiplexer (MUX) list: 
|--------|------|------|------|--------|
|  Comp  |  Pin | Size |  BW  | S x BW |
|--------|------|------|------|--------|
|  Total |      |      |      |    0   |
|--------|------|------|------|--------|



* Summary:
+-----------+--------+--------+
|           |   FF   |   LUT  |
+-----------+--------+--------+
|  Function |    0   |   216  |
|   Memory  |    -   |    -   |
|Multiplexer|    -   |    -   |
|  Register |    -   |    -   |
+-----------+--------+--------+
|   Total   |    0   |   216  |
+-----------+--------+--------+
