

================================================================
== Vitis HLS Report for 'relu_ap_fixed_11_8_5_3_0_ap_ufixed_10_7_5_3_0_ReLU_config6_s'
================================================================
* Date:           Wed Feb 26 01:36:43 2025

* Version:        2024.1 (Build 5069499 on May 21 2024)
* Project:        myproject_prj
* Solution:       solution1 (Vivado IP Flow Target)
* Product family: virtexuplusHBM
* Target device:  xcu50-fsvh2104-2-e


================================================================
== Performance Estimates
================================================================
+ Timing: 
    * Summary: 
    +--------+---------+----------+------------+
    |  Clock |  Target | Estimated| Uncertainty|
    +--------+---------+----------+------------+
    |ap_clk  |  5.00 ns|  1.038 ns|     1.35 ns|
    +--------+---------+----------+------------+

+ Latency: 
    * Summary: 
    +---------+---------+----------+----------+-----+-----+---------+
    |  Latency (cycles) |  Latency (absolute) |  Interval | Pipeline|
    |   min   |   max   |    min   |    max   | min | max |   Type  |
    +---------+---------+----------+----------+-----+-----+---------+
    |        0|        0|      0 ns|      0 ns|    1|    1|      yes|
    +---------+---------+----------+----------+-----+-----+---------+

    + Detail: 
        * Instance: 
        N/A

        * Loop: 
        N/A

============================================================
+ Verbose Summary: Synthesis Manager
============================================================
InlineROM: 1
ExposeGlobal: 0
============================================================
+ Verbose Summary: CDFG Model
============================================================
IsTopModel: 0
ResetActiveHigh: 1
IsCombinational: 0
IsDatapathOnly: 0
HasWiredReturn: 1
HasMFsm: 2
HasVarLatency: 0
IsPipeline: 1
IsRtlPipelined: 0
IsInstanceOverlapped: 0
IsDontTouch: 0
HasImplIP: 0
IsGatedGlobalClock: 0

+ Individual pipeline summary: 
  * Pipeline-0: initiation interval (II) = 1, depth = 1


============================================================
+ Verbose Summary: Schedule
============================================================
* Number of FSM states : 1
* Pipeline : 1
  Pipeline-0 : II = 1, D = 1, States = { 1 }
* Dataflow Pipeline: 0

* FSM state transitions: 
1 --> 

* FSM state operations: 

State 1 <SV = 0> <Delay = 1.03>
ST_1 : Operation 2 [1/1] (0.00ns)   --->   "%specpipeline_ln42 = specpipeline void @_ssdm_op_SpecPipeline, i32 4294967295, i32 0, i32 0, i32 0, void @empty_0" [firmware/nnet_utils/nnet_activation.h:42]   --->   Operation 2 'specpipeline' 'specpipeline_ln42' <Predicate = true> <Delay = 0.00>
ST_1 : Operation 3 [1/1] (0.00ns)   --->   "%data_63_val_read = read i11 @_ssdm_op_Read.ap_auto.i11, i11 %data_63_val" [firmware/nnet_utils/nnet_activation.h:42]   --->   Operation 3 'read' 'data_63_val_read' <Predicate = true> <Delay = 0.00>
ST_1 : Operation 4 [1/1] (0.00ns)   --->   "%data_59_val_read = read i11 @_ssdm_op_Read.ap_auto.i11, i11 %data_59_val" [firmware/nnet_utils/nnet_activation.h:42]   --->   Operation 4 'read' 'data_59_val_read' <Predicate = true> <Delay = 0.00>
ST_1 : Operation 5 [1/1] (0.00ns)   --->   "%data_55_val_read = read i11 @_ssdm_op_Read.ap_auto.i11, i11 %data_55_val" [firmware/nnet_utils/nnet_activation.h:42]   --->   Operation 5 'read' 'data_55_val_read' <Predicate = true> <Delay = 0.00>
ST_1 : Operation 6 [1/1] (0.00ns)   --->   "%data_49_val_read = read i11 @_ssdm_op_Read.ap_auto.i11, i11 %data_49_val" [firmware/nnet_utils/nnet_activation.h:42]   --->   Operation 6 'read' 'data_49_val_read' <Predicate = true> <Delay = 0.00>
ST_1 : Operation 7 [1/1] (0.00ns)   --->   "%data_22_val_read = read i11 @_ssdm_op_Read.ap_auto.i11, i11 %data_22_val" [firmware/nnet_utils/nnet_activation.h:42]   --->   Operation 7 'read' 'data_22_val_read' <Predicate = true> <Delay = 0.00>
ST_1 : Operation 8 [1/1] (0.00ns)   --->   "%data_7_val_read = read i11 @_ssdm_op_Read.ap_auto.i11, i11 %data_7_val" [firmware/nnet_utils/nnet_activation.h:42]   --->   Operation 8 'read' 'data_7_val_read' <Predicate = true> <Delay = 0.00>
ST_1 : Operation 9 [1/1] (0.00ns)   --->   "%data_6_val_read = read i11 @_ssdm_op_Read.ap_auto.i11, i11 %data_6_val" [firmware/nnet_utils/nnet_activation.h:42]   --->   Operation 9 'read' 'data_6_val_read' <Predicate = true> <Delay = 0.00>
ST_1 : Operation 10 [1/1] (0.00ns)   --->   "%data_1_val_read = read i11 @_ssdm_op_Read.ap_auto.i11, i11 %data_1_val" [firmware/nnet_utils/nnet_activation.h:42]   --->   Operation 10 'read' 'data_1_val_read' <Predicate = true> <Delay = 0.00>
ST_1 : Operation 11 [1/1] (0.00ns)   --->   "%data_0_val_read = read i11 @_ssdm_op_Read.ap_auto.i11, i11 %data_0_val" [firmware/nnet_utils/nnet_activation.h:42]   --->   Operation 11 'read' 'data_0_val_read' <Predicate = true> <Delay = 0.00>
ST_1 : Operation 12 [1/1] (0.73ns)   --->   "%icmp_ln45 = icmp_sgt  i11 %data_0_val_read, i11 0" [firmware/nnet_utils/nnet_activation.h:45]   --->   Operation 12 'icmp' 'icmp_ln45' <Predicate = true> <Delay = 0.73> <CoreInst = "Cmp">   --->   Core 9 'Cmp' <Latency = 0> <II = 1> <Delay = 0.73> <FuncUnit> <Opcode : 'seteq' 'setne' 'setle' 'setge' 'setlt' 'setgt'> <InPorts = 2> <OutPorts = 1>
ST_1 : Operation 13 [1/1] (0.00ns)   --->   "%trunc_ln46 = trunc i11 %data_0_val_read" [firmware/nnet_utils/nnet_activation.h:46]   --->   Operation 13 'trunc' 'trunc_ln46' <Predicate = (icmp_ln45)> <Delay = 0.00>
ST_1 : Operation 14 [1/1] (0.30ns)   --->   "%select_ln45 = select i1 %icmp_ln45, i10 %trunc_ln46, i10 0" [firmware/nnet_utils/nnet_activation.h:45]   --->   Operation 14 'select' 'select_ln45' <Predicate = true> <Delay = 0.30> <CoreInst = "Sel">   --->   Core 73 'Sel' <Latency = 0> <II = 1> <Delay = 0.30> <FuncUnit> <Opcode : 'select'> <InPorts = 3> <OutPorts = 1>
ST_1 : Operation 15 [1/1] (0.73ns)   --->   "%icmp_ln45_11 = icmp_sgt  i11 %data_1_val_read, i11 0" [firmware/nnet_utils/nnet_activation.h:45]   --->   Operation 15 'icmp' 'icmp_ln45_11' <Predicate = true> <Delay = 0.73> <CoreInst = "Cmp">   --->   Core 9 'Cmp' <Latency = 0> <II = 1> <Delay = 0.73> <FuncUnit> <Opcode : 'seteq' 'setne' 'setle' 'setge' 'setlt' 'setgt'> <InPorts = 2> <OutPorts = 1>
ST_1 : Operation 16 [1/1] (0.00ns)   --->   "%trunc_ln46_11 = trunc i11 %data_1_val_read" [firmware/nnet_utils/nnet_activation.h:46]   --->   Operation 16 'trunc' 'trunc_ln46_11' <Predicate = (icmp_ln45_11)> <Delay = 0.00>
ST_1 : Operation 17 [1/1] (0.30ns)   --->   "%select_ln45_11 = select i1 %icmp_ln45_11, i10 %trunc_ln46_11, i10 0" [firmware/nnet_utils/nnet_activation.h:45]   --->   Operation 17 'select' 'select_ln45_11' <Predicate = true> <Delay = 0.30> <CoreInst = "Sel">   --->   Core 73 'Sel' <Latency = 0> <II = 1> <Delay = 0.30> <FuncUnit> <Opcode : 'select'> <InPorts = 3> <OutPorts = 1>
ST_1 : Operation 18 [1/1] (0.73ns)   --->   "%icmp_ln45_12 = icmp_sgt  i11 %data_6_val_read, i11 0" [firmware/nnet_utils/nnet_activation.h:45]   --->   Operation 18 'icmp' 'icmp_ln45_12' <Predicate = true> <Delay = 0.73> <CoreInst = "Cmp">   --->   Core 9 'Cmp' <Latency = 0> <II = 1> <Delay = 0.73> <FuncUnit> <Opcode : 'seteq' 'setne' 'setle' 'setge' 'setlt' 'setgt'> <InPorts = 2> <OutPorts = 1>
ST_1 : Operation 19 [1/1] (0.00ns)   --->   "%trunc_ln46_12 = trunc i11 %data_6_val_read" [firmware/nnet_utils/nnet_activation.h:46]   --->   Operation 19 'trunc' 'trunc_ln46_12' <Predicate = (icmp_ln45_12)> <Delay = 0.00>
ST_1 : Operation 20 [1/1] (0.30ns)   --->   "%select_ln45_12 = select i1 %icmp_ln45_12, i10 %trunc_ln46_12, i10 0" [firmware/nnet_utils/nnet_activation.h:45]   --->   Operation 20 'select' 'select_ln45_12' <Predicate = true> <Delay = 0.30> <CoreInst = "Sel">   --->   Core 73 'Sel' <Latency = 0> <II = 1> <Delay = 0.30> <FuncUnit> <Opcode : 'select'> <InPorts = 3> <OutPorts = 1>
ST_1 : Operation 21 [1/1] (0.73ns)   --->   "%icmp_ln45_13 = icmp_sgt  i11 %data_7_val_read, i11 0" [firmware/nnet_utils/nnet_activation.h:45]   --->   Operation 21 'icmp' 'icmp_ln45_13' <Predicate = true> <Delay = 0.73> <CoreInst = "Cmp">   --->   Core 9 'Cmp' <Latency = 0> <II = 1> <Delay = 0.73> <FuncUnit> <Opcode : 'seteq' 'setne' 'setle' 'setge' 'setlt' 'setgt'> <InPorts = 2> <OutPorts = 1>
ST_1 : Operation 22 [1/1] (0.00ns)   --->   "%trunc_ln46_13 = trunc i11 %data_7_val_read" [firmware/nnet_utils/nnet_activation.h:46]   --->   Operation 22 'trunc' 'trunc_ln46_13' <Predicate = (icmp_ln45_13)> <Delay = 0.00>
ST_1 : Operation 23 [1/1] (0.30ns)   --->   "%select_ln45_13 = select i1 %icmp_ln45_13, i10 %trunc_ln46_13, i10 0" [firmware/nnet_utils/nnet_activation.h:45]   --->   Operation 23 'select' 'select_ln45_13' <Predicate = true> <Delay = 0.30> <CoreInst = "Sel">   --->   Core 73 'Sel' <Latency = 0> <II = 1> <Delay = 0.30> <FuncUnit> <Opcode : 'select'> <InPorts = 3> <OutPorts = 1>
ST_1 : Operation 24 [1/1] (0.73ns)   --->   "%icmp_ln45_14 = icmp_sgt  i11 %data_22_val_read, i11 0" [firmware/nnet_utils/nnet_activation.h:45]   --->   Operation 24 'icmp' 'icmp_ln45_14' <Predicate = true> <Delay = 0.73> <CoreInst = "Cmp">   --->   Core 9 'Cmp' <Latency = 0> <II = 1> <Delay = 0.73> <FuncUnit> <Opcode : 'seteq' 'setne' 'setle' 'setge' 'setlt' 'setgt'> <InPorts = 2> <OutPorts = 1>
ST_1 : Operation 25 [1/1] (0.00ns)   --->   "%trunc_ln46_14 = trunc i11 %data_22_val_read" [firmware/nnet_utils/nnet_activation.h:46]   --->   Operation 25 'trunc' 'trunc_ln46_14' <Predicate = (icmp_ln45_14)> <Delay = 0.00>
ST_1 : Operation 26 [1/1] (0.30ns)   --->   "%select_ln45_14 = select i1 %icmp_ln45_14, i10 %trunc_ln46_14, i10 0" [firmware/nnet_utils/nnet_activation.h:45]   --->   Operation 26 'select' 'select_ln45_14' <Predicate = true> <Delay = 0.30> <CoreInst = "Sel">   --->   Core 73 'Sel' <Latency = 0> <II = 1> <Delay = 0.30> <FuncUnit> <Opcode : 'select'> <InPorts = 3> <OutPorts = 1>
ST_1 : Operation 27 [1/1] (0.73ns)   --->   "%icmp_ln45_15 = icmp_sgt  i11 %data_49_val_read, i11 0" [firmware/nnet_utils/nnet_activation.h:45]   --->   Operation 27 'icmp' 'icmp_ln45_15' <Predicate = true> <Delay = 0.73> <CoreInst = "Cmp">   --->   Core 9 'Cmp' <Latency = 0> <II = 1> <Delay = 0.73> <FuncUnit> <Opcode : 'seteq' 'setne' 'setle' 'setge' 'setlt' 'setgt'> <InPorts = 2> <OutPorts = 1>
ST_1 : Operation 28 [1/1] (0.00ns)   --->   "%trunc_ln46_15 = trunc i11 %data_49_val_read" [firmware/nnet_utils/nnet_activation.h:46]   --->   Operation 28 'trunc' 'trunc_ln46_15' <Predicate = (icmp_ln45_15)> <Delay = 0.00>
ST_1 : Operation 29 [1/1] (0.30ns)   --->   "%select_ln45_15 = select i1 %icmp_ln45_15, i10 %trunc_ln46_15, i10 0" [firmware/nnet_utils/nnet_activation.h:45]   --->   Operation 29 'select' 'select_ln45_15' <Predicate = true> <Delay = 0.30> <CoreInst = "Sel">   --->   Core 73 'Sel' <Latency = 0> <II = 1> <Delay = 0.30> <FuncUnit> <Opcode : 'select'> <InPorts = 3> <OutPorts = 1>
ST_1 : Operation 30 [1/1] (0.73ns)   --->   "%icmp_ln45_16 = icmp_sgt  i11 %data_55_val_read, i11 0" [firmware/nnet_utils/nnet_activation.h:45]   --->   Operation 30 'icmp' 'icmp_ln45_16' <Predicate = true> <Delay = 0.73> <CoreInst = "Cmp">   --->   Core 9 'Cmp' <Latency = 0> <II = 1> <Delay = 0.73> <FuncUnit> <Opcode : 'seteq' 'setne' 'setle' 'setge' 'setlt' 'setgt'> <InPorts = 2> <OutPorts = 1>
ST_1 : Operation 31 [1/1] (0.00ns)   --->   "%trunc_ln46_16 = trunc i11 %data_55_val_read" [firmware/nnet_utils/nnet_activation.h:46]   --->   Operation 31 'trunc' 'trunc_ln46_16' <Predicate = (icmp_ln45_16)> <Delay = 0.00>
ST_1 : Operation 32 [1/1] (0.30ns)   --->   "%select_ln45_16 = select i1 %icmp_ln45_16, i10 %trunc_ln46_16, i10 0" [firmware/nnet_utils/nnet_activation.h:45]   --->   Operation 32 'select' 'select_ln45_16' <Predicate = true> <Delay = 0.30> <CoreInst = "Sel">   --->   Core 73 'Sel' <Latency = 0> <II = 1> <Delay = 0.30> <FuncUnit> <Opcode : 'select'> <InPorts = 3> <OutPorts = 1>
ST_1 : Operation 33 [1/1] (0.73ns)   --->   "%icmp_ln45_17 = icmp_sgt  i11 %data_59_val_read, i11 0" [firmware/nnet_utils/nnet_activation.h:45]   --->   Operation 33 'icmp' 'icmp_ln45_17' <Predicate = true> <Delay = 0.73> <CoreInst = "Cmp">   --->   Core 9 'Cmp' <Latency = 0> <II = 1> <Delay = 0.73> <FuncUnit> <Opcode : 'seteq' 'setne' 'setle' 'setge' 'setlt' 'setgt'> <InPorts = 2> <OutPorts = 1>
ST_1 : Operation 34 [1/1] (0.00ns)   --->   "%trunc_ln46_17 = trunc i11 %data_59_val_read" [firmware/nnet_utils/nnet_activation.h:46]   --->   Operation 34 'trunc' 'trunc_ln46_17' <Predicate = (icmp_ln45_17)> <Delay = 0.00>
ST_1 : Operation 35 [1/1] (0.30ns)   --->   "%select_ln45_17 = select i1 %icmp_ln45_17, i10 %trunc_ln46_17, i10 0" [firmware/nnet_utils/nnet_activation.h:45]   --->   Operation 35 'select' 'select_ln45_17' <Predicate = true> <Delay = 0.30> <CoreInst = "Sel">   --->   Core 73 'Sel' <Latency = 0> <II = 1> <Delay = 0.30> <FuncUnit> <Opcode : 'select'> <InPorts = 3> <OutPorts = 1>
ST_1 : Operation 36 [1/1] (0.73ns)   --->   "%icmp_ln45_18 = icmp_sgt  i11 %data_63_val_read, i11 0" [firmware/nnet_utils/nnet_activation.h:45]   --->   Operation 36 'icmp' 'icmp_ln45_18' <Predicate = true> <Delay = 0.73> <CoreInst = "Cmp">   --->   Core 9 'Cmp' <Latency = 0> <II = 1> <Delay = 0.73> <FuncUnit> <Opcode : 'seteq' 'setne' 'setle' 'setge' 'setlt' 'setgt'> <InPorts = 2> <OutPorts = 1>
ST_1 : Operation 37 [1/1] (0.00ns)   --->   "%trunc_ln46_18 = trunc i11 %data_63_val_read" [firmware/nnet_utils/nnet_activation.h:46]   --->   Operation 37 'trunc' 'trunc_ln46_18' <Predicate = (icmp_ln45_18)> <Delay = 0.00>
ST_1 : Operation 38 [1/1] (0.30ns)   --->   "%select_ln45_18 = select i1 %icmp_ln45_18, i10 %trunc_ln46_18, i10 0" [firmware/nnet_utils/nnet_activation.h:45]   --->   Operation 38 'select' 'select_ln45_18' <Predicate = true> <Delay = 0.30> <CoreInst = "Sel">   --->   Core 73 'Sel' <Latency = 0> <II = 1> <Delay = 0.30> <FuncUnit> <Opcode : 'select'> <InPorts = 3> <OutPorts = 1>
ST_1 : Operation 39 [1/1] (0.00ns)   --->   "%newret = insertvalue i90 <undef>, i10 %select_ln45" [firmware/nnet_utils/nnet_activation.h:45]   --->   Operation 39 'insertvalue' 'newret' <Predicate = true> <Delay = 0.00>
ST_1 : Operation 40 [1/1] (0.00ns)   --->   "%newret2 = insertvalue i90 %newret, i10 %select_ln45_11" [firmware/nnet_utils/nnet_activation.h:45]   --->   Operation 40 'insertvalue' 'newret2' <Predicate = true> <Delay = 0.00>
ST_1 : Operation 41 [1/1] (0.00ns)   --->   "%newret4 = insertvalue i90 %newret2, i10 %select_ln45_12" [firmware/nnet_utils/nnet_activation.h:45]   --->   Operation 41 'insertvalue' 'newret4' <Predicate = true> <Delay = 0.00>
ST_1 : Operation 42 [1/1] (0.00ns)   --->   "%newret6 = insertvalue i90 %newret4, i10 %select_ln45_13" [firmware/nnet_utils/nnet_activation.h:45]   --->   Operation 42 'insertvalue' 'newret6' <Predicate = true> <Delay = 0.00>
ST_1 : Operation 43 [1/1] (0.00ns)   --->   "%newret8 = insertvalue i90 %newret6, i10 %select_ln45_14" [firmware/nnet_utils/nnet_activation.h:45]   --->   Operation 43 'insertvalue' 'newret8' <Predicate = true> <Delay = 0.00>
ST_1 : Operation 44 [1/1] (0.00ns)   --->   "%newret7 = insertvalue i90 %newret8, i10 %select_ln45_15" [firmware/nnet_utils/nnet_activation.h:45]   --->   Operation 44 'insertvalue' 'newret7' <Predicate = true> <Delay = 0.00>
ST_1 : Operation 45 [1/1] (0.00ns)   --->   "%newret9 = insertvalue i90 %newret7, i10 %select_ln45_16" [firmware/nnet_utils/nnet_activation.h:45]   --->   Operation 45 'insertvalue' 'newret9' <Predicate = true> <Delay = 0.00>
ST_1 : Operation 46 [1/1] (0.00ns)   --->   "%newret1 = insertvalue i90 %newret9, i10 %select_ln45_17" [firmware/nnet_utils/nnet_activation.h:45]   --->   Operation 46 'insertvalue' 'newret1' <Predicate = true> <Delay = 0.00>
ST_1 : Operation 47 [1/1] (0.00ns)   --->   "%newret3 = insertvalue i90 %newret1, i10 %select_ln45_18" [firmware/nnet_utils/nnet_activation.h:45]   --->   Operation 47 'insertvalue' 'newret3' <Predicate = true> <Delay = 0.00>
ST_1 : Operation 48 [1/1] (0.00ns)   --->   "%ret_ln45 = ret i90 %newret3" [firmware/nnet_utils/nnet_activation.h:45]   --->   Operation 48 'ret' 'ret_ln45' <Predicate = true> <Delay = 0.00>


============================================================
+ Verbose Summary: Binding
============================================================
STG Binding: 
---------------- STG Properties BEGIN ----------------
- Is combinational: 1
- Is one-state seq: 0
- Is datapath-only: 0
- Is pipelined: 1
- Is top level: 0
Port [ Return ] is wired: 1; IO mode=ap_ctrl_hs:ce=0
Port [ data_0_val]:  wired=1; compound=0; hidden=0; nouse=0; global=0; static=0; extern=0; dir=0; type=0; pingpong=0; private_global=0; IO mode=ap_none:ce=0
Port [ data_1_val]:  wired=1; compound=0; hidden=0; nouse=0; global=0; static=0; extern=0; dir=0; type=0; pingpong=0; private_global=0; IO mode=ap_none:ce=0
Port [ data_6_val]:  wired=1; compound=0; hidden=0; nouse=0; global=0; static=0; extern=0; dir=0; type=0; pingpong=0; private_global=0; IO mode=ap_none:ce=0
Port [ data_7_val]:  wired=1; compound=0; hidden=0; nouse=0; global=0; static=0; extern=0; dir=0; type=0; pingpong=0; private_global=0; IO mode=ap_none:ce=0
Port [ data_22_val]:  wired=1; compound=0; hidden=0; nouse=0; global=0; static=0; extern=0; dir=0; type=0; pingpong=0; private_global=0; IO mode=ap_none:ce=0
Port [ data_49_val]:  wired=1; compound=0; hidden=0; nouse=0; global=0; static=0; extern=0; dir=0; type=0; pingpong=0; private_global=0; IO mode=ap_none:ce=0
Port [ data_55_val]:  wired=1; compound=0; hidden=0; nouse=0; global=0; static=0; extern=0; dir=0; type=0; pingpong=0; private_global=0; IO mode=ap_none:ce=0
Port [ data_59_val]:  wired=1; compound=0; hidden=0; nouse=0; global=0; static=0; extern=0; dir=0; type=0; pingpong=0; private_global=0; IO mode=ap_none:ce=0
Port [ data_63_val]:  wired=1; compound=0; hidden=0; nouse=0; global=0; static=0; extern=0; dir=0; type=0; pingpong=0; private_global=0; IO mode=ap_none:ce=0
---------------- STG Properties END ------------------

---------------- Datapath Model BEGIN ----------------

<LifeTime>
<method=bitvector/>
specpipeline_ln42 (specpipeline) [ 00]
data_63_val_read  (read        ) [ 00]
data_59_val_read  (read        ) [ 00]
data_55_val_read  (read        ) [ 00]
data_49_val_read  (read        ) [ 00]
data_22_val_read  (read        ) [ 00]
data_7_val_read   (read        ) [ 00]
data_6_val_read   (read        ) [ 00]
data_1_val_read   (read        ) [ 00]
data_0_val_read   (read        ) [ 00]
icmp_ln45         (icmp        ) [ 01]
trunc_ln46        (trunc       ) [ 00]
select_ln45       (select      ) [ 00]
icmp_ln45_11      (icmp        ) [ 01]
trunc_ln46_11     (trunc       ) [ 00]
select_ln45_11    (select      ) [ 00]
icmp_ln45_12      (icmp        ) [ 01]
trunc_ln46_12     (trunc       ) [ 00]
select_ln45_12    (select      ) [ 00]
icmp_ln45_13      (icmp        ) [ 01]
trunc_ln46_13     (trunc       ) [ 00]
select_ln45_13    (select      ) [ 00]
icmp_ln45_14      (icmp        ) [ 01]
trunc_ln46_14     (trunc       ) [ 00]
select_ln45_14    (select      ) [ 00]
icmp_ln45_15      (icmp        ) [ 01]
trunc_ln46_15     (trunc       ) [ 00]
select_ln45_15    (select      ) [ 00]
icmp_ln45_16      (icmp        ) [ 01]
trunc_ln46_16     (trunc       ) [ 00]
select_ln45_16    (select      ) [ 00]
icmp_ln45_17      (icmp        ) [ 01]
trunc_ln46_17     (trunc       ) [ 00]
select_ln45_17    (select      ) [ 00]
icmp_ln45_18      (icmp        ) [ 01]
trunc_ln46_18     (trunc       ) [ 00]
select_ln45_18    (select      ) [ 00]
newret            (insertvalue ) [ 00]
newret2           (insertvalue ) [ 00]
newret4           (insertvalue ) [ 00]
newret6           (insertvalue ) [ 00]
newret8           (insertvalue ) [ 00]
newret7           (insertvalue ) [ 00]
newret9           (insertvalue ) [ 00]
newret1           (insertvalue ) [ 00]
newret3           (insertvalue ) [ 00]
ret_ln45          (ret         ) [ 00]
</LifeTime>

<model>

<comp_list>
<comp id="0" class="1000" name="data_0_val">
<pin_list>
<pin id="1" dir="1" index="0" bw="1" slack="0"/>
</pin_list>
<bind>
<StgValue><ssdm name="data_0_val"/></StgValue>
</bind>
</comp>

<comp id="2" class="1000" name="data_1_val">
<pin_list>
<pin id="3" dir="1" index="0" bw="1" slack="0"/>
</pin_list>
<bind>
<StgValue><ssdm name="data_1_val"/></StgValue>
</bind>
</comp>

<comp id="4" class="1000" name="data_6_val">
<pin_list>
<pin id="5" dir="1" index="0" bw="1" slack="0"/>
</pin_list>
<bind>
<StgValue><ssdm name="data_6_val"/></StgValue>
</bind>
</comp>

<comp id="6" class="1000" name="data_7_val">
<pin_list>
<pin id="7" dir="1" index="0" bw="1" slack="0"/>
</pin_list>
<bind>
<StgValue><ssdm name="data_7_val"/></StgValue>
</bind>
</comp>

<comp id="8" class="1000" name="data_22_val">
<pin_list>
<pin id="9" dir="1" index="0" bw="1" slack="0"/>
</pin_list>
<bind>
<StgValue><ssdm name="data_22_val"/></StgValue>
</bind>
</comp>

<comp id="10" class="1000" name="data_49_val">
<pin_list>
<pin id="11" dir="1" index="0" bw="1" slack="0"/>
</pin_list>
<bind>
<StgValue><ssdm name="data_49_val"/></StgValue>
</bind>
</comp>

<comp id="12" class="1000" name="data_55_val">
<pin_list>
<pin id="13" dir="1" index="0" bw="1" slack="0"/>
</pin_list>
<bind>
<StgValue><ssdm name="data_55_val"/></StgValue>
</bind>
</comp>

<comp id="14" class="1000" name="data_59_val">
<pin_list>
<pin id="15" dir="1" index="0" bw="1" slack="0"/>
</pin_list>
<bind>
<StgValue><ssdm name="data_59_val"/></StgValue>
</bind>
</comp>

<comp id="16" class="1000" name="data_63_val">
<pin_list>
<pin id="17" dir="1" index="0" bw="1" slack="0"/>
</pin_list>
<bind>
<StgValue><ssdm name="data_63_val"/></StgValue>
</bind>
</comp>

<comp id="18" class="1001" name="const_18">
<pin_list>
<pin id="19" dir="1" index="0" bw="1" slack="2147483647"/>
</pin_list>
<bind>
<StgValue><ssdm name="_ssdm_op_SpecPipeline"/></StgValue>
</bind>
</comp>

<comp id="20" class="1001" name="const_20">
<pin_list>
<pin id="21" dir="1" index="0" bw="1" slack="2147483647"/>
</pin_list>
<bind>
<StgValue><ssdm name=""/></StgValue>
</bind>
</comp>

<comp id="22" class="1001" name="const_22">
<pin_list>
<pin id="23" dir="1" index="0" bw="1" slack="2147483647"/>
</pin_list>
<bind>
<StgValue><ssdm name=""/></StgValue>
</bind>
</comp>

<comp id="24" class="1001" name="const_24">
<pin_list>
<pin id="25" dir="1" index="0" bw="1" slack="2147483647"/>
</pin_list>
<bind>
<StgValue><ssdm name="empty_0"/></StgValue>
</bind>
</comp>

<comp id="26" class="1001" name="const_26">
<pin_list>
<pin id="27" dir="1" index="0" bw="1" slack="0"/>
</pin_list>
<bind>
<StgValue><ssdm name="_ssdm_op_Read.ap_auto.i11"/></StgValue>
</bind>
</comp>

<comp id="28" class="1001" name="const_28">
<pin_list>
<pin id="29" dir="1" index="0" bw="1" slack="0"/>
</pin_list>
<bind>
<StgValue><ssdm name=""/></StgValue>
</bind>
</comp>

<comp id="30" class="1001" name="const_30">
<pin_list>
<pin id="31" dir="1" index="0" bw="1" slack="0"/>
</pin_list>
<bind>
<StgValue><ssdm name=""/></StgValue>
</bind>
</comp>

<comp id="32" class="1001" name="const_32">
<pin_list>
<pin id="33" dir="1" index="0" bw="1" slack="0"/>
</pin_list>
<bind>
<StgValue><ssdm name=""/></StgValue>
</bind>
</comp>

<comp id="34" class="1004" name="data_63_val_read_read_fu_34">
<pin_list>
<pin id="35" dir="0" index="0" bw="11" slack="0"/>
<pin id="36" dir="0" index="1" bw="11" slack="0"/>
<pin id="37" dir="1" index="2" bw="11" slack="0"/>
</pin_list>
<bind>
<opcode="read(1150) " fcode="read"/>
<opset="data_63_val_read/1 "/>
</bind>
</comp>

<comp id="40" class="1004" name="data_59_val_read_read_fu_40">
<pin_list>
<pin id="41" dir="0" index="0" bw="11" slack="0"/>
<pin id="42" dir="0" index="1" bw="11" slack="0"/>
<pin id="43" dir="1" index="2" bw="11" slack="0"/>
</pin_list>
<bind>
<opcode="read(1150) " fcode="read"/>
<opset="data_59_val_read/1 "/>
</bind>
</comp>

<comp id="46" class="1004" name="data_55_val_read_read_fu_46">
<pin_list>
<pin id="47" dir="0" index="0" bw="11" slack="0"/>
<pin id="48" dir="0" index="1" bw="11" slack="0"/>
<pin id="49" dir="1" index="2" bw="11" slack="0"/>
</pin_list>
<bind>
<opcode="read(1150) " fcode="read"/>
<opset="data_55_val_read/1 "/>
</bind>
</comp>

<comp id="52" class="1004" name="data_49_val_read_read_fu_52">
<pin_list>
<pin id="53" dir="0" index="0" bw="11" slack="0"/>
<pin id="54" dir="0" index="1" bw="11" slack="0"/>
<pin id="55" dir="1" index="2" bw="11" slack="0"/>
</pin_list>
<bind>
<opcode="read(1150) " fcode="read"/>
<opset="data_49_val_read/1 "/>
</bind>
</comp>

<comp id="58" class="1004" name="data_22_val_read_read_fu_58">
<pin_list>
<pin id="59" dir="0" index="0" bw="11" slack="0"/>
<pin id="60" dir="0" index="1" bw="11" slack="0"/>
<pin id="61" dir="1" index="2" bw="11" slack="0"/>
</pin_list>
<bind>
<opcode="read(1150) " fcode="read"/>
<opset="data_22_val_read/1 "/>
</bind>
</comp>

<comp id="64" class="1004" name="data_7_val_read_read_fu_64">
<pin_list>
<pin id="65" dir="0" index="0" bw="11" slack="0"/>
<pin id="66" dir="0" index="1" bw="11" slack="0"/>
<pin id="67" dir="1" index="2" bw="11" slack="0"/>
</pin_list>
<bind>
<opcode="read(1150) " fcode="read"/>
<opset="data_7_val_read/1 "/>
</bind>
</comp>

<comp id="70" class="1004" name="data_6_val_read_read_fu_70">
<pin_list>
<pin id="71" dir="0" index="0" bw="11" slack="0"/>
<pin id="72" dir="0" index="1" bw="11" slack="0"/>
<pin id="73" dir="1" index="2" bw="11" slack="0"/>
</pin_list>
<bind>
<opcode="read(1150) " fcode="read"/>
<opset="data_6_val_read/1 "/>
</bind>
</comp>

<comp id="76" class="1004" name="data_1_val_read_read_fu_76">
<pin_list>
<pin id="77" dir="0" index="0" bw="11" slack="0"/>
<pin id="78" dir="0" index="1" bw="11" slack="0"/>
<pin id="79" dir="1" index="2" bw="11" slack="0"/>
</pin_list>
<bind>
<opcode="read(1150) " fcode="read"/>
<opset="data_1_val_read/1 "/>
</bind>
</comp>

<comp id="82" class="1004" name="data_0_val_read_read_fu_82">
<pin_list>
<pin id="83" dir="0" index="0" bw="11" slack="0"/>
<pin id="84" dir="0" index="1" bw="11" slack="0"/>
<pin id="85" dir="1" index="2" bw="11" slack="0"/>
</pin_list>
<bind>
<opcode="read(1150) " fcode="read"/>
<opset="data_0_val_read/1 "/>
</bind>
</comp>

<comp id="88" class="1004" name="icmp_ln45_fu_88">
<pin_list>
<pin id="89" dir="0" index="0" bw="11" slack="0"/>
<pin id="90" dir="0" index="1" bw="1" slack="0"/>
<pin id="91" dir="1" index="2" bw="1" slack="0"/>
</pin_list>
<bind>
<opcode="icmp(45) " fcode="icmp"/>
<opset="icmp_ln45/1 "/>
</bind>
</comp>

<comp id="94" class="1004" name="trunc_ln46_fu_94">
<pin_list>
<pin id="95" dir="0" index="0" bw="11" slack="0"/>
<pin id="96" dir="1" index="1" bw="10" slack="0"/>
</pin_list>
<bind>
<opcode="trunc(33) " fcode="trunc"/>
<opset="trunc_ln46/1 "/>
</bind>
</comp>

<comp id="98" class="1004" name="select_ln45_fu_98">
<pin_list>
<pin id="99" dir="0" index="0" bw="1" slack="0"/>
<pin id="100" dir="0" index="1" bw="10" slack="0"/>
<pin id="101" dir="0" index="2" bw="1" slack="0"/>
<pin id="102" dir="1" index="3" bw="10" slack="0"/>
</pin_list>
<bind>
<opcode="select(49) " fcode="select"/>
<opset="select_ln45/1 "/>
</bind>
</comp>

<comp id="106" class="1004" name="icmp_ln45_11_fu_106">
<pin_list>
<pin id="107" dir="0" index="0" bw="11" slack="0"/>
<pin id="108" dir="0" index="1" bw="1" slack="0"/>
<pin id="109" dir="1" index="2" bw="1" slack="0"/>
</pin_list>
<bind>
<opcode="icmp(45) " fcode="icmp"/>
<opset="icmp_ln45_11/1 "/>
</bind>
</comp>

<comp id="112" class="1004" name="trunc_ln46_11_fu_112">
<pin_list>
<pin id="113" dir="0" index="0" bw="11" slack="0"/>
<pin id="114" dir="1" index="1" bw="10" slack="0"/>
</pin_list>
<bind>
<opcode="trunc(33) " fcode="trunc"/>
<opset="trunc_ln46_11/1 "/>
</bind>
</comp>

<comp id="116" class="1004" name="select_ln45_11_fu_116">
<pin_list>
<pin id="117" dir="0" index="0" bw="1" slack="0"/>
<pin id="118" dir="0" index="1" bw="10" slack="0"/>
<pin id="119" dir="0" index="2" bw="1" slack="0"/>
<pin id="120" dir="1" index="3" bw="10" slack="0"/>
</pin_list>
<bind>
<opcode="select(49) " fcode="select"/>
<opset="select_ln45_11/1 "/>
</bind>
</comp>

<comp id="124" class="1004" name="icmp_ln45_12_fu_124">
<pin_list>
<pin id="125" dir="0" index="0" bw="11" slack="0"/>
<pin id="126" dir="0" index="1" bw="1" slack="0"/>
<pin id="127" dir="1" index="2" bw="1" slack="0"/>
</pin_list>
<bind>
<opcode="icmp(45) " fcode="icmp"/>
<opset="icmp_ln45_12/1 "/>
</bind>
</comp>

<comp id="130" class="1004" name="trunc_ln46_12_fu_130">
<pin_list>
<pin id="131" dir="0" index="0" bw="11" slack="0"/>
<pin id="132" dir="1" index="1" bw="10" slack="0"/>
</pin_list>
<bind>
<opcode="trunc(33) " fcode="trunc"/>
<opset="trunc_ln46_12/1 "/>
</bind>
</comp>

<comp id="134" class="1004" name="select_ln45_12_fu_134">
<pin_list>
<pin id="135" dir="0" index="0" bw="1" slack="0"/>
<pin id="136" dir="0" index="1" bw="10" slack="0"/>
<pin id="137" dir="0" index="2" bw="1" slack="0"/>
<pin id="138" dir="1" index="3" bw="10" slack="0"/>
</pin_list>
<bind>
<opcode="select(49) " fcode="select"/>
<opset="select_ln45_12/1 "/>
</bind>
</comp>

<comp id="142" class="1004" name="icmp_ln45_13_fu_142">
<pin_list>
<pin id="143" dir="0" index="0" bw="11" slack="0"/>
<pin id="144" dir="0" index="1" bw="1" slack="0"/>
<pin id="145" dir="1" index="2" bw="1" slack="0"/>
</pin_list>
<bind>
<opcode="icmp(45) " fcode="icmp"/>
<opset="icmp_ln45_13/1 "/>
</bind>
</comp>

<comp id="148" class="1004" name="trunc_ln46_13_fu_148">
<pin_list>
<pin id="149" dir="0" index="0" bw="11" slack="0"/>
<pin id="150" dir="1" index="1" bw="10" slack="0"/>
</pin_list>
<bind>
<opcode="trunc(33) " fcode="trunc"/>
<opset="trunc_ln46_13/1 "/>
</bind>
</comp>

<comp id="152" class="1004" name="select_ln45_13_fu_152">
<pin_list>
<pin id="153" dir="0" index="0" bw="1" slack="0"/>
<pin id="154" dir="0" index="1" bw="10" slack="0"/>
<pin id="155" dir="0" index="2" bw="1" slack="0"/>
<pin id="156" dir="1" index="3" bw="10" slack="0"/>
</pin_list>
<bind>
<opcode="select(49) " fcode="select"/>
<opset="select_ln45_13/1 "/>
</bind>
</comp>

<comp id="160" class="1004" name="icmp_ln45_14_fu_160">
<pin_list>
<pin id="161" dir="0" index="0" bw="11" slack="0"/>
<pin id="162" dir="0" index="1" bw="1" slack="0"/>
<pin id="163" dir="1" index="2" bw="1" slack="0"/>
</pin_list>
<bind>
<opcode="icmp(45) " fcode="icmp"/>
<opset="icmp_ln45_14/1 "/>
</bind>
</comp>

<comp id="166" class="1004" name="trunc_ln46_14_fu_166">
<pin_list>
<pin id="167" dir="0" index="0" bw="11" slack="0"/>
<pin id="168" dir="1" index="1" bw="10" slack="0"/>
</pin_list>
<bind>
<opcode="trunc(33) " fcode="trunc"/>
<opset="trunc_ln46_14/1 "/>
</bind>
</comp>

<comp id="170" class="1004" name="select_ln45_14_fu_170">
<pin_list>
<pin id="171" dir="0" index="0" bw="1" slack="0"/>
<pin id="172" dir="0" index="1" bw="10" slack="0"/>
<pin id="173" dir="0" index="2" bw="1" slack="0"/>
<pin id="174" dir="1" index="3" bw="10" slack="0"/>
</pin_list>
<bind>
<opcode="select(49) " fcode="select"/>
<opset="select_ln45_14/1 "/>
</bind>
</comp>

<comp id="178" class="1004" name="icmp_ln45_15_fu_178">
<pin_list>
<pin id="179" dir="0" index="0" bw="11" slack="0"/>
<pin id="180" dir="0" index="1" bw="1" slack="0"/>
<pin id="181" dir="1" index="2" bw="1" slack="0"/>
</pin_list>
<bind>
<opcode="icmp(45) " fcode="icmp"/>
<opset="icmp_ln45_15/1 "/>
</bind>
</comp>

<comp id="184" class="1004" name="trunc_ln46_15_fu_184">
<pin_list>
<pin id="185" dir="0" index="0" bw="11" slack="0"/>
<pin id="186" dir="1" index="1" bw="10" slack="0"/>
</pin_list>
<bind>
<opcode="trunc(33) " fcode="trunc"/>
<opset="trunc_ln46_15/1 "/>
</bind>
</comp>

<comp id="188" class="1004" name="select_ln45_15_fu_188">
<pin_list>
<pin id="189" dir="0" index="0" bw="1" slack="0"/>
<pin id="190" dir="0" index="1" bw="10" slack="0"/>
<pin id="191" dir="0" index="2" bw="1" slack="0"/>
<pin id="192" dir="1" index="3" bw="10" slack="0"/>
</pin_list>
<bind>
<opcode="select(49) " fcode="select"/>
<opset="select_ln45_15/1 "/>
</bind>
</comp>

<comp id="196" class="1004" name="icmp_ln45_16_fu_196">
<pin_list>
<pin id="197" dir="0" index="0" bw="11" slack="0"/>
<pin id="198" dir="0" index="1" bw="1" slack="0"/>
<pin id="199" dir="1" index="2" bw="1" slack="0"/>
</pin_list>
<bind>
<opcode="icmp(45) " fcode="icmp"/>
<opset="icmp_ln45_16/1 "/>
</bind>
</comp>

<comp id="202" class="1004" name="trunc_ln46_16_fu_202">
<pin_list>
<pin id="203" dir="0" index="0" bw="11" slack="0"/>
<pin id="204" dir="1" index="1" bw="10" slack="0"/>
</pin_list>
<bind>
<opcode="trunc(33) " fcode="trunc"/>
<opset="trunc_ln46_16/1 "/>
</bind>
</comp>

<comp id="206" class="1004" name="select_ln45_16_fu_206">
<pin_list>
<pin id="207" dir="0" index="0" bw="1" slack="0"/>
<pin id="208" dir="0" index="1" bw="10" slack="0"/>
<pin id="209" dir="0" index="2" bw="1" slack="0"/>
<pin id="210" dir="1" index="3" bw="10" slack="0"/>
</pin_list>
<bind>
<opcode="select(49) " fcode="select"/>
<opset="select_ln45_16/1 "/>
</bind>
</comp>

<comp id="214" class="1004" name="icmp_ln45_17_fu_214">
<pin_list>
<pin id="215" dir="0" index="0" bw="11" slack="0"/>
<pin id="216" dir="0" index="1" bw="1" slack="0"/>
<pin id="217" dir="1" index="2" bw="1" slack="0"/>
</pin_list>
<bind>
<opcode="icmp(45) " fcode="icmp"/>
<opset="icmp_ln45_17/1 "/>
</bind>
</comp>

<comp id="220" class="1004" name="trunc_ln46_17_fu_220">
<pin_list>
<pin id="221" dir="0" index="0" bw="11" slack="0"/>
<pin id="222" dir="1" index="1" bw="10" slack="0"/>
</pin_list>
<bind>
<opcode="trunc(33) " fcode="trunc"/>
<opset="trunc_ln46_17/1 "/>
</bind>
</comp>

<comp id="224" class="1004" name="select_ln45_17_fu_224">
<pin_list>
<pin id="225" dir="0" index="0" bw="1" slack="0"/>
<pin id="226" dir="0" index="1" bw="10" slack="0"/>
<pin id="227" dir="0" index="2" bw="1" slack="0"/>
<pin id="228" dir="1" index="3" bw="10" slack="0"/>
</pin_list>
<bind>
<opcode="select(49) " fcode="select"/>
<opset="select_ln45_17/1 "/>
</bind>
</comp>

<comp id="232" class="1004" name="icmp_ln45_18_fu_232">
<pin_list>
<pin id="233" dir="0" index="0" bw="11" slack="0"/>
<pin id="234" dir="0" index="1" bw="1" slack="0"/>
<pin id="235" dir="1" index="2" bw="1" slack="0"/>
</pin_list>
<bind>
<opcode="icmp(45) " fcode="icmp"/>
<opset="icmp_ln45_18/1 "/>
</bind>
</comp>

<comp id="238" class="1004" name="trunc_ln46_18_fu_238">
<pin_list>
<pin id="239" dir="0" index="0" bw="11" slack="0"/>
<pin id="240" dir="1" index="1" bw="10" slack="0"/>
</pin_list>
<bind>
<opcode="trunc(33) " fcode="trunc"/>
<opset="trunc_ln46_18/1 "/>
</bind>
</comp>

<comp id="242" class="1004" name="select_ln45_18_fu_242">
<pin_list>
<pin id="243" dir="0" index="0" bw="1" slack="0"/>
<pin id="244" dir="0" index="1" bw="10" slack="0"/>
<pin id="245" dir="0" index="2" bw="1" slack="0"/>
<pin id="246" dir="1" index="3" bw="10" slack="0"/>
</pin_list>
<bind>
<opcode="select(49) " fcode="select"/>
<opset="select_ln45_18/1 "/>
</bind>
</comp>

<comp id="250" class="1004" name="newret_fu_250">
<pin_list>
<pin id="251" dir="0" index="0" bw="90" slack="0"/>
<pin id="252" dir="0" index="1" bw="10" slack="0"/>
<pin id="253" dir="1" index="2" bw="90" slack="0"/>
</pin_list>
<bind>
<opcode="insertvalue(57) " fcode="insertvalue"/>
<opset="newret/1 "/>
</bind>
</comp>

<comp id="256" class="1004" name="newret2_fu_256">
<pin_list>
<pin id="257" dir="0" index="0" bw="90" slack="0"/>
<pin id="258" dir="0" index="1" bw="10" slack="0"/>
<pin id="259" dir="1" index="2" bw="90" slack="0"/>
</pin_list>
<bind>
<opcode="insertvalue(57) " fcode="insertvalue"/>
<opset="newret2/1 "/>
</bind>
</comp>

<comp id="262" class="1004" name="newret4_fu_262">
<pin_list>
<pin id="263" dir="0" index="0" bw="90" slack="0"/>
<pin id="264" dir="0" index="1" bw="10" slack="0"/>
<pin id="265" dir="1" index="2" bw="90" slack="0"/>
</pin_list>
<bind>
<opcode="insertvalue(57) " fcode="insertvalue"/>
<opset="newret4/1 "/>
</bind>
</comp>

<comp id="268" class="1004" name="newret6_fu_268">
<pin_list>
<pin id="269" dir="0" index="0" bw="90" slack="0"/>
<pin id="270" dir="0" index="1" bw="10" slack="0"/>
<pin id="271" dir="1" index="2" bw="90" slack="0"/>
</pin_list>
<bind>
<opcode="insertvalue(57) " fcode="insertvalue"/>
<opset="newret6/1 "/>
</bind>
</comp>

<comp id="274" class="1004" name="newret8_fu_274">
<pin_list>
<pin id="275" dir="0" index="0" bw="90" slack="0"/>
<pin id="276" dir="0" index="1" bw="10" slack="0"/>
<pin id="277" dir="1" index="2" bw="90" slack="0"/>
</pin_list>
<bind>
<opcode="insertvalue(57) " fcode="insertvalue"/>
<opset="newret8/1 "/>
</bind>
</comp>

<comp id="280" class="1004" name="newret7_fu_280">
<pin_list>
<pin id="281" dir="0" index="0" bw="90" slack="0"/>
<pin id="282" dir="0" index="1" bw="10" slack="0"/>
<pin id="283" dir="1" index="2" bw="90" slack="0"/>
</pin_list>
<bind>
<opcode="insertvalue(57) " fcode="insertvalue"/>
<opset="newret7/1 "/>
</bind>
</comp>

<comp id="286" class="1004" name="newret9_fu_286">
<pin_list>
<pin id="287" dir="0" index="0" bw="90" slack="0"/>
<pin id="288" dir="0" index="1" bw="10" slack="0"/>
<pin id="289" dir="1" index="2" bw="90" slack="0"/>
</pin_list>
<bind>
<opcode="insertvalue(57) " fcode="insertvalue"/>
<opset="newret9/1 "/>
</bind>
</comp>

<comp id="292" class="1004" name="newret1_fu_292">
<pin_list>
<pin id="293" dir="0" index="0" bw="90" slack="0"/>
<pin id="294" dir="0" index="1" bw="10" slack="0"/>
<pin id="295" dir="1" index="2" bw="90" slack="0"/>
</pin_list>
<bind>
<opcode="insertvalue(57) " fcode="insertvalue"/>
<opset="newret1/1 "/>
</bind>
</comp>

<comp id="298" class="1004" name="newret3_fu_298">
<pin_list>
<pin id="299" dir="0" index="0" bw="90" slack="0"/>
<pin id="300" dir="0" index="1" bw="10" slack="0"/>
<pin id="301" dir="1" index="2" bw="90" slack="2147483647"/>
</pin_list>
<bind>
<opcode="insertvalue(57) " fcode="insertvalue"/>
<opset="newret3/1 "/>
</bind>
</comp>

</comp_list>

<net_list>
<net id="38"><net_src comp="26" pin="0"/><net_sink comp="34" pin=0"/></net>

<net id="39"><net_src comp="16" pin="0"/><net_sink comp="34" pin=1"/></net>

<net id="44"><net_src comp="26" pin="0"/><net_sink comp="40" pin=0"/></net>

<net id="45"><net_src comp="14" pin="0"/><net_sink comp="40" pin=1"/></net>

<net id="50"><net_src comp="26" pin="0"/><net_sink comp="46" pin=0"/></net>

<net id="51"><net_src comp="12" pin="0"/><net_sink comp="46" pin=1"/></net>

<net id="56"><net_src comp="26" pin="0"/><net_sink comp="52" pin=0"/></net>

<net id="57"><net_src comp="10" pin="0"/><net_sink comp="52" pin=1"/></net>

<net id="62"><net_src comp="26" pin="0"/><net_sink comp="58" pin=0"/></net>

<net id="63"><net_src comp="8" pin="0"/><net_sink comp="58" pin=1"/></net>

<net id="68"><net_src comp="26" pin="0"/><net_sink comp="64" pin=0"/></net>

<net id="69"><net_src comp="6" pin="0"/><net_sink comp="64" pin=1"/></net>

<net id="74"><net_src comp="26" pin="0"/><net_sink comp="70" pin=0"/></net>

<net id="75"><net_src comp="4" pin="0"/><net_sink comp="70" pin=1"/></net>

<net id="80"><net_src comp="26" pin="0"/><net_sink comp="76" pin=0"/></net>

<net id="81"><net_src comp="2" pin="0"/><net_sink comp="76" pin=1"/></net>

<net id="86"><net_src comp="26" pin="0"/><net_sink comp="82" pin=0"/></net>

<net id="87"><net_src comp="0" pin="0"/><net_sink comp="82" pin=1"/></net>

<net id="92"><net_src comp="82" pin="2"/><net_sink comp="88" pin=0"/></net>

<net id="93"><net_src comp="28" pin="0"/><net_sink comp="88" pin=1"/></net>

<net id="97"><net_src comp="82" pin="2"/><net_sink comp="94" pin=0"/></net>

<net id="103"><net_src comp="88" pin="2"/><net_sink comp="98" pin=0"/></net>

<net id="104"><net_src comp="94" pin="1"/><net_sink comp="98" pin=1"/></net>

<net id="105"><net_src comp="30" pin="0"/><net_sink comp="98" pin=2"/></net>

<net id="110"><net_src comp="76" pin="2"/><net_sink comp="106" pin=0"/></net>

<net id="111"><net_src comp="28" pin="0"/><net_sink comp="106" pin=1"/></net>

<net id="115"><net_src comp="76" pin="2"/><net_sink comp="112" pin=0"/></net>

<net id="121"><net_src comp="106" pin="2"/><net_sink comp="116" pin=0"/></net>

<net id="122"><net_src comp="112" pin="1"/><net_sink comp="116" pin=1"/></net>

<net id="123"><net_src comp="30" pin="0"/><net_sink comp="116" pin=2"/></net>

<net id="128"><net_src comp="70" pin="2"/><net_sink comp="124" pin=0"/></net>

<net id="129"><net_src comp="28" pin="0"/><net_sink comp="124" pin=1"/></net>

<net id="133"><net_src comp="70" pin="2"/><net_sink comp="130" pin=0"/></net>

<net id="139"><net_src comp="124" pin="2"/><net_sink comp="134" pin=0"/></net>

<net id="140"><net_src comp="130" pin="1"/><net_sink comp="134" pin=1"/></net>

<net id="141"><net_src comp="30" pin="0"/><net_sink comp="134" pin=2"/></net>

<net id="146"><net_src comp="64" pin="2"/><net_sink comp="142" pin=0"/></net>

<net id="147"><net_src comp="28" pin="0"/><net_sink comp="142" pin=1"/></net>

<net id="151"><net_src comp="64" pin="2"/><net_sink comp="148" pin=0"/></net>

<net id="157"><net_src comp="142" pin="2"/><net_sink comp="152" pin=0"/></net>

<net id="158"><net_src comp="148" pin="1"/><net_sink comp="152" pin=1"/></net>

<net id="159"><net_src comp="30" pin="0"/><net_sink comp="152" pin=2"/></net>

<net id="164"><net_src comp="58" pin="2"/><net_sink comp="160" pin=0"/></net>

<net id="165"><net_src comp="28" pin="0"/><net_sink comp="160" pin=1"/></net>

<net id="169"><net_src comp="58" pin="2"/><net_sink comp="166" pin=0"/></net>

<net id="175"><net_src comp="160" pin="2"/><net_sink comp="170" pin=0"/></net>

<net id="176"><net_src comp="166" pin="1"/><net_sink comp="170" pin=1"/></net>

<net id="177"><net_src comp="30" pin="0"/><net_sink comp="170" pin=2"/></net>

<net id="182"><net_src comp="52" pin="2"/><net_sink comp="178" pin=0"/></net>

<net id="183"><net_src comp="28" pin="0"/><net_sink comp="178" pin=1"/></net>

<net id="187"><net_src comp="52" pin="2"/><net_sink comp="184" pin=0"/></net>

<net id="193"><net_src comp="178" pin="2"/><net_sink comp="188" pin=0"/></net>

<net id="194"><net_src comp="184" pin="1"/><net_sink comp="188" pin=1"/></net>

<net id="195"><net_src comp="30" pin="0"/><net_sink comp="188" pin=2"/></net>

<net id="200"><net_src comp="46" pin="2"/><net_sink comp="196" pin=0"/></net>

<net id="201"><net_src comp="28" pin="0"/><net_sink comp="196" pin=1"/></net>

<net id="205"><net_src comp="46" pin="2"/><net_sink comp="202" pin=0"/></net>

<net id="211"><net_src comp="196" pin="2"/><net_sink comp="206" pin=0"/></net>

<net id="212"><net_src comp="202" pin="1"/><net_sink comp="206" pin=1"/></net>

<net id="213"><net_src comp="30" pin="0"/><net_sink comp="206" pin=2"/></net>

<net id="218"><net_src comp="40" pin="2"/><net_sink comp="214" pin=0"/></net>

<net id="219"><net_src comp="28" pin="0"/><net_sink comp="214" pin=1"/></net>

<net id="223"><net_src comp="40" pin="2"/><net_sink comp="220" pin=0"/></net>

<net id="229"><net_src comp="214" pin="2"/><net_sink comp="224" pin=0"/></net>

<net id="230"><net_src comp="220" pin="1"/><net_sink comp="224" pin=1"/></net>

<net id="231"><net_src comp="30" pin="0"/><net_sink comp="224" pin=2"/></net>

<net id="236"><net_src comp="34" pin="2"/><net_sink comp="232" pin=0"/></net>

<net id="237"><net_src comp="28" pin="0"/><net_sink comp="232" pin=1"/></net>

<net id="241"><net_src comp="34" pin="2"/><net_sink comp="238" pin=0"/></net>

<net id="247"><net_src comp="232" pin="2"/><net_sink comp="242" pin=0"/></net>

<net id="248"><net_src comp="238" pin="1"/><net_sink comp="242" pin=1"/></net>

<net id="249"><net_src comp="30" pin="0"/><net_sink comp="242" pin=2"/></net>

<net id="254"><net_src comp="32" pin="0"/><net_sink comp="250" pin=0"/></net>

<net id="255"><net_src comp="98" pin="3"/><net_sink comp="250" pin=1"/></net>

<net id="260"><net_src comp="250" pin="2"/><net_sink comp="256" pin=0"/></net>

<net id="261"><net_src comp="116" pin="3"/><net_sink comp="256" pin=1"/></net>

<net id="266"><net_src comp="256" pin="2"/><net_sink comp="262" pin=0"/></net>

<net id="267"><net_src comp="134" pin="3"/><net_sink comp="262" pin=1"/></net>

<net id="272"><net_src comp="262" pin="2"/><net_sink comp="268" pin=0"/></net>

<net id="273"><net_src comp="152" pin="3"/><net_sink comp="268" pin=1"/></net>

<net id="278"><net_src comp="268" pin="2"/><net_sink comp="274" pin=0"/></net>

<net id="279"><net_src comp="170" pin="3"/><net_sink comp="274" pin=1"/></net>

<net id="284"><net_src comp="274" pin="2"/><net_sink comp="280" pin=0"/></net>

<net id="285"><net_src comp="188" pin="3"/><net_sink comp="280" pin=1"/></net>

<net id="290"><net_src comp="280" pin="2"/><net_sink comp="286" pin=0"/></net>

<net id="291"><net_src comp="206" pin="3"/><net_sink comp="286" pin=1"/></net>

<net id="296"><net_src comp="286" pin="2"/><net_sink comp="292" pin=0"/></net>

<net id="297"><net_src comp="224" pin="3"/><net_sink comp="292" pin=1"/></net>

<net id="302"><net_src comp="292" pin="2"/><net_sink comp="298" pin=0"/></net>

<net id="303"><net_src comp="242" pin="3"/><net_sink comp="298" pin=1"/></net>

</net_list>

</model> 
---------------- Datapath Model END ------------------

* FSMD analyzer results:
  - Output states:
 - Input state : 
	Port: relu<ap_fixed<11, 8, 5, 3, 0>, ap_ufixed<10, 7, 5, 3, 0>, ReLU_config6> : data_0_val | {1 }
	Port: relu<ap_fixed<11, 8, 5, 3, 0>, ap_ufixed<10, 7, 5, 3, 0>, ReLU_config6> : data_1_val | {1 }
	Port: relu<ap_fixed<11, 8, 5, 3, 0>, ap_ufixed<10, 7, 5, 3, 0>, ReLU_config6> : data_6_val | {1 }
	Port: relu<ap_fixed<11, 8, 5, 3, 0>, ap_ufixed<10, 7, 5, 3, 0>, ReLU_config6> : data_7_val | {1 }
	Port: relu<ap_fixed<11, 8, 5, 3, 0>, ap_ufixed<10, 7, 5, 3, 0>, ReLU_config6> : data_22_val | {1 }
	Port: relu<ap_fixed<11, 8, 5, 3, 0>, ap_ufixed<10, 7, 5, 3, 0>, ReLU_config6> : data_49_val | {1 }
	Port: relu<ap_fixed<11, 8, 5, 3, 0>, ap_ufixed<10, 7, 5, 3, 0>, ReLU_config6> : data_55_val | {1 }
	Port: relu<ap_fixed<11, 8, 5, 3, 0>, ap_ufixed<10, 7, 5, 3, 0>, ReLU_config6> : data_59_val | {1 }
	Port: relu<ap_fixed<11, 8, 5, 3, 0>, ap_ufixed<10, 7, 5, 3, 0>, ReLU_config6> : data_63_val | {1 }
  - Chain level:
	State 1
		select_ln45 : 1
		select_ln45_11 : 1
		select_ln45_12 : 1
		select_ln45_13 : 1
		select_ln45_14 : 1
		select_ln45_15 : 1
		select_ln45_16 : 1
		select_ln45_17 : 1
		select_ln45_18 : 1
		newret : 2
		newret2 : 3
		newret4 : 4
		newret6 : 5
		newret8 : 6
		newret7 : 7
		newret9 : 8
		newret1 : 9
		newret3 : 10
		ret_ln45 : 11


============================================================
+ Verbose Summary: Datapath Resource usage 
============================================================

* Functional unit list:
|----------|-----------------------------|---------|---------|
| Operation|       Functional Unit       |    FF   |   LUT   |
|----------|-----------------------------|---------|---------|
|          |       icmp_ln45_fu_88       |    0    |    18   |
|          |     icmp_ln45_11_fu_106     |    0    |    18   |
|          |     icmp_ln45_12_fu_124     |    0    |    18   |
|          |     icmp_ln45_13_fu_142     |    0    |    18   |
|   icmp   |     icmp_ln45_14_fu_160     |    0    |    18   |
|          |     icmp_ln45_15_fu_178     |    0    |    18   |
|          |     icmp_ln45_16_fu_196     |    0    |    18   |
|          |     icmp_ln45_17_fu_214     |    0    |    18   |
|          |     icmp_ln45_18_fu_232     |    0    |    18   |
|----------|-----------------------------|---------|---------|
|          |      select_ln45_fu_98      |    0    |    10   |
|          |    select_ln45_11_fu_116    |    0    |    10   |
|          |    select_ln45_12_fu_134    |    0    |    10   |
|          |    select_ln45_13_fu_152    |    0    |    10   |
|  select  |    select_ln45_14_fu_170    |    0    |    10   |
|          |    select_ln45_15_fu_188    |    0    |    10   |
|          |    select_ln45_16_fu_206    |    0    |    10   |
|          |    select_ln45_17_fu_224    |    0    |    10   |
|          |    select_ln45_18_fu_242    |    0    |    10   |
|----------|-----------------------------|---------|---------|
|          | data_63_val_read_read_fu_34 |    0    |    0    |
|          | data_59_val_read_read_fu_40 |    0    |    0    |
|          | data_55_val_read_read_fu_46 |    0    |    0    |
|          | data_49_val_read_read_fu_52 |    0    |    0    |
|   read   | data_22_val_read_read_fu_58 |    0    |    0    |
|          |  data_7_val_read_read_fu_64 |    0    |    0    |
|          |  data_6_val_read_read_fu_70 |    0    |    0    |
|          |  data_1_val_read_read_fu_76 |    0    |    0    |
|          |  data_0_val_read_read_fu_82 |    0    |    0    |
|----------|-----------------------------|---------|---------|
|          |       trunc_ln46_fu_94      |    0    |    0    |
|          |     trunc_ln46_11_fu_112    |    0    |    0    |
|          |     trunc_ln46_12_fu_130    |    0    |    0    |
|          |     trunc_ln46_13_fu_148    |    0    |    0    |
|   trunc  |     trunc_ln46_14_fu_166    |    0    |    0    |
|          |     trunc_ln46_15_fu_184    |    0    |    0    |
|          |     trunc_ln46_16_fu_202    |    0    |    0    |
|          |     trunc_ln46_17_fu_220    |    0    |    0    |
|          |     trunc_ln46_18_fu_238    |    0    |    0    |
|----------|-----------------------------|---------|---------|
|          |        newret_fu_250        |    0    |    0    |
|          |        newret2_fu_256       |    0    |    0    |
|          |        newret4_fu_262       |    0    |    0    |
|          |        newret6_fu_268       |    0    |    0    |
|insertvalue|        newret8_fu_274       |    0    |    0    |
|          |        newret7_fu_280       |    0    |    0    |
|          |        newret9_fu_286       |    0    |    0    |
|          |        newret1_fu_292       |    0    |    0    |
|          |        newret3_fu_298       |    0    |    0    |
|----------|-----------------------------|---------|---------|
|   Total  |                             |    0    |   252   |
|----------|-----------------------------|---------|---------|

Memories:
N/A

* Register list:
N/A

* Multiplexer (MUX) list: 
|--------|------|------|------|--------|
|  Comp  |  Pin | Size |  BW  | S x BW |
|--------|------|------|------|--------|
|  Total |      |      |      |    0   |
|--------|------|------|------|--------|



* Summary:
+-----------+--------+--------+
|           |   FF   |   LUT  |
+-----------+--------+--------+
|  Function |    0   |   252  |
|   Memory  |    -   |    -   |
|Multiplexer|    -   |    -   |
|  Register |    -   |    -   |
+-----------+--------+--------+
|   Total   |    0   |   252  |
+-----------+--------+--------+
