

================================================================
== Vitis HLS Report for 'relu_ap_fixed_13_6_5_3_0_ap_ufixed_12_5_5_3_0_ReLU_config6_s'
================================================================
* Date:           Wed Feb 26 01:31:15 2025

* Version:        2024.1 (Build 5069499 on May 21 2024)
* Project:        myproject_prj
* Solution:       solution1 (Vivado IP Flow Target)
* Product family: virtexuplusHBM
* Target device:  xcu50-fsvh2104-2-e


================================================================
== Performance Estimates
================================================================
+ Timing: 
    * Summary: 
    +--------+---------+----------+------------+
    |  Clock |  Target | Estimated| Uncertainty|
    +--------+---------+----------+------------+
    |ap_clk  |  5.00 ns|  1.054 ns|     1.35 ns|
    +--------+---------+----------+------------+

+ Latency: 
    * Summary: 
    +---------+---------+----------+----------+-----+-----+---------+
    |  Latency (cycles) |  Latency (absolute) |  Interval | Pipeline|
    |   min   |   max   |    min   |    max   | min | max |   Type  |
    +---------+---------+----------+----------+-----+-----+---------+
    |        0|        0|      0 ns|      0 ns|    1|    1|      yes|
    +---------+---------+----------+----------+-----+-----+---------+

    + Detail: 
        * Instance: 
        N/A

        * Loop: 
        N/A

============================================================
+ Verbose Summary: Synthesis Manager
============================================================
InlineROM: 1
ExposeGlobal: 0
============================================================
+ Verbose Summary: CDFG Model
============================================================
IsTopModel: 0
ResetActiveHigh: 1
IsCombinational: 0
IsDatapathOnly: 0
HasWiredReturn: 1
HasMFsm: 2
HasVarLatency: 0
IsPipeline: 1
IsRtlPipelined: 0
IsInstanceOverlapped: 0
IsDontTouch: 0
HasImplIP: 0
IsGatedGlobalClock: 0

+ Individual pipeline summary: 
  * Pipeline-0: initiation interval (II) = 1, depth = 1


============================================================
+ Verbose Summary: Schedule
============================================================
* Number of FSM states : 1
* Pipeline : 1
  Pipeline-0 : II = 1, D = 1, States = { 1 }
* Dataflow Pipeline: 0

* FSM state transitions: 
1 --> 

* FSM state operations: 

State 1 <SV = 0> <Delay = 1.05>
ST_1 : Operation 2 [1/1] (0.00ns)   --->   "%specpipeline_ln42 = specpipeline void @_ssdm_op_SpecPipeline, i32 4294967295, i32 0, i32 0, i32 0, void @empty_0" [firmware/nnet_utils/nnet_activation.h:42]   --->   Operation 2 'specpipeline' 'specpipeline_ln42' <Predicate = true> <Delay = 0.00>
ST_1 : Operation 3 [1/1] (0.00ns)   --->   "%data_63_val_read = read i13 @_ssdm_op_Read.ap_auto.i13, i13 %data_63_val" [firmware/nnet_utils/nnet_activation.h:42]   --->   Operation 3 'read' 'data_63_val_read' <Predicate = true> <Delay = 0.00>
ST_1 : Operation 4 [1/1] (0.00ns)   --->   "%data_62_val_read = read i13 @_ssdm_op_Read.ap_auto.i13, i13 %data_62_val" [firmware/nnet_utils/nnet_activation.h:42]   --->   Operation 4 'read' 'data_62_val_read' <Predicate = true> <Delay = 0.00>
ST_1 : Operation 5 [1/1] (0.00ns)   --->   "%data_61_val_read = read i13 @_ssdm_op_Read.ap_auto.i13, i13 %data_61_val" [firmware/nnet_utils/nnet_activation.h:42]   --->   Operation 5 'read' 'data_61_val_read' <Predicate = true> <Delay = 0.00>
ST_1 : Operation 6 [1/1] (0.00ns)   --->   "%data_60_val_read = read i13 @_ssdm_op_Read.ap_auto.i13, i13 %data_60_val" [firmware/nnet_utils/nnet_activation.h:42]   --->   Operation 6 'read' 'data_60_val_read' <Predicate = true> <Delay = 0.00>
ST_1 : Operation 7 [1/1] (0.00ns)   --->   "%data_59_val_read = read i13 @_ssdm_op_Read.ap_auto.i13, i13 %data_59_val" [firmware/nnet_utils/nnet_activation.h:42]   --->   Operation 7 'read' 'data_59_val_read' <Predicate = true> <Delay = 0.00>
ST_1 : Operation 8 [1/1] (0.00ns)   --->   "%data_58_val_read = read i13 @_ssdm_op_Read.ap_auto.i13, i13 %data_58_val" [firmware/nnet_utils/nnet_activation.h:42]   --->   Operation 8 'read' 'data_58_val_read' <Predicate = true> <Delay = 0.00>
ST_1 : Operation 9 [1/1] (0.00ns)   --->   "%data_57_val_read = read i13 @_ssdm_op_Read.ap_auto.i13, i13 %data_57_val" [firmware/nnet_utils/nnet_activation.h:42]   --->   Operation 9 'read' 'data_57_val_read' <Predicate = true> <Delay = 0.00>
ST_1 : Operation 10 [1/1] (0.00ns)   --->   "%data_56_val_read = read i13 @_ssdm_op_Read.ap_auto.i13, i13 %data_56_val" [firmware/nnet_utils/nnet_activation.h:42]   --->   Operation 10 'read' 'data_56_val_read' <Predicate = true> <Delay = 0.00>
ST_1 : Operation 11 [1/1] (0.00ns)   --->   "%data_55_val_read = read i13 @_ssdm_op_Read.ap_auto.i13, i13 %data_55_val" [firmware/nnet_utils/nnet_activation.h:42]   --->   Operation 11 'read' 'data_55_val_read' <Predicate = true> <Delay = 0.00>
ST_1 : Operation 12 [1/1] (0.00ns)   --->   "%data_54_val_read = read i13 @_ssdm_op_Read.ap_auto.i13, i13 %data_54_val" [firmware/nnet_utils/nnet_activation.h:42]   --->   Operation 12 'read' 'data_54_val_read' <Predicate = true> <Delay = 0.00>
ST_1 : Operation 13 [1/1] (0.00ns)   --->   "%data_53_val_read = read i13 @_ssdm_op_Read.ap_auto.i13, i13 %data_53_val" [firmware/nnet_utils/nnet_activation.h:42]   --->   Operation 13 'read' 'data_53_val_read' <Predicate = true> <Delay = 0.00>
ST_1 : Operation 14 [1/1] (0.00ns)   --->   "%data_52_val_read = read i13 @_ssdm_op_Read.ap_auto.i13, i13 %data_52_val" [firmware/nnet_utils/nnet_activation.h:42]   --->   Operation 14 'read' 'data_52_val_read' <Predicate = true> <Delay = 0.00>
ST_1 : Operation 15 [1/1] (0.00ns)   --->   "%data_51_val_read = read i13 @_ssdm_op_Read.ap_auto.i13, i13 %data_51_val" [firmware/nnet_utils/nnet_activation.h:42]   --->   Operation 15 'read' 'data_51_val_read' <Predicate = true> <Delay = 0.00>
ST_1 : Operation 16 [1/1] (0.00ns)   --->   "%data_50_val_read = read i13 @_ssdm_op_Read.ap_auto.i13, i13 %data_50_val" [firmware/nnet_utils/nnet_activation.h:42]   --->   Operation 16 'read' 'data_50_val_read' <Predicate = true> <Delay = 0.00>
ST_1 : Operation 17 [1/1] (0.00ns)   --->   "%data_49_val_read = read i13 @_ssdm_op_Read.ap_auto.i13, i13 %data_49_val" [firmware/nnet_utils/nnet_activation.h:42]   --->   Operation 17 'read' 'data_49_val_read' <Predicate = true> <Delay = 0.00>
ST_1 : Operation 18 [1/1] (0.00ns)   --->   "%data_48_val_read = read i13 @_ssdm_op_Read.ap_auto.i13, i13 %data_48_val" [firmware/nnet_utils/nnet_activation.h:42]   --->   Operation 18 'read' 'data_48_val_read' <Predicate = true> <Delay = 0.00>
ST_1 : Operation 19 [1/1] (0.00ns)   --->   "%data_47_val_read = read i13 @_ssdm_op_Read.ap_auto.i13, i13 %data_47_val" [firmware/nnet_utils/nnet_activation.h:42]   --->   Operation 19 'read' 'data_47_val_read' <Predicate = true> <Delay = 0.00>
ST_1 : Operation 20 [1/1] (0.00ns)   --->   "%data_46_val_read = read i13 @_ssdm_op_Read.ap_auto.i13, i13 %data_46_val" [firmware/nnet_utils/nnet_activation.h:42]   --->   Operation 20 'read' 'data_46_val_read' <Predicate = true> <Delay = 0.00>
ST_1 : Operation 21 [1/1] (0.00ns)   --->   "%data_45_val_read = read i13 @_ssdm_op_Read.ap_auto.i13, i13 %data_45_val" [firmware/nnet_utils/nnet_activation.h:42]   --->   Operation 21 'read' 'data_45_val_read' <Predicate = true> <Delay = 0.00>
ST_1 : Operation 22 [1/1] (0.00ns)   --->   "%data_44_val_read = read i13 @_ssdm_op_Read.ap_auto.i13, i13 %data_44_val" [firmware/nnet_utils/nnet_activation.h:42]   --->   Operation 22 'read' 'data_44_val_read' <Predicate = true> <Delay = 0.00>
ST_1 : Operation 23 [1/1] (0.00ns)   --->   "%data_43_val_read = read i13 @_ssdm_op_Read.ap_auto.i13, i13 %data_43_val" [firmware/nnet_utils/nnet_activation.h:42]   --->   Operation 23 'read' 'data_43_val_read' <Predicate = true> <Delay = 0.00>
ST_1 : Operation 24 [1/1] (0.00ns)   --->   "%data_42_val_read = read i13 @_ssdm_op_Read.ap_auto.i13, i13 %data_42_val" [firmware/nnet_utils/nnet_activation.h:42]   --->   Operation 24 'read' 'data_42_val_read' <Predicate = true> <Delay = 0.00>
ST_1 : Operation 25 [1/1] (0.00ns)   --->   "%data_41_val_read = read i13 @_ssdm_op_Read.ap_auto.i13, i13 %data_41_val" [firmware/nnet_utils/nnet_activation.h:42]   --->   Operation 25 'read' 'data_41_val_read' <Predicate = true> <Delay = 0.00>
ST_1 : Operation 26 [1/1] (0.00ns)   --->   "%data_40_val_read = read i13 @_ssdm_op_Read.ap_auto.i13, i13 %data_40_val" [firmware/nnet_utils/nnet_activation.h:42]   --->   Operation 26 'read' 'data_40_val_read' <Predicate = true> <Delay = 0.00>
ST_1 : Operation 27 [1/1] (0.00ns)   --->   "%data_39_val_read = read i13 @_ssdm_op_Read.ap_auto.i13, i13 %data_39_val" [firmware/nnet_utils/nnet_activation.h:42]   --->   Operation 27 'read' 'data_39_val_read' <Predicate = true> <Delay = 0.00>
ST_1 : Operation 28 [1/1] (0.00ns)   --->   "%data_38_val_read = read i13 @_ssdm_op_Read.ap_auto.i13, i13 %data_38_val" [firmware/nnet_utils/nnet_activation.h:42]   --->   Operation 28 'read' 'data_38_val_read' <Predicate = true> <Delay = 0.00>
ST_1 : Operation 29 [1/1] (0.00ns)   --->   "%data_37_val_read = read i13 @_ssdm_op_Read.ap_auto.i13, i13 %data_37_val" [firmware/nnet_utils/nnet_activation.h:42]   --->   Operation 29 'read' 'data_37_val_read' <Predicate = true> <Delay = 0.00>
ST_1 : Operation 30 [1/1] (0.00ns)   --->   "%data_36_val_read = read i13 @_ssdm_op_Read.ap_auto.i13, i13 %data_36_val" [firmware/nnet_utils/nnet_activation.h:42]   --->   Operation 30 'read' 'data_36_val_read' <Predicate = true> <Delay = 0.00>
ST_1 : Operation 31 [1/1] (0.00ns)   --->   "%data_35_val_read = read i13 @_ssdm_op_Read.ap_auto.i13, i13 %data_35_val" [firmware/nnet_utils/nnet_activation.h:42]   --->   Operation 31 'read' 'data_35_val_read' <Predicate = true> <Delay = 0.00>
ST_1 : Operation 32 [1/1] (0.00ns)   --->   "%data_34_val_read = read i13 @_ssdm_op_Read.ap_auto.i13, i13 %data_34_val" [firmware/nnet_utils/nnet_activation.h:42]   --->   Operation 32 'read' 'data_34_val_read' <Predicate = true> <Delay = 0.00>
ST_1 : Operation 33 [1/1] (0.00ns)   --->   "%data_33_val_read = read i13 @_ssdm_op_Read.ap_auto.i13, i13 %data_33_val" [firmware/nnet_utils/nnet_activation.h:42]   --->   Operation 33 'read' 'data_33_val_read' <Predicate = true> <Delay = 0.00>
ST_1 : Operation 34 [1/1] (0.00ns)   --->   "%data_31_val_read = read i13 @_ssdm_op_Read.ap_auto.i13, i13 %data_31_val" [firmware/nnet_utils/nnet_activation.h:42]   --->   Operation 34 'read' 'data_31_val_read' <Predicate = true> <Delay = 0.00>
ST_1 : Operation 35 [1/1] (0.00ns)   --->   "%data_30_val_read = read i13 @_ssdm_op_Read.ap_auto.i13, i13 %data_30_val" [firmware/nnet_utils/nnet_activation.h:42]   --->   Operation 35 'read' 'data_30_val_read' <Predicate = true> <Delay = 0.00>
ST_1 : Operation 36 [1/1] (0.00ns)   --->   "%data_29_val_read = read i13 @_ssdm_op_Read.ap_auto.i13, i13 %data_29_val" [firmware/nnet_utils/nnet_activation.h:42]   --->   Operation 36 'read' 'data_29_val_read' <Predicate = true> <Delay = 0.00>
ST_1 : Operation 37 [1/1] (0.00ns)   --->   "%data_28_val_read = read i13 @_ssdm_op_Read.ap_auto.i13, i13 %data_28_val" [firmware/nnet_utils/nnet_activation.h:42]   --->   Operation 37 'read' 'data_28_val_read' <Predicate = true> <Delay = 0.00>
ST_1 : Operation 38 [1/1] (0.00ns)   --->   "%data_27_val_read = read i13 @_ssdm_op_Read.ap_auto.i13, i13 %data_27_val" [firmware/nnet_utils/nnet_activation.h:42]   --->   Operation 38 'read' 'data_27_val_read' <Predicate = true> <Delay = 0.00>
ST_1 : Operation 39 [1/1] (0.00ns)   --->   "%data_26_val_read = read i13 @_ssdm_op_Read.ap_auto.i13, i13 %data_26_val" [firmware/nnet_utils/nnet_activation.h:42]   --->   Operation 39 'read' 'data_26_val_read' <Predicate = true> <Delay = 0.00>
ST_1 : Operation 40 [1/1] (0.00ns)   --->   "%data_25_val_read = read i13 @_ssdm_op_Read.ap_auto.i13, i13 %data_25_val" [firmware/nnet_utils/nnet_activation.h:42]   --->   Operation 40 'read' 'data_25_val_read' <Predicate = true> <Delay = 0.00>
ST_1 : Operation 41 [1/1] (0.00ns)   --->   "%data_24_val_read = read i13 @_ssdm_op_Read.ap_auto.i13, i13 %data_24_val" [firmware/nnet_utils/nnet_activation.h:42]   --->   Operation 41 'read' 'data_24_val_read' <Predicate = true> <Delay = 0.00>
ST_1 : Operation 42 [1/1] (0.00ns)   --->   "%data_23_val_read = read i13 @_ssdm_op_Read.ap_auto.i13, i13 %data_23_val" [firmware/nnet_utils/nnet_activation.h:42]   --->   Operation 42 'read' 'data_23_val_read' <Predicate = true> <Delay = 0.00>
ST_1 : Operation 43 [1/1] (0.00ns)   --->   "%data_22_val_read = read i13 @_ssdm_op_Read.ap_auto.i13, i13 %data_22_val" [firmware/nnet_utils/nnet_activation.h:42]   --->   Operation 43 'read' 'data_22_val_read' <Predicate = true> <Delay = 0.00>
ST_1 : Operation 44 [1/1] (0.00ns)   --->   "%data_21_val_read = read i13 @_ssdm_op_Read.ap_auto.i13, i13 %data_21_val" [firmware/nnet_utils/nnet_activation.h:42]   --->   Operation 44 'read' 'data_21_val_read' <Predicate = true> <Delay = 0.00>
ST_1 : Operation 45 [1/1] (0.00ns)   --->   "%data_20_val_read = read i13 @_ssdm_op_Read.ap_auto.i13, i13 %data_20_val" [firmware/nnet_utils/nnet_activation.h:42]   --->   Operation 45 'read' 'data_20_val_read' <Predicate = true> <Delay = 0.00>
ST_1 : Operation 46 [1/1] (0.00ns)   --->   "%data_19_val_read = read i13 @_ssdm_op_Read.ap_auto.i13, i13 %data_19_val" [firmware/nnet_utils/nnet_activation.h:42]   --->   Operation 46 'read' 'data_19_val_read' <Predicate = true> <Delay = 0.00>
ST_1 : Operation 47 [1/1] (0.00ns)   --->   "%data_18_val_read = read i13 @_ssdm_op_Read.ap_auto.i13, i13 %data_18_val" [firmware/nnet_utils/nnet_activation.h:42]   --->   Operation 47 'read' 'data_18_val_read' <Predicate = true> <Delay = 0.00>
ST_1 : Operation 48 [1/1] (0.00ns)   --->   "%data_17_val_read = read i13 @_ssdm_op_Read.ap_auto.i13, i13 %data_17_val" [firmware/nnet_utils/nnet_activation.h:42]   --->   Operation 48 'read' 'data_17_val_read' <Predicate = true> <Delay = 0.00>
ST_1 : Operation 49 [1/1] (0.00ns)   --->   "%data_16_val_read = read i13 @_ssdm_op_Read.ap_auto.i13, i13 %data_16_val" [firmware/nnet_utils/nnet_activation.h:42]   --->   Operation 49 'read' 'data_16_val_read' <Predicate = true> <Delay = 0.00>
ST_1 : Operation 50 [1/1] (0.00ns)   --->   "%data_15_val_read = read i13 @_ssdm_op_Read.ap_auto.i13, i13 %data_15_val" [firmware/nnet_utils/nnet_activation.h:42]   --->   Operation 50 'read' 'data_15_val_read' <Predicate = true> <Delay = 0.00>
ST_1 : Operation 51 [1/1] (0.00ns)   --->   "%data_14_val_read = read i13 @_ssdm_op_Read.ap_auto.i13, i13 %data_14_val" [firmware/nnet_utils/nnet_activation.h:42]   --->   Operation 51 'read' 'data_14_val_read' <Predicate = true> <Delay = 0.00>
ST_1 : Operation 52 [1/1] (0.00ns)   --->   "%data_13_val_read = read i13 @_ssdm_op_Read.ap_auto.i13, i13 %data_13_val" [firmware/nnet_utils/nnet_activation.h:42]   --->   Operation 52 'read' 'data_13_val_read' <Predicate = true> <Delay = 0.00>
ST_1 : Operation 53 [1/1] (0.00ns)   --->   "%data_12_val_read = read i13 @_ssdm_op_Read.ap_auto.i13, i13 %data_12_val" [firmware/nnet_utils/nnet_activation.h:42]   --->   Operation 53 'read' 'data_12_val_read' <Predicate = true> <Delay = 0.00>
ST_1 : Operation 54 [1/1] (0.00ns)   --->   "%data_11_val_read = read i13 @_ssdm_op_Read.ap_auto.i13, i13 %data_11_val" [firmware/nnet_utils/nnet_activation.h:42]   --->   Operation 54 'read' 'data_11_val_read' <Predicate = true> <Delay = 0.00>
ST_1 : Operation 55 [1/1] (0.00ns)   --->   "%data_10_val_read = read i13 @_ssdm_op_Read.ap_auto.i13, i13 %data_10_val" [firmware/nnet_utils/nnet_activation.h:42]   --->   Operation 55 'read' 'data_10_val_read' <Predicate = true> <Delay = 0.00>
ST_1 : Operation 56 [1/1] (0.00ns)   --->   "%data_9_val_read = read i13 @_ssdm_op_Read.ap_auto.i13, i13 %data_9_val" [firmware/nnet_utils/nnet_activation.h:42]   --->   Operation 56 'read' 'data_9_val_read' <Predicate = true> <Delay = 0.00>
ST_1 : Operation 57 [1/1] (0.00ns)   --->   "%data_8_val_read = read i13 @_ssdm_op_Read.ap_auto.i13, i13 %data_8_val" [firmware/nnet_utils/nnet_activation.h:42]   --->   Operation 57 'read' 'data_8_val_read' <Predicate = true> <Delay = 0.00>
ST_1 : Operation 58 [1/1] (0.00ns)   --->   "%data_7_val_read = read i13 @_ssdm_op_Read.ap_auto.i13, i13 %data_7_val" [firmware/nnet_utils/nnet_activation.h:42]   --->   Operation 58 'read' 'data_7_val_read' <Predicate = true> <Delay = 0.00>
ST_1 : Operation 59 [1/1] (0.00ns)   --->   "%data_6_val_read = read i13 @_ssdm_op_Read.ap_auto.i13, i13 %data_6_val" [firmware/nnet_utils/nnet_activation.h:42]   --->   Operation 59 'read' 'data_6_val_read' <Predicate = true> <Delay = 0.00>
ST_1 : Operation 60 [1/1] (0.00ns)   --->   "%data_5_val_read = read i13 @_ssdm_op_Read.ap_auto.i13, i13 %data_5_val" [firmware/nnet_utils/nnet_activation.h:42]   --->   Operation 60 'read' 'data_5_val_read' <Predicate = true> <Delay = 0.00>
ST_1 : Operation 61 [1/1] (0.00ns)   --->   "%data_4_val_read = read i13 @_ssdm_op_Read.ap_auto.i13, i13 %data_4_val" [firmware/nnet_utils/nnet_activation.h:42]   --->   Operation 61 'read' 'data_4_val_read' <Predicate = true> <Delay = 0.00>
ST_1 : Operation 62 [1/1] (0.00ns)   --->   "%data_3_val_read = read i13 @_ssdm_op_Read.ap_auto.i13, i13 %data_3_val" [firmware/nnet_utils/nnet_activation.h:42]   --->   Operation 62 'read' 'data_3_val_read' <Predicate = true> <Delay = 0.00>
ST_1 : Operation 63 [1/1] (0.00ns)   --->   "%data_2_val_read = read i13 @_ssdm_op_Read.ap_auto.i13, i13 %data_2_val" [firmware/nnet_utils/nnet_activation.h:42]   --->   Operation 63 'read' 'data_2_val_read' <Predicate = true> <Delay = 0.00>
ST_1 : Operation 64 [1/1] (0.00ns)   --->   "%data_1_val_read = read i13 @_ssdm_op_Read.ap_auto.i13, i13 %data_1_val" [firmware/nnet_utils/nnet_activation.h:42]   --->   Operation 64 'read' 'data_1_val_read' <Predicate = true> <Delay = 0.00>
ST_1 : Operation 65 [1/1] (0.00ns)   --->   "%data_0_val_read = read i13 @_ssdm_op_Read.ap_auto.i13, i13 %data_0_val" [firmware/nnet_utils/nnet_activation.h:42]   --->   Operation 65 'read' 'data_0_val_read' <Predicate = true> <Delay = 0.00>
ST_1 : Operation 66 [1/1] (0.75ns)   --->   "%icmp_ln45 = icmp_sgt  i13 %data_0_val_read, i13 0" [firmware/nnet_utils/nnet_activation.h:45]   --->   Operation 66 'icmp' 'icmp_ln45' <Predicate = true> <Delay = 0.75> <CoreInst = "Cmp">   --->   Core 9 'Cmp' <Latency = 0> <II = 1> <Delay = 0.75> <FuncUnit> <Opcode : 'seteq' 'setne' 'setle' 'setge' 'setlt' 'setgt'> <InPorts = 2> <OutPorts = 1>
ST_1 : Operation 67 [1/1] (0.00ns)   --->   "%trunc_ln46 = trunc i13 %data_0_val_read" [firmware/nnet_utils/nnet_activation.h:46]   --->   Operation 67 'trunc' 'trunc_ln46' <Predicate = (icmp_ln45)> <Delay = 0.00>
ST_1 : Operation 68 [1/1] (0.29ns)   --->   "%select_ln45 = select i1 %icmp_ln45, i12 %trunc_ln46, i12 0" [firmware/nnet_utils/nnet_activation.h:45]   --->   Operation 68 'select' 'select_ln45' <Predicate = true> <Delay = 0.29> <CoreInst = "Sel">   --->   Core 73 'Sel' <Latency = 0> <II = 1> <Delay = 0.29> <FuncUnit> <Opcode : 'select'> <InPorts = 3> <OutPorts = 1>
ST_1 : Operation 69 [1/1] (0.75ns)   --->   "%icmp_ln45_55 = icmp_sgt  i13 %data_1_val_read, i13 0" [firmware/nnet_utils/nnet_activation.h:45]   --->   Operation 69 'icmp' 'icmp_ln45_55' <Predicate = true> <Delay = 0.75> <CoreInst = "Cmp">   --->   Core 9 'Cmp' <Latency = 0> <II = 1> <Delay = 0.75> <FuncUnit> <Opcode : 'seteq' 'setne' 'setle' 'setge' 'setlt' 'setgt'> <InPorts = 2> <OutPorts = 1>
ST_1 : Operation 70 [1/1] (0.00ns)   --->   "%trunc_ln46_55 = trunc i13 %data_1_val_read" [firmware/nnet_utils/nnet_activation.h:46]   --->   Operation 70 'trunc' 'trunc_ln46_55' <Predicate = (icmp_ln45_55)> <Delay = 0.00>
ST_1 : Operation 71 [1/1] (0.29ns)   --->   "%select_ln45_55 = select i1 %icmp_ln45_55, i12 %trunc_ln46_55, i12 0" [firmware/nnet_utils/nnet_activation.h:45]   --->   Operation 71 'select' 'select_ln45_55' <Predicate = true> <Delay = 0.29> <CoreInst = "Sel">   --->   Core 73 'Sel' <Latency = 0> <II = 1> <Delay = 0.29> <FuncUnit> <Opcode : 'select'> <InPorts = 3> <OutPorts = 1>
ST_1 : Operation 72 [1/1] (0.75ns)   --->   "%icmp_ln45_56 = icmp_sgt  i13 %data_2_val_read, i13 0" [firmware/nnet_utils/nnet_activation.h:45]   --->   Operation 72 'icmp' 'icmp_ln45_56' <Predicate = true> <Delay = 0.75> <CoreInst = "Cmp">   --->   Core 9 'Cmp' <Latency = 0> <II = 1> <Delay = 0.75> <FuncUnit> <Opcode : 'seteq' 'setne' 'setle' 'setge' 'setlt' 'setgt'> <InPorts = 2> <OutPorts = 1>
ST_1 : Operation 73 [1/1] (0.00ns)   --->   "%trunc_ln46_56 = trunc i13 %data_2_val_read" [firmware/nnet_utils/nnet_activation.h:46]   --->   Operation 73 'trunc' 'trunc_ln46_56' <Predicate = (icmp_ln45_56)> <Delay = 0.00>
ST_1 : Operation 74 [1/1] (0.29ns)   --->   "%select_ln45_56 = select i1 %icmp_ln45_56, i12 %trunc_ln46_56, i12 0" [firmware/nnet_utils/nnet_activation.h:45]   --->   Operation 74 'select' 'select_ln45_56' <Predicate = true> <Delay = 0.29> <CoreInst = "Sel">   --->   Core 73 'Sel' <Latency = 0> <II = 1> <Delay = 0.29> <FuncUnit> <Opcode : 'select'> <InPorts = 3> <OutPorts = 1>
ST_1 : Operation 75 [1/1] (0.75ns)   --->   "%icmp_ln45_57 = icmp_sgt  i13 %data_3_val_read, i13 0" [firmware/nnet_utils/nnet_activation.h:45]   --->   Operation 75 'icmp' 'icmp_ln45_57' <Predicate = true> <Delay = 0.75> <CoreInst = "Cmp">   --->   Core 9 'Cmp' <Latency = 0> <II = 1> <Delay = 0.75> <FuncUnit> <Opcode : 'seteq' 'setne' 'setle' 'setge' 'setlt' 'setgt'> <InPorts = 2> <OutPorts = 1>
ST_1 : Operation 76 [1/1] (0.00ns)   --->   "%trunc_ln46_57 = trunc i13 %data_3_val_read" [firmware/nnet_utils/nnet_activation.h:46]   --->   Operation 76 'trunc' 'trunc_ln46_57' <Predicate = (icmp_ln45_57)> <Delay = 0.00>
ST_1 : Operation 77 [1/1] (0.29ns)   --->   "%select_ln45_57 = select i1 %icmp_ln45_57, i12 %trunc_ln46_57, i12 0" [firmware/nnet_utils/nnet_activation.h:45]   --->   Operation 77 'select' 'select_ln45_57' <Predicate = true> <Delay = 0.29> <CoreInst = "Sel">   --->   Core 73 'Sel' <Latency = 0> <II = 1> <Delay = 0.29> <FuncUnit> <Opcode : 'select'> <InPorts = 3> <OutPorts = 1>
ST_1 : Operation 78 [1/1] (0.75ns)   --->   "%icmp_ln45_58 = icmp_sgt  i13 %data_4_val_read, i13 0" [firmware/nnet_utils/nnet_activation.h:45]   --->   Operation 78 'icmp' 'icmp_ln45_58' <Predicate = true> <Delay = 0.75> <CoreInst = "Cmp">   --->   Core 9 'Cmp' <Latency = 0> <II = 1> <Delay = 0.75> <FuncUnit> <Opcode : 'seteq' 'setne' 'setle' 'setge' 'setlt' 'setgt'> <InPorts = 2> <OutPorts = 1>
ST_1 : Operation 79 [1/1] (0.00ns)   --->   "%trunc_ln46_58 = trunc i13 %data_4_val_read" [firmware/nnet_utils/nnet_activation.h:46]   --->   Operation 79 'trunc' 'trunc_ln46_58' <Predicate = (icmp_ln45_58)> <Delay = 0.00>
ST_1 : Operation 80 [1/1] (0.29ns)   --->   "%select_ln45_58 = select i1 %icmp_ln45_58, i12 %trunc_ln46_58, i12 0" [firmware/nnet_utils/nnet_activation.h:45]   --->   Operation 80 'select' 'select_ln45_58' <Predicate = true> <Delay = 0.29> <CoreInst = "Sel">   --->   Core 73 'Sel' <Latency = 0> <II = 1> <Delay = 0.29> <FuncUnit> <Opcode : 'select'> <InPorts = 3> <OutPorts = 1>
ST_1 : Operation 81 [1/1] (0.75ns)   --->   "%icmp_ln45_59 = icmp_sgt  i13 %data_5_val_read, i13 0" [firmware/nnet_utils/nnet_activation.h:45]   --->   Operation 81 'icmp' 'icmp_ln45_59' <Predicate = true> <Delay = 0.75> <CoreInst = "Cmp">   --->   Core 9 'Cmp' <Latency = 0> <II = 1> <Delay = 0.75> <FuncUnit> <Opcode : 'seteq' 'setne' 'setle' 'setge' 'setlt' 'setgt'> <InPorts = 2> <OutPorts = 1>
ST_1 : Operation 82 [1/1] (0.00ns)   --->   "%trunc_ln46_59 = trunc i13 %data_5_val_read" [firmware/nnet_utils/nnet_activation.h:46]   --->   Operation 82 'trunc' 'trunc_ln46_59' <Predicate = (icmp_ln45_59)> <Delay = 0.00>
ST_1 : Operation 83 [1/1] (0.29ns)   --->   "%select_ln45_59 = select i1 %icmp_ln45_59, i12 %trunc_ln46_59, i12 0" [firmware/nnet_utils/nnet_activation.h:45]   --->   Operation 83 'select' 'select_ln45_59' <Predicate = true> <Delay = 0.29> <CoreInst = "Sel">   --->   Core 73 'Sel' <Latency = 0> <II = 1> <Delay = 0.29> <FuncUnit> <Opcode : 'select'> <InPorts = 3> <OutPorts = 1>
ST_1 : Operation 84 [1/1] (0.75ns)   --->   "%icmp_ln45_60 = icmp_sgt  i13 %data_6_val_read, i13 0" [firmware/nnet_utils/nnet_activation.h:45]   --->   Operation 84 'icmp' 'icmp_ln45_60' <Predicate = true> <Delay = 0.75> <CoreInst = "Cmp">   --->   Core 9 'Cmp' <Latency = 0> <II = 1> <Delay = 0.75> <FuncUnit> <Opcode : 'seteq' 'setne' 'setle' 'setge' 'setlt' 'setgt'> <InPorts = 2> <OutPorts = 1>
ST_1 : Operation 85 [1/1] (0.00ns)   --->   "%trunc_ln46_60 = trunc i13 %data_6_val_read" [firmware/nnet_utils/nnet_activation.h:46]   --->   Operation 85 'trunc' 'trunc_ln46_60' <Predicate = (icmp_ln45_60)> <Delay = 0.00>
ST_1 : Operation 86 [1/1] (0.29ns)   --->   "%select_ln45_60 = select i1 %icmp_ln45_60, i12 %trunc_ln46_60, i12 0" [firmware/nnet_utils/nnet_activation.h:45]   --->   Operation 86 'select' 'select_ln45_60' <Predicate = true> <Delay = 0.29> <CoreInst = "Sel">   --->   Core 73 'Sel' <Latency = 0> <II = 1> <Delay = 0.29> <FuncUnit> <Opcode : 'select'> <InPorts = 3> <OutPorts = 1>
ST_1 : Operation 87 [1/1] (0.75ns)   --->   "%icmp_ln45_61 = icmp_sgt  i13 %data_7_val_read, i13 0" [firmware/nnet_utils/nnet_activation.h:45]   --->   Operation 87 'icmp' 'icmp_ln45_61' <Predicate = true> <Delay = 0.75> <CoreInst = "Cmp">   --->   Core 9 'Cmp' <Latency = 0> <II = 1> <Delay = 0.75> <FuncUnit> <Opcode : 'seteq' 'setne' 'setle' 'setge' 'setlt' 'setgt'> <InPorts = 2> <OutPorts = 1>
ST_1 : Operation 88 [1/1] (0.00ns)   --->   "%trunc_ln46_61 = trunc i13 %data_7_val_read" [firmware/nnet_utils/nnet_activation.h:46]   --->   Operation 88 'trunc' 'trunc_ln46_61' <Predicate = (icmp_ln45_61)> <Delay = 0.00>
ST_1 : Operation 89 [1/1] (0.29ns)   --->   "%select_ln45_61 = select i1 %icmp_ln45_61, i12 %trunc_ln46_61, i12 0" [firmware/nnet_utils/nnet_activation.h:45]   --->   Operation 89 'select' 'select_ln45_61' <Predicate = true> <Delay = 0.29> <CoreInst = "Sel">   --->   Core 73 'Sel' <Latency = 0> <II = 1> <Delay = 0.29> <FuncUnit> <Opcode : 'select'> <InPorts = 3> <OutPorts = 1>
ST_1 : Operation 90 [1/1] (0.75ns)   --->   "%icmp_ln45_62 = icmp_sgt  i13 %data_8_val_read, i13 0" [firmware/nnet_utils/nnet_activation.h:45]   --->   Operation 90 'icmp' 'icmp_ln45_62' <Predicate = true> <Delay = 0.75> <CoreInst = "Cmp">   --->   Core 9 'Cmp' <Latency = 0> <II = 1> <Delay = 0.75> <FuncUnit> <Opcode : 'seteq' 'setne' 'setle' 'setge' 'setlt' 'setgt'> <InPorts = 2> <OutPorts = 1>
ST_1 : Operation 91 [1/1] (0.00ns)   --->   "%trunc_ln46_62 = trunc i13 %data_8_val_read" [firmware/nnet_utils/nnet_activation.h:46]   --->   Operation 91 'trunc' 'trunc_ln46_62' <Predicate = (icmp_ln45_62)> <Delay = 0.00>
ST_1 : Operation 92 [1/1] (0.29ns)   --->   "%select_ln45_62 = select i1 %icmp_ln45_62, i12 %trunc_ln46_62, i12 0" [firmware/nnet_utils/nnet_activation.h:45]   --->   Operation 92 'select' 'select_ln45_62' <Predicate = true> <Delay = 0.29> <CoreInst = "Sel">   --->   Core 73 'Sel' <Latency = 0> <II = 1> <Delay = 0.29> <FuncUnit> <Opcode : 'select'> <InPorts = 3> <OutPorts = 1>
ST_1 : Operation 93 [1/1] (0.75ns)   --->   "%icmp_ln45_63 = icmp_sgt  i13 %data_9_val_read, i13 0" [firmware/nnet_utils/nnet_activation.h:45]   --->   Operation 93 'icmp' 'icmp_ln45_63' <Predicate = true> <Delay = 0.75> <CoreInst = "Cmp">   --->   Core 9 'Cmp' <Latency = 0> <II = 1> <Delay = 0.75> <FuncUnit> <Opcode : 'seteq' 'setne' 'setle' 'setge' 'setlt' 'setgt'> <InPorts = 2> <OutPorts = 1>
ST_1 : Operation 94 [1/1] (0.00ns)   --->   "%trunc_ln46_63 = trunc i13 %data_9_val_read" [firmware/nnet_utils/nnet_activation.h:46]   --->   Operation 94 'trunc' 'trunc_ln46_63' <Predicate = (icmp_ln45_63)> <Delay = 0.00>
ST_1 : Operation 95 [1/1] (0.29ns)   --->   "%select_ln45_63 = select i1 %icmp_ln45_63, i12 %trunc_ln46_63, i12 0" [firmware/nnet_utils/nnet_activation.h:45]   --->   Operation 95 'select' 'select_ln45_63' <Predicate = true> <Delay = 0.29> <CoreInst = "Sel">   --->   Core 73 'Sel' <Latency = 0> <II = 1> <Delay = 0.29> <FuncUnit> <Opcode : 'select'> <InPorts = 3> <OutPorts = 1>
ST_1 : Operation 96 [1/1] (0.75ns)   --->   "%icmp_ln45_64 = icmp_sgt  i13 %data_10_val_read, i13 0" [firmware/nnet_utils/nnet_activation.h:45]   --->   Operation 96 'icmp' 'icmp_ln45_64' <Predicate = true> <Delay = 0.75> <CoreInst = "Cmp">   --->   Core 9 'Cmp' <Latency = 0> <II = 1> <Delay = 0.75> <FuncUnit> <Opcode : 'seteq' 'setne' 'setle' 'setge' 'setlt' 'setgt'> <InPorts = 2> <OutPorts = 1>
ST_1 : Operation 97 [1/1] (0.00ns)   --->   "%trunc_ln46_64 = trunc i13 %data_10_val_read" [firmware/nnet_utils/nnet_activation.h:46]   --->   Operation 97 'trunc' 'trunc_ln46_64' <Predicate = (icmp_ln45_64)> <Delay = 0.00>
ST_1 : Operation 98 [1/1] (0.29ns)   --->   "%select_ln45_64 = select i1 %icmp_ln45_64, i12 %trunc_ln46_64, i12 0" [firmware/nnet_utils/nnet_activation.h:45]   --->   Operation 98 'select' 'select_ln45_64' <Predicate = true> <Delay = 0.29> <CoreInst = "Sel">   --->   Core 73 'Sel' <Latency = 0> <II = 1> <Delay = 0.29> <FuncUnit> <Opcode : 'select'> <InPorts = 3> <OutPorts = 1>
ST_1 : Operation 99 [1/1] (0.75ns)   --->   "%icmp_ln45_65 = icmp_sgt  i13 %data_11_val_read, i13 0" [firmware/nnet_utils/nnet_activation.h:45]   --->   Operation 99 'icmp' 'icmp_ln45_65' <Predicate = true> <Delay = 0.75> <CoreInst = "Cmp">   --->   Core 9 'Cmp' <Latency = 0> <II = 1> <Delay = 0.75> <FuncUnit> <Opcode : 'seteq' 'setne' 'setle' 'setge' 'setlt' 'setgt'> <InPorts = 2> <OutPorts = 1>
ST_1 : Operation 100 [1/1] (0.00ns)   --->   "%trunc_ln46_65 = trunc i13 %data_11_val_read" [firmware/nnet_utils/nnet_activation.h:46]   --->   Operation 100 'trunc' 'trunc_ln46_65' <Predicate = (icmp_ln45_65)> <Delay = 0.00>
ST_1 : Operation 101 [1/1] (0.29ns)   --->   "%select_ln45_65 = select i1 %icmp_ln45_65, i12 %trunc_ln46_65, i12 0" [firmware/nnet_utils/nnet_activation.h:45]   --->   Operation 101 'select' 'select_ln45_65' <Predicate = true> <Delay = 0.29> <CoreInst = "Sel">   --->   Core 73 'Sel' <Latency = 0> <II = 1> <Delay = 0.29> <FuncUnit> <Opcode : 'select'> <InPorts = 3> <OutPorts = 1>
ST_1 : Operation 102 [1/1] (0.75ns)   --->   "%icmp_ln45_66 = icmp_sgt  i13 %data_12_val_read, i13 0" [firmware/nnet_utils/nnet_activation.h:45]   --->   Operation 102 'icmp' 'icmp_ln45_66' <Predicate = true> <Delay = 0.75> <CoreInst = "Cmp">   --->   Core 9 'Cmp' <Latency = 0> <II = 1> <Delay = 0.75> <FuncUnit> <Opcode : 'seteq' 'setne' 'setle' 'setge' 'setlt' 'setgt'> <InPorts = 2> <OutPorts = 1>
ST_1 : Operation 103 [1/1] (0.00ns)   --->   "%trunc_ln46_66 = trunc i13 %data_12_val_read" [firmware/nnet_utils/nnet_activation.h:46]   --->   Operation 103 'trunc' 'trunc_ln46_66' <Predicate = (icmp_ln45_66)> <Delay = 0.00>
ST_1 : Operation 104 [1/1] (0.29ns)   --->   "%select_ln45_66 = select i1 %icmp_ln45_66, i12 %trunc_ln46_66, i12 0" [firmware/nnet_utils/nnet_activation.h:45]   --->   Operation 104 'select' 'select_ln45_66' <Predicate = true> <Delay = 0.29> <CoreInst = "Sel">   --->   Core 73 'Sel' <Latency = 0> <II = 1> <Delay = 0.29> <FuncUnit> <Opcode : 'select'> <InPorts = 3> <OutPorts = 1>
ST_1 : Operation 105 [1/1] (0.75ns)   --->   "%icmp_ln45_67 = icmp_sgt  i13 %data_13_val_read, i13 0" [firmware/nnet_utils/nnet_activation.h:45]   --->   Operation 105 'icmp' 'icmp_ln45_67' <Predicate = true> <Delay = 0.75> <CoreInst = "Cmp">   --->   Core 9 'Cmp' <Latency = 0> <II = 1> <Delay = 0.75> <FuncUnit> <Opcode : 'seteq' 'setne' 'setle' 'setge' 'setlt' 'setgt'> <InPorts = 2> <OutPorts = 1>
ST_1 : Operation 106 [1/1] (0.00ns)   --->   "%trunc_ln46_67 = trunc i13 %data_13_val_read" [firmware/nnet_utils/nnet_activation.h:46]   --->   Operation 106 'trunc' 'trunc_ln46_67' <Predicate = (icmp_ln45_67)> <Delay = 0.00>
ST_1 : Operation 107 [1/1] (0.29ns)   --->   "%select_ln45_67 = select i1 %icmp_ln45_67, i12 %trunc_ln46_67, i12 0" [firmware/nnet_utils/nnet_activation.h:45]   --->   Operation 107 'select' 'select_ln45_67' <Predicate = true> <Delay = 0.29> <CoreInst = "Sel">   --->   Core 73 'Sel' <Latency = 0> <II = 1> <Delay = 0.29> <FuncUnit> <Opcode : 'select'> <InPorts = 3> <OutPorts = 1>
ST_1 : Operation 108 [1/1] (0.75ns)   --->   "%icmp_ln45_68 = icmp_sgt  i13 %data_14_val_read, i13 0" [firmware/nnet_utils/nnet_activation.h:45]   --->   Operation 108 'icmp' 'icmp_ln45_68' <Predicate = true> <Delay = 0.75> <CoreInst = "Cmp">   --->   Core 9 'Cmp' <Latency = 0> <II = 1> <Delay = 0.75> <FuncUnit> <Opcode : 'seteq' 'setne' 'setle' 'setge' 'setlt' 'setgt'> <InPorts = 2> <OutPorts = 1>
ST_1 : Operation 109 [1/1] (0.00ns)   --->   "%trunc_ln46_68 = trunc i13 %data_14_val_read" [firmware/nnet_utils/nnet_activation.h:46]   --->   Operation 109 'trunc' 'trunc_ln46_68' <Predicate = (icmp_ln45_68)> <Delay = 0.00>
ST_1 : Operation 110 [1/1] (0.29ns)   --->   "%select_ln45_68 = select i1 %icmp_ln45_68, i12 %trunc_ln46_68, i12 0" [firmware/nnet_utils/nnet_activation.h:45]   --->   Operation 110 'select' 'select_ln45_68' <Predicate = true> <Delay = 0.29> <CoreInst = "Sel">   --->   Core 73 'Sel' <Latency = 0> <II = 1> <Delay = 0.29> <FuncUnit> <Opcode : 'select'> <InPorts = 3> <OutPorts = 1>
ST_1 : Operation 111 [1/1] (0.75ns)   --->   "%icmp_ln45_69 = icmp_sgt  i13 %data_15_val_read, i13 0" [firmware/nnet_utils/nnet_activation.h:45]   --->   Operation 111 'icmp' 'icmp_ln45_69' <Predicate = true> <Delay = 0.75> <CoreInst = "Cmp">   --->   Core 9 'Cmp' <Latency = 0> <II = 1> <Delay = 0.75> <FuncUnit> <Opcode : 'seteq' 'setne' 'setle' 'setge' 'setlt' 'setgt'> <InPorts = 2> <OutPorts = 1>
ST_1 : Operation 112 [1/1] (0.00ns)   --->   "%trunc_ln46_69 = trunc i13 %data_15_val_read" [firmware/nnet_utils/nnet_activation.h:46]   --->   Operation 112 'trunc' 'trunc_ln46_69' <Predicate = (icmp_ln45_69)> <Delay = 0.00>
ST_1 : Operation 113 [1/1] (0.29ns)   --->   "%select_ln45_69 = select i1 %icmp_ln45_69, i12 %trunc_ln46_69, i12 0" [firmware/nnet_utils/nnet_activation.h:45]   --->   Operation 113 'select' 'select_ln45_69' <Predicate = true> <Delay = 0.29> <CoreInst = "Sel">   --->   Core 73 'Sel' <Latency = 0> <II = 1> <Delay = 0.29> <FuncUnit> <Opcode : 'select'> <InPorts = 3> <OutPorts = 1>
ST_1 : Operation 114 [1/1] (0.75ns)   --->   "%icmp_ln45_70 = icmp_sgt  i13 %data_16_val_read, i13 0" [firmware/nnet_utils/nnet_activation.h:45]   --->   Operation 114 'icmp' 'icmp_ln45_70' <Predicate = true> <Delay = 0.75> <CoreInst = "Cmp">   --->   Core 9 'Cmp' <Latency = 0> <II = 1> <Delay = 0.75> <FuncUnit> <Opcode : 'seteq' 'setne' 'setle' 'setge' 'setlt' 'setgt'> <InPorts = 2> <OutPorts = 1>
ST_1 : Operation 115 [1/1] (0.00ns)   --->   "%trunc_ln46_70 = trunc i13 %data_16_val_read" [firmware/nnet_utils/nnet_activation.h:46]   --->   Operation 115 'trunc' 'trunc_ln46_70' <Predicate = (icmp_ln45_70)> <Delay = 0.00>
ST_1 : Operation 116 [1/1] (0.29ns)   --->   "%select_ln45_70 = select i1 %icmp_ln45_70, i12 %trunc_ln46_70, i12 0" [firmware/nnet_utils/nnet_activation.h:45]   --->   Operation 116 'select' 'select_ln45_70' <Predicate = true> <Delay = 0.29> <CoreInst = "Sel">   --->   Core 73 'Sel' <Latency = 0> <II = 1> <Delay = 0.29> <FuncUnit> <Opcode : 'select'> <InPorts = 3> <OutPorts = 1>
ST_1 : Operation 117 [1/1] (0.75ns)   --->   "%icmp_ln45_71 = icmp_sgt  i13 %data_17_val_read, i13 0" [firmware/nnet_utils/nnet_activation.h:45]   --->   Operation 117 'icmp' 'icmp_ln45_71' <Predicate = true> <Delay = 0.75> <CoreInst = "Cmp">   --->   Core 9 'Cmp' <Latency = 0> <II = 1> <Delay = 0.75> <FuncUnit> <Opcode : 'seteq' 'setne' 'setle' 'setge' 'setlt' 'setgt'> <InPorts = 2> <OutPorts = 1>
ST_1 : Operation 118 [1/1] (0.00ns)   --->   "%trunc_ln46_71 = trunc i13 %data_17_val_read" [firmware/nnet_utils/nnet_activation.h:46]   --->   Operation 118 'trunc' 'trunc_ln46_71' <Predicate = (icmp_ln45_71)> <Delay = 0.00>
ST_1 : Operation 119 [1/1] (0.29ns)   --->   "%select_ln45_71 = select i1 %icmp_ln45_71, i12 %trunc_ln46_71, i12 0" [firmware/nnet_utils/nnet_activation.h:45]   --->   Operation 119 'select' 'select_ln45_71' <Predicate = true> <Delay = 0.29> <CoreInst = "Sel">   --->   Core 73 'Sel' <Latency = 0> <II = 1> <Delay = 0.29> <FuncUnit> <Opcode : 'select'> <InPorts = 3> <OutPorts = 1>
ST_1 : Operation 120 [1/1] (0.75ns)   --->   "%icmp_ln45_72 = icmp_sgt  i13 %data_18_val_read, i13 0" [firmware/nnet_utils/nnet_activation.h:45]   --->   Operation 120 'icmp' 'icmp_ln45_72' <Predicate = true> <Delay = 0.75> <CoreInst = "Cmp">   --->   Core 9 'Cmp' <Latency = 0> <II = 1> <Delay = 0.75> <FuncUnit> <Opcode : 'seteq' 'setne' 'setle' 'setge' 'setlt' 'setgt'> <InPorts = 2> <OutPorts = 1>
ST_1 : Operation 121 [1/1] (0.00ns)   --->   "%trunc_ln46_72 = trunc i13 %data_18_val_read" [firmware/nnet_utils/nnet_activation.h:46]   --->   Operation 121 'trunc' 'trunc_ln46_72' <Predicate = (icmp_ln45_72)> <Delay = 0.00>
ST_1 : Operation 122 [1/1] (0.29ns)   --->   "%select_ln45_72 = select i1 %icmp_ln45_72, i12 %trunc_ln46_72, i12 0" [firmware/nnet_utils/nnet_activation.h:45]   --->   Operation 122 'select' 'select_ln45_72' <Predicate = true> <Delay = 0.29> <CoreInst = "Sel">   --->   Core 73 'Sel' <Latency = 0> <II = 1> <Delay = 0.29> <FuncUnit> <Opcode : 'select'> <InPorts = 3> <OutPorts = 1>
ST_1 : Operation 123 [1/1] (0.75ns)   --->   "%icmp_ln45_73 = icmp_sgt  i13 %data_19_val_read, i13 0" [firmware/nnet_utils/nnet_activation.h:45]   --->   Operation 123 'icmp' 'icmp_ln45_73' <Predicate = true> <Delay = 0.75> <CoreInst = "Cmp">   --->   Core 9 'Cmp' <Latency = 0> <II = 1> <Delay = 0.75> <FuncUnit> <Opcode : 'seteq' 'setne' 'setle' 'setge' 'setlt' 'setgt'> <InPorts = 2> <OutPorts = 1>
ST_1 : Operation 124 [1/1] (0.00ns)   --->   "%trunc_ln46_73 = trunc i13 %data_19_val_read" [firmware/nnet_utils/nnet_activation.h:46]   --->   Operation 124 'trunc' 'trunc_ln46_73' <Predicate = (icmp_ln45_73)> <Delay = 0.00>
ST_1 : Operation 125 [1/1] (0.29ns)   --->   "%select_ln45_73 = select i1 %icmp_ln45_73, i12 %trunc_ln46_73, i12 0" [firmware/nnet_utils/nnet_activation.h:45]   --->   Operation 125 'select' 'select_ln45_73' <Predicate = true> <Delay = 0.29> <CoreInst = "Sel">   --->   Core 73 'Sel' <Latency = 0> <II = 1> <Delay = 0.29> <FuncUnit> <Opcode : 'select'> <InPorts = 3> <OutPorts = 1>
ST_1 : Operation 126 [1/1] (0.75ns)   --->   "%icmp_ln45_74 = icmp_sgt  i13 %data_20_val_read, i13 0" [firmware/nnet_utils/nnet_activation.h:45]   --->   Operation 126 'icmp' 'icmp_ln45_74' <Predicate = true> <Delay = 0.75> <CoreInst = "Cmp">   --->   Core 9 'Cmp' <Latency = 0> <II = 1> <Delay = 0.75> <FuncUnit> <Opcode : 'seteq' 'setne' 'setle' 'setge' 'setlt' 'setgt'> <InPorts = 2> <OutPorts = 1>
ST_1 : Operation 127 [1/1] (0.00ns)   --->   "%trunc_ln46_74 = trunc i13 %data_20_val_read" [firmware/nnet_utils/nnet_activation.h:46]   --->   Operation 127 'trunc' 'trunc_ln46_74' <Predicate = (icmp_ln45_74)> <Delay = 0.00>
ST_1 : Operation 128 [1/1] (0.29ns)   --->   "%select_ln45_74 = select i1 %icmp_ln45_74, i12 %trunc_ln46_74, i12 0" [firmware/nnet_utils/nnet_activation.h:45]   --->   Operation 128 'select' 'select_ln45_74' <Predicate = true> <Delay = 0.29> <CoreInst = "Sel">   --->   Core 73 'Sel' <Latency = 0> <II = 1> <Delay = 0.29> <FuncUnit> <Opcode : 'select'> <InPorts = 3> <OutPorts = 1>
ST_1 : Operation 129 [1/1] (0.75ns)   --->   "%icmp_ln45_75 = icmp_sgt  i13 %data_21_val_read, i13 0" [firmware/nnet_utils/nnet_activation.h:45]   --->   Operation 129 'icmp' 'icmp_ln45_75' <Predicate = true> <Delay = 0.75> <CoreInst = "Cmp">   --->   Core 9 'Cmp' <Latency = 0> <II = 1> <Delay = 0.75> <FuncUnit> <Opcode : 'seteq' 'setne' 'setle' 'setge' 'setlt' 'setgt'> <InPorts = 2> <OutPorts = 1>
ST_1 : Operation 130 [1/1] (0.00ns)   --->   "%trunc_ln46_75 = trunc i13 %data_21_val_read" [firmware/nnet_utils/nnet_activation.h:46]   --->   Operation 130 'trunc' 'trunc_ln46_75' <Predicate = (icmp_ln45_75)> <Delay = 0.00>
ST_1 : Operation 131 [1/1] (0.29ns)   --->   "%select_ln45_75 = select i1 %icmp_ln45_75, i12 %trunc_ln46_75, i12 0" [firmware/nnet_utils/nnet_activation.h:45]   --->   Operation 131 'select' 'select_ln45_75' <Predicate = true> <Delay = 0.29> <CoreInst = "Sel">   --->   Core 73 'Sel' <Latency = 0> <II = 1> <Delay = 0.29> <FuncUnit> <Opcode : 'select'> <InPorts = 3> <OutPorts = 1>
ST_1 : Operation 132 [1/1] (0.75ns)   --->   "%icmp_ln45_76 = icmp_sgt  i13 %data_22_val_read, i13 0" [firmware/nnet_utils/nnet_activation.h:45]   --->   Operation 132 'icmp' 'icmp_ln45_76' <Predicate = true> <Delay = 0.75> <CoreInst = "Cmp">   --->   Core 9 'Cmp' <Latency = 0> <II = 1> <Delay = 0.75> <FuncUnit> <Opcode : 'seteq' 'setne' 'setle' 'setge' 'setlt' 'setgt'> <InPorts = 2> <OutPorts = 1>
ST_1 : Operation 133 [1/1] (0.00ns)   --->   "%trunc_ln46_76 = trunc i13 %data_22_val_read" [firmware/nnet_utils/nnet_activation.h:46]   --->   Operation 133 'trunc' 'trunc_ln46_76' <Predicate = (icmp_ln45_76)> <Delay = 0.00>
ST_1 : Operation 134 [1/1] (0.29ns)   --->   "%select_ln45_76 = select i1 %icmp_ln45_76, i12 %trunc_ln46_76, i12 0" [firmware/nnet_utils/nnet_activation.h:45]   --->   Operation 134 'select' 'select_ln45_76' <Predicate = true> <Delay = 0.29> <CoreInst = "Sel">   --->   Core 73 'Sel' <Latency = 0> <II = 1> <Delay = 0.29> <FuncUnit> <Opcode : 'select'> <InPorts = 3> <OutPorts = 1>
ST_1 : Operation 135 [1/1] (0.75ns)   --->   "%icmp_ln45_77 = icmp_sgt  i13 %data_23_val_read, i13 0" [firmware/nnet_utils/nnet_activation.h:45]   --->   Operation 135 'icmp' 'icmp_ln45_77' <Predicate = true> <Delay = 0.75> <CoreInst = "Cmp">   --->   Core 9 'Cmp' <Latency = 0> <II = 1> <Delay = 0.75> <FuncUnit> <Opcode : 'seteq' 'setne' 'setle' 'setge' 'setlt' 'setgt'> <InPorts = 2> <OutPorts = 1>
ST_1 : Operation 136 [1/1] (0.00ns)   --->   "%trunc_ln46_77 = trunc i13 %data_23_val_read" [firmware/nnet_utils/nnet_activation.h:46]   --->   Operation 136 'trunc' 'trunc_ln46_77' <Predicate = (icmp_ln45_77)> <Delay = 0.00>
ST_1 : Operation 137 [1/1] (0.29ns)   --->   "%select_ln45_77 = select i1 %icmp_ln45_77, i12 %trunc_ln46_77, i12 0" [firmware/nnet_utils/nnet_activation.h:45]   --->   Operation 137 'select' 'select_ln45_77' <Predicate = true> <Delay = 0.29> <CoreInst = "Sel">   --->   Core 73 'Sel' <Latency = 0> <II = 1> <Delay = 0.29> <FuncUnit> <Opcode : 'select'> <InPorts = 3> <OutPorts = 1>
ST_1 : Operation 138 [1/1] (0.75ns)   --->   "%icmp_ln45_78 = icmp_sgt  i13 %data_24_val_read, i13 0" [firmware/nnet_utils/nnet_activation.h:45]   --->   Operation 138 'icmp' 'icmp_ln45_78' <Predicate = true> <Delay = 0.75> <CoreInst = "Cmp">   --->   Core 9 'Cmp' <Latency = 0> <II = 1> <Delay = 0.75> <FuncUnit> <Opcode : 'seteq' 'setne' 'setle' 'setge' 'setlt' 'setgt'> <InPorts = 2> <OutPorts = 1>
ST_1 : Operation 139 [1/1] (0.00ns)   --->   "%trunc_ln46_78 = trunc i13 %data_24_val_read" [firmware/nnet_utils/nnet_activation.h:46]   --->   Operation 139 'trunc' 'trunc_ln46_78' <Predicate = (icmp_ln45_78)> <Delay = 0.00>
ST_1 : Operation 140 [1/1] (0.29ns)   --->   "%select_ln45_78 = select i1 %icmp_ln45_78, i12 %trunc_ln46_78, i12 0" [firmware/nnet_utils/nnet_activation.h:45]   --->   Operation 140 'select' 'select_ln45_78' <Predicate = true> <Delay = 0.29> <CoreInst = "Sel">   --->   Core 73 'Sel' <Latency = 0> <II = 1> <Delay = 0.29> <FuncUnit> <Opcode : 'select'> <InPorts = 3> <OutPorts = 1>
ST_1 : Operation 141 [1/1] (0.75ns)   --->   "%icmp_ln45_79 = icmp_sgt  i13 %data_25_val_read, i13 0" [firmware/nnet_utils/nnet_activation.h:45]   --->   Operation 141 'icmp' 'icmp_ln45_79' <Predicate = true> <Delay = 0.75> <CoreInst = "Cmp">   --->   Core 9 'Cmp' <Latency = 0> <II = 1> <Delay = 0.75> <FuncUnit> <Opcode : 'seteq' 'setne' 'setle' 'setge' 'setlt' 'setgt'> <InPorts = 2> <OutPorts = 1>
ST_1 : Operation 142 [1/1] (0.00ns)   --->   "%trunc_ln46_79 = trunc i13 %data_25_val_read" [firmware/nnet_utils/nnet_activation.h:46]   --->   Operation 142 'trunc' 'trunc_ln46_79' <Predicate = (icmp_ln45_79)> <Delay = 0.00>
ST_1 : Operation 143 [1/1] (0.29ns)   --->   "%select_ln45_79 = select i1 %icmp_ln45_79, i12 %trunc_ln46_79, i12 0" [firmware/nnet_utils/nnet_activation.h:45]   --->   Operation 143 'select' 'select_ln45_79' <Predicate = true> <Delay = 0.29> <CoreInst = "Sel">   --->   Core 73 'Sel' <Latency = 0> <II = 1> <Delay = 0.29> <FuncUnit> <Opcode : 'select'> <InPorts = 3> <OutPorts = 1>
ST_1 : Operation 144 [1/1] (0.75ns)   --->   "%icmp_ln45_80 = icmp_sgt  i13 %data_26_val_read, i13 0" [firmware/nnet_utils/nnet_activation.h:45]   --->   Operation 144 'icmp' 'icmp_ln45_80' <Predicate = true> <Delay = 0.75> <CoreInst = "Cmp">   --->   Core 9 'Cmp' <Latency = 0> <II = 1> <Delay = 0.75> <FuncUnit> <Opcode : 'seteq' 'setne' 'setle' 'setge' 'setlt' 'setgt'> <InPorts = 2> <OutPorts = 1>
ST_1 : Operation 145 [1/1] (0.00ns)   --->   "%trunc_ln46_80 = trunc i13 %data_26_val_read" [firmware/nnet_utils/nnet_activation.h:46]   --->   Operation 145 'trunc' 'trunc_ln46_80' <Predicate = (icmp_ln45_80)> <Delay = 0.00>
ST_1 : Operation 146 [1/1] (0.29ns)   --->   "%select_ln45_80 = select i1 %icmp_ln45_80, i12 %trunc_ln46_80, i12 0" [firmware/nnet_utils/nnet_activation.h:45]   --->   Operation 146 'select' 'select_ln45_80' <Predicate = true> <Delay = 0.29> <CoreInst = "Sel">   --->   Core 73 'Sel' <Latency = 0> <II = 1> <Delay = 0.29> <FuncUnit> <Opcode : 'select'> <InPorts = 3> <OutPorts = 1>
ST_1 : Operation 147 [1/1] (0.75ns)   --->   "%icmp_ln45_81 = icmp_sgt  i13 %data_27_val_read, i13 0" [firmware/nnet_utils/nnet_activation.h:45]   --->   Operation 147 'icmp' 'icmp_ln45_81' <Predicate = true> <Delay = 0.75> <CoreInst = "Cmp">   --->   Core 9 'Cmp' <Latency = 0> <II = 1> <Delay = 0.75> <FuncUnit> <Opcode : 'seteq' 'setne' 'setle' 'setge' 'setlt' 'setgt'> <InPorts = 2> <OutPorts = 1>
ST_1 : Operation 148 [1/1] (0.00ns)   --->   "%trunc_ln46_81 = trunc i13 %data_27_val_read" [firmware/nnet_utils/nnet_activation.h:46]   --->   Operation 148 'trunc' 'trunc_ln46_81' <Predicate = (icmp_ln45_81)> <Delay = 0.00>
ST_1 : Operation 149 [1/1] (0.29ns)   --->   "%select_ln45_81 = select i1 %icmp_ln45_81, i12 %trunc_ln46_81, i12 0" [firmware/nnet_utils/nnet_activation.h:45]   --->   Operation 149 'select' 'select_ln45_81' <Predicate = true> <Delay = 0.29> <CoreInst = "Sel">   --->   Core 73 'Sel' <Latency = 0> <II = 1> <Delay = 0.29> <FuncUnit> <Opcode : 'select'> <InPorts = 3> <OutPorts = 1>
ST_1 : Operation 150 [1/1] (0.75ns)   --->   "%icmp_ln45_82 = icmp_sgt  i13 %data_28_val_read, i13 0" [firmware/nnet_utils/nnet_activation.h:45]   --->   Operation 150 'icmp' 'icmp_ln45_82' <Predicate = true> <Delay = 0.75> <CoreInst = "Cmp">   --->   Core 9 'Cmp' <Latency = 0> <II = 1> <Delay = 0.75> <FuncUnit> <Opcode : 'seteq' 'setne' 'setle' 'setge' 'setlt' 'setgt'> <InPorts = 2> <OutPorts = 1>
ST_1 : Operation 151 [1/1] (0.00ns)   --->   "%trunc_ln46_82 = trunc i13 %data_28_val_read" [firmware/nnet_utils/nnet_activation.h:46]   --->   Operation 151 'trunc' 'trunc_ln46_82' <Predicate = (icmp_ln45_82)> <Delay = 0.00>
ST_1 : Operation 152 [1/1] (0.29ns)   --->   "%select_ln45_82 = select i1 %icmp_ln45_82, i12 %trunc_ln46_82, i12 0" [firmware/nnet_utils/nnet_activation.h:45]   --->   Operation 152 'select' 'select_ln45_82' <Predicate = true> <Delay = 0.29> <CoreInst = "Sel">   --->   Core 73 'Sel' <Latency = 0> <II = 1> <Delay = 0.29> <FuncUnit> <Opcode : 'select'> <InPorts = 3> <OutPorts = 1>
ST_1 : Operation 153 [1/1] (0.75ns)   --->   "%icmp_ln45_83 = icmp_sgt  i13 %data_29_val_read, i13 0" [firmware/nnet_utils/nnet_activation.h:45]   --->   Operation 153 'icmp' 'icmp_ln45_83' <Predicate = true> <Delay = 0.75> <CoreInst = "Cmp">   --->   Core 9 'Cmp' <Latency = 0> <II = 1> <Delay = 0.75> <FuncUnit> <Opcode : 'seteq' 'setne' 'setle' 'setge' 'setlt' 'setgt'> <InPorts = 2> <OutPorts = 1>
ST_1 : Operation 154 [1/1] (0.00ns)   --->   "%trunc_ln46_83 = trunc i13 %data_29_val_read" [firmware/nnet_utils/nnet_activation.h:46]   --->   Operation 154 'trunc' 'trunc_ln46_83' <Predicate = (icmp_ln45_83)> <Delay = 0.00>
ST_1 : Operation 155 [1/1] (0.29ns)   --->   "%select_ln45_83 = select i1 %icmp_ln45_83, i12 %trunc_ln46_83, i12 0" [firmware/nnet_utils/nnet_activation.h:45]   --->   Operation 155 'select' 'select_ln45_83' <Predicate = true> <Delay = 0.29> <CoreInst = "Sel">   --->   Core 73 'Sel' <Latency = 0> <II = 1> <Delay = 0.29> <FuncUnit> <Opcode : 'select'> <InPorts = 3> <OutPorts = 1>
ST_1 : Operation 156 [1/1] (0.75ns)   --->   "%icmp_ln45_84 = icmp_sgt  i13 %data_30_val_read, i13 0" [firmware/nnet_utils/nnet_activation.h:45]   --->   Operation 156 'icmp' 'icmp_ln45_84' <Predicate = true> <Delay = 0.75> <CoreInst = "Cmp">   --->   Core 9 'Cmp' <Latency = 0> <II = 1> <Delay = 0.75> <FuncUnit> <Opcode : 'seteq' 'setne' 'setle' 'setge' 'setlt' 'setgt'> <InPorts = 2> <OutPorts = 1>
ST_1 : Operation 157 [1/1] (0.00ns)   --->   "%trunc_ln46_84 = trunc i13 %data_30_val_read" [firmware/nnet_utils/nnet_activation.h:46]   --->   Operation 157 'trunc' 'trunc_ln46_84' <Predicate = (icmp_ln45_84)> <Delay = 0.00>
ST_1 : Operation 158 [1/1] (0.29ns)   --->   "%select_ln45_84 = select i1 %icmp_ln45_84, i12 %trunc_ln46_84, i12 0" [firmware/nnet_utils/nnet_activation.h:45]   --->   Operation 158 'select' 'select_ln45_84' <Predicate = true> <Delay = 0.29> <CoreInst = "Sel">   --->   Core 73 'Sel' <Latency = 0> <II = 1> <Delay = 0.29> <FuncUnit> <Opcode : 'select'> <InPorts = 3> <OutPorts = 1>
ST_1 : Operation 159 [1/1] (0.75ns)   --->   "%icmp_ln45_85 = icmp_sgt  i13 %data_31_val_read, i13 0" [firmware/nnet_utils/nnet_activation.h:45]   --->   Operation 159 'icmp' 'icmp_ln45_85' <Predicate = true> <Delay = 0.75> <CoreInst = "Cmp">   --->   Core 9 'Cmp' <Latency = 0> <II = 1> <Delay = 0.75> <FuncUnit> <Opcode : 'seteq' 'setne' 'setle' 'setge' 'setlt' 'setgt'> <InPorts = 2> <OutPorts = 1>
ST_1 : Operation 160 [1/1] (0.00ns)   --->   "%trunc_ln46_85 = trunc i13 %data_31_val_read" [firmware/nnet_utils/nnet_activation.h:46]   --->   Operation 160 'trunc' 'trunc_ln46_85' <Predicate = (icmp_ln45_85)> <Delay = 0.00>
ST_1 : Operation 161 [1/1] (0.29ns)   --->   "%select_ln45_85 = select i1 %icmp_ln45_85, i12 %trunc_ln46_85, i12 0" [firmware/nnet_utils/nnet_activation.h:45]   --->   Operation 161 'select' 'select_ln45_85' <Predicate = true> <Delay = 0.29> <CoreInst = "Sel">   --->   Core 73 'Sel' <Latency = 0> <II = 1> <Delay = 0.29> <FuncUnit> <Opcode : 'select'> <InPorts = 3> <OutPorts = 1>
ST_1 : Operation 162 [1/1] (0.75ns)   --->   "%icmp_ln45_86 = icmp_sgt  i13 %data_33_val_read, i13 0" [firmware/nnet_utils/nnet_activation.h:45]   --->   Operation 162 'icmp' 'icmp_ln45_86' <Predicate = true> <Delay = 0.75> <CoreInst = "Cmp">   --->   Core 9 'Cmp' <Latency = 0> <II = 1> <Delay = 0.75> <FuncUnit> <Opcode : 'seteq' 'setne' 'setle' 'setge' 'setlt' 'setgt'> <InPorts = 2> <OutPorts = 1>
ST_1 : Operation 163 [1/1] (0.00ns)   --->   "%trunc_ln46_86 = trunc i13 %data_33_val_read" [firmware/nnet_utils/nnet_activation.h:46]   --->   Operation 163 'trunc' 'trunc_ln46_86' <Predicate = (icmp_ln45_86)> <Delay = 0.00>
ST_1 : Operation 164 [1/1] (0.29ns)   --->   "%select_ln45_86 = select i1 %icmp_ln45_86, i12 %trunc_ln46_86, i12 0" [firmware/nnet_utils/nnet_activation.h:45]   --->   Operation 164 'select' 'select_ln45_86' <Predicate = true> <Delay = 0.29> <CoreInst = "Sel">   --->   Core 73 'Sel' <Latency = 0> <II = 1> <Delay = 0.29> <FuncUnit> <Opcode : 'select'> <InPorts = 3> <OutPorts = 1>
ST_1 : Operation 165 [1/1] (0.75ns)   --->   "%icmp_ln45_87 = icmp_sgt  i13 %data_34_val_read, i13 0" [firmware/nnet_utils/nnet_activation.h:45]   --->   Operation 165 'icmp' 'icmp_ln45_87' <Predicate = true> <Delay = 0.75> <CoreInst = "Cmp">   --->   Core 9 'Cmp' <Latency = 0> <II = 1> <Delay = 0.75> <FuncUnit> <Opcode : 'seteq' 'setne' 'setle' 'setge' 'setlt' 'setgt'> <InPorts = 2> <OutPorts = 1>
ST_1 : Operation 166 [1/1] (0.00ns)   --->   "%trunc_ln46_87 = trunc i13 %data_34_val_read" [firmware/nnet_utils/nnet_activation.h:46]   --->   Operation 166 'trunc' 'trunc_ln46_87' <Predicate = (icmp_ln45_87)> <Delay = 0.00>
ST_1 : Operation 167 [1/1] (0.29ns)   --->   "%select_ln45_87 = select i1 %icmp_ln45_87, i12 %trunc_ln46_87, i12 0" [firmware/nnet_utils/nnet_activation.h:45]   --->   Operation 167 'select' 'select_ln45_87' <Predicate = true> <Delay = 0.29> <CoreInst = "Sel">   --->   Core 73 'Sel' <Latency = 0> <II = 1> <Delay = 0.29> <FuncUnit> <Opcode : 'select'> <InPorts = 3> <OutPorts = 1>
ST_1 : Operation 168 [1/1] (0.75ns)   --->   "%icmp_ln45_88 = icmp_sgt  i13 %data_35_val_read, i13 0" [firmware/nnet_utils/nnet_activation.h:45]   --->   Operation 168 'icmp' 'icmp_ln45_88' <Predicate = true> <Delay = 0.75> <CoreInst = "Cmp">   --->   Core 9 'Cmp' <Latency = 0> <II = 1> <Delay = 0.75> <FuncUnit> <Opcode : 'seteq' 'setne' 'setle' 'setge' 'setlt' 'setgt'> <InPorts = 2> <OutPorts = 1>
ST_1 : Operation 169 [1/1] (0.00ns)   --->   "%trunc_ln46_88 = trunc i13 %data_35_val_read" [firmware/nnet_utils/nnet_activation.h:46]   --->   Operation 169 'trunc' 'trunc_ln46_88' <Predicate = (icmp_ln45_88)> <Delay = 0.00>
ST_1 : Operation 170 [1/1] (0.29ns)   --->   "%select_ln45_88 = select i1 %icmp_ln45_88, i12 %trunc_ln46_88, i12 0" [firmware/nnet_utils/nnet_activation.h:45]   --->   Operation 170 'select' 'select_ln45_88' <Predicate = true> <Delay = 0.29> <CoreInst = "Sel">   --->   Core 73 'Sel' <Latency = 0> <II = 1> <Delay = 0.29> <FuncUnit> <Opcode : 'select'> <InPorts = 3> <OutPorts = 1>
ST_1 : Operation 171 [1/1] (0.75ns)   --->   "%icmp_ln45_89 = icmp_sgt  i13 %data_36_val_read, i13 0" [firmware/nnet_utils/nnet_activation.h:45]   --->   Operation 171 'icmp' 'icmp_ln45_89' <Predicate = true> <Delay = 0.75> <CoreInst = "Cmp">   --->   Core 9 'Cmp' <Latency = 0> <II = 1> <Delay = 0.75> <FuncUnit> <Opcode : 'seteq' 'setne' 'setle' 'setge' 'setlt' 'setgt'> <InPorts = 2> <OutPorts = 1>
ST_1 : Operation 172 [1/1] (0.00ns)   --->   "%trunc_ln46_89 = trunc i13 %data_36_val_read" [firmware/nnet_utils/nnet_activation.h:46]   --->   Operation 172 'trunc' 'trunc_ln46_89' <Predicate = (icmp_ln45_89)> <Delay = 0.00>
ST_1 : Operation 173 [1/1] (0.29ns)   --->   "%select_ln45_89 = select i1 %icmp_ln45_89, i12 %trunc_ln46_89, i12 0" [firmware/nnet_utils/nnet_activation.h:45]   --->   Operation 173 'select' 'select_ln45_89' <Predicate = true> <Delay = 0.29> <CoreInst = "Sel">   --->   Core 73 'Sel' <Latency = 0> <II = 1> <Delay = 0.29> <FuncUnit> <Opcode : 'select'> <InPorts = 3> <OutPorts = 1>
ST_1 : Operation 174 [1/1] (0.75ns)   --->   "%icmp_ln45_90 = icmp_sgt  i13 %data_37_val_read, i13 0" [firmware/nnet_utils/nnet_activation.h:45]   --->   Operation 174 'icmp' 'icmp_ln45_90' <Predicate = true> <Delay = 0.75> <CoreInst = "Cmp">   --->   Core 9 'Cmp' <Latency = 0> <II = 1> <Delay = 0.75> <FuncUnit> <Opcode : 'seteq' 'setne' 'setle' 'setge' 'setlt' 'setgt'> <InPorts = 2> <OutPorts = 1>
ST_1 : Operation 175 [1/1] (0.00ns)   --->   "%trunc_ln46_90 = trunc i13 %data_37_val_read" [firmware/nnet_utils/nnet_activation.h:46]   --->   Operation 175 'trunc' 'trunc_ln46_90' <Predicate = (icmp_ln45_90)> <Delay = 0.00>
ST_1 : Operation 176 [1/1] (0.29ns)   --->   "%select_ln45_90 = select i1 %icmp_ln45_90, i12 %trunc_ln46_90, i12 0" [firmware/nnet_utils/nnet_activation.h:45]   --->   Operation 176 'select' 'select_ln45_90' <Predicate = true> <Delay = 0.29> <CoreInst = "Sel">   --->   Core 73 'Sel' <Latency = 0> <II = 1> <Delay = 0.29> <FuncUnit> <Opcode : 'select'> <InPorts = 3> <OutPorts = 1>
ST_1 : Operation 177 [1/1] (0.75ns)   --->   "%icmp_ln45_91 = icmp_sgt  i13 %data_38_val_read, i13 0" [firmware/nnet_utils/nnet_activation.h:45]   --->   Operation 177 'icmp' 'icmp_ln45_91' <Predicate = true> <Delay = 0.75> <CoreInst = "Cmp">   --->   Core 9 'Cmp' <Latency = 0> <II = 1> <Delay = 0.75> <FuncUnit> <Opcode : 'seteq' 'setne' 'setle' 'setge' 'setlt' 'setgt'> <InPorts = 2> <OutPorts = 1>
ST_1 : Operation 178 [1/1] (0.00ns)   --->   "%trunc_ln46_91 = trunc i13 %data_38_val_read" [firmware/nnet_utils/nnet_activation.h:46]   --->   Operation 178 'trunc' 'trunc_ln46_91' <Predicate = (icmp_ln45_91)> <Delay = 0.00>
ST_1 : Operation 179 [1/1] (0.29ns)   --->   "%select_ln45_91 = select i1 %icmp_ln45_91, i12 %trunc_ln46_91, i12 0" [firmware/nnet_utils/nnet_activation.h:45]   --->   Operation 179 'select' 'select_ln45_91' <Predicate = true> <Delay = 0.29> <CoreInst = "Sel">   --->   Core 73 'Sel' <Latency = 0> <II = 1> <Delay = 0.29> <FuncUnit> <Opcode : 'select'> <InPorts = 3> <OutPorts = 1>
ST_1 : Operation 180 [1/1] (0.75ns)   --->   "%icmp_ln45_92 = icmp_sgt  i13 %data_39_val_read, i13 0" [firmware/nnet_utils/nnet_activation.h:45]   --->   Operation 180 'icmp' 'icmp_ln45_92' <Predicate = true> <Delay = 0.75> <CoreInst = "Cmp">   --->   Core 9 'Cmp' <Latency = 0> <II = 1> <Delay = 0.75> <FuncUnit> <Opcode : 'seteq' 'setne' 'setle' 'setge' 'setlt' 'setgt'> <InPorts = 2> <OutPorts = 1>
ST_1 : Operation 181 [1/1] (0.00ns)   --->   "%trunc_ln46_92 = trunc i13 %data_39_val_read" [firmware/nnet_utils/nnet_activation.h:46]   --->   Operation 181 'trunc' 'trunc_ln46_92' <Predicate = (icmp_ln45_92)> <Delay = 0.00>
ST_1 : Operation 182 [1/1] (0.29ns)   --->   "%select_ln45_92 = select i1 %icmp_ln45_92, i12 %trunc_ln46_92, i12 0" [firmware/nnet_utils/nnet_activation.h:45]   --->   Operation 182 'select' 'select_ln45_92' <Predicate = true> <Delay = 0.29> <CoreInst = "Sel">   --->   Core 73 'Sel' <Latency = 0> <II = 1> <Delay = 0.29> <FuncUnit> <Opcode : 'select'> <InPorts = 3> <OutPorts = 1>
ST_1 : Operation 183 [1/1] (0.75ns)   --->   "%icmp_ln45_93 = icmp_sgt  i13 %data_40_val_read, i13 0" [firmware/nnet_utils/nnet_activation.h:45]   --->   Operation 183 'icmp' 'icmp_ln45_93' <Predicate = true> <Delay = 0.75> <CoreInst = "Cmp">   --->   Core 9 'Cmp' <Latency = 0> <II = 1> <Delay = 0.75> <FuncUnit> <Opcode : 'seteq' 'setne' 'setle' 'setge' 'setlt' 'setgt'> <InPorts = 2> <OutPorts = 1>
ST_1 : Operation 184 [1/1] (0.00ns)   --->   "%trunc_ln46_93 = trunc i13 %data_40_val_read" [firmware/nnet_utils/nnet_activation.h:46]   --->   Operation 184 'trunc' 'trunc_ln46_93' <Predicate = (icmp_ln45_93)> <Delay = 0.00>
ST_1 : Operation 185 [1/1] (0.29ns)   --->   "%select_ln45_93 = select i1 %icmp_ln45_93, i12 %trunc_ln46_93, i12 0" [firmware/nnet_utils/nnet_activation.h:45]   --->   Operation 185 'select' 'select_ln45_93' <Predicate = true> <Delay = 0.29> <CoreInst = "Sel">   --->   Core 73 'Sel' <Latency = 0> <II = 1> <Delay = 0.29> <FuncUnit> <Opcode : 'select'> <InPorts = 3> <OutPorts = 1>
ST_1 : Operation 186 [1/1] (0.75ns)   --->   "%icmp_ln45_94 = icmp_sgt  i13 %data_41_val_read, i13 0" [firmware/nnet_utils/nnet_activation.h:45]   --->   Operation 186 'icmp' 'icmp_ln45_94' <Predicate = true> <Delay = 0.75> <CoreInst = "Cmp">   --->   Core 9 'Cmp' <Latency = 0> <II = 1> <Delay = 0.75> <FuncUnit> <Opcode : 'seteq' 'setne' 'setle' 'setge' 'setlt' 'setgt'> <InPorts = 2> <OutPorts = 1>
ST_1 : Operation 187 [1/1] (0.00ns)   --->   "%trunc_ln46_94 = trunc i13 %data_41_val_read" [firmware/nnet_utils/nnet_activation.h:46]   --->   Operation 187 'trunc' 'trunc_ln46_94' <Predicate = (icmp_ln45_94)> <Delay = 0.00>
ST_1 : Operation 188 [1/1] (0.29ns)   --->   "%select_ln45_94 = select i1 %icmp_ln45_94, i12 %trunc_ln46_94, i12 0" [firmware/nnet_utils/nnet_activation.h:45]   --->   Operation 188 'select' 'select_ln45_94' <Predicate = true> <Delay = 0.29> <CoreInst = "Sel">   --->   Core 73 'Sel' <Latency = 0> <II = 1> <Delay = 0.29> <FuncUnit> <Opcode : 'select'> <InPorts = 3> <OutPorts = 1>
ST_1 : Operation 189 [1/1] (0.75ns)   --->   "%icmp_ln45_95 = icmp_sgt  i13 %data_42_val_read, i13 0" [firmware/nnet_utils/nnet_activation.h:45]   --->   Operation 189 'icmp' 'icmp_ln45_95' <Predicate = true> <Delay = 0.75> <CoreInst = "Cmp">   --->   Core 9 'Cmp' <Latency = 0> <II = 1> <Delay = 0.75> <FuncUnit> <Opcode : 'seteq' 'setne' 'setle' 'setge' 'setlt' 'setgt'> <InPorts = 2> <OutPorts = 1>
ST_1 : Operation 190 [1/1] (0.00ns)   --->   "%trunc_ln46_95 = trunc i13 %data_42_val_read" [firmware/nnet_utils/nnet_activation.h:46]   --->   Operation 190 'trunc' 'trunc_ln46_95' <Predicate = (icmp_ln45_95)> <Delay = 0.00>
ST_1 : Operation 191 [1/1] (0.29ns)   --->   "%select_ln45_95 = select i1 %icmp_ln45_95, i12 %trunc_ln46_95, i12 0" [firmware/nnet_utils/nnet_activation.h:45]   --->   Operation 191 'select' 'select_ln45_95' <Predicate = true> <Delay = 0.29> <CoreInst = "Sel">   --->   Core 73 'Sel' <Latency = 0> <II = 1> <Delay = 0.29> <FuncUnit> <Opcode : 'select'> <InPorts = 3> <OutPorts = 1>
ST_1 : Operation 192 [1/1] (0.75ns)   --->   "%icmp_ln45_96 = icmp_sgt  i13 %data_43_val_read, i13 0" [firmware/nnet_utils/nnet_activation.h:45]   --->   Operation 192 'icmp' 'icmp_ln45_96' <Predicate = true> <Delay = 0.75> <CoreInst = "Cmp">   --->   Core 9 'Cmp' <Latency = 0> <II = 1> <Delay = 0.75> <FuncUnit> <Opcode : 'seteq' 'setne' 'setle' 'setge' 'setlt' 'setgt'> <InPorts = 2> <OutPorts = 1>
ST_1 : Operation 193 [1/1] (0.00ns)   --->   "%trunc_ln46_96 = trunc i13 %data_43_val_read" [firmware/nnet_utils/nnet_activation.h:46]   --->   Operation 193 'trunc' 'trunc_ln46_96' <Predicate = (icmp_ln45_96)> <Delay = 0.00>
ST_1 : Operation 194 [1/1] (0.29ns)   --->   "%select_ln45_96 = select i1 %icmp_ln45_96, i12 %trunc_ln46_96, i12 0" [firmware/nnet_utils/nnet_activation.h:45]   --->   Operation 194 'select' 'select_ln45_96' <Predicate = true> <Delay = 0.29> <CoreInst = "Sel">   --->   Core 73 'Sel' <Latency = 0> <II = 1> <Delay = 0.29> <FuncUnit> <Opcode : 'select'> <InPorts = 3> <OutPorts = 1>
ST_1 : Operation 195 [1/1] (0.75ns)   --->   "%icmp_ln45_97 = icmp_sgt  i13 %data_44_val_read, i13 0" [firmware/nnet_utils/nnet_activation.h:45]   --->   Operation 195 'icmp' 'icmp_ln45_97' <Predicate = true> <Delay = 0.75> <CoreInst = "Cmp">   --->   Core 9 'Cmp' <Latency = 0> <II = 1> <Delay = 0.75> <FuncUnit> <Opcode : 'seteq' 'setne' 'setle' 'setge' 'setlt' 'setgt'> <InPorts = 2> <OutPorts = 1>
ST_1 : Operation 196 [1/1] (0.00ns)   --->   "%trunc_ln46_97 = trunc i13 %data_44_val_read" [firmware/nnet_utils/nnet_activation.h:46]   --->   Operation 196 'trunc' 'trunc_ln46_97' <Predicate = (icmp_ln45_97)> <Delay = 0.00>
ST_1 : Operation 197 [1/1] (0.29ns)   --->   "%select_ln45_97 = select i1 %icmp_ln45_97, i12 %trunc_ln46_97, i12 0" [firmware/nnet_utils/nnet_activation.h:45]   --->   Operation 197 'select' 'select_ln45_97' <Predicate = true> <Delay = 0.29> <CoreInst = "Sel">   --->   Core 73 'Sel' <Latency = 0> <II = 1> <Delay = 0.29> <FuncUnit> <Opcode : 'select'> <InPorts = 3> <OutPorts = 1>
ST_1 : Operation 198 [1/1] (0.75ns)   --->   "%icmp_ln45_98 = icmp_sgt  i13 %data_45_val_read, i13 0" [firmware/nnet_utils/nnet_activation.h:45]   --->   Operation 198 'icmp' 'icmp_ln45_98' <Predicate = true> <Delay = 0.75> <CoreInst = "Cmp">   --->   Core 9 'Cmp' <Latency = 0> <II = 1> <Delay = 0.75> <FuncUnit> <Opcode : 'seteq' 'setne' 'setle' 'setge' 'setlt' 'setgt'> <InPorts = 2> <OutPorts = 1>
ST_1 : Operation 199 [1/1] (0.00ns)   --->   "%trunc_ln46_98 = trunc i13 %data_45_val_read" [firmware/nnet_utils/nnet_activation.h:46]   --->   Operation 199 'trunc' 'trunc_ln46_98' <Predicate = (icmp_ln45_98)> <Delay = 0.00>
ST_1 : Operation 200 [1/1] (0.29ns)   --->   "%select_ln45_98 = select i1 %icmp_ln45_98, i12 %trunc_ln46_98, i12 0" [firmware/nnet_utils/nnet_activation.h:45]   --->   Operation 200 'select' 'select_ln45_98' <Predicate = true> <Delay = 0.29> <CoreInst = "Sel">   --->   Core 73 'Sel' <Latency = 0> <II = 1> <Delay = 0.29> <FuncUnit> <Opcode : 'select'> <InPorts = 3> <OutPorts = 1>
ST_1 : Operation 201 [1/1] (0.75ns)   --->   "%icmp_ln45_99 = icmp_sgt  i13 %data_46_val_read, i13 0" [firmware/nnet_utils/nnet_activation.h:45]   --->   Operation 201 'icmp' 'icmp_ln45_99' <Predicate = true> <Delay = 0.75> <CoreInst = "Cmp">   --->   Core 9 'Cmp' <Latency = 0> <II = 1> <Delay = 0.75> <FuncUnit> <Opcode : 'seteq' 'setne' 'setle' 'setge' 'setlt' 'setgt'> <InPorts = 2> <OutPorts = 1>
ST_1 : Operation 202 [1/1] (0.00ns)   --->   "%trunc_ln46_99 = trunc i13 %data_46_val_read" [firmware/nnet_utils/nnet_activation.h:46]   --->   Operation 202 'trunc' 'trunc_ln46_99' <Predicate = (icmp_ln45_99)> <Delay = 0.00>
ST_1 : Operation 203 [1/1] (0.29ns)   --->   "%select_ln45_99 = select i1 %icmp_ln45_99, i12 %trunc_ln46_99, i12 0" [firmware/nnet_utils/nnet_activation.h:45]   --->   Operation 203 'select' 'select_ln45_99' <Predicate = true> <Delay = 0.29> <CoreInst = "Sel">   --->   Core 73 'Sel' <Latency = 0> <II = 1> <Delay = 0.29> <FuncUnit> <Opcode : 'select'> <InPorts = 3> <OutPorts = 1>
ST_1 : Operation 204 [1/1] (0.75ns)   --->   "%icmp_ln45_100 = icmp_sgt  i13 %data_47_val_read, i13 0" [firmware/nnet_utils/nnet_activation.h:45]   --->   Operation 204 'icmp' 'icmp_ln45_100' <Predicate = true> <Delay = 0.75> <CoreInst = "Cmp">   --->   Core 9 'Cmp' <Latency = 0> <II = 1> <Delay = 0.75> <FuncUnit> <Opcode : 'seteq' 'setne' 'setle' 'setge' 'setlt' 'setgt'> <InPorts = 2> <OutPorts = 1>
ST_1 : Operation 205 [1/1] (0.00ns)   --->   "%trunc_ln46_100 = trunc i13 %data_47_val_read" [firmware/nnet_utils/nnet_activation.h:46]   --->   Operation 205 'trunc' 'trunc_ln46_100' <Predicate = (icmp_ln45_100)> <Delay = 0.00>
ST_1 : Operation 206 [1/1] (0.29ns)   --->   "%select_ln45_100 = select i1 %icmp_ln45_100, i12 %trunc_ln46_100, i12 0" [firmware/nnet_utils/nnet_activation.h:45]   --->   Operation 206 'select' 'select_ln45_100' <Predicate = true> <Delay = 0.29> <CoreInst = "Sel">   --->   Core 73 'Sel' <Latency = 0> <II = 1> <Delay = 0.29> <FuncUnit> <Opcode : 'select'> <InPorts = 3> <OutPorts = 1>
ST_1 : Operation 207 [1/1] (0.75ns)   --->   "%icmp_ln45_101 = icmp_sgt  i13 %data_48_val_read, i13 0" [firmware/nnet_utils/nnet_activation.h:45]   --->   Operation 207 'icmp' 'icmp_ln45_101' <Predicate = true> <Delay = 0.75> <CoreInst = "Cmp">   --->   Core 9 'Cmp' <Latency = 0> <II = 1> <Delay = 0.75> <FuncUnit> <Opcode : 'seteq' 'setne' 'setle' 'setge' 'setlt' 'setgt'> <InPorts = 2> <OutPorts = 1>
ST_1 : Operation 208 [1/1] (0.00ns)   --->   "%trunc_ln46_101 = trunc i13 %data_48_val_read" [firmware/nnet_utils/nnet_activation.h:46]   --->   Operation 208 'trunc' 'trunc_ln46_101' <Predicate = (icmp_ln45_101)> <Delay = 0.00>
ST_1 : Operation 209 [1/1] (0.29ns)   --->   "%select_ln45_101 = select i1 %icmp_ln45_101, i12 %trunc_ln46_101, i12 0" [firmware/nnet_utils/nnet_activation.h:45]   --->   Operation 209 'select' 'select_ln45_101' <Predicate = true> <Delay = 0.29> <CoreInst = "Sel">   --->   Core 73 'Sel' <Latency = 0> <II = 1> <Delay = 0.29> <FuncUnit> <Opcode : 'select'> <InPorts = 3> <OutPorts = 1>
ST_1 : Operation 210 [1/1] (0.75ns)   --->   "%icmp_ln45_102 = icmp_sgt  i13 %data_49_val_read, i13 0" [firmware/nnet_utils/nnet_activation.h:45]   --->   Operation 210 'icmp' 'icmp_ln45_102' <Predicate = true> <Delay = 0.75> <CoreInst = "Cmp">   --->   Core 9 'Cmp' <Latency = 0> <II = 1> <Delay = 0.75> <FuncUnit> <Opcode : 'seteq' 'setne' 'setle' 'setge' 'setlt' 'setgt'> <InPorts = 2> <OutPorts = 1>
ST_1 : Operation 211 [1/1] (0.00ns)   --->   "%trunc_ln46_102 = trunc i13 %data_49_val_read" [firmware/nnet_utils/nnet_activation.h:46]   --->   Operation 211 'trunc' 'trunc_ln46_102' <Predicate = (icmp_ln45_102)> <Delay = 0.00>
ST_1 : Operation 212 [1/1] (0.29ns)   --->   "%select_ln45_102 = select i1 %icmp_ln45_102, i12 %trunc_ln46_102, i12 0" [firmware/nnet_utils/nnet_activation.h:45]   --->   Operation 212 'select' 'select_ln45_102' <Predicate = true> <Delay = 0.29> <CoreInst = "Sel">   --->   Core 73 'Sel' <Latency = 0> <II = 1> <Delay = 0.29> <FuncUnit> <Opcode : 'select'> <InPorts = 3> <OutPorts = 1>
ST_1 : Operation 213 [1/1] (0.75ns)   --->   "%icmp_ln45_103 = icmp_sgt  i13 %data_50_val_read, i13 0" [firmware/nnet_utils/nnet_activation.h:45]   --->   Operation 213 'icmp' 'icmp_ln45_103' <Predicate = true> <Delay = 0.75> <CoreInst = "Cmp">   --->   Core 9 'Cmp' <Latency = 0> <II = 1> <Delay = 0.75> <FuncUnit> <Opcode : 'seteq' 'setne' 'setle' 'setge' 'setlt' 'setgt'> <InPorts = 2> <OutPorts = 1>
ST_1 : Operation 214 [1/1] (0.00ns)   --->   "%trunc_ln46_103 = trunc i13 %data_50_val_read" [firmware/nnet_utils/nnet_activation.h:46]   --->   Operation 214 'trunc' 'trunc_ln46_103' <Predicate = (icmp_ln45_103)> <Delay = 0.00>
ST_1 : Operation 215 [1/1] (0.29ns)   --->   "%select_ln45_103 = select i1 %icmp_ln45_103, i12 %trunc_ln46_103, i12 0" [firmware/nnet_utils/nnet_activation.h:45]   --->   Operation 215 'select' 'select_ln45_103' <Predicate = true> <Delay = 0.29> <CoreInst = "Sel">   --->   Core 73 'Sel' <Latency = 0> <II = 1> <Delay = 0.29> <FuncUnit> <Opcode : 'select'> <InPorts = 3> <OutPorts = 1>
ST_1 : Operation 216 [1/1] (0.75ns)   --->   "%icmp_ln45_104 = icmp_sgt  i13 %data_51_val_read, i13 0" [firmware/nnet_utils/nnet_activation.h:45]   --->   Operation 216 'icmp' 'icmp_ln45_104' <Predicate = true> <Delay = 0.75> <CoreInst = "Cmp">   --->   Core 9 'Cmp' <Latency = 0> <II = 1> <Delay = 0.75> <FuncUnit> <Opcode : 'seteq' 'setne' 'setle' 'setge' 'setlt' 'setgt'> <InPorts = 2> <OutPorts = 1>
ST_1 : Operation 217 [1/1] (0.00ns)   --->   "%trunc_ln46_104 = trunc i13 %data_51_val_read" [firmware/nnet_utils/nnet_activation.h:46]   --->   Operation 217 'trunc' 'trunc_ln46_104' <Predicate = (icmp_ln45_104)> <Delay = 0.00>
ST_1 : Operation 218 [1/1] (0.29ns)   --->   "%select_ln45_104 = select i1 %icmp_ln45_104, i12 %trunc_ln46_104, i12 0" [firmware/nnet_utils/nnet_activation.h:45]   --->   Operation 218 'select' 'select_ln45_104' <Predicate = true> <Delay = 0.29> <CoreInst = "Sel">   --->   Core 73 'Sel' <Latency = 0> <II = 1> <Delay = 0.29> <FuncUnit> <Opcode : 'select'> <InPorts = 3> <OutPorts = 1>
ST_1 : Operation 219 [1/1] (0.75ns)   --->   "%icmp_ln45_105 = icmp_sgt  i13 %data_52_val_read, i13 0" [firmware/nnet_utils/nnet_activation.h:45]   --->   Operation 219 'icmp' 'icmp_ln45_105' <Predicate = true> <Delay = 0.75> <CoreInst = "Cmp">   --->   Core 9 'Cmp' <Latency = 0> <II = 1> <Delay = 0.75> <FuncUnit> <Opcode : 'seteq' 'setne' 'setle' 'setge' 'setlt' 'setgt'> <InPorts = 2> <OutPorts = 1>
ST_1 : Operation 220 [1/1] (0.00ns)   --->   "%trunc_ln46_105 = trunc i13 %data_52_val_read" [firmware/nnet_utils/nnet_activation.h:46]   --->   Operation 220 'trunc' 'trunc_ln46_105' <Predicate = (icmp_ln45_105)> <Delay = 0.00>
ST_1 : Operation 221 [1/1] (0.29ns)   --->   "%select_ln45_105 = select i1 %icmp_ln45_105, i12 %trunc_ln46_105, i12 0" [firmware/nnet_utils/nnet_activation.h:45]   --->   Operation 221 'select' 'select_ln45_105' <Predicate = true> <Delay = 0.29> <CoreInst = "Sel">   --->   Core 73 'Sel' <Latency = 0> <II = 1> <Delay = 0.29> <FuncUnit> <Opcode : 'select'> <InPorts = 3> <OutPorts = 1>
ST_1 : Operation 222 [1/1] (0.75ns)   --->   "%icmp_ln45_106 = icmp_sgt  i13 %data_53_val_read, i13 0" [firmware/nnet_utils/nnet_activation.h:45]   --->   Operation 222 'icmp' 'icmp_ln45_106' <Predicate = true> <Delay = 0.75> <CoreInst = "Cmp">   --->   Core 9 'Cmp' <Latency = 0> <II = 1> <Delay = 0.75> <FuncUnit> <Opcode : 'seteq' 'setne' 'setle' 'setge' 'setlt' 'setgt'> <InPorts = 2> <OutPorts = 1>
ST_1 : Operation 223 [1/1] (0.00ns)   --->   "%trunc_ln46_106 = trunc i13 %data_53_val_read" [firmware/nnet_utils/nnet_activation.h:46]   --->   Operation 223 'trunc' 'trunc_ln46_106' <Predicate = (icmp_ln45_106)> <Delay = 0.00>
ST_1 : Operation 224 [1/1] (0.29ns)   --->   "%select_ln45_106 = select i1 %icmp_ln45_106, i12 %trunc_ln46_106, i12 0" [firmware/nnet_utils/nnet_activation.h:45]   --->   Operation 224 'select' 'select_ln45_106' <Predicate = true> <Delay = 0.29> <CoreInst = "Sel">   --->   Core 73 'Sel' <Latency = 0> <II = 1> <Delay = 0.29> <FuncUnit> <Opcode : 'select'> <InPorts = 3> <OutPorts = 1>
ST_1 : Operation 225 [1/1] (0.75ns)   --->   "%icmp_ln45_107 = icmp_sgt  i13 %data_54_val_read, i13 0" [firmware/nnet_utils/nnet_activation.h:45]   --->   Operation 225 'icmp' 'icmp_ln45_107' <Predicate = true> <Delay = 0.75> <CoreInst = "Cmp">   --->   Core 9 'Cmp' <Latency = 0> <II = 1> <Delay = 0.75> <FuncUnit> <Opcode : 'seteq' 'setne' 'setle' 'setge' 'setlt' 'setgt'> <InPorts = 2> <OutPorts = 1>
ST_1 : Operation 226 [1/1] (0.00ns)   --->   "%trunc_ln46_107 = trunc i13 %data_54_val_read" [firmware/nnet_utils/nnet_activation.h:46]   --->   Operation 226 'trunc' 'trunc_ln46_107' <Predicate = (icmp_ln45_107)> <Delay = 0.00>
ST_1 : Operation 227 [1/1] (0.29ns)   --->   "%select_ln45_107 = select i1 %icmp_ln45_107, i12 %trunc_ln46_107, i12 0" [firmware/nnet_utils/nnet_activation.h:45]   --->   Operation 227 'select' 'select_ln45_107' <Predicate = true> <Delay = 0.29> <CoreInst = "Sel">   --->   Core 73 'Sel' <Latency = 0> <II = 1> <Delay = 0.29> <FuncUnit> <Opcode : 'select'> <InPorts = 3> <OutPorts = 1>
ST_1 : Operation 228 [1/1] (0.75ns)   --->   "%icmp_ln45_108 = icmp_sgt  i13 %data_55_val_read, i13 0" [firmware/nnet_utils/nnet_activation.h:45]   --->   Operation 228 'icmp' 'icmp_ln45_108' <Predicate = true> <Delay = 0.75> <CoreInst = "Cmp">   --->   Core 9 'Cmp' <Latency = 0> <II = 1> <Delay = 0.75> <FuncUnit> <Opcode : 'seteq' 'setne' 'setle' 'setge' 'setlt' 'setgt'> <InPorts = 2> <OutPorts = 1>
ST_1 : Operation 229 [1/1] (0.00ns)   --->   "%trunc_ln46_108 = trunc i13 %data_55_val_read" [firmware/nnet_utils/nnet_activation.h:46]   --->   Operation 229 'trunc' 'trunc_ln46_108' <Predicate = (icmp_ln45_108)> <Delay = 0.00>
ST_1 : Operation 230 [1/1] (0.29ns)   --->   "%select_ln45_108 = select i1 %icmp_ln45_108, i12 %trunc_ln46_108, i12 0" [firmware/nnet_utils/nnet_activation.h:45]   --->   Operation 230 'select' 'select_ln45_108' <Predicate = true> <Delay = 0.29> <CoreInst = "Sel">   --->   Core 73 'Sel' <Latency = 0> <II = 1> <Delay = 0.29> <FuncUnit> <Opcode : 'select'> <InPorts = 3> <OutPorts = 1>
ST_1 : Operation 231 [1/1] (0.75ns)   --->   "%icmp_ln45_109 = icmp_sgt  i13 %data_56_val_read, i13 0" [firmware/nnet_utils/nnet_activation.h:45]   --->   Operation 231 'icmp' 'icmp_ln45_109' <Predicate = true> <Delay = 0.75> <CoreInst = "Cmp">   --->   Core 9 'Cmp' <Latency = 0> <II = 1> <Delay = 0.75> <FuncUnit> <Opcode : 'seteq' 'setne' 'setle' 'setge' 'setlt' 'setgt'> <InPorts = 2> <OutPorts = 1>
ST_1 : Operation 232 [1/1] (0.00ns)   --->   "%trunc_ln46_109 = trunc i13 %data_56_val_read" [firmware/nnet_utils/nnet_activation.h:46]   --->   Operation 232 'trunc' 'trunc_ln46_109' <Predicate = (icmp_ln45_109)> <Delay = 0.00>
ST_1 : Operation 233 [1/1] (0.29ns)   --->   "%select_ln45_109 = select i1 %icmp_ln45_109, i12 %trunc_ln46_109, i12 0" [firmware/nnet_utils/nnet_activation.h:45]   --->   Operation 233 'select' 'select_ln45_109' <Predicate = true> <Delay = 0.29> <CoreInst = "Sel">   --->   Core 73 'Sel' <Latency = 0> <II = 1> <Delay = 0.29> <FuncUnit> <Opcode : 'select'> <InPorts = 3> <OutPorts = 1>
ST_1 : Operation 234 [1/1] (0.75ns)   --->   "%icmp_ln45_110 = icmp_sgt  i13 %data_57_val_read, i13 0" [firmware/nnet_utils/nnet_activation.h:45]   --->   Operation 234 'icmp' 'icmp_ln45_110' <Predicate = true> <Delay = 0.75> <CoreInst = "Cmp">   --->   Core 9 'Cmp' <Latency = 0> <II = 1> <Delay = 0.75> <FuncUnit> <Opcode : 'seteq' 'setne' 'setle' 'setge' 'setlt' 'setgt'> <InPorts = 2> <OutPorts = 1>
ST_1 : Operation 235 [1/1] (0.00ns)   --->   "%trunc_ln46_110 = trunc i13 %data_57_val_read" [firmware/nnet_utils/nnet_activation.h:46]   --->   Operation 235 'trunc' 'trunc_ln46_110' <Predicate = (icmp_ln45_110)> <Delay = 0.00>
ST_1 : Operation 236 [1/1] (0.29ns)   --->   "%select_ln45_110 = select i1 %icmp_ln45_110, i12 %trunc_ln46_110, i12 0" [firmware/nnet_utils/nnet_activation.h:45]   --->   Operation 236 'select' 'select_ln45_110' <Predicate = true> <Delay = 0.29> <CoreInst = "Sel">   --->   Core 73 'Sel' <Latency = 0> <II = 1> <Delay = 0.29> <FuncUnit> <Opcode : 'select'> <InPorts = 3> <OutPorts = 1>
ST_1 : Operation 237 [1/1] (0.75ns)   --->   "%icmp_ln45_111 = icmp_sgt  i13 %data_58_val_read, i13 0" [firmware/nnet_utils/nnet_activation.h:45]   --->   Operation 237 'icmp' 'icmp_ln45_111' <Predicate = true> <Delay = 0.75> <CoreInst = "Cmp">   --->   Core 9 'Cmp' <Latency = 0> <II = 1> <Delay = 0.75> <FuncUnit> <Opcode : 'seteq' 'setne' 'setle' 'setge' 'setlt' 'setgt'> <InPorts = 2> <OutPorts = 1>
ST_1 : Operation 238 [1/1] (0.00ns)   --->   "%trunc_ln46_111 = trunc i13 %data_58_val_read" [firmware/nnet_utils/nnet_activation.h:46]   --->   Operation 238 'trunc' 'trunc_ln46_111' <Predicate = (icmp_ln45_111)> <Delay = 0.00>
ST_1 : Operation 239 [1/1] (0.29ns)   --->   "%select_ln45_111 = select i1 %icmp_ln45_111, i12 %trunc_ln46_111, i12 0" [firmware/nnet_utils/nnet_activation.h:45]   --->   Operation 239 'select' 'select_ln45_111' <Predicate = true> <Delay = 0.29> <CoreInst = "Sel">   --->   Core 73 'Sel' <Latency = 0> <II = 1> <Delay = 0.29> <FuncUnit> <Opcode : 'select'> <InPorts = 3> <OutPorts = 1>
ST_1 : Operation 240 [1/1] (0.75ns)   --->   "%icmp_ln45_112 = icmp_sgt  i13 %data_59_val_read, i13 0" [firmware/nnet_utils/nnet_activation.h:45]   --->   Operation 240 'icmp' 'icmp_ln45_112' <Predicate = true> <Delay = 0.75> <CoreInst = "Cmp">   --->   Core 9 'Cmp' <Latency = 0> <II = 1> <Delay = 0.75> <FuncUnit> <Opcode : 'seteq' 'setne' 'setle' 'setge' 'setlt' 'setgt'> <InPorts = 2> <OutPorts = 1>
ST_1 : Operation 241 [1/1] (0.00ns)   --->   "%trunc_ln46_112 = trunc i13 %data_59_val_read" [firmware/nnet_utils/nnet_activation.h:46]   --->   Operation 241 'trunc' 'trunc_ln46_112' <Predicate = (icmp_ln45_112)> <Delay = 0.00>
ST_1 : Operation 242 [1/1] (0.29ns)   --->   "%select_ln45_112 = select i1 %icmp_ln45_112, i12 %trunc_ln46_112, i12 0" [firmware/nnet_utils/nnet_activation.h:45]   --->   Operation 242 'select' 'select_ln45_112' <Predicate = true> <Delay = 0.29> <CoreInst = "Sel">   --->   Core 73 'Sel' <Latency = 0> <II = 1> <Delay = 0.29> <FuncUnit> <Opcode : 'select'> <InPorts = 3> <OutPorts = 1>
ST_1 : Operation 243 [1/1] (0.75ns)   --->   "%icmp_ln45_113 = icmp_sgt  i13 %data_60_val_read, i13 0" [firmware/nnet_utils/nnet_activation.h:45]   --->   Operation 243 'icmp' 'icmp_ln45_113' <Predicate = true> <Delay = 0.75> <CoreInst = "Cmp">   --->   Core 9 'Cmp' <Latency = 0> <II = 1> <Delay = 0.75> <FuncUnit> <Opcode : 'seteq' 'setne' 'setle' 'setge' 'setlt' 'setgt'> <InPorts = 2> <OutPorts = 1>
ST_1 : Operation 244 [1/1] (0.00ns)   --->   "%trunc_ln46_113 = trunc i13 %data_60_val_read" [firmware/nnet_utils/nnet_activation.h:46]   --->   Operation 244 'trunc' 'trunc_ln46_113' <Predicate = (icmp_ln45_113)> <Delay = 0.00>
ST_1 : Operation 245 [1/1] (0.29ns)   --->   "%select_ln45_113 = select i1 %icmp_ln45_113, i12 %trunc_ln46_113, i12 0" [firmware/nnet_utils/nnet_activation.h:45]   --->   Operation 245 'select' 'select_ln45_113' <Predicate = true> <Delay = 0.29> <CoreInst = "Sel">   --->   Core 73 'Sel' <Latency = 0> <II = 1> <Delay = 0.29> <FuncUnit> <Opcode : 'select'> <InPorts = 3> <OutPorts = 1>
ST_1 : Operation 246 [1/1] (0.75ns)   --->   "%icmp_ln45_114 = icmp_sgt  i13 %data_61_val_read, i13 0" [firmware/nnet_utils/nnet_activation.h:45]   --->   Operation 246 'icmp' 'icmp_ln45_114' <Predicate = true> <Delay = 0.75> <CoreInst = "Cmp">   --->   Core 9 'Cmp' <Latency = 0> <II = 1> <Delay = 0.75> <FuncUnit> <Opcode : 'seteq' 'setne' 'setle' 'setge' 'setlt' 'setgt'> <InPorts = 2> <OutPorts = 1>
ST_1 : Operation 247 [1/1] (0.00ns)   --->   "%trunc_ln46_114 = trunc i13 %data_61_val_read" [firmware/nnet_utils/nnet_activation.h:46]   --->   Operation 247 'trunc' 'trunc_ln46_114' <Predicate = (icmp_ln45_114)> <Delay = 0.00>
ST_1 : Operation 248 [1/1] (0.29ns)   --->   "%select_ln45_114 = select i1 %icmp_ln45_114, i12 %trunc_ln46_114, i12 0" [firmware/nnet_utils/nnet_activation.h:45]   --->   Operation 248 'select' 'select_ln45_114' <Predicate = true> <Delay = 0.29> <CoreInst = "Sel">   --->   Core 73 'Sel' <Latency = 0> <II = 1> <Delay = 0.29> <FuncUnit> <Opcode : 'select'> <InPorts = 3> <OutPorts = 1>
ST_1 : Operation 249 [1/1] (0.75ns)   --->   "%icmp_ln45_115 = icmp_sgt  i13 %data_62_val_read, i13 0" [firmware/nnet_utils/nnet_activation.h:45]   --->   Operation 249 'icmp' 'icmp_ln45_115' <Predicate = true> <Delay = 0.75> <CoreInst = "Cmp">   --->   Core 9 'Cmp' <Latency = 0> <II = 1> <Delay = 0.75> <FuncUnit> <Opcode : 'seteq' 'setne' 'setle' 'setge' 'setlt' 'setgt'> <InPorts = 2> <OutPorts = 1>
ST_1 : Operation 250 [1/1] (0.00ns)   --->   "%trunc_ln46_115 = trunc i13 %data_62_val_read" [firmware/nnet_utils/nnet_activation.h:46]   --->   Operation 250 'trunc' 'trunc_ln46_115' <Predicate = (icmp_ln45_115)> <Delay = 0.00>
ST_1 : Operation 251 [1/1] (0.29ns)   --->   "%select_ln45_115 = select i1 %icmp_ln45_115, i12 %trunc_ln46_115, i12 0" [firmware/nnet_utils/nnet_activation.h:45]   --->   Operation 251 'select' 'select_ln45_115' <Predicate = true> <Delay = 0.29> <CoreInst = "Sel">   --->   Core 73 'Sel' <Latency = 0> <II = 1> <Delay = 0.29> <FuncUnit> <Opcode : 'select'> <InPorts = 3> <OutPorts = 1>
ST_1 : Operation 252 [1/1] (0.75ns)   --->   "%icmp_ln45_116 = icmp_sgt  i13 %data_63_val_read, i13 0" [firmware/nnet_utils/nnet_activation.h:45]   --->   Operation 252 'icmp' 'icmp_ln45_116' <Predicate = true> <Delay = 0.75> <CoreInst = "Cmp">   --->   Core 9 'Cmp' <Latency = 0> <II = 1> <Delay = 0.75> <FuncUnit> <Opcode : 'seteq' 'setne' 'setle' 'setge' 'setlt' 'setgt'> <InPorts = 2> <OutPorts = 1>
ST_1 : Operation 253 [1/1] (0.00ns)   --->   "%trunc_ln46_116 = trunc i13 %data_63_val_read" [firmware/nnet_utils/nnet_activation.h:46]   --->   Operation 253 'trunc' 'trunc_ln46_116' <Predicate = (icmp_ln45_116)> <Delay = 0.00>
ST_1 : Operation 254 [1/1] (0.29ns)   --->   "%select_ln45_116 = select i1 %icmp_ln45_116, i12 %trunc_ln46_116, i12 0" [firmware/nnet_utils/nnet_activation.h:45]   --->   Operation 254 'select' 'select_ln45_116' <Predicate = true> <Delay = 0.29> <CoreInst = "Sel">   --->   Core 73 'Sel' <Latency = 0> <II = 1> <Delay = 0.29> <FuncUnit> <Opcode : 'select'> <InPorts = 3> <OutPorts = 1>
ST_1 : Operation 255 [1/1] (0.00ns)   --->   "%newret = insertvalue i756 <undef>, i12 %select_ln45" [firmware/nnet_utils/nnet_activation.h:45]   --->   Operation 255 'insertvalue' 'newret' <Predicate = true> <Delay = 0.00>
ST_1 : Operation 256 [1/1] (0.00ns)   --->   "%newret2 = insertvalue i756 %newret, i12 %select_ln45_55" [firmware/nnet_utils/nnet_activation.h:45]   --->   Operation 256 'insertvalue' 'newret2' <Predicate = true> <Delay = 0.00>
ST_1 : Operation 257 [1/1] (0.00ns)   --->   "%newret4 = insertvalue i756 %newret2, i12 %select_ln45_56" [firmware/nnet_utils/nnet_activation.h:45]   --->   Operation 257 'insertvalue' 'newret4' <Predicate = true> <Delay = 0.00>
ST_1 : Operation 258 [1/1] (0.00ns)   --->   "%newret6 = insertvalue i756 %newret4, i12 %select_ln45_57" [firmware/nnet_utils/nnet_activation.h:45]   --->   Operation 258 'insertvalue' 'newret6' <Predicate = true> <Delay = 0.00>
ST_1 : Operation 259 [1/1] (0.00ns)   --->   "%newret8 = insertvalue i756 %newret6, i12 %select_ln45_58" [firmware/nnet_utils/nnet_activation.h:45]   --->   Operation 259 'insertvalue' 'newret8' <Predicate = true> <Delay = 0.00>
ST_1 : Operation 260 [1/1] (0.00ns)   --->   "%newret10 = insertvalue i756 %newret8, i12 %select_ln45_59" [firmware/nnet_utils/nnet_activation.h:45]   --->   Operation 260 'insertvalue' 'newret10' <Predicate = true> <Delay = 0.00>
ST_1 : Operation 261 [1/1] (0.00ns)   --->   "%newret12 = insertvalue i756 %newret10, i12 %select_ln45_60" [firmware/nnet_utils/nnet_activation.h:45]   --->   Operation 261 'insertvalue' 'newret12' <Predicate = true> <Delay = 0.00>
ST_1 : Operation 262 [1/1] (0.00ns)   --->   "%newret14 = insertvalue i756 %newret12, i12 %select_ln45_61" [firmware/nnet_utils/nnet_activation.h:45]   --->   Operation 262 'insertvalue' 'newret14' <Predicate = true> <Delay = 0.00>
ST_1 : Operation 263 [1/1] (0.00ns)   --->   "%newret16 = insertvalue i756 %newret14, i12 %select_ln45_62" [firmware/nnet_utils/nnet_activation.h:45]   --->   Operation 263 'insertvalue' 'newret16' <Predicate = true> <Delay = 0.00>
ST_1 : Operation 264 [1/1] (0.00ns)   --->   "%newret18 = insertvalue i756 %newret16, i12 %select_ln45_63" [firmware/nnet_utils/nnet_activation.h:45]   --->   Operation 264 'insertvalue' 'newret18' <Predicate = true> <Delay = 0.00>
ST_1 : Operation 265 [1/1] (0.00ns)   --->   "%newret20 = insertvalue i756 %newret18, i12 %select_ln45_64" [firmware/nnet_utils/nnet_activation.h:45]   --->   Operation 265 'insertvalue' 'newret20' <Predicate = true> <Delay = 0.00>
ST_1 : Operation 266 [1/1] (0.00ns)   --->   "%newret22 = insertvalue i756 %newret20, i12 %select_ln45_65" [firmware/nnet_utils/nnet_activation.h:45]   --->   Operation 266 'insertvalue' 'newret22' <Predicate = true> <Delay = 0.00>
ST_1 : Operation 267 [1/1] (0.00ns)   --->   "%newret24 = insertvalue i756 %newret22, i12 %select_ln45_66" [firmware/nnet_utils/nnet_activation.h:45]   --->   Operation 267 'insertvalue' 'newret24' <Predicate = true> <Delay = 0.00>
ST_1 : Operation 268 [1/1] (0.00ns)   --->   "%newret26 = insertvalue i756 %newret24, i12 %select_ln45_67" [firmware/nnet_utils/nnet_activation.h:45]   --->   Operation 268 'insertvalue' 'newret26' <Predicate = true> <Delay = 0.00>
ST_1 : Operation 269 [1/1] (0.00ns)   --->   "%newret28 = insertvalue i756 %newret26, i12 %select_ln45_68" [firmware/nnet_utils/nnet_activation.h:45]   --->   Operation 269 'insertvalue' 'newret28' <Predicate = true> <Delay = 0.00>
ST_1 : Operation 270 [1/1] (0.00ns)   --->   "%newret30 = insertvalue i756 %newret28, i12 %select_ln45_69" [firmware/nnet_utils/nnet_activation.h:45]   --->   Operation 270 'insertvalue' 'newret30' <Predicate = true> <Delay = 0.00>
ST_1 : Operation 271 [1/1] (0.00ns)   --->   "%newret32 = insertvalue i756 %newret30, i12 %select_ln45_70" [firmware/nnet_utils/nnet_activation.h:45]   --->   Operation 271 'insertvalue' 'newret32' <Predicate = true> <Delay = 0.00>
ST_1 : Operation 272 [1/1] (0.00ns)   --->   "%newret34 = insertvalue i756 %newret32, i12 %select_ln45_71" [firmware/nnet_utils/nnet_activation.h:45]   --->   Operation 272 'insertvalue' 'newret34' <Predicate = true> <Delay = 0.00>
ST_1 : Operation 273 [1/1] (0.00ns)   --->   "%newret36 = insertvalue i756 %newret34, i12 %select_ln45_72" [firmware/nnet_utils/nnet_activation.h:45]   --->   Operation 273 'insertvalue' 'newret36' <Predicate = true> <Delay = 0.00>
ST_1 : Operation 274 [1/1] (0.00ns)   --->   "%newret38 = insertvalue i756 %newret36, i12 %select_ln45_73" [firmware/nnet_utils/nnet_activation.h:45]   --->   Operation 274 'insertvalue' 'newret38' <Predicate = true> <Delay = 0.00>
ST_1 : Operation 275 [1/1] (0.00ns)   --->   "%newret40 = insertvalue i756 %newret38, i12 %select_ln45_74" [firmware/nnet_utils/nnet_activation.h:45]   --->   Operation 275 'insertvalue' 'newret40' <Predicate = true> <Delay = 0.00>
ST_1 : Operation 276 [1/1] (0.00ns)   --->   "%newret42 = insertvalue i756 %newret40, i12 %select_ln45_75" [firmware/nnet_utils/nnet_activation.h:45]   --->   Operation 276 'insertvalue' 'newret42' <Predicate = true> <Delay = 0.00>
ST_1 : Operation 277 [1/1] (0.00ns)   --->   "%newret43 = insertvalue i756 %newret42, i12 %select_ln45_76" [firmware/nnet_utils/nnet_activation.h:45]   --->   Operation 277 'insertvalue' 'newret43' <Predicate = true> <Delay = 0.00>
ST_1 : Operation 278 [1/1] (0.00ns)   --->   "%newret44 = insertvalue i756 %newret43, i12 %select_ln45_77" [firmware/nnet_utils/nnet_activation.h:45]   --->   Operation 278 'insertvalue' 'newret44' <Predicate = true> <Delay = 0.00>
ST_1 : Operation 279 [1/1] (0.00ns)   --->   "%newret45 = insertvalue i756 %newret44, i12 %select_ln45_78" [firmware/nnet_utils/nnet_activation.h:45]   --->   Operation 279 'insertvalue' 'newret45' <Predicate = true> <Delay = 0.00>
ST_1 : Operation 280 [1/1] (0.00ns)   --->   "%newret46 = insertvalue i756 %newret45, i12 %select_ln45_79" [firmware/nnet_utils/nnet_activation.h:45]   --->   Operation 280 'insertvalue' 'newret46' <Predicate = true> <Delay = 0.00>
ST_1 : Operation 281 [1/1] (0.00ns)   --->   "%newret47 = insertvalue i756 %newret46, i12 %select_ln45_80" [firmware/nnet_utils/nnet_activation.h:45]   --->   Operation 281 'insertvalue' 'newret47' <Predicate = true> <Delay = 0.00>
ST_1 : Operation 282 [1/1] (0.00ns)   --->   "%newret48 = insertvalue i756 %newret47, i12 %select_ln45_81" [firmware/nnet_utils/nnet_activation.h:45]   --->   Operation 282 'insertvalue' 'newret48' <Predicate = true> <Delay = 0.00>
ST_1 : Operation 283 [1/1] (0.00ns)   --->   "%newret49 = insertvalue i756 %newret48, i12 %select_ln45_82" [firmware/nnet_utils/nnet_activation.h:45]   --->   Operation 283 'insertvalue' 'newret49' <Predicate = true> <Delay = 0.00>
ST_1 : Operation 284 [1/1] (0.00ns)   --->   "%newret50 = insertvalue i756 %newret49, i12 %select_ln45_83" [firmware/nnet_utils/nnet_activation.h:45]   --->   Operation 284 'insertvalue' 'newret50' <Predicate = true> <Delay = 0.00>
ST_1 : Operation 285 [1/1] (0.00ns)   --->   "%newret51 = insertvalue i756 %newret50, i12 %select_ln45_84" [firmware/nnet_utils/nnet_activation.h:45]   --->   Operation 285 'insertvalue' 'newret51' <Predicate = true> <Delay = 0.00>
ST_1 : Operation 286 [1/1] (0.00ns)   --->   "%newret52 = insertvalue i756 %newret51, i12 %select_ln45_85" [firmware/nnet_utils/nnet_activation.h:45]   --->   Operation 286 'insertvalue' 'newret52' <Predicate = true> <Delay = 0.00>
ST_1 : Operation 287 [1/1] (0.00ns)   --->   "%newret53 = insertvalue i756 %newret52, i12 %select_ln45_86" [firmware/nnet_utils/nnet_activation.h:45]   --->   Operation 287 'insertvalue' 'newret53' <Predicate = true> <Delay = 0.00>
ST_1 : Operation 288 [1/1] (0.00ns)   --->   "%newret54 = insertvalue i756 %newret53, i12 %select_ln45_87" [firmware/nnet_utils/nnet_activation.h:45]   --->   Operation 288 'insertvalue' 'newret54' <Predicate = true> <Delay = 0.00>
ST_1 : Operation 289 [1/1] (0.00ns)   --->   "%newret55 = insertvalue i756 %newret54, i12 %select_ln45_88" [firmware/nnet_utils/nnet_activation.h:45]   --->   Operation 289 'insertvalue' 'newret55' <Predicate = true> <Delay = 0.00>
ST_1 : Operation 290 [1/1] (0.00ns)   --->   "%newret56 = insertvalue i756 %newret55, i12 %select_ln45_89" [firmware/nnet_utils/nnet_activation.h:45]   --->   Operation 290 'insertvalue' 'newret56' <Predicate = true> <Delay = 0.00>
ST_1 : Operation 291 [1/1] (0.00ns)   --->   "%newret57 = insertvalue i756 %newret56, i12 %select_ln45_90" [firmware/nnet_utils/nnet_activation.h:45]   --->   Operation 291 'insertvalue' 'newret57' <Predicate = true> <Delay = 0.00>
ST_1 : Operation 292 [1/1] (0.00ns)   --->   "%newret58 = insertvalue i756 %newret57, i12 %select_ln45_91" [firmware/nnet_utils/nnet_activation.h:45]   --->   Operation 292 'insertvalue' 'newret58' <Predicate = true> <Delay = 0.00>
ST_1 : Operation 293 [1/1] (0.00ns)   --->   "%newret59 = insertvalue i756 %newret58, i12 %select_ln45_92" [firmware/nnet_utils/nnet_activation.h:45]   --->   Operation 293 'insertvalue' 'newret59' <Predicate = true> <Delay = 0.00>
ST_1 : Operation 294 [1/1] (0.00ns)   --->   "%newret60 = insertvalue i756 %newret59, i12 %select_ln45_93" [firmware/nnet_utils/nnet_activation.h:45]   --->   Operation 294 'insertvalue' 'newret60' <Predicate = true> <Delay = 0.00>
ST_1 : Operation 295 [1/1] (0.00ns)   --->   "%newret61 = insertvalue i756 %newret60, i12 %select_ln45_94" [firmware/nnet_utils/nnet_activation.h:45]   --->   Operation 295 'insertvalue' 'newret61' <Predicate = true> <Delay = 0.00>
ST_1 : Operation 296 [1/1] (0.00ns)   --->   "%newret62 = insertvalue i756 %newret61, i12 %select_ln45_95" [firmware/nnet_utils/nnet_activation.h:45]   --->   Operation 296 'insertvalue' 'newret62' <Predicate = true> <Delay = 0.00>
ST_1 : Operation 297 [1/1] (0.00ns)   --->   "%newret63 = insertvalue i756 %newret62, i12 %select_ln45_96" [firmware/nnet_utils/nnet_activation.h:45]   --->   Operation 297 'insertvalue' 'newret63' <Predicate = true> <Delay = 0.00>
ST_1 : Operation 298 [1/1] (0.00ns)   --->   "%newret64 = insertvalue i756 %newret63, i12 %select_ln45_97" [firmware/nnet_utils/nnet_activation.h:45]   --->   Operation 298 'insertvalue' 'newret64' <Predicate = true> <Delay = 0.00>
ST_1 : Operation 299 [1/1] (0.00ns)   --->   "%newret65 = insertvalue i756 %newret64, i12 %select_ln45_98" [firmware/nnet_utils/nnet_activation.h:45]   --->   Operation 299 'insertvalue' 'newret65' <Predicate = true> <Delay = 0.00>
ST_1 : Operation 300 [1/1] (0.00ns)   --->   "%newret66 = insertvalue i756 %newret65, i12 %select_ln45_99" [firmware/nnet_utils/nnet_activation.h:45]   --->   Operation 300 'insertvalue' 'newret66' <Predicate = true> <Delay = 0.00>
ST_1 : Operation 301 [1/1] (0.00ns)   --->   "%newret67 = insertvalue i756 %newret66, i12 %select_ln45_100" [firmware/nnet_utils/nnet_activation.h:45]   --->   Operation 301 'insertvalue' 'newret67' <Predicate = true> <Delay = 0.00>
ST_1 : Operation 302 [1/1] (0.00ns)   --->   "%newret68 = insertvalue i756 %newret67, i12 %select_ln45_101" [firmware/nnet_utils/nnet_activation.h:45]   --->   Operation 302 'insertvalue' 'newret68' <Predicate = true> <Delay = 0.00>
ST_1 : Operation 303 [1/1] (0.00ns)   --->   "%newret69 = insertvalue i756 %newret68, i12 %select_ln45_102" [firmware/nnet_utils/nnet_activation.h:45]   --->   Operation 303 'insertvalue' 'newret69' <Predicate = true> <Delay = 0.00>
ST_1 : Operation 304 [1/1] (0.00ns)   --->   "%newret70 = insertvalue i756 %newret69, i12 %select_ln45_103" [firmware/nnet_utils/nnet_activation.h:45]   --->   Operation 304 'insertvalue' 'newret70' <Predicate = true> <Delay = 0.00>
ST_1 : Operation 305 [1/1] (0.00ns)   --->   "%newret71 = insertvalue i756 %newret70, i12 %select_ln45_104" [firmware/nnet_utils/nnet_activation.h:45]   --->   Operation 305 'insertvalue' 'newret71' <Predicate = true> <Delay = 0.00>
ST_1 : Operation 306 [1/1] (0.00ns)   --->   "%newret72 = insertvalue i756 %newret71, i12 %select_ln45_105" [firmware/nnet_utils/nnet_activation.h:45]   --->   Operation 306 'insertvalue' 'newret72' <Predicate = true> <Delay = 0.00>
ST_1 : Operation 307 [1/1] (0.00ns)   --->   "%newret73 = insertvalue i756 %newret72, i12 %select_ln45_106" [firmware/nnet_utils/nnet_activation.h:45]   --->   Operation 307 'insertvalue' 'newret73' <Predicate = true> <Delay = 0.00>
ST_1 : Operation 308 [1/1] (0.00ns)   --->   "%newret74 = insertvalue i756 %newret73, i12 %select_ln45_107" [firmware/nnet_utils/nnet_activation.h:45]   --->   Operation 308 'insertvalue' 'newret74' <Predicate = true> <Delay = 0.00>
ST_1 : Operation 309 [1/1] (0.00ns)   --->   "%newret75 = insertvalue i756 %newret74, i12 %select_ln45_108" [firmware/nnet_utils/nnet_activation.h:45]   --->   Operation 309 'insertvalue' 'newret75' <Predicate = true> <Delay = 0.00>
ST_1 : Operation 310 [1/1] (0.00ns)   --->   "%newret76 = insertvalue i756 %newret75, i12 %select_ln45_109" [firmware/nnet_utils/nnet_activation.h:45]   --->   Operation 310 'insertvalue' 'newret76' <Predicate = true> <Delay = 0.00>
ST_1 : Operation 311 [1/1] (0.00ns)   --->   "%newret77 = insertvalue i756 %newret76, i12 %select_ln45_110" [firmware/nnet_utils/nnet_activation.h:45]   --->   Operation 311 'insertvalue' 'newret77' <Predicate = true> <Delay = 0.00>
ST_1 : Operation 312 [1/1] (0.00ns)   --->   "%newret78 = insertvalue i756 %newret77, i12 %select_ln45_111" [firmware/nnet_utils/nnet_activation.h:45]   --->   Operation 312 'insertvalue' 'newret78' <Predicate = true> <Delay = 0.00>
ST_1 : Operation 313 [1/1] (0.00ns)   --->   "%newret79 = insertvalue i756 %newret78, i12 %select_ln45_112" [firmware/nnet_utils/nnet_activation.h:45]   --->   Operation 313 'insertvalue' 'newret79' <Predicate = true> <Delay = 0.00>
ST_1 : Operation 314 [1/1] (0.00ns)   --->   "%newret80 = insertvalue i756 %newret79, i12 %select_ln45_113" [firmware/nnet_utils/nnet_activation.h:45]   --->   Operation 314 'insertvalue' 'newret80' <Predicate = true> <Delay = 0.00>
ST_1 : Operation 315 [1/1] (0.00ns)   --->   "%newret81 = insertvalue i756 %newret80, i12 %select_ln45_114" [firmware/nnet_utils/nnet_activation.h:45]   --->   Operation 315 'insertvalue' 'newret81' <Predicate = true> <Delay = 0.00>
ST_1 : Operation 316 [1/1] (0.00ns)   --->   "%newret82 = insertvalue i756 %newret81, i12 %select_ln45_115" [firmware/nnet_utils/nnet_activation.h:45]   --->   Operation 316 'insertvalue' 'newret82' <Predicate = true> <Delay = 0.00>
ST_1 : Operation 317 [1/1] (0.00ns)   --->   "%newret83 = insertvalue i756 %newret82, i12 %select_ln45_116" [firmware/nnet_utils/nnet_activation.h:45]   --->   Operation 317 'insertvalue' 'newret83' <Predicate = true> <Delay = 0.00>
ST_1 : Operation 318 [1/1] (0.00ns)   --->   "%ret_ln45 = ret i756 %newret83" [firmware/nnet_utils/nnet_activation.h:45]   --->   Operation 318 'ret' 'ret_ln45' <Predicate = true> <Delay = 0.00>


============================================================
+ Verbose Summary: Timing violations
============================================================
Target clock period: 5.000ns, clock uncertainty: 1.350ns.

 <State 1>: 1.054ns
The critical path consists of the following:
	wire read operation ('data_0_val_read', firmware/nnet_utils/nnet_activation.h:42) on port 'data_0_val' (firmware/nnet_utils/nnet_activation.h:42) [127]  (0.000 ns)
	'icmp' operation 1 bit ('icmp_ln45', firmware/nnet_utils/nnet_activation.h:45) [128]  (0.755 ns)
	'select' operation 12 bit ('select_ln45', firmware/nnet_utils/nnet_activation.h:45) [130]  (0.299 ns)


============================================================
+ Verbose Summary: Binding
============================================================
N/A
* FSMD analyzer results:
  - Output states:
 - Input state : 
  - Chain level:
	State 1


============================================================
+ Verbose Summary: Datapath Resource usage 
============================================================
N/A
