

================================================================
== Vitis HLS Report for 'relu_ap_fixed_13_9_5_3_0_ap_ufixed_11_7_5_3_0_ReLU_config11_s'
================================================================
* Date:           Wed Feb 26 01:31:20 2025

* Version:        2024.1 (Build 5069499 on May 21 2024)
* Project:        myproject_prj
* Solution:       solution1 (Vivado IP Flow Target)
* Product family: virtexuplusHBM
* Target device:  xcu50-fsvh2104-2-e


================================================================
== Performance Estimates
================================================================
+ Timing: 
    * Summary: 
    +--------+---------+----------+------------+
    |  Clock |  Target | Estimated| Uncertainty|
    +--------+---------+----------+------------+
    |ap_clk  |  5.00 ns|  1.056 ns|     1.35 ns|
    +--------+---------+----------+------------+

+ Latency: 
    * Summary: 
    +---------+---------+----------+----------+-----+-----+---------+
    |  Latency (cycles) |  Latency (absolute) |  Interval | Pipeline|
    |   min   |   max   |    min   |    max   | min | max |   Type  |
    +---------+---------+----------+----------+-----+-----+---------+
    |        0|        0|      0 ns|      0 ns|    1|    1|      yes|
    +---------+---------+----------+----------+-----+-----+---------+

    + Detail: 
        * Instance: 
        N/A

        * Loop: 
        N/A

============================================================
+ Verbose Summary: Synthesis Manager
============================================================
InlineROM: 1
ExposeGlobal: 0
============================================================
+ Verbose Summary: CDFG Model
============================================================
IsTopModel: 0
ResetActiveHigh: 1
IsCombinational: 0
IsDatapathOnly: 0
HasWiredReturn: 1
HasMFsm: 2
HasVarLatency: 0
IsPipeline: 1
IsRtlPipelined: 0
IsInstanceOverlapped: 0
IsDontTouch: 0
HasImplIP: 0
IsGatedGlobalClock: 0

+ Individual pipeline summary: 
  * Pipeline-0: initiation interval (II) = 1, depth = 1


============================================================
+ Verbose Summary: Schedule
============================================================
* Number of FSM states : 1
* Pipeline : 1
  Pipeline-0 : II = 1, D = 1, States = { 1 }
* Dataflow Pipeline: 0

* FSM state transitions: 
1 --> 

* FSM state operations: 

State 1 <SV = 0> <Delay = 1.05>
ST_1 : Operation 2 [1/1] (0.00ns)   --->   "%specpipeline_ln42 = specpipeline void @_ssdm_op_SpecPipeline, i32 4294967295, i32 0, i32 0, i32 0, void @empty_0" [firmware/nnet_utils/nnet_activation.h:42]   --->   Operation 2 'specpipeline' 'specpipeline_ln42' <Predicate = true> <Delay = 0.00>
ST_1 : Operation 3 [1/1] (0.00ns)   --->   "%data_31_val_read = read i13 @_ssdm_op_Read.ap_auto.i13, i13 %data_31_val" [firmware/nnet_utils/nnet_activation.h:42]   --->   Operation 3 'read' 'data_31_val_read' <Predicate = true> <Delay = 0.00>
ST_1 : Operation 4 [1/1] (0.00ns)   --->   "%data_30_val_read = read i13 @_ssdm_op_Read.ap_auto.i13, i13 %data_30_val" [firmware/nnet_utils/nnet_activation.h:42]   --->   Operation 4 'read' 'data_30_val_read' <Predicate = true> <Delay = 0.00>
ST_1 : Operation 5 [1/1] (0.00ns)   --->   "%data_29_val_read = read i13 @_ssdm_op_Read.ap_auto.i13, i13 %data_29_val" [firmware/nnet_utils/nnet_activation.h:42]   --->   Operation 5 'read' 'data_29_val_read' <Predicate = true> <Delay = 0.00>
ST_1 : Operation 6 [1/1] (0.00ns)   --->   "%data_28_val_read = read i13 @_ssdm_op_Read.ap_auto.i13, i13 %data_28_val" [firmware/nnet_utils/nnet_activation.h:42]   --->   Operation 6 'read' 'data_28_val_read' <Predicate = true> <Delay = 0.00>
ST_1 : Operation 7 [1/1] (0.00ns)   --->   "%data_26_val_read = read i13 @_ssdm_op_Read.ap_auto.i13, i13 %data_26_val" [firmware/nnet_utils/nnet_activation.h:42]   --->   Operation 7 'read' 'data_26_val_read' <Predicate = true> <Delay = 0.00>
ST_1 : Operation 8 [1/1] (0.00ns)   --->   "%data_24_val_read = read i13 @_ssdm_op_Read.ap_auto.i13, i13 %data_24_val" [firmware/nnet_utils/nnet_activation.h:42]   --->   Operation 8 'read' 'data_24_val_read' <Predicate = true> <Delay = 0.00>
ST_1 : Operation 9 [1/1] (0.00ns)   --->   "%data_23_val_read = read i13 @_ssdm_op_Read.ap_auto.i13, i13 %data_23_val" [firmware/nnet_utils/nnet_activation.h:42]   --->   Operation 9 'read' 'data_23_val_read' <Predicate = true> <Delay = 0.00>
ST_1 : Operation 10 [1/1] (0.00ns)   --->   "%data_22_val_read = read i13 @_ssdm_op_Read.ap_auto.i13, i13 %data_22_val" [firmware/nnet_utils/nnet_activation.h:42]   --->   Operation 10 'read' 'data_22_val_read' <Predicate = true> <Delay = 0.00>
ST_1 : Operation 11 [1/1] (0.00ns)   --->   "%data_21_val_read = read i13 @_ssdm_op_Read.ap_auto.i13, i13 %data_21_val" [firmware/nnet_utils/nnet_activation.h:42]   --->   Operation 11 'read' 'data_21_val_read' <Predicate = true> <Delay = 0.00>
ST_1 : Operation 12 [1/1] (0.00ns)   --->   "%data_20_val_read = read i13 @_ssdm_op_Read.ap_auto.i13, i13 %data_20_val" [firmware/nnet_utils/nnet_activation.h:42]   --->   Operation 12 'read' 'data_20_val_read' <Predicate = true> <Delay = 0.00>
ST_1 : Operation 13 [1/1] (0.00ns)   --->   "%data_18_val_read = read i13 @_ssdm_op_Read.ap_auto.i13, i13 %data_18_val" [firmware/nnet_utils/nnet_activation.h:42]   --->   Operation 13 'read' 'data_18_val_read' <Predicate = true> <Delay = 0.00>
ST_1 : Operation 14 [1/1] (0.00ns)   --->   "%data_17_val_read = read i13 @_ssdm_op_Read.ap_auto.i13, i13 %data_17_val" [firmware/nnet_utils/nnet_activation.h:42]   --->   Operation 14 'read' 'data_17_val_read' <Predicate = true> <Delay = 0.00>
ST_1 : Operation 15 [1/1] (0.00ns)   --->   "%data_16_val_read = read i13 @_ssdm_op_Read.ap_auto.i13, i13 %data_16_val" [firmware/nnet_utils/nnet_activation.h:42]   --->   Operation 15 'read' 'data_16_val_read' <Predicate = true> <Delay = 0.00>
ST_1 : Operation 16 [1/1] (0.00ns)   --->   "%data_15_val_read = read i13 @_ssdm_op_Read.ap_auto.i13, i13 %data_15_val" [firmware/nnet_utils/nnet_activation.h:42]   --->   Operation 16 'read' 'data_15_val_read' <Predicate = true> <Delay = 0.00>
ST_1 : Operation 17 [1/1] (0.00ns)   --->   "%data_13_val_read = read i13 @_ssdm_op_Read.ap_auto.i13, i13 %data_13_val" [firmware/nnet_utils/nnet_activation.h:42]   --->   Operation 17 'read' 'data_13_val_read' <Predicate = true> <Delay = 0.00>
ST_1 : Operation 18 [1/1] (0.00ns)   --->   "%data_12_val_read = read i13 @_ssdm_op_Read.ap_auto.i13, i13 %data_12_val" [firmware/nnet_utils/nnet_activation.h:42]   --->   Operation 18 'read' 'data_12_val_read' <Predicate = true> <Delay = 0.00>
ST_1 : Operation 19 [1/1] (0.00ns)   --->   "%data_11_val_read = read i13 @_ssdm_op_Read.ap_auto.i13, i13 %data_11_val" [firmware/nnet_utils/nnet_activation.h:42]   --->   Operation 19 'read' 'data_11_val_read' <Predicate = true> <Delay = 0.00>
ST_1 : Operation 20 [1/1] (0.00ns)   --->   "%data_10_val_read = read i13 @_ssdm_op_Read.ap_auto.i13, i13 %data_10_val" [firmware/nnet_utils/nnet_activation.h:42]   --->   Operation 20 'read' 'data_10_val_read' <Predicate = true> <Delay = 0.00>
ST_1 : Operation 21 [1/1] (0.00ns)   --->   "%data_9_val_read = read i13 @_ssdm_op_Read.ap_auto.i13, i13 %data_9_val" [firmware/nnet_utils/nnet_activation.h:42]   --->   Operation 21 'read' 'data_9_val_read' <Predicate = true> <Delay = 0.00>
ST_1 : Operation 22 [1/1] (0.00ns)   --->   "%data_8_val_read = read i13 @_ssdm_op_Read.ap_auto.i13, i13 %data_8_val" [firmware/nnet_utils/nnet_activation.h:42]   --->   Operation 22 'read' 'data_8_val_read' <Predicate = true> <Delay = 0.00>
ST_1 : Operation 23 [1/1] (0.00ns)   --->   "%data_7_val_read = read i13 @_ssdm_op_Read.ap_auto.i13, i13 %data_7_val" [firmware/nnet_utils/nnet_activation.h:42]   --->   Operation 23 'read' 'data_7_val_read' <Predicate = true> <Delay = 0.00>
ST_1 : Operation 24 [1/1] (0.00ns)   --->   "%data_6_val_read = read i13 @_ssdm_op_Read.ap_auto.i13, i13 %data_6_val" [firmware/nnet_utils/nnet_activation.h:42]   --->   Operation 24 'read' 'data_6_val_read' <Predicate = true> <Delay = 0.00>
ST_1 : Operation 25 [1/1] (0.00ns)   --->   "%data_5_val_read = read i13 @_ssdm_op_Read.ap_auto.i13, i13 %data_5_val" [firmware/nnet_utils/nnet_activation.h:42]   --->   Operation 25 'read' 'data_5_val_read' <Predicate = true> <Delay = 0.00>
ST_1 : Operation 26 [1/1] (0.00ns)   --->   "%data_4_val_read = read i13 @_ssdm_op_Read.ap_auto.i13, i13 %data_4_val" [firmware/nnet_utils/nnet_activation.h:42]   --->   Operation 26 'read' 'data_4_val_read' <Predicate = true> <Delay = 0.00>
ST_1 : Operation 27 [1/1] (0.00ns)   --->   "%data_3_val_read = read i13 @_ssdm_op_Read.ap_auto.i13, i13 %data_3_val" [firmware/nnet_utils/nnet_activation.h:42]   --->   Operation 27 'read' 'data_3_val_read' <Predicate = true> <Delay = 0.00>
ST_1 : Operation 28 [1/1] (0.00ns)   --->   "%data_2_val_read = read i13 @_ssdm_op_Read.ap_auto.i13, i13 %data_2_val" [firmware/nnet_utils/nnet_activation.h:42]   --->   Operation 28 'read' 'data_2_val_read' <Predicate = true> <Delay = 0.00>
ST_1 : Operation 29 [1/1] (0.00ns)   --->   "%data_1_val_read = read i13 @_ssdm_op_Read.ap_auto.i13, i13 %data_1_val" [firmware/nnet_utils/nnet_activation.h:42]   --->   Operation 29 'read' 'data_1_val_read' <Predicate = true> <Delay = 0.00>
ST_1 : Operation 30 [1/1] (0.00ns)   --->   "%data_0_val_read = read i13 @_ssdm_op_Read.ap_auto.i13, i13 %data_0_val" [firmware/nnet_utils/nnet_activation.h:42]   --->   Operation 30 'read' 'data_0_val_read' <Predicate = true> <Delay = 0.00>
ST_1 : Operation 31 [1/1] (0.75ns)   --->   "%icmp_ln45 = icmp_sgt  i13 %data_0_val_read, i13 0" [firmware/nnet_utils/nnet_activation.h:45]   --->   Operation 31 'icmp' 'icmp_ln45' <Predicate = true> <Delay = 0.75> <CoreInst = "Cmp">   --->   Core 9 'Cmp' <Latency = 0> <II = 1> <Delay = 0.75> <FuncUnit> <Opcode : 'seteq' 'setne' 'setle' 'setge' 'setlt' 'setgt'> <InPorts = 2> <OutPorts = 1>
ST_1 : Operation 32 [1/1] (0.00ns)   --->   "%trunc_ln46 = trunc i13 %data_0_val_read" [firmware/nnet_utils/nnet_activation.h:46]   --->   Operation 32 'trunc' 'trunc_ln46' <Predicate = (icmp_ln45)> <Delay = 0.00>
ST_1 : Operation 33 [1/1] (0.30ns)   --->   "%select_ln45 = select i1 %icmp_ln45, i11 %trunc_ln46, i11 0" [firmware/nnet_utils/nnet_activation.h:45]   --->   Operation 33 'select' 'select_ln45' <Predicate = true> <Delay = 0.30> <CoreInst = "Sel">   --->   Core 73 'Sel' <Latency = 0> <II = 1> <Delay = 0.30> <FuncUnit> <Opcode : 'select'> <InPorts = 3> <OutPorts = 1>
ST_1 : Operation 34 [1/1] (0.75ns)   --->   "%icmp_ln45_28 = icmp_sgt  i13 %data_1_val_read, i13 0" [firmware/nnet_utils/nnet_activation.h:45]   --->   Operation 34 'icmp' 'icmp_ln45_28' <Predicate = true> <Delay = 0.75> <CoreInst = "Cmp">   --->   Core 9 'Cmp' <Latency = 0> <II = 1> <Delay = 0.75> <FuncUnit> <Opcode : 'seteq' 'setne' 'setle' 'setge' 'setlt' 'setgt'> <InPorts = 2> <OutPorts = 1>
ST_1 : Operation 35 [1/1] (0.00ns)   --->   "%trunc_ln46_28 = trunc i13 %data_1_val_read" [firmware/nnet_utils/nnet_activation.h:46]   --->   Operation 35 'trunc' 'trunc_ln46_28' <Predicate = (icmp_ln45_28)> <Delay = 0.00>
ST_1 : Operation 36 [1/1] (0.30ns)   --->   "%select_ln45_28 = select i1 %icmp_ln45_28, i11 %trunc_ln46_28, i11 0" [firmware/nnet_utils/nnet_activation.h:45]   --->   Operation 36 'select' 'select_ln45_28' <Predicate = true> <Delay = 0.30> <CoreInst = "Sel">   --->   Core 73 'Sel' <Latency = 0> <II = 1> <Delay = 0.30> <FuncUnit> <Opcode : 'select'> <InPorts = 3> <OutPorts = 1>
ST_1 : Operation 37 [1/1] (0.75ns)   --->   "%icmp_ln45_29 = icmp_sgt  i13 %data_2_val_read, i13 0" [firmware/nnet_utils/nnet_activation.h:45]   --->   Operation 37 'icmp' 'icmp_ln45_29' <Predicate = true> <Delay = 0.75> <CoreInst = "Cmp">   --->   Core 9 'Cmp' <Latency = 0> <II = 1> <Delay = 0.75> <FuncUnit> <Opcode : 'seteq' 'setne' 'setle' 'setge' 'setlt' 'setgt'> <InPorts = 2> <OutPorts = 1>
ST_1 : Operation 38 [1/1] (0.00ns)   --->   "%trunc_ln46_29 = trunc i13 %data_2_val_read" [firmware/nnet_utils/nnet_activation.h:46]   --->   Operation 38 'trunc' 'trunc_ln46_29' <Predicate = (icmp_ln45_29)> <Delay = 0.00>
ST_1 : Operation 39 [1/1] (0.30ns)   --->   "%select_ln45_29 = select i1 %icmp_ln45_29, i11 %trunc_ln46_29, i11 0" [firmware/nnet_utils/nnet_activation.h:45]   --->   Operation 39 'select' 'select_ln45_29' <Predicate = true> <Delay = 0.30> <CoreInst = "Sel">   --->   Core 73 'Sel' <Latency = 0> <II = 1> <Delay = 0.30> <FuncUnit> <Opcode : 'select'> <InPorts = 3> <OutPorts = 1>
ST_1 : Operation 40 [1/1] (0.75ns)   --->   "%icmp_ln45_30 = icmp_sgt  i13 %data_3_val_read, i13 0" [firmware/nnet_utils/nnet_activation.h:45]   --->   Operation 40 'icmp' 'icmp_ln45_30' <Predicate = true> <Delay = 0.75> <CoreInst = "Cmp">   --->   Core 9 'Cmp' <Latency = 0> <II = 1> <Delay = 0.75> <FuncUnit> <Opcode : 'seteq' 'setne' 'setle' 'setge' 'setlt' 'setgt'> <InPorts = 2> <OutPorts = 1>
ST_1 : Operation 41 [1/1] (0.00ns)   --->   "%trunc_ln46_30 = trunc i13 %data_3_val_read" [firmware/nnet_utils/nnet_activation.h:46]   --->   Operation 41 'trunc' 'trunc_ln46_30' <Predicate = (icmp_ln45_30)> <Delay = 0.00>
ST_1 : Operation 42 [1/1] (0.30ns)   --->   "%select_ln45_30 = select i1 %icmp_ln45_30, i11 %trunc_ln46_30, i11 0" [firmware/nnet_utils/nnet_activation.h:45]   --->   Operation 42 'select' 'select_ln45_30' <Predicate = true> <Delay = 0.30> <CoreInst = "Sel">   --->   Core 73 'Sel' <Latency = 0> <II = 1> <Delay = 0.30> <FuncUnit> <Opcode : 'select'> <InPorts = 3> <OutPorts = 1>
ST_1 : Operation 43 [1/1] (0.75ns)   --->   "%icmp_ln45_31 = icmp_sgt  i13 %data_4_val_read, i13 0" [firmware/nnet_utils/nnet_activation.h:45]   --->   Operation 43 'icmp' 'icmp_ln45_31' <Predicate = true> <Delay = 0.75> <CoreInst = "Cmp">   --->   Core 9 'Cmp' <Latency = 0> <II = 1> <Delay = 0.75> <FuncUnit> <Opcode : 'seteq' 'setne' 'setle' 'setge' 'setlt' 'setgt'> <InPorts = 2> <OutPorts = 1>
ST_1 : Operation 44 [1/1] (0.00ns)   --->   "%trunc_ln46_31 = trunc i13 %data_4_val_read" [firmware/nnet_utils/nnet_activation.h:46]   --->   Operation 44 'trunc' 'trunc_ln46_31' <Predicate = (icmp_ln45_31)> <Delay = 0.00>
ST_1 : Operation 45 [1/1] (0.30ns)   --->   "%select_ln45_31 = select i1 %icmp_ln45_31, i11 %trunc_ln46_31, i11 0" [firmware/nnet_utils/nnet_activation.h:45]   --->   Operation 45 'select' 'select_ln45_31' <Predicate = true> <Delay = 0.30> <CoreInst = "Sel">   --->   Core 73 'Sel' <Latency = 0> <II = 1> <Delay = 0.30> <FuncUnit> <Opcode : 'select'> <InPorts = 3> <OutPorts = 1>
ST_1 : Operation 46 [1/1] (0.75ns)   --->   "%icmp_ln45_32 = icmp_sgt  i13 %data_5_val_read, i13 0" [firmware/nnet_utils/nnet_activation.h:45]   --->   Operation 46 'icmp' 'icmp_ln45_32' <Predicate = true> <Delay = 0.75> <CoreInst = "Cmp">   --->   Core 9 'Cmp' <Latency = 0> <II = 1> <Delay = 0.75> <FuncUnit> <Opcode : 'seteq' 'setne' 'setle' 'setge' 'setlt' 'setgt'> <InPorts = 2> <OutPorts = 1>
ST_1 : Operation 47 [1/1] (0.00ns)   --->   "%trunc_ln46_32 = trunc i13 %data_5_val_read" [firmware/nnet_utils/nnet_activation.h:46]   --->   Operation 47 'trunc' 'trunc_ln46_32' <Predicate = (icmp_ln45_32)> <Delay = 0.00>
ST_1 : Operation 48 [1/1] (0.30ns)   --->   "%select_ln45_32 = select i1 %icmp_ln45_32, i11 %trunc_ln46_32, i11 0" [firmware/nnet_utils/nnet_activation.h:45]   --->   Operation 48 'select' 'select_ln45_32' <Predicate = true> <Delay = 0.30> <CoreInst = "Sel">   --->   Core 73 'Sel' <Latency = 0> <II = 1> <Delay = 0.30> <FuncUnit> <Opcode : 'select'> <InPorts = 3> <OutPorts = 1>
ST_1 : Operation 49 [1/1] (0.75ns)   --->   "%icmp_ln45_33 = icmp_sgt  i13 %data_6_val_read, i13 0" [firmware/nnet_utils/nnet_activation.h:45]   --->   Operation 49 'icmp' 'icmp_ln45_33' <Predicate = true> <Delay = 0.75> <CoreInst = "Cmp">   --->   Core 9 'Cmp' <Latency = 0> <II = 1> <Delay = 0.75> <FuncUnit> <Opcode : 'seteq' 'setne' 'setle' 'setge' 'setlt' 'setgt'> <InPorts = 2> <OutPorts = 1>
ST_1 : Operation 50 [1/1] (0.00ns)   --->   "%trunc_ln46_33 = trunc i13 %data_6_val_read" [firmware/nnet_utils/nnet_activation.h:46]   --->   Operation 50 'trunc' 'trunc_ln46_33' <Predicate = (icmp_ln45_33)> <Delay = 0.00>
ST_1 : Operation 51 [1/1] (0.30ns)   --->   "%select_ln45_33 = select i1 %icmp_ln45_33, i11 %trunc_ln46_33, i11 0" [firmware/nnet_utils/nnet_activation.h:45]   --->   Operation 51 'select' 'select_ln45_33' <Predicate = true> <Delay = 0.30> <CoreInst = "Sel">   --->   Core 73 'Sel' <Latency = 0> <II = 1> <Delay = 0.30> <FuncUnit> <Opcode : 'select'> <InPorts = 3> <OutPorts = 1>
ST_1 : Operation 52 [1/1] (0.75ns)   --->   "%icmp_ln45_34 = icmp_sgt  i13 %data_7_val_read, i13 0" [firmware/nnet_utils/nnet_activation.h:45]   --->   Operation 52 'icmp' 'icmp_ln45_34' <Predicate = true> <Delay = 0.75> <CoreInst = "Cmp">   --->   Core 9 'Cmp' <Latency = 0> <II = 1> <Delay = 0.75> <FuncUnit> <Opcode : 'seteq' 'setne' 'setle' 'setge' 'setlt' 'setgt'> <InPorts = 2> <OutPorts = 1>
ST_1 : Operation 53 [1/1] (0.00ns)   --->   "%trunc_ln46_34 = trunc i13 %data_7_val_read" [firmware/nnet_utils/nnet_activation.h:46]   --->   Operation 53 'trunc' 'trunc_ln46_34' <Predicate = (icmp_ln45_34)> <Delay = 0.00>
ST_1 : Operation 54 [1/1] (0.30ns)   --->   "%select_ln45_34 = select i1 %icmp_ln45_34, i11 %trunc_ln46_34, i11 0" [firmware/nnet_utils/nnet_activation.h:45]   --->   Operation 54 'select' 'select_ln45_34' <Predicate = true> <Delay = 0.30> <CoreInst = "Sel">   --->   Core 73 'Sel' <Latency = 0> <II = 1> <Delay = 0.30> <FuncUnit> <Opcode : 'select'> <InPorts = 3> <OutPorts = 1>
ST_1 : Operation 55 [1/1] (0.75ns)   --->   "%icmp_ln45_35 = icmp_sgt  i13 %data_8_val_read, i13 0" [firmware/nnet_utils/nnet_activation.h:45]   --->   Operation 55 'icmp' 'icmp_ln45_35' <Predicate = true> <Delay = 0.75> <CoreInst = "Cmp">   --->   Core 9 'Cmp' <Latency = 0> <II = 1> <Delay = 0.75> <FuncUnit> <Opcode : 'seteq' 'setne' 'setle' 'setge' 'setlt' 'setgt'> <InPorts = 2> <OutPorts = 1>
ST_1 : Operation 56 [1/1] (0.00ns)   --->   "%trunc_ln46_35 = trunc i13 %data_8_val_read" [firmware/nnet_utils/nnet_activation.h:46]   --->   Operation 56 'trunc' 'trunc_ln46_35' <Predicate = (icmp_ln45_35)> <Delay = 0.00>
ST_1 : Operation 57 [1/1] (0.30ns)   --->   "%select_ln45_35 = select i1 %icmp_ln45_35, i11 %trunc_ln46_35, i11 0" [firmware/nnet_utils/nnet_activation.h:45]   --->   Operation 57 'select' 'select_ln45_35' <Predicate = true> <Delay = 0.30> <CoreInst = "Sel">   --->   Core 73 'Sel' <Latency = 0> <II = 1> <Delay = 0.30> <FuncUnit> <Opcode : 'select'> <InPorts = 3> <OutPorts = 1>
ST_1 : Operation 58 [1/1] (0.75ns)   --->   "%icmp_ln45_36 = icmp_sgt  i13 %data_9_val_read, i13 0" [firmware/nnet_utils/nnet_activation.h:45]   --->   Operation 58 'icmp' 'icmp_ln45_36' <Predicate = true> <Delay = 0.75> <CoreInst = "Cmp">   --->   Core 9 'Cmp' <Latency = 0> <II = 1> <Delay = 0.75> <FuncUnit> <Opcode : 'seteq' 'setne' 'setle' 'setge' 'setlt' 'setgt'> <InPorts = 2> <OutPorts = 1>
ST_1 : Operation 59 [1/1] (0.00ns)   --->   "%trunc_ln46_36 = trunc i13 %data_9_val_read" [firmware/nnet_utils/nnet_activation.h:46]   --->   Operation 59 'trunc' 'trunc_ln46_36' <Predicate = (icmp_ln45_36)> <Delay = 0.00>
ST_1 : Operation 60 [1/1] (0.30ns)   --->   "%select_ln45_36 = select i1 %icmp_ln45_36, i11 %trunc_ln46_36, i11 0" [firmware/nnet_utils/nnet_activation.h:45]   --->   Operation 60 'select' 'select_ln45_36' <Predicate = true> <Delay = 0.30> <CoreInst = "Sel">   --->   Core 73 'Sel' <Latency = 0> <II = 1> <Delay = 0.30> <FuncUnit> <Opcode : 'select'> <InPorts = 3> <OutPorts = 1>
ST_1 : Operation 61 [1/1] (0.75ns)   --->   "%icmp_ln45_37 = icmp_sgt  i13 %data_10_val_read, i13 0" [firmware/nnet_utils/nnet_activation.h:45]   --->   Operation 61 'icmp' 'icmp_ln45_37' <Predicate = true> <Delay = 0.75> <CoreInst = "Cmp">   --->   Core 9 'Cmp' <Latency = 0> <II = 1> <Delay = 0.75> <FuncUnit> <Opcode : 'seteq' 'setne' 'setle' 'setge' 'setlt' 'setgt'> <InPorts = 2> <OutPorts = 1>
ST_1 : Operation 62 [1/1] (0.00ns)   --->   "%trunc_ln46_37 = trunc i13 %data_10_val_read" [firmware/nnet_utils/nnet_activation.h:46]   --->   Operation 62 'trunc' 'trunc_ln46_37' <Predicate = (icmp_ln45_37)> <Delay = 0.00>
ST_1 : Operation 63 [1/1] (0.30ns)   --->   "%select_ln45_37 = select i1 %icmp_ln45_37, i11 %trunc_ln46_37, i11 0" [firmware/nnet_utils/nnet_activation.h:45]   --->   Operation 63 'select' 'select_ln45_37' <Predicate = true> <Delay = 0.30> <CoreInst = "Sel">   --->   Core 73 'Sel' <Latency = 0> <II = 1> <Delay = 0.30> <FuncUnit> <Opcode : 'select'> <InPorts = 3> <OutPorts = 1>
ST_1 : Operation 64 [1/1] (0.75ns)   --->   "%icmp_ln45_38 = icmp_sgt  i13 %data_11_val_read, i13 0" [firmware/nnet_utils/nnet_activation.h:45]   --->   Operation 64 'icmp' 'icmp_ln45_38' <Predicate = true> <Delay = 0.75> <CoreInst = "Cmp">   --->   Core 9 'Cmp' <Latency = 0> <II = 1> <Delay = 0.75> <FuncUnit> <Opcode : 'seteq' 'setne' 'setle' 'setge' 'setlt' 'setgt'> <InPorts = 2> <OutPorts = 1>
ST_1 : Operation 65 [1/1] (0.00ns)   --->   "%trunc_ln46_38 = trunc i13 %data_11_val_read" [firmware/nnet_utils/nnet_activation.h:46]   --->   Operation 65 'trunc' 'trunc_ln46_38' <Predicate = (icmp_ln45_38)> <Delay = 0.00>
ST_1 : Operation 66 [1/1] (0.30ns)   --->   "%select_ln45_38 = select i1 %icmp_ln45_38, i11 %trunc_ln46_38, i11 0" [firmware/nnet_utils/nnet_activation.h:45]   --->   Operation 66 'select' 'select_ln45_38' <Predicate = true> <Delay = 0.30> <CoreInst = "Sel">   --->   Core 73 'Sel' <Latency = 0> <II = 1> <Delay = 0.30> <FuncUnit> <Opcode : 'select'> <InPorts = 3> <OutPorts = 1>
ST_1 : Operation 67 [1/1] (0.75ns)   --->   "%icmp_ln45_39 = icmp_sgt  i13 %data_12_val_read, i13 0" [firmware/nnet_utils/nnet_activation.h:45]   --->   Operation 67 'icmp' 'icmp_ln45_39' <Predicate = true> <Delay = 0.75> <CoreInst = "Cmp">   --->   Core 9 'Cmp' <Latency = 0> <II = 1> <Delay = 0.75> <FuncUnit> <Opcode : 'seteq' 'setne' 'setle' 'setge' 'setlt' 'setgt'> <InPorts = 2> <OutPorts = 1>
ST_1 : Operation 68 [1/1] (0.00ns)   --->   "%trunc_ln46_39 = trunc i13 %data_12_val_read" [firmware/nnet_utils/nnet_activation.h:46]   --->   Operation 68 'trunc' 'trunc_ln46_39' <Predicate = (icmp_ln45_39)> <Delay = 0.00>
ST_1 : Operation 69 [1/1] (0.30ns)   --->   "%select_ln45_39 = select i1 %icmp_ln45_39, i11 %trunc_ln46_39, i11 0" [firmware/nnet_utils/nnet_activation.h:45]   --->   Operation 69 'select' 'select_ln45_39' <Predicate = true> <Delay = 0.30> <CoreInst = "Sel">   --->   Core 73 'Sel' <Latency = 0> <II = 1> <Delay = 0.30> <FuncUnit> <Opcode : 'select'> <InPorts = 3> <OutPorts = 1>
ST_1 : Operation 70 [1/1] (0.75ns)   --->   "%icmp_ln45_40 = icmp_sgt  i13 %data_13_val_read, i13 0" [firmware/nnet_utils/nnet_activation.h:45]   --->   Operation 70 'icmp' 'icmp_ln45_40' <Predicate = true> <Delay = 0.75> <CoreInst = "Cmp">   --->   Core 9 'Cmp' <Latency = 0> <II = 1> <Delay = 0.75> <FuncUnit> <Opcode : 'seteq' 'setne' 'setle' 'setge' 'setlt' 'setgt'> <InPorts = 2> <OutPorts = 1>
ST_1 : Operation 71 [1/1] (0.00ns)   --->   "%trunc_ln46_40 = trunc i13 %data_13_val_read" [firmware/nnet_utils/nnet_activation.h:46]   --->   Operation 71 'trunc' 'trunc_ln46_40' <Predicate = (icmp_ln45_40)> <Delay = 0.00>
ST_1 : Operation 72 [1/1] (0.30ns)   --->   "%select_ln45_40 = select i1 %icmp_ln45_40, i11 %trunc_ln46_40, i11 0" [firmware/nnet_utils/nnet_activation.h:45]   --->   Operation 72 'select' 'select_ln45_40' <Predicate = true> <Delay = 0.30> <CoreInst = "Sel">   --->   Core 73 'Sel' <Latency = 0> <II = 1> <Delay = 0.30> <FuncUnit> <Opcode : 'select'> <InPorts = 3> <OutPorts = 1>
ST_1 : Operation 73 [1/1] (0.75ns)   --->   "%icmp_ln45_41 = icmp_sgt  i13 %data_15_val_read, i13 0" [firmware/nnet_utils/nnet_activation.h:45]   --->   Operation 73 'icmp' 'icmp_ln45_41' <Predicate = true> <Delay = 0.75> <CoreInst = "Cmp">   --->   Core 9 'Cmp' <Latency = 0> <II = 1> <Delay = 0.75> <FuncUnit> <Opcode : 'seteq' 'setne' 'setle' 'setge' 'setlt' 'setgt'> <InPorts = 2> <OutPorts = 1>
ST_1 : Operation 74 [1/1] (0.00ns)   --->   "%trunc_ln46_41 = trunc i13 %data_15_val_read" [firmware/nnet_utils/nnet_activation.h:46]   --->   Operation 74 'trunc' 'trunc_ln46_41' <Predicate = (icmp_ln45_41)> <Delay = 0.00>
ST_1 : Operation 75 [1/1] (0.30ns)   --->   "%select_ln45_41 = select i1 %icmp_ln45_41, i11 %trunc_ln46_41, i11 0" [firmware/nnet_utils/nnet_activation.h:45]   --->   Operation 75 'select' 'select_ln45_41' <Predicate = true> <Delay = 0.30> <CoreInst = "Sel">   --->   Core 73 'Sel' <Latency = 0> <II = 1> <Delay = 0.30> <FuncUnit> <Opcode : 'select'> <InPorts = 3> <OutPorts = 1>
ST_1 : Operation 76 [1/1] (0.75ns)   --->   "%icmp_ln45_42 = icmp_sgt  i13 %data_16_val_read, i13 0" [firmware/nnet_utils/nnet_activation.h:45]   --->   Operation 76 'icmp' 'icmp_ln45_42' <Predicate = true> <Delay = 0.75> <CoreInst = "Cmp">   --->   Core 9 'Cmp' <Latency = 0> <II = 1> <Delay = 0.75> <FuncUnit> <Opcode : 'seteq' 'setne' 'setle' 'setge' 'setlt' 'setgt'> <InPorts = 2> <OutPorts = 1>
ST_1 : Operation 77 [1/1] (0.00ns)   --->   "%trunc_ln46_42 = trunc i13 %data_16_val_read" [firmware/nnet_utils/nnet_activation.h:46]   --->   Operation 77 'trunc' 'trunc_ln46_42' <Predicate = (icmp_ln45_42)> <Delay = 0.00>
ST_1 : Operation 78 [1/1] (0.30ns)   --->   "%select_ln45_42 = select i1 %icmp_ln45_42, i11 %trunc_ln46_42, i11 0" [firmware/nnet_utils/nnet_activation.h:45]   --->   Operation 78 'select' 'select_ln45_42' <Predicate = true> <Delay = 0.30> <CoreInst = "Sel">   --->   Core 73 'Sel' <Latency = 0> <II = 1> <Delay = 0.30> <FuncUnit> <Opcode : 'select'> <InPorts = 3> <OutPorts = 1>
ST_1 : Operation 79 [1/1] (0.75ns)   --->   "%icmp_ln45_43 = icmp_sgt  i13 %data_17_val_read, i13 0" [firmware/nnet_utils/nnet_activation.h:45]   --->   Operation 79 'icmp' 'icmp_ln45_43' <Predicate = true> <Delay = 0.75> <CoreInst = "Cmp">   --->   Core 9 'Cmp' <Latency = 0> <II = 1> <Delay = 0.75> <FuncUnit> <Opcode : 'seteq' 'setne' 'setle' 'setge' 'setlt' 'setgt'> <InPorts = 2> <OutPorts = 1>
ST_1 : Operation 80 [1/1] (0.00ns)   --->   "%trunc_ln46_43 = trunc i13 %data_17_val_read" [firmware/nnet_utils/nnet_activation.h:46]   --->   Operation 80 'trunc' 'trunc_ln46_43' <Predicate = (icmp_ln45_43)> <Delay = 0.00>
ST_1 : Operation 81 [1/1] (0.30ns)   --->   "%select_ln45_43 = select i1 %icmp_ln45_43, i11 %trunc_ln46_43, i11 0" [firmware/nnet_utils/nnet_activation.h:45]   --->   Operation 81 'select' 'select_ln45_43' <Predicate = true> <Delay = 0.30> <CoreInst = "Sel">   --->   Core 73 'Sel' <Latency = 0> <II = 1> <Delay = 0.30> <FuncUnit> <Opcode : 'select'> <InPorts = 3> <OutPorts = 1>
ST_1 : Operation 82 [1/1] (0.75ns)   --->   "%icmp_ln45_44 = icmp_sgt  i13 %data_18_val_read, i13 0" [firmware/nnet_utils/nnet_activation.h:45]   --->   Operation 82 'icmp' 'icmp_ln45_44' <Predicate = true> <Delay = 0.75> <CoreInst = "Cmp">   --->   Core 9 'Cmp' <Latency = 0> <II = 1> <Delay = 0.75> <FuncUnit> <Opcode : 'seteq' 'setne' 'setle' 'setge' 'setlt' 'setgt'> <InPorts = 2> <OutPorts = 1>
ST_1 : Operation 83 [1/1] (0.00ns)   --->   "%trunc_ln46_44 = trunc i13 %data_18_val_read" [firmware/nnet_utils/nnet_activation.h:46]   --->   Operation 83 'trunc' 'trunc_ln46_44' <Predicate = (icmp_ln45_44)> <Delay = 0.00>
ST_1 : Operation 84 [1/1] (0.30ns)   --->   "%select_ln45_44 = select i1 %icmp_ln45_44, i11 %trunc_ln46_44, i11 0" [firmware/nnet_utils/nnet_activation.h:45]   --->   Operation 84 'select' 'select_ln45_44' <Predicate = true> <Delay = 0.30> <CoreInst = "Sel">   --->   Core 73 'Sel' <Latency = 0> <II = 1> <Delay = 0.30> <FuncUnit> <Opcode : 'select'> <InPorts = 3> <OutPorts = 1>
ST_1 : Operation 85 [1/1] (0.75ns)   --->   "%icmp_ln45_45 = icmp_sgt  i13 %data_20_val_read, i13 0" [firmware/nnet_utils/nnet_activation.h:45]   --->   Operation 85 'icmp' 'icmp_ln45_45' <Predicate = true> <Delay = 0.75> <CoreInst = "Cmp">   --->   Core 9 'Cmp' <Latency = 0> <II = 1> <Delay = 0.75> <FuncUnit> <Opcode : 'seteq' 'setne' 'setle' 'setge' 'setlt' 'setgt'> <InPorts = 2> <OutPorts = 1>
ST_1 : Operation 86 [1/1] (0.00ns)   --->   "%trunc_ln46_45 = trunc i13 %data_20_val_read" [firmware/nnet_utils/nnet_activation.h:46]   --->   Operation 86 'trunc' 'trunc_ln46_45' <Predicate = (icmp_ln45_45)> <Delay = 0.00>
ST_1 : Operation 87 [1/1] (0.30ns)   --->   "%select_ln45_45 = select i1 %icmp_ln45_45, i11 %trunc_ln46_45, i11 0" [firmware/nnet_utils/nnet_activation.h:45]   --->   Operation 87 'select' 'select_ln45_45' <Predicate = true> <Delay = 0.30> <CoreInst = "Sel">   --->   Core 73 'Sel' <Latency = 0> <II = 1> <Delay = 0.30> <FuncUnit> <Opcode : 'select'> <InPorts = 3> <OutPorts = 1>
ST_1 : Operation 88 [1/1] (0.75ns)   --->   "%icmp_ln45_46 = icmp_sgt  i13 %data_21_val_read, i13 0" [firmware/nnet_utils/nnet_activation.h:45]   --->   Operation 88 'icmp' 'icmp_ln45_46' <Predicate = true> <Delay = 0.75> <CoreInst = "Cmp">   --->   Core 9 'Cmp' <Latency = 0> <II = 1> <Delay = 0.75> <FuncUnit> <Opcode : 'seteq' 'setne' 'setle' 'setge' 'setlt' 'setgt'> <InPorts = 2> <OutPorts = 1>
ST_1 : Operation 89 [1/1] (0.00ns)   --->   "%trunc_ln46_46 = trunc i13 %data_21_val_read" [firmware/nnet_utils/nnet_activation.h:46]   --->   Operation 89 'trunc' 'trunc_ln46_46' <Predicate = (icmp_ln45_46)> <Delay = 0.00>
ST_1 : Operation 90 [1/1] (0.30ns)   --->   "%select_ln45_46 = select i1 %icmp_ln45_46, i11 %trunc_ln46_46, i11 0" [firmware/nnet_utils/nnet_activation.h:45]   --->   Operation 90 'select' 'select_ln45_46' <Predicate = true> <Delay = 0.30> <CoreInst = "Sel">   --->   Core 73 'Sel' <Latency = 0> <II = 1> <Delay = 0.30> <FuncUnit> <Opcode : 'select'> <InPorts = 3> <OutPorts = 1>
ST_1 : Operation 91 [1/1] (0.75ns)   --->   "%icmp_ln45_47 = icmp_sgt  i13 %data_22_val_read, i13 0" [firmware/nnet_utils/nnet_activation.h:45]   --->   Operation 91 'icmp' 'icmp_ln45_47' <Predicate = true> <Delay = 0.75> <CoreInst = "Cmp">   --->   Core 9 'Cmp' <Latency = 0> <II = 1> <Delay = 0.75> <FuncUnit> <Opcode : 'seteq' 'setne' 'setle' 'setge' 'setlt' 'setgt'> <InPorts = 2> <OutPorts = 1>
ST_1 : Operation 92 [1/1] (0.00ns)   --->   "%trunc_ln46_47 = trunc i13 %data_22_val_read" [firmware/nnet_utils/nnet_activation.h:46]   --->   Operation 92 'trunc' 'trunc_ln46_47' <Predicate = (icmp_ln45_47)> <Delay = 0.00>
ST_1 : Operation 93 [1/1] (0.30ns)   --->   "%select_ln45_47 = select i1 %icmp_ln45_47, i11 %trunc_ln46_47, i11 0" [firmware/nnet_utils/nnet_activation.h:45]   --->   Operation 93 'select' 'select_ln45_47' <Predicate = true> <Delay = 0.30> <CoreInst = "Sel">   --->   Core 73 'Sel' <Latency = 0> <II = 1> <Delay = 0.30> <FuncUnit> <Opcode : 'select'> <InPorts = 3> <OutPorts = 1>
ST_1 : Operation 94 [1/1] (0.75ns)   --->   "%icmp_ln45_48 = icmp_sgt  i13 %data_23_val_read, i13 0" [firmware/nnet_utils/nnet_activation.h:45]   --->   Operation 94 'icmp' 'icmp_ln45_48' <Predicate = true> <Delay = 0.75> <CoreInst = "Cmp">   --->   Core 9 'Cmp' <Latency = 0> <II = 1> <Delay = 0.75> <FuncUnit> <Opcode : 'seteq' 'setne' 'setle' 'setge' 'setlt' 'setgt'> <InPorts = 2> <OutPorts = 1>
ST_1 : Operation 95 [1/1] (0.00ns)   --->   "%trunc_ln46_48 = trunc i13 %data_23_val_read" [firmware/nnet_utils/nnet_activation.h:46]   --->   Operation 95 'trunc' 'trunc_ln46_48' <Predicate = (icmp_ln45_48)> <Delay = 0.00>
ST_1 : Operation 96 [1/1] (0.30ns)   --->   "%select_ln45_48 = select i1 %icmp_ln45_48, i11 %trunc_ln46_48, i11 0" [firmware/nnet_utils/nnet_activation.h:45]   --->   Operation 96 'select' 'select_ln45_48' <Predicate = true> <Delay = 0.30> <CoreInst = "Sel">   --->   Core 73 'Sel' <Latency = 0> <II = 1> <Delay = 0.30> <FuncUnit> <Opcode : 'select'> <InPorts = 3> <OutPorts = 1>
ST_1 : Operation 97 [1/1] (0.75ns)   --->   "%icmp_ln45_49 = icmp_sgt  i13 %data_24_val_read, i13 0" [firmware/nnet_utils/nnet_activation.h:45]   --->   Operation 97 'icmp' 'icmp_ln45_49' <Predicate = true> <Delay = 0.75> <CoreInst = "Cmp">   --->   Core 9 'Cmp' <Latency = 0> <II = 1> <Delay = 0.75> <FuncUnit> <Opcode : 'seteq' 'setne' 'setle' 'setge' 'setlt' 'setgt'> <InPorts = 2> <OutPorts = 1>
ST_1 : Operation 98 [1/1] (0.00ns)   --->   "%trunc_ln46_49 = trunc i13 %data_24_val_read" [firmware/nnet_utils/nnet_activation.h:46]   --->   Operation 98 'trunc' 'trunc_ln46_49' <Predicate = (icmp_ln45_49)> <Delay = 0.00>
ST_1 : Operation 99 [1/1] (0.30ns)   --->   "%select_ln45_49 = select i1 %icmp_ln45_49, i11 %trunc_ln46_49, i11 0" [firmware/nnet_utils/nnet_activation.h:45]   --->   Operation 99 'select' 'select_ln45_49' <Predicate = true> <Delay = 0.30> <CoreInst = "Sel">   --->   Core 73 'Sel' <Latency = 0> <II = 1> <Delay = 0.30> <FuncUnit> <Opcode : 'select'> <InPorts = 3> <OutPorts = 1>
ST_1 : Operation 100 [1/1] (0.75ns)   --->   "%icmp_ln45_50 = icmp_sgt  i13 %data_26_val_read, i13 0" [firmware/nnet_utils/nnet_activation.h:45]   --->   Operation 100 'icmp' 'icmp_ln45_50' <Predicate = true> <Delay = 0.75> <CoreInst = "Cmp">   --->   Core 9 'Cmp' <Latency = 0> <II = 1> <Delay = 0.75> <FuncUnit> <Opcode : 'seteq' 'setne' 'setle' 'setge' 'setlt' 'setgt'> <InPorts = 2> <OutPorts = 1>
ST_1 : Operation 101 [1/1] (0.00ns)   --->   "%trunc_ln46_50 = trunc i13 %data_26_val_read" [firmware/nnet_utils/nnet_activation.h:46]   --->   Operation 101 'trunc' 'trunc_ln46_50' <Predicate = (icmp_ln45_50)> <Delay = 0.00>
ST_1 : Operation 102 [1/1] (0.30ns)   --->   "%select_ln45_50 = select i1 %icmp_ln45_50, i11 %trunc_ln46_50, i11 0" [firmware/nnet_utils/nnet_activation.h:45]   --->   Operation 102 'select' 'select_ln45_50' <Predicate = true> <Delay = 0.30> <CoreInst = "Sel">   --->   Core 73 'Sel' <Latency = 0> <II = 1> <Delay = 0.30> <FuncUnit> <Opcode : 'select'> <InPorts = 3> <OutPorts = 1>
ST_1 : Operation 103 [1/1] (0.75ns)   --->   "%icmp_ln45_51 = icmp_sgt  i13 %data_28_val_read, i13 0" [firmware/nnet_utils/nnet_activation.h:45]   --->   Operation 103 'icmp' 'icmp_ln45_51' <Predicate = true> <Delay = 0.75> <CoreInst = "Cmp">   --->   Core 9 'Cmp' <Latency = 0> <II = 1> <Delay = 0.75> <FuncUnit> <Opcode : 'seteq' 'setne' 'setle' 'setge' 'setlt' 'setgt'> <InPorts = 2> <OutPorts = 1>
ST_1 : Operation 104 [1/1] (0.00ns)   --->   "%trunc_ln46_51 = trunc i13 %data_28_val_read" [firmware/nnet_utils/nnet_activation.h:46]   --->   Operation 104 'trunc' 'trunc_ln46_51' <Predicate = (icmp_ln45_51)> <Delay = 0.00>
ST_1 : Operation 105 [1/1] (0.30ns)   --->   "%select_ln45_51 = select i1 %icmp_ln45_51, i11 %trunc_ln46_51, i11 0" [firmware/nnet_utils/nnet_activation.h:45]   --->   Operation 105 'select' 'select_ln45_51' <Predicate = true> <Delay = 0.30> <CoreInst = "Sel">   --->   Core 73 'Sel' <Latency = 0> <II = 1> <Delay = 0.30> <FuncUnit> <Opcode : 'select'> <InPorts = 3> <OutPorts = 1>
ST_1 : Operation 106 [1/1] (0.75ns)   --->   "%icmp_ln45_52 = icmp_sgt  i13 %data_29_val_read, i13 0" [firmware/nnet_utils/nnet_activation.h:45]   --->   Operation 106 'icmp' 'icmp_ln45_52' <Predicate = true> <Delay = 0.75> <CoreInst = "Cmp">   --->   Core 9 'Cmp' <Latency = 0> <II = 1> <Delay = 0.75> <FuncUnit> <Opcode : 'seteq' 'setne' 'setle' 'setge' 'setlt' 'setgt'> <InPorts = 2> <OutPorts = 1>
ST_1 : Operation 107 [1/1] (0.00ns)   --->   "%trunc_ln46_52 = trunc i13 %data_29_val_read" [firmware/nnet_utils/nnet_activation.h:46]   --->   Operation 107 'trunc' 'trunc_ln46_52' <Predicate = (icmp_ln45_52)> <Delay = 0.00>
ST_1 : Operation 108 [1/1] (0.30ns)   --->   "%select_ln45_52 = select i1 %icmp_ln45_52, i11 %trunc_ln46_52, i11 0" [firmware/nnet_utils/nnet_activation.h:45]   --->   Operation 108 'select' 'select_ln45_52' <Predicate = true> <Delay = 0.30> <CoreInst = "Sel">   --->   Core 73 'Sel' <Latency = 0> <II = 1> <Delay = 0.30> <FuncUnit> <Opcode : 'select'> <InPorts = 3> <OutPorts = 1>
ST_1 : Operation 109 [1/1] (0.75ns)   --->   "%icmp_ln45_53 = icmp_sgt  i13 %data_30_val_read, i13 0" [firmware/nnet_utils/nnet_activation.h:45]   --->   Operation 109 'icmp' 'icmp_ln45_53' <Predicate = true> <Delay = 0.75> <CoreInst = "Cmp">   --->   Core 9 'Cmp' <Latency = 0> <II = 1> <Delay = 0.75> <FuncUnit> <Opcode : 'seteq' 'setne' 'setle' 'setge' 'setlt' 'setgt'> <InPorts = 2> <OutPorts = 1>
ST_1 : Operation 110 [1/1] (0.00ns)   --->   "%trunc_ln46_53 = trunc i13 %data_30_val_read" [firmware/nnet_utils/nnet_activation.h:46]   --->   Operation 110 'trunc' 'trunc_ln46_53' <Predicate = (icmp_ln45_53)> <Delay = 0.00>
ST_1 : Operation 111 [1/1] (0.30ns)   --->   "%select_ln45_53 = select i1 %icmp_ln45_53, i11 %trunc_ln46_53, i11 0" [firmware/nnet_utils/nnet_activation.h:45]   --->   Operation 111 'select' 'select_ln45_53' <Predicate = true> <Delay = 0.30> <CoreInst = "Sel">   --->   Core 73 'Sel' <Latency = 0> <II = 1> <Delay = 0.30> <FuncUnit> <Opcode : 'select'> <InPorts = 3> <OutPorts = 1>
ST_1 : Operation 112 [1/1] (0.75ns)   --->   "%icmp_ln45_54 = icmp_sgt  i13 %data_31_val_read, i13 0" [firmware/nnet_utils/nnet_activation.h:45]   --->   Operation 112 'icmp' 'icmp_ln45_54' <Predicate = true> <Delay = 0.75> <CoreInst = "Cmp">   --->   Core 9 'Cmp' <Latency = 0> <II = 1> <Delay = 0.75> <FuncUnit> <Opcode : 'seteq' 'setne' 'setle' 'setge' 'setlt' 'setgt'> <InPorts = 2> <OutPorts = 1>
ST_1 : Operation 113 [1/1] (0.00ns)   --->   "%trunc_ln46_54 = trunc i13 %data_31_val_read" [firmware/nnet_utils/nnet_activation.h:46]   --->   Operation 113 'trunc' 'trunc_ln46_54' <Predicate = (icmp_ln45_54)> <Delay = 0.00>
ST_1 : Operation 114 [1/1] (0.30ns)   --->   "%select_ln45_54 = select i1 %icmp_ln45_54, i11 %trunc_ln46_54, i11 0" [firmware/nnet_utils/nnet_activation.h:45]   --->   Operation 114 'select' 'select_ln45_54' <Predicate = true> <Delay = 0.30> <CoreInst = "Sel">   --->   Core 73 'Sel' <Latency = 0> <II = 1> <Delay = 0.30> <FuncUnit> <Opcode : 'select'> <InPorts = 3> <OutPorts = 1>
ST_1 : Operation 115 [1/1] (0.00ns)   --->   "%newret = insertvalue i308 <undef>, i11 %select_ln45" [firmware/nnet_utils/nnet_activation.h:45]   --->   Operation 115 'insertvalue' 'newret' <Predicate = true> <Delay = 0.00>
ST_1 : Operation 116 [1/1] (0.00ns)   --->   "%newret2 = insertvalue i308 %newret, i11 %select_ln45_28" [firmware/nnet_utils/nnet_activation.h:45]   --->   Operation 116 'insertvalue' 'newret2' <Predicate = true> <Delay = 0.00>
ST_1 : Operation 117 [1/1] (0.00ns)   --->   "%newret4 = insertvalue i308 %newret2, i11 %select_ln45_29" [firmware/nnet_utils/nnet_activation.h:45]   --->   Operation 117 'insertvalue' 'newret4' <Predicate = true> <Delay = 0.00>
ST_1 : Operation 118 [1/1] (0.00ns)   --->   "%newret6 = insertvalue i308 %newret4, i11 %select_ln45_30" [firmware/nnet_utils/nnet_activation.h:45]   --->   Operation 118 'insertvalue' 'newret6' <Predicate = true> <Delay = 0.00>
ST_1 : Operation 119 [1/1] (0.00ns)   --->   "%newret8 = insertvalue i308 %newret6, i11 %select_ln45_31" [firmware/nnet_utils/nnet_activation.h:45]   --->   Operation 119 'insertvalue' 'newret8' <Predicate = true> <Delay = 0.00>
ST_1 : Operation 120 [1/1] (0.00ns)   --->   "%newret10 = insertvalue i308 %newret8, i11 %select_ln45_32" [firmware/nnet_utils/nnet_activation.h:45]   --->   Operation 120 'insertvalue' 'newret10' <Predicate = true> <Delay = 0.00>
ST_1 : Operation 121 [1/1] (0.00ns)   --->   "%newret12 = insertvalue i308 %newret10, i11 %select_ln45_33" [firmware/nnet_utils/nnet_activation.h:45]   --->   Operation 121 'insertvalue' 'newret12' <Predicate = true> <Delay = 0.00>
ST_1 : Operation 122 [1/1] (0.00ns)   --->   "%newret14 = insertvalue i308 %newret12, i11 %select_ln45_34" [firmware/nnet_utils/nnet_activation.h:45]   --->   Operation 122 'insertvalue' 'newret14' <Predicate = true> <Delay = 0.00>
ST_1 : Operation 123 [1/1] (0.00ns)   --->   "%newret16 = insertvalue i308 %newret14, i11 %select_ln45_35" [firmware/nnet_utils/nnet_activation.h:45]   --->   Operation 123 'insertvalue' 'newret16' <Predicate = true> <Delay = 0.00>
ST_1 : Operation 124 [1/1] (0.00ns)   --->   "%newret18 = insertvalue i308 %newret16, i11 %select_ln45_36" [firmware/nnet_utils/nnet_activation.h:45]   --->   Operation 124 'insertvalue' 'newret18' <Predicate = true> <Delay = 0.00>
ST_1 : Operation 125 [1/1] (0.00ns)   --->   "%newret20 = insertvalue i308 %newret18, i11 %select_ln45_37" [firmware/nnet_utils/nnet_activation.h:45]   --->   Operation 125 'insertvalue' 'newret20' <Predicate = true> <Delay = 0.00>
ST_1 : Operation 126 [1/1] (0.00ns)   --->   "%newret22 = insertvalue i308 %newret20, i11 %select_ln45_38" [firmware/nnet_utils/nnet_activation.h:45]   --->   Operation 126 'insertvalue' 'newret22' <Predicate = true> <Delay = 0.00>
ST_1 : Operation 127 [1/1] (0.00ns)   --->   "%newret24 = insertvalue i308 %newret22, i11 %select_ln45_39" [firmware/nnet_utils/nnet_activation.h:45]   --->   Operation 127 'insertvalue' 'newret24' <Predicate = true> <Delay = 0.00>
ST_1 : Operation 128 [1/1] (0.00ns)   --->   "%newret26 = insertvalue i308 %newret24, i11 %select_ln45_40" [firmware/nnet_utils/nnet_activation.h:45]   --->   Operation 128 'insertvalue' 'newret26' <Predicate = true> <Delay = 0.00>
ST_1 : Operation 129 [1/1] (0.00ns)   --->   "%newret28 = insertvalue i308 %newret26, i11 %select_ln45_41" [firmware/nnet_utils/nnet_activation.h:45]   --->   Operation 129 'insertvalue' 'newret28' <Predicate = true> <Delay = 0.00>
ST_1 : Operation 130 [1/1] (0.00ns)   --->   "%newret29 = insertvalue i308 %newret28, i11 %select_ln45_42" [firmware/nnet_utils/nnet_activation.h:45]   --->   Operation 130 'insertvalue' 'newret29' <Predicate = true> <Delay = 0.00>
ST_1 : Operation 131 [1/1] (0.00ns)   --->   "%newret30 = insertvalue i308 %newret29, i11 %select_ln45_43" [firmware/nnet_utils/nnet_activation.h:45]   --->   Operation 131 'insertvalue' 'newret30' <Predicate = true> <Delay = 0.00>
ST_1 : Operation 132 [1/1] (0.00ns)   --->   "%newret31 = insertvalue i308 %newret30, i11 %select_ln45_44" [firmware/nnet_utils/nnet_activation.h:45]   --->   Operation 132 'insertvalue' 'newret31' <Predicate = true> <Delay = 0.00>
ST_1 : Operation 133 [1/1] (0.00ns)   --->   "%newret32 = insertvalue i308 %newret31, i11 %select_ln45_45" [firmware/nnet_utils/nnet_activation.h:45]   --->   Operation 133 'insertvalue' 'newret32' <Predicate = true> <Delay = 0.00>
ST_1 : Operation 134 [1/1] (0.00ns)   --->   "%newret33 = insertvalue i308 %newret32, i11 %select_ln45_46" [firmware/nnet_utils/nnet_activation.h:45]   --->   Operation 134 'insertvalue' 'newret33' <Predicate = true> <Delay = 0.00>
ST_1 : Operation 135 [1/1] (0.00ns)   --->   "%newret34 = insertvalue i308 %newret33, i11 %select_ln45_47" [firmware/nnet_utils/nnet_activation.h:45]   --->   Operation 135 'insertvalue' 'newret34' <Predicate = true> <Delay = 0.00>
ST_1 : Operation 136 [1/1] (0.00ns)   --->   "%newret35 = insertvalue i308 %newret34, i11 %select_ln45_48" [firmware/nnet_utils/nnet_activation.h:45]   --->   Operation 136 'insertvalue' 'newret35' <Predicate = true> <Delay = 0.00>
ST_1 : Operation 137 [1/1] (0.00ns)   --->   "%newret36 = insertvalue i308 %newret35, i11 %select_ln45_49" [firmware/nnet_utils/nnet_activation.h:45]   --->   Operation 137 'insertvalue' 'newret36' <Predicate = true> <Delay = 0.00>
ST_1 : Operation 138 [1/1] (0.00ns)   --->   "%newret37 = insertvalue i308 %newret36, i11 %select_ln45_50" [firmware/nnet_utils/nnet_activation.h:45]   --->   Operation 138 'insertvalue' 'newret37' <Predicate = true> <Delay = 0.00>
ST_1 : Operation 139 [1/1] (0.00ns)   --->   "%newret38 = insertvalue i308 %newret37, i11 %select_ln45_51" [firmware/nnet_utils/nnet_activation.h:45]   --->   Operation 139 'insertvalue' 'newret38' <Predicate = true> <Delay = 0.00>
ST_1 : Operation 140 [1/1] (0.00ns)   --->   "%newret39 = insertvalue i308 %newret38, i11 %select_ln45_52" [firmware/nnet_utils/nnet_activation.h:45]   --->   Operation 140 'insertvalue' 'newret39' <Predicate = true> <Delay = 0.00>
ST_1 : Operation 141 [1/1] (0.00ns)   --->   "%newret40 = insertvalue i308 %newret39, i11 %select_ln45_53" [firmware/nnet_utils/nnet_activation.h:45]   --->   Operation 141 'insertvalue' 'newret40' <Predicate = true> <Delay = 0.00>
ST_1 : Operation 142 [1/1] (0.00ns)   --->   "%newret41 = insertvalue i308 %newret40, i11 %select_ln45_54" [firmware/nnet_utils/nnet_activation.h:45]   --->   Operation 142 'insertvalue' 'newret41' <Predicate = true> <Delay = 0.00>
ST_1 : Operation 143 [1/1] (0.00ns)   --->   "%ret_ln45 = ret i308 %newret41" [firmware/nnet_utils/nnet_activation.h:45]   --->   Operation 143 'ret' 'ret_ln45' <Predicate = true> <Delay = 0.00>


============================================================
+ Verbose Summary: Timing violations
============================================================
Target clock period: 5.000ns, clock uncertainty: 1.350ns.

 <State 1>: 1.056ns
The critical path consists of the following:
	wire read operation ('data_0_val_read', firmware/nnet_utils/nnet_activation.h:42) on port 'data_0_val' (firmware/nnet_utils/nnet_activation.h:42) [57]  (0.000 ns)
	'icmp' operation 1 bit ('icmp_ln45', firmware/nnet_utils/nnet_activation.h:45) [58]  (0.755 ns)
	'select' operation 11 bit ('select_ln45', firmware/nnet_utils/nnet_activation.h:45) [60]  (0.301 ns)


============================================================
+ Verbose Summary: Binding
============================================================
N/A
* FSMD analyzer results:
  - Output states:
 - Input state : 
  - Chain level:
	State 1


============================================================
+ Verbose Summary: Datapath Resource usage 
============================================================
N/A
