

================================================================
== Vitis HLS Report for 'relu_ap_fixed_13_6_5_3_0_ap_ufixed_12_5_5_3_0_ReLU_config6_s'
================================================================
* Date:           Wed Feb 26 01:31:25 2025

* Version:        2024.1 (Build 5069499 on May 21 2024)
* Project:        myproject_prj
* Solution:       solution1 (Vivado IP Flow Target)
* Product family: virtexuplusHBM
* Target device:  xcu50-fsvh2104-2-e


================================================================
== Performance Estimates
================================================================
+ Timing: 
    * Summary: 
    +--------+---------+----------+------------+
    |  Clock |  Target | Estimated| Uncertainty|
    +--------+---------+----------+------------+
    |ap_clk  |  5.00 ns|  1.054 ns|     1.35 ns|
    +--------+---------+----------+------------+

+ Latency: 
    * Summary: 
    +---------+---------+----------+----------+-----+-----+---------+
    |  Latency (cycles) |  Latency (absolute) |  Interval | Pipeline|
    |   min   |   max   |    min   |    max   | min | max |   Type  |
    +---------+---------+----------+----------+-----+-----+---------+
    |        0|        0|      0 ns|      0 ns|    1|    1|      yes|
    +---------+---------+----------+----------+-----+-----+---------+

    + Detail: 
        * Instance: 
        N/A

        * Loop: 
        N/A



================================================================
== Utilization Estimates
================================================================
* Summary: 
+---------------------+---------+------+---------+--------+-----+
|         Name        | BRAM_18K|  DSP |    FF   |   LUT  | URAM|
+---------------------+---------+------+---------+--------+-----+
|DSP                  |        -|     -|        -|       -|    -|
|Expression           |        -|     -|        0|    2016|    -|
|FIFO                 |        -|     -|        -|       -|    -|
|Instance             |        -|     -|        -|       -|    -|
|Memory               |        -|     -|        -|       -|    -|
|Multiplexer          |        -|     -|        -|       -|    -|
|Register             |        -|     -|        -|       -|    -|
+---------------------+---------+------+---------+--------+-----+
|Total                |        0|     0|        0|    2016|    0|
+---------------------+---------+------+---------+--------+-----+
|Available SLR        |     1344|  2976|   871680|  435840|  320|
+---------------------+---------+------+---------+--------+-----+
|Utilization SLR (%)  |        0|     0|        0|      ~0|    0|
+---------------------+---------+------+---------+--------+-----+
|Available            |     2688|  5952|  1743360|  871680|  640|
+---------------------+---------+------+---------+--------+-----+
|Utilization (%)      |        0|     0|        0|      ~0|    0|
+---------------------+---------+------+---------+--------+-----+

+ Detail: 
    * Instance: 
    N/A

    * DSP: 
    N/A

    * Memory: 
    N/A

    * FIFO: 
    N/A

    * Expression: 
    +----------------------------+----------+----+---+----+------------+------------+
    |        Variable Name       | Operation| DSP| FF| LUT| Bitwidth P0| Bitwidth P1|
    +----------------------------+----------+----+---+----+------------+------------+
    |icmp_ln45_100_fu_1348_p2    |      icmp|   0|  0|  20|          13|           1|
    |icmp_ln45_101_fu_1366_p2    |      icmp|   0|  0|  20|          13|           1|
    |icmp_ln45_102_fu_1384_p2    |      icmp|   0|  0|  20|          13|           1|
    |icmp_ln45_103_fu_1402_p2    |      icmp|   0|  0|  20|          13|           1|
    |icmp_ln45_104_fu_1420_p2    |      icmp|   0|  0|  20|          13|           1|
    |icmp_ln45_105_fu_1438_p2    |      icmp|   0|  0|  20|          13|           1|
    |icmp_ln45_106_fu_1456_p2    |      icmp|   0|  0|  20|          13|           1|
    |icmp_ln45_107_fu_1474_p2    |      icmp|   0|  0|  20|          13|           1|
    |icmp_ln45_108_fu_1492_p2    |      icmp|   0|  0|  20|          13|           1|
    |icmp_ln45_109_fu_1510_p2    |      icmp|   0|  0|  20|          13|           1|
    |icmp_ln45_110_fu_1528_p2    |      icmp|   0|  0|  20|          13|           1|
    |icmp_ln45_111_fu_1546_p2    |      icmp|   0|  0|  20|          13|           1|
    |icmp_ln45_112_fu_1564_p2    |      icmp|   0|  0|  20|          13|           1|
    |icmp_ln45_113_fu_1582_p2    |      icmp|   0|  0|  20|          13|           1|
    |icmp_ln45_114_fu_1600_p2    |      icmp|   0|  0|  20|          13|           1|
    |icmp_ln45_115_fu_1618_p2    |      icmp|   0|  0|  20|          13|           1|
    |icmp_ln45_116_fu_1636_p2    |      icmp|   0|  0|  20|          13|           1|
    |icmp_ln45_55_fu_538_p2      |      icmp|   0|  0|  20|          13|           1|
    |icmp_ln45_56_fu_556_p2      |      icmp|   0|  0|  20|          13|           1|
    |icmp_ln45_57_fu_574_p2      |      icmp|   0|  0|  20|          13|           1|
    |icmp_ln45_58_fu_592_p2      |      icmp|   0|  0|  20|          13|           1|
    |icmp_ln45_59_fu_610_p2      |      icmp|   0|  0|  20|          13|           1|
    |icmp_ln45_60_fu_628_p2      |      icmp|   0|  0|  20|          13|           1|
    |icmp_ln45_61_fu_646_p2      |      icmp|   0|  0|  20|          13|           1|
    |icmp_ln45_62_fu_664_p2      |      icmp|   0|  0|  20|          13|           1|
    |icmp_ln45_63_fu_682_p2      |      icmp|   0|  0|  20|          13|           1|
    |icmp_ln45_64_fu_700_p2      |      icmp|   0|  0|  20|          13|           1|
    |icmp_ln45_65_fu_718_p2      |      icmp|   0|  0|  20|          13|           1|
    |icmp_ln45_66_fu_736_p2      |      icmp|   0|  0|  20|          13|           1|
    |icmp_ln45_67_fu_754_p2      |      icmp|   0|  0|  20|          13|           1|
    |icmp_ln45_68_fu_772_p2      |      icmp|   0|  0|  20|          13|           1|
    |icmp_ln45_69_fu_790_p2      |      icmp|   0|  0|  20|          13|           1|
    |icmp_ln45_70_fu_808_p2      |      icmp|   0|  0|  20|          13|           1|
    |icmp_ln45_71_fu_826_p2      |      icmp|   0|  0|  20|          13|           1|
    |icmp_ln45_72_fu_844_p2      |      icmp|   0|  0|  20|          13|           1|
    |icmp_ln45_73_fu_862_p2      |      icmp|   0|  0|  20|          13|           1|
    |icmp_ln45_74_fu_880_p2      |      icmp|   0|  0|  20|          13|           1|
    |icmp_ln45_75_fu_898_p2      |      icmp|   0|  0|  20|          13|           1|
    |icmp_ln45_76_fu_916_p2      |      icmp|   0|  0|  20|          13|           1|
    |icmp_ln45_77_fu_934_p2      |      icmp|   0|  0|  20|          13|           1|
    |icmp_ln45_78_fu_952_p2      |      icmp|   0|  0|  20|          13|           1|
    |icmp_ln45_79_fu_970_p2      |      icmp|   0|  0|  20|          13|           1|
    |icmp_ln45_80_fu_988_p2      |      icmp|   0|  0|  20|          13|           1|
    |icmp_ln45_81_fu_1006_p2     |      icmp|   0|  0|  20|          13|           1|
    |icmp_ln45_82_fu_1024_p2     |      icmp|   0|  0|  20|          13|           1|
    |icmp_ln45_83_fu_1042_p2     |      icmp|   0|  0|  20|          13|           1|
    |icmp_ln45_84_fu_1060_p2     |      icmp|   0|  0|  20|          13|           1|
    |icmp_ln45_85_fu_1078_p2     |      icmp|   0|  0|  20|          13|           1|
    |icmp_ln45_86_fu_1096_p2     |      icmp|   0|  0|  20|          13|           1|
    |icmp_ln45_87_fu_1114_p2     |      icmp|   0|  0|  20|          13|           1|
    |icmp_ln45_88_fu_1132_p2     |      icmp|   0|  0|  20|          13|           1|
    |icmp_ln45_89_fu_1150_p2     |      icmp|   0|  0|  20|          13|           1|
    |icmp_ln45_90_fu_1168_p2     |      icmp|   0|  0|  20|          13|           1|
    |icmp_ln45_91_fu_1186_p2     |      icmp|   0|  0|  20|          13|           1|
    |icmp_ln45_92_fu_1204_p2     |      icmp|   0|  0|  20|          13|           1|
    |icmp_ln45_93_fu_1222_p2     |      icmp|   0|  0|  20|          13|           1|
    |icmp_ln45_94_fu_1240_p2     |      icmp|   0|  0|  20|          13|           1|
    |icmp_ln45_95_fu_1258_p2     |      icmp|   0|  0|  20|          13|           1|
    |icmp_ln45_96_fu_1276_p2     |      icmp|   0|  0|  20|          13|           1|
    |icmp_ln45_97_fu_1294_p2     |      icmp|   0|  0|  20|          13|           1|
    |icmp_ln45_98_fu_1312_p2     |      icmp|   0|  0|  20|          13|           1|
    |icmp_ln45_99_fu_1330_p2     |      icmp|   0|  0|  20|          13|           1|
    |icmp_ln45_fu_520_p2         |      icmp|   0|  0|  20|          13|           1|
    |select_ln45_100_fu_1358_p3  |    select|   0|  0|  12|           1|          12|
    |select_ln45_101_fu_1376_p3  |    select|   0|  0|  12|           1|          12|
    |select_ln45_102_fu_1394_p3  |    select|   0|  0|  12|           1|          12|
    |select_ln45_103_fu_1412_p3  |    select|   0|  0|  12|           1|          12|
    |select_ln45_104_fu_1430_p3  |    select|   0|  0|  12|           1|          12|
    |select_ln45_105_fu_1448_p3  |    select|   0|  0|  12|           1|          12|
    |select_ln45_106_fu_1466_p3  |    select|   0|  0|  12|           1|          12|
    |select_ln45_107_fu_1484_p3  |    select|   0|  0|  12|           1|          12|
    |select_ln45_108_fu_1502_p3  |    select|   0|  0|  12|           1|          12|
    |select_ln45_109_fu_1520_p3  |    select|   0|  0|  12|           1|          12|
    |select_ln45_110_fu_1538_p3  |    select|   0|  0|  12|           1|          12|
    |select_ln45_111_fu_1556_p3  |    select|   0|  0|  12|           1|          12|
    |select_ln45_112_fu_1574_p3  |    select|   0|  0|  12|           1|          12|
    |select_ln45_113_fu_1592_p3  |    select|   0|  0|  12|           1|          12|
    |select_ln45_114_fu_1610_p3  |    select|   0|  0|  12|           1|          12|
    |select_ln45_115_fu_1628_p3  |    select|   0|  0|  12|           1|          12|
    |select_ln45_116_fu_1646_p3  |    select|   0|  0|  12|           1|          12|
    |select_ln45_55_fu_548_p3    |    select|   0|  0|  12|           1|          12|
    |select_ln45_56_fu_566_p3    |    select|   0|  0|  12|           1|          12|
    |select_ln45_57_fu_584_p3    |    select|   0|  0|  12|           1|          12|
    |select_ln45_58_fu_602_p3    |    select|   0|  0|  12|           1|          12|
    |select_ln45_59_fu_620_p3    |    select|   0|  0|  12|           1|          12|
    |select_ln45_60_fu_638_p3    |    select|   0|  0|  12|           1|          12|
    |select_ln45_61_fu_656_p3    |    select|   0|  0|  12|           1|          12|
    |select_ln45_62_fu_674_p3    |    select|   0|  0|  12|           1|          12|
    |select_ln45_63_fu_692_p3    |    select|   0|  0|  12|           1|          12|
    |select_ln45_64_fu_710_p3    |    select|   0|  0|  12|           1|          12|
    |select_ln45_65_fu_728_p3    |    select|   0|  0|  12|           1|          12|
    |select_ln45_66_fu_746_p3    |    select|   0|  0|  12|           1|          12|
    |select_ln45_67_fu_764_p3    |    select|   0|  0|  12|           1|          12|
    |select_ln45_68_fu_782_p3    |    select|   0|  0|  12|           1|          12|
    |select_ln45_69_fu_800_p3    |    select|   0|  0|  12|           1|          12|
    |select_ln45_70_fu_818_p3    |    select|   0|  0|  12|           1|          12|
    |select_ln45_71_fu_836_p3    |    select|   0|  0|  12|           1|          12|
    |select_ln45_72_fu_854_p3    |    select|   0|  0|  12|           1|          12|
    |select_ln45_73_fu_872_p3    |    select|   0|  0|  12|           1|          12|
    |select_ln45_74_fu_890_p3    |    select|   0|  0|  12|           1|          12|
    |select_ln45_75_fu_908_p3    |    select|   0|  0|  12|           1|          12|
    |select_ln45_76_fu_926_p3    |    select|   0|  0|  12|           1|          12|
    |select_ln45_77_fu_944_p3    |    select|   0|  0|  12|           1|          12|
    |select_ln45_78_fu_962_p3    |    select|   0|  0|  12|           1|          12|
    |select_ln45_79_fu_980_p3    |    select|   0|  0|  12|           1|          12|
    |select_ln45_80_fu_998_p3    |    select|   0|  0|  12|           1|          12|
    |select_ln45_81_fu_1016_p3   |    select|   0|  0|  12|           1|          12|
    |select_ln45_82_fu_1034_p3   |    select|   0|  0|  12|           1|          12|
    |select_ln45_83_fu_1052_p3   |    select|   0|  0|  12|           1|          12|
    |select_ln45_84_fu_1070_p3   |    select|   0|  0|  12|           1|          12|
    |select_ln45_85_fu_1088_p3   |    select|   0|  0|  12|           1|          12|
    |select_ln45_86_fu_1106_p3   |    select|   0|  0|  12|           1|          12|
    |select_ln45_87_fu_1124_p3   |    select|   0|  0|  12|           1|          12|
    |select_ln45_88_fu_1142_p3   |    select|   0|  0|  12|           1|          12|
    |select_ln45_89_fu_1160_p3   |    select|   0|  0|  12|           1|          12|
    |select_ln45_90_fu_1178_p3   |    select|   0|  0|  12|           1|          12|
    |select_ln45_91_fu_1196_p3   |    select|   0|  0|  12|           1|          12|
    |select_ln45_92_fu_1214_p3   |    select|   0|  0|  12|           1|          12|
    |select_ln45_93_fu_1232_p3   |    select|   0|  0|  12|           1|          12|
    |select_ln45_94_fu_1250_p3   |    select|   0|  0|  12|           1|          12|
    |select_ln45_95_fu_1268_p3   |    select|   0|  0|  12|           1|          12|
    |select_ln45_96_fu_1286_p3   |    select|   0|  0|  12|           1|          12|
    |select_ln45_97_fu_1304_p3   |    select|   0|  0|  12|           1|          12|
    |select_ln45_98_fu_1322_p3   |    select|   0|  0|  12|           1|          12|
    |select_ln45_99_fu_1340_p3   |    select|   0|  0|  12|           1|          12|
    |select_ln45_fu_530_p3       |    select|   0|  0|  12|           1|          12|
    +----------------------------+----------+----+---+----+------------+------------+
    |Total                       |          |   0|  0|2016|         882|         819|
    +----------------------------+----------+----+---+----+------------+------------+

    * Multiplexer: 
    N/A

    * Register: 
    N/A



================================================================
== Interface
================================================================
* Summary: 
+--------------+-----+-----+------------+-------------------------------------------------------------------------+--------------+
|   RTL Ports  | Dir | Bits|  Protocol  |                              Source Object                              |    C Type    |
+--------------+-----+-----+------------+-------------------------------------------------------------------------+--------------+
|ap_ready      |  out|    1|  ap_ctrl_hs|  relu<ap_fixed<13, 6, 5, 3, 0>, ap_ufixed<12, 5, 5, 3, 0>, ReLU_config6>|  return value|
|ap_return_0   |  out|   12|  ap_ctrl_hs|  relu<ap_fixed<13, 6, 5, 3, 0>, ap_ufixed<12, 5, 5, 3, 0>, ReLU_config6>|  return value|
|ap_return_1   |  out|   12|  ap_ctrl_hs|  relu<ap_fixed<13, 6, 5, 3, 0>, ap_ufixed<12, 5, 5, 3, 0>, ReLU_config6>|  return value|
|ap_return_2   |  out|   12|  ap_ctrl_hs|  relu<ap_fixed<13, 6, 5, 3, 0>, ap_ufixed<12, 5, 5, 3, 0>, ReLU_config6>|  return value|
|ap_return_3   |  out|   12|  ap_ctrl_hs|  relu<ap_fixed<13, 6, 5, 3, 0>, ap_ufixed<12, 5, 5, 3, 0>, ReLU_config6>|  return value|
|ap_return_4   |  out|   12|  ap_ctrl_hs|  relu<ap_fixed<13, 6, 5, 3, 0>, ap_ufixed<12, 5, 5, 3, 0>, ReLU_config6>|  return value|
|ap_return_5   |  out|   12|  ap_ctrl_hs|  relu<ap_fixed<13, 6, 5, 3, 0>, ap_ufixed<12, 5, 5, 3, 0>, ReLU_config6>|  return value|
|ap_return_6   |  out|   12|  ap_ctrl_hs|  relu<ap_fixed<13, 6, 5, 3, 0>, ap_ufixed<12, 5, 5, 3, 0>, ReLU_config6>|  return value|
|ap_return_7   |  out|   12|  ap_ctrl_hs|  relu<ap_fixed<13, 6, 5, 3, 0>, ap_ufixed<12, 5, 5, 3, 0>, ReLU_config6>|  return value|
|ap_return_8   |  out|   12|  ap_ctrl_hs|  relu<ap_fixed<13, 6, 5, 3, 0>, ap_ufixed<12, 5, 5, 3, 0>, ReLU_config6>|  return value|
|ap_return_9   |  out|   12|  ap_ctrl_hs|  relu<ap_fixed<13, 6, 5, 3, 0>, ap_ufixed<12, 5, 5, 3, 0>, ReLU_config6>|  return value|
|ap_return_10  |  out|   12|  ap_ctrl_hs|  relu<ap_fixed<13, 6, 5, 3, 0>, ap_ufixed<12, 5, 5, 3, 0>, ReLU_config6>|  return value|
|ap_return_11  |  out|   12|  ap_ctrl_hs|  relu<ap_fixed<13, 6, 5, 3, 0>, ap_ufixed<12, 5, 5, 3, 0>, ReLU_config6>|  return value|
|ap_return_12  |  out|   12|  ap_ctrl_hs|  relu<ap_fixed<13, 6, 5, 3, 0>, ap_ufixed<12, 5, 5, 3, 0>, ReLU_config6>|  return value|
|ap_return_13  |  out|   12|  ap_ctrl_hs|  relu<ap_fixed<13, 6, 5, 3, 0>, ap_ufixed<12, 5, 5, 3, 0>, ReLU_config6>|  return value|
|ap_return_14  |  out|   12|  ap_ctrl_hs|  relu<ap_fixed<13, 6, 5, 3, 0>, ap_ufixed<12, 5, 5, 3, 0>, ReLU_config6>|  return value|
|ap_return_15  |  out|   12|  ap_ctrl_hs|  relu<ap_fixed<13, 6, 5, 3, 0>, ap_ufixed<12, 5, 5, 3, 0>, ReLU_config6>|  return value|
|ap_return_16  |  out|   12|  ap_ctrl_hs|  relu<ap_fixed<13, 6, 5, 3, 0>, ap_ufixed<12, 5, 5, 3, 0>, ReLU_config6>|  return value|
|ap_return_17  |  out|   12|  ap_ctrl_hs|  relu<ap_fixed<13, 6, 5, 3, 0>, ap_ufixed<12, 5, 5, 3, 0>, ReLU_config6>|  return value|
|ap_return_18  |  out|   12|  ap_ctrl_hs|  relu<ap_fixed<13, 6, 5, 3, 0>, ap_ufixed<12, 5, 5, 3, 0>, ReLU_config6>|  return value|
|ap_return_19  |  out|   12|  ap_ctrl_hs|  relu<ap_fixed<13, 6, 5, 3, 0>, ap_ufixed<12, 5, 5, 3, 0>, ReLU_config6>|  return value|
|ap_return_20  |  out|   12|  ap_ctrl_hs|  relu<ap_fixed<13, 6, 5, 3, 0>, ap_ufixed<12, 5, 5, 3, 0>, ReLU_config6>|  return value|
|ap_return_21  |  out|   12|  ap_ctrl_hs|  relu<ap_fixed<13, 6, 5, 3, 0>, ap_ufixed<12, 5, 5, 3, 0>, ReLU_config6>|  return value|
|ap_return_22  |  out|   12|  ap_ctrl_hs|  relu<ap_fixed<13, 6, 5, 3, 0>, ap_ufixed<12, 5, 5, 3, 0>, ReLU_config6>|  return value|
|ap_return_23  |  out|   12|  ap_ctrl_hs|  relu<ap_fixed<13, 6, 5, 3, 0>, ap_ufixed<12, 5, 5, 3, 0>, ReLU_config6>|  return value|
|ap_return_24  |  out|   12|  ap_ctrl_hs|  relu<ap_fixed<13, 6, 5, 3, 0>, ap_ufixed<12, 5, 5, 3, 0>, ReLU_config6>|  return value|
|ap_return_25  |  out|   12|  ap_ctrl_hs|  relu<ap_fixed<13, 6, 5, 3, 0>, ap_ufixed<12, 5, 5, 3, 0>, ReLU_config6>|  return value|
|ap_return_26  |  out|   12|  ap_ctrl_hs|  relu<ap_fixed<13, 6, 5, 3, 0>, ap_ufixed<12, 5, 5, 3, 0>, ReLU_config6>|  return value|
|ap_return_27  |  out|   12|  ap_ctrl_hs|  relu<ap_fixed<13, 6, 5, 3, 0>, ap_ufixed<12, 5, 5, 3, 0>, ReLU_config6>|  return value|
|ap_return_28  |  out|   12|  ap_ctrl_hs|  relu<ap_fixed<13, 6, 5, 3, 0>, ap_ufixed<12, 5, 5, 3, 0>, ReLU_config6>|  return value|
|ap_return_29  |  out|   12|  ap_ctrl_hs|  relu<ap_fixed<13, 6, 5, 3, 0>, ap_ufixed<12, 5, 5, 3, 0>, ReLU_config6>|  return value|
|ap_return_30  |  out|   12|  ap_ctrl_hs|  relu<ap_fixed<13, 6, 5, 3, 0>, ap_ufixed<12, 5, 5, 3, 0>, ReLU_config6>|  return value|
|ap_return_31  |  out|   12|  ap_ctrl_hs|  relu<ap_fixed<13, 6, 5, 3, 0>, ap_ufixed<12, 5, 5, 3, 0>, ReLU_config6>|  return value|
|ap_return_32  |  out|   12|  ap_ctrl_hs|  relu<ap_fixed<13, 6, 5, 3, 0>, ap_ufixed<12, 5, 5, 3, 0>, ReLU_config6>|  return value|
|ap_return_33  |  out|   12|  ap_ctrl_hs|  relu<ap_fixed<13, 6, 5, 3, 0>, ap_ufixed<12, 5, 5, 3, 0>, ReLU_config6>|  return value|
|ap_return_34  |  out|   12|  ap_ctrl_hs|  relu<ap_fixed<13, 6, 5, 3, 0>, ap_ufixed<12, 5, 5, 3, 0>, ReLU_config6>|  return value|
|ap_return_35  |  out|   12|  ap_ctrl_hs|  relu<ap_fixed<13, 6, 5, 3, 0>, ap_ufixed<12, 5, 5, 3, 0>, ReLU_config6>|  return value|
|ap_return_36  |  out|   12|  ap_ctrl_hs|  relu<ap_fixed<13, 6, 5, 3, 0>, ap_ufixed<12, 5, 5, 3, 0>, ReLU_config6>|  return value|
|ap_return_37  |  out|   12|  ap_ctrl_hs|  relu<ap_fixed<13, 6, 5, 3, 0>, ap_ufixed<12, 5, 5, 3, 0>, ReLU_config6>|  return value|
|ap_return_38  |  out|   12|  ap_ctrl_hs|  relu<ap_fixed<13, 6, 5, 3, 0>, ap_ufixed<12, 5, 5, 3, 0>, ReLU_config6>|  return value|
|ap_return_39  |  out|   12|  ap_ctrl_hs|  relu<ap_fixed<13, 6, 5, 3, 0>, ap_ufixed<12, 5, 5, 3, 0>, ReLU_config6>|  return value|
|ap_return_40  |  out|   12|  ap_ctrl_hs|  relu<ap_fixed<13, 6, 5, 3, 0>, ap_ufixed<12, 5, 5, 3, 0>, ReLU_config6>|  return value|
|ap_return_41  |  out|   12|  ap_ctrl_hs|  relu<ap_fixed<13, 6, 5, 3, 0>, ap_ufixed<12, 5, 5, 3, 0>, ReLU_config6>|  return value|
|ap_return_42  |  out|   12|  ap_ctrl_hs|  relu<ap_fixed<13, 6, 5, 3, 0>, ap_ufixed<12, 5, 5, 3, 0>, ReLU_config6>|  return value|
|ap_return_43  |  out|   12|  ap_ctrl_hs|  relu<ap_fixed<13, 6, 5, 3, 0>, ap_ufixed<12, 5, 5, 3, 0>, ReLU_config6>|  return value|
|ap_return_44  |  out|   12|  ap_ctrl_hs|  relu<ap_fixed<13, 6, 5, 3, 0>, ap_ufixed<12, 5, 5, 3, 0>, ReLU_config6>|  return value|
|ap_return_45  |  out|   12|  ap_ctrl_hs|  relu<ap_fixed<13, 6, 5, 3, 0>, ap_ufixed<12, 5, 5, 3, 0>, ReLU_config6>|  return value|
|ap_return_46  |  out|   12|  ap_ctrl_hs|  relu<ap_fixed<13, 6, 5, 3, 0>, ap_ufixed<12, 5, 5, 3, 0>, ReLU_config6>|  return value|
|ap_return_47  |  out|   12|  ap_ctrl_hs|  relu<ap_fixed<13, 6, 5, 3, 0>, ap_ufixed<12, 5, 5, 3, 0>, ReLU_config6>|  return value|
|ap_return_48  |  out|   12|  ap_ctrl_hs|  relu<ap_fixed<13, 6, 5, 3, 0>, ap_ufixed<12, 5, 5, 3, 0>, ReLU_config6>|  return value|
|ap_return_49  |  out|   12|  ap_ctrl_hs|  relu<ap_fixed<13, 6, 5, 3, 0>, ap_ufixed<12, 5, 5, 3, 0>, ReLU_config6>|  return value|
|ap_return_50  |  out|   12|  ap_ctrl_hs|  relu<ap_fixed<13, 6, 5, 3, 0>, ap_ufixed<12, 5, 5, 3, 0>, ReLU_config6>|  return value|
|ap_return_51  |  out|   12|  ap_ctrl_hs|  relu<ap_fixed<13, 6, 5, 3, 0>, ap_ufixed<12, 5, 5, 3, 0>, ReLU_config6>|  return value|
|ap_return_52  |  out|   12|  ap_ctrl_hs|  relu<ap_fixed<13, 6, 5, 3, 0>, ap_ufixed<12, 5, 5, 3, 0>, ReLU_config6>|  return value|
|ap_return_53  |  out|   12|  ap_ctrl_hs|  relu<ap_fixed<13, 6, 5, 3, 0>, ap_ufixed<12, 5, 5, 3, 0>, ReLU_config6>|  return value|
|ap_return_54  |  out|   12|  ap_ctrl_hs|  relu<ap_fixed<13, 6, 5, 3, 0>, ap_ufixed<12, 5, 5, 3, 0>, ReLU_config6>|  return value|
|ap_return_55  |  out|   12|  ap_ctrl_hs|  relu<ap_fixed<13, 6, 5, 3, 0>, ap_ufixed<12, 5, 5, 3, 0>, ReLU_config6>|  return value|
|ap_return_56  |  out|   12|  ap_ctrl_hs|  relu<ap_fixed<13, 6, 5, 3, 0>, ap_ufixed<12, 5, 5, 3, 0>, ReLU_config6>|  return value|
|ap_return_57  |  out|   12|  ap_ctrl_hs|  relu<ap_fixed<13, 6, 5, 3, 0>, ap_ufixed<12, 5, 5, 3, 0>, ReLU_config6>|  return value|
|ap_return_58  |  out|   12|  ap_ctrl_hs|  relu<ap_fixed<13, 6, 5, 3, 0>, ap_ufixed<12, 5, 5, 3, 0>, ReLU_config6>|  return value|
|ap_return_59  |  out|   12|  ap_ctrl_hs|  relu<ap_fixed<13, 6, 5, 3, 0>, ap_ufixed<12, 5, 5, 3, 0>, ReLU_config6>|  return value|
|ap_return_60  |  out|   12|  ap_ctrl_hs|  relu<ap_fixed<13, 6, 5, 3, 0>, ap_ufixed<12, 5, 5, 3, 0>, ReLU_config6>|  return value|
|ap_return_61  |  out|   12|  ap_ctrl_hs|  relu<ap_fixed<13, 6, 5, 3, 0>, ap_ufixed<12, 5, 5, 3, 0>, ReLU_config6>|  return value|
|ap_return_62  |  out|   12|  ap_ctrl_hs|  relu<ap_fixed<13, 6, 5, 3, 0>, ap_ufixed<12, 5, 5, 3, 0>, ReLU_config6>|  return value|
|ap_rst        |   in|    1|  ap_ctrl_hs|  relu<ap_fixed<13, 6, 5, 3, 0>, ap_ufixed<12, 5, 5, 3, 0>, ReLU_config6>|  return value|
|data_0_val    |   in|   13|     ap_none|                                                               data_0_val|        scalar|
|data_1_val    |   in|   13|     ap_none|                                                               data_1_val|        scalar|
|data_2_val    |   in|   13|     ap_none|                                                               data_2_val|        scalar|
|data_3_val    |   in|   13|     ap_none|                                                               data_3_val|        scalar|
|data_4_val    |   in|   13|     ap_none|                                                               data_4_val|        scalar|
|data_5_val    |   in|   13|     ap_none|                                                               data_5_val|        scalar|
|data_6_val    |   in|   13|     ap_none|                                                               data_6_val|        scalar|
|data_7_val    |   in|   13|     ap_none|                                                               data_7_val|        scalar|
|data_8_val    |   in|   13|     ap_none|                                                               data_8_val|        scalar|
|data_9_val    |   in|   13|     ap_none|                                                               data_9_val|        scalar|
|data_10_val   |   in|   13|     ap_none|                                                              data_10_val|        scalar|
|data_11_val   |   in|   13|     ap_none|                                                              data_11_val|        scalar|
|data_12_val   |   in|   13|     ap_none|                                                              data_12_val|        scalar|
|data_13_val   |   in|   13|     ap_none|                                                              data_13_val|        scalar|
|data_14_val   |   in|   13|     ap_none|                                                              data_14_val|        scalar|
|data_15_val   |   in|   13|     ap_none|                                                              data_15_val|        scalar|
|data_16_val   |   in|   13|     ap_none|                                                              data_16_val|        scalar|
|data_17_val   |   in|   13|     ap_none|                                                              data_17_val|        scalar|
|data_18_val   |   in|   13|     ap_none|                                                              data_18_val|        scalar|
|data_19_val   |   in|   13|     ap_none|                                                              data_19_val|        scalar|
|data_20_val   |   in|   13|     ap_none|                                                              data_20_val|        scalar|
|data_21_val   |   in|   13|     ap_none|                                                              data_21_val|        scalar|
|data_22_val   |   in|   13|     ap_none|                                                              data_22_val|        scalar|
|data_23_val   |   in|   13|     ap_none|                                                              data_23_val|        scalar|
|data_24_val   |   in|   13|     ap_none|                                                              data_24_val|        scalar|
|data_25_val   |   in|   13|     ap_none|                                                              data_25_val|        scalar|
|data_26_val   |   in|   13|     ap_none|                                                              data_26_val|        scalar|
|data_27_val   |   in|   13|     ap_none|                                                              data_27_val|        scalar|
|data_28_val   |   in|   13|     ap_none|                                                              data_28_val|        scalar|
|data_29_val   |   in|   13|     ap_none|                                                              data_29_val|        scalar|
|data_30_val   |   in|   13|     ap_none|                                                              data_30_val|        scalar|
|data_31_val   |   in|   13|     ap_none|                                                              data_31_val|        scalar|
|data_33_val   |   in|   13|     ap_none|                                                              data_33_val|        scalar|
|data_34_val   |   in|   13|     ap_none|                                                              data_34_val|        scalar|
|data_35_val   |   in|   13|     ap_none|                                                              data_35_val|        scalar|
|data_36_val   |   in|   13|     ap_none|                                                              data_36_val|        scalar|
|data_37_val   |   in|   13|     ap_none|                                                              data_37_val|        scalar|
|data_38_val   |   in|   13|     ap_none|                                                              data_38_val|        scalar|
|data_39_val   |   in|   13|     ap_none|                                                              data_39_val|        scalar|
|data_40_val   |   in|   13|     ap_none|                                                              data_40_val|        scalar|
|data_41_val   |   in|   13|     ap_none|                                                              data_41_val|        scalar|
|data_42_val   |   in|   13|     ap_none|                                                              data_42_val|        scalar|
|data_43_val   |   in|   13|     ap_none|                                                              data_43_val|        scalar|
|data_44_val   |   in|   13|     ap_none|                                                              data_44_val|        scalar|
|data_45_val   |   in|   13|     ap_none|                                                              data_45_val|        scalar|
|data_46_val   |   in|   13|     ap_none|                                                              data_46_val|        scalar|
|data_47_val   |   in|   13|     ap_none|                                                              data_47_val|        scalar|
|data_48_val   |   in|   13|     ap_none|                                                              data_48_val|        scalar|
|data_49_val   |   in|   13|     ap_none|                                                              data_49_val|        scalar|
|data_50_val   |   in|   13|     ap_none|                                                              data_50_val|        scalar|
|data_51_val   |   in|   13|     ap_none|                                                              data_51_val|        scalar|
|data_52_val   |   in|   13|     ap_none|                                                              data_52_val|        scalar|
|data_53_val   |   in|   13|     ap_none|                                                              data_53_val|        scalar|
|data_54_val   |   in|   13|     ap_none|                                                              data_54_val|        scalar|
|data_55_val   |   in|   13|     ap_none|                                                              data_55_val|        scalar|
|data_56_val   |   in|   13|     ap_none|                                                              data_56_val|        scalar|
|data_57_val   |   in|   13|     ap_none|                                                              data_57_val|        scalar|
|data_58_val   |   in|   13|     ap_none|                                                              data_58_val|        scalar|
|data_59_val   |   in|   13|     ap_none|                                                              data_59_val|        scalar|
|data_60_val   |   in|   13|     ap_none|                                                              data_60_val|        scalar|
|data_61_val   |   in|   13|     ap_none|                                                              data_61_val|        scalar|
|data_62_val   |   in|   13|     ap_none|                                                              data_62_val|        scalar|
|data_63_val   |   in|   13|     ap_none|                                                              data_63_val|        scalar|
+--------------+-----+-----+------------+-------------------------------------------------------------------------+--------------+

