

================================================================
== Vitis HLS Report for 'relu_ap_fixed_13_9_5_3_0_ap_ufixed_11_7_5_3_0_ReLU_config16_s'
================================================================
* Date:           Wed Feb 26 01:31:30 2025

* Version:        2024.1 (Build 5069499 on May 21 2024)
* Project:        myproject_prj
* Solution:       solution1 (Vivado IP Flow Target)
* Product family: virtexuplusHBM
* Target device:  xcu50-fsvh2104-2-e


================================================================
== Performance Estimates
================================================================
+ Timing: 
    * Summary: 
    +--------+---------+----------+------------+
    |  Clock |  Target | Estimated| Uncertainty|
    +--------+---------+----------+------------+
    |ap_clk  |  5.00 ns|  1.056 ns|     1.35 ns|
    +--------+---------+----------+------------+

+ Latency: 
    * Summary: 
    +---------+---------+----------+----------+-----+-----+---------+
    |  Latency (cycles) |  Latency (absolute) |  Interval | Pipeline|
    |   min   |   max   |    min   |    max   | min | max |   Type  |
    +---------+---------+----------+----------+-----+-----+---------+
    |        0|        0|      0 ns|      0 ns|    1|    1|      yes|
    +---------+---------+----------+----------+-----+-----+---------+

    + Detail: 
        * Instance: 
        N/A

        * Loop: 
        N/A



================================================================
== Utilization Estimates
================================================================
* Summary: 
+---------------------+---------+------+---------+--------+-----+
|         Name        | BRAM_18K|  DSP |    FF   |   LUT  | URAM|
+---------------------+---------+------+---------+--------+-----+
|DSP                  |        -|     -|        -|       -|    -|
|Expression           |        -|     -|        0|     868|    -|
|FIFO                 |        -|     -|        -|       -|    -|
|Instance             |        -|     -|        -|       -|    -|
|Memory               |        -|     -|        -|       -|    -|
|Multiplexer          |        -|     -|        -|       -|    -|
|Register             |        -|     -|        -|       -|    -|
+---------------------+---------+------+---------+--------+-----+
|Total                |        0|     0|        0|     868|    0|
+---------------------+---------+------+---------+--------+-----+
|Available SLR        |     1344|  2976|   871680|  435840|  320|
+---------------------+---------+------+---------+--------+-----+
|Utilization SLR (%)  |        0|     0|        0|      ~0|    0|
+---------------------+---------+------+---------+--------+-----+
|Available            |     2688|  5952|  1743360|  871680|  640|
+---------------------+---------+------+---------+--------+-----+
|Utilization (%)      |        0|     0|        0|      ~0|    0|
+---------------------+---------+------+---------+--------+-----+

+ Detail: 
    * Instance: 
    N/A

    * DSP: 
    N/A

    * Memory: 
    N/A

    * FIFO: 
    N/A

    * Expression: 
    +--------------------------+----------+----+---+----+------------+------------+
    |       Variable Name      | Operation| DSP| FF| LUT| Bitwidth P0| Bitwidth P1|
    +--------------------------+----------+----+---+----+------------+------------+
    |icmp_ln45_10_fu_420_p2    |      icmp|   0|  0|  20|          13|           1|
    |icmp_ln45_11_fu_438_p2    |      icmp|   0|  0|  20|          13|           1|
    |icmp_ln45_12_fu_456_p2    |      icmp|   0|  0|  20|          13|           1|
    |icmp_ln45_13_fu_474_p2    |      icmp|   0|  0|  20|          13|           1|
    |icmp_ln45_14_fu_492_p2    |      icmp|   0|  0|  20|          13|           1|
    |icmp_ln45_15_fu_510_p2    |      icmp|   0|  0|  20|          13|           1|
    |icmp_ln45_16_fu_528_p2    |      icmp|   0|  0|  20|          13|           1|
    |icmp_ln45_17_fu_546_p2    |      icmp|   0|  0|  20|          13|           1|
    |icmp_ln45_18_fu_564_p2    |      icmp|   0|  0|  20|          13|           1|
    |icmp_ln45_19_fu_582_p2    |      icmp|   0|  0|  20|          13|           1|
    |icmp_ln45_1_fu_258_p2     |      icmp|   0|  0|  20|          13|           1|
    |icmp_ln45_20_fu_600_p2    |      icmp|   0|  0|  20|          13|           1|
    |icmp_ln45_21_fu_618_p2    |      icmp|   0|  0|  20|          13|           1|
    |icmp_ln45_22_fu_636_p2    |      icmp|   0|  0|  20|          13|           1|
    |icmp_ln45_23_fu_654_p2    |      icmp|   0|  0|  20|          13|           1|
    |icmp_ln45_24_fu_672_p2    |      icmp|   0|  0|  20|          13|           1|
    |icmp_ln45_25_fu_690_p2    |      icmp|   0|  0|  20|          13|           1|
    |icmp_ln45_26_fu_708_p2    |      icmp|   0|  0|  20|          13|           1|
    |icmp_ln45_27_fu_726_p2    |      icmp|   0|  0|  20|          13|           1|
    |icmp_ln45_2_fu_276_p2     |      icmp|   0|  0|  20|          13|           1|
    |icmp_ln45_3_fu_294_p2     |      icmp|   0|  0|  20|          13|           1|
    |icmp_ln45_4_fu_312_p2     |      icmp|   0|  0|  20|          13|           1|
    |icmp_ln45_5_fu_330_p2     |      icmp|   0|  0|  20|          13|           1|
    |icmp_ln45_6_fu_348_p2     |      icmp|   0|  0|  20|          13|           1|
    |icmp_ln45_7_fu_366_p2     |      icmp|   0|  0|  20|          13|           1|
    |icmp_ln45_8_fu_384_p2     |      icmp|   0|  0|  20|          13|           1|
    |icmp_ln45_9_fu_402_p2     |      icmp|   0|  0|  20|          13|           1|
    |icmp_ln45_fu_240_p2       |      icmp|   0|  0|  20|          13|           1|
    |select_ln45_10_fu_430_p3  |    select|   0|  0|  11|           1|          11|
    |select_ln45_11_fu_448_p3  |    select|   0|  0|  11|           1|          11|
    |select_ln45_12_fu_466_p3  |    select|   0|  0|  11|           1|          11|
    |select_ln45_13_fu_484_p3  |    select|   0|  0|  11|           1|          11|
    |select_ln45_14_fu_502_p3  |    select|   0|  0|  11|           1|          11|
    |select_ln45_15_fu_520_p3  |    select|   0|  0|  11|           1|          11|
    |select_ln45_16_fu_538_p3  |    select|   0|  0|  11|           1|          11|
    |select_ln45_17_fu_556_p3  |    select|   0|  0|  11|           1|          11|
    |select_ln45_18_fu_574_p3  |    select|   0|  0|  11|           1|          11|
    |select_ln45_19_fu_592_p3  |    select|   0|  0|  11|           1|          11|
    |select_ln45_1_fu_268_p3   |    select|   0|  0|  11|           1|          11|
    |select_ln45_20_fu_610_p3  |    select|   0|  0|  11|           1|          11|
    |select_ln45_21_fu_628_p3  |    select|   0|  0|  11|           1|          11|
    |select_ln45_22_fu_646_p3  |    select|   0|  0|  11|           1|          11|
    |select_ln45_23_fu_664_p3  |    select|   0|  0|  11|           1|          11|
    |select_ln45_24_fu_682_p3  |    select|   0|  0|  11|           1|          11|
    |select_ln45_25_fu_700_p3  |    select|   0|  0|  11|           1|          11|
    |select_ln45_26_fu_718_p3  |    select|   0|  0|  11|           1|          11|
    |select_ln45_27_fu_736_p3  |    select|   0|  0|  11|           1|          11|
    |select_ln45_2_fu_286_p3   |    select|   0|  0|  11|           1|          11|
    |select_ln45_3_fu_304_p3   |    select|   0|  0|  11|           1|          11|
    |select_ln45_4_fu_322_p3   |    select|   0|  0|  11|           1|          11|
    |select_ln45_5_fu_340_p3   |    select|   0|  0|  11|           1|          11|
    |select_ln45_6_fu_358_p3   |    select|   0|  0|  11|           1|          11|
    |select_ln45_7_fu_376_p3   |    select|   0|  0|  11|           1|          11|
    |select_ln45_8_fu_394_p3   |    select|   0|  0|  11|           1|          11|
    |select_ln45_9_fu_412_p3   |    select|   0|  0|  11|           1|          11|
    |select_ln45_fu_250_p3     |    select|   0|  0|  11|           1|          11|
    +--------------------------+----------+----+---+----+------------+------------+
    |Total                     |          |   0|  0| 868|         392|         336|
    +--------------------------+----------+----+---+----+------------+------------+

    * Multiplexer: 
    N/A

    * Register: 
    N/A



================================================================
== Interface
================================================================
* Summary: 
+--------------+-----+-----+------------+--------------------------------------------------------------------------+--------------+
|   RTL Ports  | Dir | Bits|  Protocol  |                               Source Object                              |    C Type    |
+--------------+-----+-----+------------+--------------------------------------------------------------------------+--------------+
|ap_ready      |  out|    1|  ap_ctrl_hs|  relu<ap_fixed<13, 9, 5, 3, 0>, ap_ufixed<11, 7, 5, 3, 0>, ReLU_config16>|  return value|
|ap_return_0   |  out|   11|  ap_ctrl_hs|  relu<ap_fixed<13, 9, 5, 3, 0>, ap_ufixed<11, 7, 5, 3, 0>, ReLU_config16>|  return value|
|ap_return_1   |  out|   11|  ap_ctrl_hs|  relu<ap_fixed<13, 9, 5, 3, 0>, ap_ufixed<11, 7, 5, 3, 0>, ReLU_config16>|  return value|
|ap_return_2   |  out|   11|  ap_ctrl_hs|  relu<ap_fixed<13, 9, 5, 3, 0>, ap_ufixed<11, 7, 5, 3, 0>, ReLU_config16>|  return value|
|ap_return_3   |  out|   11|  ap_ctrl_hs|  relu<ap_fixed<13, 9, 5, 3, 0>, ap_ufixed<11, 7, 5, 3, 0>, ReLU_config16>|  return value|
|ap_return_4   |  out|   11|  ap_ctrl_hs|  relu<ap_fixed<13, 9, 5, 3, 0>, ap_ufixed<11, 7, 5, 3, 0>, ReLU_config16>|  return value|
|ap_return_5   |  out|   11|  ap_ctrl_hs|  relu<ap_fixed<13, 9, 5, 3, 0>, ap_ufixed<11, 7, 5, 3, 0>, ReLU_config16>|  return value|
|ap_return_6   |  out|   11|  ap_ctrl_hs|  relu<ap_fixed<13, 9, 5, 3, 0>, ap_ufixed<11, 7, 5, 3, 0>, ReLU_config16>|  return value|
|ap_return_7   |  out|   11|  ap_ctrl_hs|  relu<ap_fixed<13, 9, 5, 3, 0>, ap_ufixed<11, 7, 5, 3, 0>, ReLU_config16>|  return value|
|ap_return_8   |  out|   11|  ap_ctrl_hs|  relu<ap_fixed<13, 9, 5, 3, 0>, ap_ufixed<11, 7, 5, 3, 0>, ReLU_config16>|  return value|
|ap_return_9   |  out|   11|  ap_ctrl_hs|  relu<ap_fixed<13, 9, 5, 3, 0>, ap_ufixed<11, 7, 5, 3, 0>, ReLU_config16>|  return value|
|ap_return_10  |  out|   11|  ap_ctrl_hs|  relu<ap_fixed<13, 9, 5, 3, 0>, ap_ufixed<11, 7, 5, 3, 0>, ReLU_config16>|  return value|
|ap_return_11  |  out|   11|  ap_ctrl_hs|  relu<ap_fixed<13, 9, 5, 3, 0>, ap_ufixed<11, 7, 5, 3, 0>, ReLU_config16>|  return value|
|ap_return_12  |  out|   11|  ap_ctrl_hs|  relu<ap_fixed<13, 9, 5, 3, 0>, ap_ufixed<11, 7, 5, 3, 0>, ReLU_config16>|  return value|
|ap_return_13  |  out|   11|  ap_ctrl_hs|  relu<ap_fixed<13, 9, 5, 3, 0>, ap_ufixed<11, 7, 5, 3, 0>, ReLU_config16>|  return value|
|ap_return_14  |  out|   11|  ap_ctrl_hs|  relu<ap_fixed<13, 9, 5, 3, 0>, ap_ufixed<11, 7, 5, 3, 0>, ReLU_config16>|  return value|
|ap_return_15  |  out|   11|  ap_ctrl_hs|  relu<ap_fixed<13, 9, 5, 3, 0>, ap_ufixed<11, 7, 5, 3, 0>, ReLU_config16>|  return value|
|ap_return_16  |  out|   11|  ap_ctrl_hs|  relu<ap_fixed<13, 9, 5, 3, 0>, ap_ufixed<11, 7, 5, 3, 0>, ReLU_config16>|  return value|
|ap_return_17  |  out|   11|  ap_ctrl_hs|  relu<ap_fixed<13, 9, 5, 3, 0>, ap_ufixed<11, 7, 5, 3, 0>, ReLU_config16>|  return value|
|ap_return_18  |  out|   11|  ap_ctrl_hs|  relu<ap_fixed<13, 9, 5, 3, 0>, ap_ufixed<11, 7, 5, 3, 0>, ReLU_config16>|  return value|
|ap_return_19  |  out|   11|  ap_ctrl_hs|  relu<ap_fixed<13, 9, 5, 3, 0>, ap_ufixed<11, 7, 5, 3, 0>, ReLU_config16>|  return value|
|ap_return_20  |  out|   11|  ap_ctrl_hs|  relu<ap_fixed<13, 9, 5, 3, 0>, ap_ufixed<11, 7, 5, 3, 0>, ReLU_config16>|  return value|
|ap_return_21  |  out|   11|  ap_ctrl_hs|  relu<ap_fixed<13, 9, 5, 3, 0>, ap_ufixed<11, 7, 5, 3, 0>, ReLU_config16>|  return value|
|ap_return_22  |  out|   11|  ap_ctrl_hs|  relu<ap_fixed<13, 9, 5, 3, 0>, ap_ufixed<11, 7, 5, 3, 0>, ReLU_config16>|  return value|
|ap_return_23  |  out|   11|  ap_ctrl_hs|  relu<ap_fixed<13, 9, 5, 3, 0>, ap_ufixed<11, 7, 5, 3, 0>, ReLU_config16>|  return value|
|ap_return_24  |  out|   11|  ap_ctrl_hs|  relu<ap_fixed<13, 9, 5, 3, 0>, ap_ufixed<11, 7, 5, 3, 0>, ReLU_config16>|  return value|
|ap_return_25  |  out|   11|  ap_ctrl_hs|  relu<ap_fixed<13, 9, 5, 3, 0>, ap_ufixed<11, 7, 5, 3, 0>, ReLU_config16>|  return value|
|ap_return_26  |  out|   11|  ap_ctrl_hs|  relu<ap_fixed<13, 9, 5, 3, 0>, ap_ufixed<11, 7, 5, 3, 0>, ReLU_config16>|  return value|
|ap_return_27  |  out|   11|  ap_ctrl_hs|  relu<ap_fixed<13, 9, 5, 3, 0>, ap_ufixed<11, 7, 5, 3, 0>, ReLU_config16>|  return value|
|ap_rst        |   in|    1|  ap_ctrl_hs|  relu<ap_fixed<13, 9, 5, 3, 0>, ap_ufixed<11, 7, 5, 3, 0>, ReLU_config16>|  return value|
|data_0_val    |   in|   13|     ap_none|                                                                data_0_val|        scalar|
|data_1_val    |   in|   13|     ap_none|                                                                data_1_val|        scalar|
|data_2_val    |   in|   13|     ap_none|                                                                data_2_val|        scalar|
|data_3_val    |   in|   13|     ap_none|                                                                data_3_val|        scalar|
|data_4_val    |   in|   13|     ap_none|                                                                data_4_val|        scalar|
|data_5_val    |   in|   13|     ap_none|                                                                data_5_val|        scalar|
|data_7_val    |   in|   13|     ap_none|                                                                data_7_val|        scalar|
|data_9_val    |   in|   13|     ap_none|                                                                data_9_val|        scalar|
|data_10_val   |   in|   13|     ap_none|                                                               data_10_val|        scalar|
|data_11_val   |   in|   13|     ap_none|                                                               data_11_val|        scalar|
|data_12_val   |   in|   13|     ap_none|                                                               data_12_val|        scalar|
|data_14_val   |   in|   13|     ap_none|                                                               data_14_val|        scalar|
|data_15_val   |   in|   13|     ap_none|                                                               data_15_val|        scalar|
|data_16_val   |   in|   13|     ap_none|                                                               data_16_val|        scalar|
|data_17_val   |   in|   13|     ap_none|                                                               data_17_val|        scalar|
|data_18_val   |   in|   13|     ap_none|                                                               data_18_val|        scalar|
|data_20_val   |   in|   13|     ap_none|                                                               data_20_val|        scalar|
|data_21_val   |   in|   13|     ap_none|                                                               data_21_val|        scalar|
|data_22_val   |   in|   13|     ap_none|                                                               data_22_val|        scalar|
|data_23_val   |   in|   13|     ap_none|                                                               data_23_val|        scalar|
|data_24_val   |   in|   13|     ap_none|                                                               data_24_val|        scalar|
|data_25_val   |   in|   13|     ap_none|                                                               data_25_val|        scalar|
|data_26_val   |   in|   13|     ap_none|                                                               data_26_val|        scalar|
|data_27_val   |   in|   13|     ap_none|                                                               data_27_val|        scalar|
|data_28_val   |   in|   13|     ap_none|                                                               data_28_val|        scalar|
|data_29_val   |   in|   13|     ap_none|                                                               data_29_val|        scalar|
|data_30_val   |   in|   13|     ap_none|                                                               data_30_val|        scalar|
|data_31_val   |   in|   13|     ap_none|                                                               data_31_val|        scalar|
+--------------+-----+-----+------------+--------------------------------------------------------------------------+--------------+

