==============================================================
Vitis HLS - High-Level Synthesis from C, C++ and OpenCL v2024.1 (64-bit)
Tool Version Limit: 2024.05
Copyright 1986-2022 Xilinx, Inc. All Rights Reserved.
Copyright 2022-2024 Advanced Micro Devices, Inc. All Rights Reserved.

==============================================================
INFO: [HLS 200-1505] Using default flow_target 'vivado'
INFO: [HLS 200-1510] Running: config_array_partition -maximum_size 4096 
ERROR: [HLS 200-101] config_array_partition: Unknown option '-maximum_size'.
ERROR: [HLS 200-101] config_array_partition: Unknown option '4096'.
INFO: [HLS 200-1510] Running: config_compile -name_max_length 80 
INFO: [XFORM 203-1161] The maximum of name length is set to 80.
INFO: [HLS 200-1510] Running: set_part xcu50-fsvh2104-2-e 
INFO: [HLS 200-1611] Setting target device to 'xcu50-fsvh2104-2-e'
INFO: [XFORM 203-1161] The maximum of name length is set to 80.
INFO: [HLS 200-1510] Running: config_schedule -enable_dsp_full_reg=false 
INFO: [HLS 200-1510] Running: create_clock -period 5 -name default 
INFO: [SYN 201-201] Setting up clock 'default' with a period of 5ns.
INFO: [HLS 200-1510] Running: set_clock_uncertainty 27% default 
INFO: [SYN 201-201] Setting up clock 'default' with an uncertainty of 1.35ns.
INFO: [HLS 200-1510] Running: csynth_design 
INFO: [HLS 200-111] Finished File checks and directory preparation: CPU user time: 0.07 seconds. CPU system time: 0.01 seconds. Elapsed time: 0.11 seconds; current allocated memory: 314.379 MB.
INFO: [HLS 200-10] Analyzing design file 'firmware/myproject.cpp' ... 
WARNING: [HLS 207-5538] 'Resource pragma' is deprecated, use 'bind_op/bind_storage pragma' instead (firmware/nnet_utils/nnet_dense_resource.h:33:9)
WARNING: [HLS 207-5538] 'Resource pragma' is deprecated, use 'bind_op/bind_storage pragma' instead (firmware/nnet_utils/nnet_dense_resource.h:107:9)
WARNING: [HLS 207-5538] 'Resource pragma' is deprecated, use 'bind_op/bind_storage pragma' instead (firmware/nnet_utils/nnet_dense_resource.h:189:9)
WARNING: [HLS 207-5292] unused parameter 'keep' (firmware/nnet_utils/nnet_helpers.h:285:99)
WARNING: [HLS 207-5292] unused parameter 'data' (firmware/nnet_utils/nnet_function_stubs.h:14:36)
WARNING: [HLS 207-5292] unused parameter 'buffer' (firmware/nnet_utils/nnet_function_stubs.h:15:36)
WARNING: [HLS 207-5292] unused parameter 'partition' (firmware/nnet_utils/nnet_function_stubs.h:16:44)
WARNING: [HLS 207-5292] unused parameter 'data' (firmware/nnet_utils/nnet_function_stubs.h:24:24)
WARNING: [HLS 207-5292] unused parameter 'buffer' (firmware/nnet_utils/nnet_function_stubs.h:25:24)
WARNING: [HLS 207-5292] unused parameter 'partition' (firmware/nnet_utils/nnet_function_stubs.h:26:32)
WARNING: [HLS 207-5292] unused parameter 'data' (firmware/nnet_utils/nnet_function_stubs.h:33:30)
WARNING: [HLS 207-5292] unused parameter 'res' (firmware/nnet_utils/nnet_function_stubs.h:33:58)
WARNING: [HLS 207-5292] unused parameter 'weights' (firmware/nnet_utils/nnet_function_stubs.h:34:51)
WARNING: [HLS 207-5292] unused parameter 'biases' (firmware/nnet_utils/nnet_function_stubs.h:35:49)
WARNING: [HLS 207-5292] unused parameter 'data' (firmware/nnet_utils/nnet_function_stubs.h:42:29)
WARNING: [HLS 207-5292] unused parameter 'res' (firmware/nnet_utils/nnet_function_stubs.h:42:80)
WARNING: [HLS 207-5292] unused parameter 'weights' (firmware/nnet_utils/nnet_function_stubs.h:43:50)
WARNING: [HLS 207-5292] unused parameter 'biases' (firmware/nnet_utils/nnet_function_stubs.h:44:48)
WARNING: [HLS 207-5292] unused parameter 'data' (firmware/nnet_utils/nnet_code_gen.h:16:39)
WARNING: [HLS 207-5292] unused parameter 'res' (firmware/nnet_utils/nnet_code_gen.h:17:38)
WARNING: [HLS 207-5292] unused parameter 'weights' (firmware/nnet_utils/nnet_code_gen.h:18:60)
WARNING: [HLS 207-5292] unused parameter 'biases' (firmware/nnet_utils/nnet_code_gen.h:19:58)
INFO: [HLS 200-111] Finished Source Code Analysis and Preprocessing: CPU user time: 10.53 seconds. CPU system time: 0.89 seconds. Elapsed time: 11.93 seconds; current allocated memory: 320.449 MB.
INFO: [HLS 200-777] Using interface defaults for 'Vivado' flow target.
INFO: [HLS 200-1995] There were 13,730 instructions in the design after the 'Compile/Link' phase of compilation. See the Design Size Report for more details: /home/hep/lr1424/hls4ml-tutorial_OPENML/model_3.1_5/hls4ml_prj/myproject_prj/solution1/syn/report/csynth_design_size.rpt
WARNING: [HLS 200-1995] There were 232,244 instructions in the design after the 'Unroll/Inline' phase of compilation. See the Design Size Report for more details: /home/hep/lr1424/hls4ml-tutorial_OPENML/model_3.1_5/hls4ml_prj/myproject_prj/solution1/syn/report/csynth_design_size.rpt
INFO: [HLS 200-1995] There were 64,163 instructions in the design after the 'Unroll/Inline (step 2)' phase of compilation. See the Design Size Report for more details: /home/hep/lr1424/hls4ml-tutorial_OPENML/model_3.1_5/hls4ml_prj/myproject_prj/solution1/syn/report/csynth_design_size.rpt
INFO: [HLS 200-1995] There were 63,346 instructions in the design after the 'Unroll/Inline (step 3)' phase of compilation. See the Design Size Report for more details: /home/hep/lr1424/hls4ml-tutorial_OPENML/model_3.1_5/hls4ml_prj/myproject_prj/solution1/syn/report/csynth_design_size.rpt
INFO: [HLS 200-1995] There were 62,939 instructions in the design after the 'Unroll/Inline (step 4)' phase of compilation. See the Design Size Report for more details: /home/hep/lr1424/hls4ml-tutorial_OPENML/model_3.1_5/hls4ml_prj/myproject_prj/solution1/syn/report/csynth_design_size.rpt
INFO: [HLS 200-1995] There were 37,958 instructions in the design after the 'Array/Struct (step 1)' phase of compilation. See the Design Size Report for more details: /home/hep/lr1424/hls4ml-tutorial_OPENML/model_3.1_5/hls4ml_prj/myproject_prj/solution1/syn/report/csynth_design_size.rpt
INFO: [HLS 200-1995] There were 9,308 instructions in the design after the 'Array/Struct (step 2)' phase of compilation. See the Design Size Report for more details: /home/hep/lr1424/hls4ml-tutorial_OPENML/model_3.1_5/hls4ml_prj/myproject_prj/solution1/syn/report/csynth_design_size.rpt
INFO: [HLS 200-1995] There were 9,308 instructions in the design after the 'Array/Struct (step 3)' phase of compilation. See the Design Size Report for more details: /home/hep/lr1424/hls4ml-tutorial_OPENML/model_3.1_5/hls4ml_prj/myproject_prj/solution1/syn/report/csynth_design_size.rpt
INFO: [HLS 200-1995] There were 5,002 instructions in the design after the 'Array/Struct (step 4)' phase of compilation. See the Design Size Report for more details: /home/hep/lr1424/hls4ml-tutorial_OPENML/model_3.1_5/hls4ml_prj/myproject_prj/solution1/syn/report/csynth_design_size.rpt
INFO: [HLS 200-1995] There were 4,917 instructions in the design after the 'Array/Struct (step 5)' phase of compilation. See the Design Size Report for more details: /home/hep/lr1424/hls4ml-tutorial_OPENML/model_3.1_5/hls4ml_prj/myproject_prj/solution1/syn/report/csynth_design_size.rpt
INFO: [HLS 200-1995] There were 2,732 instructions in the design after the 'Performance (step 1)' phase of compilation. See the Design Size Report for more details: /home/hep/lr1424/hls4ml-tutorial_OPENML/model_3.1_5/hls4ml_prj/myproject_prj/solution1/syn/report/csynth_design_size.rpt
INFO: [HLS 200-1995] There were 2,253 instructions in the design after the 'Performance (step 2)' phase of compilation. See the Design Size Report for more details: /home/hep/lr1424/hls4ml-tutorial_OPENML/model_3.1_5/hls4ml_prj/myproject_prj/solution1/syn/report/csynth_design_size.rpt
INFO: [HLS 200-1995] There were 2,059 instructions in the design after the 'Performance (step 3)' phase of compilation. See the Design Size Report for more details: /home/hep/lr1424/hls4ml-tutorial_OPENML/model_3.1_5/hls4ml_prj/myproject_prj/solution1/syn/report/csynth_design_size.rpt
INFO: [HLS 200-1995] There were 2,059 instructions in the design after the 'Performance (step 4)' phase of compilation. See the Design Size Report for more details: /home/hep/lr1424/hls4ml-tutorial_OPENML/model_3.1_5/hls4ml_prj/myproject_prj/solution1/syn/report/csynth_design_size.rpt
INFO: [HLS 200-1995] There were 2,065 instructions in the design after the 'HW Transforms (step 1)' phase of compilation. See the Design Size Report for more details: /home/hep/lr1424/hls4ml-tutorial_OPENML/model_3.1_5/hls4ml_prj/myproject_prj/solution1/syn/report/csynth_design_size.rpt
INFO: [HLS 200-1995] There were 2,074 instructions in the design after the 'HW Transforms (step 2)' phase of compilation. See the Design Size Report for more details: /home/hep/lr1424/hls4ml-tutorial_OPENML/model_3.1_5/hls4ml_prj/myproject_prj/solution1/syn/report/csynth_design_size.rpt
INFO: [HLS 214-131] Inlining function 'nnet::product::mult<ap_fixed<11, 6, (ap_q_mode)5, (ap_o_mode)3, 0>, ap_fixed<16, 5, (ap_q_mode)5, (ap_o_mode)3, 0> >::product(ap_fixed<11, 6, (ap_q_mode)5, (ap_o_mode)3, 0>, ap_fixed<16, 5, (ap_q_mode)5, (ap_o_mode)3, 0>)' into 'void nnet::dense_latency<ap_fixed<11, 6, (ap_q_mode)5, (ap_o_mode)3, 0>, ap_fixed<9, 7, (ap_q_mode)5, (ap_o_mode)3, 0>, config3>(ap_fixed<11, 6, (ap_q_mode)5, (ap_o_mode)3, 0>*, ap_fixed<9, 7, (ap_q_mode)5, (ap_o_mode)3, 0>*, config3::weight_t*, config3::bias_t*)' (firmware/nnet_utils/nnet_dense_latency.h:42:27)
INFO: [HLS 214-131] Inlining function 'nnet::DenseLatency<ap_fixed<11, 6, (ap_q_mode)5, (ap_o_mode)3, 0>, ap_fixed<9, 7, (ap_q_mode)5, (ap_o_mode)3, 0>, config3>::dense(ap_fixed<11, 6, (ap_q_mode)5, (ap_o_mode)3, 0>*, ap_fixed<9, 7, (ap_q_mode)5, (ap_o_mode)3, 0>*, ap_fixed<16, 5, (ap_q_mode)5, (ap_o_mode)3, 0>*, ap_fixed<23, 7, (ap_q_mode)5, (ap_o_mode)3, 0>*)' into 'void nnet::dense<ap_fixed<11, 6, (ap_q_mode)5, (ap_o_mode)3, 0>, ap_fixed<9, 7, (ap_q_mode)5, (ap_o_mode)3, 0>, config3>(ap_fixed<11, 6, (ap_q_mode)5, (ap_o_mode)3, 0>*, ap_fixed<9, 7, (ap_q_mode)5, (ap_o_mode)3, 0>*, config3::weight_t*, config3::bias_t*)' (firmware/nnet_utils/nnet_dense.h:45:2)
INFO: [HLS 214-131] Inlining function 'nnet::product::mult<ap_ufixed<8, 6, (ap_q_mode)5, (ap_o_mode)3, 0>, ap_fixed<10, 3, (ap_q_mode)5, (ap_o_mode)3, 0> >::product(ap_ufixed<8, 6, (ap_q_mode)5, (ap_o_mode)3, 0>, ap_fixed<10, 3, (ap_q_mode)5, (ap_o_mode)3, 0>)' into 'void nnet::dense_latency<ap_ufixed<8, 6, (ap_q_mode)5, (ap_o_mode)3, 0>, ap_fixed<9, 8, (ap_q_mode)5, (ap_o_mode)3, 0>, config8>(ap_ufixed<8, 6, (ap_q_mode)5, (ap_o_mode)3, 0>*, ap_fixed<9, 8, (ap_q_mode)5, (ap_o_mode)3, 0>*, config8::weight_t*, config8::bias_t*)' (firmware/nnet_utils/nnet_dense_latency.h:42:27)
INFO: [HLS 214-131] Inlining function 'nnet::DenseLatency<ap_ufixed<8, 6, (ap_q_mode)5, (ap_o_mode)3, 0>, ap_fixed<9, 8, (ap_q_mode)5, (ap_o_mode)3, 0>, config8>::dense(ap_ufixed<8, 6, (ap_q_mode)5, (ap_o_mode)3, 0>*, ap_fixed<9, 8, (ap_q_mode)5, (ap_o_mode)3, 0>*, ap_fixed<10, 3, (ap_q_mode)5, (ap_o_mode)3, 0>*, ap_fixed<17, 8, (ap_q_mode)5, (ap_o_mode)3, 0>*)' into 'void nnet::dense<ap_ufixed<8, 6, (ap_q_mode)5, (ap_o_mode)3, 0>, ap_fixed<9, 8, (ap_q_mode)5, (ap_o_mode)3, 0>, config8>(ap_ufixed<8, 6, (ap_q_mode)5, (ap_o_mode)3, 0>*, ap_fixed<9, 8, (ap_q_mode)5, (ap_o_mode)3, 0>*, config8::weight_t*, config8::bias_t*)' (firmware/nnet_utils/nnet_dense.h:45:2)
INFO: [HLS 214-131] Inlining function 'nnet::product::mult<ap_ufixed<8, 8, (ap_q_mode)5, (ap_o_mode)3, 0>, ap_fixed<11, 3, (ap_q_mode)5, (ap_o_mode)3, 0> >::product(ap_ufixed<8, 8, (ap_q_mode)5, (ap_o_mode)3, 0>, ap_fixed<11, 3, (ap_q_mode)5, (ap_o_mode)3, 0>)' into 'void nnet::dense_latency<ap_ufixed<8, 8, (ap_q_mode)5, (ap_o_mode)3, 0>, ap_fixed<9, 7, (ap_q_mode)5, (ap_o_mode)3, 0>, config13>(ap_ufixed<8, 8, (ap_q_mode)5, (ap_o_mode)3, 0>*, ap_fixed<9, 7, (ap_q_mode)5, (ap_o_mode)3, 0>*, config13::weight_t*, config13::bias_t*)' (firmware/nnet_utils/nnet_dense_latency.h:42:27)
INFO: [HLS 214-131] Inlining function 'nnet::DenseLatency<ap_ufixed<8, 8, (ap_q_mode)5, (ap_o_mode)3, 0>, ap_fixed<9, 7, (ap_q_mode)5, (ap_o_mode)3, 0>, config13>::dense(ap_ufixed<8, 8, (ap_q_mode)5, (ap_o_mode)3, 0>*, ap_fixed<9, 7, (ap_q_mode)5, (ap_o_mode)3, 0>*, ap_fixed<11, 3, (ap_q_mode)5, (ap_o_mode)3, 0>*, ap_fixed<15, 7, (ap_q_mode)5, (ap_o_mode)3, 0>*)' into 'void nnet::dense<ap_ufixed<8, 8, (ap_q_mode)5, (ap_o_mode)3, 0>, ap_fixed<9, 7, (ap_q_mode)5, (ap_o_mode)3, 0>, config13>(ap_ufixed<8, 8, (ap_q_mode)5, (ap_o_mode)3, 0>*, ap_fixed<9, 7, (ap_q_mode)5, (ap_o_mode)3, 0>*, config13::weight_t*, config13::bias_t*)' (firmware/nnet_utils/nnet_dense.h:45:2)
INFO: [HLS 214-131] Inlining function 'nnet::product::mult<ap_ufixed<8, 6, (ap_q_mode)5, (ap_o_mode)3, 0>, ap_fixed<8, 3, (ap_q_mode)5, (ap_o_mode)3, 0> >::product(ap_ufixed<8, 6, (ap_q_mode)5, (ap_o_mode)3, 0>, ap_fixed<8, 3, (ap_q_mode)5, (ap_o_mode)3, 0>)' into 'void nnet::dense_latency<ap_ufixed<8, 6, (ap_q_mode)5, (ap_o_mode)3, 0>, ap_fixed<12, 6, (ap_q_mode)5, (ap_o_mode)3, 0>, config18>(ap_ufixed<8, 6, (ap_q_mode)5, (ap_o_mode)3, 0>*, ap_fixed<12, 6, (ap_q_mode)5, (ap_o_mode)3, 0>*, config18::weight_t*, config18::bias_t*)' (firmware/nnet_utils/nnet_dense_latency.h:42:27)
INFO: [HLS 214-131] Inlining function 'nnet::DenseLatency<ap_ufixed<8, 6, (ap_q_mode)5, (ap_o_mode)3, 0>, ap_fixed<12, 6, (ap_q_mode)5, (ap_o_mode)3, 0>, config18>::dense(ap_ufixed<8, 6, (ap_q_mode)5, (ap_o_mode)3, 0>*, ap_fixed<12, 6, (ap_q_mode)5, (ap_o_mode)3, 0>*, ap_fixed<8, 3, (ap_q_mode)5, (ap_o_mode)3, 0>*, ap_fixed<13, 6, (ap_q_mode)5, (ap_o_mode)3, 0>*)' into 'void nnet::dense<ap_ufixed<8, 6, (ap_q_mode)5, (ap_o_mode)3, 0>, ap_fixed<12, 6, (ap_q_mode)5, (ap_o_mode)3, 0>, config18>(ap_ufixed<8, 6, (ap_q_mode)5, (ap_o_mode)3, 0>*, ap_fixed<12, 6, (ap_q_mode)5, (ap_o_mode)3, 0>*, config18::weight_t*, config18::bias_t*)' (firmware/nnet_utils/nnet_dense.h:45:2)
INFO: [HLS 214-131] Inlining function 'void nnet::h_quantize_9<ap_fixed<12, 6, (ap_q_mode)5, (ap_o_mode)3, 0>, ap_fixed<11, 6, (ap_q_mode)5, (ap_o_mode)3, 0> >(ap_fixed<12, 6, (ap_q_mode)5, (ap_o_mode)3, 0>*, ap_fixed<11, 6, (ap_q_mode)5, (ap_o_mode)3, 0>*)' into 'myproject(ap_fixed<12, 6, (ap_q_mode)5, (ap_o_mode)3, 0>*, ap_fixed<12, 6, (ap_q_mode)5, (ap_o_mode)3, 0>*)' (firmware/myproject.cpp:40:2)
INFO: [HLS 214-131] Inlining function 'void nnet::h_dense_39_quantizer<ap_fixed<12, 6, (ap_q_mode)5, (ap_o_mode)3, 0>, ap_fixed<12, 6, (ap_q_mode)5, (ap_o_mode)3, 0> >(ap_fixed<12, 6, (ap_q_mode)5, (ap_o_mode)3, 0>*, ap_fixed<12, 6, (ap_q_mode)5, (ap_o_mode)3, 0>*)' into 'myproject(ap_fixed<12, 6, (ap_q_mode)5, (ap_o_mode)3, 0>*, ap_fixed<12, 6, (ap_q_mode)5, (ap_o_mode)3, 0>*)' (firmware/myproject.cpp:82:5)
INFO: [HLS 214-131] Inlining function 'void nnet::dense<ap_ufixed<8, 6, (ap_q_mode)5, (ap_o_mode)3, 0>, ap_fixed<12, 6, (ap_q_mode)5, (ap_o_mode)3, 0>, config18>(ap_ufixed<8, 6, (ap_q_mode)5, (ap_o_mode)3, 0>*, ap_fixed<12, 6, (ap_q_mode)5, (ap_o_mode)3, 0>*, config18::weight_t*, config18::bias_t*)' into 'myproject(ap_fixed<12, 6, (ap_q_mode)5, (ap_o_mode)3, 0>*, ap_fixed<12, 6, (ap_q_mode)5, (ap_o_mode)3, 0>*)' (firmware/myproject.cpp:80:2)
INFO: [HLS 214-131] Inlining function 'void nnet::dense<ap_fixed<11, 6, (ap_q_mode)5, (ap_o_mode)3, 0>, ap_fixed<9, 7, (ap_q_mode)5, (ap_o_mode)3, 0>, config3>(ap_fixed<11, 6, (ap_q_mode)5, (ap_o_mode)3, 0>*, ap_fixed<9, 7, (ap_q_mode)5, (ap_o_mode)3, 0>*, config3::weight_t*, config3::bias_t*)' into 'myproject(ap_fixed<12, 6, (ap_q_mode)5, (ap_o_mode)3, 0>*, ap_fixed<12, 6, (ap_q_mode)5, (ap_o_mode)3, 0>*)' (firmware/myproject.cpp:44:2)
INFO: [HLS 214-131] Inlining function 'void nnet::h_dense_36_relu_quantizer<ap_ufixed<8, 6, (ap_q_mode)5, (ap_o_mode)3, 0>, ap_ufixed<8, 6, (ap_q_mode)5, (ap_o_mode)3, 0> >(ap_ufixed<8, 6, (ap_q_mode)5, (ap_o_mode)3, 0>*, ap_ufixed<8, 6, (ap_q_mode)5, (ap_o_mode)3, 0>*)' into 'myproject(ap_fixed<12, 6, (ap_q_mode)5, (ap_o_mode)3, 0>*, ap_fixed<12, 6, (ap_q_mode)5, (ap_o_mode)3, 0>*)' (firmware/myproject.cpp:52:2)
INFO: [HLS 214-131] Inlining function 'void nnet::h_dense_38_relu_quantizer<ap_ufixed<8, 6, (ap_q_mode)5, (ap_o_mode)3, 0>, ap_ufixed<8, 6, (ap_q_mode)5, (ap_o_mode)3, 0> >(ap_ufixed<8, 6, (ap_q_mode)5, (ap_o_mode)3, 0>*, ap_ufixed<8, 6, (ap_q_mode)5, (ap_o_mode)3, 0>*)' into 'myproject(ap_fixed<12, 6, (ap_q_mode)5, (ap_o_mode)3, 0>*, ap_fixed<12, 6, (ap_q_mode)5, (ap_o_mode)3, 0>*)' (firmware/myproject.cpp:76:2)
INFO: [HLS 214-131] Inlining function 'void nnet::dense<ap_ufixed<8, 6, (ap_q_mode)5, (ap_o_mode)3, 0>, ap_fixed<9, 8, (ap_q_mode)5, (ap_o_mode)3, 0>, config8>(ap_ufixed<8, 6, (ap_q_mode)5, (ap_o_mode)3, 0>*, ap_fixed<9, 8, (ap_q_mode)5, (ap_o_mode)3, 0>*, config8::weight_t*, config8::bias_t*)' into 'myproject(ap_fixed<12, 6, (ap_q_mode)5, (ap_o_mode)3, 0>*, ap_fixed<12, 6, (ap_q_mode)5, (ap_o_mode)3, 0>*)' (firmware/myproject.cpp:56:2)
INFO: [HLS 214-131] Inlining function 'void nnet::h_dense_37_relu_quantizer<ap_ufixed<8, 8, (ap_q_mode)5, (ap_o_mode)3, 0>, ap_ufixed<8, 8, (ap_q_mode)5, (ap_o_mode)3, 0> >(ap_ufixed<8, 8, (ap_q_mode)5, (ap_o_mode)3, 0>*, ap_ufixed<8, 8, (ap_q_mode)5, (ap_o_mode)3, 0>*)' into 'myproject(ap_fixed<12, 6, (ap_q_mode)5, (ap_o_mode)3, 0>*, ap_fixed<12, 6, (ap_q_mode)5, (ap_o_mode)3, 0>*)' (firmware/myproject.cpp:64:2)
INFO: [HLS 214-131] Inlining function 'void nnet::dense<ap_ufixed<8, 8, (ap_q_mode)5, (ap_o_mode)3, 0>, ap_fixed<9, 7, (ap_q_mode)5, (ap_o_mode)3, 0>, config13>(ap_ufixed<8, 8, (ap_q_mode)5, (ap_o_mode)3, 0>*, ap_fixed<9, 7, (ap_q_mode)5, (ap_o_mode)3, 0>*, config13::weight_t*, config13::bias_t*)' into 'myproject(ap_fixed<12, 6, (ap_q_mode)5, (ap_o_mode)3, 0>*, ap_fixed<12, 6, (ap_q_mode)5, (ap_o_mode)3, 0>*)' (firmware/myproject.cpp:68:2)
INFO: [HLS 214-291] Loop 'Result' is marked as complete unroll implied by the pipeline pragma (firmware/nnet_utils/nnet_dense_latency.h:64:5)
INFO: [HLS 214-291] Loop 'Accum1' is marked as complete unroll implied by the pipeline pragma (firmware/nnet_utils/nnet_dense_latency.h:54:5)
INFO: [HLS 214-291] Loop 'Accum2' is marked as complete unroll implied by the pipeline pragma (firmware/nnet_utils/nnet_dense_latency.h:56:9)
INFO: [HLS 214-291] Loop 'ResetAccum' is marked as complete unroll implied by the pipeline pragma (firmware/nnet_utils/nnet_dense_latency.h:48:5)
INFO: [HLS 214-291] Loop 'Product1' is marked as complete unroll implied by the pipeline pragma (firmware/nnet_utils/nnet_dense_latency.h:37:5)
INFO: [HLS 214-291] Loop 'Product2' is marked as complete unroll implied by the pipeline pragma (firmware/nnet_utils/nnet_dense_latency.h:40:9)
INFO: [HLS 214-291] Loop 'VITIS_LOOP_43_1' is marked as complete unroll implied by the pipeline pragma (firmware/nnet_utils/nnet_activation.h:43:22)
INFO: [HLS 214-186] Unrolling loop 'Result' (firmware/nnet_utils/nnet_dense_latency.h:64:5) in function 'nnet::dense_latency<ap_ufixed<8, 6, (ap_q_mode)5, (ap_o_mode)3, 0>, ap_fixed<12, 6, (ap_q_mode)5, (ap_o_mode)3, 0>, config18>' completely with a factor of 5 (firmware/nnet_utils/nnet_dense_latency.h:15:0)
INFO: [HLS 214-186] Unrolling loop 'Accum1' (firmware/nnet_utils/nnet_dense_latency.h:54:5) in function 'nnet::dense_latency<ap_ufixed<8, 6, (ap_q_mode)5, (ap_o_mode)3, 0>, ap_fixed<12, 6, (ap_q_mode)5, (ap_o_mode)3, 0>, config18>' completely with a factor of 32 (firmware/nnet_utils/nnet_dense_latency.h:15:0)
INFO: [HLS 214-186] Unrolling loop 'Accum2' (firmware/nnet_utils/nnet_dense_latency.h:56:9) in function 'nnet::dense_latency<ap_ufixed<8, 6, (ap_q_mode)5, (ap_o_mode)3, 0>, ap_fixed<12, 6, (ap_q_mode)5, (ap_o_mode)3, 0>, config18>' completely with a factor of 5 (firmware/nnet_utils/nnet_dense_latency.h:15:0)
INFO: [HLS 214-186] Unrolling loop 'ResetAccum' (firmware/nnet_utils/nnet_dense_latency.h:48:5) in function 'nnet::dense_latency<ap_ufixed<8, 6, (ap_q_mode)5, (ap_o_mode)3, 0>, ap_fixed<12, 6, (ap_q_mode)5, (ap_o_mode)3, 0>, config18>' completely with a factor of 5 (firmware/nnet_utils/nnet_dense_latency.h:15:0)
INFO: [HLS 214-186] Unrolling loop 'Product1' (firmware/nnet_utils/nnet_dense_latency.h:37:5) in function 'nnet::dense_latency<ap_ufixed<8, 6, (ap_q_mode)5, (ap_o_mode)3, 0>, ap_fixed<12, 6, (ap_q_mode)5, (ap_o_mode)3, 0>, config18>' completely with a factor of 32 (firmware/nnet_utils/nnet_dense_latency.h:15:0)
INFO: [HLS 214-186] Unrolling loop 'Product2' (firmware/nnet_utils/nnet_dense_latency.h:40:9) in function 'nnet::dense_latency<ap_ufixed<8, 6, (ap_q_mode)5, (ap_o_mode)3, 0>, ap_fixed<12, 6, (ap_q_mode)5, (ap_o_mode)3, 0>, config18>' completely with a factor of 5 (firmware/nnet_utils/nnet_dense_latency.h:15:0)
INFO: [HLS 214-186] Unrolling loop 'VITIS_LOOP_43_1' (firmware/nnet_utils/nnet_activation.h:43:22) in function 'nnet::relu<ap_fixed<9, 7, (ap_q_mode)5, (ap_o_mode)3, 0>, ap_ufixed<8, 6, (ap_q_mode)5, (ap_o_mode)3, 0>, ReLU_config16>' completely with a factor of 32 (firmware/nnet_utils/nnet_activation.h:39:0)
INFO: [HLS 214-186] Unrolling loop 'Result' (firmware/nnet_utils/nnet_dense_latency.h:64:5) in function 'nnet::dense_latency<ap_ufixed<8, 8, (ap_q_mode)5, (ap_o_mode)3, 0>, ap_fixed<9, 7, (ap_q_mode)5, (ap_o_mode)3, 0>, config13>' completely with a factor of 32 (firmware/nnet_utils/nnet_dense_latency.h:15:0)
INFO: [HLS 214-186] Unrolling loop 'Accum1' (firmware/nnet_utils/nnet_dense_latency.h:54:5) in function 'nnet::dense_latency<ap_ufixed<8, 8, (ap_q_mode)5, (ap_o_mode)3, 0>, ap_fixed<9, 7, (ap_q_mode)5, (ap_o_mode)3, 0>, config13>' completely with a factor of 32 (firmware/nnet_utils/nnet_dense_latency.h:15:0)
INFO: [HLS 214-186] Unrolling loop 'Accum2' (firmware/nnet_utils/nnet_dense_latency.h:56:9) in function 'nnet::dense_latency<ap_ufixed<8, 8, (ap_q_mode)5, (ap_o_mode)3, 0>, ap_fixed<9, 7, (ap_q_mode)5, (ap_o_mode)3, 0>, config13>' completely with a factor of 32 (firmware/nnet_utils/nnet_dense_latency.h:15:0)
INFO: [HLS 214-186] Unrolling loop 'ResetAccum' (firmware/nnet_utils/nnet_dense_latency.h:48:5) in function 'nnet::dense_latency<ap_ufixed<8, 8, (ap_q_mode)5, (ap_o_mode)3, 0>, ap_fixed<9, 7, (ap_q_mode)5, (ap_o_mode)3, 0>, config13>' completely with a factor of 32 (firmware/nnet_utils/nnet_dense_latency.h:15:0)
INFO: [HLS 214-186] Unrolling loop 'Product1' (firmware/nnet_utils/nnet_dense_latency.h:37:5) in function 'nnet::dense_latency<ap_ufixed<8, 8, (ap_q_mode)5, (ap_o_mode)3, 0>, ap_fixed<9, 7, (ap_q_mode)5, (ap_o_mode)3, 0>, config13>' completely with a factor of 32 (firmware/nnet_utils/nnet_dense_latency.h:15:0)
INFO: [HLS 214-186] Unrolling loop 'Product2' (firmware/nnet_utils/nnet_dense_latency.h:40:9) in function 'nnet::dense_latency<ap_ufixed<8, 8, (ap_q_mode)5, (ap_o_mode)3, 0>, ap_fixed<9, 7, (ap_q_mode)5, (ap_o_mode)3, 0>, config13>' completely with a factor of 32 (firmware/nnet_utils/nnet_dense_latency.h:15:0)
INFO: [HLS 214-186] Unrolling loop 'VITIS_LOOP_43_1' (firmware/nnet_utils/nnet_activation.h:43:22) in function 'nnet::relu<ap_fixed<9, 8, (ap_q_mode)5, (ap_o_mode)3, 0>, ap_ufixed<8, 8, (ap_q_mode)5, (ap_o_mode)3, 0>, ReLU_config11>' completely with a factor of 32 (firmware/nnet_utils/nnet_activation.h:39:0)
INFO: [HLS 214-186] Unrolling loop 'Result' (firmware/nnet_utils/nnet_dense_latency.h:64:5) in function 'nnet::dense_latency<ap_ufixed<8, 6, (ap_q_mode)5, (ap_o_mode)3, 0>, ap_fixed<9, 8, (ap_q_mode)5, (ap_o_mode)3, 0>, config8>' completely with a factor of 32 (firmware/nnet_utils/nnet_dense_latency.h:15:0)
INFO: [HLS 214-186] Unrolling loop 'Accum1' (firmware/nnet_utils/nnet_dense_latency.h:54:5) in function 'nnet::dense_latency<ap_ufixed<8, 6, (ap_q_mode)5, (ap_o_mode)3, 0>, ap_fixed<9, 8, (ap_q_mode)5, (ap_o_mode)3, 0>, config8>' completely with a factor of 64 (firmware/nnet_utils/nnet_dense_latency.h:15:0)
INFO: [HLS 214-186] Unrolling loop 'Accum2' (firmware/nnet_utils/nnet_dense_latency.h:56:9) in function 'nnet::dense_latency<ap_ufixed<8, 6, (ap_q_mode)5, (ap_o_mode)3, 0>, ap_fixed<9, 8, (ap_q_mode)5, (ap_o_mode)3, 0>, config8>' completely with a factor of 32 (firmware/nnet_utils/nnet_dense_latency.h:15:0)
INFO: [HLS 214-186] Unrolling loop 'ResetAccum' (firmware/nnet_utils/nnet_dense_latency.h:48:5) in function 'nnet::dense_latency<ap_ufixed<8, 6, (ap_q_mode)5, (ap_o_mode)3, 0>, ap_fixed<9, 8, (ap_q_mode)5, (ap_o_mode)3, 0>, config8>' completely with a factor of 32 (firmware/nnet_utils/nnet_dense_latency.h:15:0)
INFO: [HLS 214-186] Unrolling loop 'Product1' (firmware/nnet_utils/nnet_dense_latency.h:37:5) in function 'nnet::dense_latency<ap_ufixed<8, 6, (ap_q_mode)5, (ap_o_mode)3, 0>, ap_fixed<9, 8, (ap_q_mode)5, (ap_o_mode)3, 0>, config8>' completely with a factor of 64 (firmware/nnet_utils/nnet_dense_latency.h:15:0)
INFO: [HLS 214-186] Unrolling loop 'Product2' (firmware/nnet_utils/nnet_dense_latency.h:40:9) in function 'nnet::dense_latency<ap_ufixed<8, 6, (ap_q_mode)5, (ap_o_mode)3, 0>, ap_fixed<9, 8, (ap_q_mode)5, (ap_o_mode)3, 0>, config8>' completely with a factor of 32 (firmware/nnet_utils/nnet_dense_latency.h:15:0)
INFO: [HLS 214-186] Unrolling loop 'VITIS_LOOP_43_1' (firmware/nnet_utils/nnet_activation.h:43:22) in function 'nnet::relu<ap_fixed<9, 7, (ap_q_mode)5, (ap_o_mode)3, 0>, ap_ufixed<8, 6, (ap_q_mode)5, (ap_o_mode)3, 0>, ReLU_config6>' completely with a factor of 64 (firmware/nnet_utils/nnet_activation.h:39:0)
INFO: [HLS 214-186] Unrolling loop 'Result' (firmware/nnet_utils/nnet_dense_latency.h:64:5) in function 'nnet::dense_latency<ap_fixed<11, 6, (ap_q_mode)5, (ap_o_mode)3, 0>, ap_fixed<9, 7, (ap_q_mode)5, (ap_o_mode)3, 0>, config3>' completely with a factor of 64 (firmware/nnet_utils/nnet_dense_latency.h:15:0)
INFO: [HLS 214-186] Unrolling loop 'Accum1' (firmware/nnet_utils/nnet_dense_latency.h:54:5) in function 'nnet::dense_latency<ap_fixed<11, 6, (ap_q_mode)5, (ap_o_mode)3, 0>, ap_fixed<9, 7, (ap_q_mode)5, (ap_o_mode)3, 0>, config3>' completely with a factor of 16 (firmware/nnet_utils/nnet_dense_latency.h:15:0)
INFO: [HLS 214-186] Unrolling loop 'Accum2' (firmware/nnet_utils/nnet_dense_latency.h:56:9) in function 'nnet::dense_latency<ap_fixed<11, 6, (ap_q_mode)5, (ap_o_mode)3, 0>, ap_fixed<9, 7, (ap_q_mode)5, (ap_o_mode)3, 0>, config3>' completely with a factor of 64 (firmware/nnet_utils/nnet_dense_latency.h:15:0)
INFO: [HLS 214-186] Unrolling loop 'ResetAccum' (firmware/nnet_utils/nnet_dense_latency.h:48:5) in function 'nnet::dense_latency<ap_fixed<11, 6, (ap_q_mode)5, (ap_o_mode)3, 0>, ap_fixed<9, 7, (ap_q_mode)5, (ap_o_mode)3, 0>, config3>' completely with a factor of 64 (firmware/nnet_utils/nnet_dense_latency.h:15:0)
INFO: [HLS 214-186] Unrolling loop 'Product1' (firmware/nnet_utils/nnet_dense_latency.h:37:5) in function 'nnet::dense_latency<ap_fixed<11, 6, (ap_q_mode)5, (ap_o_mode)3, 0>, ap_fixed<9, 7, (ap_q_mode)5, (ap_o_mode)3, 0>, config3>' completely with a factor of 16 (firmware/nnet_utils/nnet_dense_latency.h:15:0)
INFO: [HLS 214-186] Unrolling loop 'Product2' (firmware/nnet_utils/nnet_dense_latency.h:40:9) in function 'nnet::dense_latency<ap_fixed<11, 6, (ap_q_mode)5, (ap_o_mode)3, 0>, ap_fixed<9, 7, (ap_q_mode)5, (ap_o_mode)3, 0>, config3>' completely with a factor of 64 (firmware/nnet_utils/nnet_dense_latency.h:15:0)
INFO: [HLS 214-178] Inlining function 'std::enable_if<!(std::is_same<ap_ufixed<8, 6, (ap_q_mode)5, (ap_o_mode)3, 0>, ap_uint<1> >::value), ap_fixed<9, 8, (ap_q_mode)5, (ap_o_mode)3, 0> >::type nnet::cast<ap_ufixed<8, 6, (ap_q_mode)5, (ap_o_mode)3, 0>, ap_fixed<9, 8, (ap_q_mode)5, (ap_o_mode)3, 0>, config8>(config8::accum_t)' into 'void nnet::dense_latency<ap_ufixed<8, 6, (ap_q_mode)5, (ap_o_mode)3, 0>, ap_fixed<9, 8, (ap_q_mode)5, (ap_o_mode)3, 0>, config8>(ap_ufixed<8, 6, (ap_q_mode)5, (ap_o_mode)3, 0>*, ap_fixed<9, 8, (ap_q_mode)5, (ap_o_mode)3, 0>*, config8::weight_t*, config8::bias_t*)' (firmware/nnet_utils/nnet_dense_latency.h:15:0)
INFO: [HLS 214-178] Inlining function 'std::enable_if<!(std::is_same<ap_ufixed<8, 8, (ap_q_mode)5, (ap_o_mode)3, 0>, ap_uint<1> >::value), ap_fixed<9, 7, (ap_q_mode)5, (ap_o_mode)3, 0> >::type nnet::cast<ap_ufixed<8, 8, (ap_q_mode)5, (ap_o_mode)3, 0>, ap_fixed<9, 7, (ap_q_mode)5, (ap_o_mode)3, 0>, config13>(config13::accum_t)' into 'void nnet::dense_latency<ap_ufixed<8, 8, (ap_q_mode)5, (ap_o_mode)3, 0>, ap_fixed<9, 7, (ap_q_mode)5, (ap_o_mode)3, 0>, config13>(ap_ufixed<8, 8, (ap_q_mode)5, (ap_o_mode)3, 0>*, ap_fixed<9, 7, (ap_q_mode)5, (ap_o_mode)3, 0>*, config13::weight_t*, config13::bias_t*)' (firmware/nnet_utils/nnet_dense_latency.h:15:0)
INFO: [HLS 214-178] Inlining function 'std::enable_if<!(std::is_same<ap_ufixed<8, 6, (ap_q_mode)5, (ap_o_mode)3, 0>, ap_uint<1> >::value), ap_fixed<12, 6, (ap_q_mode)5, (ap_o_mode)3, 0> >::type nnet::cast<ap_ufixed<8, 6, (ap_q_mode)5, (ap_o_mode)3, 0>, ap_fixed<12, 6, (ap_q_mode)5, (ap_o_mode)3, 0>, config18>(config18::accum_t)' into 'void nnet::dense_latency<ap_ufixed<8, 6, (ap_q_mode)5, (ap_o_mode)3, 0>, ap_fixed<12, 6, (ap_q_mode)5, (ap_o_mode)3, 0>, config18>(ap_ufixed<8, 6, (ap_q_mode)5, (ap_o_mode)3, 0>*, ap_fixed<12, 6, (ap_q_mode)5, (ap_o_mode)3, 0>*, config18::weight_t*, config18::bias_t*)' (firmware/nnet_utils/nnet_dense_latency.h:15:0)
INFO: [HLS 214-248] Applying array_partition to 'b18': Complete partitioning on dimension 1. (firmware/weights/b18.h:12:0)
INFO: [HLS 214-248] Applying array_partition to 'b13': Complete partitioning on dimension 1. (firmware/weights/b13.h:12:0)
INFO: [HLS 214-248] Applying array_partition to 'b8': Complete partitioning on dimension 1. (firmware/weights/b8.h:12:0)
INFO: [HLS 214-248] Applying array_partition to 'b3': Complete partitioning on dimension 1. (firmware/weights/b3.h:12:0)
INFO: [HLS 214-248] Applying array_partition to 'mult': Complete partitioning on dimension 1. (firmware/nnet_utils/nnet_dense_latency.h:17:32)
INFO: [HLS 214-248] Applying array_partition to 'layer2_out': Complete partitioning on dimension 1. (firmware/myproject.cpp:38:17)
INFO: [HLS 214-248] Applying array_partition to 'layer3_out': Complete partitioning on dimension 1. (firmware/myproject.cpp:42:18)
INFO: [HLS 214-248] Applying array_partition to 'layer6_out': Complete partitioning on dimension 1. (firmware/myproject.cpp:46:16)
INFO: [HLS 214-248] Applying array_partition to 'layer7_out': Complete partitioning on dimension 1. (firmware/myproject.cpp:50:33)
INFO: [HLS 214-248] Applying array_partition to 'layer8_out': Complete partitioning on dimension 1. (firmware/myproject.cpp:54:18)
INFO: [HLS 214-248] Applying array_partition to 'layer11_out': Complete partitioning on dimension 1. (firmware/myproject.cpp:58:16)
INFO: [HLS 214-248] Applying array_partition to 'layer12_out': Complete partitioning on dimension 1. (firmware/myproject.cpp:62:33)
INFO: [HLS 214-248] Applying array_partition to 'layer13_out': Complete partitioning on dimension 1. (firmware/myproject.cpp:66:18)
INFO: [HLS 214-248] Applying array_partition to 'layer16_out': Complete partitioning on dimension 1. (firmware/myproject.cpp:70:16)
INFO: [HLS 214-248] Applying array_partition to 'layer17_out': Complete partitioning on dimension 1. (firmware/myproject.cpp:74:33)
INFO: [HLS 214-248] Applying array_partition to 'layer18_out': Complete partitioning on dimension 1. (firmware/myproject.cpp:78:18)
INFO: [HLS 214-248] Applying array_partition to 'layer20_out': Complete partitioning on dimension 1. (firmware/myproject.cpp:10:0)
INFO: [HLS 214-248] Applying array_reshape to 'input_21': Complete reshaping on dimension 1. (firmware/myproject.cpp:10:0)
INFO: [HLS 214-364] Automatically inlining function 'std::enable_if<!(std::is_same<ap_fixed<11, 6, (ap_q_mode)5, (ap_o_mode)3, 0>, ap_uint<1> >::value), ap_fixed<9, 7, (ap_q_mode)5, (ap_o_mode)3, 0> >::type nnet::cast<ap_fixed<11, 6, (ap_q_mode)5, (ap_o_mode)3, 0>, ap_fixed<9, 7, (ap_q_mode)5, (ap_o_mode)3, 0>, config3>(config3::accum_t)' to improve effectiveness of pipeline pragma in function 'void nnet::dense_latency<ap_fixed<11, 6, (ap_q_mode)5, (ap_o_mode)3, 0>, ap_fixed<9, 7, (ap_q_mode)5, (ap_o_mode)3, 0>, config3>(ap_fixed<11, 6, (ap_q_mode)5, (ap_o_mode)3, 0>*, ap_fixed<9, 7, (ap_q_mode)5, (ap_o_mode)3, 0>*, config3::weight_t*, config3::bias_t*)' (firmware/nnet_utils/nnet_dense_latency.h:66:21)
INFO: [HLS 200-111] Finished Compiling Optimization and Transform: CPU user time: 70.27 seconds. CPU system time: 0.74 seconds. Elapsed time: 75.63 seconds; current allocated memory: 329.102 MB.
INFO: [HLS 200-111] Finished Checking Pragmas: CPU user time: 0 seconds. CPU system time: 0 seconds. Elapsed time: 0 seconds; current allocated memory: 329.102 MB.
INFO: [HLS 200-10] Starting code transformations ...
INFO: [HLS 200-111] Finished Standard Transforms: CPU user time: 0.06 seconds. CPU system time: 0 seconds. Elapsed time: 0.09 seconds; current allocated memory: 332.867 MB.
INFO: [HLS 200-10] Checking synthesizability ...
INFO: [HLS 200-111] Finished Checking Synthesizability: CPU user time: 0.09 seconds. CPU system time: 0 seconds. Elapsed time: 0.1 seconds; current allocated memory: 336.152 MB.
INFO: [XFORM 203-401] Performing if-conversion on hyperblock from (firmware/nnet_utils/nnet_activation.h:42:9) in function 'nnet::relu<ap_fixed<9, 8, (ap_q_mode)5, (ap_o_mode)3, 0>, ap_ufixed<8, 8, (ap_q_mode)5, (ap_o_mode)3, 0>, ReLU_config11>'... converting 3 basic blocks.
INFO: [XFORM 203-11] Balancing expressions in function 'nnet::dense_latency<ap_ufixed<8, 6, (ap_q_mode)5, (ap_o_mode)3, 0>, ap_fixed<9, 8, (ap_q_mode)5, (ap_o_mode)3, 0>, config8>' (firmware/nnet_utils/nnet_mult.h:33:12)...4 expression(s) balanced.
INFO: [XFORM 203-11] Balancing expressions in function 'nnet::dense_latency<ap_fixed<11, 6, (ap_q_mode)5, (ap_o_mode)3, 0>, ap_fixed<9, 7, (ap_q_mode)5, (ap_o_mode)3, 0>, config3>' (firmware/nnet_utils/nnet_mult.h:33:12)...18 expression(s) balanced.
INFO: [HLS 200-111] Finished Loop, function and other optimizations: CPU user time: 0.12 seconds. CPU system time: 0.01 seconds. Elapsed time: 0.15 seconds; current allocated memory: 360.559 MB.
INFO: [HLS 200-111] Finished Architecture Synthesis: CPU user time: 0.08 seconds. CPU system time: 0.01 seconds. Elapsed time: 0.11 seconds; current allocated memory: 420.625 MB.
INFO: [HLS 200-10] Starting hardware synthesis ...
INFO: [HLS 200-10] Synthesizing 'myproject' ...
WARNING: [SYN 201-103] Legalizing function name 'dense_latency<ap_fixed<11, 6, 5, 3, 0>, ap_fixed<9, 7, 5, 3, 0>, config3>' to 'dense_latency_ap_fixed_11_6_5_3_0_ap_fixed_9_7_5_3_0_config3_s'.
WARNING: [SYN 201-103] Legalizing function name 'relu<ap_fixed<9, 7, 5, 3, 0>, ap_ufixed<8, 6, 5, 3, 0>, ReLU_config6>' to 'relu_ap_fixed_9_7_5_3_0_ap_ufixed_8_6_5_3_0_ReLU_config6_s'.
WARNING: [SYN 201-103] Legalizing function name 'dense_latency<ap_ufixed<8, 6, 5, 3, 0>, ap_fixed<9, 8, 5, 3, 0>, config8>' to 'dense_latency_ap_ufixed_8_6_5_3_0_ap_fixed_9_8_5_3_0_config8_s'.
WARNING: [SYN 201-103] Legalizing function name 'relu<ap_fixed<9, 8, 5, 3, 0>, ap_ufixed<8, 8, 5, 3, 0>, ReLU_config11>' to 'relu_ap_fixed_9_8_5_3_0_ap_ufixed_8_8_5_3_0_ReLU_config11_s'.
WARNING: [SYN 201-103] Legalizing function name 'dense_latency<ap_ufixed<8, 8, 5, 3, 0>, ap_fixed<9, 7, 5, 3, 0>, config13>' to 'dense_latency_ap_ufixed_8_8_5_3_0_ap_fixed_9_7_5_3_0_config13_s'.
WARNING: [SYN 201-103] Legalizing function name 'relu<ap_fixed<9, 7, 5, 3, 0>, ap_ufixed<8, 6, 5, 3, 0>, ReLU_config16>' to 'relu_ap_fixed_9_7_5_3_0_ap_ufixed_8_6_5_3_0_ReLU_config16_s'.
WARNING: [SYN 201-103] Legalizing function name 'dense_latency<ap_ufixed<8, 6, 5, 3, 0>, ap_fixed<12, 6, 5, 3, 0>, config18>' to 'dense_latency_ap_ufixed_8_6_5_3_0_ap_fixed_12_6_5_3_0_config18_s'.
WARNING: [SYN 201-223] Checking resource limit in 'dense_latency<ap_fixed<11, 6, 5, 3, 0>, ap_fixed<9, 7, 5, 3, 0>, config3>': cannot find any operation of 'mul'.
WARNING: [SYN 201-223] Checking resource limit in 'dense_latency<ap_ufixed<8, 6, 5, 3, 0>, ap_fixed<9, 8, 5, 3, 0>, config8>': cannot find any operation of 'mul'.
WARNING: [SYN 201-223] Checking resource limit in 'dense_latency<ap_ufixed<8, 6, 5, 3, 0>, ap_fixed<12, 6, 5, 3, 0>, config18>': cannot find any operation of 'mul'.
INFO: [HLS 200-10] ----------------------------------------------------------------
INFO: [HLS 200-42] -- Implementing module 'dense_latency_ap_fixed_11_6_5_3_0_ap_fixed_9_7_5_3_0_config3_s' 
INFO: [HLS 200-10] ----------------------------------------------------------------
INFO: [SCHED 204-11] Starting scheduling ...
INFO: [SCHED 204-61] Pipelining function 'dense_latency<ap_fixed<11, 6, 5, 3, 0>, ap_fixed<9, 7, 5, 3, 0>, config3>'.
INFO: [HLS 200-1470] Pipelining result : Target II = NA, Final II = 1, Depth = 1, function 'dense_latency<ap_fixed<11, 6, 5, 3, 0>, ap_fixed<9, 7, 5, 3, 0>, config3>'
INFO: [SCHED 204-11] Finished scheduling.
INFO: [HLS 200-111] Finished Scheduling: CPU user time: 0.11 seconds. CPU system time: 0.03 seconds. Elapsed time: 0.24 seconds; current allocated memory: 420.625 MB.
INFO: [BIND 205-100] Starting micro-architecture generation ...
INFO: [BIND 205-101] Performing variable lifetime analysis.
INFO: [BIND 205-101] Exploring resource sharing.
INFO: [BIND 205-101] Binding ...
INFO: [BIND 205-100] Finished micro-architecture generation.
INFO: [HLS 200-111] Finished Binding: CPU user time: 0.02 seconds. CPU system time: 0 seconds. Elapsed time: 0.06 seconds; current allocated memory: 420.625 MB.
INFO: [HLS 200-10] ----------------------------------------------------------------
INFO: [HLS 200-42] -- Implementing module 'relu_ap_fixed_9_7_5_3_0_ap_ufixed_8_6_5_3_0_ReLU_config6_s' 
INFO: [HLS 200-10] ----------------------------------------------------------------
INFO: [SCHED 204-11] Starting scheduling ...
INFO: [SCHED 204-61] Pipelining function 'relu<ap_fixed<9, 7, 5, 3, 0>, ap_ufixed<8, 6, 5, 3, 0>, ReLU_config6>'.
INFO: [HLS 200-1470] Pipelining result : Target II = NA, Final II = 1, Depth = 1, function 'relu<ap_fixed<9, 7, 5, 3, 0>, ap_ufixed<8, 6, 5, 3, 0>, ReLU_config6>'
INFO: [SCHED 204-11] Finished scheduling.
INFO: [HLS 200-111] Finished Scheduling: CPU user time: 0.04 seconds. CPU system time: 0 seconds. Elapsed time: 0.07 seconds; current allocated memory: 420.688 MB.
INFO: [BIND 205-100] Starting micro-architecture generation ...
INFO: [BIND 205-101] Performing variable lifetime analysis.
INFO: [BIND 205-101] Exploring resource sharing.
INFO: [BIND 205-101] Binding ...
INFO: [BIND 205-100] Finished micro-architecture generation.
INFO: [HLS 200-111] Finished Binding: CPU user time: 0.01 seconds. CPU system time: 0.01 seconds. Elapsed time: 0.04 seconds; current allocated memory: 420.688 MB.
INFO: [HLS 200-10] ----------------------------------------------------------------
INFO: [HLS 200-42] -- Implementing module 'dense_latency_ap_ufixed_8_6_5_3_0_ap_fixed_9_8_5_3_0_config8_s' 
INFO: [HLS 200-10] ----------------------------------------------------------------
INFO: [SCHED 204-11] Starting scheduling ...
INFO: [SCHED 204-61] Pipelining function 'dense_latency<ap_ufixed<8, 6, 5, 3, 0>, ap_fixed<9, 8, 5, 3, 0>, config8>'.
INFO: [HLS 200-1470] Pipelining result : Target II = NA, Final II = 1, Depth = 1, function 'dense_latency<ap_ufixed<8, 6, 5, 3, 0>, ap_fixed<9, 8, 5, 3, 0>, config8>'
INFO: [SCHED 204-11] Finished scheduling.
INFO: [HLS 200-111] Finished Scheduling: CPU user time: 0.04 seconds. CPU system time: 0 seconds. Elapsed time: 0.11 seconds; current allocated memory: 420.742 MB.
INFO: [BIND 205-100] Starting micro-architecture generation ...
INFO: [BIND 205-101] Performing variable lifetime analysis.
INFO: [BIND 205-101] Exploring resource sharing.
INFO: [BIND 205-101] Binding ...
INFO: [BIND 205-100] Finished micro-architecture generation.
INFO: [HLS 200-111] Finished Binding: CPU user time: 0.02 seconds. CPU system time: 0 seconds. Elapsed time: 0.04 seconds; current allocated memory: 420.805 MB.
INFO: [HLS 200-10] ----------------------------------------------------------------
INFO: [HLS 200-42] -- Implementing module 'relu_ap_fixed_9_8_5_3_0_ap_ufixed_8_8_5_3_0_ReLU_config11_s' 
INFO: [HLS 200-10] ----------------------------------------------------------------
INFO: [SCHED 204-11] Starting scheduling ...
INFO: [SCHED 204-61] Pipelining function 'relu<ap_fixed<9, 8, 5, 3, 0>, ap_ufixed<8, 8, 5, 3, 0>, ReLU_config11>'.
INFO: [HLS 200-1470] Pipelining result : Target II = NA, Final II = 1, Depth = 1, function 'relu<ap_fixed<9, 8, 5, 3, 0>, ap_ufixed<8, 8, 5, 3, 0>, ReLU_config11>'
INFO: [SCHED 204-11] Finished scheduling.
INFO: [HLS 200-111] Finished Scheduling: CPU user time: 0.03 seconds. CPU system time: 0 seconds. Elapsed time: 0.05 seconds; current allocated memory: 421.020 MB.
INFO: [BIND 205-100] Starting micro-architecture generation ...
INFO: [BIND 205-101] Performing variable lifetime analysis.
INFO: [BIND 205-101] Exploring resource sharing.
INFO: [BIND 205-101] Binding ...
INFO: [BIND 205-100] Finished micro-architecture generation.
INFO: [HLS 200-111] Finished Binding: CPU user time: 0.01 seconds. CPU system time: 0.01 seconds. Elapsed time: 0.04 seconds; current allocated memory: 421.035 MB.
INFO: [HLS 200-10] ----------------------------------------------------------------
INFO: [HLS 200-42] -- Implementing module 'dense_latency_ap_ufixed_8_8_5_3_0_ap_fixed_9_7_5_3_0_config13_s' 
INFO: [HLS 200-10] ----------------------------------------------------------------
INFO: [SCHED 204-11] Starting scheduling ...
INFO: [SCHED 204-61] Pipelining function 'dense_latency<ap_ufixed<8, 8, 5, 3, 0>, ap_fixed<9, 7, 5, 3, 0>, config13>'.
INFO: [HLS 200-1470] Pipelining result : Target II = NA, Final II = 1, Depth = 1, function 'dense_latency<ap_ufixed<8, 8, 5, 3, 0>, ap_fixed<9, 7, 5, 3, 0>, config13>'
INFO: [SCHED 204-11] Finished scheduling.
INFO: [HLS 200-111] Finished Scheduling: CPU user time: 0.04 seconds. CPU system time: 0 seconds. Elapsed time: 0.07 seconds; current allocated memory: 421.184 MB.
INFO: [BIND 205-100] Starting micro-architecture generation ...
INFO: [BIND 205-101] Performing variable lifetime analysis.
INFO: [BIND 205-101] Exploring resource sharing.
INFO: [BIND 205-101] Binding ...
INFO: [BIND 205-100] Starting global binding ...
INFO: [BIND 205-100] Finished micro-architecture generation.
INFO: [HLS 200-111] Finished Binding: CPU user time: 0.02 seconds. CPU system time: 0 seconds. Elapsed time: 0.05 seconds; current allocated memory: 421.336 MB.
INFO: [HLS 200-10] ----------------------------------------------------------------
INFO: [HLS 200-42] -- Implementing module 'relu_ap_fixed_9_7_5_3_0_ap_ufixed_8_6_5_3_0_ReLU_config16_s' 
INFO: [HLS 200-10] ----------------------------------------------------------------
INFO: [SCHED 204-11] Starting scheduling ...
INFO: [SCHED 204-61] Pipelining function 'relu<ap_fixed<9, 7, 5, 3, 0>, ap_ufixed<8, 6, 5, 3, 0>, ReLU_config16>'.
INFO: [HLS 200-1470] Pipelining result : Target II = NA, Final II = 1, Depth = 1, function 'relu<ap_fixed<9, 7, 5, 3, 0>, ap_ufixed<8, 6, 5, 3, 0>, ReLU_config16>'
INFO: [SCHED 204-11] Finished scheduling.
INFO: [HLS 200-111] Finished Scheduling: CPU user time: 0.03 seconds. CPU system time: 0 seconds. Elapsed time: 0.05 seconds; current allocated memory: 421.543 MB.
INFO: [BIND 205-100] Starting micro-architecture generation ...
INFO: [BIND 205-101] Performing variable lifetime analysis.
INFO: [BIND 205-101] Exploring resource sharing.
INFO: [BIND 205-101] Binding ...
INFO: [BIND 205-100] Finished micro-architecture generation.
INFO: [HLS 200-111] Finished Binding: CPU user time: 0.02 seconds. CPU system time: 0 seconds. Elapsed time: 0.04 seconds; current allocated memory: 421.543 MB.
INFO: [HLS 200-10] ----------------------------------------------------------------
INFO: [HLS 200-42] -- Implementing module 'dense_latency_ap_ufixed_8_6_5_3_0_ap_fixed_12_6_5_3_0_config18_s' 
INFO: [HLS 200-10] ----------------------------------------------------------------
INFO: [SCHED 204-11] Starting scheduling ...
INFO: [SCHED 204-61] Pipelining function 'dense_latency<ap_ufixed<8, 6, 5, 3, 0>, ap_fixed<12, 6, 5, 3, 0>, config18>'.
INFO: [HLS 200-1470] Pipelining result : Target II = NA, Final II = 1, Depth = 1, function 'dense_latency<ap_ufixed<8, 6, 5, 3, 0>, ap_fixed<12, 6, 5, 3, 0>, config18>'
INFO: [SCHED 204-11] Finished scheduling.
INFO: [HLS 200-111] Finished Scheduling: CPU user time: 0.06 seconds. CPU system time: 0 seconds. Elapsed time: 0.09 seconds; current allocated memory: 421.988 MB.
INFO: [BIND 205-100] Starting micro-architecture generation ...
INFO: [BIND 205-101] Performing variable lifetime analysis.
INFO: [BIND 205-101] Exploring resource sharing.
INFO: [BIND 205-101] Binding ...
INFO: [BIND 205-100] Finished micro-architecture generation.
INFO: [HLS 200-111] Finished Binding: CPU user time: 0.02 seconds. CPU system time: 0.01 seconds. Elapsed time: 0.04 seconds; current allocated memory: 422.109 MB.
INFO: [HLS 200-10] ----------------------------------------------------------------
INFO: [HLS 200-42] -- Implementing module 'myproject' 
INFO: [HLS 200-10] ----------------------------------------------------------------
INFO: [SCHED 204-11] Starting scheduling ...
INFO: [SCHED 204-61] Pipelining function 'myproject'.
INFO: [HLS 200-1470] Pipelining result : Target II = NA, Final II = 1, Depth = 5, function 'myproject'
INFO: [SCHED 204-11] Finished scheduling.
INFO: [HLS 200-111] Finished Scheduling: CPU user time: 0.08 seconds. CPU system time: 0 seconds. Elapsed time: 0.11 seconds; current allocated memory: 423.320 MB.
INFO: [BIND 205-100] Starting micro-architecture generation ...
INFO: [BIND 205-101] Performing variable lifetime analysis.
INFO: [BIND 205-101] Exploring resource sharing.
INFO: [BIND 205-101] Binding ...
INFO: [BIND 205-100] Finished micro-architecture generation.
INFO: [HLS 200-111] Finished Binding: CPU user time: 0.02 seconds. CPU system time: 0 seconds. Elapsed time: 0.05 seconds; current allocated memory: 423.320 MB.
INFO: [HLS 200-10] ----------------------------------------------------------------
INFO: [HLS 200-10] -- Generating RTL for module 'dense_latency_ap_fixed_11_6_5_3_0_ap_fixed_9_7_5_3_0_config3_s' 
INFO: [HLS 200-10] ----------------------------------------------------------------
INFO: [RTGEN 206-100] Finished creating RTL model for 'dense_latency_ap_fixed_11_6_5_3_0_ap_fixed_9_7_5_3_0_config3_s'.
INFO: [HLS 200-111] Finished Creating RTL model: CPU user time: 0.04 seconds. CPU system time: 0 seconds. Elapsed time: 0.07 seconds; current allocated memory: 423.668 MB.
INFO: [HLS 200-10] ----------------------------------------------------------------
INFO: [HLS 200-10] -- Generating RTL for module 'relu_ap_fixed_9_7_5_3_0_ap_ufixed_8_6_5_3_0_ReLU_config6_s' 
INFO: [HLS 200-10] ----------------------------------------------------------------
INFO: [RTGEN 206-100] Finished creating RTL model for 'relu_ap_fixed_9_7_5_3_0_ap_ufixed_8_6_5_3_0_ReLU_config6_s'.
INFO: [HLS 200-111] Finished Creating RTL model: CPU user time: 0.06 seconds. CPU system time: 0.02 seconds. Elapsed time: 0.11 seconds; current allocated memory: 425.324 MB.
INFO: [HLS 200-10] ----------------------------------------------------------------
INFO: [HLS 200-10] -- Generating RTL for module 'dense_latency_ap_ufixed_8_6_5_3_0_ap_fixed_9_8_5_3_0_config8_s' 
INFO: [HLS 200-10] ----------------------------------------------------------------
INFO: [RTGEN 206-100] Finished creating RTL model for 'dense_latency_ap_ufixed_8_6_5_3_0_ap_fixed_9_8_5_3_0_config8_s'.
INFO: [HLS 200-111] Finished Creating RTL model: CPU user time: 0.04 seconds. CPU system time: 0.01 seconds. Elapsed time: 0.1 seconds; current allocated memory: 425.906 MB.
INFO: [HLS 200-10] ----------------------------------------------------------------
INFO: [HLS 200-10] -- Generating RTL for module 'relu_ap_fixed_9_8_5_3_0_ap_ufixed_8_8_5_3_0_ReLU_config11_s' 
INFO: [HLS 200-10] ----------------------------------------------------------------
INFO: [RTGEN 206-100] Finished creating RTL model for 'relu_ap_fixed_9_8_5_3_0_ap_ufixed_8_8_5_3_0_ReLU_config11_s'.
INFO: [HLS 200-111] Finished Creating RTL model: CPU user time: 0.05 seconds. CPU system time: 0 seconds. Elapsed time: 0.11 seconds; current allocated memory: 426.449 MB.
INFO: [HLS 200-10] ----------------------------------------------------------------
INFO: [HLS 200-10] -- Generating RTL for module 'dense_latency_ap_ufixed_8_8_5_3_0_ap_fixed_9_7_5_3_0_config13_s' 
INFO: [HLS 200-10] ----------------------------------------------------------------
INFO: [RTGEN 206-100] Generating core module 'mul_7ns_8ns_14_1_1': 1 instance(s).
INFO: [RTGEN 206-100] Finished creating RTL model for 'dense_latency_ap_ufixed_8_8_5_3_0_ap_fixed_9_7_5_3_0_config13_s'.
INFO: [HLS 200-111] Finished Creating RTL model: CPU user time: 0.04 seconds. CPU system time: 0.01 seconds. Elapsed time: 0.09 seconds; current allocated memory: 426.781 MB.
INFO: [HLS 200-10] ----------------------------------------------------------------
INFO: [HLS 200-10] -- Generating RTL for module 'relu_ap_fixed_9_7_5_3_0_ap_ufixed_8_6_5_3_0_ReLU_config16_s' 
INFO: [HLS 200-10] ----------------------------------------------------------------
INFO: [RTGEN 206-100] Finished creating RTL model for 'relu_ap_fixed_9_7_5_3_0_ap_ufixed_8_6_5_3_0_ReLU_config16_s'.
INFO: [HLS 200-111] Finished Creating RTL model: CPU user time: 0.04 seconds. CPU system time: 0 seconds. Elapsed time: 0.08 seconds; current allocated memory: 427.215 MB.
INFO: [HLS 200-10] ----------------------------------------------------------------
INFO: [HLS 200-10] -- Generating RTL for module 'dense_latency_ap_ufixed_8_6_5_3_0_ap_fixed_12_6_5_3_0_config18_s' 
INFO: [HLS 200-10] ----------------------------------------------------------------
INFO: [RTGEN 206-100] Finished creating RTL model for 'dense_latency_ap_ufixed_8_6_5_3_0_ap_fixed_12_6_5_3_0_config18_s'.
INFO: [HLS 200-111] Finished Creating RTL model: CPU user time: 0.04 seconds. CPU system time: 0.01 seconds. Elapsed time: 0.1 seconds; current allocated memory: 427.930 MB.
INFO: [HLS 200-10] ----------------------------------------------------------------
INFO: [HLS 200-10] -- Generating RTL for module 'myproject' 
INFO: [HLS 200-10] ----------------------------------------------------------------
INFO: [RTGEN 206-500] Setting interface mode on port 'myproject/input_21' to 'ap_vld'.
INFO: [RTGEN 206-500] Setting interface mode on port 'myproject/layer20_out_0' to 'ap_vld'.
INFO: [RTGEN 206-500] Setting interface mode on port 'myproject/layer20_out_1' to 'ap_vld'.
INFO: [RTGEN 206-500] Setting interface mode on port 'myproject/layer20_out_2' to 'ap_vld'.
INFO: [RTGEN 206-500] Setting interface mode on port 'myproject/layer20_out_3' to 'ap_vld'.
INFO: [RTGEN 206-500] Setting interface mode on port 'myproject/layer20_out_4' to 'ap_vld'.
INFO: [RTGEN 206-500] Setting interface mode on function 'myproject' to 'ap_ctrl_hs'.
INFO: [HLS 200-1030] Apply Unified Pipeline Control on module 'myproject' pipeline 'myproject' pipeline type 'function pipeline'
INFO: [RTGEN 206-100] Finished creating RTL model for 'myproject'.
INFO: [HLS 200-111] Finished Creating RTL model: CPU user time: 0.08 seconds. CPU system time: 0.01 seconds. Elapsed time: 0.16 seconds; current allocated memory: 429.980 MB.
INFO: [HLS 200-111] Finished Generating all RTL models: CPU user time: 0.21 seconds. CPU system time: 0.02 seconds. Elapsed time: 0.42 seconds; current allocated memory: 433.285 MB.
INFO: [HLS 200-111] Finished Updating report files: CPU user time: 0.43 seconds. CPU system time: 0.04 seconds. Elapsed time: 0.64 seconds; current allocated memory: 436.867 MB.
INFO: [VHDL 208-304] Generating VHDL RTL for myproject.
INFO: [VLOG 209-307] Generating Verilog RTL for myproject.
INFO: [HLS 200-789] **** Estimated Fmax: 299.58 MHz
INFO: [HLS 200-2161] Finished Command csynth_design Elapsed time: 00:01:31; Allocated memory: 122.965 MB.
