================================================================
== Design Size Report
================================================================

* Total Instructions per Compilation Phase
+---------------+-----------------------------+--------------+----------------------------------------------------------------------------------------+
| Phase         | Step                        | Instructions | Description                                                                            |
+---------------+-----------------------------+--------------+----------------------------------------------------------------------------------------+
| Compile/Link  |                             |   8,049      | After all functions are compiled and linked into a single design                       |
|               |                             |              |                                                                                        |
| Unroll/Inline |                             |              | After user unroll and inline pragmas are applied                                       |
|               | (1) unroll                  | 235,990 *    | user unroll pragmas are applied                                                        |
|               | (2) simplification          |  69,548      | simplification of applied user unroll pragmas                                          |
|               | (3) inline                  |  68,951      | user inline pragmas are applied                                                        |
|               | (4) simplification          |  68,486      | simplification of applied user inline pragmas                                          |
|               |                             |              |                                                                                        |
| Array/Struct  |                             |              | After user array partition and struct aggregate/disaggregate pragmas are applied       |
|               | (1) array partition         |  21,862      | user array partition pragmas are applied                                               |
|               | (2) simplification          |   6,496      | simplification of applied user array partition & struct aggregate/disaggregate pragmas |
|               | (3) aggregate/disaggregate  |   6,496      | user struct aggregate/disaggregate pragmas are applied                                 |
|               | (4) array reshape           |   6,528      | apply array reshape pragmas                                                            |
|               | (5) access patterns         |   6,480      | array access pattern optmizations                                                      |
|               |                             |              |                                                                                        |
| Performance   |                             |              | After transformations are applied to meet performance pragma targets                   |
|               | (1) loop simplification     |   6,450      | loop and instruction simplification                                                    |
|               | (2) parallelization         |   6,258      | loops are unrolled or pipelined to meet performance targets                            |
|               | (3) array partition         |   6,064      | arrays are partitioned to meet performance targets                                     |
|               | (4) simplification          |   6,064      | simplification of design after performance transformations                             |
|               |                             |              |                                                                                        |
| HW Transforms |                             |              | After hardware transfomations                                                          |
|               | (1) lowering                |   6,070      | initial conversion to HW specific instructions                                         |
|               | (2) optimizations           |   6,077      | high level synthesis optimizations                                                     |
+---------------+-----------------------------+--------------+----------------------------------------------------------------------------------------+
    * - Exceeded design size warning message threshold

* Instructions per Function for each Compilation Phase
+----------------------------------------+-------------------------+----------------+------------------+-----------------+-------------+---------------+
| Function                               | Location                | Compile/Link   | Unroll/Inline    | Array/Struct    | Performance | HW Transforms |
+----------------------------------------+-------------------------+----------------+------------------+-----------------+-------------+---------------+
| + myproject                            | myproject.cpp:7         | 8,049          | 68,486           | 6,480           | 6,064       | 6,077         |
|  + dense<ap_fixed<16, 6, AP_TRN...     | nnet_dense.h:41         |  535           |                  |                 |             |               |
|   + dense                              | nnet_dense.h:50         |  533           |                  |                 |             |               |
|    + dense_latency<ap_fixed<16, 6...   | nnet_dense_latency.h:13 |  531           |                  |                 |             |               |
|       product                          | nnet_mult.h:70          |  137           |                  |                 |             |               |
|       cast<ap_fixed<16, 6, AP_TRN,...  | nnet_mult.h:110         |    3           |                  |                 |             |               |
|    relu<ap_fixed<16, 6, AP_TRN,...     | nnet_activation.h:39    |  177           |   575            |  449            |  385        |  386          |
|  + dense<ap_fixed<16, 6, AP_TRN...     | nnet_dense.h:41         |  535           |                  |                 |             |               |
|   + dense                              | nnet_dense.h:50         |  533           |                  |                 |             |               |
|    + dense_latency<ap_fixed<16, 6...   | nnet_dense_latency.h:13 |  531           |                  |                 |             |               |
|       product                          | nnet_mult.h:70          |  137           |                  |                 |             |               |
|       cast<ap_fixed<16, 6, AP_TRN,...  | nnet_mult.h:110         |    3           |                  |                 |             |               |
|    relu<ap_fixed<16, 6, AP_TRN,...     | nnet_activation.h:39    |  177           |   287            |  225            |  193        |  194          |
|  + dense<ap_fixed<16, 6, AP_TRN...     | nnet_dense.h:41         |  535           |                  |                 |             |               |
|   + dense                              | nnet_dense.h:50         |  533           |                  |                 |             |               |
|    + dense_latency<ap_fixed<16, 6...   | nnet_dense_latency.h:13 |  531           |                  |                 |             |               |
|       product                          | nnet_mult.h:70          |  137           |                  |                 |             |               |
|       cast<ap_fixed<16, 6, AP_TRN,...  | nnet_mult.h:110         |    3           |                  |                 |             |               |
|    relu<ap_fixed<16, 6, AP_TRN,...     | nnet_activation.h:39    |  177           |   287            |  225            |  193        |  194          |
|  + dense<ap_fixed<16, 6, AP_TRN...     | nnet_dense.h:41         |  535           |                  |                 |             |               |
|   + dense                              | nnet_dense.h:50         |  533           |                  |                 |             |               |
|    + dense_latency<ap_fixed<16, 6...   | nnet_dense_latency.h:13 |  531           |                  |                 |             |               |
|       product                          | nnet_mult.h:70          |  137           |                  |                 |             |               |
|       cast<ap_fixed<16, 6, AP_TRN,...  | nnet_mult.h:110         |    3           |                  |                 |             |               |
|  + softmax<ap_fixed<16, 6, AP_T...     | nnet_activation.h:379   | 5,309          |                  |                 |             |               |
|   + softmax_stable<ap_fixed<16, ...    | nnet_activation.h:216   | 5,307          |                  |                 |             |               |
|    + init_exp_table<ap_fixed<16, ...   | nnet_activation.h:149   | 1,198          |                  |                 |             |               |
|       softmax_real_val_from_idx<ap...  | nnet_activation.h:133   |  447           |                  |                 |             |               |
|       exp_fcn_float                    | nnet_activation.h:131   |    4           |                  |                 |             |               |
|    + init_invert_table<ap_fixed<1...   | nnet_activation.h:160   | 1,447          |                  |                 |             |               |
|       softmax_real_val_from_idx<ap...  | nnet_activation.h:133   |  700           |                  |                 |             |               |
|    + reduce<ap_fixed<16, 6, AP_TR...   | nnet_common.h:37        |  122           |                  |                 |             |               |
|     + reduce<ap_fixed<16, 6, AP_TR...  | nnet_common.h:37        |   89           |                  |                 |             |               |
|      + reduce<ap_fixed<16, 6, AP_TR... | nnet_common.h:37        |   60 (2 calls) |                  |                 |             |               |
|         operator()                     | nnet_common.h:66        |   40 (2 calls) |                  |                 |             |               |
|        operator()                      | nnet_common.h:66        |   20           |                  |                 |             |               |
|       reduce<ap_fixed<16, 6, AP_TR...  | nnet_common.h:37        |    4           |                  |                 |             |               |
|       operator()                       | nnet_common.h:66        |   20           |                  |                 |             |               |
|      softmax_idx_from_real_val<ap...   | nnet_activation.h:141   |   98           |                  |                 |             |               |
|    + reduce<ap_fixed<18, 8, AP_RN...   | nnet_common.h:37        | 1,338          |                  |                 |             |               |
|     + reduce<ap_fixed<18, 8, AP_RN...  | nnet_common.h:37        | 1,001          |                  |                 |             |               |
|      + reduce<ap_fixed<18, 8, AP_RN... | nnet_common.h:37        |  668 (2 calls) |                  |                 |             |               |
|         operator()                     | nnet_common.h:51        |  648 (2 calls) |                  |                 |             |               |
|        operator()                      | nnet_common.h:51        |  324           |                  |                 |             |               |
|       reduce<ap_fixed<18, 8, AP_RN...  | nnet_common.h:37        |    4           |                  |                 |             |               |
|       operator()                       | nnet_common.h:51        |  324           |                  |                 |             |               |
|      softmax_idx_from_real_val<ap...   | nnet_activation.h:141   |   98           |                  |                 |             |               |
|  + dense_latency<ap_fixed<16, 6...     | nnet_dense_latency.h:13 |                | 16,687           | 1,503           | 1,116       | 1,117         |
|     cast<ap_fixed<16, 6, AP_TRN,...    | nnet_mult.h:110         |                |   128 (64 calls) |  128 (64 calls) |             |               |
|    dense_latency<ap_fixed<16, 6...     | nnet_dense_latency.h:13 |                | 32,477           | 2,171           | 2,111       | 2,112         |
|    dense_latency<ap_fixed<16, 6...     | nnet_dense_latency.h:13 |                | 16,285           | 1,116           | 1,085       | 1,086         |
|    dense_latency<ap_fixed<16, 6...     | nnet_dense_latency.h:13 |                | 1,494            |  215            |  191        |  192          |
|  + softmax_stable<ap_fixed<16, ...     | nnet_activation.h:216   |                |   358            |  300            |  265        |  263          |
|     reduce<ap_fixed<18, 8, AP_RN...    | nnet_common.h:37        |                |   100            |   96            |   91        |   91          |
+----------------------------------------+-------------------------+----------------+------------------+-----------------+-------------+---------------+

* Design Size Message Settings
+---------------------------------------------+--------+------------------------------------------------------------------+
| Message Setting                             | Value  | Description                                                      |
+---------------------------------------------+--------+------------------------------------------------------------------+
| config_compile -design_size_maximum_warning | 100000 | Show a warning when total design instructions exceeds this value |
+---------------------------------------------+--------+------------------------------------------------------------------+


