

================================================================
== Vitis HLS Report for 'dense_latency_ap_fixed_16_6_5_3_0_ap_fixed_16_6_5_3_0_config11_s'
================================================================
* Date:           Wed Feb 26 01:04:58 2025

* Version:        2024.1 (Build 5069499 on May 21 2024)
* Project:        myproject_prj
* Solution:       solution1 (Vivado IP Flow Target)
* Product family: virtexuplusHBM
* Target device:  xcu50-fsvh2104-2-e


================================================================
== Performance Estimates
================================================================
+ Timing: 
    * Summary: 
    +--------+---------+----------+------------+
    |  Clock |  Target | Estimated| Uncertainty|
    +--------+---------+----------+------------+
    |ap_clk  |  5.00 ns|  3.400 ns|     1.35 ns|
    +--------+---------+----------+------------+

+ Latency: 
    * Summary: 
    +---------+---------+----------+----------+-----+-----+---------+
    |  Latency (cycles) |  Latency (absolute) |  Interval | Pipeline|
    |   min   |   max   |    min   |    max   | min | max |   Type  |
    +---------+---------+----------+----------+-----+-----+---------+
    |        1|        1|  5.000 ns|  5.000 ns|    1|    1|      yes|
    +---------+---------+----------+----------+-----+-----+---------+

    + Detail: 
        * Instance: 
        N/A

        * Loop: 
        N/A



================================================================
== Utilization Estimates
================================================================
* Summary: 
+---------------------+---------+------+---------+--------+-----+
|         Name        | BRAM_18K|  DSP |    FF   |   LUT  | URAM|
+---------------------+---------+------+---------+--------+-----+
|DSP                  |        -|     -|        -|       -|    -|
|Expression           |        -|     -|        0|     744|    -|
|FIFO                 |        -|     -|        -|       -|    -|
|Instance             |        -|    38|        0|     190|    -|
|Memory               |        -|     -|        -|       -|    -|
|Multiplexer          |        -|     -|        -|       -|    -|
|Register             |        -|     -|      178|       -|    -|
+---------------------+---------+------+---------+--------+-----+
|Total                |        0|    38|      178|     934|    0|
+---------------------+---------+------+---------+--------+-----+
|Available SLR        |     1344|  2976|   871680|  435840|  320|
+---------------------+---------+------+---------+--------+-----+
|Utilization SLR (%)  |        0|     1|       ~0|      ~0|    0|
+---------------------+---------+------+---------+--------+-----+
|Available            |     2688|  5952|  1743360|  871680|  640|
+---------------------+---------+------+---------+--------+-----+
|Utilization (%)      |        0|    ~0|       ~0|      ~0|    0|
+---------------------+---------+------+---------+--------+-----+

+ Detail: 
    * Instance: 
    +---------------------------+---------------------+---------+----+---+----+-----+
    |          Instance         |        Module       | BRAM_18K| DSP| FF| LUT| URAM|
    +---------------------------+---------------------+---------+----+---+----+-----+
    |mul_16s_10ns_26_1_1_U1004  |mul_16s_10ns_26_1_1  |        0|   1|  0|   5|    0|
    |mul_16s_10ns_26_1_1_U1008  |mul_16s_10ns_26_1_1  |        0|   1|  0|   5|    0|
    |mul_16s_10ns_26_1_1_U1010  |mul_16s_10ns_26_1_1  |        0|   1|  0|   5|    0|
    |mul_16s_10ns_26_1_1_U1027  |mul_16s_10ns_26_1_1  |        0|   1|  0|   5|    0|
    |mul_16s_11ns_26_1_1_U1005  |mul_16s_11ns_26_1_1  |        0|   1|  0|   5|    0|
    |mul_16s_11ns_26_1_1_U1012  |mul_16s_11ns_26_1_1  |        0|   1|  0|   5|    0|
    |mul_16s_11ns_26_1_1_U1015  |mul_16s_11ns_26_1_1  |        0|   1|  0|   5|    0|
    |mul_16s_11ns_26_1_1_U1016  |mul_16s_11ns_26_1_1  |        0|   1|  0|   5|    0|
    |mul_16s_11ns_26_1_1_U1024  |mul_16s_11ns_26_1_1  |        0|   1|  0|   5|    0|
    |mul_16s_11ns_26_1_1_U1025  |mul_16s_11ns_26_1_1  |        0|   1|  0|   5|    0|
    |mul_16s_11ns_26_1_1_U1026  |mul_16s_11ns_26_1_1  |        0|   1|  0|   5|    0|
    |mul_16s_11ns_26_1_1_U1031  |mul_16s_11ns_26_1_1  |        0|   1|  0|   5|    0|
    |mul_16s_11s_26_1_1_U1002   |mul_16s_11s_26_1_1   |        0|   1|  0|   5|    0|
    |mul_16s_11s_26_1_1_U1007   |mul_16s_11s_26_1_1   |        0|   1|  0|   5|    0|
    |mul_16s_11s_26_1_1_U1011   |mul_16s_11s_26_1_1   |        0|   1|  0|   5|    0|
    |mul_16s_11s_26_1_1_U1013   |mul_16s_11s_26_1_1   |        0|   1|  0|   5|    0|
    |mul_16s_11s_26_1_1_U1019   |mul_16s_11s_26_1_1   |        0|   1|  0|   5|    0|
    |mul_16s_11s_26_1_1_U1020   |mul_16s_11s_26_1_1   |        0|   1|  0|   5|    0|
    |mul_16s_11s_26_1_1_U1021   |mul_16s_11s_26_1_1   |        0|   1|  0|   5|    0|
    |mul_16s_11s_26_1_1_U1022   |mul_16s_11s_26_1_1   |        0|   1|  0|   5|    0|
    |mul_16s_11s_26_1_1_U1029   |mul_16s_11s_26_1_1   |        0|   1|  0|   5|    0|
    |mul_16s_11s_26_1_1_U1034   |mul_16s_11s_26_1_1   |        0|   1|  0|   5|    0|
    |mul_16s_12ns_26_1_1_U1000  |mul_16s_12ns_26_1_1  |        0|   1|  0|   5|    0|
    |mul_16s_12ns_26_1_1_U1006  |mul_16s_12ns_26_1_1  |        0|   1|  0|   5|    0|
    |mul_16s_12ns_26_1_1_U1009  |mul_16s_12ns_26_1_1  |        0|   1|  0|   5|    0|
    |mul_16s_12ns_26_1_1_U1023  |mul_16s_12ns_26_1_1  |        0|   1|  0|   5|    0|
    |mul_16s_12ns_26_1_1_U1033  |mul_16s_12ns_26_1_1  |        0|   1|  0|   5|    0|
    |mul_16s_12s_26_1_1_U998    |mul_16s_12s_26_1_1   |        0|   1|  0|   5|    0|
    |mul_16s_12s_26_1_1_U999    |mul_16s_12s_26_1_1   |        0|   1|  0|   5|    0|
    |mul_16s_12s_26_1_1_U1001   |mul_16s_12s_26_1_1   |        0|   1|  0|   5|    0|
    |mul_16s_12s_26_1_1_U1003   |mul_16s_12s_26_1_1   |        0|   1|  0|   5|    0|
    |mul_16s_12s_26_1_1_U1017   |mul_16s_12s_26_1_1   |        0|   1|  0|   5|    0|
    |mul_16s_12s_26_1_1_U1018   |mul_16s_12s_26_1_1   |        0|   1|  0|   5|    0|
    |mul_16s_12s_26_1_1_U1030   |mul_16s_12s_26_1_1   |        0|   1|  0|   5|    0|
    |mul_16s_12s_26_1_1_U1035   |mul_16s_12s_26_1_1   |        0|   1|  0|   5|    0|
    |mul_16s_9ns_25_1_1_U1014   |mul_16s_9ns_25_1_1   |        0|   1|  0|   5|    0|
    |mul_16s_9s_25_1_1_U1028    |mul_16s_9s_25_1_1    |        0|   1|  0|   5|    0|
    |mul_16s_9s_25_1_1_U1032    |mul_16s_9s_25_1_1    |        0|   1|  0|   5|    0|
    +---------------------------+---------------------+---------+----+---+----+-----+
    |Total                      |                     |        0|  38|  0| 190|    0|
    +---------------------------+---------------------+---------+----+---+----+-----+

    * DSP: 
    N/A

    * Memory: 
    N/A

    * FIFO: 
    N/A

    * Expression: 
    +--------------------------+----------+----+---+----+------------+------------+
    |       Variable Name      | Operation| DSP| FF| LUT| Bitwidth P0| Bitwidth P1|
    +--------------------------+----------+----+---+----+------------+------------+
    |add_ln42_fu_7119_p2       |         +|   0|  0|  33|          26|          26|
    |add_ln58_1015_fu_7327_p2  |         +|   0|  0|  16|          16|          16|
    |add_ln58_1016_fu_7333_p2  |         +|   0|  0|  16|          16|          16|
    |add_ln58_1017_fu_7339_p2  |         +|   0|  0|  16|          16|          16|
    |add_ln58_1018_fu_7525_p2  |         +|   0|  0|  16|          16|          16|
    |add_ln58_1019_fu_7345_p2  |         +|   0|  0|  23|          16|          16|
    |add_ln58_1020_fu_7351_p2  |         +|   0|  0|  16|          16|          16|
    |add_ln58_1021_fu_7357_p2  |         +|   0|  0|  16|          16|           3|
    |add_ln58_1022_fu_7363_p2  |         +|   0|  0|  16|          16|          16|
    |add_ln58_1023_fu_7369_p2  |         +|   0|  0|  16|          16|          16|
    |add_ln58_1024_fu_7529_p2  |         +|   0|  0|  16|          16|          16|
    |add_ln58_1025_fu_7375_p2  |         +|   0|  0|  23|          16|          16|
    |add_ln58_1026_fu_7381_p2  |         +|   0|  0|  16|          16|          16|
    |add_ln58_1027_fu_7387_p2  |         +|   0|  0|  16|          16|           9|
    |add_ln58_1028_fu_7393_p2  |         +|   0|  0|  16|          16|          16|
    |add_ln58_1029_fu_7399_p2  |         +|   0|  0|  16|          16|          16|
    |add_ln58_1030_fu_7405_p2  |         +|   0|  0|  16|          16|          16|
    |add_ln58_1031_fu_7411_p2  |         +|   0|  0|  16|          16|          16|
    |add_ln58_1032_fu_7417_p2  |         +|   0|  0|  16|          16|          16|
    |add_ln58_1033_fu_7423_p2  |         +|   0|  0|  16|          16|          16|
    |add_ln58_1034_fu_7534_p2  |         +|   0|  0|  16|          16|          16|
    |add_ln58_1035_fu_7429_p2  |         +|   0|  0|  23|          16|          16|
    |add_ln58_1036_fu_7435_p2  |         +|   0|  0|  16|          16|          16|
    |add_ln58_1037_fu_7441_p2  |         +|   0|  0|  16|          16|           6|
    |add_ln58_1038_fu_7447_p2  |         +|   0|  0|  16|          16|          16|
    |add_ln58_1039_fu_7453_p2  |         +|   0|  0|  16|          16|          16|
    |add_ln58_1040_fu_7538_p2  |         +|   0|  0|  16|          16|          16|
    |add_ln58_1041_fu_7459_p2  |         +|   0|  0|  23|          16|          16|
    |add_ln58_1042_fu_7465_p2  |         +|   0|  0|  23|          16|          16|
    |add_ln58_1043_fu_7543_p2  |         +|   0|  0|  16|          16|          16|
    |add_ln58_1044_fu_7471_p2  |         +|   0|  0|  16|          16|          16|
    |add_ln58_1045_fu_7477_p2  |         +|   0|  0|  16|          16|           8|
    |add_ln58_1046_fu_7483_p2  |         +|   0|  0|  16|          16|          16|
    |add_ln58_1047_fu_7489_p2  |         +|   0|  0|  16|          16|          16|
    |add_ln58_1048_fu_7547_p2  |         +|   0|  0|  16|          16|          16|
    |add_ln58_1049_fu_7495_p2  |         +|   0|  0|  23|          16|          16|
    |add_ln58_1050_fu_7501_p2  |         +|   0|  0|  16|          16|          16|
    |add_ln58_1051_fu_7507_p2  |         +|   0|  0|  16|          16|           8|
    |add_ln58_1052_fu_7513_p2  |         +|   0|  0|  16|          16|          16|
    |add_ln58_1053_fu_7519_p2  |         +|   0|  0|  16|          16|          16|
    |add_ln58_fu_7321_p2       |         +|   0|  0|  16|          16|          16|
    |sub_ln73_fu_6978_p2       |         -|   0|  0|  27|          20|          20|
    |ap_enable_pp0             |       xor|   0|  0|   2|           1|           2|
    +--------------------------+----------+----+---+----+------------+------------+
    |Total                     |          |   0|  0| 744|         687|         642|
    +--------------------------+----------+----+---+----+------------+------------+

    * Multiplexer: 
    N/A

    * Register: 
    +-------------------------+----+----+-----+-----------+
    |           Name          | FF | LUT| Bits| Const Bits|
    +-------------------------+----+----+-----+-----------+
    |add_ln58_1015_reg_7580   |  16|   0|   16|          0|
    |add_ln58_1017_reg_7585   |  16|   0|   16|          0|
    |add_ln58_1023_reg_7590   |  16|   0|   16|          0|
    |add_ln58_1029_reg_7595   |  16|   0|   16|          0|
    |add_ln58_1031_reg_7600   |  16|   0|   16|          0|
    |add_ln58_1033_reg_7605   |  16|   0|   16|          0|
    |add_ln58_1039_reg_7610   |  16|   0|   16|          0|
    |add_ln58_1041_reg_7615   |  16|   0|   16|          0|
    |add_ln58_1042_reg_7620   |  16|   0|   16|          0|
    |add_ln58_1047_reg_7625   |  16|   0|   16|          0|
    |add_ln58_1053_reg_7630   |  16|   0|   16|          0|
    |ap_CS_fsm                |   1|   0|    1|          0|
    |ap_enable_reg_pp0_iter1  |   1|   0|    1|          0|
    +-------------------------+----+----+-----+-----------+
    |Total                    | 178|   0|  178|          0|
    +-------------------------+----+----+-----+-----------+



================================================================
== Interface
================================================================
* Summary: 
+-------------+-----+-----+------------+-----------------------------------------------------------------------------+--------------+
|  RTL Ports  | Dir | Bits|  Protocol  |                                Source Object                                |    C Type    |
+-------------+-----+-----+------------+-----------------------------------------------------------------------------+--------------+
|ap_clk       |   in|    1|  ap_ctrl_hs|  dense_latency<ap_fixed<16, 6, 5, 3, 0>, ap_fixed<16, 6, 5, 3, 0>, config11>|  return value|
|ap_rst       |   in|    1|  ap_ctrl_hs|  dense_latency<ap_fixed<16, 6, 5, 3, 0>, ap_fixed<16, 6, 5, 3, 0>, config11>|  return value|
|ap_start     |   in|    1|  ap_ctrl_hs|  dense_latency<ap_fixed<16, 6, 5, 3, 0>, ap_fixed<16, 6, 5, 3, 0>, config11>|  return value|
|ap_done      |  out|    1|  ap_ctrl_hs|  dense_latency<ap_fixed<16, 6, 5, 3, 0>, ap_fixed<16, 6, 5, 3, 0>, config11>|  return value|
|ap_idle      |  out|    1|  ap_ctrl_hs|  dense_latency<ap_fixed<16, 6, 5, 3, 0>, ap_fixed<16, 6, 5, 3, 0>, config11>|  return value|
|ap_ready     |  out|    1|  ap_ctrl_hs|  dense_latency<ap_fixed<16, 6, 5, 3, 0>, ap_fixed<16, 6, 5, 3, 0>, config11>|  return value|
|ap_ce        |   in|    1|  ap_ctrl_hs|  dense_latency<ap_fixed<16, 6, 5, 3, 0>, ap_fixed<16, 6, 5, 3, 0>, config11>|  return value|
|ap_return_0  |  out|   16|  ap_ctrl_hs|  dense_latency<ap_fixed<16, 6, 5, 3, 0>, ap_fixed<16, 6, 5, 3, 0>, config11>|  return value|
|ap_return_1  |  out|   16|  ap_ctrl_hs|  dense_latency<ap_fixed<16, 6, 5, 3, 0>, ap_fixed<16, 6, 5, 3, 0>, config11>|  return value|
|ap_return_2  |  out|   16|  ap_ctrl_hs|  dense_latency<ap_fixed<16, 6, 5, 3, 0>, ap_fixed<16, 6, 5, 3, 0>, config11>|  return value|
|ap_return_3  |  out|   16|  ap_ctrl_hs|  dense_latency<ap_fixed<16, 6, 5, 3, 0>, ap_fixed<16, 6, 5, 3, 0>, config11>|  return value|
|ap_return_4  |  out|   16|  ap_ctrl_hs|  dense_latency<ap_fixed<16, 6, 5, 3, 0>, ap_fixed<16, 6, 5, 3, 0>, config11>|  return value|
|data_0_val   |   in|   16|     ap_none|                                                                   data_0_val|        scalar|
|data_1_val   |   in|   16|     ap_none|                                                                   data_1_val|        scalar|
|data_2_val   |   in|   16|     ap_none|                                                                   data_2_val|        scalar|
|data_3_val   |   in|   16|     ap_none|                                                                   data_3_val|        scalar|
|data_4_val   |   in|   16|     ap_none|                                                                   data_4_val|        scalar|
|data_5_val   |   in|   16|     ap_none|                                                                   data_5_val|        scalar|
|data_6_val   |   in|   16|     ap_none|                                                                   data_6_val|        scalar|
|data_9_val   |   in|   16|     ap_none|                                                                   data_9_val|        scalar|
|data_10_val  |   in|   16|     ap_none|                                                                  data_10_val|        scalar|
|data_11_val  |   in|   16|     ap_none|                                                                  data_11_val|        scalar|
|data_12_val  |   in|   16|     ap_none|                                                                  data_12_val|        scalar|
|data_13_val  |   in|   16|     ap_none|                                                                  data_13_val|        scalar|
|data_14_val  |   in|   16|     ap_none|                                                                  data_14_val|        scalar|
|data_15_val  |   in|   16|     ap_none|                                                                  data_15_val|        scalar|
|data_16_val  |   in|   16|     ap_none|                                                                  data_16_val|        scalar|
|data_18_val  |   in|   16|     ap_none|                                                                  data_18_val|        scalar|
|data_20_val  |   in|   16|     ap_none|                                                                  data_20_val|        scalar|
|data_21_val  |   in|   16|     ap_none|                                                                  data_21_val|        scalar|
|data_24_val  |   in|   16|     ap_none|                                                                  data_24_val|        scalar|
|data_27_val  |   in|   16|     ap_none|                                                                  data_27_val|        scalar|
|data_28_val  |   in|   16|     ap_none|                                                                  data_28_val|        scalar|
|data_29_val  |   in|   16|     ap_none|                                                                  data_29_val|        scalar|
|data_30_val  |   in|   16|     ap_none|                                                                  data_30_val|        scalar|
|data_31_val  |   in|   16|     ap_none|                                                                  data_31_val|        scalar|
+-------------+-----+-----+------------+-----------------------------------------------------------------------------+--------------+

