

================================================================
== Vitis HLS Report for 'myproject'
================================================================
* Date:           Wed Feb 26 01:04:59 2025

* Version:        2024.1 (Build 5069499 on May 21 2024)
* Project:        myproject_prj
* Solution:       solution1 (Vivado IP Flow Target)
* Product family: virtexuplusHBM
* Target device:  xcu50-fsvh2104-2-e


================================================================
== Performance Estimates
================================================================
+ Timing: 
    * Summary: 
    +--------+---------+----------+------------+
    |  Clock |  Target | Estimated| Uncertainty|
    +--------+---------+----------+------------+
    |ap_clk  |  5.00 ns|  3.621 ns|     1.35 ns|
    +--------+---------+----------+------------+

+ Latency: 
    * Summary: 
    +---------+---------+-----------+-----------+-----+-----+---------+
    |  Latency (cycles) |   Latency (absolute)  |  Interval | Pipeline|
    |   min   |   max   |    min    |    max    | min | max |   Type  |
    +---------+---------+-----------+-----------+-----+-----+---------+
    |       14|       14|  70.000 ns|  70.000 ns|    1|    1|      yes|
    +---------+---------+-----------+-----------+-----+-----+---------+

    + Detail: 
        * Instance: 
        +-------------------------------------------------------------------------------+------------------------------------------------------------------+---------+---------+-----------+-----------+-----+-----+---------+
        |                                                                               |                                                                  |  Latency (cycles) |   Latency (absolute)  |  Interval | Pipeline|
        |                                    Instance                                   |                              Module                              |   min   |   max   |    min    |    max    | min | max |   Type  |
        +-------------------------------------------------------------------------------+------------------------------------------------------------------+---------+---------+-----------+-----------+-----+-----+---------+
        |grp_dense_latency_ap_fixed_16_6_5_3_0_ap_fixed_16_6_5_3_0_config2_s_fu_95      |dense_latency_ap_fixed_16_6_5_3_0_ap_fixed_16_6_5_3_0_config2_s   |        1|        1|   5.000 ns|   5.000 ns|    1|    1|      yes|
        |call_ret2_relu_ap_fixed_16_6_5_3_0_ap_fixed_16_6_5_3_0_relu_config4_s_fu_101   |relu_ap_fixed_16_6_5_3_0_ap_fixed_16_6_5_3_0_relu_config4_s       |        0|        0|       0 ns|       0 ns|    1|    1|      yes|
        |grp_dense_latency_ap_fixed_16_6_5_3_0_ap_fixed_16_6_5_3_0_config5_s_fu_165     |dense_latency_ap_fixed_16_6_5_3_0_ap_fixed_16_6_5_3_0_config5_s   |        1|        1|   5.000 ns|   5.000 ns|    1|    1|      yes|
        |call_ret4_relu_ap_fixed_16_6_5_3_0_ap_fixed_16_6_5_3_0_relu_config7_s_fu_229   |relu_ap_fixed_16_6_5_3_0_ap_fixed_16_6_5_3_0_relu_config7_s       |        0|        0|       0 ns|       0 ns|    1|    1|      yes|
        |grp_dense_latency_ap_fixed_16_6_5_3_0_ap_fixed_16_6_5_3_0_config8_s_fu_264     |dense_latency_ap_fixed_16_6_5_3_0_ap_fixed_16_6_5_3_0_config8_s   |        1|        1|   5.000 ns|   5.000 ns|    1|    1|      yes|
        |call_ret6_relu_ap_fixed_16_6_5_3_0_ap_fixed_16_6_5_3_0_relu_config10_s_fu_299  |relu_ap_fixed_16_6_5_3_0_ap_fixed_16_6_5_3_0_relu_config10_s      |        0|        0|       0 ns|       0 ns|    1|    1|      yes|
        |grp_dense_latency_ap_fixed_16_6_5_3_0_ap_fixed_16_6_5_3_0_config11_s_fu_327    |dense_latency_ap_fixed_16_6_5_3_0_ap_fixed_16_6_5_3_0_config11_s  |        1|        1|   5.000 ns|   5.000 ns|    1|    1|      yes|
        |grp_softmax_stable_ap_fixed_ap_fixed_16_6_5_3_0_softmax_config13_s_fu_355      |softmax_stable_ap_fixed_ap_fixed_16_6_5_3_0_softmax_config13_s    |        4|        4|  20.000 ns|  20.000 ns|    1|    1|      yes|
        +-------------------------------------------------------------------------------+------------------------------------------------------------------+---------+---------+-----------+-----------+-----+-----+---------+

        * Loop: 
        N/A



================================================================
== Utilization Estimates
================================================================
* Summary: 
+---------------------+---------+------+---------+--------+-----+
|         Name        | BRAM_18K|  DSP |    FF   |   LUT  | URAM|
+---------------------+---------+------+---------+--------+-----+
|DSP                  |        -|     -|        -|       -|    -|
|Expression           |        -|     -|        0|      14|    -|
|FIFO                 |        -|     -|        -|       -|    -|
|Instance             |        8|   817|     5003|   35276|    -|
|Memory               |        -|     -|        -|       -|    -|
|Multiplexer          |        -|     -|        0|      36|    -|
|Register             |        -|     -|     3459|       -|    -|
+---------------------+---------+------+---------+--------+-----+
|Total                |        8|   817|     8462|   35326|    0|
+---------------------+---------+------+---------+--------+-----+
|Available SLR        |     1344|  2976|   871680|  435840|  320|
+---------------------+---------+------+---------+--------+-----+
|Utilization SLR (%)  |       ~0|    27|       ~0|       8|    0|
+---------------------+---------+------+---------+--------+-----+
|Available            |     2688|  5952|  1743360|  871680|  640|
+---------------------+---------+------+---------+--------+-----+
|Utilization (%)      |       ~0|    13|       ~0|       4|    0|
+---------------------+---------+------+---------+--------+-----+

+ Detail: 
    * Instance: 
    +-------------------------------------------------------------------------------+------------------------------------------------------------------+---------+-----+------+-------+-----+
    |                                    Instance                                   |                              Module                              | BRAM_18K| DSP |  FF  |  LUT  | URAM|
    +-------------------------------------------------------------------------------+------------------------------------------------------------------+---------+-----+------+-------+-----+
    |grp_dense_latency_ap_fixed_16_6_5_3_0_ap_fixed_16_6_5_3_0_config11_s_fu_327    |dense_latency_ap_fixed_16_6_5_3_0_ap_fixed_16_6_5_3_0_config11_s  |        0|   38|   178|    934|    0|
    |grp_dense_latency_ap_fixed_16_6_5_3_0_ap_fixed_16_6_5_3_0_config2_s_fu_95      |dense_latency_ap_fixed_16_6_5_3_0_ap_fixed_16_6_5_3_0_config2_s   |        0|  204|   626|   7331|    0|
    |grp_dense_latency_ap_fixed_16_6_5_3_0_ap_fixed_16_6_5_3_0_config5_s_fu_165     |dense_latency_ap_fixed_16_6_5_3_0_ap_fixed_16_6_5_3_0_config5_s   |        0|  370|  2409|  14733|    0|
    |grp_dense_latency_ap_fixed_16_6_5_3_0_ap_fixed_16_6_5_3_0_config8_s_fu_264     |dense_latency_ap_fixed_16_6_5_3_0_ap_fixed_16_6_5_3_0_config8_s   |        0|  200|  1345|   7118|    0|
    |call_ret6_relu_ap_fixed_16_6_5_3_0_ap_fixed_16_6_5_3_0_relu_config10_s_fu_299  |relu_ap_fixed_16_6_5_3_0_ap_fixed_16_6_5_3_0_relu_config10_s      |        0|    0|     0|    912|    0|
    |call_ret2_relu_ap_fixed_16_6_5_3_0_ap_fixed_16_6_5_3_0_relu_config4_s_fu_101   |relu_ap_fixed_16_6_5_3_0_ap_fixed_16_6_5_3_0_relu_config4_s       |        0|    0|     0|   2280|    0|
    |call_ret4_relu_ap_fixed_16_6_5_3_0_ap_fixed_16_6_5_3_0_relu_config7_s_fu_229   |relu_ap_fixed_16_6_5_3_0_ap_fixed_16_6_5_3_0_relu_config7_s       |        0|    0|     0|   1178|    0|
    |grp_softmax_stable_ap_fixed_ap_fixed_16_6_5_3_0_softmax_config13_s_fu_355      |softmax_stable_ap_fixed_ap_fixed_16_6_5_3_0_softmax_config13_s    |        8|    5|   445|    790|    0|
    +-------------------------------------------------------------------------------+------------------------------------------------------------------+---------+-----+------+-------+-----+
    |Total                                                                          |                                                                  |        8|  817|  5003|  35276|    0|
    +-------------------------------------------------------------------------------+------------------------------------------------------------------+---------+-----+------+-------+-----+

    * DSP: 
    N/A

    * Memory: 
    N/A

    * FIFO: 
    N/A

    * Expression: 
    +-------------------------------------------+----------+----+---+----+------------+------------+
    |               Variable Name               | Operation| DSP| FF| LUT| Bitwidth P0| Bitwidth P1|
    +-------------------------------------------+----------+----+---+----+------------+------------+
    |ap_block_pp0_stage0_01001                  |       and|   0|  0|   2|           1|           1|
    |ap_block_pp0_stage0_11001_ignoreCallOp140  |       and|   0|  0|   2|           1|           1|
    |ap_block_pp0_stage0_11001_ignoreCallOp17   |       and|   0|  0|   2|           1|           1|
    |ap_block_pp0_stage0_11001_ignoreCallOp205  |       and|   0|  0|   2|           1|           1|
    |ap_block_pp0_stage0_11001_ignoreCallOp256  |       and|   0|  0|   2|           1|           1|
    |ap_block_pp0_stage0_11001_ignoreCallOp263  |       and|   0|  0|   2|           1|           1|
    |ap_enable_pp0                              |       xor|   0|  0|   2|           1|           2|
    +-------------------------------------------+----------+----+---+----+------------+------------+
    |Total                                      |          |   0|  0|  14|           7|           8|
    +-------------------------------------------+----------+----+---+----+------------+------------+

    * Multiplexer: 
    +-------------------------+----+-----------+-----+-----------+
    |           Name          | LUT| Input Size| Bits| Total Bits|
    +-------------------------+----+-----------+-----+-----------+
    |fc1_input_ap_vld_in_sig  |   9|          2|    1|          2|
    |fc1_input_ap_vld_preg    |   9|          2|    1|          2|
    |fc1_input_blk_n          |   9|          2|    1|          2|
    |fc1_input_in_sig         |   9|          2|  256|        512|
    +-------------------------+----+-----------+-----+-----------+
    |Total                    |  36|          8|  259|        518|
    +-------------------------+----+-----------+-----+-----------+

    * Register: 
    +------------------------------------------------------------------------------------------+-----+----+-----+-----------+
    |                                           Name                                           |  FF | LUT| Bits| Const Bits|
    +------------------------------------------------------------------------------------------+-----+----+-----+-----------+
    |ap_CS_fsm                                                                                 |    1|   0|    1|          0|
    |ap_enable_reg_pp0_iter1                                                                   |    1|   0|    1|          0|
    |ap_enable_reg_pp0_iter10                                                                  |    1|   0|    1|          0|
    |ap_enable_reg_pp0_iter11                                                                  |    1|   0|    1|          0|
    |ap_enable_reg_pp0_iter12                                                                  |    1|   0|    1|          0|
    |ap_enable_reg_pp0_iter13                                                                  |    1|   0|    1|          0|
    |ap_enable_reg_pp0_iter14                                                                  |    1|   0|    1|          0|
    |ap_enable_reg_pp0_iter2                                                                   |    1|   0|    1|          0|
    |ap_enable_reg_pp0_iter3                                                                   |    1|   0|    1|          0|
    |ap_enable_reg_pp0_iter4                                                                   |    1|   0|    1|          0|
    |ap_enable_reg_pp0_iter5                                                                   |    1|   0|    1|          0|
    |ap_enable_reg_pp0_iter6                                                                   |    1|   0|    1|          0|
    |ap_enable_reg_pp0_iter7                                                                   |    1|   0|    1|          0|
    |ap_enable_reg_pp0_iter8                                                                   |    1|   0|    1|          0|
    |ap_enable_reg_pp0_iter9                                                                   |    1|   0|    1|          0|
    |fc1_input_ap_vld_preg                                                                     |    1|   0|    1|          0|
    |fc1_input_preg                                                                            |  256|   0|  256|          0|
    |grp_dense_latency_ap_fixed_16_6_5_3_0_ap_fixed_16_6_5_3_0_config11_s_fu_327_ap_start_reg  |    1|   0|    1|          0|
    |grp_dense_latency_ap_fixed_16_6_5_3_0_ap_fixed_16_6_5_3_0_config5_s_fu_165_ap_start_reg   |    1|   0|    1|          0|
    |grp_dense_latency_ap_fixed_16_6_5_3_0_ap_fixed_16_6_5_3_0_config8_s_fu_264_ap_start_reg   |    1|   0|    1|          0|
    |layer10_out_10_reg_2299                                                                   |   16|   0|   16|          0|
    |layer10_out_11_reg_2304                                                                   |   16|   0|   16|          0|
    |layer10_out_12_reg_2309                                                                   |   16|   0|   16|          0|
    |layer10_out_13_reg_2314                                                                   |   16|   0|   16|          0|
    |layer10_out_14_reg_2319                                                                   |   16|   0|   16|          0|
    |layer10_out_15_reg_2324                                                                   |   16|   0|   16|          0|
    |layer10_out_16_reg_2329                                                                   |   16|   0|   16|          0|
    |layer10_out_17_reg_2334                                                                   |   16|   0|   16|          0|
    |layer10_out_18_reg_2339                                                                   |   16|   0|   16|          0|
    |layer10_out_19_reg_2344                                                                   |   16|   0|   16|          0|
    |layer10_out_1_reg_2249                                                                    |   16|   0|   16|          0|
    |layer10_out_20_reg_2349                                                                   |   16|   0|   16|          0|
    |layer10_out_21_reg_2354                                                                   |   16|   0|   16|          0|
    |layer10_out_22_reg_2359                                                                   |   16|   0|   16|          0|
    |layer10_out_23_reg_2294                                                                   |   16|   0|   16|          0|
    |layer10_out_2_reg_2254                                                                    |   16|   0|   16|          0|
    |layer10_out_3_reg_2259                                                                    |   16|   0|   16|          0|
    |layer10_out_4_reg_2264                                                                    |   16|   0|   16|          0|
    |layer10_out_5_reg_2269                                                                    |   16|   0|   16|          0|
    |layer10_out_6_reg_2274                                                                    |   16|   0|   16|          0|
    |layer10_out_7_reg_2279                                                                    |   16|   0|   16|          0|
    |layer10_out_8_reg_2284                                                                    |   16|   0|   16|          0|
    |layer10_out_9_reg_2289                                                                    |   16|   0|   16|          0|
    |layer10_out_reg_2244                                                                      |   16|   0|   16|          0|
    |layer2_out_10_reg_1424                                                                    |   16|   0|   16|          0|
    |layer2_out_11_reg_1429                                                                    |   16|   0|   16|          0|
    |layer2_out_12_reg_1434                                                                    |   16|   0|   16|          0|
    |layer2_out_13_reg_1439                                                                    |   16|   0|   16|          0|
    |layer2_out_14_reg_1444                                                                    |   16|   0|   16|          0|
    |layer2_out_15_reg_1449                                                                    |   16|   0|   16|          0|
    |layer2_out_16_reg_1454                                                                    |   16|   0|   16|          0|
    |layer2_out_17_reg_1459                                                                    |   16|   0|   16|          0|
    |layer2_out_18_reg_1464                                                                    |   16|   0|   16|          0|
    |layer2_out_19_reg_1469                                                                    |   16|   0|   16|          0|
    |layer2_out_1_reg_1374                                                                     |   16|   0|   16|          0|
    |layer2_out_20_reg_1474                                                                    |   16|   0|   16|          0|
    |layer2_out_21_reg_1479                                                                    |   16|   0|   16|          0|
    |layer2_out_22_reg_1484                                                                    |   16|   0|   16|          0|
    |layer2_out_23_reg_1489                                                                    |   16|   0|   16|          0|
    |layer2_out_24_reg_1494                                                                    |   16|   0|   16|          0|
    |layer2_out_25_reg_1499                                                                    |   16|   0|   16|          0|
    |layer2_out_26_reg_1504                                                                    |   16|   0|   16|          0|
    |layer2_out_27_reg_1509                                                                    |   16|   0|   16|          0|
    |layer2_out_28_reg_1514                                                                    |   16|   0|   16|          0|
    |layer2_out_29_reg_1519                                                                    |   16|   0|   16|          0|
    |layer2_out_2_reg_1379                                                                     |   16|   0|   16|          0|
    |layer2_out_30_reg_1524                                                                    |   16|   0|   16|          0|
    |layer2_out_31_reg_1529                                                                    |   16|   0|   16|          0|
    |layer2_out_32_reg_1534                                                                    |   16|   0|   16|          0|
    |layer2_out_33_reg_1539                                                                    |   16|   0|   16|          0|
    |layer2_out_34_reg_1544                                                                    |   16|   0|   16|          0|
    |layer2_out_35_reg_1549                                                                    |   16|   0|   16|          0|
    |layer2_out_36_reg_1554                                                                    |   16|   0|   16|          0|
    |layer2_out_37_reg_1559                                                                    |   16|   0|   16|          0|
    |layer2_out_38_reg_1564                                                                    |   16|   0|   16|          0|
    |layer2_out_39_reg_1569                                                                    |   16|   0|   16|          0|
    |layer2_out_3_reg_1384                                                                     |   16|   0|   16|          0|
    |layer2_out_40_reg_1574                                                                    |   16|   0|   16|          0|
    |layer2_out_41_reg_1579                                                                    |   16|   0|   16|          0|
    |layer2_out_42_reg_1584                                                                    |   16|   0|   16|          0|
    |layer2_out_43_reg_1589                                                                    |   16|   0|   16|          0|
    |layer2_out_44_reg_1594                                                                    |   16|   0|   16|          0|
    |layer2_out_45_reg_1599                                                                    |   16|   0|   16|          0|
    |layer2_out_46_reg_1604                                                                    |   16|   0|   16|          0|
    |layer2_out_47_reg_1609                                                                    |   16|   0|   16|          0|
    |layer2_out_48_reg_1614                                                                    |   16|   0|   16|          0|
    |layer2_out_49_reg_1619                                                                    |   16|   0|   16|          0|
    |layer2_out_4_reg_1389                                                                     |   16|   0|   16|          0|
    |layer2_out_50_reg_1624                                                                    |   16|   0|   16|          0|
    |layer2_out_51_reg_1629                                                                    |   16|   0|   16|          0|
    |layer2_out_52_reg_1634                                                                    |   16|   0|   16|          0|
    |layer2_out_53_reg_1639                                                                    |   16|   0|   16|          0|
    |layer2_out_54_reg_1644                                                                    |   16|   0|   16|          0|
    |layer2_out_55_reg_1649                                                                    |   16|   0|   16|          0|
    |layer2_out_56_reg_1654                                                                    |   16|   0|   16|          0|
    |layer2_out_57_reg_1659                                                                    |   16|   0|   16|          0|
    |layer2_out_58_reg_1664                                                                    |   16|   0|   16|          0|
    |layer2_out_59_reg_1419                                                                    |   16|   0|   16|          0|
    |layer2_out_5_reg_1394                                                                     |   16|   0|   16|          0|
    |layer2_out_6_reg_1399                                                                     |   16|   0|   16|          0|
    |layer2_out_7_reg_1404                                                                     |   16|   0|   16|          0|
    |layer2_out_8_reg_1409                                                                     |   16|   0|   16|          0|
    |layer2_out_9_reg_1414                                                                     |   16|   0|   16|          0|
    |layer2_out_reg_1369                                                                       |   16|   0|   16|          0|
    |layer4_out_10_reg_1724                                                                    |   16|   0|   16|          0|
    |layer4_out_11_reg_1729                                                                    |   16|   0|   16|          0|
    |layer4_out_12_reg_1734                                                                    |   16|   0|   16|          0|
    |layer4_out_13_reg_1739                                                                    |   16|   0|   16|          0|
    |layer4_out_14_reg_1744                                                                    |   16|   0|   16|          0|
    |layer4_out_15_reg_1749                                                                    |   16|   0|   16|          0|
    |layer4_out_16_reg_1754                                                                    |   16|   0|   16|          0|
    |layer4_out_17_reg_1759                                                                    |   16|   0|   16|          0|
    |layer4_out_18_reg_1764                                                                    |   16|   0|   16|          0|
    |layer4_out_19_reg_1769                                                                    |   16|   0|   16|          0|
    |layer4_out_1_reg_1674                                                                     |   16|   0|   16|          0|
    |layer4_out_20_reg_1774                                                                    |   16|   0|   16|          0|
    |layer4_out_21_reg_1779                                                                    |   16|   0|   16|          0|
    |layer4_out_22_reg_1784                                                                    |   16|   0|   16|          0|
    |layer4_out_23_reg_1789                                                                    |   16|   0|   16|          0|
    |layer4_out_24_reg_1794                                                                    |   16|   0|   16|          0|
    |layer4_out_25_reg_1799                                                                    |   16|   0|   16|          0|
    |layer4_out_26_reg_1804                                                                    |   16|   0|   16|          0|
    |layer4_out_27_reg_1809                                                                    |   16|   0|   16|          0|
    |layer4_out_28_reg_1814                                                                    |   16|   0|   16|          0|
    |layer4_out_29_reg_1819                                                                    |   16|   0|   16|          0|
    |layer4_out_2_reg_1679                                                                     |   16|   0|   16|          0|
    |layer4_out_30_reg_1824                                                                    |   16|   0|   16|          0|
    |layer4_out_31_reg_1829                                                                    |   16|   0|   16|          0|
    |layer4_out_32_reg_1834                                                                    |   16|   0|   16|          0|
    |layer4_out_33_reg_1839                                                                    |   16|   0|   16|          0|
    |layer4_out_34_reg_1844                                                                    |   16|   0|   16|          0|
    |layer4_out_35_reg_1849                                                                    |   16|   0|   16|          0|
    |layer4_out_36_reg_1854                                                                    |   16|   0|   16|          0|
    |layer4_out_37_reg_1859                                                                    |   16|   0|   16|          0|
    |layer4_out_38_reg_1864                                                                    |   16|   0|   16|          0|
    |layer4_out_39_reg_1869                                                                    |   16|   0|   16|          0|
    |layer4_out_3_reg_1684                                                                     |   16|   0|   16|          0|
    |layer4_out_40_reg_1874                                                                    |   16|   0|   16|          0|
    |layer4_out_41_reg_1879                                                                    |   16|   0|   16|          0|
    |layer4_out_42_reg_1884                                                                    |   16|   0|   16|          0|
    |layer4_out_43_reg_1889                                                                    |   16|   0|   16|          0|
    |layer4_out_44_reg_1894                                                                    |   16|   0|   16|          0|
    |layer4_out_45_reg_1899                                                                    |   16|   0|   16|          0|
    |layer4_out_46_reg_1904                                                                    |   16|   0|   16|          0|
    |layer4_out_47_reg_1909                                                                    |   16|   0|   16|          0|
    |layer4_out_48_reg_1914                                                                    |   16|   0|   16|          0|
    |layer4_out_49_reg_1919                                                                    |   16|   0|   16|          0|
    |layer4_out_4_reg_1689                                                                     |   16|   0|   16|          0|
    |layer4_out_50_reg_1924                                                                    |   16|   0|   16|          0|
    |layer4_out_51_reg_1929                                                                    |   16|   0|   16|          0|
    |layer4_out_52_reg_1934                                                                    |   16|   0|   16|          0|
    |layer4_out_53_reg_1939                                                                    |   16|   0|   16|          0|
    |layer4_out_54_reg_1944                                                                    |   16|   0|   16|          0|
    |layer4_out_55_reg_1949                                                                    |   16|   0|   16|          0|
    |layer4_out_56_reg_1954                                                                    |   16|   0|   16|          0|
    |layer4_out_57_reg_1959                                                                    |   16|   0|   16|          0|
    |layer4_out_58_reg_1964                                                                    |   16|   0|   16|          0|
    |layer4_out_59_reg_1719                                                                    |   16|   0|   16|          0|
    |layer4_out_5_reg_1694                                                                     |   16|   0|   16|          0|
    |layer4_out_6_reg_1699                                                                     |   16|   0|   16|          0|
    |layer4_out_7_reg_1704                                                                     |   16|   0|   16|          0|
    |layer4_out_8_reg_1709                                                                     |   16|   0|   16|          0|
    |layer4_out_9_reg_1714                                                                     |   16|   0|   16|          0|
    |layer4_out_reg_1669                                                                       |   16|   0|   16|          0|
    |layer7_out_10_reg_2024                                                                    |   16|   0|   16|          0|
    |layer7_out_11_reg_2029                                                                    |   16|   0|   16|          0|
    |layer7_out_12_reg_2034                                                                    |   16|   0|   16|          0|
    |layer7_out_13_reg_2039                                                                    |   16|   0|   16|          0|
    |layer7_out_14_reg_2044                                                                    |   16|   0|   16|          0|
    |layer7_out_15_reg_2049                                                                    |   16|   0|   16|          0|
    |layer7_out_16_reg_2054                                                                    |   16|   0|   16|          0|
    |layer7_out_17_reg_2059                                                                    |   16|   0|   16|          0|
    |layer7_out_18_reg_2064                                                                    |   16|   0|   16|          0|
    |layer7_out_19_reg_2069                                                                    |   16|   0|   16|          0|
    |layer7_out_1_reg_1974                                                                     |   16|   0|   16|          0|
    |layer7_out_20_reg_2074                                                                    |   16|   0|   16|          0|
    |layer7_out_21_reg_2079                                                                    |   16|   0|   16|          0|
    |layer7_out_22_reg_2084                                                                    |   16|   0|   16|          0|
    |layer7_out_23_reg_2089                                                                    |   16|   0|   16|          0|
    |layer7_out_24_reg_2094                                                                    |   16|   0|   16|          0|
    |layer7_out_25_reg_2099                                                                    |   16|   0|   16|          0|
    |layer7_out_26_reg_2104                                                                    |   16|   0|   16|          0|
    |layer7_out_27_reg_2109                                                                    |   16|   0|   16|          0|
    |layer7_out_28_reg_2114                                                                    |   16|   0|   16|          0|
    |layer7_out_29_reg_2119                                                                    |   16|   0|   16|          0|
    |layer7_out_2_reg_1979                                                                     |   16|   0|   16|          0|
    |layer7_out_30_reg_2019                                                                    |   16|   0|   16|          0|
    |layer7_out_3_reg_1984                                                                     |   16|   0|   16|          0|
    |layer7_out_4_reg_1989                                                                     |   16|   0|   16|          0|
    |layer7_out_5_reg_1994                                                                     |   16|   0|   16|          0|
    |layer7_out_6_reg_1999                                                                     |   16|   0|   16|          0|
    |layer7_out_7_reg_2004                                                                     |   16|   0|   16|          0|
    |layer7_out_8_reg_2009                                                                     |   16|   0|   16|          0|
    |layer7_out_9_reg_2014                                                                     |   16|   0|   16|          0|
    |layer7_out_reg_1969                                                                       |   16|   0|   16|          0|
    |layer8_out_10_reg_2179                                                                    |   16|   0|   16|          0|
    |layer8_out_11_reg_2184                                                                    |   16|   0|   16|          0|
    |layer8_out_12_reg_2189                                                                    |   16|   0|   16|          0|
    |layer8_out_13_reg_2194                                                                    |   16|   0|   16|          0|
    |layer8_out_14_reg_2199                                                                    |   16|   0|   16|          0|
    |layer8_out_15_reg_2204                                                                    |   16|   0|   16|          0|
    |layer8_out_16_reg_2209                                                                    |   16|   0|   16|          0|
    |layer8_out_17_reg_2214                                                                    |   16|   0|   16|          0|
    |layer8_out_18_reg_2219                                                                    |   16|   0|   16|          0|
    |layer8_out_19_reg_2224                                                                    |   16|   0|   16|          0|
    |layer8_out_1_reg_2129                                                                     |   16|   0|   16|          0|
    |layer8_out_20_reg_2229                                                                    |   16|   0|   16|          0|
    |layer8_out_21_reg_2234                                                                    |   16|   0|   16|          0|
    |layer8_out_22_reg_2239                                                                    |   16|   0|   16|          0|
    |layer8_out_23_reg_2174                                                                    |   16|   0|   16|          0|
    |layer8_out_2_reg_2134                                                                     |   16|   0|   16|          0|
    |layer8_out_3_reg_2139                                                                     |   16|   0|   16|          0|
    |layer8_out_4_reg_2144                                                                     |   16|   0|   16|          0|
    |layer8_out_5_reg_2149                                                                     |   16|   0|   16|          0|
    |layer8_out_6_reg_2154                                                                     |   16|   0|   16|          0|
    |layer8_out_7_reg_2159                                                                     |   16|   0|   16|          0|
    |layer8_out_8_reg_2164                                                                     |   16|   0|   16|          0|
    |layer8_out_9_reg_2169                                                                     |   16|   0|   16|          0|
    |layer8_out_reg_2124                                                                       |   16|   0|   16|          0|
    +------------------------------------------------------------------------------------------+-----+----+-----+-----------+
    |Total                                                                                     | 3459|   0| 3459|          0|
    +------------------------------------------------------------------------------------------+-----+----+-----+-----------+



================================================================
== Interface
================================================================
* Summary: 
+----------------------+-----+-----+------------+---------------+--------------+
|       RTL Ports      | Dir | Bits|  Protocol  | Source Object |    C Type    |
+----------------------+-----+-----+------------+---------------+--------------+
|ap_clk                |   in|    1|  ap_ctrl_hs|      myproject|  return value|
|ap_rst                |   in|    1|  ap_ctrl_hs|      myproject|  return value|
|ap_start              |   in|    1|  ap_ctrl_hs|      myproject|  return value|
|ap_done               |  out|    1|  ap_ctrl_hs|      myproject|  return value|
|ap_idle               |  out|    1|  ap_ctrl_hs|      myproject|  return value|
|ap_ready              |  out|    1|  ap_ctrl_hs|      myproject|  return value|
|fc1_input_ap_vld      |   in|    1|      ap_vld|      fc1_input|       pointer|
|fc1_input             |   in|  256|      ap_vld|      fc1_input|       pointer|
|layer13_out_0         |  out|   16|      ap_vld|  layer13_out_0|       pointer|
|layer13_out_0_ap_vld  |  out|    1|      ap_vld|  layer13_out_0|       pointer|
|layer13_out_1         |  out|   16|      ap_vld|  layer13_out_1|       pointer|
|layer13_out_1_ap_vld  |  out|    1|      ap_vld|  layer13_out_1|       pointer|
|layer13_out_2         |  out|   16|      ap_vld|  layer13_out_2|       pointer|
|layer13_out_2_ap_vld  |  out|    1|      ap_vld|  layer13_out_2|       pointer|
|layer13_out_3         |  out|   16|      ap_vld|  layer13_out_3|       pointer|
|layer13_out_3_ap_vld  |  out|    1|      ap_vld|  layer13_out_3|       pointer|
|layer13_out_4         |  out|   16|      ap_vld|  layer13_out_4|       pointer|
|layer13_out_4_ap_vld  |  out|    1|      ap_vld|  layer13_out_4|       pointer|
+----------------------+-----+-----+------------+---------------+--------------+

