

================================================================
== Vitis HLS Report for 'dense_latency_ap_fixed_11_6_5_3_0_ap_fixed_9_7_5_3_0_config3_s'
================================================================
* Date:           Wed Feb 26 01:38:20 2025

* Version:        2024.1 (Build 5069499 on May 21 2024)
* Project:        myproject_prj
* Solution:       solution1 (Vivado IP Flow Target)
* Product family: virtexuplusHBM
* Target device:  xcu50-fsvh2104-2-e


================================================================
== Performance Estimates
================================================================
+ Timing: 
    * Summary: 
    +--------+---------+----------+------------+
    |  Clock |  Target | Estimated| Uncertainty|
    +--------+---------+----------+------------+
    |ap_clk  |  5.00 ns|  3.050 ns|     1.35 ns|
    +--------+---------+----------+------------+

+ Latency: 
    * Summary: 
    +---------+---------+----------+----------+-----+-----+---------+
    |  Latency (cycles) |  Latency (absolute) |  Interval | Pipeline|
    |   min   |   max   |    min   |    max   | min | max |   Type  |
    +---------+---------+----------+----------+-----+-----+---------+
    |        0|        0|      0 ns|      0 ns|    1|    1|      yes|
    +---------+---------+----------+----------+-----+-----+---------+

    + Detail: 
        * Instance: 
        N/A

        * Loop: 
        N/A

============================================================
+ Verbose Summary: Synthesis Manager
============================================================
InlineROM: 1
ExposeGlobal: 0
============================================================
+ Verbose Summary: CDFG Model
============================================================
IsTopModel: 0
ResetActiveHigh: 1
IsCombinational: 0
IsDatapathOnly: 0
HasWiredReturn: 1
HasMFsm: 2
HasVarLatency: 0
IsPipeline: 1
IsRtlPipelined: 0
IsInstanceOverlapped: 0
IsDontTouch: 0
HasImplIP: 0
IsGatedGlobalClock: 0

+ Individual pipeline summary: 
  * Pipeline-0: initiation interval (II) = 1, depth = 1


============================================================
+ Verbose Summary: Schedule
============================================================
* Number of FSM states : 1
* Pipeline : 1
  Pipeline-0 : II = 1, D = 1, States = { 1 }
* Dataflow Pipeline: 0

* FSM state transitions: 
1 --> 

* FSM state operations: 

State 1 <SV = 0> <Delay = 3.04>
ST_1 : Operation 2 [1/1] (0.00ns)   --->   "%data_15_val_read = read i9 @_ssdm_op_Read.ap_auto.i9, i9 %data_15_val" [firmware/nnet_utils/nnet_dense_latency.h:33]   --->   Operation 2 'read' 'data_15_val_read' <Predicate = true> <Delay = 0.00>
ST_1 : Operation 3 [1/1] (0.00ns)   --->   "%data_14_val_read = read i10 @_ssdm_op_Read.ap_auto.i10, i10 %data_14_val" [firmware/nnet_utils/nnet_dense_latency.h:33]   --->   Operation 3 'read' 'data_14_val_read' <Predicate = true> <Delay = 0.00>
ST_1 : Operation 4 [1/1] (0.00ns)   --->   "%data_12_val_read = read i8 @_ssdm_op_Read.ap_auto.i8, i8 %data_12_val" [firmware/nnet_utils/nnet_dense_latency.h:33]   --->   Operation 4 'read' 'data_12_val_read' <Predicate = true> <Delay = 0.00>
ST_1 : Operation 5 [1/1] (0.00ns)   --->   "%data_11_val_read = read i8 @_ssdm_op_Read.ap_auto.i8, i8 %data_11_val" [firmware/nnet_utils/nnet_dense_latency.h:33]   --->   Operation 5 'read' 'data_11_val_read' <Predicate = true> <Delay = 0.00>
ST_1 : Operation 6 [1/1] (0.00ns)   --->   "%data_8_val_read = read i9 @_ssdm_op_Read.ap_auto.i9, i9 %data_8_val" [firmware/nnet_utils/nnet_dense_latency.h:33]   --->   Operation 6 'read' 'data_8_val_read' <Predicate = true> <Delay = 0.00>
ST_1 : Operation 7 [1/1] (0.00ns)   --->   "%data_7_val_read = read i9 @_ssdm_op_Read.ap_auto.i9, i9 %data_7_val" [firmware/nnet_utils/nnet_dense_latency.h:33]   --->   Operation 7 'read' 'data_7_val_read' <Predicate = true> <Delay = 0.00>
ST_1 : Operation 8 [1/1] (0.00ns)   --->   "%data_6_val_read = read i9 @_ssdm_op_Read.ap_auto.i9, i9 %data_6_val" [firmware/nnet_utils/nnet_dense_latency.h:33]   --->   Operation 8 'read' 'data_6_val_read' <Predicate = true> <Delay = 0.00>
ST_1 : Operation 9 [1/1] (0.00ns)   --->   "%data_5_val_read = read i10 @_ssdm_op_Read.ap_auto.i10, i10 %data_5_val" [firmware/nnet_utils/nnet_dense_latency.h:33]   --->   Operation 9 'read' 'data_5_val_read' <Predicate = true> <Delay = 0.00>
ST_1 : Operation 10 [1/1] (0.00ns)   --->   "%data_4_val_read = read i9 @_ssdm_op_Read.ap_auto.i9, i9 %data_4_val" [firmware/nnet_utils/nnet_dense_latency.h:33]   --->   Operation 10 'read' 'data_4_val_read' <Predicate = true> <Delay = 0.00>
ST_1 : Operation 11 [1/1] (0.00ns)   --->   "%data_2_val_read = read i9 @_ssdm_op_Read.ap_auto.i9, i9 %data_2_val" [firmware/nnet_utils/nnet_dense_latency.h:33]   --->   Operation 11 'read' 'data_2_val_read' <Predicate = true> <Delay = 0.00>
ST_1 : Operation 12 [1/1] (0.00ns)   --->   "%data_1_val_read = read i9 @_ssdm_op_Read.ap_auto.i9, i9 %data_1_val" [firmware/nnet_utils/nnet_dense_latency.h:33]   --->   Operation 12 'read' 'data_1_val_read' <Predicate = true> <Delay = 0.00>
ST_1 : Operation 13 [1/1] (0.00ns)   --->   "%data_0_val_read = read i9 @_ssdm_op_Read.ap_auto.i9, i9 %data_0_val" [firmware/nnet_utils/nnet_dense_latency.h:33]   --->   Operation 13 'read' 'data_0_val_read' <Predicate = true> <Delay = 0.00>
ST_1 : Operation 14 [1/1] (0.00ns)   --->   "%sext_ln33 = sext i10 %data_5_val_read" [firmware/nnet_utils/nnet_dense_latency.h:33]   --->   Operation 14 'sext' 'sext_ln33' <Predicate = true> <Delay = 0.00>
ST_1 : Operation 15 [1/1] (0.00ns)   --->   "%sext_ln33_1 = sext i9 %data_4_val_read" [firmware/nnet_utils/nnet_dense_latency.h:33]   --->   Operation 15 'sext' 'sext_ln33_1' <Predicate = true> <Delay = 0.00>
ST_1 : Operation 16 [1/1] (0.00ns)   --->   "%sext_ln33_2 = sext i9 %data_2_val_read" [firmware/nnet_utils/nnet_dense_latency.h:33]   --->   Operation 16 'sext' 'sext_ln33_2' <Predicate = true> <Delay = 0.00>
ST_1 : Operation 17 [1/1] (0.00ns)   --->   "%sext_ln33_3 = sext i9 %data_1_val_read" [firmware/nnet_utils/nnet_dense_latency.h:33]   --->   Operation 17 'sext' 'sext_ln33_3' <Predicate = true> <Delay = 0.00>
ST_1 : Operation 18 [1/1] (0.00ns)   --->   "%sext_ln33_4 = sext i9 %data_0_val_read" [firmware/nnet_utils/nnet_dense_latency.h:33]   --->   Operation 18 'sext' 'sext_ln33_4' <Predicate = true> <Delay = 0.00>
ST_1 : Operation 19 [1/1] (0.00ns)   --->   "%specpipeline_ln33 = specpipeline void @_ssdm_op_SpecPipeline, i32 1, i32 0, i32 0, i32 0, void @empty_0" [firmware/nnet_utils/nnet_dense_latency.h:33]   --->   Operation 19 'specpipeline' 'specpipeline_ln33' <Predicate = true> <Delay = 0.00>
ST_1 : Operation 20 [1/1] (0.00ns)   --->   "%specresourcelimit_ln33 = specresourcelimit void @_ssdm_op_SpecResourceLimit, i64 36, void @empty_1, void @empty_0, void @empty_0, void @empty_0" [firmware/nnet_utils/nnet_dense_latency.h:33]   --->   Operation 20 'specresourcelimit' 'specresourcelimit_ln33' <Predicate = true> <Delay = 0.00>
ST_1 : Operation 21 [1/1] (0.00ns)   --->   "%mult = bitconcatenate i20 @_ssdm_op_BitConcatenate.i20.i9.i11, i9 %data_0_val_read, i11 0" [firmware/nnet_utils/nnet_dense_latency.h:42]   --->   Operation 21 'bitconcatenate' 'mult' <Predicate = true> <Delay = 0.00>
ST_1 : Operation 22 [1/1] (0.00ns)   --->   "%sext_ln17 = sext i20 %mult" [firmware/nnet_utils/nnet_dense_latency.h:17]   --->   Operation 22 'sext' 'sext_ln17' <Predicate = true> <Delay = 0.00>
ST_1 : Operation 23 [1/1] (0.00ns)   --->   "%tmp_26 = bitconcatenate i22 @_ssdm_op_BitConcatenate.i22.i9.i13, i9 %data_2_val_read, i13 0" [firmware/nnet_utils/nnet_dense_latency.h:42]   --->   Operation 23 'bitconcatenate' 'tmp_26' <Predicate = true> <Delay = 0.00>
ST_1 : Operation 24 [1/1] (0.00ns)   --->   "%sext_ln42_1 = sext i22 %tmp_26" [firmware/nnet_utils/nnet_dense_latency.h:42]   --->   Operation 24 'sext' 'sext_ln42_1' <Predicate = true> <Delay = 0.00>
ST_1 : Operation 25 [1/1] (0.00ns)   --->   "%mult_4 = bitconcatenate i23 @_ssdm_op_BitConcatenate.i23.i9.i14, i9 %data_2_val_read, i14 0" [firmware/nnet_utils/nnet_dense_latency.h:42]   --->   Operation 25 'bitconcatenate' 'mult_4' <Predicate = true> <Delay = 0.00>
ST_1 : Operation 26 [1/1] (0.00ns)   --->   "%sext_ln73 = sext i9 %data_4_val_read" [firmware/nnet_utils/nnet_mult.h:73->firmware/nnet_utils/nnet_dense_latency.h:42]   --->   Operation 26 'sext' 'sext_ln73' <Predicate = true> <Delay = 0.00>
ST_1 : Operation 27 [1/1] (0.00ns)   --->   "%mult_5 = bitconcatenate i22 @_ssdm_op_BitConcatenate.i22.i9.i13, i9 %data_4_val_read, i13 0" [firmware/nnet_utils/nnet_dense_latency.h:42]   --->   Operation 27 'bitconcatenate' 'mult_5' <Predicate = true> <Delay = 0.00>
ST_1 : Operation 28 [1/1] (0.00ns)   --->   "%sext_ln42_2 = sext i22 %mult_5" [firmware/nnet_utils/nnet_dense_latency.h:42]   --->   Operation 28 'sext' 'sext_ln42_2' <Predicate = true> <Delay = 0.00>
ST_1 : Operation 29 [1/1] (0.00ns)   --->   "%sext_ln42 = sext i9 %data_6_val_read" [firmware/nnet_utils/nnet_dense_latency.h:42]   --->   Operation 29 'sext' 'sext_ln42' <Predicate = true> <Delay = 0.00>
ST_1 : Operation 30 [1/1] (0.00ns)   --->   "%mult_6 = bitconcatenate i18 @_ssdm_op_BitConcatenate.i18.i9.i9, i9 %data_6_val_read, i9 0" [firmware/nnet_utils/nnet_dense_latency.h:42]   --->   Operation 30 'bitconcatenate' 'mult_6' <Predicate = true> <Delay = 0.00>
ST_1 : Operation 31 [1/1] (0.00ns)   --->   "%sext_ln17_1 = sext i18 %mult_6" [firmware/nnet_utils/nnet_dense_latency.h:17]   --->   Operation 31 'sext' 'sext_ln17_1' <Predicate = true> <Delay = 0.00>
ST_1 : Operation 32 [1/1] (0.00ns)   --->   "%mult_7 = bitconcatenate i20 @_ssdm_op_BitConcatenate.i20.i9.i11, i9 %data_7_val_read, i11 0" [firmware/nnet_utils/nnet_dense_latency.h:42]   --->   Operation 32 'bitconcatenate' 'mult_7' <Predicate = true> <Delay = 0.00>
ST_1 : Operation 33 [1/1] (0.00ns)   --->   "%sext_ln17_2 = sext i20 %mult_7" [firmware/nnet_utils/nnet_dense_latency.h:17]   --->   Operation 33 'sext' 'sext_ln17_2' <Predicate = true> <Delay = 0.00>
ST_1 : Operation 34 [1/1] (0.00ns)   --->   "%sext_ln73_1 = sext i8 %data_11_val_read" [firmware/nnet_utils/nnet_mult.h:73->firmware/nnet_utils/nnet_dense_latency.h:42]   --->   Operation 34 'sext' 'sext_ln73_1' <Predicate = true> <Delay = 0.00>
ST_1 : Operation 35 [1/1] (0.00ns)   --->   "%mult_8 = bitconcatenate i20 @_ssdm_op_BitConcatenate.i20.i8.i12, i8 %data_12_val_read, i12 0" [firmware/nnet_utils/nnet_dense_latency.h:42]   --->   Operation 35 'bitconcatenate' 'mult_8' <Predicate = true> <Delay = 0.00>
ST_1 : Operation 36 [1/1] (0.00ns)   --->   "%sext_ln42_3 = sext i20 %mult_8" [firmware/nnet_utils/nnet_dense_latency.h:42]   --->   Operation 36 'sext' 'sext_ln42_3' <Predicate = true> <Delay = 0.00>
ST_1 : Operation 37 [1/1] (0.00ns)   --->   "%mult_9 = bitconcatenate i23 @_ssdm_op_BitConcatenate.i23.i9.i14, i9 %data_15_val_read, i14 0" [firmware/nnet_utils/nnet_dense_latency.h:42]   --->   Operation 37 'bitconcatenate' 'mult_9' <Predicate = true> <Delay = 0.00>
ST_1 : Operation 38 [1/1] (0.00ns) (grouped into TernaryAdder)   --->   "%sub_ln58 = sub i23 %sext_ln17, i23 %mult_4" [firmware/nnet_utils/nnet_dense_latency.h:58]   --->   Operation 38 'sub' 'sub_ln58' <Predicate = true> <Delay = 0.00> <CoreInst = "TAddSub">   --->   Core 10 'TAddSub' <Latency = 0> <II = 1> <Delay = 0.34> <IPBlock> <Opcode : '' 'add' 'sub'> <InPorts = 3> <OutPorts = 1> <Sync> <CReg>
ST_1 : Operation 39 [1/1] (0.80ns)   --->   "%add_ln58 = add i21 %sext_ln42_3, i21 32768" [firmware/nnet_utils/nnet_dense_latency.h:58]   --->   Operation 39 'add' 'add_ln58' <Predicate = true> <Delay = 0.80> <CoreInst = "Adder">   --->   Core 1 'Adder' <Latency = 0> <II = 1> <Delay = 0.80> <FuncUnit> <Opcode : 'add' 'sub'> <InPorts = 2> <OutPorts = 1>
ST_1 : Operation 40 [1/1] (0.00ns)   --->   "%sext_ln58 = sext i21 %add_ln58" [firmware/nnet_utils/nnet_dense_latency.h:58]   --->   Operation 40 'sext' 'sext_ln58' <Predicate = true> <Delay = 0.00>
ST_1 : Operation 41 [1/1] (0.82ns)   --->   "%sub_ln58_1 = sub i23 %sext_ln58, i23 %sext_ln42_2" [firmware/nnet_utils/nnet_dense_latency.h:58]   --->   Operation 41 'sub' 'sub_ln58_1' <Predicate = true> <Delay = 0.82> <CoreInst = "Adder">   --->   Core 1 'Adder' <Latency = 0> <II = 1> <Delay = 0.82> <FuncUnit> <Opcode : 'add' 'sub'> <InPorts = 2> <OutPorts = 1>
ST_1 : Operation 42 [1/1] (0.69ns) (root node of TernaryAdder)   --->   "%add_ln58_11 = add i23 %sub_ln58_1, i23 %sub_ln58" [firmware/nnet_utils/nnet_dense_latency.h:58]   --->   Operation 42 'add' 'add_ln58_11' <Predicate = true> <Delay = 0.69> <CoreInst = "TAddSub">   --->   Core 10 'TAddSub' <Latency = 0> <II = 1> <Delay = 0.34> <IPBlock> <Opcode : '' 'add' 'sub'> <InPorts = 3> <OutPorts = 1> <Sync> <CReg>
ST_1 : Operation 43 [1/1] (0.71ns)   --->   "%tmp36 = add i10 %sext_ln73, i10 %sext_ln73_1" [firmware/nnet_utils/nnet_mult.h:73->firmware/nnet_utils/nnet_dense_latency.h:42]   --->   Operation 43 'add' 'tmp36' <Predicate = true> <Delay = 0.71> <CoreInst = "Adder">   --->   Core 1 'Adder' <Latency = 0> <II = 1> <Delay = 0.71> <FuncUnit> <Opcode : 'add' 'sub'> <InPorts = 2> <OutPorts = 1>
ST_1 : Operation 44 [1/1] (0.00ns)   --->   "%tmp36_cast = sext i10 %tmp36" [firmware/nnet_utils/nnet_mult.h:73->firmware/nnet_utils/nnet_dense_latency.h:42]   --->   Operation 44 'sext' 'tmp36_cast' <Predicate = true> <Delay = 0.00>
ST_1 : Operation 45 [1/1] (0.72ns)   --->   "%tmp5 = add i11 %tmp36_cast, i11 %sext_ln42" [firmware/nnet_utils/nnet_mult.h:73->firmware/nnet_utils/nnet_dense_latency.h:42]   --->   Operation 45 'add' 'tmp5' <Predicate = true> <Delay = 0.72> <CoreInst = "Adder">   --->   Core 1 'Adder' <Latency = 0> <II = 1> <Delay = 0.72> <FuncUnit> <Opcode : 'add' 'sub'> <InPorts = 2> <OutPorts = 1>
ST_1 : Operation 46 [1/1] (0.00ns)   --->   "%tmp = bitconcatenate i22 @_ssdm_op_BitConcatenate.i22.i11.i11, i11 %tmp5, i11 0" [firmware/nnet_utils/nnet_mult.h:73->firmware/nnet_utils/nnet_dense_latency.h:42]   --->   Operation 46 'bitconcatenate' 'tmp' <Predicate = true> <Delay = 0.00>
ST_1 : Operation 47 [1/1] (0.00ns)   --->   "%p_shl = sext i22 %tmp" [firmware/nnet_utils/nnet_mult.h:73->firmware/nnet_utils/nnet_dense_latency.h:42]   --->   Operation 47 'sext' 'p_shl' <Predicate = true> <Delay = 0.00>
ST_1 : Operation 48 [1/1] (0.71ns)   --->   "%tmp772 = add i10 %sext_ln33_3, i10 %sext_ln33_4" [firmware/nnet_utils/nnet_dense_latency.h:33]   --->   Operation 48 'add' 'tmp772' <Predicate = true> <Delay = 0.71> <CoreInst = "Adder">   --->   Core 1 'Adder' <Latency = 0> <II = 1> <Delay = 0.71> <FuncUnit> <Opcode : 'add' 'sub'> <InPorts = 2> <OutPorts = 1>
ST_1 : Operation 49 [1/1] (0.00ns)   --->   "%tmp_s = bitconcatenate i22 @_ssdm_op_BitConcatenate.i22.i10.i12, i10 %tmp772, i12 0" [firmware/nnet_utils/nnet_dense_latency.h:33]   --->   Operation 49 'bitconcatenate' 'tmp_s' <Predicate = true> <Delay = 0.00>
ST_1 : Operation 50 [1/1] (0.00ns)   --->   "%tmp8 = sext i22 %tmp_s" [firmware/nnet_utils/nnet_dense_latency.h:33]   --->   Operation 50 'sext' 'tmp8' <Predicate = true> <Delay = 0.00>
ST_1 : Operation 51 [1/1] (0.82ns)   --->   "%add_ln58_12 = add i23 %tmp8, i23 %sext_ln17_2" [firmware/nnet_utils/nnet_dense_latency.h:58]   --->   Operation 51 'add' 'add_ln58_12' <Predicate = true> <Delay = 0.82> <CoreInst = "Adder">   --->   Core 1 'Adder' <Latency = 0> <II = 1> <Delay = 0.82> <FuncUnit> <Opcode : 'add' 'sub'> <InPorts = 2> <OutPorts = 1>
ST_1 : Operation 52 [1/1] (0.00ns) (grouped into TernaryAdder)   --->   "%sub_ln58_2 = sub i23 %add_ln58_12, i23 %sext_ln42_1" [firmware/nnet_utils/nnet_dense_latency.h:58]   --->   Operation 52 'sub' 'sub_ln58_2' <Predicate = true> <Delay = 0.00> <CoreInst = "TAddSub">   --->   Core 10 'TAddSub' <Latency = 0> <II = 1> <Delay = 0.34> <IPBlock> <Opcode : '' 'add' 'sub'> <InPorts = 3> <OutPorts = 1> <Sync> <CReg>
ST_1 : Operation 53 [1/1] (0.00ns) (grouped into TernaryAdder)   --->   "%add_ln58_13 = add i23 %mult_9, i23 147456" [firmware/nnet_utils/nnet_dense_latency.h:58]   --->   Operation 53 'add' 'add_ln58_13' <Predicate = true> <Delay = 0.00> <CoreInst = "TAddSub">   --->   Core 10 'TAddSub' <Latency = 0> <II = 1> <Delay = 0.34> <IPBlock> <Opcode : '' 'add' 'sub'> <InPorts = 3> <OutPorts = 1> <Sync> <CReg>
ST_1 : Operation 54 [1/1] (0.69ns) (root node of TernaryAdder)   --->   "%sub_ln58_3 = sub i23 %add_ln58_13, i23 %p_shl" [firmware/nnet_utils/nnet_dense_latency.h:58]   --->   Operation 54 'sub' 'sub_ln58_3' <Predicate = true> <Delay = 0.69> <CoreInst = "TAddSub">   --->   Core 10 'TAddSub' <Latency = 0> <II = 1> <Delay = 0.34> <IPBlock> <Opcode : '' 'add' 'sub'> <InPorts = 3> <OutPorts = 1> <Sync> <CReg>
ST_1 : Operation 55 [1/1] (0.69ns) (root node of TernaryAdder)   --->   "%add_ln58_14 = add i23 %sub_ln58_3, i23 %sub_ln58_2" [firmware/nnet_utils/nnet_dense_latency.h:58]   --->   Operation 55 'add' 'add_ln58_14' <Predicate = true> <Delay = 0.69> <CoreInst = "TAddSub">   --->   Core 10 'TAddSub' <Latency = 0> <II = 1> <Delay = 0.34> <IPBlock> <Opcode : '' 'add' 'sub'> <InPorts = 3> <OutPorts = 1> <Sync> <CReg>
ST_1 : Operation 56 [1/1] (0.00ns)   --->   "%data_12_val_cast10 = sext i8 %data_12_val_read" [firmware/nnet_utils/nnet_dense_latency.h:33]   --->   Operation 56 'sext' 'data_12_val_cast10' <Predicate = true> <Delay = 0.00>
ST_1 : Operation 57 [1/1] (0.00ns)   --->   "%data_11_val_cast11 = sext i8 %data_11_val_read" [firmware/nnet_utils/nnet_dense_latency.h:33]   --->   Operation 57 'sext' 'data_11_val_cast11' <Predicate = true> <Delay = 0.00>
ST_1 : Operation 58 [1/1] (0.00ns)   --->   "%data_15_val_cast22 = sext i9 %data_15_val_read" [firmware/nnet_utils/nnet_dense_latency.h:33]   --->   Operation 58 'sext' 'data_15_val_cast22' <Predicate = true> <Delay = 0.00>
ST_1 : Operation 59 [1/1] (0.70ns)   --->   "%empty = add i9 %data_12_val_cast10, i9 %data_11_val_cast11" [firmware/nnet_utils/nnet_dense_latency.h:33]   --->   Operation 59 'add' 'empty' <Predicate = true> <Delay = 0.70> <CoreInst = "Adder">   --->   Core 1 'Adder' <Latency = 0> <II = 1> <Delay = 0.70> <FuncUnit> <Opcode : 'add' 'sub'> <InPorts = 2> <OutPorts = 1>
ST_1 : Operation 60 [1/1] (0.00ns)   --->   "%p_cast = sext i9 %empty" [firmware/nnet_utils/nnet_dense_latency.h:33]   --->   Operation 60 'sext' 'p_cast' <Predicate = true> <Delay = 0.00>
ST_1 : Operation 61 [1/1] (0.71ns)   --->   "%tmp1170 = sub i10 %data_15_val_cast22, i10 %p_cast" [firmware/nnet_utils/nnet_dense_latency.h:33]   --->   Operation 61 'sub' 'tmp1170' <Predicate = true> <Delay = 0.71> <CoreInst = "Adder">   --->   Core 1 'Adder' <Latency = 0> <II = 1> <Delay = 0.71> <FuncUnit> <Opcode : 'add' 'sub'> <InPorts = 2> <OutPorts = 1>
ST_1 : Operation 62 [1/1] (0.00ns)   --->   "%tmp12 = bitconcatenate i23 @_ssdm_op_BitConcatenate.i23.i10.i13, i10 %tmp1170, i13 0" [firmware/nnet_utils/nnet_dense_latency.h:33]   --->   Operation 62 'bitconcatenate' 'tmp12' <Predicate = true> <Delay = 0.00>
ST_1 : Operation 63 [1/1] (0.00ns) (grouped into TernaryAdder)   --->   "%tmp41 = add i11 %sext_ln33_2, i11 %sext_ln33" [firmware/nnet_utils/nnet_dense_latency.h:33]   --->   Operation 63 'add' 'tmp41' <Predicate = true> <Delay = 0.00> <CoreInst = "TAddSub">   --->   Core 10 'TAddSub' <Latency = 0> <II = 1> <Delay = 0.34> <IPBlock> <Opcode : '' 'add' 'sub'> <InPorts = 3> <OutPorts = 1> <Sync> <CReg>
ST_1 : Operation 64 [1/1] (0.77ns) (root node of TernaryAdder)   --->   "%tmp1468 = add i11 %tmp41, i11 %sext_ln33_1" [firmware/nnet_utils/nnet_dense_latency.h:33]   --->   Operation 64 'add' 'tmp1468' <Predicate = true> <Delay = 0.77> <CoreInst = "TAddSub">   --->   Core 10 'TAddSub' <Latency = 0> <II = 1> <Delay = 0.34> <IPBlock> <Opcode : '' 'add' 'sub'> <InPorts = 3> <OutPorts = 1> <Sync> <CReg>
ST_1 : Operation 65 [1/1] (0.00ns)   --->   "%tmp15 = bitconcatenate i23 @_ssdm_op_BitConcatenate.i23.i11.i12, i11 %tmp1468, i12 0" [firmware/nnet_utils/nnet_dense_latency.h:33]   --->   Operation 65 'bitconcatenate' 'tmp15' <Predicate = true> <Delay = 0.00>
ST_1 : Operation 66 [1/1] (0.00ns) (grouped into TernaryAdder)   --->   "%add_ln58_15 = add i23 %tmp15, i23 %sext_ln17_2" [firmware/nnet_utils/nnet_dense_latency.h:58]   --->   Operation 66 'add' 'add_ln58_15' <Predicate = true> <Delay = 0.00> <CoreInst = "TAddSub">   --->   Core 10 'TAddSub' <Latency = 0> <II = 1> <Delay = 0.34> <IPBlock> <Opcode : '' 'add' 'sub'> <InPorts = 3> <OutPorts = 1> <Sync> <CReg>
ST_1 : Operation 67 [1/1] (0.82ns)   --->   "%add_ln58_16 = add i23 %tmp12, i23 8224768" [firmware/nnet_utils/nnet_dense_latency.h:58]   --->   Operation 67 'add' 'add_ln58_16' <Predicate = true> <Delay = 0.82> <CoreInst = "Adder">   --->   Core 1 'Adder' <Latency = 0> <II = 1> <Delay = 0.82> <FuncUnit> <Opcode : 'add' 'sub'> <InPorts = 2> <OutPorts = 1>
ST_1 : Operation 68 [1/1] (0.69ns) (root node of TernaryAdder)   --->   "%add_ln58_17 = add i23 %add_ln58_16, i23 %add_ln58_15" [firmware/nnet_utils/nnet_dense_latency.h:58]   --->   Operation 68 'add' 'add_ln58_17' <Predicate = true> <Delay = 0.69> <CoreInst = "TAddSub">   --->   Core 10 'TAddSub' <Latency = 0> <II = 1> <Delay = 0.34> <IPBlock> <Opcode : '' 'add' 'sub'> <InPorts = 3> <OutPorts = 1> <Sync> <CReg>
ST_1 : Operation 69 [1/1] (0.00ns)   --->   "%data_8_val_cast13 = sext i9 %data_8_val_read" [firmware/nnet_utils/nnet_dense_latency.h:33]   --->   Operation 69 'sext' 'data_8_val_cast13' <Predicate = true> <Delay = 0.00>
ST_1 : Operation 70 [1/1] (0.71ns)   --->   "%tmp1666 = add i10 %data_15_val_cast22, i10 %data_8_val_cast13" [firmware/nnet_utils/nnet_dense_latency.h:33]   --->   Operation 70 'add' 'tmp1666' <Predicate = true> <Delay = 0.71> <CoreInst = "Adder">   --->   Core 1 'Adder' <Latency = 0> <II = 1> <Delay = 0.71> <FuncUnit> <Opcode : 'add' 'sub'> <InPorts = 2> <OutPorts = 1>
ST_1 : Operation 71 [1/1] (0.00ns)   --->   "%tmp_17 = bitconcatenate i21 @_ssdm_op_BitConcatenate.i21.i10.i11, i10 %tmp1666, i11 0" [firmware/nnet_utils/nnet_dense_latency.h:33]   --->   Operation 71 'bitconcatenate' 'tmp_17' <Predicate = true> <Delay = 0.00>
ST_1 : Operation 72 [1/1] (0.00ns)   --->   "%tmp_20_cast = sext i21 %tmp_17" [firmware/nnet_utils/nnet_dense_latency.h:33]   --->   Operation 72 'sext' 'tmp_20_cast' <Predicate = true> <Delay = 0.00>
ST_1 : Operation 73 [1/1] (0.00ns)   --->   "%data_7_val_cast15 = sext i9 %data_7_val_read" [firmware/nnet_utils/nnet_dense_latency.h:33]   --->   Operation 73 'sext' 'data_7_val_cast15' <Predicate = true> <Delay = 0.00>
ST_1 : Operation 74 [1/1] (0.71ns)   --->   "%tmp1964 = sub i10 %sext_ln33_4, i10 %data_7_val_cast15" [firmware/nnet_utils/nnet_dense_latency.h:33]   --->   Operation 74 'sub' 'tmp1964' <Predicate = true> <Delay = 0.71> <CoreInst = "Adder">   --->   Core 1 'Adder' <Latency = 0> <II = 1> <Delay = 0.71> <FuncUnit> <Opcode : 'add' 'sub'> <InPorts = 2> <OutPorts = 1>
ST_1 : Operation 75 [1/1] (0.00ns)   --->   "%tmp_18 = bitconcatenate i20 @_ssdm_op_BitConcatenate.i20.i10.i10, i10 %tmp1964, i10 0" [firmware/nnet_utils/nnet_dense_latency.h:33]   --->   Operation 75 'bitconcatenate' 'tmp_18' <Predicate = true> <Delay = 0.00>
ST_1 : Operation 76 [1/1] (0.00ns)   --->   "%sext_ln58_4 = sext i20 %tmp_18" [firmware/nnet_utils/nnet_dense_latency.h:58]   --->   Operation 76 'sext' 'sext_ln58_4' <Predicate = true> <Delay = 0.00>
ST_1 : Operation 77 [1/1] (0.82ns)   --->   "%add_ln58_18 = add i23 %sext_ln42_2, i23 %sext_ln17_1" [firmware/nnet_utils/nnet_dense_latency.h:58]   --->   Operation 77 'add' 'add_ln58_18' <Predicate = true> <Delay = 0.82> <CoreInst = "Adder">   --->   Core 1 'Adder' <Latency = 0> <II = 1> <Delay = 0.82> <FuncUnit> <Opcode : 'add' 'sub'> <InPorts = 2> <OutPorts = 1>
ST_1 : Operation 78 [1/1] (0.00ns) (grouped into TernaryAdder)   --->   "%add_ln58_19 = add i23 %add_ln58_18, i23 %mult_4" [firmware/nnet_utils/nnet_dense_latency.h:58]   --->   Operation 78 'add' 'add_ln58_19' <Predicate = true> <Delay = 0.00> <CoreInst = "TAddSub">   --->   Core 10 'TAddSub' <Latency = 0> <II = 1> <Delay = 0.34> <IPBlock> <Opcode : '' 'add' 'sub'> <InPorts = 3> <OutPorts = 1> <Sync> <CReg>
ST_1 : Operation 79 [1/1] (0.80ns)   --->   "%sub_ln58_4 = sub i21 %sext_ln58_4, i21 %sext_ln42_3" [firmware/nnet_utils/nnet_dense_latency.h:58]   --->   Operation 79 'sub' 'sub_ln58_4' <Predicate = true> <Delay = 0.80> <CoreInst = "Adder">   --->   Core 1 'Adder' <Latency = 0> <II = 1> <Delay = 0.80> <FuncUnit> <Opcode : 'add' 'sub'> <InPorts = 2> <OutPorts = 1>
ST_1 : Operation 80 [1/1] (0.00ns)   --->   "%sext_ln58_5 = sext i21 %sub_ln58_4" [firmware/nnet_utils/nnet_dense_latency.h:58]   --->   Operation 80 'sext' 'sext_ln58_5' <Predicate = true> <Delay = 0.00>
ST_1 : Operation 81 [1/1] (0.81ns)   --->   "%add_ln58_20 = add i22 %tmp_20_cast, i22 24576" [firmware/nnet_utils/nnet_dense_latency.h:58]   --->   Operation 81 'add' 'add_ln58_20' <Predicate = true> <Delay = 0.81> <CoreInst = "Adder">   --->   Core 1 'Adder' <Latency = 0> <II = 1> <Delay = 0.81> <FuncUnit> <Opcode : 'add' 'sub'> <InPorts = 2> <OutPorts = 1>
ST_1 : Operation 82 [1/1] (0.00ns)   --->   "%sext_ln58_6 = sext i22 %add_ln58_20" [firmware/nnet_utils/nnet_dense_latency.h:58]   --->   Operation 82 'sext' 'sext_ln58_6' <Predicate = true> <Delay = 0.00>
ST_1 : Operation 83 [1/1] (0.82ns)   --->   "%add_ln58_21 = add i23 %sext_ln58_6, i23 %sext_ln58_5" [firmware/nnet_utils/nnet_dense_latency.h:58]   --->   Operation 83 'add' 'add_ln58_21' <Predicate = true> <Delay = 0.82> <CoreInst = "Adder">   --->   Core 1 'Adder' <Latency = 0> <II = 1> <Delay = 0.82> <FuncUnit> <Opcode : 'add' 'sub'> <InPorts = 2> <OutPorts = 1>
ST_1 : Operation 84 [1/1] (0.69ns) (root node of TernaryAdder)   --->   "%add_ln58_22 = add i23 %add_ln58_21, i23 %add_ln58_19" [firmware/nnet_utils/nnet_dense_latency.h:58]   --->   Operation 84 'add' 'add_ln58_22' <Predicate = true> <Delay = 0.69> <CoreInst = "TAddSub">   --->   Core 10 'TAddSub' <Latency = 0> <II = 1> <Delay = 0.34> <IPBlock> <Opcode : '' 'add' 'sub'> <InPorts = 3> <OutPorts = 1> <Sync> <CReg>
ST_1 : Operation 85 [1/1] (0.00ns)   --->   "%trunc_ln = partselect i9 @_ssdm_op_PartSelect.i9.i23.i32.i32, i23 %add_ln58_14, i32 14, i32 22" [firmware/nnet_utils/nnet_mult.h:111->firmware/nnet_utils/nnet_dense_latency.h:66]   --->   Operation 85 'partselect' 'trunc_ln' <Predicate = true> <Delay = 0.00>
ST_1 : Operation 86 [1/1] (0.00ns)   --->   "%trunc_ln111_6 = partselect i9 @_ssdm_op_PartSelect.i9.i23.i32.i32, i23 %add_ln58_17, i32 14, i32 22" [firmware/nnet_utils/nnet_mult.h:111->firmware/nnet_utils/nnet_dense_latency.h:66]   --->   Operation 86 'partselect' 'trunc_ln111_6' <Predicate = true> <Delay = 0.00>
ST_1 : Operation 87 [1/1] (0.00ns)   --->   "%trunc_ln111_7 = partselect i9 @_ssdm_op_PartSelect.i9.i23.i32.i32, i23 %add_ln58_22, i32 14, i32 22" [firmware/nnet_utils/nnet_mult.h:111->firmware/nnet_utils/nnet_dense_latency.h:66]   --->   Operation 87 'partselect' 'trunc_ln111_7' <Predicate = true> <Delay = 0.00>
ST_1 : Operation 88 [1/1] (0.00ns)   --->   "%trunc_ln111_8 = partselect i9 @_ssdm_op_PartSelect.i9.i23.i32.i32, i23 %add_ln58_11, i32 14, i32 22" [firmware/nnet_utils/nnet_mult.h:111->firmware/nnet_utils/nnet_dense_latency.h:66]   --->   Operation 88 'partselect' 'trunc_ln111_8' <Predicate = true> <Delay = 0.00>
ST_1 : Operation 89 [1/1] (0.00ns)   --->   "%newret = insertvalue i36 <undef>, i9 %trunc_ln" [firmware/nnet_utils/nnet_mult.h:111->firmware/nnet_utils/nnet_dense_latency.h:66]   --->   Operation 89 'insertvalue' 'newret' <Predicate = true> <Delay = 0.00>
ST_1 : Operation 90 [1/1] (0.00ns)   --->   "%newret2 = insertvalue i36 %newret, i9 %trunc_ln111_6" [firmware/nnet_utils/nnet_mult.h:111->firmware/nnet_utils/nnet_dense_latency.h:66]   --->   Operation 90 'insertvalue' 'newret2' <Predicate = true> <Delay = 0.00>
ST_1 : Operation 91 [1/1] (0.00ns)   --->   "%newret4 = insertvalue i36 %newret2, i9 %trunc_ln111_7" [firmware/nnet_utils/nnet_mult.h:111->firmware/nnet_utils/nnet_dense_latency.h:66]   --->   Operation 91 'insertvalue' 'newret4' <Predicate = true> <Delay = 0.00>
ST_1 : Operation 92 [1/1] (0.00ns)   --->   "%newret6 = insertvalue i36 %newret4, i9 %trunc_ln111_8" [firmware/nnet_utils/nnet_mult.h:111->firmware/nnet_utils/nnet_dense_latency.h:66]   --->   Operation 92 'insertvalue' 'newret6' <Predicate = true> <Delay = 0.00>
ST_1 : Operation 93 [1/1] (0.00ns)   --->   "%ret_ln111 = ret i36 %newret6" [firmware/nnet_utils/nnet_mult.h:111->firmware/nnet_utils/nnet_dense_latency.h:66]   --->   Operation 93 'ret' 'ret_ln111' <Predicate = true> <Delay = 0.00>


============================================================
+ Verbose Summary: Binding
============================================================
STG Binding: 
---------------- STG Properties BEGIN ----------------
- Is combinational: 1
- Is one-state seq: 0
- Is datapath-only: 0
- Is pipelined: 1
- Is top level: 0
Port [ Return ] is wired: 1; IO mode=ap_ctrl_hs:ce=0
Port [ data_0_val]:  wired=1; compound=0; hidden=0; nouse=0; global=0; static=0; extern=0; dir=0; type=0; pingpong=0; private_global=0; IO mode=ap_none:ce=0
Port [ data_1_val]:  wired=1; compound=0; hidden=0; nouse=0; global=0; static=0; extern=0; dir=0; type=0; pingpong=0; private_global=0; IO mode=ap_none:ce=0
Port [ data_2_val]:  wired=1; compound=0; hidden=0; nouse=0; global=0; static=0; extern=0; dir=0; type=0; pingpong=0; private_global=0; IO mode=ap_none:ce=0
Port [ data_4_val]:  wired=1; compound=0; hidden=0; nouse=0; global=0; static=0; extern=0; dir=0; type=0; pingpong=0; private_global=0; IO mode=ap_none:ce=0
Port [ data_5_val]:  wired=1; compound=0; hidden=0; nouse=0; global=0; static=0; extern=0; dir=0; type=0; pingpong=0; private_global=0; IO mode=ap_none:ce=0
Port [ data_6_val]:  wired=1; compound=0; hidden=0; nouse=0; global=0; static=0; extern=0; dir=0; type=0; pingpong=0; private_global=0; IO mode=ap_none:ce=0
Port [ data_7_val]:  wired=1; compound=0; hidden=0; nouse=0; global=0; static=0; extern=0; dir=0; type=0; pingpong=0; private_global=0; IO mode=ap_none:ce=0
Port [ data_8_val]:  wired=1; compound=0; hidden=0; nouse=0; global=0; static=0; extern=0; dir=0; type=0; pingpong=0; private_global=0; IO mode=ap_none:ce=0
Port [ data_11_val]:  wired=1; compound=0; hidden=0; nouse=0; global=0; static=0; extern=0; dir=0; type=0; pingpong=0; private_global=0; IO mode=ap_none:ce=0
Port [ data_12_val]:  wired=1; compound=0; hidden=0; nouse=0; global=0; static=0; extern=0; dir=0; type=0; pingpong=0; private_global=0; IO mode=ap_none:ce=0
Port [ data_14_val]:  wired=1; compound=0; hidden=0; nouse=0; global=0; static=0; extern=0; dir=0; type=0; pingpong=0; private_global=0; IO mode=ap_none:ce=0
Port [ data_15_val]:  wired=1; compound=0; hidden=0; nouse=0; global=0; static=0; extern=0; dir=0; type=0; pingpong=0; private_global=0; IO mode=ap_none:ce=0
---------------- STG Properties END ------------------

---------------- Datapath Model BEGIN ----------------

<LifeTime>
<method=bitvector/>
data_15_val_read       (read             ) [ 00]
data_14_val_read       (read             ) [ 00]
data_12_val_read       (read             ) [ 00]
data_11_val_read       (read             ) [ 00]
data_8_val_read        (read             ) [ 00]
data_7_val_read        (read             ) [ 00]
data_6_val_read        (read             ) [ 00]
data_5_val_read        (read             ) [ 00]
data_4_val_read        (read             ) [ 00]
data_2_val_read        (read             ) [ 00]
data_1_val_read        (read             ) [ 00]
data_0_val_read        (read             ) [ 00]
sext_ln33              (sext             ) [ 00]
sext_ln33_1            (sext             ) [ 00]
sext_ln33_2            (sext             ) [ 00]
sext_ln33_3            (sext             ) [ 00]
sext_ln33_4            (sext             ) [ 00]
specpipeline_ln33      (specpipeline     ) [ 00]
specresourcelimit_ln33 (specresourcelimit) [ 00]
mult                   (bitconcatenate   ) [ 00]
sext_ln17              (sext             ) [ 00]
tmp_26                 (bitconcatenate   ) [ 00]
sext_ln42_1            (sext             ) [ 00]
mult_4                 (bitconcatenate   ) [ 00]
sext_ln73              (sext             ) [ 00]
mult_5                 (bitconcatenate   ) [ 00]
sext_ln42_2            (sext             ) [ 00]
sext_ln42              (sext             ) [ 00]
mult_6                 (bitconcatenate   ) [ 00]
sext_ln17_1            (sext             ) [ 00]
mult_7                 (bitconcatenate   ) [ 00]
sext_ln17_2            (sext             ) [ 00]
sext_ln73_1            (sext             ) [ 00]
mult_8                 (bitconcatenate   ) [ 00]
sext_ln42_3            (sext             ) [ 00]
mult_9                 (bitconcatenate   ) [ 00]
sub_ln58               (sub              ) [ 00]
add_ln58               (add              ) [ 00]
sext_ln58              (sext             ) [ 00]
sub_ln58_1             (sub              ) [ 00]
add_ln58_11            (add              ) [ 00]
tmp36                  (add              ) [ 00]
tmp36_cast             (sext             ) [ 00]
tmp5                   (add              ) [ 00]
tmp                    (bitconcatenate   ) [ 00]
p_shl                  (sext             ) [ 00]
tmp772                 (add              ) [ 00]
tmp_s                  (bitconcatenate   ) [ 00]
tmp8                   (sext             ) [ 00]
add_ln58_12            (add              ) [ 00]
sub_ln58_2             (sub              ) [ 00]
add_ln58_13            (add              ) [ 00]
sub_ln58_3             (sub              ) [ 00]
add_ln58_14            (add              ) [ 00]
data_12_val_cast10     (sext             ) [ 00]
data_11_val_cast11     (sext             ) [ 00]
data_15_val_cast22     (sext             ) [ 00]
empty                  (add              ) [ 00]
p_cast                 (sext             ) [ 00]
tmp1170                (sub              ) [ 00]
tmp12                  (bitconcatenate   ) [ 00]
tmp41                  (add              ) [ 00]
tmp1468                (add              ) [ 00]
tmp15                  (bitconcatenate   ) [ 00]
add_ln58_15            (add              ) [ 00]
add_ln58_16            (add              ) [ 00]
add_ln58_17            (add              ) [ 00]
data_8_val_cast13      (sext             ) [ 00]
tmp1666                (add              ) [ 00]
tmp_17                 (bitconcatenate   ) [ 00]
tmp_20_cast            (sext             ) [ 00]
data_7_val_cast15      (sext             ) [ 00]
tmp1964                (sub              ) [ 00]
tmp_18                 (bitconcatenate   ) [ 00]
sext_ln58_4            (sext             ) [ 00]
add_ln58_18            (add              ) [ 00]
add_ln58_19            (add              ) [ 00]
sub_ln58_4             (sub              ) [ 00]
sext_ln58_5            (sext             ) [ 00]
add_ln58_20            (add              ) [ 00]
sext_ln58_6            (sext             ) [ 00]
add_ln58_21            (add              ) [ 00]
add_ln58_22            (add              ) [ 00]
trunc_ln               (partselect       ) [ 00]
trunc_ln111_6          (partselect       ) [ 00]
trunc_ln111_7          (partselect       ) [ 00]
trunc_ln111_8          (partselect       ) [ 00]
newret                 (insertvalue      ) [ 00]
newret2                (insertvalue      ) [ 00]
newret4                (insertvalue      ) [ 00]
newret6                (insertvalue      ) [ 00]
ret_ln111              (ret              ) [ 00]
</LifeTime>

<model>

<comp_list>
<comp id="0" class="1000" name="data_0_val">
<pin_list>
<pin id="1" dir="1" index="0" bw="1" slack="0"/>
</pin_list>
<bind>
<StgValue><ssdm name="data_0_val"/></StgValue>
</bind>
</comp>

<comp id="2" class="1000" name="data_1_val">
<pin_list>
<pin id="3" dir="1" index="0" bw="1" slack="0"/>
</pin_list>
<bind>
<StgValue><ssdm name="data_1_val"/></StgValue>
</bind>
</comp>

<comp id="4" class="1000" name="data_2_val">
<pin_list>
<pin id="5" dir="1" index="0" bw="1" slack="0"/>
</pin_list>
<bind>
<StgValue><ssdm name="data_2_val"/></StgValue>
</bind>
</comp>

<comp id="6" class="1000" name="data_4_val">
<pin_list>
<pin id="7" dir="1" index="0" bw="1" slack="0"/>
</pin_list>
<bind>
<StgValue><ssdm name="data_4_val"/></StgValue>
</bind>
</comp>

<comp id="8" class="1000" name="data_5_val">
<pin_list>
<pin id="9" dir="1" index="0" bw="1" slack="0"/>
</pin_list>
<bind>
<StgValue><ssdm name="data_5_val"/></StgValue>
</bind>
</comp>

<comp id="10" class="1000" name="data_6_val">
<pin_list>
<pin id="11" dir="1" index="0" bw="1" slack="0"/>
</pin_list>
<bind>
<StgValue><ssdm name="data_6_val"/></StgValue>
</bind>
</comp>

<comp id="12" class="1000" name="data_7_val">
<pin_list>
<pin id="13" dir="1" index="0" bw="1" slack="0"/>
</pin_list>
<bind>
<StgValue><ssdm name="data_7_val"/></StgValue>
</bind>
</comp>

<comp id="14" class="1000" name="data_8_val">
<pin_list>
<pin id="15" dir="1" index="0" bw="1" slack="0"/>
</pin_list>
<bind>
<StgValue><ssdm name="data_8_val"/></StgValue>
</bind>
</comp>

<comp id="16" class="1000" name="data_11_val">
<pin_list>
<pin id="17" dir="1" index="0" bw="1" slack="0"/>
</pin_list>
<bind>
<StgValue><ssdm name="data_11_val"/></StgValue>
</bind>
</comp>

<comp id="18" class="1000" name="data_12_val">
<pin_list>
<pin id="19" dir="1" index="0" bw="1" slack="0"/>
</pin_list>
<bind>
<StgValue><ssdm name="data_12_val"/></StgValue>
</bind>
</comp>

<comp id="20" class="1000" name="data_14_val">
<pin_list>
<pin id="21" dir="1" index="0" bw="1" slack="0"/>
</pin_list>
<bind>
<StgValue><ssdm name="data_14_val"/></StgValue>
</bind>
</comp>

<comp id="22" class="1000" name="data_15_val">
<pin_list>
<pin id="23" dir="1" index="0" bw="1" slack="0"/>
</pin_list>
<bind>
<StgValue><ssdm name="data_15_val"/></StgValue>
</bind>
</comp>

<comp id="24" class="1001" name="const_24">
<pin_list>
<pin id="25" dir="1" index="0" bw="1" slack="0"/>
</pin_list>
<bind>
<StgValue><ssdm name="_ssdm_op_Read.ap_auto.i9"/></StgValue>
</bind>
</comp>

<comp id="26" class="1001" name="const_26">
<pin_list>
<pin id="27" dir="1" index="0" bw="1" slack="0"/>
</pin_list>
<bind>
<StgValue><ssdm name="_ssdm_op_Read.ap_auto.i10"/></StgValue>
</bind>
</comp>

<comp id="28" class="1001" name="const_28">
<pin_list>
<pin id="29" dir="1" index="0" bw="1" slack="0"/>
</pin_list>
<bind>
<StgValue><ssdm name="_ssdm_op_Read.ap_auto.i8"/></StgValue>
</bind>
</comp>

<comp id="30" class="1001" name="const_30">
<pin_list>
<pin id="31" dir="1" index="0" bw="1" slack="2147483647"/>
</pin_list>
<bind>
<StgValue><ssdm name="_ssdm_op_SpecPipeline"/></StgValue>
</bind>
</comp>

<comp id="32" class="1001" name="const_32">
<pin_list>
<pin id="33" dir="1" index="0" bw="1" slack="2147483647"/>
</pin_list>
<bind>
<StgValue><ssdm name=""/></StgValue>
</bind>
</comp>

<comp id="34" class="1001" name="const_34">
<pin_list>
<pin id="35" dir="1" index="0" bw="1" slack="2147483647"/>
</pin_list>
<bind>
<StgValue><ssdm name=""/></StgValue>
</bind>
</comp>

<comp id="36" class="1001" name="const_36">
<pin_list>
<pin id="37" dir="1" index="0" bw="1" slack="2147483647"/>
</pin_list>
<bind>
<StgValue><ssdm name="empty_0"/></StgValue>
</bind>
</comp>

<comp id="38" class="1001" name="const_38">
<pin_list>
<pin id="39" dir="1" index="0" bw="1" slack="2147483647"/>
</pin_list>
<bind>
<StgValue><ssdm name="_ssdm_op_SpecResourceLimit"/></StgValue>
</bind>
</comp>

<comp id="40" class="1001" name="const_40">
<pin_list>
<pin id="41" dir="1" index="0" bw="1" slack="2147483647"/>
</pin_list>
<bind>
<StgValue><ssdm name=""/></StgValue>
</bind>
</comp>

<comp id="42" class="1001" name="const_42">
<pin_list>
<pin id="43" dir="1" index="0" bw="1" slack="2147483647"/>
</pin_list>
<bind>
<StgValue><ssdm name="empty_1"/></StgValue>
</bind>
</comp>

<comp id="44" class="1001" name="const_44">
<pin_list>
<pin id="45" dir="1" index="0" bw="1" slack="0"/>
</pin_list>
<bind>
<StgValue><ssdm name="_ssdm_op_BitConcatenate.i20.i9.i11"/></StgValue>
</bind>
</comp>

<comp id="46" class="1001" name="const_46">
<pin_list>
<pin id="47" dir="1" index="0" bw="1" slack="0"/>
</pin_list>
<bind>
<StgValue><ssdm name=""/></StgValue>
</bind>
</comp>

<comp id="48" class="1001" name="const_48">
<pin_list>
<pin id="49" dir="1" index="0" bw="1" slack="0"/>
</pin_list>
<bind>
<StgValue><ssdm name="_ssdm_op_BitConcatenate.i22.i9.i13"/></StgValue>
</bind>
</comp>

<comp id="50" class="1001" name="const_50">
<pin_list>
<pin id="51" dir="1" index="0" bw="1" slack="0"/>
</pin_list>
<bind>
<StgValue><ssdm name=""/></StgValue>
</bind>
</comp>

<comp id="52" class="1001" name="const_52">
<pin_list>
<pin id="53" dir="1" index="0" bw="1" slack="0"/>
</pin_list>
<bind>
<StgValue><ssdm name="_ssdm_op_BitConcatenate.i23.i9.i14"/></StgValue>
</bind>
</comp>

<comp id="54" class="1001" name="const_54">
<pin_list>
<pin id="55" dir="1" index="0" bw="1" slack="0"/>
</pin_list>
<bind>
<StgValue><ssdm name=""/></StgValue>
</bind>
</comp>

<comp id="56" class="1001" name="const_56">
<pin_list>
<pin id="57" dir="1" index="0" bw="1" slack="0"/>
</pin_list>
<bind>
<StgValue><ssdm name="_ssdm_op_BitConcatenate.i18.i9.i9"/></StgValue>
</bind>
</comp>

<comp id="58" class="1001" name="const_58">
<pin_list>
<pin id="59" dir="1" index="0" bw="1" slack="0"/>
</pin_list>
<bind>
<StgValue><ssdm name=""/></StgValue>
</bind>
</comp>

<comp id="60" class="1001" name="const_60">
<pin_list>
<pin id="61" dir="1" index="0" bw="1" slack="0"/>
</pin_list>
<bind>
<StgValue><ssdm name="_ssdm_op_BitConcatenate.i20.i8.i12"/></StgValue>
</bind>
</comp>

<comp id="62" class="1001" name="const_62">
<pin_list>
<pin id="63" dir="1" index="0" bw="1" slack="0"/>
</pin_list>
<bind>
<StgValue><ssdm name=""/></StgValue>
</bind>
</comp>

<comp id="64" class="1001" name="const_64">
<pin_list>
<pin id="65" dir="1" index="0" bw="1" slack="0"/>
</pin_list>
<bind>
<StgValue><ssdm name=""/></StgValue>
</bind>
</comp>

<comp id="66" class="1001" name="const_66">
<pin_list>
<pin id="67" dir="1" index="0" bw="1" slack="0"/>
</pin_list>
<bind>
<StgValue><ssdm name="_ssdm_op_BitConcatenate.i22.i11.i11"/></StgValue>
</bind>
</comp>

<comp id="68" class="1001" name="const_68">
<pin_list>
<pin id="69" dir="1" index="0" bw="1" slack="0"/>
</pin_list>
<bind>
<StgValue><ssdm name="_ssdm_op_BitConcatenate.i22.i10.i12"/></StgValue>
</bind>
</comp>

<comp id="70" class="1001" name="const_70">
<pin_list>
<pin id="71" dir="1" index="0" bw="1" slack="0"/>
</pin_list>
<bind>
<StgValue><ssdm name=""/></StgValue>
</bind>
</comp>

<comp id="72" class="1001" name="const_72">
<pin_list>
<pin id="73" dir="1" index="0" bw="1" slack="0"/>
</pin_list>
<bind>
<StgValue><ssdm name="_ssdm_op_BitConcatenate.i23.i10.i13"/></StgValue>
</bind>
</comp>

<comp id="74" class="1001" name="const_74">
<pin_list>
<pin id="75" dir="1" index="0" bw="1" slack="0"/>
</pin_list>
<bind>
<StgValue><ssdm name="_ssdm_op_BitConcatenate.i23.i11.i12"/></StgValue>
</bind>
</comp>

<comp id="76" class="1001" name="const_76">
<pin_list>
<pin id="77" dir="1" index="0" bw="1" slack="0"/>
</pin_list>
<bind>
<StgValue><ssdm name=""/></StgValue>
</bind>
</comp>

<comp id="78" class="1001" name="const_78">
<pin_list>
<pin id="79" dir="1" index="0" bw="1" slack="0"/>
</pin_list>
<bind>
<StgValue><ssdm name="_ssdm_op_BitConcatenate.i21.i10.i11"/></StgValue>
</bind>
</comp>

<comp id="80" class="1001" name="const_80">
<pin_list>
<pin id="81" dir="1" index="0" bw="1" slack="0"/>
</pin_list>
<bind>
<StgValue><ssdm name="_ssdm_op_BitConcatenate.i20.i10.i10"/></StgValue>
</bind>
</comp>

<comp id="82" class="1001" name="const_82">
<pin_list>
<pin id="83" dir="1" index="0" bw="1" slack="0"/>
</pin_list>
<bind>
<StgValue><ssdm name=""/></StgValue>
</bind>
</comp>

<comp id="84" class="1001" name="const_84">
<pin_list>
<pin id="85" dir="1" index="0" bw="1" slack="0"/>
</pin_list>
<bind>
<StgValue><ssdm name=""/></StgValue>
</bind>
</comp>

<comp id="86" class="1001" name="const_86">
<pin_list>
<pin id="87" dir="1" index="0" bw="1" slack="0"/>
</pin_list>
<bind>
<StgValue><ssdm name="_ssdm_op_PartSelect.i9.i23.i32.i32"/></StgValue>
</bind>
</comp>

<comp id="88" class="1001" name="const_88">
<pin_list>
<pin id="89" dir="1" index="0" bw="1" slack="0"/>
</pin_list>
<bind>
<StgValue><ssdm name=""/></StgValue>
</bind>
</comp>

<comp id="90" class="1001" name="const_90">
<pin_list>
<pin id="91" dir="1" index="0" bw="1" slack="0"/>
</pin_list>
<bind>
<StgValue><ssdm name=""/></StgValue>
</bind>
</comp>

<comp id="92" class="1001" name="const_92">
<pin_list>
<pin id="93" dir="1" index="0" bw="1" slack="0"/>
</pin_list>
<bind>
<StgValue><ssdm name=""/></StgValue>
</bind>
</comp>

<comp id="94" class="1004" name="data_15_val_read_read_fu_94">
<pin_list>
<pin id="95" dir="0" index="0" bw="9" slack="0"/>
<pin id="96" dir="0" index="1" bw="9" slack="0"/>
<pin id="97" dir="1" index="2" bw="9" slack="0"/>
</pin_list>
<bind>
<opcode="read(1150) " fcode="read"/>
<opset="data_15_val_read/1 "/>
</bind>
</comp>

<comp id="100" class="1004" name="data_14_val_read_read_fu_100">
<pin_list>
<pin id="101" dir="0" index="0" bw="10" slack="0"/>
<pin id="102" dir="0" index="1" bw="10" slack="0"/>
<pin id="103" dir="1" index="2" bw="10" slack="2147483647"/>
</pin_list>
<bind>
<opcode="read(1150) " fcode="read"/>
<opset="data_14_val_read/1 "/>
</bind>
</comp>

<comp id="106" class="1004" name="data_12_val_read_read_fu_106">
<pin_list>
<pin id="107" dir="0" index="0" bw="8" slack="0"/>
<pin id="108" dir="0" index="1" bw="8" slack="0"/>
<pin id="109" dir="1" index="2" bw="8" slack="0"/>
</pin_list>
<bind>
<opcode="read(1150) " fcode="read"/>
<opset="data_12_val_read/1 "/>
</bind>
</comp>

<comp id="112" class="1004" name="data_11_val_read_read_fu_112">
<pin_list>
<pin id="113" dir="0" index="0" bw="8" slack="0"/>
<pin id="114" dir="0" index="1" bw="8" slack="0"/>
<pin id="115" dir="1" index="2" bw="8" slack="0"/>
</pin_list>
<bind>
<opcode="read(1150) " fcode="read"/>
<opset="data_11_val_read/1 "/>
</bind>
</comp>

<comp id="118" class="1004" name="data_8_val_read_read_fu_118">
<pin_list>
<pin id="119" dir="0" index="0" bw="9" slack="0"/>
<pin id="120" dir="0" index="1" bw="9" slack="0"/>
<pin id="121" dir="1" index="2" bw="9" slack="0"/>
</pin_list>
<bind>
<opcode="read(1150) " fcode="read"/>
<opset="data_8_val_read/1 "/>
</bind>
</comp>

<comp id="124" class="1004" name="data_7_val_read_read_fu_124">
<pin_list>
<pin id="125" dir="0" index="0" bw="9" slack="0"/>
<pin id="126" dir="0" index="1" bw="9" slack="0"/>
<pin id="127" dir="1" index="2" bw="9" slack="0"/>
</pin_list>
<bind>
<opcode="read(1150) " fcode="read"/>
<opset="data_7_val_read/1 "/>
</bind>
</comp>

<comp id="130" class="1004" name="data_6_val_read_read_fu_130">
<pin_list>
<pin id="131" dir="0" index="0" bw="9" slack="0"/>
<pin id="132" dir="0" index="1" bw="9" slack="0"/>
<pin id="133" dir="1" index="2" bw="9" slack="0"/>
</pin_list>
<bind>
<opcode="read(1150) " fcode="read"/>
<opset="data_6_val_read/1 "/>
</bind>
</comp>

<comp id="136" class="1004" name="data_5_val_read_read_fu_136">
<pin_list>
<pin id="137" dir="0" index="0" bw="10" slack="0"/>
<pin id="138" dir="0" index="1" bw="10" slack="0"/>
<pin id="139" dir="1" index="2" bw="10" slack="0"/>
</pin_list>
<bind>
<opcode="read(1150) " fcode="read"/>
<opset="data_5_val_read/1 "/>
</bind>
</comp>

<comp id="142" class="1004" name="data_4_val_read_read_fu_142">
<pin_list>
<pin id="143" dir="0" index="0" bw="9" slack="0"/>
<pin id="144" dir="0" index="1" bw="9" slack="0"/>
<pin id="145" dir="1" index="2" bw="9" slack="0"/>
</pin_list>
<bind>
<opcode="read(1150) " fcode="read"/>
<opset="data_4_val_read/1 "/>
</bind>
</comp>

<comp id="148" class="1004" name="data_2_val_read_read_fu_148">
<pin_list>
<pin id="149" dir="0" index="0" bw="9" slack="0"/>
<pin id="150" dir="0" index="1" bw="9" slack="0"/>
<pin id="151" dir="1" index="2" bw="9" slack="0"/>
</pin_list>
<bind>
<opcode="read(1150) " fcode="read"/>
<opset="data_2_val_read/1 "/>
</bind>
</comp>

<comp id="154" class="1004" name="data_1_val_read_read_fu_154">
<pin_list>
<pin id="155" dir="0" index="0" bw="9" slack="0"/>
<pin id="156" dir="0" index="1" bw="9" slack="0"/>
<pin id="157" dir="1" index="2" bw="9" slack="0"/>
</pin_list>
<bind>
<opcode="read(1150) " fcode="read"/>
<opset="data_1_val_read/1 "/>
</bind>
</comp>

<comp id="160" class="1004" name="data_0_val_read_read_fu_160">
<pin_list>
<pin id="161" dir="0" index="0" bw="9" slack="0"/>
<pin id="162" dir="0" index="1" bw="9" slack="0"/>
<pin id="163" dir="1" index="2" bw="9" slack="0"/>
</pin_list>
<bind>
<opcode="read(1150) " fcode="read"/>
<opset="data_0_val_read/1 "/>
</bind>
</comp>

<comp id="166" class="1004" name="sext_ln33_fu_166">
<pin_list>
<pin id="167" dir="0" index="0" bw="10" slack="0"/>
<pin id="168" dir="1" index="1" bw="11" slack="0"/>
</pin_list>
<bind>
<opcode="sext(35) " fcode="sext"/>
<opset="sext_ln33/1 "/>
</bind>
</comp>

<comp id="170" class="1004" name="sext_ln33_1_fu_170">
<pin_list>
<pin id="171" dir="0" index="0" bw="9" slack="0"/>
<pin id="172" dir="1" index="1" bw="11" slack="0"/>
</pin_list>
<bind>
<opcode="sext(35) " fcode="sext"/>
<opset="sext_ln33_1/1 "/>
</bind>
</comp>

<comp id="174" class="1004" name="sext_ln33_2_fu_174">
<pin_list>
<pin id="175" dir="0" index="0" bw="9" slack="0"/>
<pin id="176" dir="1" index="1" bw="11" slack="0"/>
</pin_list>
<bind>
<opcode="sext(35) " fcode="sext"/>
<opset="sext_ln33_2/1 "/>
</bind>
</comp>

<comp id="178" class="1004" name="sext_ln33_3_fu_178">
<pin_list>
<pin id="179" dir="0" index="0" bw="9" slack="0"/>
<pin id="180" dir="1" index="1" bw="10" slack="0"/>
</pin_list>
<bind>
<opcode="sext(35) " fcode="sext"/>
<opset="sext_ln33_3/1 "/>
</bind>
</comp>

<comp id="182" class="1004" name="sext_ln33_4_fu_182">
<pin_list>
<pin id="183" dir="0" index="0" bw="9" slack="0"/>
<pin id="184" dir="1" index="1" bw="10" slack="0"/>
</pin_list>
<bind>
<opcode="sext(35) " fcode="sext"/>
<opset="sext_ln33_4/1 "/>
</bind>
</comp>

<comp id="186" class="1004" name="mult_fu_186">
<pin_list>
<pin id="187" dir="0" index="0" bw="20" slack="0"/>
<pin id="188" dir="0" index="1" bw="9" slack="0"/>
<pin id="189" dir="0" index="2" bw="1" slack="0"/>
<pin id="190" dir="1" index="3" bw="20" slack="0"/>
</pin_list>
<bind>
<opcode="bitconcatenate(1004) " fcode="bitconcatenate"/>
<opset="mult/1 "/>
</bind>
</comp>

<comp id="194" class="1004" name="sext_ln17_fu_194">
<pin_list>
<pin id="195" dir="0" index="0" bw="20" slack="0"/>
<pin id="196" dir="1" index="1" bw="23" slack="0"/>
</pin_list>
<bind>
<opcode="sext(35) " fcode="sext"/>
<opset="sext_ln17/1 "/>
</bind>
</comp>

<comp id="198" class="1004" name="tmp_26_fu_198">
<pin_list>
<pin id="199" dir="0" index="0" bw="22" slack="0"/>
<pin id="200" dir="0" index="1" bw="9" slack="0"/>
<pin id="201" dir="0" index="2" bw="1" slack="0"/>
<pin id="202" dir="1" index="3" bw="22" slack="0"/>
</pin_list>
<bind>
<opcode="bitconcatenate(1004) " fcode="bitconcatenate"/>
<opset="tmp_26/1 "/>
</bind>
</comp>

<comp id="206" class="1004" name="sext_ln42_1_fu_206">
<pin_list>
<pin id="207" dir="0" index="0" bw="22" slack="0"/>
<pin id="208" dir="1" index="1" bw="23" slack="0"/>
</pin_list>
<bind>
<opcode="sext(35) " fcode="sext"/>
<opset="sext_ln42_1/1 "/>
</bind>
</comp>

<comp id="210" class="1004" name="mult_4_fu_210">
<pin_list>
<pin id="211" dir="0" index="0" bw="23" slack="0"/>
<pin id="212" dir="0" index="1" bw="9" slack="0"/>
<pin id="213" dir="0" index="2" bw="1" slack="0"/>
<pin id="214" dir="1" index="3" bw="23" slack="0"/>
</pin_list>
<bind>
<opcode="bitconcatenate(1004) " fcode="bitconcatenate"/>
<opset="mult_4/1 "/>
</bind>
</comp>

<comp id="218" class="1004" name="sext_ln73_fu_218">
<pin_list>
<pin id="219" dir="0" index="0" bw="9" slack="0"/>
<pin id="220" dir="1" index="1" bw="10" slack="0"/>
</pin_list>
<bind>
<opcode="sext(35) " fcode="sext"/>
<opset="sext_ln73/1 "/>
</bind>
</comp>

<comp id="222" class="1004" name="mult_5_fu_222">
<pin_list>
<pin id="223" dir="0" index="0" bw="22" slack="0"/>
<pin id="224" dir="0" index="1" bw="9" slack="0"/>
<pin id="225" dir="0" index="2" bw="1" slack="0"/>
<pin id="226" dir="1" index="3" bw="22" slack="0"/>
</pin_list>
<bind>
<opcode="bitconcatenate(1004) " fcode="bitconcatenate"/>
<opset="mult_5/1 "/>
</bind>
</comp>

<comp id="230" class="1004" name="sext_ln42_2_fu_230">
<pin_list>
<pin id="231" dir="0" index="0" bw="22" slack="0"/>
<pin id="232" dir="1" index="1" bw="23" slack="0"/>
</pin_list>
<bind>
<opcode="sext(35) " fcode="sext"/>
<opset="sext_ln42_2/1 "/>
</bind>
</comp>

<comp id="234" class="1004" name="sext_ln42_fu_234">
<pin_list>
<pin id="235" dir="0" index="0" bw="9" slack="0"/>
<pin id="236" dir="1" index="1" bw="11" slack="0"/>
</pin_list>
<bind>
<opcode="sext(35) " fcode="sext"/>
<opset="sext_ln42/1 "/>
</bind>
</comp>

<comp id="238" class="1004" name="mult_6_fu_238">
<pin_list>
<pin id="239" dir="0" index="0" bw="18" slack="0"/>
<pin id="240" dir="0" index="1" bw="9" slack="0"/>
<pin id="241" dir="0" index="2" bw="1" slack="0"/>
<pin id="242" dir="1" index="3" bw="18" slack="0"/>
</pin_list>
<bind>
<opcode="bitconcatenate(1004) " fcode="bitconcatenate"/>
<opset="mult_6/1 "/>
</bind>
</comp>

<comp id="246" class="1004" name="sext_ln17_1_fu_246">
<pin_list>
<pin id="247" dir="0" index="0" bw="18" slack="0"/>
<pin id="248" dir="1" index="1" bw="23" slack="0"/>
</pin_list>
<bind>
<opcode="sext(35) " fcode="sext"/>
<opset="sext_ln17_1/1 "/>
</bind>
</comp>

<comp id="250" class="1004" name="mult_7_fu_250">
<pin_list>
<pin id="251" dir="0" index="0" bw="20" slack="0"/>
<pin id="252" dir="0" index="1" bw="9" slack="0"/>
<pin id="253" dir="0" index="2" bw="1" slack="0"/>
<pin id="254" dir="1" index="3" bw="20" slack="0"/>
</pin_list>
<bind>
<opcode="bitconcatenate(1004) " fcode="bitconcatenate"/>
<opset="mult_7/1 "/>
</bind>
</comp>

<comp id="258" class="1004" name="sext_ln17_2_fu_258">
<pin_list>
<pin id="259" dir="0" index="0" bw="20" slack="0"/>
<pin id="260" dir="1" index="1" bw="23" slack="0"/>
</pin_list>
<bind>
<opcode="sext(35) " fcode="sext"/>
<opset="sext_ln17_2/1 "/>
</bind>
</comp>

<comp id="262" class="1004" name="sext_ln73_1_fu_262">
<pin_list>
<pin id="263" dir="0" index="0" bw="8" slack="0"/>
<pin id="264" dir="1" index="1" bw="10" slack="0"/>
</pin_list>
<bind>
<opcode="sext(35) " fcode="sext"/>
<opset="sext_ln73_1/1 "/>
</bind>
</comp>

<comp id="266" class="1004" name="mult_8_fu_266">
<pin_list>
<pin id="267" dir="0" index="0" bw="20" slack="0"/>
<pin id="268" dir="0" index="1" bw="8" slack="0"/>
<pin id="269" dir="0" index="2" bw="1" slack="0"/>
<pin id="270" dir="1" index="3" bw="20" slack="0"/>
</pin_list>
<bind>
<opcode="bitconcatenate(1004) " fcode="bitconcatenate"/>
<opset="mult_8/1 "/>
</bind>
</comp>

<comp id="274" class="1004" name="sext_ln42_3_fu_274">
<pin_list>
<pin id="275" dir="0" index="0" bw="20" slack="0"/>
<pin id="276" dir="1" index="1" bw="21" slack="0"/>
</pin_list>
<bind>
<opcode="sext(35) " fcode="sext"/>
<opset="sext_ln42_3/1 "/>
</bind>
</comp>

<comp id="278" class="1004" name="mult_9_fu_278">
<pin_list>
<pin id="279" dir="0" index="0" bw="23" slack="0"/>
<pin id="280" dir="0" index="1" bw="9" slack="0"/>
<pin id="281" dir="0" index="2" bw="1" slack="0"/>
<pin id="282" dir="1" index="3" bw="23" slack="0"/>
</pin_list>
<bind>
<opcode="bitconcatenate(1004) " fcode="bitconcatenate"/>
<opset="mult_9/1 "/>
</bind>
</comp>

<comp id="286" class="1004" name="sub_ln58_fu_286">
<pin_list>
<pin id="287" dir="0" index="0" bw="20" slack="0"/>
<pin id="288" dir="0" index="1" bw="23" slack="0"/>
<pin id="289" dir="1" index="2" bw="23" slack="0"/>
</pin_list>
<bind>
<opcode="sub(10) " fcode="sub"/>
<opset="sub_ln58/1 "/>
</bind>
</comp>

<comp id="292" class="1004" name="add_ln58_fu_292">
<pin_list>
<pin id="293" dir="0" index="0" bw="20" slack="0"/>
<pin id="294" dir="0" index="1" bw="17" slack="0"/>
<pin id="295" dir="1" index="2" bw="21" slack="0"/>
</pin_list>
<bind>
<opcode="add(8) " fcode="add"/>
<opset="add_ln58/1 "/>
</bind>
</comp>

<comp id="298" class="1004" name="sext_ln58_fu_298">
<pin_list>
<pin id="299" dir="0" index="0" bw="21" slack="0"/>
<pin id="300" dir="1" index="1" bw="23" slack="0"/>
</pin_list>
<bind>
<opcode="sext(35) " fcode="sext"/>
<opset="sext_ln58/1 "/>
</bind>
</comp>

<comp id="302" class="1004" name="sub_ln58_1_fu_302">
<pin_list>
<pin id="303" dir="0" index="0" bw="21" slack="0"/>
<pin id="304" dir="0" index="1" bw="22" slack="0"/>
<pin id="305" dir="1" index="2" bw="23" slack="0"/>
</pin_list>
<bind>
<opcode="sub(10) " fcode="sub"/>
<opset="sub_ln58_1/1 "/>
</bind>
</comp>

<comp id="308" class="1004" name="add_ln58_11_fu_308">
<pin_list>
<pin id="309" dir="0" index="0" bw="23" slack="0"/>
<pin id="310" dir="0" index="1" bw="23" slack="0"/>
<pin id="311" dir="1" index="2" bw="23" slack="0"/>
</pin_list>
<bind>
<opcode="add(8) " fcode="add"/>
<opset="add_ln58_11/1 "/>
</bind>
</comp>

<comp id="314" class="1004" name="tmp36_fu_314">
<pin_list>
<pin id="315" dir="0" index="0" bw="9" slack="0"/>
<pin id="316" dir="0" index="1" bw="8" slack="0"/>
<pin id="317" dir="1" index="2" bw="10" slack="0"/>
</pin_list>
<bind>
<opcode="add(8) " fcode="add"/>
<opset="tmp36/1 "/>
</bind>
</comp>

<comp id="320" class="1004" name="tmp36_cast_fu_320">
<pin_list>
<pin id="321" dir="0" index="0" bw="10" slack="0"/>
<pin id="322" dir="1" index="1" bw="11" slack="0"/>
</pin_list>
<bind>
<opcode="sext(35) " fcode="sext"/>
<opset="tmp36_cast/1 "/>
</bind>
</comp>

<comp id="324" class="1004" name="tmp5_fu_324">
<pin_list>
<pin id="325" dir="0" index="0" bw="10" slack="0"/>
<pin id="326" dir="0" index="1" bw="9" slack="0"/>
<pin id="327" dir="1" index="2" bw="11" slack="0"/>
</pin_list>
<bind>
<opcode="add(8) " fcode="add"/>
<opset="tmp5/1 "/>
</bind>
</comp>

<comp id="330" class="1004" name="tmp_fu_330">
<pin_list>
<pin id="331" dir="0" index="0" bw="22" slack="0"/>
<pin id="332" dir="0" index="1" bw="11" slack="0"/>
<pin id="333" dir="0" index="2" bw="1" slack="0"/>
<pin id="334" dir="1" index="3" bw="22" slack="0"/>
</pin_list>
<bind>
<opcode="bitconcatenate(1004) " fcode="bitconcatenate"/>
<opset="tmp/1 "/>
</bind>
</comp>

<comp id="338" class="1004" name="p_shl_fu_338">
<pin_list>
<pin id="339" dir="0" index="0" bw="22" slack="0"/>
<pin id="340" dir="1" index="1" bw="23" slack="0"/>
</pin_list>
<bind>
<opcode="sext(35) " fcode="sext"/>
<opset="p_shl/1 "/>
</bind>
</comp>

<comp id="342" class="1004" name="tmp772_fu_342">
<pin_list>
<pin id="343" dir="0" index="0" bw="9" slack="0"/>
<pin id="344" dir="0" index="1" bw="9" slack="0"/>
<pin id="345" dir="1" index="2" bw="10" slack="0"/>
</pin_list>
<bind>
<opcode="add(8) " fcode="add"/>
<opset="tmp772/1 "/>
</bind>
</comp>

<comp id="348" class="1004" name="tmp_s_fu_348">
<pin_list>
<pin id="349" dir="0" index="0" bw="22" slack="0"/>
<pin id="350" dir="0" index="1" bw="10" slack="0"/>
<pin id="351" dir="0" index="2" bw="1" slack="0"/>
<pin id="352" dir="1" index="3" bw="22" slack="0"/>
</pin_list>
<bind>
<opcode="bitconcatenate(1004) " fcode="bitconcatenate"/>
<opset="tmp_s/1 "/>
</bind>
</comp>

<comp id="356" class="1004" name="tmp8_fu_356">
<pin_list>
<pin id="357" dir="0" index="0" bw="22" slack="0"/>
<pin id="358" dir="1" index="1" bw="23" slack="0"/>
</pin_list>
<bind>
<opcode="sext(35) " fcode="sext"/>
<opset="tmp8/1 "/>
</bind>
</comp>

<comp id="360" class="1004" name="add_ln58_12_fu_360">
<pin_list>
<pin id="361" dir="0" index="0" bw="22" slack="0"/>
<pin id="362" dir="0" index="1" bw="20" slack="0"/>
<pin id="363" dir="1" index="2" bw="23" slack="0"/>
</pin_list>
<bind>
<opcode="add(8) " fcode="add"/>
<opset="add_ln58_12/1 "/>
</bind>
</comp>

<comp id="366" class="1004" name="sub_ln58_2_fu_366">
<pin_list>
<pin id="367" dir="0" index="0" bw="23" slack="0"/>
<pin id="368" dir="0" index="1" bw="22" slack="0"/>
<pin id="369" dir="1" index="2" bw="23" slack="0"/>
</pin_list>
<bind>
<opcode="sub(10) " fcode="sub"/>
<opset="sub_ln58_2/1 "/>
</bind>
</comp>

<comp id="372" class="1004" name="add_ln58_13_fu_372">
<pin_list>
<pin id="373" dir="0" index="0" bw="23" slack="0"/>
<pin id="374" dir="0" index="1" bw="19" slack="0"/>
<pin id="375" dir="1" index="2" bw="23" slack="0"/>
</pin_list>
<bind>
<opcode="add(8) " fcode="add"/>
<opset="add_ln58_13/1 "/>
</bind>
</comp>

<comp id="378" class="1004" name="sub_ln58_3_fu_378">
<pin_list>
<pin id="379" dir="0" index="0" bw="23" slack="0"/>
<pin id="380" dir="0" index="1" bw="22" slack="0"/>
<pin id="381" dir="1" index="2" bw="23" slack="0"/>
</pin_list>
<bind>
<opcode="sub(10) " fcode="sub"/>
<opset="sub_ln58_3/1 "/>
</bind>
</comp>

<comp id="384" class="1004" name="add_ln58_14_fu_384">
<pin_list>
<pin id="385" dir="0" index="0" bw="23" slack="0"/>
<pin id="386" dir="0" index="1" bw="23" slack="0"/>
<pin id="387" dir="1" index="2" bw="23" slack="0"/>
</pin_list>
<bind>
<opcode="add(8) " fcode="add"/>
<opset="add_ln58_14/1 "/>
</bind>
</comp>

<comp id="390" class="1004" name="data_12_val_cast10_fu_390">
<pin_list>
<pin id="391" dir="0" index="0" bw="8" slack="0"/>
<pin id="392" dir="1" index="1" bw="9" slack="0"/>
</pin_list>
<bind>
<opcode="sext(35) " fcode="sext"/>
<opset="data_12_val_cast10/1 "/>
</bind>
</comp>

<comp id="394" class="1004" name="data_11_val_cast11_fu_394">
<pin_list>
<pin id="395" dir="0" index="0" bw="8" slack="0"/>
<pin id="396" dir="1" index="1" bw="9" slack="0"/>
</pin_list>
<bind>
<opcode="sext(35) " fcode="sext"/>
<opset="data_11_val_cast11/1 "/>
</bind>
</comp>

<comp id="398" class="1004" name="data_15_val_cast22_fu_398">
<pin_list>
<pin id="399" dir="0" index="0" bw="9" slack="0"/>
<pin id="400" dir="1" index="1" bw="10" slack="0"/>
</pin_list>
<bind>
<opcode="sext(35) " fcode="sext"/>
<opset="data_15_val_cast22/1 "/>
</bind>
</comp>

<comp id="402" class="1004" name="empty_fu_402">
<pin_list>
<pin id="403" dir="0" index="0" bw="8" slack="0"/>
<pin id="404" dir="0" index="1" bw="8" slack="0"/>
<pin id="405" dir="1" index="2" bw="9" slack="0"/>
</pin_list>
<bind>
<opcode="add(8) " fcode="add"/>
<opset="empty/1 "/>
</bind>
</comp>

<comp id="408" class="1004" name="p_cast_fu_408">
<pin_list>
<pin id="409" dir="0" index="0" bw="9" slack="0"/>
<pin id="410" dir="1" index="1" bw="10" slack="0"/>
</pin_list>
<bind>
<opcode="sext(35) " fcode="sext"/>
<opset="p_cast/1 "/>
</bind>
</comp>

<comp id="412" class="1004" name="tmp1170_fu_412">
<pin_list>
<pin id="413" dir="0" index="0" bw="9" slack="0"/>
<pin id="414" dir="0" index="1" bw="9" slack="0"/>
<pin id="415" dir="1" index="2" bw="10" slack="0"/>
</pin_list>
<bind>
<opcode="sub(10) " fcode="sub"/>
<opset="tmp1170/1 "/>
</bind>
</comp>

<comp id="418" class="1004" name="tmp12_fu_418">
<pin_list>
<pin id="419" dir="0" index="0" bw="23" slack="0"/>
<pin id="420" dir="0" index="1" bw="10" slack="0"/>
<pin id="421" dir="0" index="2" bw="1" slack="0"/>
<pin id="422" dir="1" index="3" bw="23" slack="0"/>
</pin_list>
<bind>
<opcode="bitconcatenate(1004) " fcode="bitconcatenate"/>
<opset="tmp12/1 "/>
</bind>
</comp>

<comp id="426" class="1004" name="tmp41_fu_426">
<pin_list>
<pin id="427" dir="0" index="0" bw="9" slack="0"/>
<pin id="428" dir="0" index="1" bw="10" slack="0"/>
<pin id="429" dir="1" index="2" bw="11" slack="0"/>
</pin_list>
<bind>
<opcode="add(8) " fcode="add"/>
<opset="tmp41/1 "/>
</bind>
</comp>

<comp id="432" class="1004" name="tmp1468_fu_432">
<pin_list>
<pin id="433" dir="0" index="0" bw="11" slack="0"/>
<pin id="434" dir="0" index="1" bw="9" slack="0"/>
<pin id="435" dir="1" index="2" bw="11" slack="0"/>
</pin_list>
<bind>
<opcode="add(8) " fcode="add"/>
<opset="tmp1468/1 "/>
</bind>
</comp>

<comp id="438" class="1004" name="tmp15_fu_438">
<pin_list>
<pin id="439" dir="0" index="0" bw="23" slack="0"/>
<pin id="440" dir="0" index="1" bw="11" slack="0"/>
<pin id="441" dir="0" index="2" bw="1" slack="0"/>
<pin id="442" dir="1" index="3" bw="23" slack="0"/>
</pin_list>
<bind>
<opcode="bitconcatenate(1004) " fcode="bitconcatenate"/>
<opset="tmp15/1 "/>
</bind>
</comp>

<comp id="446" class="1004" name="add_ln58_15_fu_446">
<pin_list>
<pin id="447" dir="0" index="0" bw="23" slack="0"/>
<pin id="448" dir="0" index="1" bw="20" slack="0"/>
<pin id="449" dir="1" index="2" bw="23" slack="0"/>
</pin_list>
<bind>
<opcode="add(8) " fcode="add"/>
<opset="add_ln58_15/1 "/>
</bind>
</comp>

<comp id="452" class="1004" name="add_ln58_16_fu_452">
<pin_list>
<pin id="453" dir="0" index="0" bw="23" slack="0"/>
<pin id="454" dir="0" index="1" bw="19" slack="0"/>
<pin id="455" dir="1" index="2" bw="23" slack="0"/>
</pin_list>
<bind>
<opcode="add(8) " fcode="add"/>
<opset="add_ln58_16/1 "/>
</bind>
</comp>

<comp id="458" class="1004" name="add_ln58_17_fu_458">
<pin_list>
<pin id="459" dir="0" index="0" bw="23" slack="0"/>
<pin id="460" dir="0" index="1" bw="23" slack="0"/>
<pin id="461" dir="1" index="2" bw="23" slack="0"/>
</pin_list>
<bind>
<opcode="add(8) " fcode="add"/>
<opset="add_ln58_17/1 "/>
</bind>
</comp>

<comp id="464" class="1004" name="data_8_val_cast13_fu_464">
<pin_list>
<pin id="465" dir="0" index="0" bw="9" slack="0"/>
<pin id="466" dir="1" index="1" bw="10" slack="0"/>
</pin_list>
<bind>
<opcode="sext(35) " fcode="sext"/>
<opset="data_8_val_cast13/1 "/>
</bind>
</comp>

<comp id="468" class="1004" name="tmp1666_fu_468">
<pin_list>
<pin id="469" dir="0" index="0" bw="9" slack="0"/>
<pin id="470" dir="0" index="1" bw="9" slack="0"/>
<pin id="471" dir="1" index="2" bw="10" slack="0"/>
</pin_list>
<bind>
<opcode="add(8) " fcode="add"/>
<opset="tmp1666/1 "/>
</bind>
</comp>

<comp id="474" class="1004" name="tmp_17_fu_474">
<pin_list>
<pin id="475" dir="0" index="0" bw="21" slack="0"/>
<pin id="476" dir="0" index="1" bw="10" slack="0"/>
<pin id="477" dir="0" index="2" bw="1" slack="0"/>
<pin id="478" dir="1" index="3" bw="21" slack="0"/>
</pin_list>
<bind>
<opcode="bitconcatenate(1004) " fcode="bitconcatenate"/>
<opset="tmp_17/1 "/>
</bind>
</comp>

<comp id="482" class="1004" name="tmp_20_cast_fu_482">
<pin_list>
<pin id="483" dir="0" index="0" bw="21" slack="0"/>
<pin id="484" dir="1" index="1" bw="22" slack="0"/>
</pin_list>
<bind>
<opcode="sext(35) " fcode="sext"/>
<opset="tmp_20_cast/1 "/>
</bind>
</comp>

<comp id="486" class="1004" name="data_7_val_cast15_fu_486">
<pin_list>
<pin id="487" dir="0" index="0" bw="9" slack="0"/>
<pin id="488" dir="1" index="1" bw="10" slack="0"/>
</pin_list>
<bind>
<opcode="sext(35) " fcode="sext"/>
<opset="data_7_val_cast15/1 "/>
</bind>
</comp>

<comp id="490" class="1004" name="tmp1964_fu_490">
<pin_list>
<pin id="491" dir="0" index="0" bw="9" slack="0"/>
<pin id="492" dir="0" index="1" bw="9" slack="0"/>
<pin id="493" dir="1" index="2" bw="10" slack="0"/>
</pin_list>
<bind>
<opcode="sub(10) " fcode="sub"/>
<opset="tmp1964/1 "/>
</bind>
</comp>

<comp id="496" class="1004" name="tmp_18_fu_496">
<pin_list>
<pin id="497" dir="0" index="0" bw="20" slack="0"/>
<pin id="498" dir="0" index="1" bw="10" slack="0"/>
<pin id="499" dir="0" index="2" bw="1" slack="0"/>
<pin id="500" dir="1" index="3" bw="20" slack="0"/>
</pin_list>
<bind>
<opcode="bitconcatenate(1004) " fcode="bitconcatenate"/>
<opset="tmp_18/1 "/>
</bind>
</comp>

<comp id="504" class="1004" name="sext_ln58_4_fu_504">
<pin_list>
<pin id="505" dir="0" index="0" bw="20" slack="0"/>
<pin id="506" dir="1" index="1" bw="21" slack="0"/>
</pin_list>
<bind>
<opcode="sext(35) " fcode="sext"/>
<opset="sext_ln58_4/1 "/>
</bind>
</comp>

<comp id="508" class="1004" name="add_ln58_18_fu_508">
<pin_list>
<pin id="509" dir="0" index="0" bw="22" slack="0"/>
<pin id="510" dir="0" index="1" bw="18" slack="0"/>
<pin id="511" dir="1" index="2" bw="23" slack="0"/>
</pin_list>
<bind>
<opcode="add(8) " fcode="add"/>
<opset="add_ln58_18/1 "/>
</bind>
</comp>

<comp id="514" class="1004" name="add_ln58_19_fu_514">
<pin_list>
<pin id="515" dir="0" index="0" bw="23" slack="0"/>
<pin id="516" dir="0" index="1" bw="23" slack="0"/>
<pin id="517" dir="1" index="2" bw="23" slack="0"/>
</pin_list>
<bind>
<opcode="add(8) " fcode="add"/>
<opset="add_ln58_19/1 "/>
</bind>
</comp>

<comp id="520" class="1004" name="sub_ln58_4_fu_520">
<pin_list>
<pin id="521" dir="0" index="0" bw="20" slack="0"/>
<pin id="522" dir="0" index="1" bw="20" slack="0"/>
<pin id="523" dir="1" index="2" bw="21" slack="0"/>
</pin_list>
<bind>
<opcode="sub(10) " fcode="sub"/>
<opset="sub_ln58_4/1 "/>
</bind>
</comp>

<comp id="526" class="1004" name="sext_ln58_5_fu_526">
<pin_list>
<pin id="527" dir="0" index="0" bw="21" slack="0"/>
<pin id="528" dir="1" index="1" bw="23" slack="0"/>
</pin_list>
<bind>
<opcode="sext(35) " fcode="sext"/>
<opset="sext_ln58_5/1 "/>
</bind>
</comp>

<comp id="530" class="1004" name="add_ln58_20_fu_530">
<pin_list>
<pin id="531" dir="0" index="0" bw="21" slack="0"/>
<pin id="532" dir="0" index="1" bw="16" slack="0"/>
<pin id="533" dir="1" index="2" bw="22" slack="0"/>
</pin_list>
<bind>
<opcode="add(8) " fcode="add"/>
<opset="add_ln58_20/1 "/>
</bind>
</comp>

<comp id="536" class="1004" name="sext_ln58_6_fu_536">
<pin_list>
<pin id="537" dir="0" index="0" bw="22" slack="0"/>
<pin id="538" dir="1" index="1" bw="23" slack="0"/>
</pin_list>
<bind>
<opcode="sext(35) " fcode="sext"/>
<opset="sext_ln58_6/1 "/>
</bind>
</comp>

<comp id="540" class="1004" name="add_ln58_21_fu_540">
<pin_list>
<pin id="541" dir="0" index="0" bw="22" slack="0"/>
<pin id="542" dir="0" index="1" bw="21" slack="0"/>
<pin id="543" dir="1" index="2" bw="23" slack="0"/>
</pin_list>
<bind>
<opcode="add(8) " fcode="add"/>
<opset="add_ln58_21/1 "/>
</bind>
</comp>

<comp id="546" class="1004" name="add_ln58_22_fu_546">
<pin_list>
<pin id="547" dir="0" index="0" bw="23" slack="0"/>
<pin id="548" dir="0" index="1" bw="23" slack="0"/>
<pin id="549" dir="1" index="2" bw="23" slack="0"/>
</pin_list>
<bind>
<opcode="add(8) " fcode="add"/>
<opset="add_ln58_22/1 "/>
</bind>
</comp>

<comp id="552" class="1004" name="trunc_ln_fu_552">
<pin_list>
<pin id="553" dir="0" index="0" bw="9" slack="0"/>
<pin id="554" dir="0" index="1" bw="23" slack="0"/>
<pin id="555" dir="0" index="2" bw="5" slack="0"/>
<pin id="556" dir="0" index="3" bw="6" slack="0"/>
<pin id="557" dir="1" index="4" bw="9" slack="0"/>
</pin_list>
<bind>
<opcode="partselect(1002) " fcode="partselect"/>
<opset="trunc_ln/1 "/>
</bind>
</comp>

<comp id="562" class="1004" name="trunc_ln111_6_fu_562">
<pin_list>
<pin id="563" dir="0" index="0" bw="9" slack="0"/>
<pin id="564" dir="0" index="1" bw="23" slack="0"/>
<pin id="565" dir="0" index="2" bw="5" slack="0"/>
<pin id="566" dir="0" index="3" bw="6" slack="0"/>
<pin id="567" dir="1" index="4" bw="9" slack="0"/>
</pin_list>
<bind>
<opcode="partselect(1002) " fcode="partselect"/>
<opset="trunc_ln111_6/1 "/>
</bind>
</comp>

<comp id="572" class="1004" name="trunc_ln111_7_fu_572">
<pin_list>
<pin id="573" dir="0" index="0" bw="9" slack="0"/>
<pin id="574" dir="0" index="1" bw="23" slack="0"/>
<pin id="575" dir="0" index="2" bw="5" slack="0"/>
<pin id="576" dir="0" index="3" bw="6" slack="0"/>
<pin id="577" dir="1" index="4" bw="9" slack="0"/>
</pin_list>
<bind>
<opcode="partselect(1002) " fcode="partselect"/>
<opset="trunc_ln111_7/1 "/>
</bind>
</comp>

<comp id="582" class="1004" name="trunc_ln111_8_fu_582">
<pin_list>
<pin id="583" dir="0" index="0" bw="9" slack="0"/>
<pin id="584" dir="0" index="1" bw="23" slack="0"/>
<pin id="585" dir="0" index="2" bw="5" slack="0"/>
<pin id="586" dir="0" index="3" bw="6" slack="0"/>
<pin id="587" dir="1" index="4" bw="9" slack="0"/>
</pin_list>
<bind>
<opcode="partselect(1002) " fcode="partselect"/>
<opset="trunc_ln111_8/1 "/>
</bind>
</comp>

<comp id="592" class="1004" name="newret_fu_592">
<pin_list>
<pin id="593" dir="0" index="0" bw="36" slack="0"/>
<pin id="594" dir="0" index="1" bw="9" slack="0"/>
<pin id="595" dir="1" index="2" bw="36" slack="0"/>
</pin_list>
<bind>
<opcode="insertvalue(57) " fcode="insertvalue"/>
<opset="newret/1 "/>
</bind>
</comp>

<comp id="598" class="1004" name="newret2_fu_598">
<pin_list>
<pin id="599" dir="0" index="0" bw="36" slack="0"/>
<pin id="600" dir="0" index="1" bw="9" slack="0"/>
<pin id="601" dir="1" index="2" bw="36" slack="0"/>
</pin_list>
<bind>
<opcode="insertvalue(57) " fcode="insertvalue"/>
<opset="newret2/1 "/>
</bind>
</comp>

<comp id="604" class="1004" name="newret4_fu_604">
<pin_list>
<pin id="605" dir="0" index="0" bw="36" slack="0"/>
<pin id="606" dir="0" index="1" bw="9" slack="0"/>
<pin id="607" dir="1" index="2" bw="36" slack="0"/>
</pin_list>
<bind>
<opcode="insertvalue(57) " fcode="insertvalue"/>
<opset="newret4/1 "/>
</bind>
</comp>

<comp id="610" class="1004" name="newret6_fu_610">
<pin_list>
<pin id="611" dir="0" index="0" bw="36" slack="0"/>
<pin id="612" dir="0" index="1" bw="9" slack="0"/>
<pin id="613" dir="1" index="2" bw="36" slack="2147483647"/>
</pin_list>
<bind>
<opcode="insertvalue(57) " fcode="insertvalue"/>
<opset="newret6/1 "/>
</bind>
</comp>

</comp_list>

<net_list>
<net id="98"><net_src comp="24" pin="0"/><net_sink comp="94" pin=0"/></net>

<net id="99"><net_src comp="22" pin="0"/><net_sink comp="94" pin=1"/></net>

<net id="104"><net_src comp="26" pin="0"/><net_sink comp="100" pin=0"/></net>

<net id="105"><net_src comp="20" pin="0"/><net_sink comp="100" pin=1"/></net>

<net id="110"><net_src comp="28" pin="0"/><net_sink comp="106" pin=0"/></net>

<net id="111"><net_src comp="18" pin="0"/><net_sink comp="106" pin=1"/></net>

<net id="116"><net_src comp="28" pin="0"/><net_sink comp="112" pin=0"/></net>

<net id="117"><net_src comp="16" pin="0"/><net_sink comp="112" pin=1"/></net>

<net id="122"><net_src comp="24" pin="0"/><net_sink comp="118" pin=0"/></net>

<net id="123"><net_src comp="14" pin="0"/><net_sink comp="118" pin=1"/></net>

<net id="128"><net_src comp="24" pin="0"/><net_sink comp="124" pin=0"/></net>

<net id="129"><net_src comp="12" pin="0"/><net_sink comp="124" pin=1"/></net>

<net id="134"><net_src comp="24" pin="0"/><net_sink comp="130" pin=0"/></net>

<net id="135"><net_src comp="10" pin="0"/><net_sink comp="130" pin=1"/></net>

<net id="140"><net_src comp="26" pin="0"/><net_sink comp="136" pin=0"/></net>

<net id="141"><net_src comp="8" pin="0"/><net_sink comp="136" pin=1"/></net>

<net id="146"><net_src comp="24" pin="0"/><net_sink comp="142" pin=0"/></net>

<net id="147"><net_src comp="6" pin="0"/><net_sink comp="142" pin=1"/></net>

<net id="152"><net_src comp="24" pin="0"/><net_sink comp="148" pin=0"/></net>

<net id="153"><net_src comp="4" pin="0"/><net_sink comp="148" pin=1"/></net>

<net id="158"><net_src comp="24" pin="0"/><net_sink comp="154" pin=0"/></net>

<net id="159"><net_src comp="2" pin="0"/><net_sink comp="154" pin=1"/></net>

<net id="164"><net_src comp="24" pin="0"/><net_sink comp="160" pin=0"/></net>

<net id="165"><net_src comp="0" pin="0"/><net_sink comp="160" pin=1"/></net>

<net id="169"><net_src comp="136" pin="2"/><net_sink comp="166" pin=0"/></net>

<net id="173"><net_src comp="142" pin="2"/><net_sink comp="170" pin=0"/></net>

<net id="177"><net_src comp="148" pin="2"/><net_sink comp="174" pin=0"/></net>

<net id="181"><net_src comp="154" pin="2"/><net_sink comp="178" pin=0"/></net>

<net id="185"><net_src comp="160" pin="2"/><net_sink comp="182" pin=0"/></net>

<net id="191"><net_src comp="44" pin="0"/><net_sink comp="186" pin=0"/></net>

<net id="192"><net_src comp="160" pin="2"/><net_sink comp="186" pin=1"/></net>

<net id="193"><net_src comp="46" pin="0"/><net_sink comp="186" pin=2"/></net>

<net id="197"><net_src comp="186" pin="3"/><net_sink comp="194" pin=0"/></net>

<net id="203"><net_src comp="48" pin="0"/><net_sink comp="198" pin=0"/></net>

<net id="204"><net_src comp="148" pin="2"/><net_sink comp="198" pin=1"/></net>

<net id="205"><net_src comp="50" pin="0"/><net_sink comp="198" pin=2"/></net>

<net id="209"><net_src comp="198" pin="3"/><net_sink comp="206" pin=0"/></net>

<net id="215"><net_src comp="52" pin="0"/><net_sink comp="210" pin=0"/></net>

<net id="216"><net_src comp="148" pin="2"/><net_sink comp="210" pin=1"/></net>

<net id="217"><net_src comp="54" pin="0"/><net_sink comp="210" pin=2"/></net>

<net id="221"><net_src comp="142" pin="2"/><net_sink comp="218" pin=0"/></net>

<net id="227"><net_src comp="48" pin="0"/><net_sink comp="222" pin=0"/></net>

<net id="228"><net_src comp="142" pin="2"/><net_sink comp="222" pin=1"/></net>

<net id="229"><net_src comp="50" pin="0"/><net_sink comp="222" pin=2"/></net>

<net id="233"><net_src comp="222" pin="3"/><net_sink comp="230" pin=0"/></net>

<net id="237"><net_src comp="130" pin="2"/><net_sink comp="234" pin=0"/></net>

<net id="243"><net_src comp="56" pin="0"/><net_sink comp="238" pin=0"/></net>

<net id="244"><net_src comp="130" pin="2"/><net_sink comp="238" pin=1"/></net>

<net id="245"><net_src comp="58" pin="0"/><net_sink comp="238" pin=2"/></net>

<net id="249"><net_src comp="238" pin="3"/><net_sink comp="246" pin=0"/></net>

<net id="255"><net_src comp="44" pin="0"/><net_sink comp="250" pin=0"/></net>

<net id="256"><net_src comp="124" pin="2"/><net_sink comp="250" pin=1"/></net>

<net id="257"><net_src comp="46" pin="0"/><net_sink comp="250" pin=2"/></net>

<net id="261"><net_src comp="250" pin="3"/><net_sink comp="258" pin=0"/></net>

<net id="265"><net_src comp="112" pin="2"/><net_sink comp="262" pin=0"/></net>

<net id="271"><net_src comp="60" pin="0"/><net_sink comp="266" pin=0"/></net>

<net id="272"><net_src comp="106" pin="2"/><net_sink comp="266" pin=1"/></net>

<net id="273"><net_src comp="62" pin="0"/><net_sink comp="266" pin=2"/></net>

<net id="277"><net_src comp="266" pin="3"/><net_sink comp="274" pin=0"/></net>

<net id="283"><net_src comp="52" pin="0"/><net_sink comp="278" pin=0"/></net>

<net id="284"><net_src comp="94" pin="2"/><net_sink comp="278" pin=1"/></net>

<net id="285"><net_src comp="54" pin="0"/><net_sink comp="278" pin=2"/></net>

<net id="290"><net_src comp="194" pin="1"/><net_sink comp="286" pin=0"/></net>

<net id="291"><net_src comp="210" pin="3"/><net_sink comp="286" pin=1"/></net>

<net id="296"><net_src comp="274" pin="1"/><net_sink comp="292" pin=0"/></net>

<net id="297"><net_src comp="64" pin="0"/><net_sink comp="292" pin=1"/></net>

<net id="301"><net_src comp="292" pin="2"/><net_sink comp="298" pin=0"/></net>

<net id="306"><net_src comp="298" pin="1"/><net_sink comp="302" pin=0"/></net>

<net id="307"><net_src comp="230" pin="1"/><net_sink comp="302" pin=1"/></net>

<net id="312"><net_src comp="302" pin="2"/><net_sink comp="308" pin=0"/></net>

<net id="313"><net_src comp="286" pin="2"/><net_sink comp="308" pin=1"/></net>

<net id="318"><net_src comp="218" pin="1"/><net_sink comp="314" pin=0"/></net>

<net id="319"><net_src comp="262" pin="1"/><net_sink comp="314" pin=1"/></net>

<net id="323"><net_src comp="314" pin="2"/><net_sink comp="320" pin=0"/></net>

<net id="328"><net_src comp="320" pin="1"/><net_sink comp="324" pin=0"/></net>

<net id="329"><net_src comp="234" pin="1"/><net_sink comp="324" pin=1"/></net>

<net id="335"><net_src comp="66" pin="0"/><net_sink comp="330" pin=0"/></net>

<net id="336"><net_src comp="324" pin="2"/><net_sink comp="330" pin=1"/></net>

<net id="337"><net_src comp="46" pin="0"/><net_sink comp="330" pin=2"/></net>

<net id="341"><net_src comp="330" pin="3"/><net_sink comp="338" pin=0"/></net>

<net id="346"><net_src comp="178" pin="1"/><net_sink comp="342" pin=0"/></net>

<net id="347"><net_src comp="182" pin="1"/><net_sink comp="342" pin=1"/></net>

<net id="353"><net_src comp="68" pin="0"/><net_sink comp="348" pin=0"/></net>

<net id="354"><net_src comp="342" pin="2"/><net_sink comp="348" pin=1"/></net>

<net id="355"><net_src comp="62" pin="0"/><net_sink comp="348" pin=2"/></net>

<net id="359"><net_src comp="348" pin="3"/><net_sink comp="356" pin=0"/></net>

<net id="364"><net_src comp="356" pin="1"/><net_sink comp="360" pin=0"/></net>

<net id="365"><net_src comp="258" pin="1"/><net_sink comp="360" pin=1"/></net>

<net id="370"><net_src comp="360" pin="2"/><net_sink comp="366" pin=0"/></net>

<net id="371"><net_src comp="206" pin="1"/><net_sink comp="366" pin=1"/></net>

<net id="376"><net_src comp="278" pin="3"/><net_sink comp="372" pin=0"/></net>

<net id="377"><net_src comp="70" pin="0"/><net_sink comp="372" pin=1"/></net>

<net id="382"><net_src comp="372" pin="2"/><net_sink comp="378" pin=0"/></net>

<net id="383"><net_src comp="338" pin="1"/><net_sink comp="378" pin=1"/></net>

<net id="388"><net_src comp="378" pin="2"/><net_sink comp="384" pin=0"/></net>

<net id="389"><net_src comp="366" pin="2"/><net_sink comp="384" pin=1"/></net>

<net id="393"><net_src comp="106" pin="2"/><net_sink comp="390" pin=0"/></net>

<net id="397"><net_src comp="112" pin="2"/><net_sink comp="394" pin=0"/></net>

<net id="401"><net_src comp="94" pin="2"/><net_sink comp="398" pin=0"/></net>

<net id="406"><net_src comp="390" pin="1"/><net_sink comp="402" pin=0"/></net>

<net id="407"><net_src comp="394" pin="1"/><net_sink comp="402" pin=1"/></net>

<net id="411"><net_src comp="402" pin="2"/><net_sink comp="408" pin=0"/></net>

<net id="416"><net_src comp="398" pin="1"/><net_sink comp="412" pin=0"/></net>

<net id="417"><net_src comp="408" pin="1"/><net_sink comp="412" pin=1"/></net>

<net id="423"><net_src comp="72" pin="0"/><net_sink comp="418" pin=0"/></net>

<net id="424"><net_src comp="412" pin="2"/><net_sink comp="418" pin=1"/></net>

<net id="425"><net_src comp="50" pin="0"/><net_sink comp="418" pin=2"/></net>

<net id="430"><net_src comp="174" pin="1"/><net_sink comp="426" pin=0"/></net>

<net id="431"><net_src comp="166" pin="1"/><net_sink comp="426" pin=1"/></net>

<net id="436"><net_src comp="426" pin="2"/><net_sink comp="432" pin=0"/></net>

<net id="437"><net_src comp="170" pin="1"/><net_sink comp="432" pin=1"/></net>

<net id="443"><net_src comp="74" pin="0"/><net_sink comp="438" pin=0"/></net>

<net id="444"><net_src comp="432" pin="2"/><net_sink comp="438" pin=1"/></net>

<net id="445"><net_src comp="62" pin="0"/><net_sink comp="438" pin=2"/></net>

<net id="450"><net_src comp="438" pin="3"/><net_sink comp="446" pin=0"/></net>

<net id="451"><net_src comp="258" pin="1"/><net_sink comp="446" pin=1"/></net>

<net id="456"><net_src comp="418" pin="3"/><net_sink comp="452" pin=0"/></net>

<net id="457"><net_src comp="76" pin="0"/><net_sink comp="452" pin=1"/></net>

<net id="462"><net_src comp="452" pin="2"/><net_sink comp="458" pin=0"/></net>

<net id="463"><net_src comp="446" pin="2"/><net_sink comp="458" pin=1"/></net>

<net id="467"><net_src comp="118" pin="2"/><net_sink comp="464" pin=0"/></net>

<net id="472"><net_src comp="398" pin="1"/><net_sink comp="468" pin=0"/></net>

<net id="473"><net_src comp="464" pin="1"/><net_sink comp="468" pin=1"/></net>

<net id="479"><net_src comp="78" pin="0"/><net_sink comp="474" pin=0"/></net>

<net id="480"><net_src comp="468" pin="2"/><net_sink comp="474" pin=1"/></net>

<net id="481"><net_src comp="46" pin="0"/><net_sink comp="474" pin=2"/></net>

<net id="485"><net_src comp="474" pin="3"/><net_sink comp="482" pin=0"/></net>

<net id="489"><net_src comp="124" pin="2"/><net_sink comp="486" pin=0"/></net>

<net id="494"><net_src comp="182" pin="1"/><net_sink comp="490" pin=0"/></net>

<net id="495"><net_src comp="486" pin="1"/><net_sink comp="490" pin=1"/></net>

<net id="501"><net_src comp="80" pin="0"/><net_sink comp="496" pin=0"/></net>

<net id="502"><net_src comp="490" pin="2"/><net_sink comp="496" pin=1"/></net>

<net id="503"><net_src comp="82" pin="0"/><net_sink comp="496" pin=2"/></net>

<net id="507"><net_src comp="496" pin="3"/><net_sink comp="504" pin=0"/></net>

<net id="512"><net_src comp="230" pin="1"/><net_sink comp="508" pin=0"/></net>

<net id="513"><net_src comp="246" pin="1"/><net_sink comp="508" pin=1"/></net>

<net id="518"><net_src comp="508" pin="2"/><net_sink comp="514" pin=0"/></net>

<net id="519"><net_src comp="210" pin="3"/><net_sink comp="514" pin=1"/></net>

<net id="524"><net_src comp="504" pin="1"/><net_sink comp="520" pin=0"/></net>

<net id="525"><net_src comp="274" pin="1"/><net_sink comp="520" pin=1"/></net>

<net id="529"><net_src comp="520" pin="2"/><net_sink comp="526" pin=0"/></net>

<net id="534"><net_src comp="482" pin="1"/><net_sink comp="530" pin=0"/></net>

<net id="535"><net_src comp="84" pin="0"/><net_sink comp="530" pin=1"/></net>

<net id="539"><net_src comp="530" pin="2"/><net_sink comp="536" pin=0"/></net>

<net id="544"><net_src comp="536" pin="1"/><net_sink comp="540" pin=0"/></net>

<net id="545"><net_src comp="526" pin="1"/><net_sink comp="540" pin=1"/></net>

<net id="550"><net_src comp="540" pin="2"/><net_sink comp="546" pin=0"/></net>

<net id="551"><net_src comp="514" pin="2"/><net_sink comp="546" pin=1"/></net>

<net id="558"><net_src comp="86" pin="0"/><net_sink comp="552" pin=0"/></net>

<net id="559"><net_src comp="384" pin="2"/><net_sink comp="552" pin=1"/></net>

<net id="560"><net_src comp="88" pin="0"/><net_sink comp="552" pin=2"/></net>

<net id="561"><net_src comp="90" pin="0"/><net_sink comp="552" pin=3"/></net>

<net id="568"><net_src comp="86" pin="0"/><net_sink comp="562" pin=0"/></net>

<net id="569"><net_src comp="458" pin="2"/><net_sink comp="562" pin=1"/></net>

<net id="570"><net_src comp="88" pin="0"/><net_sink comp="562" pin=2"/></net>

<net id="571"><net_src comp="90" pin="0"/><net_sink comp="562" pin=3"/></net>

<net id="578"><net_src comp="86" pin="0"/><net_sink comp="572" pin=0"/></net>

<net id="579"><net_src comp="546" pin="2"/><net_sink comp="572" pin=1"/></net>

<net id="580"><net_src comp="88" pin="0"/><net_sink comp="572" pin=2"/></net>

<net id="581"><net_src comp="90" pin="0"/><net_sink comp="572" pin=3"/></net>

<net id="588"><net_src comp="86" pin="0"/><net_sink comp="582" pin=0"/></net>

<net id="589"><net_src comp="308" pin="2"/><net_sink comp="582" pin=1"/></net>

<net id="590"><net_src comp="88" pin="0"/><net_sink comp="582" pin=2"/></net>

<net id="591"><net_src comp="90" pin="0"/><net_sink comp="582" pin=3"/></net>

<net id="596"><net_src comp="92" pin="0"/><net_sink comp="592" pin=0"/></net>

<net id="597"><net_src comp="552" pin="4"/><net_sink comp="592" pin=1"/></net>

<net id="602"><net_src comp="592" pin="2"/><net_sink comp="598" pin=0"/></net>

<net id="603"><net_src comp="562" pin="4"/><net_sink comp="598" pin=1"/></net>

<net id="608"><net_src comp="598" pin="2"/><net_sink comp="604" pin=0"/></net>

<net id="609"><net_src comp="572" pin="4"/><net_sink comp="604" pin=1"/></net>

<net id="614"><net_src comp="604" pin="2"/><net_sink comp="610" pin=0"/></net>

<net id="615"><net_src comp="582" pin="4"/><net_sink comp="610" pin=1"/></net>

</net_list>

</model> 
---------------- Datapath Model END ------------------

* FSMD analyzer results:
  - Output states:
 - Input state : 
	Port: dense_latency<ap_fixed<11, 6, 5, 3, 0>, ap_fixed<9, 7, 5, 3, 0>, config3> : data_0_val | {1 }
	Port: dense_latency<ap_fixed<11, 6, 5, 3, 0>, ap_fixed<9, 7, 5, 3, 0>, config3> : data_1_val | {1 }
	Port: dense_latency<ap_fixed<11, 6, 5, 3, 0>, ap_fixed<9, 7, 5, 3, 0>, config3> : data_2_val | {1 }
	Port: dense_latency<ap_fixed<11, 6, 5, 3, 0>, ap_fixed<9, 7, 5, 3, 0>, config3> : data_4_val | {1 }
	Port: dense_latency<ap_fixed<11, 6, 5, 3, 0>, ap_fixed<9, 7, 5, 3, 0>, config3> : data_5_val | {1 }
	Port: dense_latency<ap_fixed<11, 6, 5, 3, 0>, ap_fixed<9, 7, 5, 3, 0>, config3> : data_6_val | {1 }
	Port: dense_latency<ap_fixed<11, 6, 5, 3, 0>, ap_fixed<9, 7, 5, 3, 0>, config3> : data_7_val | {1 }
	Port: dense_latency<ap_fixed<11, 6, 5, 3, 0>, ap_fixed<9, 7, 5, 3, 0>, config3> : data_8_val | {1 }
	Port: dense_latency<ap_fixed<11, 6, 5, 3, 0>, ap_fixed<9, 7, 5, 3, 0>, config3> : data_11_val | {1 }
	Port: dense_latency<ap_fixed<11, 6, 5, 3, 0>, ap_fixed<9, 7, 5, 3, 0>, config3> : data_12_val | {1 }
	Port: dense_latency<ap_fixed<11, 6, 5, 3, 0>, ap_fixed<9, 7, 5, 3, 0>, config3> : data_14_val | {1 }
	Port: dense_latency<ap_fixed<11, 6, 5, 3, 0>, ap_fixed<9, 7, 5, 3, 0>, config3> : data_15_val | {1 }
  - Chain level:
	State 1
		sext_ln17 : 1
		sext_ln42_1 : 1
		sext_ln42_2 : 1
		sext_ln17_1 : 1
		sext_ln17_2 : 1
		sext_ln42_3 : 1
		sub_ln58 : 2
		add_ln58 : 2
		sext_ln58 : 3
		sub_ln58_1 : 4
		add_ln58_11 : 5
		tmp36 : 1
		tmp36_cast : 2
		tmp5 : 3
		tmp : 4
		p_shl : 5
		tmp772 : 1
		tmp_s : 2
		tmp8 : 3
		add_ln58_12 : 4
		sub_ln58_2 : 5
		add_ln58_13 : 1
		sub_ln58_3 : 6
		add_ln58_14 : 7
		empty : 1
		p_cast : 2
		tmp1170 : 3
		tmp12 : 4
		tmp41 : 1
		tmp1468 : 2
		tmp15 : 3
		add_ln58_15 : 4
		add_ln58_16 : 5
		add_ln58_17 : 6
		tmp1666 : 1
		tmp_17 : 2
		tmp_20_cast : 3
		tmp1964 : 1
		tmp_18 : 2
		sext_ln58_4 : 3
		add_ln58_18 : 2
		add_ln58_19 : 3
		sub_ln58_4 : 4
		sext_ln58_5 : 5
		add_ln58_20 : 4
		sext_ln58_6 : 5
		add_ln58_21 : 6
		add_ln58_22 : 7
		trunc_ln : 8
		trunc_ln111_6 : 7
		trunc_ln111_7 : 8
		trunc_ln111_8 : 6
		newret : 9
		newret2 : 10
		newret4 : 11
		newret6 : 12
		ret_ln111 : 13


============================================================
+ Verbose Summary: Datapath Resource usage 
============================================================

* Functional unit list:
|----------|------------------------------|---------|---------|
| Operation|        Functional Unit       |    FF   |   LUT   |
|----------|------------------------------|---------|---------|
|          |        add_ln58_fu_292       |    0    |    27   |
|          |      add_ln58_11_fu_308      |    0    |    23   |
|          |         tmp36_fu_314         |    0    |    16   |
|          |          tmp5_fu_324         |    0    |    17   |
|          |         tmp772_fu_342        |    0    |    16   |
|          |      add_ln58_12_fu_360      |    0    |    29   |
|          |      add_ln58_13_fu_372      |    0    |    23   |
|          |      add_ln58_14_fu_384      |    0    |    23   |
|          |         empty_fu_402         |    0    |    15   |
|    add   |         tmp41_fu_426         |    0    |    18   |
|          |        tmp1468_fu_432        |    0    |    17   |
|          |      add_ln58_15_fu_446      |    0    |    23   |
|          |      add_ln58_16_fu_452      |    0    |    30   |
|          |      add_ln58_17_fu_458      |    0    |    23   |
|          |        tmp1666_fu_468        |    0    |    16   |
|          |      add_ln58_18_fu_508      |    0    |    29   |
|          |      add_ln58_19_fu_514      |    0    |    23   |
|          |      add_ln58_20_fu_530      |    0    |    28   |
|          |      add_ln58_21_fu_540      |    0    |    29   |
|          |      add_ln58_22_fu_546      |    0    |    23   |
|----------|------------------------------|---------|---------|
|          |        sub_ln58_fu_286       |    0    |    23   |
|          |       sub_ln58_1_fu_302      |    0    |    29   |
|          |       sub_ln58_2_fu_366      |    0    |    23   |
|    sub   |       sub_ln58_3_fu_378      |    0    |    23   |
|          |        tmp1170_fu_412        |    0    |    16   |
|          |        tmp1964_fu_490        |    0    |    16   |
|          |       sub_ln58_4_fu_520      |    0    |    27   |
|----------|------------------------------|---------|---------|
|          |  data_15_val_read_read_fu_94 |    0    |    0    |
|          | data_14_val_read_read_fu_100 |    0    |    0    |
|          | data_12_val_read_read_fu_106 |    0    |    0    |
|          | data_11_val_read_read_fu_112 |    0    |    0    |
|          |  data_8_val_read_read_fu_118 |    0    |    0    |
|   read   |  data_7_val_read_read_fu_124 |    0    |    0    |
|          |  data_6_val_read_read_fu_130 |    0    |    0    |
|          |  data_5_val_read_read_fu_136 |    0    |    0    |
|          |  data_4_val_read_read_fu_142 |    0    |    0    |
|          |  data_2_val_read_read_fu_148 |    0    |    0    |
|          |  data_1_val_read_read_fu_154 |    0    |    0    |
|          |  data_0_val_read_read_fu_160 |    0    |    0    |
|----------|------------------------------|---------|---------|
|          |       sext_ln33_fu_166       |    0    |    0    |
|          |      sext_ln33_1_fu_170      |    0    |    0    |
|          |      sext_ln33_2_fu_174      |    0    |    0    |
|          |      sext_ln33_3_fu_178      |    0    |    0    |
|          |      sext_ln33_4_fu_182      |    0    |    0    |
|          |       sext_ln17_fu_194       |    0    |    0    |
|          |      sext_ln42_1_fu_206      |    0    |    0    |
|          |       sext_ln73_fu_218       |    0    |    0    |
|          |      sext_ln42_2_fu_230      |    0    |    0    |
|          |       sext_ln42_fu_234       |    0    |    0    |
|          |      sext_ln17_1_fu_246      |    0    |    0    |
|          |      sext_ln17_2_fu_258      |    0    |    0    |
|          |      sext_ln73_1_fu_262      |    0    |    0    |
|   sext   |      sext_ln42_3_fu_274      |    0    |    0    |
|          |       sext_ln58_fu_298       |    0    |    0    |
|          |       tmp36_cast_fu_320      |    0    |    0    |
|          |         p_shl_fu_338         |    0    |    0    |
|          |          tmp8_fu_356         |    0    |    0    |
|          |   data_12_val_cast10_fu_390  |    0    |    0    |
|          |   data_11_val_cast11_fu_394  |    0    |    0    |
|          |   data_15_val_cast22_fu_398  |    0    |    0    |
|          |         p_cast_fu_408        |    0    |    0    |
|          |   data_8_val_cast13_fu_464   |    0    |    0    |
|          |      tmp_20_cast_fu_482      |    0    |    0    |
|          |   data_7_val_cast15_fu_486   |    0    |    0    |
|          |      sext_ln58_4_fu_504      |    0    |    0    |
|          |      sext_ln58_5_fu_526      |    0    |    0    |
|          |      sext_ln58_6_fu_536      |    0    |    0    |
|----------|------------------------------|---------|---------|
|          |          mult_fu_186         |    0    |    0    |
|          |         tmp_26_fu_198        |    0    |    0    |
|          |         mult_4_fu_210        |    0    |    0    |
|          |         mult_5_fu_222        |    0    |    0    |
|          |         mult_6_fu_238        |    0    |    0    |
|          |         mult_7_fu_250        |    0    |    0    |
|bitconcatenate|         mult_8_fu_266        |    0    |    0    |
|          |         mult_9_fu_278        |    0    |    0    |
|          |          tmp_fu_330          |    0    |    0    |
|          |         tmp_s_fu_348         |    0    |    0    |
|          |         tmp12_fu_418         |    0    |    0    |
|          |         tmp15_fu_438         |    0    |    0    |
|          |         tmp_17_fu_474        |    0    |    0    |
|          |         tmp_18_fu_496        |    0    |    0    |
|----------|------------------------------|---------|---------|
|          |        trunc_ln_fu_552       |    0    |    0    |
|partselect|     trunc_ln111_6_fu_562     |    0    |    0    |
|          |     trunc_ln111_7_fu_572     |    0    |    0    |
|          |     trunc_ln111_8_fu_582     |    0    |    0    |
|----------|------------------------------|---------|---------|
|          |         newret_fu_592        |    0    |    0    |
|insertvalue|        newret2_fu_598        |    0    |    0    |
|          |        newret4_fu_604        |    0    |    0    |
|          |        newret6_fu_610        |    0    |    0    |
|----------|------------------------------|---------|---------|
|   Total  |                              |    0    |   605   |
|----------|------------------------------|---------|---------|

Memories:
N/A

* Register list:
N/A

* Multiplexer (MUX) list: 
|--------|------|------|------|--------|
|  Comp  |  Pin | Size |  BW  | S x BW |
|--------|------|------|------|--------|
|  Total |      |      |      |    0   |
|--------|------|------|------|--------|



* Summary:
+-----------+--------+--------+
|           |   FF   |   LUT  |
+-----------+--------+--------+
|  Function |    0   |   605  |
|   Memory  |    -   |    -   |
|Multiplexer|    -   |    -   |
|  Register |    -   |    -   |
+-----------+--------+--------+
|   Total   |    0   |   605  |
+-----------+--------+--------+
