

================================================================
== Vitis HLS Report for 'relu_ap_fixed_9_7_5_3_0_ap_ufixed_8_6_5_3_0_ReLU_config16_s'
================================================================
* Date:           Wed Feb 26 01:38:20 2025

* Version:        2024.1 (Build 5069499 on May 21 2024)
* Project:        myproject_prj
* Solution:       solution1 (Vivado IP Flow Target)
* Product family: virtexuplusHBM
* Target device:  xcu50-fsvh2104-2-e


================================================================
== Performance Estimates
================================================================
+ Timing: 
    * Summary: 
    +--------+---------+----------+------------+
    |  Clock |  Target | Estimated| Uncertainty|
    +--------+---------+----------+------------+
    |ap_clk  |  5.00 ns|  1.018 ns|     1.35 ns|
    +--------+---------+----------+------------+

+ Latency: 
    * Summary: 
    +---------+---------+----------+----------+-----+-----+---------+
    |  Latency (cycles) |  Latency (absolute) |  Interval | Pipeline|
    |   min   |   max   |    min   |    max   | min | max |   Type  |
    +---------+---------+----------+----------+-----+-----+---------+
    |        0|        0|      0 ns|      0 ns|    1|    1|      yes|
    +---------+---------+----------+----------+-----+-----+---------+

    + Detail: 
        * Instance: 
        N/A

        * Loop: 
        N/A

============================================================
+ Verbose Summary: Synthesis Manager
============================================================
InlineROM: 1
ExposeGlobal: 0
============================================================
+ Verbose Summary: CDFG Model
============================================================
IsTopModel: 0
ResetActiveHigh: 1
IsCombinational: 0
IsDatapathOnly: 0
HasWiredReturn: 1
HasMFsm: 2
HasVarLatency: 0
IsPipeline: 1
IsRtlPipelined: 0
IsInstanceOverlapped: 0
IsDontTouch: 0
HasImplIP: 0
IsGatedGlobalClock: 0

+ Individual pipeline summary: 
  * Pipeline-0: initiation interval (II) = 1, depth = 1


============================================================
+ Verbose Summary: Schedule
============================================================
* Number of FSM states : 1
* Pipeline : 1
  Pipeline-0 : II = 1, D = 1, States = { 1 }
* Dataflow Pipeline: 0

* FSM state transitions: 
1 --> 

* FSM state operations: 

State 1 <SV = 0> <Delay = 1.01>
ST_1 : Operation 2 [1/1] (0.00ns)   --->   "%specpipeline_ln42 = specpipeline void @_ssdm_op_SpecPipeline, i32 4294967295, i32 0, i32 0, i32 0, void @empty_0" [firmware/nnet_utils/nnet_activation.h:42]   --->   Operation 2 'specpipeline' 'specpipeline_ln42' <Predicate = true> <Delay = 0.00>
ST_1 : Operation 3 [1/1] (0.00ns)   --->   "%data_27_val_read = read i9 @_ssdm_op_Read.ap_auto.i9, i9 %data_27_val" [firmware/nnet_utils/nnet_activation.h:42]   --->   Operation 3 'read' 'data_27_val_read' <Predicate = true> <Delay = 0.00>
ST_1 : Operation 4 [1/1] (0.00ns)   --->   "%data_12_val_read = read i9 @_ssdm_op_Read.ap_auto.i9, i9 %data_12_val" [firmware/nnet_utils/nnet_activation.h:42]   --->   Operation 4 'read' 'data_12_val_read' <Predicate = true> <Delay = 0.00>
ST_1 : Operation 5 [1/1] (0.71ns)   --->   "%icmp_ln45 = icmp_sgt  i9 %data_12_val_read, i9 0" [firmware/nnet_utils/nnet_activation.h:45]   --->   Operation 5 'icmp' 'icmp_ln45' <Predicate = true> <Delay = 0.71> <CoreInst = "Cmp">   --->   Core 9 'Cmp' <Latency = 0> <II = 1> <Delay = 0.71> <FuncUnit> <Opcode : 'seteq' 'setne' 'setle' 'setge' 'setlt' 'setgt'> <InPorts = 2> <OutPorts = 1>
ST_1 : Operation 6 [1/1] (0.00ns)   --->   "%trunc_ln46 = trunc i9 %data_12_val_read" [firmware/nnet_utils/nnet_activation.h:46]   --->   Operation 6 'trunc' 'trunc_ln46' <Predicate = (icmp_ln45)> <Delay = 0.00>
ST_1 : Operation 7 [1/1] (0.30ns)   --->   "%select_ln45 = select i1 %icmp_ln45, i8 %trunc_ln46, i8 0" [firmware/nnet_utils/nnet_activation.h:45]   --->   Operation 7 'select' 'select_ln45' <Predicate = true> <Delay = 0.30> <CoreInst = "Sel">   --->   Core 73 'Sel' <Latency = 0> <II = 1> <Delay = 0.30> <FuncUnit> <Opcode : 'select'> <InPorts = 3> <OutPorts = 1>
ST_1 : Operation 8 [1/1] (0.71ns)   --->   "%icmp_ln45_4 = icmp_sgt  i9 %data_27_val_read, i9 0" [firmware/nnet_utils/nnet_activation.h:45]   --->   Operation 8 'icmp' 'icmp_ln45_4' <Predicate = true> <Delay = 0.71> <CoreInst = "Cmp">   --->   Core 9 'Cmp' <Latency = 0> <II = 1> <Delay = 0.71> <FuncUnit> <Opcode : 'seteq' 'setne' 'setle' 'setge' 'setlt' 'setgt'> <InPorts = 2> <OutPorts = 1>
ST_1 : Operation 9 [1/1] (0.00ns)   --->   "%trunc_ln46_4 = trunc i9 %data_27_val_read" [firmware/nnet_utils/nnet_activation.h:46]   --->   Operation 9 'trunc' 'trunc_ln46_4' <Predicate = (icmp_ln45_4)> <Delay = 0.00>
ST_1 : Operation 10 [1/1] (0.30ns)   --->   "%select_ln45_4 = select i1 %icmp_ln45_4, i8 %trunc_ln46_4, i8 0" [firmware/nnet_utils/nnet_activation.h:45]   --->   Operation 10 'select' 'select_ln45_4' <Predicate = true> <Delay = 0.30> <CoreInst = "Sel">   --->   Core 73 'Sel' <Latency = 0> <II = 1> <Delay = 0.30> <FuncUnit> <Opcode : 'select'> <InPorts = 3> <OutPorts = 1>
ST_1 : Operation 11 [1/1] (0.00ns)   --->   "%newret = insertvalue i16 <undef>, i8 %select_ln45" [firmware/nnet_utils/nnet_activation.h:45]   --->   Operation 11 'insertvalue' 'newret' <Predicate = true> <Delay = 0.00>
ST_1 : Operation 12 [1/1] (0.00ns)   --->   "%newret2 = insertvalue i16 %newret, i8 %select_ln45_4" [firmware/nnet_utils/nnet_activation.h:45]   --->   Operation 12 'insertvalue' 'newret2' <Predicate = true> <Delay = 0.00>
ST_1 : Operation 13 [1/1] (0.00ns)   --->   "%ret_ln45 = ret i16 %newret2" [firmware/nnet_utils/nnet_activation.h:45]   --->   Operation 13 'ret' 'ret_ln45' <Predicate = true> <Delay = 0.00>


============================================================
+ Verbose Summary: Timing violations
============================================================
Target clock period: 5.000ns, clock uncertainty: 1.350ns.

 <State 1>: 1.018ns
The critical path consists of the following:
	wire read operation ('data_12_val_read', firmware/nnet_utils/nnet_activation.h:42) on port 'data_12_val' (firmware/nnet_utils/nnet_activation.h:42) [5]  (0.000 ns)
	'icmp' operation 1 bit ('icmp_ln45', firmware/nnet_utils/nnet_activation.h:45) [6]  (0.715 ns)
	'select' operation 8 bit ('select_ln45', firmware/nnet_utils/nnet_activation.h:45) [8]  (0.303 ns)


============================================================
+ Verbose Summary: Binding
============================================================
N/A
* FSMD analyzer results:
  - Output states:
 - Input state : 
  - Chain level:
	State 1


============================================================
+ Verbose Summary: Datapath Resource usage 
============================================================
N/A
