

================================================================
== Vitis HLS Report for 'relu_ap_fixed_16_6_5_3_0_ap_fixed_16_6_5_3_0_relu_config7_s'
================================================================
* Date:           Wed Feb 26 01:02:58 2025

* Version:        2024.1 (Build 5069499 on May 21 2024)
* Project:        myproject_prj
* Solution:       solution1 (Vivado IP Flow Target)
* Product family: virtexuplusHBM
* Target device:  xcu50-fsvh2104-2-e


================================================================
== Performance Estimates
================================================================
+ Timing: 
    * Summary: 
    +--------+---------+----------+------------+
    |  Clock |  Target | Estimated| Uncertainty|
    +--------+---------+----------+------------+
    |ap_clk  |  5.00 ns|  1.078 ns|     1.35 ns|
    +--------+---------+----------+------------+

+ Latency: 
    * Summary: 
    +---------+---------+----------+----------+-----+-----+---------+
    |  Latency (cycles) |  Latency (absolute) |  Interval | Pipeline|
    |   min   |   max   |    min   |    max   | min | max |   Type  |
    +---------+---------+----------+----------+-----+-----+---------+
    |        0|        0|      0 ns|      0 ns|    1|    1|      yes|
    +---------+---------+----------+----------+-----+-----+---------+

    + Detail: 
        * Instance: 
        N/A

        * Loop: 
        N/A



================================================================
== Utilization Estimates
================================================================
* Summary: 
+---------------------+---------+------+---------+--------+-----+
|         Name        | BRAM_18K|  DSP |    FF   |   LUT  | URAM|
+---------------------+---------+------+---------+--------+-----+
|DSP                  |        -|     -|        -|       -|    -|
|Expression           |        -|     -|        0|    1178|    -|
|FIFO                 |        -|     -|        -|       -|    -|
|Instance             |        -|     -|        -|       -|    -|
|Memory               |        -|     -|        -|       -|    -|
|Multiplexer          |        -|     -|        -|       -|    -|
|Register             |        -|     -|        -|       -|    -|
+---------------------+---------+------+---------+--------+-----+
|Total                |        0|     0|        0|    1178|    0|
+---------------------+---------+------+---------+--------+-----+
|Available SLR        |     1344|  2976|   871680|  435840|  320|
+---------------------+---------+------+---------+--------+-----+
|Utilization SLR (%)  |        0|     0|        0|      ~0|    0|
+---------------------+---------+------+---------+--------+-----+
|Available            |     2688|  5952|  1743360|  871680|  640|
+---------------------+---------+------+---------+--------+-----+
|Utilization (%)      |        0|     0|        0|      ~0|    0|
+---------------------+---------+------+---------+--------+-----+

+ Detail: 
    * Instance: 
    N/A

    * DSP: 
    N/A

    * Memory: 
    N/A

    * FIFO: 
    N/A

    * Expression: 
    +------------------------+----------+----+---+----+------------+------------+
    |      Variable Name     | Operation| DSP| FF| LUT| Bitwidth P0| Bitwidth P1|
    +------------------------+----------+----+---+----+------------+------------+
    |icmp_ln45_10_fu_568_p2  |      icmp|   0|  0|  23|          16|           1|
    |icmp_ln45_11_fu_586_p2  |      icmp|   0|  0|  23|          16|           1|
    |icmp_ln45_12_fu_604_p2  |      icmp|   0|  0|  23|          16|           1|
    |icmp_ln45_13_fu_622_p2  |      icmp|   0|  0|  23|          16|           1|
    |icmp_ln45_14_fu_640_p2  |      icmp|   0|  0|  23|          16|           1|
    |icmp_ln45_15_fu_658_p2  |      icmp|   0|  0|  23|          16|           1|
    |icmp_ln45_16_fu_676_p2  |      icmp|   0|  0|  23|          16|           1|
    |icmp_ln45_17_fu_694_p2  |      icmp|   0|  0|  23|          16|           1|
    |icmp_ln45_18_fu_712_p2  |      icmp|   0|  0|  23|          16|           1|
    |icmp_ln45_19_fu_730_p2  |      icmp|   0|  0|  23|          16|           1|
    |icmp_ln45_1_fu_406_p2   |      icmp|   0|  0|  23|          16|           1|
    |icmp_ln45_20_fu_748_p2  |      icmp|   0|  0|  23|          16|           1|
    |icmp_ln45_21_fu_766_p2  |      icmp|   0|  0|  23|          16|           1|
    |icmp_ln45_22_fu_784_p2  |      icmp|   0|  0|  23|          16|           1|
    |icmp_ln45_23_fu_802_p2  |      icmp|   0|  0|  23|          16|           1|
    |icmp_ln45_24_fu_820_p2  |      icmp|   0|  0|  23|          16|           1|
    |icmp_ln45_25_fu_838_p2  |      icmp|   0|  0|  23|          16|           1|
    |icmp_ln45_26_fu_856_p2  |      icmp|   0|  0|  23|          16|           1|
    |icmp_ln45_27_fu_874_p2  |      icmp|   0|  0|  23|          16|           1|
    |icmp_ln45_28_fu_892_p2  |      icmp|   0|  0|  23|          16|           1|
    |icmp_ln45_29_fu_910_p2  |      icmp|   0|  0|  23|          16|           1|
    |icmp_ln45_2_fu_424_p2   |      icmp|   0|  0|  23|          16|           1|
    |icmp_ln45_30_fu_928_p2  |      icmp|   0|  0|  23|          16|           1|
    |icmp_ln45_3_fu_442_p2   |      icmp|   0|  0|  23|          16|           1|
    |icmp_ln45_4_fu_460_p2   |      icmp|   0|  0|  23|          16|           1|
    |icmp_ln45_5_fu_478_p2   |      icmp|   0|  0|  23|          16|           1|
    |icmp_ln45_6_fu_496_p2   |      icmp|   0|  0|  23|          16|           1|
    |icmp_ln45_7_fu_514_p2   |      icmp|   0|  0|  23|          16|           1|
    |icmp_ln45_8_fu_532_p2   |      icmp|   0|  0|  23|          16|           1|
    |icmp_ln45_9_fu_550_p2   |      icmp|   0|  0|  23|          16|           1|
    |icmp_ln45_fu_388_p2     |      icmp|   0|  0|  23|          16|           1|
    |datareg_10_fu_574_p3    |    select|   0|  0|  15|           1|          15|
    |datareg_11_fu_592_p3    |    select|   0|  0|  15|           1|          15|
    |datareg_12_fu_610_p3    |    select|   0|  0|  15|           1|          15|
    |datareg_13_fu_628_p3    |    select|   0|  0|  15|           1|          15|
    |datareg_14_fu_646_p3    |    select|   0|  0|  15|           1|          15|
    |datareg_15_fu_664_p3    |    select|   0|  0|  15|           1|          15|
    |datareg_16_fu_682_p3    |    select|   0|  0|  15|           1|          15|
    |datareg_17_fu_700_p3    |    select|   0|  0|  15|           1|          15|
    |datareg_18_fu_718_p3    |    select|   0|  0|  15|           1|          15|
    |datareg_19_fu_736_p3    |    select|   0|  0|  15|           1|          15|
    |datareg_1_fu_412_p3     |    select|   0|  0|  15|           1|          15|
    |datareg_20_fu_754_p3    |    select|   0|  0|  15|           1|          15|
    |datareg_21_fu_772_p3    |    select|   0|  0|  15|           1|          15|
    |datareg_22_fu_790_p3    |    select|   0|  0|  15|           1|          15|
    |datareg_23_fu_808_p3    |    select|   0|  0|  15|           1|          15|
    |datareg_24_fu_826_p3    |    select|   0|  0|  15|           1|          15|
    |datareg_25_fu_844_p3    |    select|   0|  0|  15|           1|          15|
    |datareg_26_fu_862_p3    |    select|   0|  0|  15|           1|          15|
    |datareg_27_fu_880_p3    |    select|   0|  0|  15|           1|          15|
    |datareg_28_fu_898_p3    |    select|   0|  0|  15|           1|          15|
    |datareg_29_fu_916_p3    |    select|   0|  0|  15|           1|          15|
    |datareg_2_fu_430_p3     |    select|   0|  0|  15|           1|          15|
    |datareg_30_fu_934_p3    |    select|   0|  0|  15|           1|          15|
    |datareg_3_fu_448_p3     |    select|   0|  0|  15|           1|          15|
    |datareg_4_fu_466_p3     |    select|   0|  0|  15|           1|          15|
    |datareg_5_fu_484_p3     |    select|   0|  0|  15|           1|          15|
    |datareg_6_fu_502_p3     |    select|   0|  0|  15|           1|          15|
    |datareg_7_fu_520_p3     |    select|   0|  0|  15|           1|          15|
    |datareg_8_fu_538_p3     |    select|   0|  0|  15|           1|          15|
    |datareg_9_fu_556_p3     |    select|   0|  0|  15|           1|          15|
    |datareg_fu_394_p3       |    select|   0|  0|  15|           1|          15|
    +------------------------+----------+----+---+----+------------+------------+
    |Total                   |          |   0|  0|1178|         527|         496|
    +------------------------+----------+----+---+----+------------+------------+

    * Multiplexer: 
    N/A

    * Register: 
    N/A



================================================================
== Interface
================================================================
* Summary: 
+--------------+-----+-----+------------+------------------------------------------------------------------------+--------------+
|   RTL Ports  | Dir | Bits|  Protocol  |                              Source Object                             |    C Type    |
+--------------+-----+-----+------------+------------------------------------------------------------------------+--------------+
|ap_ready      |  out|    1|  ap_ctrl_hs|  relu<ap_fixed<16, 6, 5, 3, 0>, ap_fixed<16, 6, 5, 3, 0>, relu_config7>|  return value|
|ap_return_0   |  out|   16|  ap_ctrl_hs|  relu<ap_fixed<16, 6, 5, 3, 0>, ap_fixed<16, 6, 5, 3, 0>, relu_config7>|  return value|
|ap_return_1   |  out|   16|  ap_ctrl_hs|  relu<ap_fixed<16, 6, 5, 3, 0>, ap_fixed<16, 6, 5, 3, 0>, relu_config7>|  return value|
|ap_return_2   |  out|   16|  ap_ctrl_hs|  relu<ap_fixed<16, 6, 5, 3, 0>, ap_fixed<16, 6, 5, 3, 0>, relu_config7>|  return value|
|ap_return_3   |  out|   16|  ap_ctrl_hs|  relu<ap_fixed<16, 6, 5, 3, 0>, ap_fixed<16, 6, 5, 3, 0>, relu_config7>|  return value|
|ap_return_4   |  out|   16|  ap_ctrl_hs|  relu<ap_fixed<16, 6, 5, 3, 0>, ap_fixed<16, 6, 5, 3, 0>, relu_config7>|  return value|
|ap_return_5   |  out|   16|  ap_ctrl_hs|  relu<ap_fixed<16, 6, 5, 3, 0>, ap_fixed<16, 6, 5, 3, 0>, relu_config7>|  return value|
|ap_return_6   |  out|   16|  ap_ctrl_hs|  relu<ap_fixed<16, 6, 5, 3, 0>, ap_fixed<16, 6, 5, 3, 0>, relu_config7>|  return value|
|ap_return_7   |  out|   16|  ap_ctrl_hs|  relu<ap_fixed<16, 6, 5, 3, 0>, ap_fixed<16, 6, 5, 3, 0>, relu_config7>|  return value|
|ap_return_8   |  out|   16|  ap_ctrl_hs|  relu<ap_fixed<16, 6, 5, 3, 0>, ap_fixed<16, 6, 5, 3, 0>, relu_config7>|  return value|
|ap_return_9   |  out|   16|  ap_ctrl_hs|  relu<ap_fixed<16, 6, 5, 3, 0>, ap_fixed<16, 6, 5, 3, 0>, relu_config7>|  return value|
|ap_return_10  |  out|   16|  ap_ctrl_hs|  relu<ap_fixed<16, 6, 5, 3, 0>, ap_fixed<16, 6, 5, 3, 0>, relu_config7>|  return value|
|ap_return_11  |  out|   16|  ap_ctrl_hs|  relu<ap_fixed<16, 6, 5, 3, 0>, ap_fixed<16, 6, 5, 3, 0>, relu_config7>|  return value|
|ap_return_12  |  out|   16|  ap_ctrl_hs|  relu<ap_fixed<16, 6, 5, 3, 0>, ap_fixed<16, 6, 5, 3, 0>, relu_config7>|  return value|
|ap_return_13  |  out|   16|  ap_ctrl_hs|  relu<ap_fixed<16, 6, 5, 3, 0>, ap_fixed<16, 6, 5, 3, 0>, relu_config7>|  return value|
|ap_return_14  |  out|   16|  ap_ctrl_hs|  relu<ap_fixed<16, 6, 5, 3, 0>, ap_fixed<16, 6, 5, 3, 0>, relu_config7>|  return value|
|ap_return_15  |  out|   16|  ap_ctrl_hs|  relu<ap_fixed<16, 6, 5, 3, 0>, ap_fixed<16, 6, 5, 3, 0>, relu_config7>|  return value|
|ap_return_16  |  out|   16|  ap_ctrl_hs|  relu<ap_fixed<16, 6, 5, 3, 0>, ap_fixed<16, 6, 5, 3, 0>, relu_config7>|  return value|
|ap_return_17  |  out|   16|  ap_ctrl_hs|  relu<ap_fixed<16, 6, 5, 3, 0>, ap_fixed<16, 6, 5, 3, 0>, relu_config7>|  return value|
|ap_return_18  |  out|   16|  ap_ctrl_hs|  relu<ap_fixed<16, 6, 5, 3, 0>, ap_fixed<16, 6, 5, 3, 0>, relu_config7>|  return value|
|ap_return_19  |  out|   16|  ap_ctrl_hs|  relu<ap_fixed<16, 6, 5, 3, 0>, ap_fixed<16, 6, 5, 3, 0>, relu_config7>|  return value|
|ap_return_20  |  out|   16|  ap_ctrl_hs|  relu<ap_fixed<16, 6, 5, 3, 0>, ap_fixed<16, 6, 5, 3, 0>, relu_config7>|  return value|
|ap_return_21  |  out|   16|  ap_ctrl_hs|  relu<ap_fixed<16, 6, 5, 3, 0>, ap_fixed<16, 6, 5, 3, 0>, relu_config7>|  return value|
|ap_return_22  |  out|   16|  ap_ctrl_hs|  relu<ap_fixed<16, 6, 5, 3, 0>, ap_fixed<16, 6, 5, 3, 0>, relu_config7>|  return value|
|ap_return_23  |  out|   16|  ap_ctrl_hs|  relu<ap_fixed<16, 6, 5, 3, 0>, ap_fixed<16, 6, 5, 3, 0>, relu_config7>|  return value|
|ap_return_24  |  out|   16|  ap_ctrl_hs|  relu<ap_fixed<16, 6, 5, 3, 0>, ap_fixed<16, 6, 5, 3, 0>, relu_config7>|  return value|
|ap_return_25  |  out|   16|  ap_ctrl_hs|  relu<ap_fixed<16, 6, 5, 3, 0>, ap_fixed<16, 6, 5, 3, 0>, relu_config7>|  return value|
|ap_return_26  |  out|   16|  ap_ctrl_hs|  relu<ap_fixed<16, 6, 5, 3, 0>, ap_fixed<16, 6, 5, 3, 0>, relu_config7>|  return value|
|ap_return_27  |  out|   16|  ap_ctrl_hs|  relu<ap_fixed<16, 6, 5, 3, 0>, ap_fixed<16, 6, 5, 3, 0>, relu_config7>|  return value|
|ap_return_28  |  out|   16|  ap_ctrl_hs|  relu<ap_fixed<16, 6, 5, 3, 0>, ap_fixed<16, 6, 5, 3, 0>, relu_config7>|  return value|
|ap_return_29  |  out|   16|  ap_ctrl_hs|  relu<ap_fixed<16, 6, 5, 3, 0>, ap_fixed<16, 6, 5, 3, 0>, relu_config7>|  return value|
|ap_return_30  |  out|   16|  ap_ctrl_hs|  relu<ap_fixed<16, 6, 5, 3, 0>, ap_fixed<16, 6, 5, 3, 0>, relu_config7>|  return value|
|ap_rst        |   in|    1|  ap_ctrl_hs|  relu<ap_fixed<16, 6, 5, 3, 0>, ap_fixed<16, 6, 5, 3, 0>, relu_config7>|  return value|
|data_0_val    |   in|   16|     ap_none|                                                              data_0_val|        scalar|
|data_1_val    |   in|   16|     ap_none|                                                              data_1_val|        scalar|
|data_2_val    |   in|   16|     ap_none|                                                              data_2_val|        scalar|
|data_3_val    |   in|   16|     ap_none|                                                              data_3_val|        scalar|
|data_4_val    |   in|   16|     ap_none|                                                              data_4_val|        scalar|
|data_5_val    |   in|   16|     ap_none|                                                              data_5_val|        scalar|
|data_6_val    |   in|   16|     ap_none|                                                              data_6_val|        scalar|
|data_7_val    |   in|   16|     ap_none|                                                              data_7_val|        scalar|
|data_8_val    |   in|   16|     ap_none|                                                              data_8_val|        scalar|
|data_9_val    |   in|   16|     ap_none|                                                              data_9_val|        scalar|
|data_10_val   |   in|   16|     ap_none|                                                             data_10_val|        scalar|
|data_11_val   |   in|   16|     ap_none|                                                             data_11_val|        scalar|
|data_12_val   |   in|   16|     ap_none|                                                             data_12_val|        scalar|
|data_13_val   |   in|   16|     ap_none|                                                             data_13_val|        scalar|
|data_14_val   |   in|   16|     ap_none|                                                             data_14_val|        scalar|
|data_15_val   |   in|   16|     ap_none|                                                             data_15_val|        scalar|
|data_16_val   |   in|   16|     ap_none|                                                             data_16_val|        scalar|
|data_17_val   |   in|   16|     ap_none|                                                             data_17_val|        scalar|
|data_18_val   |   in|   16|     ap_none|                                                             data_18_val|        scalar|
|data_19_val   |   in|   16|     ap_none|                                                             data_19_val|        scalar|
|data_20_val   |   in|   16|     ap_none|                                                             data_20_val|        scalar|
|data_21_val   |   in|   16|     ap_none|                                                             data_21_val|        scalar|
|data_22_val   |   in|   16|     ap_none|                                                             data_22_val|        scalar|
|data_23_val   |   in|   16|     ap_none|                                                             data_23_val|        scalar|
|data_24_val   |   in|   16|     ap_none|                                                             data_24_val|        scalar|
|data_25_val   |   in|   16|     ap_none|                                                             data_25_val|        scalar|
|data_26_val   |   in|   16|     ap_none|                                                             data_26_val|        scalar|
|data_27_val   |   in|   16|     ap_none|                                                             data_27_val|        scalar|
|data_28_val   |   in|   16|     ap_none|                                                             data_28_val|        scalar|
|data_30_val   |   in|   16|     ap_none|                                                             data_30_val|        scalar|
|data_31_val   |   in|   16|     ap_none|                                                             data_31_val|        scalar|
+--------------+-----+-----+------------+------------------------------------------------------------------------+--------------+

