

================================================================
== Vitis HLS Report for 'relu_ap_fixed_16_6_5_3_0_ap_fixed_16_6_5_3_0_relu_config10_s'
================================================================
* Date:           Wed Feb 26 01:03:00 2025

* Version:        2024.1 (Build 5069499 on May 21 2024)
* Project:        myproject_prj
* Solution:       solution1 (Vivado IP Flow Target)
* Product family: virtexuplusHBM
* Target device:  xcu50-fsvh2104-2-e


================================================================
== Performance Estimates
================================================================
+ Timing: 
    * Summary: 
    +--------+---------+----------+------------+
    |  Clock |  Target | Estimated| Uncertainty|
    +--------+---------+----------+------------+
    |ap_clk  |  5.00 ns|  1.078 ns|     1.35 ns|
    +--------+---------+----------+------------+

+ Latency: 
    * Summary: 
    +---------+---------+----------+----------+-----+-----+---------+
    |  Latency (cycles) |  Latency (absolute) |  Interval | Pipeline|
    |   min   |   max   |    min   |    max   | min | max |   Type  |
    +---------+---------+----------+----------+-----+-----+---------+
    |        0|        0|      0 ns|      0 ns|    1|    1|      yes|
    +---------+---------+----------+----------+-----+-----+---------+

    + Detail: 
        * Instance: 
        N/A

        * Loop: 
        N/A



================================================================
== Utilization Estimates
================================================================
* Summary: 
+---------------------+---------+------+---------+--------+-----+
|         Name        | BRAM_18K|  DSP |    FF   |   LUT  | URAM|
+---------------------+---------+------+---------+--------+-----+
|DSP                  |        -|     -|        -|       -|    -|
|Expression           |        -|     -|        0|     912|    -|
|FIFO                 |        -|     -|        -|       -|    -|
|Instance             |        -|     -|        -|       -|    -|
|Memory               |        -|     -|        -|       -|    -|
|Multiplexer          |        -|     -|        -|       -|    -|
|Register             |        -|     -|        -|       -|    -|
+---------------------+---------+------+---------+--------+-----+
|Total                |        0|     0|        0|     912|    0|
+---------------------+---------+------+---------+--------+-----+
|Available SLR        |     1344|  2976|   871680|  435840|  320|
+---------------------+---------+------+---------+--------+-----+
|Utilization SLR (%)  |        0|     0|        0|      ~0|    0|
+---------------------+---------+------+---------+--------+-----+
|Available            |     2688|  5952|  1743360|  871680|  640|
+---------------------+---------+------+---------+--------+-----+
|Utilization (%)      |        0|     0|        0|      ~0|    0|
+---------------------+---------+------+---------+--------+-----+

+ Detail: 
    * Instance: 
    N/A

    * DSP: 
    N/A

    * Memory: 
    N/A

    * FIFO: 
    N/A

    * Expression: 
    +-------------------------+----------+----+---+----+------------+------------+
    |      Variable Name      | Operation| DSP| FF| LUT| Bitwidth P0| Bitwidth P1|
    +-------------------------+----------+----+---+----+------------+------------+
    |icmp_ln45_100_fu_502_p2  |      icmp|   0|  0|  23|          16|           1|
    |icmp_ln45_101_fu_520_p2  |      icmp|   0|  0|  23|          16|           1|
    |icmp_ln45_102_fu_538_p2  |      icmp|   0|  0|  23|          16|           1|
    |icmp_ln45_103_fu_556_p2  |      icmp|   0|  0|  23|          16|           1|
    |icmp_ln45_104_fu_574_p2  |      icmp|   0|  0|  23|          16|           1|
    |icmp_ln45_105_fu_592_p2  |      icmp|   0|  0|  23|          16|           1|
    |icmp_ln45_106_fu_610_p2  |      icmp|   0|  0|  23|          16|           1|
    |icmp_ln45_107_fu_628_p2  |      icmp|   0|  0|  23|          16|           1|
    |icmp_ln45_108_fu_646_p2  |      icmp|   0|  0|  23|          16|           1|
    |icmp_ln45_109_fu_664_p2  |      icmp|   0|  0|  23|          16|           1|
    |icmp_ln45_110_fu_682_p2  |      icmp|   0|  0|  23|          16|           1|
    |icmp_ln45_111_fu_700_p2  |      icmp|   0|  0|  23|          16|           1|
    |icmp_ln45_112_fu_718_p2  |      icmp|   0|  0|  23|          16|           1|
    |icmp_ln45_90_fu_322_p2   |      icmp|   0|  0|  23|          16|           1|
    |icmp_ln45_91_fu_340_p2   |      icmp|   0|  0|  23|          16|           1|
    |icmp_ln45_92_fu_358_p2   |      icmp|   0|  0|  23|          16|           1|
    |icmp_ln45_93_fu_376_p2   |      icmp|   0|  0|  23|          16|           1|
    |icmp_ln45_94_fu_394_p2   |      icmp|   0|  0|  23|          16|           1|
    |icmp_ln45_95_fu_412_p2   |      icmp|   0|  0|  23|          16|           1|
    |icmp_ln45_96_fu_430_p2   |      icmp|   0|  0|  23|          16|           1|
    |icmp_ln45_97_fu_448_p2   |      icmp|   0|  0|  23|          16|           1|
    |icmp_ln45_98_fu_466_p2   |      icmp|   0|  0|  23|          16|           1|
    |icmp_ln45_99_fu_484_p2   |      icmp|   0|  0|  23|          16|           1|
    |icmp_ln45_fu_304_p2      |      icmp|   0|  0|  23|          16|           1|
    |datareg_100_fu_508_p3    |    select|   0|  0|  15|           1|          15|
    |datareg_101_fu_526_p3    |    select|   0|  0|  15|           1|          15|
    |datareg_102_fu_544_p3    |    select|   0|  0|  15|           1|          15|
    |datareg_103_fu_562_p3    |    select|   0|  0|  15|           1|          15|
    |datareg_104_fu_580_p3    |    select|   0|  0|  15|           1|          15|
    |datareg_105_fu_598_p3    |    select|   0|  0|  15|           1|          15|
    |datareg_106_fu_616_p3    |    select|   0|  0|  15|           1|          15|
    |datareg_107_fu_634_p3    |    select|   0|  0|  15|           1|          15|
    |datareg_108_fu_652_p3    |    select|   0|  0|  15|           1|          15|
    |datareg_109_fu_670_p3    |    select|   0|  0|  15|           1|          15|
    |datareg_110_fu_688_p3    |    select|   0|  0|  15|           1|          15|
    |datareg_111_fu_706_p3    |    select|   0|  0|  15|           1|          15|
    |datareg_112_fu_724_p3    |    select|   0|  0|  15|           1|          15|
    |datareg_90_fu_328_p3     |    select|   0|  0|  15|           1|          15|
    |datareg_91_fu_346_p3     |    select|   0|  0|  15|           1|          15|
    |datareg_92_fu_364_p3     |    select|   0|  0|  15|           1|          15|
    |datareg_93_fu_382_p3     |    select|   0|  0|  15|           1|          15|
    |datareg_94_fu_400_p3     |    select|   0|  0|  15|           1|          15|
    |datareg_95_fu_418_p3     |    select|   0|  0|  15|           1|          15|
    |datareg_96_fu_436_p3     |    select|   0|  0|  15|           1|          15|
    |datareg_97_fu_454_p3     |    select|   0|  0|  15|           1|          15|
    |datareg_98_fu_472_p3     |    select|   0|  0|  15|           1|          15|
    |datareg_99_fu_490_p3     |    select|   0|  0|  15|           1|          15|
    |datareg_fu_310_p3        |    select|   0|  0|  15|           1|          15|
    +-------------------------+----------+----+---+----+------------+------------+
    |Total                    |          |   0|  0| 912|         408|         384|
    +-------------------------+----------+----+---+----+------------+------------+

    * Multiplexer: 
    N/A

    * Register: 
    N/A



================================================================
== Interface
================================================================
* Summary: 
+--------------+-----+-----+------------+-------------------------------------------------------------------------+--------------+
|   RTL Ports  | Dir | Bits|  Protocol  |                              Source Object                              |    C Type    |
+--------------+-----+-----+------------+-------------------------------------------------------------------------+--------------+
|ap_ready      |  out|    1|  ap_ctrl_hs|  relu<ap_fixed<16, 6, 5, 3, 0>, ap_fixed<16, 6, 5, 3, 0>, relu_config10>|  return value|
|ap_return_0   |  out|   16|  ap_ctrl_hs|  relu<ap_fixed<16, 6, 5, 3, 0>, ap_fixed<16, 6, 5, 3, 0>, relu_config10>|  return value|
|ap_return_1   |  out|   16|  ap_ctrl_hs|  relu<ap_fixed<16, 6, 5, 3, 0>, ap_fixed<16, 6, 5, 3, 0>, relu_config10>|  return value|
|ap_return_2   |  out|   16|  ap_ctrl_hs|  relu<ap_fixed<16, 6, 5, 3, 0>, ap_fixed<16, 6, 5, 3, 0>, relu_config10>|  return value|
|ap_return_3   |  out|   16|  ap_ctrl_hs|  relu<ap_fixed<16, 6, 5, 3, 0>, ap_fixed<16, 6, 5, 3, 0>, relu_config10>|  return value|
|ap_return_4   |  out|   16|  ap_ctrl_hs|  relu<ap_fixed<16, 6, 5, 3, 0>, ap_fixed<16, 6, 5, 3, 0>, relu_config10>|  return value|
|ap_return_5   |  out|   16|  ap_ctrl_hs|  relu<ap_fixed<16, 6, 5, 3, 0>, ap_fixed<16, 6, 5, 3, 0>, relu_config10>|  return value|
|ap_return_6   |  out|   16|  ap_ctrl_hs|  relu<ap_fixed<16, 6, 5, 3, 0>, ap_fixed<16, 6, 5, 3, 0>, relu_config10>|  return value|
|ap_return_7   |  out|   16|  ap_ctrl_hs|  relu<ap_fixed<16, 6, 5, 3, 0>, ap_fixed<16, 6, 5, 3, 0>, relu_config10>|  return value|
|ap_return_8   |  out|   16|  ap_ctrl_hs|  relu<ap_fixed<16, 6, 5, 3, 0>, ap_fixed<16, 6, 5, 3, 0>, relu_config10>|  return value|
|ap_return_9   |  out|   16|  ap_ctrl_hs|  relu<ap_fixed<16, 6, 5, 3, 0>, ap_fixed<16, 6, 5, 3, 0>, relu_config10>|  return value|
|ap_return_10  |  out|   16|  ap_ctrl_hs|  relu<ap_fixed<16, 6, 5, 3, 0>, ap_fixed<16, 6, 5, 3, 0>, relu_config10>|  return value|
|ap_return_11  |  out|   16|  ap_ctrl_hs|  relu<ap_fixed<16, 6, 5, 3, 0>, ap_fixed<16, 6, 5, 3, 0>, relu_config10>|  return value|
|ap_return_12  |  out|   16|  ap_ctrl_hs|  relu<ap_fixed<16, 6, 5, 3, 0>, ap_fixed<16, 6, 5, 3, 0>, relu_config10>|  return value|
|ap_return_13  |  out|   16|  ap_ctrl_hs|  relu<ap_fixed<16, 6, 5, 3, 0>, ap_fixed<16, 6, 5, 3, 0>, relu_config10>|  return value|
|ap_return_14  |  out|   16|  ap_ctrl_hs|  relu<ap_fixed<16, 6, 5, 3, 0>, ap_fixed<16, 6, 5, 3, 0>, relu_config10>|  return value|
|ap_return_15  |  out|   16|  ap_ctrl_hs|  relu<ap_fixed<16, 6, 5, 3, 0>, ap_fixed<16, 6, 5, 3, 0>, relu_config10>|  return value|
|ap_return_16  |  out|   16|  ap_ctrl_hs|  relu<ap_fixed<16, 6, 5, 3, 0>, ap_fixed<16, 6, 5, 3, 0>, relu_config10>|  return value|
|ap_return_17  |  out|   16|  ap_ctrl_hs|  relu<ap_fixed<16, 6, 5, 3, 0>, ap_fixed<16, 6, 5, 3, 0>, relu_config10>|  return value|
|ap_return_18  |  out|   16|  ap_ctrl_hs|  relu<ap_fixed<16, 6, 5, 3, 0>, ap_fixed<16, 6, 5, 3, 0>, relu_config10>|  return value|
|ap_return_19  |  out|   16|  ap_ctrl_hs|  relu<ap_fixed<16, 6, 5, 3, 0>, ap_fixed<16, 6, 5, 3, 0>, relu_config10>|  return value|
|ap_return_20  |  out|   16|  ap_ctrl_hs|  relu<ap_fixed<16, 6, 5, 3, 0>, ap_fixed<16, 6, 5, 3, 0>, relu_config10>|  return value|
|ap_return_21  |  out|   16|  ap_ctrl_hs|  relu<ap_fixed<16, 6, 5, 3, 0>, ap_fixed<16, 6, 5, 3, 0>, relu_config10>|  return value|
|ap_return_22  |  out|   16|  ap_ctrl_hs|  relu<ap_fixed<16, 6, 5, 3, 0>, ap_fixed<16, 6, 5, 3, 0>, relu_config10>|  return value|
|ap_return_23  |  out|   16|  ap_ctrl_hs|  relu<ap_fixed<16, 6, 5, 3, 0>, ap_fixed<16, 6, 5, 3, 0>, relu_config10>|  return value|
|ap_rst        |   in|    1|  ap_ctrl_hs|  relu<ap_fixed<16, 6, 5, 3, 0>, ap_fixed<16, 6, 5, 3, 0>, relu_config10>|  return value|
|data_0_val    |   in|   16|     ap_none|                                                               data_0_val|        scalar|
|data_1_val    |   in|   16|     ap_none|                                                               data_1_val|        scalar|
|data_2_val    |   in|   16|     ap_none|                                                               data_2_val|        scalar|
|data_3_val    |   in|   16|     ap_none|                                                               data_3_val|        scalar|
|data_4_val    |   in|   16|     ap_none|                                                               data_4_val|        scalar|
|data_5_val    |   in|   16|     ap_none|                                                               data_5_val|        scalar|
|data_6_val    |   in|   16|     ap_none|                                                               data_6_val|        scalar|
|data_9_val    |   in|   16|     ap_none|                                                               data_9_val|        scalar|
|data_10_val   |   in|   16|     ap_none|                                                              data_10_val|        scalar|
|data_11_val   |   in|   16|     ap_none|                                                              data_11_val|        scalar|
|data_12_val   |   in|   16|     ap_none|                                                              data_12_val|        scalar|
|data_13_val   |   in|   16|     ap_none|                                                              data_13_val|        scalar|
|data_14_val   |   in|   16|     ap_none|                                                              data_14_val|        scalar|
|data_15_val   |   in|   16|     ap_none|                                                              data_15_val|        scalar|
|data_16_val   |   in|   16|     ap_none|                                                              data_16_val|        scalar|
|data_18_val   |   in|   16|     ap_none|                                                              data_18_val|        scalar|
|data_20_val   |   in|   16|     ap_none|                                                              data_20_val|        scalar|
|data_21_val   |   in|   16|     ap_none|                                                              data_21_val|        scalar|
|data_24_val   |   in|   16|     ap_none|                                                              data_24_val|        scalar|
|data_27_val   |   in|   16|     ap_none|                                                              data_27_val|        scalar|
|data_28_val   |   in|   16|     ap_none|                                                              data_28_val|        scalar|
|data_29_val   |   in|   16|     ap_none|                                                              data_29_val|        scalar|
|data_30_val   |   in|   16|     ap_none|                                                              data_30_val|        scalar|
|data_31_val   |   in|   16|     ap_none|                                                              data_31_val|        scalar|
+--------------+-----+-----+------------+-------------------------------------------------------------------------+--------------+

