

================================================================
== Vitis HLS Report for 'softmax_stable_ap_fixed_ap_fixed_16_6_5_3_0_softmax_config13_s'
================================================================
* Date:           Wed Feb 26 01:03:00 2025

* Version:        2024.1 (Build 5069499 on May 21 2024)
* Project:        myproject_prj
* Solution:       solution1 (Vivado IP Flow Target)
* Product family: virtexuplusHBM
* Target device:  xcu50-fsvh2104-2-e


================================================================
== Performance Estimates
================================================================
+ Timing: 
    * Summary: 
    +--------+---------+----------+------------+
    |  Clock |  Target | Estimated| Uncertainty|
    +--------+---------+----------+------------+
    |ap_clk  |  5.00 ns|  3.375 ns|     1.35 ns|
    +--------+---------+----------+------------+

+ Latency: 
    * Summary: 
    +---------+---------+-----------+-----------+-----+-----+---------+
    |  Latency (cycles) |   Latency (absolute)  |  Interval | Pipeline|
    |   min   |   max   |    min    |    max    | min | max |   Type  |
    +---------+---------+-----------+-----------+-----+-----+---------+
    |        4|        4|  20.000 ns|  20.000 ns|    1|    1|      yes|
    +---------+---------+-----------+-----------+-----+-----+---------+

    + Detail: 
        * Instance: 
        N/A

        * Loop: 
        N/A



================================================================
== Utilization Estimates
================================================================
* Summary: 
+---------------------+---------+------+---------+--------+-----+
|         Name        | BRAM_18K|  DSP |    FF   |   LUT  | URAM|
+---------------------+---------+------+---------+--------+-----+
|DSP                  |        -|     -|        -|       -|    -|
|Expression           |        -|     -|        0|     695|    -|
|FIFO                 |        -|     -|        -|       -|    -|
|Instance             |        -|     5|        0|      25|    -|
|Memory               |        8|     -|        0|       0|    -|
|Multiplexer          |        -|     -|        0|      70|    -|
|Register             |        -|     -|      445|       -|    -|
+---------------------+---------+------+---------+--------+-----+
|Total                |        8|     5|      445|     790|    0|
+---------------------+---------+------+---------+--------+-----+
|Available SLR        |     1344|  2976|   871680|  435840|  320|
+---------------------+---------+------+---------+--------+-----+
|Utilization SLR (%)  |       ~0|    ~0|       ~0|      ~0|    0|
+---------------------+---------+------+---------+--------+-----+
|Available            |     2688|  5952|  1743360|  871680|  640|
+---------------------+---------+------+---------+--------+-----+
|Utilization (%)      |       ~0|    ~0|       ~0|      ~0|    0|
+---------------------+---------+------+---------+--------+-----+

+ Detail: 
    * Instance: 
    +---------------------------+---------------------+---------+----+---+----+-----+
    |          Instance         |        Module       | BRAM_18K| DSP| FF| LUT| URAM|
    +---------------------------+---------------------+---------+----+---+----+-----+
    |mul_18s_17ns_26_1_0_U1060  |mul_18s_17ns_26_1_0  |        0|   1|  0|   5|    0|
    |mul_18s_17ns_26_1_0_U1061  |mul_18s_17ns_26_1_0  |        0|   1|  0|   5|    0|
    |mul_18s_17ns_26_1_0_U1062  |mul_18s_17ns_26_1_0  |        0|   1|  0|   5|    0|
    |mul_18s_17ns_26_1_0_U1063  |mul_18s_17ns_26_1_0  |        0|   1|  0|   5|    0|
    |mul_18s_17ns_26_1_0_U1064  |mul_18s_17ns_26_1_0  |        0|   1|  0|   5|    0|
    +---------------------------+---------------------+---------+----+---+----+-----+
    |Total                      |                     |        0|   5|  0|  25|    0|
    +---------------------------+---------------------+---------+----+---+----+-----+

    * DSP: 
    N/A

    * Memory: 
    +----------------+----------------------------------------------------------------------------------+---------+---+----+-----+------+-----+------+-------------+
    |     Memory     |                                      Module                                      | BRAM_18K| FF| LUT| URAM| Words| Bits| Banks| W*Bits*Banks|
    +----------------+----------------------------------------------------------------------------------+---------+---+----+-----+------+-----+------+-------------+
    |exp_table_U     |softmax_stable_ap_fixed_ap_fixed_16_6_5_3_0_softmax_config13_s_exp_table_ROM_bkb  |        6|  0|   0|    0|  1024|   17|     1|        17408|
    |invert_table_U  |softmax_stable_ap_fixed_ap_fixed_16_6_5_3_0_softmax_config13_s_invert_table_Rcud  |        2|  0|   0|    0|  1024|   18|     1|        18432|
    +----------------+----------------------------------------------------------------------------------+---------+---+----+-----+------+-----+------+-------------+
    |Total           |                                                                                  |        8|  0|   0|    0|  2048|   35|     2|        35840|
    +----------------+----------------------------------------------------------------------------------+---------+---+----+-----+------+-----+------+-------------+

    * FIFO: 
    N/A

    * Expression: 
    +--------------------------+----------+----+---+----+------------+------------+
    |       Variable Name      | Operation| DSP| FF| LUT| Bitwidth P0| Bitwidth P1|
    +--------------------------+----------+----+---+----+------------+------------+
    |add_ln51_1_fu_658_p2      |         +|   0|  0|  25|          18|          18|
    |add_ln51_2_fu_688_p2      |         +|   0|  0|  25|          18|          18|
    |add_ln51_3_fu_694_p2      |         +|   0|  0|  26|          19|          19|
    |add_ln51_4_fu_759_p2      |         +|   0|  0|  25|          18|          18|
    |add_ln51_5_fu_764_p2      |         +|   0|  0|  26|          19|          19|
    |add_ln51_fu_636_p2        |         +|   0|  0|  25|          18|          18|
    |sub_ln245_1_fu_296_p2     |         -|   0|  0|  24|          17|          17|
    |sub_ln245_2_fu_339_p2     |         -|   0|  0|  24|          17|          17|
    |sub_ln245_3_fu_382_p2     |         -|   0|  0|  24|          17|          17|
    |sub_ln245_4_fu_425_p2     |         -|   0|  0|  24|          17|          17|
    |sub_ln245_fu_253_p2       |         -|   0|  0|  24|          17|          17|
    |and_ln245_1_fu_324_p2     |       and|   0|  0|   2|           1|           1|
    |and_ln245_2_fu_367_p2     |       and|   0|  0|   2|           1|           1|
    |and_ln245_3_fu_410_p2     |       and|   0|  0|   2|           1|           1|
    |and_ln245_4_fu_453_p2     |       and|   0|  0|   2|           1|           1|
    |and_ln245_fu_281_p2       |       and|   0|  0|   2|           1|           1|
    |and_ln51_1_fu_792_p2      |       and|   0|  0|   2|           1|           1|
    |and_ln51_2_fu_804_p2      |       and|   0|  0|   2|           1|           1|
    |and_ln51_fu_722_p2        |       and|   0|  0|   2|           1|           1|
    |icmp_ln66_1_fu_190_p2     |      icmp|   0|  0|  23|          16|          16|
    |icmp_ln66_2_fu_210_p2     |      icmp|   0|  0|  23|          16|          16|
    |icmp_ln66_3_fu_230_p2     |      icmp|   0|  0|  23|          16|          16|
    |icmp_ln66_fu_170_p2       |      icmp|   0|  0|  23|          16|          16|
    |or_ln51_fu_822_p2         |        or|   0|  0|   2|           1|           1|
    |empty_fu_854_p3           |    select|   0|  0|  10|           1|          10|
    |select_ln245_1_fu_483_p3  |    select|   0|  0|  10|           1|          10|
    |select_ln245_2_fu_496_p3  |    select|   0|  0|  11|           1|           9|
    |select_ln245_3_fu_514_p3  |    select|   0|  0|  10|           1|          10|
    |select_ln245_4_fu_527_p3  |    select|   0|  0|  11|           1|           9|
    |select_ln245_5_fu_545_p3  |    select|   0|  0|  10|           1|          10|
    |select_ln245_6_fu_558_p3  |    select|   0|  0|  11|           1|           9|
    |select_ln245_7_fu_576_p3  |    select|   0|  0|  10|           1|          10|
    |select_ln245_8_fu_589_p3  |    select|   0|  0|  11|           1|           9|
    |select_ln245_9_fu_607_p3  |    select|   0|  0|  10|           1|          10|
    |select_ln245_fu_465_p3    |    select|   0|  0|  11|           1|           9|
    |select_ln51_1_fu_672_p3   |    select|   0|  0|  18|           1|          17|
    |select_ln51_2_fu_734_p3   |    select|   0|  0|  19|           1|          17|
    |select_ln51_3_fu_742_p3   |    select|   0|  0|  18|           1|          18|
    |select_ln51_4_fu_838_p3   |    select|   0|  0|  10|           1|           9|
    |select_ln51_5_fu_846_p3   |    select|   0|  0|  11|           1|          11|
    |select_ln51_fu_650_p3     |    select|   0|  0|  18|           1|          17|
    |select_ln66_1_fu_202_p3   |    select|   0|  0|  16|           1|          16|
    |select_ln66_2_fu_222_p3   |    select|   0|  0|  16|           1|          16|
    |select_ln66_fu_182_p3     |    select|   0|  0|  16|           1|          16|
    |x_max_fu_240_p3           |    select|   0|  0|  16|           1|          16|
    |xor_ln245_1_fu_287_p2     |       xor|   0|  0|   2|           1|           1|
    |xor_ln245_2_fu_318_p2     |       xor|   0|  0|   2|           1|           2|
    |xor_ln245_3_fu_330_p2     |       xor|   0|  0|   2|           1|           1|
    |xor_ln245_4_fu_361_p2     |       xor|   0|  0|   2|           1|           2|
    |xor_ln245_5_fu_373_p2     |       xor|   0|  0|   2|           1|           1|
    |xor_ln245_6_fu_404_p2     |       xor|   0|  0|   2|           1|           2|
    |xor_ln245_7_fu_416_p2     |       xor|   0|  0|   2|           1|           1|
    |xor_ln245_8_fu_447_p2     |       xor|   0|  0|   2|           1|           2|
    |xor_ln245_9_fu_459_p2     |       xor|   0|  0|   2|           1|           1|
    |xor_ln245_fu_275_p2       |       xor|   0|  0|   2|           1|           2|
    |xor_ln51_1_fu_728_p2      |       xor|   0|  0|   2|           1|           1|
    |xor_ln51_2_fu_786_p2      |       xor|   0|  0|   2|           1|           2|
    |xor_ln51_3_fu_798_p2      |       xor|   0|  0|   2|           1|           2|
    |xor_ln51_4_fu_810_p2      |       xor|   0|  0|   2|           1|           1|
    |xor_ln51_5_fu_816_p2      |       xor|   0|  0|   2|           1|           2|
    |xor_ln51_fu_716_p2        |       xor|   0|  0|   2|           1|           2|
    |xor_ln66_1_fu_196_p2      |       xor|   0|  0|   2|           1|           2|
    |xor_ln66_2_fu_216_p2      |       xor|   0|  0|   2|           1|           2|
    |xor_ln66_3_fu_234_p2      |       xor|   0|  0|   2|           1|           2|
    |xor_ln66_fu_176_p2        |       xor|   0|  0|   2|           1|           2|
    +--------------------------+----------+----+---+----+------------+------------+
    |Total                     |          |   0|  0| 695|         309|         559|
    +--------------------------+----------+----+---+----+------------+------------+

    * Multiplexer: 
    +-------------+----+-----------+-----+-----------+
    |     Name    | LUT| Input Size| Bits| Total Bits|
    +-------------+----+-----------+-----+-----------+
    |ap_return_0  |  14|          3|   16|         48|
    |ap_return_1  |  14|          3|   16|         48|
    |ap_return_2  |  14|          3|   16|         48|
    |ap_return_3  |  14|          3|   16|         48|
    |ap_return_4  |  14|          3|   16|         48|
    +-------------+----+-----------+-----+-----------+
    |Total        |  70|         15|   80|        240|
    +-------------+----+-----------+-----+-----------+

    * Register: 
    +----------------------------------+----+----+-----+-----------+
    |               Name               | FF | LUT| Bits| Const Bits|
    +----------------------------------+----+----+-----+-----------+
    |ap_ce_reg                         |   1|   0|    1|          0|
    |ap_return_0_int_reg               |  16|   0|   16|          0|
    |ap_return_1_int_reg               |  16|   0|   16|          0|
    |ap_return_2_int_reg               |  16|   0|   16|          0|
    |ap_return_3_int_reg               |  16|   0|   16|          0|
    |ap_return_4_int_reg               |  16|   0|   16|          0|
    |data_0_val_int_reg                |  16|   0|   16|          0|
    |data_0_val_read_reg_1018          |  16|   0|   16|          0|
    |data_1_val_int_reg                |  16|   0|   16|          0|
    |data_1_val_read_reg_1013          |  16|   0|   16|          0|
    |data_2_val_int_reg                |  16|   0|   16|          0|
    |data_2_val_read_reg_1008          |  16|   0|   16|          0|
    |data_3_val_int_reg                |  16|   0|   16|          0|
    |data_3_val_read_reg_1003          |  16|   0|   16|          0|
    |data_4_val_int_reg                |  16|   0|   16|          0|
    |data_4_val_read_reg_996           |  16|   0|   16|          0|
    |exp_res_1_reg_1059                |  17|   0|   17|          0|
    |exp_res_1_reg_1059_pp0_iter3_reg  |  17|   0|   17|          0|
    |exp_res_2_reg_1064                |  17|   0|   17|          0|
    |exp_res_2_reg_1064_pp0_iter3_reg  |  17|   0|   17|          0|
    |exp_res_3_reg_1069                |  17|   0|   17|          0|
    |exp_res_3_reg_1069_pp0_iter3_reg  |  17|   0|   17|          0|
    |exp_res_4_reg_1074                |  17|   0|   17|          0|
    |exp_res_4_reg_1074_pp0_iter3_reg  |  17|   0|   17|          0|
    |exp_res_reg_1054                  |  17|   0|   17|          0|
    |exp_res_reg_1054_pp0_iter3_reg    |  17|   0|   17|          0|
    |select_ln51_3_reg_1081            |  18|   0|   18|          0|
    |select_ln66_2_reg_1023            |  16|   0|   16|          0|
    +----------------------------------+----+----+-----+-----------+
    |Total                             | 445|   0|  445|          0|
    +----------------------------------+----+----+-----+-----------+



================================================================
== Interface
================================================================
* Summary: 
+-------------+-----+-----+------------+----------------------------------------------------------------+--------------+
|  RTL Ports  | Dir | Bits|  Protocol  |                          Source Object                         |    C Type    |
+-------------+-----+-----+------------+----------------------------------------------------------------+--------------+
|ap_clk       |   in|    1|  ap_ctrl_hs|  softmax_stable<ap_fixed,ap_fixed<16,6,5,3,0>,softmax_config13>|  return value|
|ap_rst       |   in|    1|  ap_ctrl_hs|  softmax_stable<ap_fixed,ap_fixed<16,6,5,3,0>,softmax_config13>|  return value|
|ap_return_0  |  out|   16|  ap_ctrl_hs|  softmax_stable<ap_fixed,ap_fixed<16,6,5,3,0>,softmax_config13>|  return value|
|ap_return_1  |  out|   16|  ap_ctrl_hs|  softmax_stable<ap_fixed,ap_fixed<16,6,5,3,0>,softmax_config13>|  return value|
|ap_return_2  |  out|   16|  ap_ctrl_hs|  softmax_stable<ap_fixed,ap_fixed<16,6,5,3,0>,softmax_config13>|  return value|
|ap_return_3  |  out|   16|  ap_ctrl_hs|  softmax_stable<ap_fixed,ap_fixed<16,6,5,3,0>,softmax_config13>|  return value|
|ap_return_4  |  out|   16|  ap_ctrl_hs|  softmax_stable<ap_fixed,ap_fixed<16,6,5,3,0>,softmax_config13>|  return value|
|ap_ce        |   in|    1|  ap_ctrl_hs|  softmax_stable<ap_fixed,ap_fixed<16,6,5,3,0>,softmax_config13>|  return value|
|data_0_val   |   in|   16|     ap_none|                                                      data_0_val|        scalar|
|data_1_val   |   in|   16|     ap_none|                                                      data_1_val|        scalar|
|data_2_val   |   in|   16|     ap_none|                                                      data_2_val|        scalar|
|data_3_val   |   in|   16|     ap_none|                                                      data_3_val|        scalar|
|data_4_val   |   in|   16|     ap_none|                                                      data_4_val|        scalar|
+-------------+-----+-----+------------+----------------------------------------------------------------+--------------+

