

================================================================
== Synthesis Summary Report of 'myproject'
================================================================
+ General Information: 
    * Date:           Wed Feb 26 01:38:22 2025
    * Version:        2024.1 (Build 5069499 on May 21 2024)
    * Project:        myproject_prj
    * Solution:       solution1 (Vivado IP Flow Target)
    * Product family: virtexuplusHBM
    * Target device:  xcu50-fsvh2104-2-e
    

+ Performance & Resource Estimates: 
    
    PS: '+' for module; 'o' for loop; '*' for dataflow
    +---------------------------------------------------------------------+------+------+---------+--------+----------+---------+------+----------+------+----+-----------+------------+-----+
    |                               Modules                               | Issue|      | Latency | Latency| Iteration|         | Trip |          |      |    |           |            |     |
    |                               & Loops                               | Type | Slack| (cycles)|  (ns)  |  Latency | Interval| Count| Pipelined| BRAM | DSP|     FF    |     LUT    | URAM|
    +---------------------------------------------------------------------+------+------+---------+--------+----------+---------+------+----------+------+----+-----------+------------+-----+
    |+ myproject                                                          |    II|  0.31|        4|  20.000|         -|        1|     -|       yes|     -|   -|  333 (~0%)|  1460 (~0%)|    -|
    | + dense_latency_ap_fixed_11_6_5_3_0_ap_fixed_9_7_5_3_0_config3_s    |     -|  0.60|        0|   0.000|         -|        1|     -|       yes|     -|   -|          -|   618 (~0%)|    -|
    | + relu_ap_fixed_9_7_5_3_0_ap_ufixed_8_6_5_3_0_ReLU_config6_s        |    II|  2.63|        0|   0.000|         -|        1|     -|       yes|     -|   -|          -|    96 (~0%)|    -|
    | + dense_latency_ap_ufixed_8_6_5_3_0_ap_fixed_9_8_5_3_0_config8_s    |     -|  1.42|        0|   0.000|         -|        1|     -|       yes|     -|   -|          -|   123 (~0%)|    -|
    | + relu_ap_fixed_9_8_5_3_0_ap_ufixed_8_8_5_3_0_ReLU_config11_s       |    II|  2.63|        0|   0.000|         -|        1|     -|       yes|     -|   -|          -|    23 (~0%)|    -|
    | + dense_latency_ap_ufixed_8_8_5_3_0_ap_fixed_9_7_5_3_0_config13_s   |     -|  1.33|        0|   0.000|         -|        1|     -|       yes|     -|   -|          -|    80 (~0%)|    -|
    | + relu_ap_fixed_9_7_5_3_0_ap_ufixed_8_6_5_3_0_ReLU_config16_s       |    II|  2.63|        0|   0.000|         -|        1|     -|       yes|     -|   -|          -|    48 (~0%)|    -|
    | + dense_latency_ap_ufixed_8_6_5_3_0_ap_fixed_12_6_5_3_0_config18_s  |     -|  1.48|        0|   0.000|         -|        1|     -|       yes|     -|   -|          -|   282 (~0%)|    -|
    +---------------------------------------------------------------------+------+------+---------+--------+----------+---------+------+----------+------+----+-----------+------------+-----+


================================================================
== HW Interfaces
================================================================
* Other Ports
+---------------+--------+-----------+----------+
| Port          | Mode   | Direction | Bitwidth |
+---------------+--------+-----------+----------+
| input_21      | ap_vld | in        | 192      |
| layer20_out_0 | ap_vld | out       | 12       |
| layer20_out_1 | ap_vld | out       | 12       |
| layer20_out_2 | ap_vld | out       | 12       |
| layer20_out_3 | ap_vld | out       | 12       |
| layer20_out_4 | ap_vld | out       | 12       |
+---------------+--------+-----------+----------+

* TOP LEVEL CONTROL
+-----------+------------+-----------------------------------+
| Interface | Type       | Ports                             |
+-----------+------------+-----------------------------------+
| ap_clk    | clock      | ap_clk                            |
| ap_rst    | reset      | ap_rst                            |
| ap_ctrl   | ap_ctrl_hs | ap_done ap_idle ap_ready ap_start |
+-----------+------------+-----------------------------------+


================================================================
== SW I/O Information
================================================================
* Top Function Arguments
+-------------+-----------+--------------------------------------+
| Argument    | Direction | Datatype                             |
+-------------+-----------+--------------------------------------+
| input_21    | in        | ap_fixed<12, 6, AP_TRN, AP_WRAP, 0>* |
| layer20_out | out       | ap_fixed<12, 6, AP_TRN, AP_WRAP, 0>* |
+-------------+-----------+--------------------------------------+

* SW-to-HW Mapping
+-------------+----------------------+---------+
| Argument    | HW Interface         | HW Type |
+-------------+----------------------+---------+
| input_21    | input_21_ap_vld      | port    |
| input_21    | input_21             | port    |
| layer20_out | layer20_out_0        | port    |
| layer20_out | layer20_out_0_ap_vld | port    |
| layer20_out | layer20_out_1        | port    |
| layer20_out | layer20_out_1_ap_vld | port    |
| layer20_out | layer20_out_2        | port    |
| layer20_out | layer20_out_2_ap_vld | port    |
| layer20_out | layer20_out_3        | port    |
| layer20_out | layer20_out_3_ap_vld | port    |
| layer20_out | layer20_out_4        | port    |
| layer20_out | layer20_out_4_ap_vld | port    |
+-------------+----------------------+---------+


================================================================
== Bind Op Report
================================================================
+---------------------------------------------------------------------+-----+--------+---------------+--------+----------+---------+
| Name                                                                | DSP | Pragma | Variable      | Op     | Impl     | Latency |
+---------------------------------------------------------------------+-----+--------+---------------+--------+----------+---------+
| + myproject                                                         | 0   |        |               |        |          |         |
|   add_ln30_fu_306_p2                                                |     |        | add_ln30      | add    | fabric   | 0       |
|   add_ln31_fu_334_p2                                                |     |        | add_ln31      | add    | fabric   | 0       |
|   layer2_out_10_fu_362_p2                                           |     |        | layer2_out_10 | add    | fabric   | 0       |
|   add_ln34_fu_390_p2                                                |     |        | add_ln34      | add    | fabric   | 0       |
|   add_ln35_fu_418_p2                                                |     |        | add_ln35      | add    | fabric   | 0       |
|   add_ln36_fu_446_p2                                                |     |        | add_ln36      | add    | fabric   | 0       |
|   add_ln37_fu_474_p2                                                |     |        | add_ln37      | add    | fabric   | 0       |
|   add_ln38_fu_502_p2                                                |     |        | add_ln38      | add    | fabric   | 0       |
|   add_ln41_fu_530_p2                                                |     |        | add_ln41      | add    | fabric   | 0       |
|   add_ln42_fu_558_p2                                                |     |        | add_ln42      | add    | fabric   | 0       |
|   xor_ln44_fu_580_p2                                                |     |        | xor_ln44      | xor    | auto     | 0       |
|   add_ln45_fu_608_p2                                                |     |        | add_ln45      | add    | fabric   | 0       |
|  + dense_latency_ap_fixed_11_6_5_3_0_ap_fixed_9_7_5_3_0_config3_s   | 0   |        |               |        |          |         |
|    add_ln58_fu_292_p2                                               |     |        | add_ln58      | add    | fabric   | 0       |
|    sub_ln58_1_fu_302_p2                                             |     |        | sub_ln58_1    | sub    | fabric   | 0       |
|    tmp36_fu_314_p2                                                  |     |        | tmp36         | add    | fabric   | 0       |
|    tmp5_fu_324_p2                                                   |     |        | tmp5          | add    | fabric   | 0       |
|    tmp772_fu_342_p2                                                 |     |        | tmp772        | add    | fabric   | 0       |
|    add_ln58_12_fu_360_p2                                            |     |        | add_ln58_12   | add    | fabric   | 0       |
|    empty_fu_402_p2                                                  |     |        | empty         | add    | fabric   | 0       |
|    tmp1170_fu_412_p2                                                |     |        | tmp1170       | sub    | fabric   | 0       |
|    add_ln58_16_fu_452_p2                                            |     |        | add_ln58_16   | add    | fabric   | 0       |
|    tmp1666_fu_468_p2                                                |     |        | tmp1666       | add    | fabric   | 0       |
|    tmp1964_fu_490_p2                                                |     |        | tmp1964       | sub    | fabric   | 0       |
|    add_ln58_18_fu_508_p2                                            |     |        | add_ln58_18   | add    | fabric   | 0       |
|    sub_ln58_4_fu_520_p2                                             |     |        | sub_ln58_4    | sub    | fabric   | 0       |
|    add_ln58_20_fu_530_p2                                            |     |        | add_ln58_20   | add    | fabric   | 0       |
|    add_ln58_21_fu_540_p2                                            |     |        | add_ln58_21   | add    | fabric   | 0       |
|  + relu_ap_fixed_9_7_5_3_0_ap_ufixed_8_6_5_3_0_ReLU_config6_s       | 0   |        |               |        |          |         |
|    icmp_ln45_fu_48_p2                                               |     |        | icmp_ln45     | setgt  | auto     | 0       |
|    select_ln45_fu_58_p3                                             |     |        | select_ln45   | select | auto_sel | 0       |
|    icmp_ln45_1_fu_66_p2                                             |     |        | icmp_ln45_1   | setgt  | auto     | 0       |
|    select_ln45_1_fu_76_p3                                           |     |        | select_ln45_1 | select | auto_sel | 0       |
|    icmp_ln45_2_fu_84_p2                                             |     |        | icmp_ln45_2   | setgt  | auto     | 0       |
|    select_ln45_2_fu_94_p3                                           |     |        | select_ln45_2 | select | auto_sel | 0       |
|    icmp_ln45_3_fu_102_p2                                            |     |        | icmp_ln45_3   | setgt  | auto     | 0       |
|    select_ln45_3_fu_112_p3                                          |     |        | select_ln45_3 | select | auto_sel | 0       |
|  + dense_latency_ap_ufixed_8_6_5_3_0_ap_fixed_9_8_5_3_0_config8_s   | 0   |        |               |        |          |         |
|    mult_fu_96_p2                                                    |     |        | mult          | sub    | fabric   | 0       |
|    mult_2_fu_138_p2                                                 |     |        | mult_2        | sub    | fabric   | 0       |
|    add_ln58_1_fu_166_p2                                             |     |        | add_ln58_1    | add    | fabric   | 0       |
|    add_ln58_2_fu_176_p2                                             |     |        | add_ln58_2    | add    | fabric   | 0       |
|  + relu_ap_fixed_9_8_5_3_0_ap_ufixed_8_8_5_3_0_ReLU_config11_s      | 0   |        |               |        |          |         |
|    icmp_ln45_fu_28_p2                                               |     |        | icmp_ln45     | setgt  | auto     | 0       |
|    ap_return                                                        |     |        | res_5_0_cast  | select | auto_sel | 0       |
|  + dense_latency_ap_ufixed_8_8_5_3_0_ap_fixed_9_7_5_3_0_config13_s  | 0   |        |               |        |          |         |
|    mul_7ns_8ns_14_1_1_U22                                           |     |        | mult          | mul    | auto     | 0       |
|    add_ln58_fu_676_p2                                               |     |        | add_ln58      | add    | fabric   | 0       |
|    sub_ln58_fu_682_p2                                               |     |        | sub_ln58      | sub    | fabric   | 0       |
|  + relu_ap_fixed_9_7_5_3_0_ap_ufixed_8_6_5_3_0_ReLU_config16_s      | 0   |        |               |        |          |         |
|    icmp_ln45_fu_32_p2                                               |     |        | icmp_ln45     | setgt  | auto     | 0       |
|    select_ln45_fu_42_p3                                             |     |        | select_ln45   | select | auto_sel | 0       |
|    icmp_ln45_4_fu_50_p2                                             |     |        | icmp_ln45_4   | setgt  | auto     | 0       |
|    select_ln45_4_fu_60_p3                                           |     |        | select_ln45_4 | select | auto_sel | 0       |
|  + dense_latency_ap_ufixed_8_6_5_3_0_ap_fixed_12_6_5_3_0_config18_s | 0   |        |               |        |          |         |
|    sub_ln42_fu_112_p2                                               |     |        | sub_ln42      | sub    | fabric   | 0       |
|    sub_ln42_1_fu_130_p2                                             |     |        | sub_ln42_1    | sub    | fabric   | 0       |
|    sub_ln42_3_fu_198_p2                                             |     |        | sub_ln42_3    | sub    | fabric   | 0       |
|    sub_ln42_4_fu_212_p2                                             |     |        | sub_ln42_4    | sub    | fabric   | 0       |
|    add_ln58_fu_222_p2                                               |     |        | add_ln58      | add    | fabric   | 0       |
|    add_ln58_4_fu_232_p2                                             |     |        | add_ln58_4    | add    | fabric   | 0       |
|    add_ln58_6_fu_248_p2                                             |     |        | add_ln58_6    | add    | fabric   | 0       |
|    add_ln58_7_fu_254_p2                                             |     |        | add_ln58_7    | add    | fabric   | 0       |
|    add_ln58_8_fu_264_p2                                             |     |        | add_ln58_8    | add    | fabric   | 0       |
|    tmp_fu_270_p2                                                    |     |        | tmp           | add    | fabric   | 0       |
|    add_ln58_10_fu_312_p2                                            |     |        | add_ln58_10   | add    | fabric   | 0       |
|    sub_ln58_fu_322_p2                                               |     |        | sub_ln58      | sub    | fabric   | 0       |
+---------------------------------------------------------------------+-----+--------+---------------+--------+----------+---------+


================================================================
== Storage Report
================================================================
  No bind storage info in design

================================================================
== Pragma Report
================================================================
* Pragmas with Warnings
+----------+-----------------------------------+-----------------------------------------------------------------------------------------+----------------------------------------------------------------------------+
| Type     | Options                           | Location                                                                                | Messages                                                                   |
+----------+-----------------------------------+-----------------------------------------------------------------------------------------+----------------------------------------------------------------------------+
| resource | variable=weights core=ROM_nP_BRAM | firmware/nnet_utils/nnet_dense_resource.h:33 in dense_resource_rf_leq_nin, weights      | 'Resource pragma' is deprecated, use 'bind_op/bind_storage pragma' instead |
| resource | variable=weights core=ROM_nP_BRAM | firmware/nnet_utils/nnet_dense_resource.h:107 in dense_resource_rf_gt_nin_rem0, weights | 'Resource pragma' is deprecated, use 'bind_op/bind_storage pragma' instead |
| resource | variable=weights core=ROM_nP_BRAM | firmware/nnet_utils/nnet_dense_resource.h:189 in dense_resource_rf_gt_nin, weights      | 'Resource pragma' is deprecated, use 'bind_op/bind_storage pragma' instead |
+----------+-----------------------------------+-----------------------------------------------------------------------------------------+----------------------------------------------------------------------------+

* Valid Pragma Syntax
+----------------------+-----------------------------------------------------------------------+------------------------------------------------------------------------------------------------+
| Type                 | Options                                                               | Location                                                                                       |
+----------------------+-----------------------------------------------------------------------+------------------------------------------------------------------------------------------------+
| array_reshape        | variable=input_21 complete dim=0                                      | firmware/myproject.cpp:13 in myproject, input_21                                               |
| array_partition      | variable=layer20_out complete dim=0                                   | firmware/myproject.cpp:14 in myproject, layer20_out                                            |
| interface            | ap_vld port=input_21,layer20_out                                      | firmware/myproject.cpp:15 in myproject, input_21,layer20_out                                   |
| pipeline             |                                                                       | firmware/myproject.cpp:16 in myproject                                                         |
| array_partition      | variable=layer2_out complete dim=0                                    | firmware/myproject.cpp:39 in myproject, layer2_out                                             |
| array_partition      | variable=layer3_out complete dim=0                                    | firmware/myproject.cpp:43 in myproject, layer3_out                                             |
| array_partition      | variable=layer6_out complete dim=0                                    | firmware/myproject.cpp:47 in myproject, layer6_out                                             |
| array_partition      | variable=layer7_out complete dim=0                                    | firmware/myproject.cpp:51 in myproject, layer7_out                                             |
| array_partition      | variable=layer8_out complete dim=0                                    | firmware/myproject.cpp:55 in myproject, layer8_out                                             |
| array_partition      | variable=layer11_out complete dim=0                                   | firmware/myproject.cpp:59 in myproject, layer11_out                                            |
| array_partition      | variable=layer12_out complete dim=0                                   | firmware/myproject.cpp:63 in myproject, layer12_out                                            |
| array_partition      | variable=layer13_out complete dim=0                                   | firmware/myproject.cpp:67 in myproject, layer13_out                                            |
| array_partition      | variable=layer16_out complete dim=0                                   | firmware/myproject.cpp:71 in myproject, layer16_out                                            |
| array_partition      | variable=layer17_out complete dim=0                                   | firmware/myproject.cpp:75 in myproject, layer17_out                                            |
| array_partition      | variable=layer18_out complete dim=0                                   | firmware/myproject.cpp:79 in myproject, layer18_out                                            |
| pipeline             |                                                                       | firmware/nnet_utils/nnet_activation.h:29 in linear                                             |
| pipeline             |                                                                       | firmware/nnet_utils/nnet_activation.h:40 in relu                                               |
| pipeline             |                                                                       | firmware/nnet_utils/nnet_activation.h:54 in relu_max                                           |
| pipeline             |                                                                       | firmware/nnet_utils/nnet_activation.h:109 in sigmoid                                           |
| pipeline             |                                                                       | firmware/nnet_utils/nnet_activation.h:171 in softmax_latency                                   |
| array_partition      | variable=exp_res complete                                             | firmware/nnet_utils/nnet_activation.h:193 in softmax_latency, exp_res                          |
| unroll               |                                                                       | firmware/nnet_utils/nnet_activation.h:196 in softmax_latency                                   |
| unroll               |                                                                       | firmware/nnet_utils/nnet_activation.h:210 in softmax_latency                                   |
| pipeline             |                                                                       | firmware/nnet_utils/nnet_activation.h:217 in softmax_stable                                    |
| unroll               |                                                                       | firmware/nnet_utils/nnet_activation.h:244 in softmax_stable                                    |
| array_partition      | variable=exp_res complete                                             | firmware/nnet_utils/nnet_activation.h:250 in softmax_stable, exp_res                           |
| unroll               |                                                                       | firmware/nnet_utils/nnet_activation.h:253 in softmax_stable                                    |
| unroll               |                                                                       | firmware/nnet_utils/nnet_activation.h:267 in softmax_stable                                    |
| pipeline             |                                                                       | firmware/nnet_utils/nnet_activation.h:315 in softmax_legacy                                    |
| unroll               |                                                                       | firmware/nnet_utils/nnet_activation.h:360 in softmax_argmax                                    |
| pipeline             |                                                                       | firmware/nnet_utils/nnet_activation.h:368 in softmax_argmax                                    |
| inline               |                                                                       | firmware/nnet_utils/nnet_activation.h:380 in softmax                                           |
| pipeline             |                                                                       | firmware/nnet_utils/nnet_activation.h:427 in tanh                                              |
| function_instantiate | variable=table                                                        | firmware/nnet_utils/nnet_activation.h:456 in unary_lut, table                                  |
| array_partition      | variable=table                                                        | firmware/nnet_utils/nnet_activation.h:457 in unary_lut, table                                  |
| unroll               |                                                                       | firmware/nnet_utils/nnet_activation.h:460 in unary_lut                                         |
| pipeline             |                                                                       | firmware/nnet_utils/nnet_activation.h:471 in hard_sigmoid                                      |
| pipeline             |                                                                       | firmware/nnet_utils/nnet_activation.h:486 in hard_tanh                                         |
| pipeline             |                                                                       | firmware/nnet_utils/nnet_activation.h:504 in leaky_relu                                        |
| pipeline             |                                                                       | firmware/nnet_utils/nnet_activation.h:521 in thresholded_relu                                  |
| pipeline             |                                                                       | firmware/nnet_utils/nnet_activation.h:566 in softplus                                          |
| pipeline             |                                                                       | firmware/nnet_utils/nnet_activation.h:615 in softsign                                          |
| pipeline             |                                                                       | firmware/nnet_utils/nnet_activation.h:664 in elu                                               |
| pipeline             |                                                                       | firmware/nnet_utils/nnet_activation.h:720 in selu                                              |
| pipeline             |                                                                       | firmware/nnet_utils/nnet_activation.h:743 in prelu                                             |
| pipeline             |                                                                       | firmware/nnet_utils/nnet_activation.h:760 in binary_tanh                                       |
| pipeline             |                                                                       | firmware/nnet_utils/nnet_activation.h:780 in ternary_tanh                                      |
| pipeline             |                                                                       | firmware/nnet_utils/nnet_activation_stream.h:20 in linear                                      |
| unroll               |                                                                       | firmware/nnet_utils/nnet_activation_stream.h:28 in linear                                      |
| pipeline             |                                                                       | firmware/nnet_utils/nnet_activation_stream.h:42 in relu                                        |
| unroll               |                                                                       | firmware/nnet_utils/nnet_activation_stream.h:50 in relu                                        |
| pipeline             |                                                                       | firmware/nnet_utils/nnet_activation_stream.h:81 in sigmoid                                     |
| unroll               |                                                                       | firmware/nnet_utils/nnet_activation_stream.h:89 in sigmoid                                     |
| array_partition      | variable=exp_res complete                                             | firmware/nnet_utils/nnet_activation_stream.h:133 in softmax_latency, exp_res                   |
| pipeline             | II=ii                                                                 | firmware/nnet_utils/nnet_activation_stream.h:137 in softmax_latency                            |
| unroll               |                                                                       | firmware/nnet_utils/nnet_activation_stream.h:142 in softmax_latency                            |
| unroll               |                                                                       | firmware/nnet_utils/nnet_activation_stream.h:161 in softmax_latency                            |
| allocation           | operation instances=mul limit=multiplier_limit                        | firmware/nnet_utils/nnet_activation_stream.h:162 in softmax_latency                            |
| array_partition      | variable=data_array complete                                          | firmware/nnet_utils/nnet_activation_stream.h:194 in softmax_stable, data_array                 |
| pipeline             | II=ii                                                                 | firmware/nnet_utils/nnet_activation_stream.h:197 in softmax_stable                             |
| unroll               |                                                                       | firmware/nnet_utils/nnet_activation_stream.h:202 in softmax_stable                             |
| unroll               |                                                                       | firmware/nnet_utils/nnet_activation_stream.h:214 in softmax_stable                             |
| array_partition      | variable=exp_res complete                                             | firmware/nnet_utils/nnet_activation_stream.h:220 in softmax_stable, exp_res                    |
| unroll               |                                                                       | firmware/nnet_utils/nnet_activation_stream.h:223 in softmax_stable                             |
| unroll               |                                                                       | firmware/nnet_utils/nnet_activation_stream.h:242 in softmax_stable                             |
| allocation           | operation instances=mul limit=multiplier_limit                        | firmware/nnet_utils/nnet_activation_stream.h:243 in softmax_stable                             |
| pipeline             |                                                                       | firmware/nnet_utils/nnet_activation_stream.h:275 in softmax_legacy                             |
| unroll               |                                                                       | firmware/nnet_utils/nnet_activation_stream.h:279 in softmax_legacy                             |
| unroll               |                                                                       | firmware/nnet_utils/nnet_activation_stream.h:286 in softmax_legacy                             |
| unroll               |                                                                       | firmware/nnet_utils/nnet_activation_stream.h:289 in softmax_legacy                             |
| unroll               |                                                                       | firmware/nnet_utils/nnet_activation_stream.h:312 in softmax_legacy                             |
| pipeline             |                                                                       | firmware/nnet_utils/nnet_activation_stream.h:329 in softmax_argmax                             |
| unroll               |                                                                       | firmware/nnet_utils/nnet_activation_stream.h:334 in softmax_argmax                             |
| pipeline             |                                                                       | firmware/nnet_utils/nnet_activation_stream.h:342 in softmax_argmax                             |
| pipeline             |                                                                       | firmware/nnet_utils/nnet_activation_stream.h:393 in tanh                                       |
| unroll               |                                                                       | firmware/nnet_utils/nnet_activation_stream.h:401 in tanh                                       |
| function_instantiate | variable=table                                                        | firmware/nnet_utils/nnet_activation_stream.h:421 in unary_lut, table                           |
| array_partition      | variable=table complete                                               | firmware/nnet_utils/nnet_activation_stream.h:422 in unary_lut, table                           |
| pipeline             | II=CONFIG_T::reuse_factor rewind                                      | firmware/nnet_utils/nnet_activation_stream.h:426 in unary_lut                                  |
| unroll               |                                                                       | firmware/nnet_utils/nnet_activation_stream.h:434 in unary_lut                                  |
| pipeline             |                                                                       | firmware/nnet_utils/nnet_activation_stream.h:452 in hard_sigmoid                               |
| unroll               |                                                                       | firmware/nnet_utils/nnet_activation_stream.h:460 in hard_sigmoid                               |
| pipeline             |                                                                       | firmware/nnet_utils/nnet_activation_stream.h:477 in hard_tanh                                  |
| unroll               |                                                                       | firmware/nnet_utils/nnet_activation_stream.h:485 in hard_tanh                                  |
| pipeline             |                                                                       | firmware/nnet_utils/nnet_activation_stream.h:506 in leaky_relu                                 |
| unroll               |                                                                       | firmware/nnet_utils/nnet_activation_stream.h:514 in leaky_relu                                 |
| pipeline             |                                                                       | firmware/nnet_utils/nnet_activation_stream.h:532 in thresholded_relu                           |
| unroll               |                                                                       | firmware/nnet_utils/nnet_activation_stream.h:540 in thresholded_relu                           |
| pipeline             |                                                                       | firmware/nnet_utils/nnet_activation_stream.h:571 in softplus                                   |
| unroll               |                                                                       | firmware/nnet_utils/nnet_activation_stream.h:579 in softplus                                   |
| pipeline             |                                                                       | firmware/nnet_utils/nnet_activation_stream.h:612 in softsign                                   |
| unroll               |                                                                       | firmware/nnet_utils/nnet_activation_stream.h:620 in softsign                                   |
| pipeline             |                                                                       | firmware/nnet_utils/nnet_activation_stream.h:653 in elu                                        |
| unroll               |                                                                       | firmware/nnet_utils/nnet_activation_stream.h:661 in elu                                        |
| pipeline             |                                                                       | firmware/nnet_utils/nnet_activation_stream.h:701 in selu                                       |
| unroll               |                                                                       | firmware/nnet_utils/nnet_activation_stream.h:709 in selu                                       |
| pipeline             |                                                                       | firmware/nnet_utils/nnet_activation_stream.h:733 in prelu                                      |
| unroll               |                                                                       | firmware/nnet_utils/nnet_activation_stream.h:741 in prelu                                      |
| pipeline             |                                                                       | firmware/nnet_utils/nnet_activation_stream.h:758 in binary_tanh                                |
| unroll               |                                                                       | firmware/nnet_utils/nnet_activation_stream.h:766 in binary_tanh                                |
| pipeline             |                                                                       | firmware/nnet_utils/nnet_activation_stream.h:783 in ternary_tanh                               |
| unroll               |                                                                       | firmware/nnet_utils/nnet_activation_stream.h:791 in ternary_tanh                               |
| inline               |                                                                       | firmware/nnet_utils/nnet_code_gen.h:28 in h_quantize_9                                         |
| inline               |                                                                       | firmware/nnet_utils/nnet_code_gen.h:50 in h_dense_36_relu_quantizer                            |
| inline               |                                                                       | firmware/nnet_utils/nnet_code_gen.h:120 in h_dense_37_relu_quantizer                           |
| inline               |                                                                       | firmware/nnet_utils/nnet_code_gen.h:158 in h_dense_38_relu_quantizer                           |
| inline               |                                                                       | firmware/nnet_utils/nnet_code_gen.h:196 in h_dense_39_quantizer                                |
| array_partition      | variable=data_buf complete dim=0                                      | firmware/nnet_utils/nnet_conv1d_latency.h:19 in conv_1d_latency_cl, data_buf                   |
| array_partition      | variable=mult complete                                                | firmware/nnet_utils/nnet_conv1d_latency.h:22 in conv_1d_latency_cl, mult                       |
| array_partition      | variable=acc complete                                                 | firmware/nnet_utils/nnet_conv1d_latency.h:25 in conv_1d_latency_cl, acc                        |
| array_partition      | variable=weights complete                                             | firmware/nnet_utils/nnet_conv1d_latency.h:27 in conv_1d_latency_cl, weights                    |
| array_partition      | variable=biases complete                                              | firmware/nnet_utils/nnet_conv1d_latency.h:28 in conv_1d_latency_cl, biases                     |
| allocation           | operation instances=mul limit=CONFIG_T::mult_config::multiplier_limit | firmware/nnet_utils/nnet_conv1d_latency.h:31 in conv_1d_latency_cl                             |
| pipeline             | II=CONFIG_T::reuse_factor rewind                                      | firmware/nnet_utils/nnet_conv1d_latency.h:35 in conv_1d_latency_cl                             |
| unroll               |                                                                       | firmware/nnet_utils/nnet_conv1d_latency.h:41 in conv_1d_latency_cl                             |
| unroll               |                                                                       | firmware/nnet_utils/nnet_conv1d_latency.h:48 in conv_1d_latency_cl                             |
| unroll               |                                                                       | firmware/nnet_utils/nnet_conv1d_latency.h:52 in conv_1d_latency_cl                             |
| unroll               |                                                                       | firmware/nnet_utils/nnet_conv1d_latency.h:62 in conv_1d_latency_cl                             |
| unroll               |                                                                       | firmware/nnet_utils/nnet_conv1d_latency.h:69 in conv_1d_latency_cl                             |
| unroll               |                                                                       | firmware/nnet_utils/nnet_conv1d_latency.h:72 in conv_1d_latency_cl                             |
| unroll               |                                                                       | firmware/nnet_utils/nnet_conv1d_latency.h:80 in conv_1d_latency_cl                             |
| array_partition      | variable=mult complete dim=0                                          | firmware/nnet_utils/nnet_conv1d_latency.h:98 in pointwise_conv_1d_latency_cl, mult             |
| array_partition      | variable=acc complete dim=0                                           | firmware/nnet_utils/nnet_conv1d_latency.h:99 in pointwise_conv_1d_latency_cl, acc              |
| function_instantiate | variable=weights,biases                                               | firmware/nnet_utils/nnet_conv1d_latency.h:102 in pointwise_conv_1d_latency_cl, weights,biases  |
| pipeline             | II=CONFIG_T::reuse_factor                                             | firmware/nnet_utils/nnet_conv1d_latency.h:105 in pointwise_conv_1d_latency_cl                  |
| array_partition      | variable=weights complete dim=0                                       | firmware/nnet_utils/nnet_conv1d_latency.h:106 in pointwise_conv_1d_latency_cl, weights         |
| array_partition      | variable=biases complete dim=0                                        | firmware/nnet_utils/nnet_conv1d_latency.h:107 in pointwise_conv_1d_latency_cl, biases          |
| allocation           | operation instances=mul limit=CONFIG_T::mult_config::multiplier_limit | firmware/nnet_utils/nnet_conv1d_latency.h:110 in pointwise_conv_1d_latency_cl                  |
| unroll               |                                                                       | firmware/nnet_utils/nnet_conv1d_latency.h:119 in pointwise_conv_1d_latency_cl                  |
| unroll               |                                                                       | firmware/nnet_utils/nnet_conv1d_latency.h:138 in pointwise_conv_1d_latency_cl                  |
| unroll               |                                                                       | firmware/nnet_utils/nnet_conv1d_latency.h:160 in pointwise_conv_1d_latency_cl                  |
| inline               |                                                                       | firmware/nnet_utils/nnet_dense.h:44 in dense                                                   |
| inline               |                                                                       | firmware/nnet_utils/nnet_dense.h:53 in dense                                                   |
| inline               |                                                                       | firmware/nnet_utils/nnet_dense.h:64 in dense                                                   |
| inline               |                                                                       | firmware/nnet_utils/nnet_dense.h:75 in dense                                                   |
| unroll               |                                                                       | firmware/nnet_utils/nnet_dense_compressed.h:15 in fill_mult                                    |
| array_partition      | variable=acc complete                                                 | firmware/nnet_utils/nnet_dense_compressed.h:29 in dense_compressed, acc                        |
| array_partition      | variable=biases complete                                              | firmware/nnet_utils/nnet_dense_compressed.h:30 in dense_compressed, biases                     |
| array_reshape        | variable=weights block factor=multiplier_limit                        | firmware/nnet_utils/nnet_dense_compressed.h:31 in dense_compressed, weights                    |
| aggregate            | variable=weights                                                      | firmware/nnet_utils/nnet_dense_compressed.h:34 in dense_compressed, weights                    |
| unroll               |                                                                       | firmware/nnet_utils/nnet_dense_compressed.h:41 in dense_compressed                             |
| pipeline             | II=1 rewind                                                           | firmware/nnet_utils/nnet_dense_compressed.h:49 in dense_compressed                             |
| array_partition      | variable=mult complete                                                | firmware/nnet_utils/nnet_dense_compressed.h:52 in dense_compressed, mult                       |
| unroll               |                                                                       | firmware/nnet_utils/nnet_dense_compressed.h:56 in dense_compressed                             |
| unroll               |                                                                       | firmware/nnet_utils/nnet_dense_compressed.h:62 in dense_compressed                             |
| unroll               |                                                                       | firmware/nnet_utils/nnet_dense_compressed.h:82 in dense_compressed                             |
| function_instantiate | variable=weights,biases                                               | firmware/nnet_utils/nnet_dense_latency.h:21 in dense_latency, weights,biases                   |
| pipeline             | II=CONFIG_T::reuse_factor                                             | firmware/nnet_utils/nnet_dense_latency.h:26 in dense_latency                                   |
| array_partition      | variable=biases complete                                              | firmware/nnet_utils/nnet_dense_latency.h:29 in dense_latency, biases                           |
| array_partition      | variable=mult complete                                                | firmware/nnet_utils/nnet_dense_latency.h:30 in dense_latency, mult                             |
| array_partition      | variable=acc complete                                                 | firmware/nnet_utils/nnet_dense_latency.h:31 in dense_latency, acc                              |
| allocation           | operation instances=mul limit=CONFIG_T::multiplier_limit              | firmware/nnet_utils/nnet_dense_latency.h:33 in dense_latency                                   |
| function_instantiate | variable=weights,biases                                               | firmware/nnet_utils/nnet_dense_resource.h:28 in dense_resource_rf_leq_nin, weights,biases      |
| array_reshape        | variable=weights block factor=block_factor                            | firmware/nnet_utils/nnet_dense_resource.h:29 in dense_resource_rf_leq_nin, weights             |
| array_partition      | variable=biases complete                                              | firmware/nnet_utils/nnet_dense_resource.h:30 in dense_resource_rf_leq_nin, biases              |
| array_partition      | variable=acc complete                                                 | firmware/nnet_utils/nnet_dense_resource.h:37 in dense_resource_rf_leq_nin, acc                 |
| unroll               |                                                                       | firmware/nnet_utils/nnet_dense_resource.h:41 in dense_resource_rf_leq_nin                      |
| pipeline             | II=1 rewind                                                           | firmware/nnet_utils/nnet_dense_resource.h:47 in dense_resource_rf_leq_nin                      |
| unroll               |                                                                       | firmware/nnet_utils/nnet_dense_resource.h:56 in dense_resource_rf_leq_nin                      |
| unroll               |                                                                       | firmware/nnet_utils/nnet_dense_resource.h:81 in dense_resource_rf_leq_nin                      |
| function_instantiate | variable=weights,biases                                               | firmware/nnet_utils/nnet_dense_resource.h:102 in dense_resource_rf_gt_nin_rem0, weights,biases |
| array_reshape        | variable=weights block factor=block_factor                            | firmware/nnet_utils/nnet_dense_resource.h:103 in dense_resource_rf_gt_nin_rem0, weights        |
| array_partition      | variable=biases complete                                              | firmware/nnet_utils/nnet_dense_resource.h:104 in dense_resource_rf_gt_nin_rem0, biases         |
| array_partition      | variable=acc complete                                                 | firmware/nnet_utils/nnet_dense_resource.h:111 in dense_resource_rf_gt_nin_rem0, acc            |
| unroll               |                                                                       | firmware/nnet_utils/nnet_dense_resource.h:115 in dense_resource_rf_gt_nin_rem0                 |
| pipeline             | II=1 rewind                                                           | firmware/nnet_utils/nnet_dense_resource.h:136 in dense_resource_rf_gt_nin_rem0                 |
| unroll               |                                                                       | firmware/nnet_utils/nnet_dense_resource.h:143 in dense_resource_rf_gt_nin_rem0                 |
| unroll               |                                                                       | firmware/nnet_utils/nnet_dense_resource.h:163 in dense_resource_rf_gt_nin_rem0                 |
| function_instantiate | variable=weights,biases                                               | firmware/nnet_utils/nnet_dense_resource.h:184 in dense_resource_rf_gt_nin, weights,biases      |
| array_reshape        | variable=weights block factor=block_factor                            | firmware/nnet_utils/nnet_dense_resource.h:185 in dense_resource_rf_gt_nin, weights             |
| array_partition      | variable=biases complete                                              | firmware/nnet_utils/nnet_dense_resource.h:186 in dense_resource_rf_gt_nin, biases              |
| array_partition      | variable=acc complete                                                 | firmware/nnet_utils/nnet_dense_resource.h:193 in dense_resource_rf_gt_nin, acc                 |
| unroll               |                                                                       | firmware/nnet_utils/nnet_dense_resource.h:197 in dense_resource_rf_gt_nin                      |
| pipeline             | II=1 rewind                                                           | firmware/nnet_utils/nnet_dense_resource.h:203 in dense_resource_rf_gt_nin                      |
| array_partition      | variable=tmpmult complete                                             | firmware/nnet_utils/nnet_dense_resource.h:205 in dense_resource_rf_gt_nin, tmpmult             |
| unroll               |                                                                       | firmware/nnet_utils/nnet_dense_resource.h:209 in dense_resource_rf_gt_nin                      |
| array_partition      | variable=mult complete                                                | firmware/nnet_utils/nnet_dense_resource.h:219 in dense_resource_rf_gt_nin, mult                |
| unroll               |                                                                       | firmware/nnet_utils/nnet_dense_resource.h:223 in dense_resource_rf_gt_nin                      |
| unroll               |                                                                       | firmware/nnet_utils/nnet_dense_resource.h:229 in dense_resource_rf_gt_nin                      |
| unroll               |                                                                       | firmware/nnet_utils/nnet_dense_resource.h:239 in dense_resource_rf_gt_nin                      |
| unroll               |                                                                       | firmware/nnet_utils/nnet_dense_resource.h:249 in dense_resource_rf_gt_nin                      |
| inline               | recursive                                                             | firmware/nnet_utils/nnet_dense_resource.h:259 in dense_resource                                |
| pipeline             | II=CONFIG_T::reuse_factor                                             | firmware/nnet_utils/nnet_dense_stream.h:16 in dense_latency_wrapper                            |
| inline               |                                                                       | firmware/nnet_utils/nnet_dense_stream.h:29 in data_prepare                                     |
| pipeline             |                                                                       | firmware/nnet_utils/nnet_dense_stream.h:34 in data_prepare                                     |
| unroll               |                                                                       | firmware/nnet_utils/nnet_dense_stream.h:38 in data_prepare                                     |
| unroll               |                                                                       | firmware/nnet_utils/nnet_dense_stream.h:46 in data_prepare                                     |
| inline               |                                                                       | firmware/nnet_utils/nnet_dense_stream.h:54 in res_write                                        |
| pipeline             |                                                                       | firmware/nnet_utils/nnet_dense_stream.h:59 in res_write                                        |
| unroll               |                                                                       | firmware/nnet_utils/nnet_dense_stream.h:64 in res_write                                        |
| unroll               |                                                                       | firmware/nnet_utils/nnet_dense_stream.h:74 in res_write                                        |
| inline               | recursive                                                             | firmware/nnet_utils/nnet_dense_stream.h:85 in dense                                            |
| array_partition      | variable=data complete                                                | firmware/nnet_utils/nnet_dense_stream.h:88 in dense, data                                      |
| array_partition      | variable=res complete                                                 | firmware/nnet_utils/nnet_dense_stream.h:91 in dense, res                                       |
| inline               |                                                                       | firmware/nnet_utils/nnet_mult.h:25 in product                                                  |
| inline               |                                                                       | firmware/nnet_utils/nnet_mult.h:34 in product                                                  |
| inline               |                                                                       | firmware/nnet_utils/nnet_mult.h:46 in product                                                  |
| inline               |                                                                       | firmware/nnet_utils/nnet_mult.h:58 in product                                                  |
| inline               |                                                                       | firmware/nnet_utils/nnet_mult.h:72 in product                                                  |
| inline               |                                                                       | firmware/nnet_utils/nnet_mult.h:82 in product                                                  |
| pipeline             |                                                                       | firmware/nnet_utils/nnet_stream.h:23 in clone_stream                                           |
| unroll               |                                                                       | firmware/nnet_utils/nnet_stream.h:33 in clone_stream                                           |
| pipeline             |                                                                       | firmware/nnet_utils/nnet_stream.h:47 in clone_stream                                           |
| unroll               |                                                                       | firmware/nnet_utils/nnet_stream.h:59 in clone_stream                                           |
| pipeline             |                                                                       | firmware/nnet_utils/nnet_stream.h:74 in repack_stream                                          |
| unroll               |                                                                       | firmware/nnet_utils/nnet_stream.h:81 in repack_stream                                          |
| pipeline             |                                                                       | firmware/nnet_utils/nnet_stream.h:91 in repack_stream                                          |
| pipeline             |                                                                       | firmware/nnet_utils/nnet_stream.h:99 in repack_stream                                          |
| unroll               |                                                                       | firmware/nnet_utils/nnet_stream.h:103 in repack_stream                                         |
| pipeline             |                                                                       | firmware/nnet_utils/nnet_stream.h:114 in repack_stream                                         |
| unroll               |                                                                       | firmware/nnet_utils/nnet_stream.h:118 in repack_stream                                         |
| pipeline             |                                                                       | firmware/nnet_utils/nnet_stream.h:139 in broadcast_stream_1x1xc                                |
| pipeline             |                                                                       | firmware/nnet_utils/nnet_stream.h:142 in broadcast_stream_1x1xc                                |
| unroll               |                                                                       | firmware/nnet_utils/nnet_stream.h:146 in broadcast_stream_1x1xc                                |
| pipeline             |                                                                       | firmware/nnet_utils/nnet_stream.h:160 in broadcast_stream_hxwx1                                |
| unroll               |                                                                       | firmware/nnet_utils/nnet_stream.h:165 in broadcast_stream_hxwx1                                |
| array_partition      | variable=data_array complete                                          | firmware/nnet_utils/nnet_stream.h:185 in transpose_2d, data_array                              |
| pipeline             |                                                                       | firmware/nnet_utils/nnet_stream.h:188 in transpose_2d                                          |
| pipeline             |                                                                       | firmware/nnet_utils/nnet_stream.h:196 in transpose_2d                                          |
| unroll               |                                                                       | firmware/nnet_utils/nnet_types.h:28 in operator=                                               |
+----------------------+-----------------------------------------------------------------------+------------------------------------------------------------------------------------------------+


