

================================================================
== Vitis HLS Report for 'dense_latency_ap_ufixed_8_6_5_3_0_ap_fixed_12_6_5_3_0_config18_s'
================================================================
* Date:           Wed Feb 26 01:38:22 2025

* Version:        2024.1 (Build 5069499 on May 21 2024)
* Project:        myproject_prj
* Solution:       solution1 (Vivado IP Flow Target)
* Product family: virtexuplusHBM
* Target device:  xcu50-fsvh2104-2-e


================================================================
== Performance Estimates
================================================================
+ Timing: 
    * Summary: 
    +--------+---------+----------+------------+
    |  Clock |  Target | Estimated| Uncertainty|
    +--------+---------+----------+------------+
    |ap_clk  |  5.00 ns|  2.166 ns|     1.35 ns|
    +--------+---------+----------+------------+

+ Latency: 
    * Summary: 
    +---------+---------+----------+----------+-----+-----+---------+
    |  Latency (cycles) |  Latency (absolute) |  Interval | Pipeline|
    |   min   |   max   |    min   |    max   | min | max |   Type  |
    +---------+---------+----------+----------+-----+-----+---------+
    |        0|        0|      0 ns|      0 ns|    1|    1|      yes|
    +---------+---------+----------+----------+-----+-----+---------+

    + Detail: 
        * Instance: 
        N/A

        * Loop: 
        N/A



================================================================
== Utilization Estimates
================================================================
* Summary: 
+---------------------+---------+------+---------+--------+-----+
|         Name        | BRAM_18K|  DSP |    FF   |   LUT  | URAM|
+---------------------+---------+------+---------+--------+-----+
|DSP                  |        -|     -|        -|       -|    -|
|Expression           |        -|     -|        0|     282|    -|
|FIFO                 |        -|     -|        -|       -|    -|
|Instance             |        -|     -|        -|       -|    -|
|Memory               |        -|     -|        -|       -|    -|
|Multiplexer          |        -|     -|        -|       -|    -|
|Register             |        -|     -|        -|       -|    -|
+---------------------+---------+------+---------+--------+-----+
|Total                |        0|     0|        0|     282|    0|
+---------------------+---------+------+---------+--------+-----+
|Available SLR        |     1344|  2976|   871680|  435840|  320|
+---------------------+---------+------+---------+--------+-----+
|Utilization SLR (%)  |        0|     0|        0|      ~0|    0|
+---------------------+---------+------+---------+--------+-----+
|Available            |     2688|  5952|  1743360|  871680|  640|
+---------------------+---------+------+---------+--------+-----+
|Utilization (%)      |        0|     0|        0|      ~0|    0|
+---------------------+---------+------+---------+--------+-----+

+ Detail: 
    * Instance: 
    N/A

    * DSP: 
    N/A

    * Memory: 
    N/A

    * FIFO: 
    N/A

    * Expression: 
    +-----------------------+----------+----+---+----+------------+------------+
    |     Variable Name     | Operation| DSP| FF| LUT| Bitwidth P0| Bitwidth P1|
    +-----------------------+----------+----+---+----+------------+------------+
    |add_ln58_10_fu_312_p2  |         +|   0|  0|  16|           9|           9|
    |add_ln58_4_fu_232_p2   |         +|   0|  0|  20|          13|          13|
    |add_ln58_5_fu_238_p2   |         +|   0|  0|  18|           9|           9|
    |add_ln58_6_fu_248_p2   |         +|   0|  0|  19|          12|          12|
    |add_ln58_7_fu_254_p2   |         +|   0|  0|  17|          10|           8|
    |add_ln58_8_fu_264_p2   |         +|   0|  0|  19|          12|          12|
    |add_ln58_9_fu_306_p2   |         +|   0|  0|  17|          13|           9|
    |add_ln58_fu_222_p2     |         +|   0|  0|  17|          10|          10|
    |tmp_fu_270_p2          |         +|   0|  0|  16|           9|           9|
    |sub_ln42_1_fu_130_p2   |         -|   0|  0|  18|          11|          11|
    |sub_ln42_2_fu_180_p2   |         -|   0|  0|  18|           9|           9|
    |sub_ln42_3_fu_198_p2   |         -|   0|  0|  16|           1|           9|
    |sub_ln42_4_fu_212_p2   |         -|   0|  0|  15|           1|           8|
    |sub_ln42_fu_112_p2     |         -|   0|  0|  19|          12|          12|
    |sub_ln58_fu_322_p2     |         -|   0|  0|  20|          13|          13|
    |tmp1_fu_300_p2         |         -|   0|  0|  17|          13|          13|
    +-----------------------+----------+----+---+----+------------+------------+
    |Total                  |          |   0|  0| 282|         157|         166|
    +-----------------------+----------+----+---+----+------------+------------+

    * Multiplexer: 
    N/A

    * Register: 
    N/A



================================================================
== Interface
================================================================
* Summary: 
+-------------+-----+-----+------------+-----------------------------------------------------------------------------+--------------+
|  RTL Ports  | Dir | Bits|  Protocol  |                                Source Object                                |    C Type    |
+-------------+-----+-----+------------+-----------------------------------------------------------------------------+--------------+
|ap_ready     |  out|    1|  ap_ctrl_hs|  dense_latency<ap_ufixed<8, 6, 5, 3, 0>, ap_fixed<12, 6, 5, 3, 0>, config18>|  return value|
|ap_return_0  |  out|   12|  ap_ctrl_hs|  dense_latency<ap_ufixed<8, 6, 5, 3, 0>, ap_fixed<12, 6, 5, 3, 0>, config18>|  return value|
|ap_return_1  |  out|   12|  ap_ctrl_hs|  dense_latency<ap_ufixed<8, 6, 5, 3, 0>, ap_fixed<12, 6, 5, 3, 0>, config18>|  return value|
|ap_return_2  |  out|   12|  ap_ctrl_hs|  dense_latency<ap_ufixed<8, 6, 5, 3, 0>, ap_fixed<12, 6, 5, 3, 0>, config18>|  return value|
|ap_return_3  |  out|   12|  ap_ctrl_hs|  dense_latency<ap_ufixed<8, 6, 5, 3, 0>, ap_fixed<12, 6, 5, 3, 0>, config18>|  return value|
|ap_return_4  |  out|   12|  ap_ctrl_hs|  dense_latency<ap_ufixed<8, 6, 5, 3, 0>, ap_fixed<12, 6, 5, 3, 0>, config18>|  return value|
|ap_rst       |   in|    1|  ap_ctrl_hs|  dense_latency<ap_ufixed<8, 6, 5, 3, 0>, ap_fixed<12, 6, 5, 3, 0>, config18>|  return value|
|data_12_val  |   in|    8|     ap_none|                                                                  data_12_val|        scalar|
|data_27_val  |   in|    4|     ap_none|                                                                  data_27_val|        scalar|
+-------------+-----+-----+------------+-----------------------------------------------------------------------------+--------------+

