

================================================================
== Vitis HLS Report for 'dense_latency_ap_fixed_11_6_5_3_0_ap_fixed_9_7_5_3_0_config3_s'
================================================================
* Date:           Wed Feb 26 01:38:21 2025

* Version:        2024.1 (Build 5069499 on May 21 2024)
* Project:        myproject_prj
* Solution:       solution1 (Vivado IP Flow Target)
* Product family: virtexuplusHBM
* Target device:  xcu50-fsvh2104-2-e


================================================================
== Performance Estimates
================================================================
+ Timing: 
    * Summary: 
    +--------+---------+----------+------------+
    |  Clock |  Target | Estimated| Uncertainty|
    +--------+---------+----------+------------+
    |ap_clk  |  5.00 ns|  3.050 ns|     1.35 ns|
    +--------+---------+----------+------------+

+ Latency: 
    * Summary: 
    +---------+---------+----------+----------+-----+-----+---------+
    |  Latency (cycles) |  Latency (absolute) |  Interval | Pipeline|
    |   min   |   max   |    min   |    max   | min | max |   Type  |
    +---------+---------+----------+----------+-----+-----+---------+
    |        0|        0|      0 ns|      0 ns|    1|    1|      yes|
    +---------+---------+----------+----------+-----+-----+---------+

    + Detail: 
        * Instance: 
        N/A

        * Loop: 
        N/A



================================================================
== Utilization Estimates
================================================================
* Summary: 
+---------------------+---------+------+---------+--------+-----+
|         Name        | BRAM_18K|  DSP |    FF   |   LUT  | URAM|
+---------------------+---------+------+---------+--------+-----+
|DSP                  |        -|     -|        -|       -|    -|
|Expression           |        -|     -|        0|     618|    -|
|FIFO                 |        -|     -|        -|       -|    -|
|Instance             |        -|     -|        -|       -|    -|
|Memory               |        -|     -|        -|       -|    -|
|Multiplexer          |        -|     -|        -|       -|    -|
|Register             |        -|     -|        -|       -|    -|
+---------------------+---------+------+---------+--------+-----+
|Total                |        0|     0|        0|     618|    0|
+---------------------+---------+------+---------+--------+-----+
|Available SLR        |     1344|  2976|   871680|  435840|  320|
+---------------------+---------+------+---------+--------+-----+
|Utilization SLR (%)  |        0|     0|        0|      ~0|    0|
+---------------------+---------+------+---------+--------+-----+
|Available            |     2688|  5952|  1743360|  871680|  640|
+---------------------+---------+------+---------+--------+-----+
|Utilization (%)      |        0|     0|        0|      ~0|    0|
+---------------------+---------+------+---------+--------+-----+

+ Detail: 
    * Instance: 
    N/A

    * DSP: 
    N/A

    * Memory: 
    N/A

    * FIFO: 
    N/A

    * Expression: 
    +-----------------------+----------+----+---+----+------------+------------+
    |     Variable Name     | Operation| DSP| FF| LUT| Bitwidth P0| Bitwidth P1|
    +-----------------------+----------+----+---+----+------------+------------+
    |add_ln58_11_fu_308_p2  |         +|   0|  0|  23|          23|          23|
    |add_ln58_12_fu_360_p2  |         +|   0|  0|  30|          23|          23|
    |add_ln58_13_fu_372_p2  |         +|   0|  0|  23|          23|          18|
    |add_ln58_14_fu_384_p2  |         +|   0|  0|  23|          23|          23|
    |add_ln58_15_fu_446_p2  |         +|   0|  0|  23|          23|          23|
    |add_ln58_16_fu_452_p2  |         +|   0|  0|  30|          23|          19|
    |add_ln58_17_fu_458_p2  |         +|   0|  0|  23|          23|          23|
    |add_ln58_18_fu_508_p2  |         +|   0|  0|  30|          23|          23|
    |add_ln58_19_fu_514_p2  |         +|   0|  0|  23|          23|          23|
    |add_ln58_20_fu_530_p2  |         +|   0|  0|  29|          22|          15|
    |add_ln58_21_fu_540_p2  |         +|   0|  0|  30|          23|          23|
    |add_ln58_22_fu_546_p2  |         +|   0|  0|  23|          23|          23|
    |add_ln58_fu_292_p2     |         +|   0|  0|  28|          21|          16|
    |empty_fu_402_p2        |         +|   0|  0|  16|           9|           9|
    |tmp1468_fu_432_p2      |         +|   0|  0|  17|          11|          11|
    |tmp1666_fu_468_p2      |         +|   0|  0|  17|          10|          10|
    |tmp36_fu_314_p2        |         +|   0|  0|  17|          10|          10|
    |tmp41_fu_426_p2        |         +|   0|  0|  17|          11|          11|
    |tmp5_fu_324_p2         |         +|   0|  0|  18|          11|          11|
    |tmp772_fu_342_p2       |         +|   0|  0|  17|          10|          10|
    |sub_ln58_1_fu_302_p2   |         -|   0|  0|  30|          23|          23|
    |sub_ln58_2_fu_366_p2   |         -|   0|  0|  23|          23|          23|
    |sub_ln58_3_fu_378_p2   |         -|   0|  0|  23|          23|          23|
    |sub_ln58_4_fu_520_p2   |         -|   0|  0|  28|          21|          21|
    |sub_ln58_fu_286_p2     |         -|   0|  0|  23|          23|          23|
    |tmp1170_fu_412_p2      |         -|   0|  0|  17|          10|          10|
    |tmp1964_fu_490_p2      |         -|   0|  0|  17|          10|          10|
    +-----------------------+----------+----+---+----+------------+------------+
    |Total                  |          |   0|  0| 618|         501|         480|
    +-----------------------+----------+----+---+----+------------+------------+

    * Multiplexer: 
    N/A

    * Register: 
    N/A



================================================================
== Interface
================================================================
* Summary: 
+-------------+-----+-----+------------+---------------------------------------------------------------------------+--------------+
|  RTL Ports  | Dir | Bits|  Protocol  |                               Source Object                               |    C Type    |
+-------------+-----+-----+------------+---------------------------------------------------------------------------+--------------+
|ap_ready     |  out|    1|  ap_ctrl_hs|  dense_latency<ap_fixed<11, 6, 5, 3, 0>, ap_fixed<9, 7, 5, 3, 0>, config3>|  return value|
|ap_return_0  |  out|    9|  ap_ctrl_hs|  dense_latency<ap_fixed<11, 6, 5, 3, 0>, ap_fixed<9, 7, 5, 3, 0>, config3>|  return value|
|ap_return_1  |  out|    9|  ap_ctrl_hs|  dense_latency<ap_fixed<11, 6, 5, 3, 0>, ap_fixed<9, 7, 5, 3, 0>, config3>|  return value|
|ap_return_2  |  out|    9|  ap_ctrl_hs|  dense_latency<ap_fixed<11, 6, 5, 3, 0>, ap_fixed<9, 7, 5, 3, 0>, config3>|  return value|
|ap_return_3  |  out|    9|  ap_ctrl_hs|  dense_latency<ap_fixed<11, 6, 5, 3, 0>, ap_fixed<9, 7, 5, 3, 0>, config3>|  return value|
|ap_rst       |   in|    1|  ap_ctrl_hs|  dense_latency<ap_fixed<11, 6, 5, 3, 0>, ap_fixed<9, 7, 5, 3, 0>, config3>|  return value|
|data_0_val   |   in|    9|     ap_none|                                                                 data_0_val|        scalar|
|data_1_val   |   in|    9|     ap_none|                                                                 data_1_val|        scalar|
|data_2_val   |   in|    9|     ap_none|                                                                 data_2_val|        scalar|
|data_4_val   |   in|    9|     ap_none|                                                                 data_4_val|        scalar|
|data_5_val   |   in|   10|     ap_none|                                                                 data_5_val|        scalar|
|data_6_val   |   in|    9|     ap_none|                                                                 data_6_val|        scalar|
|data_7_val   |   in|    9|     ap_none|                                                                 data_7_val|        scalar|
|data_8_val   |   in|    9|     ap_none|                                                                 data_8_val|        scalar|
|data_11_val  |   in|    8|     ap_none|                                                                data_11_val|        scalar|
|data_12_val  |   in|    8|     ap_none|                                                                data_12_val|        scalar|
|data_14_val  |   in|   10|     ap_none|                                                                data_14_val|        scalar|
|data_15_val  |   in|    9|     ap_none|                                                                data_15_val|        scalar|
+-------------+-----+-----+------------+---------------------------------------------------------------------------+--------------+

