================================================================
== Design Size Report
================================================================

* Total Instructions per Compilation Phase
+---------------+-----------------------------+--------------+----------------------------------------------------------------------------------------+
| Phase         | Step                        | Instructions | Description                                                                            |
+---------------+-----------------------------+--------------+----------------------------------------------------------------------------------------+
| Compile/Link  |                             |  20,791      | After all functions are compiled and linked into a single design                       |
|               |                             |              |                                                                                        |
| Unroll/Inline |                             |              | After user unroll and inline pragmas are applied                                       |
|               | (1) unroll                  | 239,632 *    | user unroll pragmas are applied                                                        |
|               | (2) simplification          |  70,426      | simplification of applied user unroll pragmas                                          |
|               | (3) inline                  |  70,051      | user inline pragmas are applied                                                        |
|               | (4) simplification          |  69,644      | simplification of applied user inline pragmas                                          |
|               |                             |              |                                                                                        |
| Array/Struct  |                             |              | After user array partition and struct aggregate/disaggregate pragmas are applied       |
|               | (1) array partition         |  43,231      | user array partition pragmas are applied                                               |
|               | (2) simplification          |  19,282      | simplification of applied user array partition & struct aggregate/disaggregate pragmas |
|               | (3) aggregate/disaggregate  |  19,282      | user struct aggregate/disaggregate pragmas are applied                                 |
|               | (4) array reshape           |  15,259      | apply array reshape pragmas                                                            |
|               | (5) access patterns         |  15,182      | array access pattern optmizations                                                      |
|               |                             |              |                                                                                        |
| Performance   |                             |              | After transformations are applied to meet performance pragma targets                   |
|               | (1) loop simplification     |  14,752      | loop and instruction simplification                                                    |
|               | (2) parallelization         |  14,474      | loops are unrolled or pipelined to meet performance targets                            |
|               | (3) array partition         |  14,280      | arrays are partitioned to meet performance targets                                     |
|               | (4) simplification          |  14,280      | simplification of design after performance transformations                             |
|               |                             |              |                                                                                        |
| HW Transforms |                             |              | After hardware transfomations                                                          |
|               | (1) lowering                |  14,286      | initial conversion to HW specific instructions                                         |
|               | (2) optimizations           |  14,295      | high level synthesis optimizations                                                     |
+---------------+-----------------------------+--------------+----------------------------------------------------------------------------------------+
    * - Exceeded design size warning message threshold

* Instructions per Function for each Compilation Phase
+---------------------------------------+-------------------------+--------------+------------------+------------------+-------------+---------------+
| Function                              | Location                | Compile/Link | Unroll/Inline    | Array/Struct     | Performance | HW Transforms |
+---------------------------------------+-------------------------+--------------+------------------+------------------+-------------+---------------+
| + myproject                           | myproject.cpp:7         | 20,791       | 69,644           | 15,182           | 14,280      | 14,295        |
|    h_quantize_6<ap_fixed<14, 5,...    | nnet_code_gen.h:27      | 2,731        |                  |                  |             |               |
|  + dense<ap_fixed<13, 5, AP_TRN...    | nnet_dense.h:41         |   586        |                  |                  |             |               |
|   + dense                             | nnet_dense.h:50         |   584        |                  |                  |             |               |
|    + dense_latency<ap_fixed<13, 5...  | nnet_dense_latency.h:13 |   582        |                  |                  |             |               |
|       product                         | nnet_mult.h:70          |   141        |                  |                  |             |               |
|       cast<ap_fixed<13, 5, AP_TRN,... | nnet_mult.h:110         |    60        |                  |                  |             |               |
|    relu<ap_fixed<13, 7, AP_TRN,...    | nnet_activation.h:39    |   229        |   639            |   513            |   449       |   450         |
|    h_dense_24_relu_quantizer<ap...    | nnet_code_gen.h:49      | 7,649        |                  |                  |             |               |
|  + dense<ap_ufixed<11, 5, AP_TR...    | nnet_dense.h:41         |   586        |                  |                  |             |               |
|   + dense                             | nnet_dense.h:50         |   584        |                  |                  |             |               |
|    + dense_latency<ap_ufixed<11, ...  | nnet_dense_latency.h:13 |   582        |                  |                  |             |               |
|       product                         | nnet_mult.h:70          |   141        |                  |                  |             |               |
|       cast<ap_ufixed<11, 5, AP_TRN... | nnet_mult.h:110         |    60        |                  |                  |             |               |
|    relu<ap_fixed<13, 10, AP_TRN...    | nnet_activation.h:39    |   229        |   319            |   257            |   225       |   226         |
|    h_dense_25_relu_quantizer<ap...    | nnet_code_gen.h:119     | 3,120        |                  |                  |             |               |
|  + dense<ap_ufixed<9, 6, AP_TRN...    | nnet_dense.h:41         |   534        |                  |                  |             |               |
|   + dense                             | nnet_dense.h:50         |   532        |                  |                  |             |               |
|    + dense_latency<ap_ufixed<9, 6...  | nnet_dense_latency.h:13 |   530        |                  |                  |             |               |
|       product                         | nnet_mult.h:70          |   141        |                  |                  |             |               |
|       cast<ap_ufixed<9, 6, AP_TRN,... | nnet_mult.h:110         |    60        |                  |                  |             |               |
|    relu<ap_fixed<13, 9, AP_TRN,...    | nnet_activation.h:39    |   229        |   319            |   257            |   225       |   226         |
|    h_dense_26_relu_quantizer<ap...    | nnet_code_gen.h:157     | 3,588        |                  |                  |             |               |
|  + dense<ap_ufixed<10, 6, AP_TR...    | nnet_dense.h:41         |   586        |                  |                  |             |               |
|   + dense                             | nnet_dense.h:50         |   584        |                  |                  |             |               |
|    + dense_latency<ap_ufixed<10, ...  | nnet_dense_latency.h:13 |   582        |                  |                  |             |               |
|       product                         | nnet_mult.h:70          |   141        |                  |                  |             |               |
|       cast<ap_ufixed<10, 6, AP_TRN... | nnet_mult.h:110         |    60        |                  |                  |             |               |
|    h_dense_27_quantizer<ap_fixe...    | nnet_code_gen.h:195     |   619        |                  |                  |             |               |
|  + dense_latency<ap_fixed<13, 5...    | nnet_dense_latency.h:13 |              | 16,563           | 4,310            | 3,886       | 3,887         |
|     cast<ap_fixed<13, 5, AP_TRN,...   | nnet_mult.h:110         |              |   256 (64 calls) |   256 (64 calls) |             |               |
|    dense_latency<ap_ufixed<11, ...    | nnet_dense_latency.h:13 |              | 32,260           | 5,047            | 4,950       | 4,951         |
|    dense_latency<ap_ufixed<9, 6...    | nnet_dense_latency.h:13 |              | 16,012           | 2,459            | 2,410       | 2,411         |
|    dense_latency<ap_ufixed<10, ...    | nnet_dense_latency.h:13 |              | 2,225            |   961            |   873       |   874         |
+---------------------------------------+-------------------------+--------------+------------------+------------------+-------------+---------------+

* Design Size Message Settings
+---------------------------------------------+--------+------------------------------------------------------------------+
| Message Setting                             | Value  | Description                                                      |
+---------------------------------------------+--------+------------------------------------------------------------------+
| config_compile -design_size_maximum_warning | 100000 | Show a warning when total design instructions exceeds this value |
+---------------------------------------------+--------+------------------------------------------------------------------+


