

================================================================
== Vitis HLS Report for 'dense_latency_ap_fixed_13_5_5_3_0_ap_fixed_13_7_5_3_0_config3_s'
================================================================
* Date:           Wed Feb 26 01:33:20 2025

* Version:        2024.1 (Build 5069499 on May 21 2024)
* Project:        myproject_prj
* Solution:       solution1 (Vivado IP Flow Target)
* Product family: virtexuplusHBM
* Target device:  xcu50-fsvh2104-2-e


================================================================
== Performance Estimates
================================================================
+ Timing: 
    * Summary: 
    +--------+---------+----------+------------+
    |  Clock |  Target | Estimated| Uncertainty|
    +--------+---------+----------+------------+
    |ap_clk  |  5.00 ns|  3.614 ns|     1.35 ns|
    +--------+---------+----------+------------+

+ Latency: 
    * Summary: 
    +---------+---------+----------+----------+-----+-----+---------+
    |  Latency (cycles) |  Latency (absolute) |  Interval | Pipeline|
    |   min   |   max   |    min   |    max   | min | max |   Type  |
    +---------+---------+----------+----------+-----+-----+---------+
    |        1|        1|  5.000 ns|  5.000 ns|    1|    1|      yes|
    +---------+---------+----------+----------+-----+-----+---------+

    + Detail: 
        * Instance: 
        N/A

        * Loop: 
        N/A



================================================================
== Utilization Estimates
================================================================
* Summary: 
+---------------------+---------+------+---------+--------+-----+
|         Name        | BRAM_18K|  DSP |    FF   |   LUT  | URAM|
+---------------------+---------+------+---------+--------+-----+
|DSP                  |        -|     -|        -|       -|    -|
|Expression           |        -|     -|        0|   18249|    -|
|FIFO                 |        -|     -|        -|       -|    -|
|Instance             |        -|    20|        0|      99|    -|
|Memory               |        -|     -|        -|       -|    -|
|Multiplexer          |        -|     -|        -|       -|    -|
|Register             |        -|     -|     1600|       -|    -|
+---------------------+---------+------+---------+--------+-----+
|Total                |        0|    20|     1600|   18348|    0|
+---------------------+---------+------+---------+--------+-----+
|Available SLR        |     1344|  2976|   871680|  435840|  320|
+---------------------+---------+------+---------+--------+-----+
|Utilization SLR (%)  |        0|    ~0|       ~0|       4|    0|
+---------------------+---------+------+---------+--------+-----+
|Available            |     2688|  5952|  1743360|  871680|  640|
+---------------------+---------+------+---------+--------+-----+
|Utilization (%)      |        0|    ~0|       ~0|       2|    0|
+---------------------+---------+------+---------+--------+-----+

+ Detail: 
    * Instance: 
    +------------------------+--------------------+---------+----+---+----+-----+
    |        Instance        |       Module       | BRAM_18K| DSP| FF| LUT| URAM|
    +------------------------+--------------------+---------+----+---+----+-----+
    |mul_11s_7s_17_1_1_U5    |mul_11s_7s_17_1_1   |        0|   1|  0|   6|    0|
    |mul_11s_8ns_19_1_1_U19  |mul_11s_8ns_19_1_1  |        0|   1|  0|   6|    0|
    |mul_11s_8s_19_1_1_U11   |mul_11s_8s_19_1_1   |        0|   1|  0|   6|    0|
    |mul_12s_7ns_18_1_1_U9   |mul_12s_7ns_18_1_1  |        0|   1|  0|   5|    0|
    |mul_12s_7ns_19_1_1_U3   |mul_12s_7ns_19_1_1  |        0|   1|  0|   5|    0|
    |mul_12s_7ns_19_1_1_U13  |mul_12s_7ns_19_1_1  |        0|   1|  0|   5|    0|
    |mul_12s_7ns_19_1_1_U14  |mul_12s_7ns_19_1_1  |        0|   1|  0|   5|    0|
    |mul_12s_7ns_19_1_1_U17  |mul_12s_7ns_19_1_1  |        0|   1|  0|   5|    0|
    |mul_12s_7ns_19_1_1_U20  |mul_12s_7ns_19_1_1  |        0|   1|  0|   5|    0|
    |mul_12s_7s_18_1_1_U7    |mul_12s_7s_18_1_1   |        0|   1|  0|   5|    0|
    |mul_12s_8ns_19_1_1_U8   |mul_12s_8ns_19_1_1  |        0|   1|  0|   5|    0|
    |mul_12s_8ns_20_1_1_U18  |mul_12s_8ns_20_1_1  |        0|   1|  0|   5|    0|
    |mul_12s_8s_19_1_1_U4    |mul_12s_8s_19_1_1   |        0|   1|  0|   5|    0|
    |mul_12s_8s_19_1_1_U15   |mul_12s_8s_19_1_1   |        0|   1|  0|   5|    0|
    |mul_12s_9ns_20_1_1_U1   |mul_12s_9ns_20_1_1  |        0|   1|  0|   5|    0|
    |mul_12s_9s_20_1_1_U6    |mul_12s_9s_20_1_1   |        0|   1|  0|   5|    0|
    |mul_13s_9ns_21_1_1_U16  |mul_13s_9ns_21_1_1  |        0|   1|  0|   4|    0|
    |mul_13s_9s_21_1_1_U2    |mul_13s_9s_21_1_1   |        0|   1|  0|   4|    0|
    |mul_13s_9s_21_1_1_U10   |mul_13s_9s_21_1_1   |        0|   1|  0|   4|    0|
    |mul_13s_9s_21_1_1_U12   |mul_13s_9s_21_1_1   |        0|   1|  0|   4|    0|
    +------------------------+--------------------+---------+----+---+----+-----+
    |Total                   |                    |        0|  20|  0|  99|    0|
    +------------------------+--------------------+---------+----+---+----+-----+

    * DSP: 
    N/A

    * Memory: 
    N/A

    * FIFO: 
    N/A

    * Expression: 
    +---------------------------+----------+----+---+-----+------------+------------+
    |       Variable Name       | Operation| DSP| FF| LUT | Bitwidth P0| Bitwidth P1|
    +---------------------------+----------+----+---+-----+------------+------------+
    |add_ln17_1_fu_55482_p2     |         +|   0|  0|   19|          19|          19|
    |add_ln17_2_fu_55627_p2     |         +|   0|  0|   20|          20|          20|
    |add_ln17_3_fu_56036_p2     |         +|   0|  0|   25|          18|          18|
    |add_ln17_4_fu_56160_p2     |         +|   0|  0|   23|          16|          16|
    |add_ln17_5_fu_56176_p2     |         +|   0|  0|   16|          15|          15|
    |add_ln17_6_fu_56706_p2     |         +|   0|  0|   17|          17|          17|
    |add_ln17_7_fu_57049_p2     |         +|   0|  0|   16|          16|          16|
    |add_ln17_8_fu_57257_p2     |         +|   0|  0|   16|          16|          16|
    |add_ln17_9_fu_57605_p2     |         +|   0|  0|   27|          20|          20|
    |add_ln17_fu_55265_p2       |         +|   0|  0|   27|          20|          20|
    |add_ln58_1021_fu_57904_p2  |         +|   0|  0|   20|          20|          20|
    |add_ln58_1022_fu_57914_p2  |         +|   0|  0|   18|          18|          18|
    |add_ln58_1023_fu_57920_p2  |         +|   0|  0|   18|          18|          18|
    |add_ln58_1024_fu_57930_p2  |         +|   0|  0|   20|          20|          16|
    |add_ln58_1025_fu_57936_p2  |         +|   0|  0|   20|          20|          20|
    |add_ln58_1026_fu_57946_p2  |         +|   0|  0|   21|          21|          21|
    |add_ln58_1027_fu_57952_p2  |         +|   0|  0|   21|          21|          21|
    |add_ln58_1028_fu_57972_p2  |         +|   0|  0|   26|          19|          19|
    |add_ln58_1029_fu_57992_p2  |         +|   0|  0|   25|          18|          18|
    |add_ln58_1030_fu_58002_p2  |         +|   0|  0|   27|          20|          20|
    |add_ln58_1031_fu_58018_p2  |         +|   0|  0|   17|          17|          17|
    |add_ln58_1032_fu_58028_p2  |         +|   0|  0|   24|          17|          17|
    |add_ln58_1033_fu_58044_p2  |         +|   0|  0|   20|          20|          20|
    |add_ln58_1034_fu_58050_p2  |         +|   0|  0|   20|          20|          20|
    |add_ln58_1035_fu_58060_p2  |         +|   0|  0|   28|          21|          21|
    |add_ln58_1036_fu_58076_p2  |         +|   0|  0|   28|          21|          15|
    |add_ln58_1037_fu_58082_p2  |         +|   0|  0|   21|          21|          21|
    |add_ln58_1038_fu_58088_p2  |         +|   0|  0|   21|          21|          21|
    |add_ln58_1039_fu_58094_p2  |         +|   0|  0|   26|          19|          19|
    |add_ln58_1040_fu_58114_p2  |         +|   0|  0|   26|          19|          19|
    |add_ln58_1041_fu_58124_p2  |         +|   0|  0|   27|          20|          20|
    |add_ln58_1042_fu_58144_p2  |         +|   0|  0|   27|          20|          15|
    |add_ln58_1043_fu_58150_p2  |         +|   0|  0|   20|          20|          20|
    |add_ln58_1044_fu_58156_p2  |         +|   0|  0|   20|          20|          20|
    |add_ln58_1045_fu_58166_p2  |         +|   0|  0|   28|          21|          21|
    |add_ln58_1046_fu_58172_p2  |         +|   0|  0|   20|          13|          13|
    |add_ln58_1047_fu_58210_p2  |         +|   0|  0|   20|          20|          15|
    |add_ln58_1048_fu_58216_p2  |         +|   0|  0|   20|          20|          20|
    |add_ln58_1049_fu_58226_p2  |         +|   0|  0|   28|          21|          21|
    |add_ln58_1050_fu_58232_p2  |         +|   0|  0|   25|          18|          18|
    |add_ln58_1051_fu_58268_p2  |         +|   0|  0|   21|          21|          21|
    |add_ln58_1052_fu_58274_p2  |         +|   0|  0|   24|          17|          17|
    |add_ln58_1053_fu_58284_p2  |         +|   0|  0|   25|          18|          18|
    |add_ln58_1054_fu_58294_p2  |         +|   0|  0|   19|          19|          16|
    |add_ln58_1055_fu_58300_p2  |         +|   0|  0|   19|          19|          19|
    |add_ln58_1056_fu_58310_p2  |         +|   0|  0|   27|          20|          20|
    |add_ln58_1057_fu_58320_p2  |         +|   0|  0|   21|          21|          21|
    |add_ln58_1058_fu_58326_p2  |         +|   0|  0|   25|          18|          18|
    |add_ln58_1059_fu_58336_p2  |         +|   0|  0|   26|          19|          19|
    |add_ln58_1060_fu_58346_p2  |         +|   0|  0|   27|          20|          20|
    |add_ln58_1061_fu_58356_p2  |         +|   0|  0|   19|          12|          12|
    |add_ln58_1062_fu_58390_p2  |         +|   0|  0|   20|          20|          20|
    |add_ln58_1063_fu_58396_p2  |         +|   0|  0|   20|          20|          20|
    |add_ln58_1064_fu_58406_p2  |         +|   0|  0|   28|          21|          21|
    |add_ln58_1065_fu_58430_p2  |         +|   0|  0|   19|          19|          19|
    |add_ln58_1066_fu_58440_p2  |         +|   0|  0|   26|          19|          19|
    |add_ln58_1067_fu_58450_p2  |         +|   0|  0|   20|          20|          20|
    |add_ln58_1068_fu_58462_p2  |         +|   0|  0|   16|          15|          15|
    |add_ln58_1069_fu_58472_p2  |         +|   0|  0|   17|          17|          17|
    |add_ln58_1070_fu_58482_p2  |         +|   0|  0|   20|          20|          20|
    |add_ln58_1071_fu_58488_p2  |         +|   0|  0|   22|          15|          15|
    |add_ln58_1072_fu_58508_p2  |         +|   0|  0|   23|          16|          16|
    |add_ln58_1073_fu_58514_p2  |         +|   0|  0|   21|          21|          21|
    |add_ln58_1074_fu_58520_p2  |         +|   0|  0|   20|          13|          12|
    |add_ln58_1075_fu_58530_p2  |         +|   0|  0|   21|          21|          21|
    |add_ln58_1076_fu_63676_p2  |         +|   0|  0|   21|          21|          21|
    |add_ln58_1077_fu_63681_p2  |         +|   0|  0|   21|          21|          21|
    |add_ln58_1078_fu_58536_p2  |         +|   0|  0|   24|          17|          17|
    |add_ln58_1079_fu_58552_p2  |         +|   0|  0|   20|          20|          20|
    |add_ln58_1080_fu_58578_p2  |         +|   0|  0|   19|          19|          19|
    |add_ln58_1081_fu_58588_p2  |         +|   0|  0|   21|          21|          21|
    |add_ln58_1082_fu_58594_p2  |         +|   0|  0|   23|          16|          16|
    |add_ln58_1083_fu_58614_p2  |         +|   0|  0|   24|          17|          17|
    |add_ln58_1084_fu_58624_p2  |         +|   0|  0|   27|          20|          20|
    |add_ln58_1085_fu_58640_p2  |         +|   0|  0|   20|          20|          20|
    |add_ln58_1086_fu_58646_p2  |         +|   0|  0|   20|          20|          20|
    |add_ln58_1087_fu_58656_p2  |         +|   0|  0|   21|          21|          21|
    |add_ln58_1088_fu_58662_p2  |         +|   0|  0|   18|          18|          18|
    |add_ln58_1089_fu_58682_p2  |         +|   0|  0|   27|          20|          20|
    |add_ln58_1090_fu_58688_p2  |         +|   0|  0|   27|          20|          20|
    |add_ln58_1091_fu_58694_p2  |         +|   0|  0|   24|          17|          17|
    |add_ln58_1092_fu_58704_p2  |         +|   0|  0|   27|          20|          20|
    |add_ln58_1093_fu_63693_p2  |         +|   0|  0|   21|          21|          21|
    |add_ln58_1094_fu_58730_p2  |         +|   0|  0|   23|          16|          16|
    |add_ln58_1095_fu_58746_p2  |         +|   0|  0|   25|          18|          15|
    |add_ln58_1096_fu_58756_p2  |         +|   0|  0|   19|          19|          19|
    |add_ln58_1097_fu_58762_p2  |         +|   0|  0|   19|          19|          19|
    |add_ln58_1098_fu_63702_p2  |         +|   0|  0|   21|          21|          21|
    |add_ln58_1099_fu_58774_p2  |         +|   0|  0|   26|          19|          19|
    |add_ln58_1100_fu_58804_p2  |         +|   0|  0|   27|          20|          20|
    |add_ln58_1101_fu_58814_p2  |         +|   0|  0|   21|          21|          21|
    |add_ln58_1102_fu_58844_p2  |         +|   0|  0|   18|          18|          18|
    |add_ln58_1103_fu_58854_p2  |         +|   0|  0|   27|          20|          20|
    |add_ln58_1104_fu_58860_p2  |         +|   0|  0|   25|          18|          16|
    |add_ln58_1105_fu_58870_p2  |         +|   0|  0|   20|          20|          20|
    |add_ln58_1106_fu_58876_p2  |         +|   0|  0|   20|          20|          20|
    |add_ln58_1107_fu_58886_p2  |         +|   0|  0|   21|          21|          21|
    |add_ln58_1108_fu_58898_p2  |         +|   0|  0|   26|          19|          19|
    |add_ln58_1109_fu_58914_p2  |         +|   0|  0|   20|          13|          13|
    |add_ln58_1110_fu_58942_p2  |         +|   0|  0|   26|          19|          19|
    |add_ln58_1111_fu_58952_p2  |         +|   0|  0|   27|          20|          20|
    |add_ln58_1112_fu_58958_p2  |         +|   0|  0|   24|          17|          17|
    |add_ln58_1113_fu_58978_p2  |         +|   0|  0|   17|          17|          17|
    |add_ln58_1114_fu_58988_p2  |         +|   0|  0|   24|          17|          13|
    |add_ln58_1115_fu_58998_p2  |         +|   0|  0|   25|          18|          18|
    |add_ln58_1116_fu_59008_p2  |         +|   0|  0|   26|          19|          19|
    |add_ln58_1117_fu_63714_p2  |         +|   0|  0|   28|          21|          21|
    |add_ln58_1118_fu_59014_p2  |         +|   0|  0|   19|          19|          19|
    |add_ln58_1119_fu_59020_p2  |         +|   0|  0|   19|          19|          19|
    |add_ln58_1120_fu_59040_p2  |         +|   0|  0|   24|          17|          17|
    |add_ln58_1121_fu_59050_p2  |         +|   0|  0|   26|          19|          19|
    |add_ln58_1122_fu_59060_p2  |         +|   0|  0|   27|          20|          20|
    |add_ln58_1123_fu_59070_p2  |         +|   0|  0|   23|          16|          16|
    |add_ln58_1124_fu_59080_p2  |         +|   0|  0|   24|          17|          17|
    |add_ln58_1125_fu_59100_p2  |         +|   0|  0|   26|          19|          14|
    |add_ln58_1126_fu_59110_p2  |         +|   0|  0|   20|          20|          20|
    |add_ln58_1127_fu_59116_p2  |         +|   0|  0|   20|          20|          20|
    |add_ln58_1128_fu_59126_p2  |         +|   0|  0|   28|          21|          21|
    |add_ln58_1129_fu_59172_p2  |         +|   0|  0|   20|          20|          20|
    |add_ln58_1130_fu_59182_p2  |         +|   0|  0|   20|          20|          20|
    |add_ln58_1131_fu_59192_p2  |         +|   0|  0|   28|          21|          21|
    |add_ln58_1132_fu_59198_p2  |         +|   0|  0|   18|          18|          18|
    |add_ln58_1133_fu_59204_p2  |         +|   0|  0|   20|          13|          13|
    |add_ln58_1134_fu_59232_p2  |         +|   0|  0|   18|          18|          18|
    |add_ln58_1135_fu_63723_p2  |         +|   0|  0|   21|          21|          21|
    |add_ln58_1136_fu_59238_p2  |         +|   0|  0|   19|          12|          12|
    |add_ln58_1137_fu_59256_p2  |         +|   0|  0|   22|          15|          15|
    |add_ln58_1138_fu_59276_p2  |         +|   0|  0|   26|          19|          19|
    |add_ln58_1139_fu_59282_p2  |         +|   0|  0|   21|          14|          10|
    |add_ln58_1140_fu_59292_p2  |         +|   0|  0|   19|          19|          19|
    |add_ln58_1141_fu_59298_p2  |         +|   0|  0|   19|          19|          19|
    |add_ln58_1142_fu_63731_p2  |         +|   0|  0|   21|          21|          21|
    |add_ln58_1143_fu_59314_p2  |         +|   0|  0|   24|          17|          17|
    |add_ln58_1144_fu_59334_p2  |         +|   0|  0|   26|          19|          19|
    |add_ln58_1145_fu_59344_p2  |         +|   0|  0|   19|          12|          12|
    |add_ln58_1146_fu_59372_p2  |         +|   0|  0|   26|          19|          16|
    |add_ln58_1147_fu_59392_p2  |         +|   0|  0|   21|          21|          21|
    |add_ln58_1148_fu_59398_p2  |         +|   0|  0|   21|          21|          21|
    |add_ln58_1149_fu_59404_p2  |         +|   0|  0|   26|          19|          19|
    |add_ln58_1150_fu_59414_p2  |         +|   0|  0|   27|          20|          20|
    |add_ln58_1151_fu_59424_p2  |         +|   0|  0|   20|          20|          20|
    |add_ln58_1152_fu_59440_p2  |         +|   0|  0|   20|          20|          20|
    |add_ln58_1153_fu_59450_p2  |         +|   0|  0|   21|          21|          21|
    |add_ln58_1154_fu_59476_p2  |         +|   0|  0|   25|          18|          18|
    |add_ln58_1155_fu_59486_p2  |         +|   0|  0|   24|          17|          17|
    |add_ln58_1156_fu_59496_p2  |         +|   0|  0|   25|          18|          13|
    |add_ln58_1157_fu_59506_p2  |         +|   0|  0|   19|          19|          19|
    |add_ln58_1158_fu_59512_p2  |         +|   0|  0|   19|          19|          19|
    |add_ln58_1159_fu_59522_p2  |         +|   0|  0|   21|          21|          21|
    |add_ln58_1160_fu_59538_p2  |         +|   0|  0|   27|          20|          20|
    |add_ln58_1161_fu_59544_p2  |         +|   0|  0|   25|          18|          18|
    |add_ln58_1162_fu_59554_p2  |         +|   0|  0|   26|          19|          19|
    |add_ln58_1163_fu_63743_p2  |         +|   0|  0|   21|          21|          21|
    |add_ln58_1164_fu_59570_p2  |         +|   0|  0|   18|          18|          18|
    |add_ln58_1165_fu_59580_p2  |         +|   0|  0|   20|          20|          20|
    |add_ln58_1166_fu_59586_p2  |         +|   0|  0|   25|          18|          16|
    |add_ln58_1167_fu_59596_p2  |         +|   0|  0|   20|          20|          20|
    |add_ln58_1168_fu_59606_p2  |         +|   0|  0|   28|          21|          21|
    |add_ln58_1169_fu_63749_p2  |         +|   0|  0|   21|          21|          21|
    |add_ln58_1170_fu_59612_p2  |         +|   0|  0|   19|          19|          19|
    |add_ln58_1171_fu_59618_p2  |         +|   0|  0|   19|          19|          19|
    |add_ln58_1172_fu_59628_p2  |         +|   0|  0|   25|          18|          18|
    |add_ln58_1173_fu_59644_p2  |         +|   0|  0|   19|          19|          19|
    |add_ln58_1174_fu_59654_p2  |         +|   0|  0|   27|          20|          20|
    |add_ln58_1175_fu_59660_p2  |         +|   0|  0|   24|          17|          17|
    |add_ln58_1176_fu_59670_p2  |         +|   0|  0|   23|          16|          16|
    |add_ln58_1177_fu_59680_p2  |         +|   0|  0|   25|          18|          18|
    |add_ln58_1178_fu_59686_p2  |         +|   0|  0|   21|          21|          21|
    |add_ln58_1179_fu_59702_p2  |         +|   0|  0|   21|          21|          21|
    |add_ln58_1180_fu_63760_p2  |         +|   0|  0|   21|          21|          21|
    |add_ln58_1181_fu_63765_p2  |         +|   0|  0|   21|          21|          21|
    |add_ln58_1182_fu_59718_p2  |         +|   0|  0|   24|          17|          17|
    |add_ln58_1183_fu_59728_p2  |         +|   0|  0|   25|          18|          18|
    |add_ln58_1184_fu_59738_p2  |         +|   0|  0|   27|          20|          20|
    |add_ln58_1185_fu_59774_p2  |         +|   0|  0|   19|          19|          19|
    |add_ln58_1186_fu_59784_p2  |         +|   0|  0|   27|          20|          20|
    |add_ln58_1187_fu_59794_p2  |         +|   0|  0|   28|          21|          21|
    |add_ln58_1188_fu_59870_p2  |         +|   0|  0|   19|          19|          19|
    |add_ln58_1189_fu_59880_p2  |         +|   0|  0|   19|          19|          19|
    |add_ln58_1190_fu_59890_p2  |         +|   0|  0|   23|          16|          16|
    |add_ln58_1191_fu_59900_p2  |         +|   0|  0|   20|          20|          20|
    |add_ln58_1192_fu_59906_p2  |         +|   0|  0|   20|          20|          20|
    |add_ln58_1193_fu_59916_p2  |         +|   0|  0|   16|          16|          16|
    |add_ln58_1194_fu_59940_p2  |         +|   0|  0|   21|          21|          21|
    |add_ln58_1195_fu_59946_p2  |         +|   0|  0|   17|          17|          14|
    |add_ln58_1196_fu_59956_p2  |         +|   0|  0|   21|          21|          21|
    |add_ln58_1197_fu_59962_p2  |         +|   0|  0|   21|          21|          21|
    |add_ln58_1198_fu_59968_p2  |         +|   0|  0|   21|          21|          21|
    |add_ln58_1199_fu_59984_p2  |         +|   0|  0|   27|          20|          20|
    |add_ln58_1200_fu_59994_p2  |         +|   0|  0|   28|          21|          21|
    |add_ln58_1201_fu_60010_p2  |         +|   0|  0|   23|          16|          16|
    |add_ln58_1202_fu_60020_p2  |         +|   0|  0|   26|          19|          19|
    |add_ln58_1203_fu_63774_p2  |         +|   0|  0|   21|          21|          21|
    |add_ln58_1204_fu_60026_p2  |         +|   0|  0|   17|          17|          17|
    |add_ln58_1205_fu_60032_p2  |         +|   0|  0|   23|          16|          16|
    |add_ln58_1206_fu_60042_p2  |         +|   0|  0|   17|          17|          17|
    |add_ln58_1207_fu_60048_p2  |         +|   0|  0|   22|          15|          15|
    |add_ln58_1208_fu_60054_p2  |         +|   0|  0|   25|          18|          14|
    |add_ln58_1209_fu_60064_p2  |         +|   0|  0|   21|          21|          21|
    |add_ln58_1210_fu_63785_p2  |         +|   0|  0|   21|          21|          21|
    |add_ln58_1211_fu_63790_p2  |         +|   0|  0|   21|          21|          21|
    |add_ln58_1212_fu_63796_p2  |         +|   0|  0|   21|          21|          21|
    |add_ln58_1213_fu_60070_p2  |         +|   0|  0|   19|          19|          19|
    |add_ln58_1214_fu_60076_p2  |         +|   0|  0|   19|          19|          19|
    |add_ln58_1215_fu_60086_p2  |         +|   0|  0|   19|          19|          19|
    |add_ln58_1216_fu_60102_p2  |         +|   0|  0|   19|          19|          19|
    |add_ln58_1217_fu_60112_p2  |         +|   0|  0|   27|          20|          20|
    |add_ln58_1218_fu_60132_p2  |         +|   0|  0|   16|          16|          16|
    |add_ln58_1219_fu_60142_p2  |         +|   0|  0|   24|          17|          17|
    |add_ln58_1220_fu_60148_p2  |         +|   0|  0|   21|          21|          21|
    |add_ln58_1221_fu_60154_p2  |         +|   0|  0|   22|          15|          14|
    |add_ln58_1222_fu_60164_p2  |         +|   0|  0|   21|          21|          21|
    |add_ln58_1223_fu_63808_p2  |         +|   0|  0|   21|          21|          21|
    |add_ln58_1224_fu_63813_p2  |         +|   0|  0|   21|          21|          21|
    |add_ln58_1225_fu_60180_p2  |         +|   0|  0|   27|          20|          20|
    |add_ln58_1226_fu_60196_p2  |         +|   0|  0|   25|          18|          18|
    |add_ln58_1227_fu_60206_p2  |         +|   0|  0|   20|          20|          20|
    |add_ln58_1228_fu_60216_p2  |         +|   0|  0|   21|          21|          21|
    |add_ln58_1229_fu_60232_p2  |         +|   0|  0|   23|          16|          16|
    |add_ln58_1230_fu_60242_p2  |         +|   0|  0|   24|          17|          17|
    |add_ln58_1231_fu_60252_p2  |         +|   0|  0|   27|          20|          20|
    |add_ln58_1232_fu_60258_p2  |         +|   0|  0|   25|          18|          14|
    |add_ln58_1233_fu_60268_p2  |         +|   0|  0|   20|          20|          20|
    |add_ln58_1234_fu_60274_p2  |         +|   0|  0|   20|          20|          20|
    |add_ln58_1235_fu_60284_p2  |         +|   0|  0|   21|          21|          21|
    |add_ln58_1236_fu_60290_p2  |         +|   0|  0|   27|          20|          20|
    |add_ln58_1237_fu_60300_p2  |         +|   0|  0|   28|          21|          21|
    |add_ln58_1238_fu_60306_p2  |         +|   0|  0|   19|          19|          19|
    |add_ln58_1239_fu_60312_p2  |         +|   0|  0|   23|          16|          16|
    |add_ln58_1240_fu_60322_p2  |         +|   0|  0|   19|          19|          19|
    |add_ln58_1241_fu_63822_p2  |         +|   0|  0|   21|          21|          21|
    |add_ln58_1242_fu_60338_p2  |         +|   0|  0|   16|          16|          16|
    |add_ln58_1243_fu_60348_p2  |         +|   0|  0|   24|          17|          17|
    |add_ln58_1244_fu_60368_p2  |         +|   0|  0|   24|          17|          15|
    |add_ln58_1245_fu_60378_p2  |         +|   0|  0|   20|          20|          20|
    |add_ln58_1246_fu_60384_p2  |         +|   0|  0|   20|          20|          20|
    |add_ln58_1247_fu_63830_p2  |         +|   0|  0|   21|          21|          21|
    |add_ln58_1248_fu_60436_p2  |         +|   0|  0|   20|          20|          20|
    |add_ln58_1249_fu_60442_p2  |         +|   0|  0|   20|          20|          20|
    |add_ln58_1250_fu_60448_p2  |         +|   0|  0|   20|          20|          20|
    |add_ln58_1251_fu_60464_p2  |         +|   0|  0|   20|          20|          20|
    |add_ln58_1252_fu_63870_p2  |         +|   0|  0|   21|          21|          21|
    |add_ln58_1253_fu_60470_p2  |         +|   0|  0|   24|          17|          17|
    |add_ln58_1254_fu_60480_p2  |         +|   0|  0|   16|          16|          16|
    |add_ln58_1255_fu_60490_p2  |         +|   0|  0|   25|          18|          18|
    |add_ln58_1256_fu_63879_p2  |         +|   0|  0|   18|          18|          14|
    |add_ln58_1257_fu_63889_p2  |         +|   0|  0|   21|          21|          21|
    |add_ln58_1258_fu_63894_p2  |         +|   0|  0|   21|          21|          21|
    |add_ln58_1259_fu_63900_p2  |         +|   0|  0|   21|          21|          21|
    |add_ln58_1260_fu_60508_p2  |         +|   0|  0|   20|          20|          20|
    |add_ln58_1261_fu_60534_p2  |         +|   0|  0|   20|          20|          20|
    |add_ln58_1262_fu_60554_p2  |         +|   0|  0|   23|          16|          16|
    |add_ln58_1263_fu_60570_p2  |         +|   0|  0|   17|          17|          11|
    |add_ln58_1264_fu_60580_p2  |         +|   0|  0|   21|          21|          21|
    |add_ln58_1265_fu_60586_p2  |         +|   0|  0|   21|          21|          21|
    |add_ln58_1266_fu_60592_p2  |         +|   0|  0|   21|          21|          21|
    |add_ln58_1267_fu_60616_p2  |         +|   0|  0|   21|          14|          14|
    |add_ln58_1268_fu_60630_p2  |         +|   0|  0|   25|          18|          16|
    |add_ln58_1269_fu_60650_p2  |         +|   0|  0|   28|          21|          21|
    |add_ln58_1270_fu_60656_p2  |         +|   0|  0|   26|          19|          19|
    |add_ln58_1271_fu_60666_p2  |         +|   0|  0|   19|          19|          19|
    |add_ln58_1272_fu_60676_p2  |         +|   0|  0|   27|          20|          20|
    |add_ln58_1273_fu_60682_p2  |         +|   0|  0|   19|          19|          19|
    |add_ln58_1274_fu_60688_p2  |         +|   0|  0|   23|          16|          16|
    |add_ln58_1275_fu_60698_p2  |         +|   0|  0|   19|          19|          19|
    |add_ln58_1276_fu_63912_p2  |         +|   0|  0|   21|          21|          21|
    |add_ln58_1277_fu_60724_p2  |         +|   0|  0|   24|          17|          17|
    |add_ln58_1278_fu_60734_p2  |         +|   0|  0|   23|          16|          16|
    |add_ln58_1279_fu_60744_p2  |         +|   0|  0|   23|          16|          14|
    |add_ln58_1280_fu_60754_p2  |         +|   0|  0|   28|          21|          21|
    |add_ln58_1281_fu_60760_p2  |         +|   0|  0|   21|          21|          21|
    |add_ln58_1282_fu_60766_p2  |         +|   0|  0|   21|          21|          21|
    |add_ln58_1283_fu_63918_p2  |         +|   0|  0|   21|          21|          21|
    |add_ln58_1284_fu_60798_p2  |         +|   0|  0|   18|          18|          18|
    |add_ln58_1285_fu_60810_p2  |         +|   0|  0|   19|          19|          19|
    |add_ln58_1286_fu_60820_p2  |         +|   0|  0|   25|          18|          18|
    |add_ln58_1287_fu_60830_p2  |         +|   0|  0|   25|          18|          18|
    |add_ln58_1288_fu_60840_p2  |         +|   0|  0|   26|          19|          19|
    |add_ln58_1289_fu_60850_p2  |         +|   0|  0|   27|          20|          20|
    |add_ln58_1290_fu_60862_p2  |         +|   0|  0|   17|          17|          17|
    |add_ln58_1291_fu_60872_p2  |         +|   0|  0|   27|          20|          20|
    |add_ln58_1292_fu_60878_p2  |         +|   0|  0|   18|          18|          14|
    |add_ln58_1293_fu_60888_p2  |         +|   0|  0|   20|          20|          20|
    |add_ln58_1294_fu_60894_p2  |         +|   0|  0|   20|          20|          20|
    |add_ln58_1295_fu_63929_p2  |         +|   0|  0|   28|          21|          21|
    |add_ln58_1296_fu_60900_p2  |         +|   0|  0|   25|          18|          18|
    |add_ln58_1297_fu_60910_p2  |         +|   0|  0|   19|          19|          19|
    |add_ln58_1298_fu_60916_p2  |         +|   0|  0|   19|          19|          19|
    |add_ln58_1299_fu_60926_p2  |         +|   0|  0|   25|          18|          18|
    |add_ln58_1300_fu_60936_p2  |         +|   0|  0|   24|          17|          17|
    |add_ln58_1301_fu_60946_p2  |         +|   0|  0|   26|          19|          19|
    |add_ln58_1302_fu_60956_p2  |         +|   0|  0|   27|          20|          20|
    |add_ln58_1303_fu_60972_p2  |         +|   0|  0|   19|          19|          19|
    |add_ln58_1304_fu_60978_p2  |         +|   0|  0|   19|          19|          19|
    |add_ln58_1305_fu_60998_p2  |         +|   0|  0|   18|          18|          18|
    |add_ln58_1306_fu_61004_p2  |         +|   0|  0|   18|          18|          18|
    |add_ln58_1307_fu_61014_p2  |         +|   0|  0|   27|          20|          20|
    |add_ln58_1308_fu_63941_p2  |         +|   0|  0|   28|          21|          21|
    |add_ln58_1309_fu_61020_p2  |         +|   0|  0|   20|          20|          20|
    |add_ln58_1310_fu_61026_p2  |         +|   0|  0|   20|          20|          20|
    |add_ln58_1311_fu_61036_p2  |         +|   0|  0|   19|          19|          19|
    |add_ln58_1312_fu_61052_p2  |         +|   0|  0|   19|          19|          19|
    |add_ln58_1313_fu_61062_p2  |         +|   0|  0|   21|          21|          21|
    |add_ln58_1314_fu_61068_p2  |         +|   0|  0|   23|          16|          16|
    |add_ln58_1315_fu_61078_p2  |         +|   0|  0|   24|          17|          17|
    |add_ln58_1316_fu_61104_p2  |         +|   0|  0|   20|          20|          20|
    |add_ln58_1317_fu_61110_p2  |         +|   0|  0|   20|          20|          20|
    |add_ln58_1318_fu_61120_p2  |         +|   0|  0|   21|          21|          21|
    |add_ln58_1319_fu_61126_p2  |         +|   0|  0|   23|          16|          16|
    |add_ln58_1320_fu_61136_p2  |         +|   0|  0|   19|          19|          19|
    |add_ln58_1321_fu_61142_p2  |         +|   0|  0|   19|          19|          19|
    |add_ln58_1322_fu_61158_p2  |         +|   0|  0|   24|          17|          17|
    |add_ln58_1323_fu_61168_p2  |         +|   0|  0|   18|          18|          18|
    |add_ln58_1324_fu_61178_p2  |         +|   0|  0|   27|          20|          20|
    |add_ln58_1325_fu_61184_p2  |         +|   0|  0|   17|          17|          17|
    |add_ln58_1326_fu_61194_p2  |         +|   0|  0|   24|          17|          17|
    |add_ln58_1327_fu_61204_p2  |         +|   0|  0|   25|          18|          18|
    |add_ln58_1328_fu_61214_p2  |         +|   0|  0|   26|          19|          19|
    |add_ln58_1329_fu_61224_p2  |         +|   0|  0|   25|          18|          13|
    |add_ln58_1330_fu_61234_p2  |         +|   0|  0|   20|          20|          20|
    |add_ln58_1331_fu_61240_p2  |         +|   0|  0|   20|          20|          20|
    |add_ln58_1332_fu_63953_p2  |         +|   0|  0|   28|          21|          21|
    |add_ln58_1333_fu_61246_p2  |         +|   0|  0|   20|          13|          13|
    |add_ln58_1334_fu_61260_p2  |         +|   0|  0|   26|          19|          19|
    |add_ln58_1335_fu_61300_p2  |         +|   0|  0|   17|          17|          17|
    |add_ln58_1336_fu_61320_p2  |         +|   0|  0|   20|          20|          20|
    |add_ln58_1337_fu_61326_p2  |         +|   0|  0|   20|          20|          20|
    |add_ln58_1338_fu_61336_p2  |         +|   0|  0|   21|          21|          21|
    |add_ln58_1339_fu_61360_p2  |         +|   0|  0|   19|          19|          19|
    |add_ln58_1340_fu_61366_p2  |         +|   0|  0|   19|          19|          19|
    |add_ln58_1341_fu_61386_p2  |         +|   0|  0|   16|          15|          15|
    |add_ln58_1342_fu_61396_p2  |         +|   0|  0|   25|          18|          18|
    |add_ln58_1343_fu_61406_p2  |         +|   0|  0|   27|          20|          20|
    |add_ln58_1344_fu_61416_p2  |         +|   0|  0|   16|          16|          16|
    |add_ln58_1345_fu_61426_p2  |         +|   0|  0|   16|          16|          16|
    |add_ln58_1346_fu_61436_p2  |         +|   0|  0|   24|          17|          17|
    |add_ln58_1347_fu_61456_p2  |         +|   0|  0|   22|          15|          14|
    |add_ln58_1348_fu_61472_p2  |         +|   0|  0|   21|          21|          21|
    |add_ln58_1349_fu_61478_p2  |         +|   0|  0|   21|          21|          21|
    |add_ln58_1350_fu_61484_p2  |         +|   0|  0|   21|          21|          21|
    |add_ln58_1351_fu_61500_p2  |         +|   0|  0|   19|          19|          19|
    |add_ln58_1352_fu_61536_p2  |         +|   0|  0|   21|          21|          21|
    |add_ln58_1353_fu_61542_p2  |         +|   0|  0|   20|          13|          13|
    |add_ln58_1354_fu_61560_p2  |         +|   0|  0|   24|          17|          17|
    |add_ln58_1355_fu_61580_p2  |         +|   0|  0|   19|          19|          19|
    |add_ln58_1356_fu_61596_p2  |         +|   0|  0|   19|          19|          19|
    |add_ln58_1357_fu_61606_p2  |         +|   0|  0|   27|          20|          20|
    |add_ln58_1358_fu_61616_p2  |         +|   0|  0|   21|          21|          21|
    |add_ln58_1359_fu_61622_p2  |         +|   0|  0|   19|          19|          19|
    |add_ln58_1360_fu_61628_p2  |         +|   0|  0|   19|          19|          19|
    |add_ln58_1361_fu_61638_p2  |         +|   0|  0|   25|          18|          18|
    |add_ln58_1362_fu_61648_p2  |         +|   0|  0|   26|          19|          19|
    |add_ln58_1363_fu_61658_p2  |         +|   0|  0|   27|          20|          20|
    |add_ln58_1364_fu_61704_p2  |         +|   0|  0|   21|          21|          21|
    |add_ln58_1365_fu_61710_p2  |         +|   0|  0|   21|          21|          21|
    |add_ln58_1366_fu_61716_p2  |         +|   0|  0|   21|          21|          21|
    |add_ln58_1367_fu_61722_p2  |         +|   0|  0|   19|          19|          19|
    |add_ln58_1368_fu_61728_p2  |         +|   0|  0|   19|          19|          19|
    |add_ln58_1369_fu_61738_p2  |         +|   0|  0|   18|          18|          18|
    |add_ln58_1370_fu_61748_p2  |         +|   0|  0|   25|          18|          18|
    |add_ln58_1371_fu_61758_p2  |         +|   0|  0|   26|          19|          19|
    |add_ln58_1372_fu_61768_p2  |         +|   0|  0|   27|          20|          20|
    |add_ln58_1373_fu_61794_p2  |         +|   0|  0|   18|          18|          18|
    |add_ln58_1374_fu_61800_p2  |         +|   0|  0|   21|          21|          21|
    |add_ln58_1375_fu_61806_p2  |         +|   0|  0|   25|          18|          17|
    |add_ln58_1376_fu_61816_p2  |         +|   0|  0|   21|          21|          21|
    |add_ln58_1377_fu_63965_p2  |         +|   0|  0|   21|          21|          21|
    |add_ln58_1378_fu_63970_p2  |         +|   0|  0|   21|          21|          21|
    |add_ln58_1379_fu_61822_p2  |         +|   0|  0|   26|          19|          19|
    |add_ln58_1380_fu_61832_p2  |         +|   0|  0|   26|          19|          19|
    |add_ln58_1381_fu_61852_p2  |         +|   0|  0|   20|          20|          20|
    |add_ln58_1382_fu_61858_p2  |         +|   0|  0|   20|          20|          20|
    |add_ln58_1383_fu_61884_p2  |         +|   0|  0|   18|          18|          18|
    |add_ln58_1384_fu_61900_p2  |         +|   0|  0|   18|          18|          15|
    |add_ln58_1385_fu_61910_p2  |         +|   0|  0|   19|          19|          19|
    |add_ln58_1386_fu_61920_p2  |         +|   0|  0|   27|          20|          20|
    |add_ln58_1387_fu_61930_p2  |         +|   0|  0|   28|          21|          21|
    |add_ln58_1388_fu_61936_p2  |         +|   0|  0|   25|          18|          18|
    |add_ln58_1389_fu_61946_p2  |         +|   0|  0|   19|          19|          19|
    |add_ln58_1390_fu_61956_p2  |         +|   0|  0|   26|          19|          19|
    |add_ln58_1391_fu_61966_p2  |         +|   0|  0|   26|          19|          19|
    |add_ln58_1392_fu_61976_p2  |         +|   0|  0|   20|          20|          20|
    |add_ln58_1393_fu_61982_p2  |         +|   0|  0|   20|          20|          20|
    |add_ln58_1394_fu_61998_p2  |         +|   0|  0|   19|          19|          19|
    |add_ln58_1395_fu_62008_p2  |         +|   0|  0|   27|          20|          20|
    |add_ln58_1396_fu_62014_p2  |         +|   0|  0|   20|          20|          20|
    |add_ln58_1397_fu_62020_p2  |         +|   0|  0|   24|          17|          15|
    |add_ln58_1398_fu_62030_p2  |         +|   0|  0|   20|          20|          20|
    |add_ln58_1399_fu_63985_p2  |         +|   0|  0|   21|          21|          21|
    |add_ln58_1400_fu_63991_p2  |         +|   0|  0|   21|          21|          21|
    |add_ln58_1401_fu_62046_p2  |         +|   0|  0|   27|          20|          20|
    |add_ln58_1402_fu_62060_p2  |         +|   0|  0|   28|          21|          21|
    |add_ln58_1403_fu_62066_p2  |         +|   0|  0|   21|          21|          21|
    |add_ln58_1404_fu_62092_p2  |         +|   0|  0|   24|          17|          17|
    |add_ln58_1405_fu_62108_p2  |         +|   0|  0|   19|          19|          19|
    |add_ln58_1406_fu_62118_p2  |         +|   0|  0|   27|          20|          20|
    |add_ln58_1407_fu_62128_p2  |         +|   0|  0|   21|          21|          21|
    |add_ln58_1408_fu_62134_p2  |         +|   0|  0|   20|          20|          20|
    |add_ln58_1409_fu_62140_p2  |         +|   0|  0|   20|          13|          13|
    |add_ln58_1410_fu_62168_p2  |         +|   0|  0|   20|          20|          20|
    |add_ln58_1411_fu_62184_p2  |         +|   0|  0|   18|          18|          18|
    |add_ln58_1412_fu_62210_p2  |         +|   0|  0|   19|          19|          19|
    |add_ln58_1413_fu_62220_p2  |         +|   0|  0|   27|          20|          20|
    |add_ln58_1414_fu_62230_p2  |         +|   0|  0|   28|          21|          21|
    |add_ln58_1415_fu_62246_p2  |         +|   0|  0|   19|          19|          19|
    |add_ln58_1416_fu_62252_p2  |         +|   0|  0|   19|          19|          19|
    |add_ln58_1417_fu_62262_p2  |         +|   0|  0|   19|          19|          19|
    |add_ln58_1418_fu_62268_p2  |         +|   0|  0|   23|          16|          16|
    |add_ln58_1419_fu_62278_p2  |         +|   0|  0|   19|          19|          19|
    |add_ln58_1420_fu_62288_p2  |         +|   0|  0|   27|          20|          20|
    |add_ln58_1421_fu_62304_p2  |         +|   0|  0|   24|          17|          17|
    |add_ln58_1422_fu_62330_p2  |         +|   0|  0|   28|          21|          21|
    |add_ln58_1423_fu_64003_p2  |         +|   0|  0|   21|          21|          21|
    |add_ln58_1424_fu_64008_p2  |         +|   0|  0|   21|          21|          21|
    |add_ln58_1425_fu_62372_p2  |         +|   0|  0|   19|          19|          19|
    |add_ln58_1426_fu_62378_p2  |         +|   0|  0|   19|          19|          19|
    |add_ln58_1427_fu_62402_p2  |         +|   0|  0|   26|          19|          19|
    |add_ln58_1428_fu_62412_p2  |         +|   0|  0|   27|          20|          20|
    |add_ln58_1429_fu_62428_p2  |         +|   0|  0|   24|          17|          17|
    |add_ln58_1430_fu_62438_p2  |         +|   0|  0|   26|          19|          19|
    |add_ln58_1431_fu_62458_p2  |         +|   0|  0|   19|          19|          12|
    |add_ln58_1432_fu_62468_p2  |         +|   0|  0|   20|          20|          20|
    |add_ln58_1433_fu_62474_p2  |         +|   0|  0|   20|          20|          20|
    |add_ln58_1434_fu_64020_p2  |         +|   0|  0|   28|          21|          21|
    |add_ln58_1435_fu_62480_p2  |         +|   0|  0|   19|          19|          19|
    |add_ln58_1436_fu_62496_p2  |         +|   0|  0|   19|          19|          19|
    |add_ln58_1437_fu_62516_p2  |         +|   0|  0|   25|          18|          18|
    |add_ln58_1438_fu_62526_p2  |         +|   0|  0|   26|          19|          19|
    |add_ln58_1439_fu_62536_p2  |         +|   0|  0|   27|          20|          20|
    |add_ln58_1440_fu_62546_p2  |         +|   0|  0|   18|          18|          18|
    |add_ln58_1441_fu_62552_p2  |         +|   0|  0|   18|          18|          18|
    |add_ln58_1442_fu_62578_p2  |         +|   0|  0|   20|          20|          20|
    |add_ln58_1443_fu_62584_p2  |         +|   0|  0|   20|          20|          20|
    |add_ln58_1444_fu_64032_p2  |         +|   0|  0|   28|          21|          21|
    |add_ln58_1445_fu_62590_p2  |         +|   0|  0|   27|          20|          20|
    |add_ln58_1446_fu_62600_p2  |         +|   0|  0|   28|          21|          21|
    |add_ln58_1447_fu_62630_p2  |         +|   0|  0|   25|          18|          18|
    |add_ln58_1448_fu_64041_p2  |         +|   0|  0|   21|          21|          21|
    |add_ln58_1449_fu_62636_p2  |         +|   0|  0|   17|          17|          17|
    |add_ln58_1450_fu_62656_p2  |         +|   0|  0|   19|          19|          19|
    |add_ln58_1451_fu_62662_p2  |         +|   0|  0|   24|          17|          16|
    |add_ln58_1452_fu_62672_p2  |         +|   0|  0|   19|          19|          19|
    |add_ln58_1453_fu_62682_p2  |         +|   0|  0|   27|          20|          20|
    |add_ln58_1454_fu_64049_p2  |         +|   0|  0|   21|          21|          21|
    |add_ln58_1455_fu_62720_p2  |         +|   0|  0|   26|          19|          19|
    |add_ln58_1456_fu_62730_p2  |         +|   0|  0|   20|          20|          20|
    |add_ln58_1457_fu_62736_p2  |         +|   0|  0|   20|          20|          20|
    |add_ln58_1458_fu_62742_p2  |         +|   0|  0|   18|          18|          18|
    |add_ln58_1459_fu_62758_p2  |         +|   0|  0|   18|          18|          18|
    |add_ln58_1460_fu_64061_p2  |         +|   0|  0|   21|          21|          21|
    |add_ln58_1461_fu_62764_p2  |         +|   0|  0|   17|          17|          17|
    |add_ln58_1462_fu_62778_p2  |         +|   0|  0|   25|          18|          18|
    |add_ln58_1463_fu_62788_p2  |         +|   0|  0|   21|          21|          21|
    |add_ln58_1464_fu_62794_p2  |         +|   0|  0|   18|          18|          12|
    |add_ln58_1465_fu_62804_p2  |         +|   0|  0|   21|          21|          21|
    |add_ln58_1466_fu_62810_p2  |         +|   0|  0|   21|          21|          21|
    |add_ln58_1467_fu_64067_p2  |         +|   0|  0|   21|          21|          21|
    |add_ln58_1468_fu_62822_p2  |         +|   0|  0|   19|          19|          19|
    |add_ln58_1469_fu_62832_p2  |         +|   0|  0|   17|          17|          17|
    |add_ln58_1470_fu_62848_p2  |         +|   0|  0|   17|          17|          17|
    |add_ln58_1471_fu_62858_p2  |         +|   0|  0|   27|          20|          20|
    |add_ln58_1472_fu_62888_p2  |         +|   0|  0|   25|          18|          18|
    |add_ln58_1473_fu_62898_p2  |         +|   0|  0|   21|          21|          21|
    |add_ln58_1474_fu_62914_p2  |         +|   0|  0|   21|          21|          21|
    |add_ln58_1475_fu_62920_p2  |         +|   0|  0|   21|          21|          21|
    |add_ln58_1476_fu_62926_p2  |         +|   0|  0|   21|          21|          21|
    |add_ln58_1477_fu_62954_p2  |         +|   0|  0|   20|          20|          20|
    |add_ln58_1478_fu_62960_p2  |         +|   0|  0|   20|          20|          20|
    |add_ln58_1479_fu_62966_p2  |         +|   0|  0|   19|          19|          19|
    |add_ln58_1480_fu_62972_p2  |         +|   0|  0|   17|          17|          17|
    |add_ln58_1481_fu_62982_p2  |         +|   0|  0|   19|          19|          19|
    |add_ln58_1482_fu_64078_p2  |         +|   0|  0|   21|          21|          21|
    |add_ln58_1483_fu_63008_p2  |         +|   0|  0|   24|          17|          17|
    |add_ln58_1484_fu_63018_p2  |         +|   0|  0|   27|          20|          20|
    |add_ln58_1485_fu_63034_p2  |         +|   0|  0|   20|          20|          20|
    |add_ln58_1486_fu_63040_p2  |         +|   0|  0|   20|          20|          20|
    |add_ln58_1487_fu_64087_p2  |         +|   0|  0|   21|          21|          21|
    |add_ln58_1488_fu_63076_p2  |         +|   0|  0|   26|          19|          19|
    |add_ln58_1489_fu_63086_p2  |         +|   0|  0|   18|          18|          18|
    |add_ln58_1490_fu_63102_p2  |         +|   0|  0|   18|          18|          18|
    |add_ln58_1491_fu_63112_p2  |         +|   0|  0|   27|          20|          20|
    |add_ln58_1492_fu_63118_p2  |         +|   0|  0|   18|          18|          18|
    |add_ln58_1493_fu_63128_p2  |         +|   0|  0|   19|          19|          19|
    |add_ln58_1494_fu_63134_p2  |         +|   0|  0|   19|          19|          19|
    |add_ln58_1495_fu_63144_p2  |         +|   0|  0|   19|          19|          19|
    |add_ln58_1496_fu_63150_p2  |         +|   0|  0|   25|          18|          15|
    |add_ln58_1497_fu_63160_p2  |         +|   0|  0|   19|          19|          19|
    |add_ln58_1498_fu_63170_p2  |         +|   0|  0|   27|          20|          20|
    |add_ln58_1499_fu_64099_p2  |         +|   0|  0|   28|          21|          21|
    |add_ln58_1500_fu_63176_p2  |         +|   0|  0|   18|          18|          18|
    |add_ln58_1501_fu_63186_p2  |         +|   0|  0|   20|          20|          20|
    |add_ln58_1502_fu_63192_p2  |         +|   0|  0|   20|          20|          20|
    |add_ln58_1503_fu_63212_p2  |         +|   0|  0|   20|          20|          20|
    |add_ln58_1504_fu_63222_p2  |         +|   0|  0|   21|          21|          21|
    |add_ln58_1505_fu_63228_p2  |         +|   0|  0|   17|          17|          17|
    |add_ln58_1506_fu_63248_p2  |         +|   0|  0|   25|          18|          18|
    |add_ln58_1507_fu_63258_p2  |         +|   0|  0|   27|          20|          20|
    |add_ln58_1508_fu_63278_p2  |         +|   0|  0|   21|          21|          21|
    |add_ln58_1509_fu_63284_p2  |         +|   0|  0|   21|          21|          21|
    |add_ln58_1510_fu_63290_p2  |         +|   0|  0|   21|          21|          21|
    |add_ln58_1511_fu_63296_p2  |         +|   0|  0|   19|          19|          19|
    |add_ln58_1512_fu_63306_p2  |         +|   0|  0|   20|          20|          20|
    |add_ln58_1513_fu_63312_p2  |         +|   0|  0|   19|          19|          19|
    |add_ln58_1514_fu_63322_p2  |         +|   0|  0|   16|          16|          16|
    |add_ln58_1515_fu_63332_p2  |         +|   0|  0|   27|          20|          20|
    |add_ln58_1516_fu_64111_p2  |         +|   0|  0|   21|          21|          21|
    |add_ln58_1517_fu_63338_p2  |         +|   0|  0|   16|          16|          16|
    |add_ln58_1518_fu_63348_p2  |         +|   0|  0|   24|          17|          17|
    |add_ln58_1519_fu_63368_p2  |         +|   0|  0|   26|          19|          13|
    |add_ln58_1520_fu_63378_p2  |         +|   0|  0|   20|          20|          20|
    |add_ln58_1521_fu_63384_p2  |         +|   0|  0|   20|          20|          20|
    |add_ln58_1522_fu_64120_p2  |         +|   0|  0|   21|          21|          21|
    |add_ln58_fu_57898_p2       |         +|   0|  0|   20|          20|          20|
    |mult_518_fu_55079_p2       |         +|   0|  0|   19|          19|          19|
    |mult_531_fu_55275_p2       |         +|   0|  0|   24|          17|          17|
    |mult_555_fu_55683_p2       |         +|   0|  0|   26|          19|          19|
    |mult_557_fu_55689_p2       |         +|   0|  0|   27|          20|          20|
    |mult_622_fu_56754_p2       |         +|   0|  0|   25|          18|          18|
    |mult_678_fu_57653_p2       |         +|   0|  0|   28|          21|          21|
    |mult_679_fu_57671_p2       |         +|   0|  0|   21|          21|          21|
    |mult_683_fu_57693_p2       |         +|   0|  0|   21|          21|          21|
    |tmp12_fu_60396_p2          |         +|   0|  0|   20|          13|          13|
    |tmp20_fu_62688_p2          |         +|   0|  0|   20|          13|          13|
    |tmp23_fu_62936_p2          |         +|   0|  0|   21|          14|          14|
    |tmp2_fu_59132_p2           |         +|   0|  0|   20|          13|          13|
    |tmp4_fu_59800_p2           |         +|   0|  0|   20|          13|          13|
    |mult_508_fu_54957_p2       |         -|   0|  0|   24|           1|          17|
    |mult_509_fu_54975_p2       |         -|   0|  0|   23|           1|          16|
    |mult_510_fu_55005_p2       |         -|   0|  0|   26|          19|          19|
    |mult_512_fu_55015_p2       |         -|   0|  0|   26|          19|          19|
    |mult_513_fu_55025_p2       |         -|   0|  0|   25|           1|          18|
    |mult_514_fu_55051_p2       |         -|   0|  0|   27|          20|          20|
    |mult_517_fu_55069_p2       |         -|   0|  0|   19|          19|          19|
    |mult_519_fu_55089_p2       |         -|   0|  0|   24|          17|          17|
    |mult_521_fu_55103_p2       |         -|   0|  0|   20|          20|          20|
    |mult_524_fu_55158_p2       |         -|   0|  0|   18|          18|          18|
    |mult_525_fu_55164_p2       |         -|   0|  0|   25|           1|          18|
    |mult_527_fu_55198_p2       |         -|   0|  0|   26|          19|          19|
    |mult_528_fu_55208_p2       |         -|   0|  0|   24|           1|          17|
    |mult_529_fu_55234_p2       |         -|   0|  0|   21|           1|          14|
    |mult_532_fu_55285_p2       |         -|   0|  0|   23|           1|          16|
    |mult_534_fu_55299_p2       |         -|   0|  0|   19|          19|          19|
    |mult_535_fu_55356_p2       |         -|   0|  0|   24|           1|          17|
    |mult_537_fu_55412_p2       |         -|   0|  0|   26|           1|          19|
    |mult_538_fu_55422_p2       |         -|   0|  0|   25|           1|          18|
    |mult_539_fu_55444_p2       |         -|   0|  0|   20|          20|          20|
    |mult_541_fu_55462_p2       |         -|   0|  0|   26|          19|          19|
    |mult_542_fu_55472_p2       |         -|   0|  0|   26|          19|          19|
    |mult_544_fu_55500_p2       |         -|   0|  0|   25|          18|          18|
    |mult_546_fu_55559_p2       |         -|   0|  0|   26|          19|          19|
    |mult_548_fu_55593_p2       |         -|   0|  0|   25|           1|          18|
    |mult_551_fu_55637_p2       |         -|   0|  0|   27|          20|          20|
    |mult_553_fu_55655_p2       |         -|   0|  0|   26|          19|          19|
    |mult_554_fu_55669_p2       |         -|   0|  0|   23|           1|          16|
    |mult_558_fu_55709_p2       |         -|   0|  0|   20|          20|          20|
    |mult_561_fu_55752_p2       |         -|   0|  0|   26|          19|          19|
    |mult_562_fu_55768_p2       |         -|   0|  0|   20|          20|          20|
    |mult_563_fu_55786_p2       |         -|   0|  0|   25|           1|          18|
    |mult_564_fu_55808_p2       |         -|   0|  0|   25|          18|          18|
    |mult_568_fu_55830_p2       |         -|   0|  0|   23|           1|          16|
    |mult_569_fu_55840_p2       |         -|   0|  0|   24|           1|          17|
    |mult_570_fu_55850_p2       |         -|   0|  0|   26|          19|          19|
    |mult_571_fu_55878_p2       |         -|   0|  0|   19|          19|          19|
    |mult_572_fu_55896_p2       |         -|   0|  0|   24|           1|          17|
    |mult_573_fu_55918_p2       |         -|   0|  0|   25|           1|          18|
    |mult_577_fu_55964_p2       |         -|   0|  0|   26|          19|          19|
    |mult_579_fu_56024_p2       |         -|   0|  0|   25|          18|          18|
    |mult_584_fu_56128_p2       |         -|   0|  0|   22|           1|          15|
    |mult_585_fu_56138_p2       |         -|   0|  0|   23|           1|          16|
    |mult_586_fu_56166_p2       |         -|   0|  0|   24|          17|          17|
    |mult_587_fu_56182_p2       |         -|   0|  0|   18|          18|          18|
    |mult_588_fu_56192_p2       |         -|   0|  0|   25|          18|          18|
    |mult_589_fu_56206_p2       |         -|   0|  0|   21|           1|          14|
    |mult_591_fu_56260_p2       |         -|   0|  0|   24|          17|          17|
    |mult_594_fu_56310_p2       |         -|   0|  0|   21|           1|          14|
    |mult_596_fu_56344_p2       |         -|   0|  0|   26|          19|          19|
    |mult_598_fu_56354_p2       |         -|   0|  0|   24|           1|          17|
    |mult_599_fu_56364_p2       |         -|   0|  0|   17|          17|          17|
    |mult_600_fu_56386_p2       |         -|   0|  0|   21|           1|          14|
    |mult_601_fu_56412_p2       |         -|   0|  0|   23|           1|          16|
    |mult_602_fu_56438_p2       |         -|   0|  0|   24|           1|          17|
    |mult_604_fu_56456_p2       |         -|   0|  0|   23|          16|          16|
    |mult_606_fu_56482_p2       |         -|   0|  0|   22|           1|          15|
    |mult_608_fu_56508_p2       |         -|   0|  0|   25|          18|          18|
    |mult_610_fu_56556_p2       |         -|   0|  0|   25|          18|          18|
    |mult_614_fu_56606_p2       |         -|   0|  0|   23|           1|          16|
    |mult_615_fu_56632_p2       |         -|   0|  0|   25|          18|          18|
    |mult_616_fu_56642_p2       |         -|   0|  0|   24|           1|          17|
    |mult_617_fu_56668_p2       |         -|   0|  0|   23|          16|          16|
    |mult_618_fu_56678_p2       |         -|   0|  0|   24|          17|          17|
    |mult_623_fu_56764_p2       |         -|   0|  0|   24|           1|          17|
    |mult_624_fu_56790_p2       |         -|   0|  0|   16|          15|          15|
    |mult_629_fu_56840_p2       |         -|   0|  0|   23|          16|          16|
    |mult_630_fu_56846_p2       |         -|   0|  0|   16|          16|          16|
    |mult_631_fu_56856_p2       |         -|   0|  0|   23|          16|          16|
    |mult_632_fu_56876_p2       |         -|   0|  0|   22|           1|          15|
    |mult_633_fu_56894_p2       |         -|   0|  0|   18|          18|          18|
    |mult_634_fu_56900_p2       |         -|   0|  0|   17|          17|          17|
    |mult_635_fu_56931_p2       |         -|   0|  0|   24|           1|          17|
    |mult_636_fu_56953_p2       |         -|   0|  0|   21|          14|          14|
    |mult_637_fu_56975_p2       |         -|   0|  0|   22|           1|          15|
    |mult_638_fu_56989_p2       |         -|   0|  0|   17|          17|          17|
    |mult_641_fu_57027_p2       |         -|   0|  0|   23|           1|          16|
    |mult_644_fu_57055_p2       |         -|   0|  0|   16|          16|          16|
    |mult_646_fu_57089_p2       |         -|   0|  0|   17|          17|          17|
    |mult_647_fu_57095_p2       |         -|   0|  0|   21|           1|          14|
    |mult_648_fu_57127_p2       |         -|   0|  0|   19|          19|          19|
    |mult_650_fu_57179_p2       |         -|   0|  0|   21|           1|          14|
    |mult_652_fu_57217_p2       |         -|   0|  0|   22|           1|          15|
    |mult_655_fu_57271_p2       |         -|   0|  0|   24|          17|          17|
    |mult_657_fu_57297_p2       |         -|   0|  0|   26|          19|          19|
    |mult_659_fu_57351_p2       |         -|   0|  0|   23|           1|          16|
    |mult_661_fu_57397_p2       |         -|   0|  0|   22|           1|          15|
    |mult_664_fu_57435_p2       |         -|   0|  0|   21|           1|          14|
    |mult_665_fu_57457_p2       |         -|   0|  0|   20|           1|          13|
    |mult_667_fu_57471_p2       |         -|   0|  0|   23|          16|          16|
    |mult_668_fu_57491_p2       |         -|   0|  0|   16|          16|          16|
    |mult_669_fu_57515_p2       |         -|   0|  0|   18|          18|          18|
    |mult_670_fu_57525_p2       |         -|   0|  0|   23|          16|          16|
    |mult_675_fu_57625_p2       |         -|   0|  0|   21|          21|          21|
    |mult_676_fu_57631_p2       |         -|   0|  0|   25|           1|          18|
    |mult_684_fu_57738_p2       |         -|   0|  0|   23|           1|          16|
    |mult_685_fu_57764_p2       |         -|   0|  0|   24|           1|          17|
    |mult_687_fu_57794_p2       |         -|   0|  0|   25|          18|          18|
    |mult_fu_54907_p2           |         -|   0|  0|   17|          17|          17|
    |sub_ln17_10_fu_56042_p2    |         -|   0|  0|   19|          19|          19|
    |sub_ln17_11_fu_56616_p2    |         -|   0|  0|   25|           1|          18|
    |sub_ln17_12_fu_56626_p2    |         -|   0|  0|   18|          18|          18|
    |sub_ln17_13_fu_56696_p2    |         -|   0|  0|   16|          16|          16|
    |sub_ln17_14_fu_56712_p2    |         -|   0|  0|   16|          16|          16|
    |sub_ln17_15_fu_56870_p2    |         -|   0|  0|   17|          17|          17|
    |sub_ln17_16_fu_57073_p2    |         -|   0|  0|   26|           1|          19|
    |sub_ln17_17_fu_57083_p2    |         -|   0|  0|   19|          19|          19|
    |sub_ln17_18_fu_57137_p2    |         -|   0|  0|   16|          16|          16|
    |sub_ln17_19_fu_57231_p2    |         -|   0|  0|   22|          15|          15|
    |sub_ln17_1_fu_55323_p2     |         -|   0|  0|   19|          19|          19|
    |sub_ln17_20_fu_57567_p2    |         -|   0|  0|   27|          20|          20|
    |sub_ln17_21_fu_57677_p2    |         -|   0|  0|   27|          20|          20|
    |sub_ln17_22_fu_57687_p2    |         -|   0|  0|   26|          19|          19|
    |sub_ln17_23_fu_57804_p2    |         -|   0|  0|   26|          19|          19|
    |sub_ln17_24_fu_57838_p2    |         -|   0|  0|   25|          18|          18|
    |sub_ln17_25_fu_57856_p2    |         -|   0|  0|   17|          17|          17|
    |sub_ln17_26_fu_57862_p2    |         -|   0|  0|   18|          18|          18|
    |sub_ln17_2_fu_55394_p2     |         -|   0|  0|   19|          19|          19|
    |sub_ln17_3_fu_55514_p2     |         -|   0|  0|   18|          18|          18|
    |sub_ln17_4_fu_55643_p2     |         -|   0|  0|   19|           1|          19|
    |sub_ln17_5_fu_55649_p2     |         -|   0|  0|   19|          19|          19|
    |sub_ln17_6_fu_55974_p2     |         -|   0|  0|   19|          19|          19|
    |sub_ln17_7_fu_55992_p2     |         -|   0|  0|   20|           1|          20|
    |sub_ln17_8_fu_56002_p2     |         -|   0|  0|   20|          20|          20|
    |sub_ln17_9_fu_56030_p2     |         -|   0|  0|   26|          19|          19|
    |sub_ln17_fu_55305_p2       |         -|   0|  0|   26|           1|          19|
    |sub_ln42_109_fu_57117_p2   |         -|   0|  0|   19|           1|          19|
    |sub_ln42_120_fu_57481_p2   |         -|   0|  0|   16|           1|          16|
    |sub_ln42_122_fu_57505_p2   |         -|   0|  0|   18|           1|          18|
    |sub_ln42_125_fu_57615_p2   |         -|   0|  0|   21|           1|          21|
    |sub_ln42_54_fu_55703_p2    |         -|   0|  0|   20|           1|          20|
    |sub_ln42_57_fu_55758_p2    |         -|   0|  0|   20|           1|          20|
    |sub_ln42_64_fu_55868_p2    |         -|   0|  0|   19|           1|          19|
    |sub_ln42_fu_54889_p2       |         -|   0|  0|   17|           1|          17|
    |sub_ln58_100_fu_59456_p2   |         -|   0|  0|   24|          17|          17|
    |sub_ln58_101_fu_59466_p2   |         -|   0|  0|   24|          17|          17|
    |sub_ln58_102_fu_59528_p2   |         -|   0|  0|   26|          19|          19|
    |sub_ln58_103_fu_59560_p2   |         -|   0|  0|   24|          17|          17|
    |sub_ln58_104_fu_59638_p2   |         -|   0|  0|   19|          19|          19|
    |sub_ln58_105_fu_59692_p2   |         -|   0|  0|   24|          16|          17|
    |sub_ln58_106_fu_59708_p2   |         -|   0|  0|   26|          19|          19|
    |sub_ln58_107_fu_59748_p2   |         -|   0|  0|   24|          17|          17|
    |sub_ln58_108_fu_59758_p2   |         -|   0|  0|   25|          18|          18|
    |sub_ln58_109_fu_59768_p2   |         -|   0|  0|   19|          15|          19|
    |sub_ln58_110_fu_59858_p2   |         -|   0|  0|   16|          16|          16|
    |sub_ln58_111_fu_59864_p2   |         -|   0|  0|   19|          19|          19|
    |sub_ln58_112_fu_59930_p2   |         -|   0|  0|   24|          17|          17|
    |sub_ln58_113_fu_59974_p2   |         -|   0|  0|   26|          19|          19|
    |sub_ln58_114_fu_60000_p2   |         -|   0|  0|   25|          18|          18|
    |sub_ln58_115_fu_60092_p2   |         -|   0|  0|   23|          16|          16|
    |sub_ln58_116_fu_60122_p2   |         -|   0|  0|   22|          15|          15|
    |sub_ln58_117_fu_60170_p2   |         -|   0|  0|   26|          19|          19|
    |sub_ln58_118_fu_60190_p2   |         -|   0|  0|   20|          20|          20|
    |sub_ln58_119_fu_60222_p2   |         -|   0|  0|   23|          16|          16|
    |sub_ln58_120_fu_60328_p2   |         -|   0|  0|   23|          16|          16|
    |sub_ln58_121_fu_60362_p2   |         -|   0|  0|   27|          20|          20|
    |sub_ln58_122_fu_60454_p2   |         -|   0|  0|   23|          16|          16|
    |sub_ln58_123_fu_60496_p2   |         -|   0|  0|   28|          21|          21|
    |sub_ln58_124_fu_60502_p2   |         -|   0|  0|   27|          20|          20|
    |sub_ln58_125_fu_60514_p2   |         -|   0|  0|   23|          16|          16|
    |sub_ln58_126_fu_60524_p2   |         -|   0|  0|   24|          17|          17|
    |sub_ln58_127_fu_60544_p2   |         -|   0|  0|   22|          15|          15|
    |sub_ln58_128_fu_60564_p2   |         -|   0|  0|   21|          21|          21|
    |sub_ln58_129_fu_60606_p2   |         -|   0|  0|   27|          20|          20|
    |sub_ln58_130_fu_60640_p2   |         -|   0|  0|   27|          20|          20|
    |sub_ln58_131_fu_60704_p2   |         -|   0|  0|   23|          16|          16|
    |sub_ln58_132_fu_60714_p2   |         -|   0|  0|   23|          16|          16|
    |sub_ln58_133_fu_60804_p2   |         -|   0|  0|   19|          19|          19|
    |sub_ln58_134_fu_60856_p2   |         -|   0|  0|   17|          17|          17|
    |sub_ln58_135_fu_60962_p2   |         -|   0|  0|   23|          16|          16|
    |sub_ln58_136_fu_60988_p2   |         -|   0|  0|   23|          16|          16|
    |sub_ln58_137_fu_61042_p2   |         -|   0|  0|   25|          18|          18|
    |sub_ln58_138_fu_61088_p2   |         -|   0|  0|   27|          20|          20|
    |sub_ln58_139_fu_61094_p2   |         -|   0|  0|   25|          16|          18|
    |sub_ln58_140_fu_61152_p2   |         -|   0|  0|   18|          18|          18|
    |sub_ln58_141_fu_61274_p2   |         -|   0|  0|   27|          20|          20|
    |sub_ln58_142_fu_61288_p2   |         -|   0|  0|   21|          21|          21|
    |sub_ln58_143_fu_61294_p2   |         -|   0|  0|   17|          17|          17|
    |sub_ln58_144_fu_61310_p2   |         -|   0|  0|   25|          16|          18|
    |sub_ln58_145_fu_61350_p2   |         -|   0|  0|   22|          15|          15|
    |sub_ln58_146_fu_61376_p2   |         -|   0|  0|   24|          17|          17|
    |sub_ln58_147_fu_61446_p2   |         -|   0|  0|   21|          14|          14|
    |sub_ln58_148_fu_61466_p2   |         -|   0|  0|   21|          21|          21|
    |sub_ln58_149_fu_61490_p2   |         -|   0|  0|   25|          18|          18|
    |sub_ln58_150_fu_61526_p2   |         -|   0|  0|   27|          20|          20|
    |sub_ln58_151_fu_61570_p2   |         -|   0|  0|   26|          19|          19|
    |sub_ln58_152_fu_61586_p2   |         -|   0|  0|   24|          15|          17|
    |sub_ln58_153_fu_61668_p2   |         -|   0|  0|   24|          17|          17|
    |sub_ln58_154_fu_61678_p2   |         -|   0|  0|   25|          18|          18|
    |sub_ln58_155_fu_61688_p2   |         -|   0|  0|   21|          21|          21|
    |sub_ln58_156_fu_61694_p2   |         -|   0|  0|   25|          15|          18|
    |sub_ln58_157_fu_61774_p2   |         -|   0|  0|   18|          18|          18|
    |sub_ln58_158_fu_61784_p2   |         -|   0|  0|   23|          16|          16|
    |sub_ln58_159_fu_61842_p2   |         -|   0|  0|   25|          18|          18|
    |sub_ln58_160_fu_61868_p2   |         -|   0|  0|   18|          18|          18|
    |sub_ln58_161_fu_61874_p2   |         -|   0|  0|   24|          17|          17|
    |sub_ln58_162_fu_61894_p2   |         -|   0|  0|   19|          19|          19|
    |sub_ln58_163_fu_61988_p2   |         -|   0|  0|   24|          17|          17|
    |sub_ln58_164_fu_62036_p2   |         -|   0|  0|   19|          19|          19|
    |sub_ln58_165_fu_62072_p2   |         -|   0|  0|   23|          16|          16|
    |sub_ln58_166_fu_62082_p2   |         -|   0|  0|   24|          17|          17|
    |sub_ln58_167_fu_62102_p2   |         -|   0|  0|   19|          19|          19|
    |sub_ln58_168_fu_62158_p2   |         -|   0|  0|   25|          18|          18|
    |sub_ln58_169_fu_62178_p2   |         -|   0|  0|   18|          18|          18|
    |sub_ln58_170_fu_62194_p2   |         -|   0|  0|   19|          19|          19|
    |sub_ln58_171_fu_62200_p2   |         -|   0|  0|   24|          15|          17|
    |sub_ln58_172_fu_62236_p2   |         -|   0|  0|   25|          18|          18|
    |sub_ln58_173_fu_62294_p2   |         -|   0|  0|   23|          16|          16|
    |sub_ln58_174_fu_62310_p2   |         -|   0|  0|   27|          20|          20|
    |sub_ln58_175_fu_62320_p2   |         -|   0|  0|   27|          16|          20|
    |sub_ln58_176_fu_62366_p2   |         -|   0|  0|   19|          19|          19|
    |sub_ln58_177_fu_62388_p2   |         -|   0|  0|   25|          18|          18|
    |sub_ln58_178_fu_62418_p2   |         -|   0|  0|   25|          18|          18|
    |sub_ln58_179_fu_62448_p2   |         -|   0|  0|   25|          18|          18|
    |sub_ln58_180_fu_62486_p2   |         -|   0|  0|   24|          17|          17|
    |sub_ln58_181_fu_62506_p2   |         -|   0|  0|   25|          18|          18|
    |sub_ln58_182_fu_62562_p2   |         -|   0|  0|   27|          20|          20|
    |sub_ln58_183_fu_62568_p2   |         -|   0|  0|   24|          14|          17|
    |sub_ln58_184_fu_62610_p2   |         -|   0|  0|   24|          17|          17|
    |sub_ln58_185_fu_62620_p2   |         -|   0|  0|   23|          16|          16|
    |sub_ln58_186_fu_62646_p2   |         -|   0|  0|   25|          18|          18|
    |sub_ln58_187_fu_62714_p2   |         -|   0|  0|   18|          18|          18|
    |sub_ln58_188_fu_62748_p2   |         -|   0|  0|   22|          15|          15|
    |sub_ln58_189_fu_62816_p2   |         -|   0|  0|   19|          19|          19|
    |sub_ln58_190_fu_62838_p2   |         -|   0|  0|   23|          16|          16|
    |sub_ln58_191_fu_62868_p2   |         -|   0|  0|   24|          17|          17|
    |sub_ln58_192_fu_62878_p2   |         -|   0|  0|   22|          15|          15|
    |sub_ln58_193_fu_62904_p2   |         -|   0|  0|   25|          14|          18|
    |sub_ln58_194_fu_62988_p2   |         -|   0|  0|   23|          16|          16|
    |sub_ln58_195_fu_62998_p2   |         -|   0|  0|   22|          15|          15|
    |sub_ln58_196_fu_63024_p2   |         -|   0|  0|   24|          15|          17|
    |sub_ln58_197_fu_63046_p2   |         -|   0|  0|   26|          16|          19|
    |sub_ln58_198_fu_63056_p2   |         -|   0|  0|   25|          18|          18|
    |sub_ln58_199_fu_63066_p2   |         -|   0|  0|   25|          18|          18|
    |sub_ln58_200_fu_63092_p2   |         -|   0|  0|   23|          16|          16|
    |sub_ln58_201_fu_63202_p2   |         -|   0|  0|   20|          20|          20|
    |sub_ln58_202_fu_63238_p2   |         -|   0|  0|   24|          17|          17|
    |sub_ln58_203_fu_63268_p2   |         -|   0|  0|   26|          17|          19|
    |sub_ln58_204_fu_63358_p2   |         -|   0|  0|   26|          19|          19|
    |sub_ln58_55_fu_57878_p2    |         -|   0|  0|   24|          17|          17|
    |sub_ln58_56_fu_57888_p2    |         -|   0|  0|   26|          19|          19|
    |sub_ln58_57_fu_57962_p2    |         -|   0|  0|   25|          18|          18|
    |sub_ln58_58_fu_57982_p2    |         -|   0|  0|   24|          17|          17|
    |sub_ln58_59_fu_58012_p2    |         -|   0|  0|   17|          17|          17|
    |sub_ln58_60_fu_58038_p2    |         -|   0|  0|   27|          16|          20|
    |sub_ln58_61_fu_58066_p2    |         -|   0|  0|   26|          19|          19|
    |sub_ln58_62_fu_58104_p2    |         -|   0|  0|   25|          18|          18|
    |sub_ln58_63_fu_58134_p2    |         -|   0|  0|   24|          17|          17|
    |sub_ln58_64_fu_58190_p2    |         -|   0|  0|   27|          20|          20|
    |sub_ln58_65_fu_58200_p2    |         -|   0|  0|   25|          18|          18|
    |sub_ln58_66_fu_58242_p2    |         -|   0|  0|   26|          19|          19|
    |sub_ln58_67_fu_58252_p2    |         -|   0|  0|   26|          19|          19|
    |sub_ln58_68_fu_58262_p2    |         -|   0|  0|   28|          21|          21|
    |sub_ln58_69_fu_58374_p2    |         -|   0|  0|   25|           1|          18|
    |sub_ln58_70_fu_58384_p2    |         -|   0|  0|   27|          16|          20|
    |sub_ln58_71_fu_58456_p2    |         -|   0|  0|   17|          17|          17|
    |sub_ln58_72_fu_58498_p2    |         -|   0|  0|   21|          14|          14|
    |sub_ln58_73_fu_58546_p2    |         -|   0|  0|   20|          20|          20|
    |sub_ln58_74_fu_58562_p2    |         -|   0|  0|   19|          19|          19|
    |sub_ln58_75_fu_58568_p2    |         -|   0|  0|   24|          17|          17|
    |sub_ln58_76_fu_58604_p2    |         -|   0|  0|   23|          16|          16|
    |sub_ln58_77_fu_58630_p2    |         -|   0|  0|   24|          11|          17|
    |sub_ln58_78_fu_58672_p2    |         -|   0|  0|   26|          19|          19|
    |sub_ln58_79_fu_58710_p2    |         -|   0|  0|   22|          15|          15|
    |sub_ln58_80_fu_58720_p2    |         -|   0|  0|   22|          15|          15|
    |sub_ln58_81_fu_58740_p2    |         -|   0|  0|   26|          19|          19|
    |sub_ln58_82_fu_58768_p2    |         -|   0|  0|   26|          19|          19|
    |sub_ln58_83_fu_58784_p2    |         -|   0|  0|   26|          19|          19|
    |sub_ln58_84_fu_58794_p2    |         -|   0|  0|   25|          18|          18|
    |sub_ln58_85_fu_58828_p2    |         -|   0|  0|   18|          18|          18|
    |sub_ln58_86_fu_58834_p2    |         -|   0|  0|   24|          17|          17|
    |sub_ln58_87_fu_58892_p2    |         -|   0|  0|   26|          19|          19|
    |sub_ln58_88_fu_58908_p2    |         -|   0|  0|   26|          19|          19|
    |sub_ln58_89_fu_58932_p2    |         -|   0|  0|   23|           1|          16|
    |sub_ln58_90_fu_58968_p2    |         -|   0|  0|   25|          18|          18|
    |sub_ln58_91_fu_59030_p2    |         -|   0|  0|   25|          18|          18|
    |sub_ln58_92_fu_59090_p2    |         -|   0|  0|   25|          18|          18|
    |sub_ln58_93_fu_59222_p2    |         -|   0|  0|   24|           1|          17|
    |sub_ln58_94_fu_59266_p2    |         -|   0|  0|   24|          17|          17|
    |sub_ln58_95_fu_59304_p2    |         -|   0|  0|   25|          18|          18|
    |sub_ln58_96_fu_59324_p2    |         -|   0|  0|   25|          18|          18|
    |sub_ln58_97_fu_59362_p2    |         -|   0|  0|   24|          17|          17|
    |sub_ln58_98_fu_59382_p2    |         -|   0|  0|   27|          20|          20|
    |sub_ln58_99_fu_59430_p2    |         -|   0|  0|   26|          19|          19|
    |sub_ln58_fu_57868_p2       |         -|   0|  0|   25|          16|          18|
    |tmp10_fu_60390_p2          |         -|   0|  0|   20|          13|          13|
    |tmp11_fu_63858_p2          |         -|   0|  0|   18|          18|          18|
    |tmp13_fu_60426_p2          |         -|   0|  0|   26|          19|          19|
    |tmp15_fu_60772_p2          |         -|   0|  0|   20|          13|          13|
    |tmp18_fu_62336_p2          |         -|   0|  0|   21|          14|          14|
    |tmp3_fu_59162_p2           |         -|   0|  0|   25|          18|          18|
    |tmp5_fu_59826_p2           |         -|   0|  0|   17|          17|          17|
    |tmp64_fu_58412_p2          |         -|   0|  0|   20|          13|          13|
    |tmp7_fu_59832_p2           |         -|   0|  0|   20|          13|          13|
    |ap_enable_pp0              |       xor|   0|  0|    2|           1|           2|
    +---------------------------+----------+----+---+-----+------------+------------+
    |Total                      |          |   0|  0|18249|       14184|       15046|
    +---------------------------+----------+----+---+-----+------------+------------+

    * Multiplexer: 
    N/A

    * Register: 
    +--------------------------+----+----+-----+-----------+
    |           Name           | FF | LUT| Bits| Const Bits|
    +--------------------------+----+----+-----+-----------+
    |add_ln58_1070_reg_64654   |  20|   0|   20|          0|
    |add_ln58_1072_reg_64659   |  16|   0|   16|          0|
    |add_ln58_1075_reg_64664   |  21|   0|   21|          0|
    |add_ln58_1089_reg_64669   |  17|   0|   20|          3|
    |add_ln58_1092_reg_64674   |  18|   0|   20|          2|
    |add_ln58_1097_reg_64679   |  17|   0|   19|          2|
    |add_ln58_1111_reg_64684   |  18|   0|   20|          2|
    |add_ln58_1116_reg_64689   |  17|   0|   19|          2|
    |add_ln58_1131_reg_64694   |  19|   0|   21|          2|
    |add_ln58_1134_reg_64699   |  15|   0|   18|          3|
    |add_ln58_1141_reg_64704   |  18|   0|   19|          1|
    |add_ln58_1160_reg_64709   |  16|   0|   20|          4|
    |add_ln58_1162_reg_64714   |  16|   0|   19|          3|
    |add_ln58_1168_reg_64719   |  19|   0|   21|          2|
    |add_ln58_1174_reg_64724   |  17|   0|   20|          3|
    |add_ln58_1177_reg_64729   |  17|   0|   18|          1|
    |add_ln58_1179_reg_64734   |  19|   0|   21|          2|
    |add_ln58_1200_reg_64739   |  21|   0|   21|          0|
    |add_ln58_1202_reg_64744   |  18|   0|   19|          1|
    |add_ln58_1206_reg_64749   |  16|   0|   17|          1|
    |add_ln58_1207_reg_64754   |  14|   0|   15|          1|
    |add_ln58_1209_reg_64759   |  21|   0|   21|          0|
    |add_ln58_1217_reg_64764   |  20|   0|   20|          0|
    |add_ln58_1219_reg_64769   |  16|   0|   17|          1|
    |add_ln58_1222_reg_64774   |  21|   0|   21|          0|
    |add_ln58_1237_reg_64779   |  17|   0|   21|          4|
    |add_ln58_1240_reg_64784   |  17|   0|   19|          2|
    |add_ln58_1246_reg_64789   |  19|   0|   20|          1|
    |add_ln58_1249_reg_64800   |  20|   0|   20|          0|
    |add_ln58_1251_reg_64805   |  18|   0|   20|          2|
    |add_ln58_1255_reg_64810   |  18|   0|   18|          0|
    |add_ln58_1272_reg_64820   |  20|   0|   20|          0|
    |add_ln58_1275_reg_64825   |  17|   0|   19|          2|
    |add_ln58_1282_reg_64830   |  21|   0|   21|          0|
    |add_ln58_1289_reg_64835   |  18|   0|   20|          2|
    |add_ln58_1294_reg_64840   |  17|   0|   20|          3|
    |add_ln58_1302_reg_64845   |  17|   0|   20|          3|
    |add_ln58_1307_reg_64850   |  20|   0|   20|          0|
    |add_ln58_1324_reg_64855   |  18|   0|   20|          2|
    |add_ln58_1331_reg_64860   |  20|   0|   20|          0|
    |add_ln58_1372_reg_64865   |  20|   0|   20|          0|
    |add_ln58_1373_reg_64870   |  15|   0|   18|          3|
    |add_ln58_1376_reg_64875   |  21|   0|   21|          0|
    |add_ln58_1393_reg_64880   |  18|   0|   20|          2|
    |add_ln58_1395_reg_64885   |  20|   0|   20|          0|
    |add_ln58_1398_reg_64890   |  16|   0|   20|          4|
    |add_ln58_1420_reg_64895   |  17|   0|   20|          3|
    |add_ln58_1421_reg_64900   |  14|   0|   17|          3|
    |add_ln58_1422_reg_64905   |  17|   0|   21|          4|
    |add_ln58_1428_reg_64910   |  16|   0|   20|          4|
    |add_ln58_1433_reg_64915   |  17|   0|   20|          3|
    |add_ln58_1439_reg_64920   |  17|   0|   20|          3|
    |add_ln58_1443_reg_64925   |  17|   0|   20|          3|
    |add_ln58_1446_reg_64930   |  21|   0|   21|          0|
    |add_ln58_1447_reg_64935   |  17|   0|   18|          1|
    |add_ln58_1453_reg_64940   |  17|   0|   20|          3|
    |add_ln58_1457_reg_64945   |  20|   0|   20|          0|
    |add_ln58_1459_reg_64950   |  17|   0|   18|          1|
    |add_ln58_1466_reg_64955   |  20|   0|   21|          1|
    |add_ln58_1478_reg_64960   |  17|   0|   20|          3|
    |add_ln58_1481_reg_64965   |  17|   0|   19|          2|
    |add_ln58_1486_reg_64970   |  18|   0|   20|          2|
    |add_ln58_1491_reg_64975   |  18|   0|   20|          2|
    |add_ln58_1498_reg_64980   |  17|   0|   20|          3|
    |add_ln58_1512_reg_64985   |  18|   0|   20|          2|
    |add_ln58_1515_reg_64990   |  19|   0|   20|          1|
    |add_ln58_1521_reg_64995   |  20|   0|   20|          0|
    |ap_CS_fsm                 |   1|   0|    1|          0|
    |ap_enable_reg_pp0_iter1   |   1|   0|    1|          0|
    |sub_ln58_123_reg_64815    |  18|   0|   21|          3|
    |tmp10_reg_64794           |  13|   0|   13|          0|
    |trunc_ln111_47_reg_65010  |  13|   0|   13|          0|
    |trunc_ln111_49_reg_65015  |  13|   0|   13|          0|
    |trunc_ln111_51_reg_65020  |  13|   0|   13|          0|
    |trunc_ln111_53_reg_65025  |  13|   0|   13|          0|
    |trunc_ln111_54_reg_65030  |  13|   0|   13|          0|
    |trunc_ln111_55_reg_65035  |  13|   0|   13|          0|
    |trunc_ln111_58_reg_65040  |  13|   0|   13|          0|
    |trunc_ln111_59_reg_65045  |  13|   0|   13|          0|
    |trunc_ln111_60_reg_65050  |  13|   0|   13|          0|
    |trunc_ln111_62_reg_65055  |  13|   0|   13|          0|
    |trunc_ln111_64_reg_65060  |  13|   0|   13|          0|
    |trunc_ln111_67_reg_65065  |  13|   0|   13|          0|
    |trunc_ln111_68_reg_65070  |  13|   0|   13|          0|
    |trunc_ln111_70_reg_65075  |  13|   0|   13|          0|
    |trunc_ln111_73_reg_65080  |  13|   0|   13|          0|
    |trunc_ln111_74_reg_65085  |  13|   0|   13|          0|
    |trunc_ln111_76_reg_65090  |  13|   0|   13|          0|
    |trunc_ln111_77_reg_65095  |  13|   0|   13|          0|
    |trunc_ln111_78_reg_65100  |  13|   0|   13|          0|
    |trunc_ln111_79_reg_65105  |  13|   0|   13|          0|
    |trunc_ln111_81_reg_65110  |  13|   0|   13|          0|
    |trunc_ln111_83_reg_65115  |  13|   0|   13|          0|
    |trunc_ln111_84_reg_65120  |  13|   0|   13|          0|
    |trunc_ln111_90_reg_65125  |  13|   0|   13|          0|
    |trunc_ln111_92_reg_65130  |  11|   0|   11|          0|
    |trunc_ln111_94_reg_65135  |  13|   0|   13|          0|
    |trunc_ln111_s_reg_65005   |  13|   0|   13|          0|
    |trunc_ln_reg_65000        |  13|   0|   13|          0|
    +--------------------------+----+----+-----+-----------+
    |Total                     |1600|   0| 1713|        113|
    +--------------------------+----+----+-----+-----------+



================================================================
== Interface
================================================================
* Summary: 
+--------------+-----+-----+------------+----------------------------------------------------------------------------+--------------+
|   RTL Ports  | Dir | Bits|  Protocol  |                                Source Object                               |    C Type    |
+--------------+-----+-----+------------+----------------------------------------------------------------------------+--------------+
|ap_clk        |   in|    1|  ap_ctrl_hs|  dense_latency<ap_fixed<13, 5, 5, 3, 0>, ap_fixed<13, 7, 5, 3, 0>, config3>|  return value|
|ap_rst        |   in|    1|  ap_ctrl_hs|  dense_latency<ap_fixed<13, 5, 5, 3, 0>, ap_fixed<13, 7, 5, 3, 0>, config3>|  return value|
|ap_start      |   in|    1|  ap_ctrl_hs|  dense_latency<ap_fixed<13, 5, 5, 3, 0>, ap_fixed<13, 7, 5, 3, 0>, config3>|  return value|
|ap_done       |  out|    1|  ap_ctrl_hs|  dense_latency<ap_fixed<13, 5, 5, 3, 0>, ap_fixed<13, 7, 5, 3, 0>, config3>|  return value|
|ap_idle       |  out|    1|  ap_ctrl_hs|  dense_latency<ap_fixed<13, 5, 5, 3, 0>, ap_fixed<13, 7, 5, 3, 0>, config3>|  return value|
|ap_ready      |  out|    1|  ap_ctrl_hs|  dense_latency<ap_fixed<13, 5, 5, 3, 0>, ap_fixed<13, 7, 5, 3, 0>, config3>|  return value|
|ap_ce         |   in|    1|  ap_ctrl_hs|  dense_latency<ap_fixed<13, 5, 5, 3, 0>, ap_fixed<13, 7, 5, 3, 0>, config3>|  return value|
|ap_return_0   |  out|   13|  ap_ctrl_hs|  dense_latency<ap_fixed<13, 5, 5, 3, 0>, ap_fixed<13, 7, 5, 3, 0>, config3>|  return value|
|ap_return_1   |  out|   13|  ap_ctrl_hs|  dense_latency<ap_fixed<13, 5, 5, 3, 0>, ap_fixed<13, 7, 5, 3, 0>, config3>|  return value|
|ap_return_2   |  out|   13|  ap_ctrl_hs|  dense_latency<ap_fixed<13, 5, 5, 3, 0>, ap_fixed<13, 7, 5, 3, 0>, config3>|  return value|
|ap_return_3   |  out|   13|  ap_ctrl_hs|  dense_latency<ap_fixed<13, 5, 5, 3, 0>, ap_fixed<13, 7, 5, 3, 0>, config3>|  return value|
|ap_return_4   |  out|   13|  ap_ctrl_hs|  dense_latency<ap_fixed<13, 5, 5, 3, 0>, ap_fixed<13, 7, 5, 3, 0>, config3>|  return value|
|ap_return_5   |  out|   13|  ap_ctrl_hs|  dense_latency<ap_fixed<13, 5, 5, 3, 0>, ap_fixed<13, 7, 5, 3, 0>, config3>|  return value|
|ap_return_6   |  out|   13|  ap_ctrl_hs|  dense_latency<ap_fixed<13, 5, 5, 3, 0>, ap_fixed<13, 7, 5, 3, 0>, config3>|  return value|
|ap_return_7   |  out|   13|  ap_ctrl_hs|  dense_latency<ap_fixed<13, 5, 5, 3, 0>, ap_fixed<13, 7, 5, 3, 0>, config3>|  return value|
|ap_return_8   |  out|   13|  ap_ctrl_hs|  dense_latency<ap_fixed<13, 5, 5, 3, 0>, ap_fixed<13, 7, 5, 3, 0>, config3>|  return value|
|ap_return_9   |  out|   13|  ap_ctrl_hs|  dense_latency<ap_fixed<13, 5, 5, 3, 0>, ap_fixed<13, 7, 5, 3, 0>, config3>|  return value|
|ap_return_10  |  out|   13|  ap_ctrl_hs|  dense_latency<ap_fixed<13, 5, 5, 3, 0>, ap_fixed<13, 7, 5, 3, 0>, config3>|  return value|
|ap_return_11  |  out|   13|  ap_ctrl_hs|  dense_latency<ap_fixed<13, 5, 5, 3, 0>, ap_fixed<13, 7, 5, 3, 0>, config3>|  return value|
|ap_return_12  |  out|   13|  ap_ctrl_hs|  dense_latency<ap_fixed<13, 5, 5, 3, 0>, ap_fixed<13, 7, 5, 3, 0>, config3>|  return value|
|ap_return_13  |  out|   13|  ap_ctrl_hs|  dense_latency<ap_fixed<13, 5, 5, 3, 0>, ap_fixed<13, 7, 5, 3, 0>, config3>|  return value|
|ap_return_14  |  out|   13|  ap_ctrl_hs|  dense_latency<ap_fixed<13, 5, 5, 3, 0>, ap_fixed<13, 7, 5, 3, 0>, config3>|  return value|
|ap_return_15  |  out|   13|  ap_ctrl_hs|  dense_latency<ap_fixed<13, 5, 5, 3, 0>, ap_fixed<13, 7, 5, 3, 0>, config3>|  return value|
|ap_return_16  |  out|   13|  ap_ctrl_hs|  dense_latency<ap_fixed<13, 5, 5, 3, 0>, ap_fixed<13, 7, 5, 3, 0>, config3>|  return value|
|ap_return_17  |  out|   13|  ap_ctrl_hs|  dense_latency<ap_fixed<13, 5, 5, 3, 0>, ap_fixed<13, 7, 5, 3, 0>, config3>|  return value|
|ap_return_18  |  out|   13|  ap_ctrl_hs|  dense_latency<ap_fixed<13, 5, 5, 3, 0>, ap_fixed<13, 7, 5, 3, 0>, config3>|  return value|
|ap_return_19  |  out|   13|  ap_ctrl_hs|  dense_latency<ap_fixed<13, 5, 5, 3, 0>, ap_fixed<13, 7, 5, 3, 0>, config3>|  return value|
|ap_return_20  |  out|   13|  ap_ctrl_hs|  dense_latency<ap_fixed<13, 5, 5, 3, 0>, ap_fixed<13, 7, 5, 3, 0>, config3>|  return value|
|ap_return_21  |  out|   13|  ap_ctrl_hs|  dense_latency<ap_fixed<13, 5, 5, 3, 0>, ap_fixed<13, 7, 5, 3, 0>, config3>|  return value|
|ap_return_22  |  out|   13|  ap_ctrl_hs|  dense_latency<ap_fixed<13, 5, 5, 3, 0>, ap_fixed<13, 7, 5, 3, 0>, config3>|  return value|
|ap_return_23  |  out|   13|  ap_ctrl_hs|  dense_latency<ap_fixed<13, 5, 5, 3, 0>, ap_fixed<13, 7, 5, 3, 0>, config3>|  return value|
|ap_return_24  |  out|   13|  ap_ctrl_hs|  dense_latency<ap_fixed<13, 5, 5, 3, 0>, ap_fixed<13, 7, 5, 3, 0>, config3>|  return value|
|ap_return_25  |  out|   13|  ap_ctrl_hs|  dense_latency<ap_fixed<13, 5, 5, 3, 0>, ap_fixed<13, 7, 5, 3, 0>, config3>|  return value|
|ap_return_26  |  out|   13|  ap_ctrl_hs|  dense_latency<ap_fixed<13, 5, 5, 3, 0>, ap_fixed<13, 7, 5, 3, 0>, config3>|  return value|
|ap_return_27  |  out|   13|  ap_ctrl_hs|  dense_latency<ap_fixed<13, 5, 5, 3, 0>, ap_fixed<13, 7, 5, 3, 0>, config3>|  return value|
|ap_return_28  |  out|   13|  ap_ctrl_hs|  dense_latency<ap_fixed<13, 5, 5, 3, 0>, ap_fixed<13, 7, 5, 3, 0>, config3>|  return value|
|ap_return_29  |  out|   13|  ap_ctrl_hs|  dense_latency<ap_fixed<13, 5, 5, 3, 0>, ap_fixed<13, 7, 5, 3, 0>, config3>|  return value|
|ap_return_30  |  out|   13|  ap_ctrl_hs|  dense_latency<ap_fixed<13, 5, 5, 3, 0>, ap_fixed<13, 7, 5, 3, 0>, config3>|  return value|
|ap_return_31  |  out|   13|  ap_ctrl_hs|  dense_latency<ap_fixed<13, 5, 5, 3, 0>, ap_fixed<13, 7, 5, 3, 0>, config3>|  return value|
|ap_return_32  |  out|   13|  ap_ctrl_hs|  dense_latency<ap_fixed<13, 5, 5, 3, 0>, ap_fixed<13, 7, 5, 3, 0>, config3>|  return value|
|ap_return_33  |  out|   13|  ap_ctrl_hs|  dense_latency<ap_fixed<13, 5, 5, 3, 0>, ap_fixed<13, 7, 5, 3, 0>, config3>|  return value|
|ap_return_34  |  out|   13|  ap_ctrl_hs|  dense_latency<ap_fixed<13, 5, 5, 3, 0>, ap_fixed<13, 7, 5, 3, 0>, config3>|  return value|
|ap_return_35  |  out|   13|  ap_ctrl_hs|  dense_latency<ap_fixed<13, 5, 5, 3, 0>, ap_fixed<13, 7, 5, 3, 0>, config3>|  return value|
|ap_return_36  |  out|   13|  ap_ctrl_hs|  dense_latency<ap_fixed<13, 5, 5, 3, 0>, ap_fixed<13, 7, 5, 3, 0>, config3>|  return value|
|ap_return_37  |  out|   13|  ap_ctrl_hs|  dense_latency<ap_fixed<13, 5, 5, 3, 0>, ap_fixed<13, 7, 5, 3, 0>, config3>|  return value|
|ap_return_38  |  out|   13|  ap_ctrl_hs|  dense_latency<ap_fixed<13, 5, 5, 3, 0>, ap_fixed<13, 7, 5, 3, 0>, config3>|  return value|
|ap_return_39  |  out|   13|  ap_ctrl_hs|  dense_latency<ap_fixed<13, 5, 5, 3, 0>, ap_fixed<13, 7, 5, 3, 0>, config3>|  return value|
|ap_return_40  |  out|   13|  ap_ctrl_hs|  dense_latency<ap_fixed<13, 5, 5, 3, 0>, ap_fixed<13, 7, 5, 3, 0>, config3>|  return value|
|ap_return_41  |  out|   13|  ap_ctrl_hs|  dense_latency<ap_fixed<13, 5, 5, 3, 0>, ap_fixed<13, 7, 5, 3, 0>, config3>|  return value|
|ap_return_42  |  out|   13|  ap_ctrl_hs|  dense_latency<ap_fixed<13, 5, 5, 3, 0>, ap_fixed<13, 7, 5, 3, 0>, config3>|  return value|
|ap_return_43  |  out|   13|  ap_ctrl_hs|  dense_latency<ap_fixed<13, 5, 5, 3, 0>, ap_fixed<13, 7, 5, 3, 0>, config3>|  return value|
|ap_return_44  |  out|   13|  ap_ctrl_hs|  dense_latency<ap_fixed<13, 5, 5, 3, 0>, ap_fixed<13, 7, 5, 3, 0>, config3>|  return value|
|ap_return_45  |  out|   13|  ap_ctrl_hs|  dense_latency<ap_fixed<13, 5, 5, 3, 0>, ap_fixed<13, 7, 5, 3, 0>, config3>|  return value|
|ap_return_46  |  out|   13|  ap_ctrl_hs|  dense_latency<ap_fixed<13, 5, 5, 3, 0>, ap_fixed<13, 7, 5, 3, 0>, config3>|  return value|
|ap_return_47  |  out|   13|  ap_ctrl_hs|  dense_latency<ap_fixed<13, 5, 5, 3, 0>, ap_fixed<13, 7, 5, 3, 0>, config3>|  return value|
|ap_return_48  |  out|   13|  ap_ctrl_hs|  dense_latency<ap_fixed<13, 5, 5, 3, 0>, ap_fixed<13, 7, 5, 3, 0>, config3>|  return value|
|ap_return_49  |  out|   13|  ap_ctrl_hs|  dense_latency<ap_fixed<13, 5, 5, 3, 0>, ap_fixed<13, 7, 5, 3, 0>, config3>|  return value|
|ap_return_50  |  out|   13|  ap_ctrl_hs|  dense_latency<ap_fixed<13, 5, 5, 3, 0>, ap_fixed<13, 7, 5, 3, 0>, config3>|  return value|
|ap_return_51  |  out|   13|  ap_ctrl_hs|  dense_latency<ap_fixed<13, 5, 5, 3, 0>, ap_fixed<13, 7, 5, 3, 0>, config3>|  return value|
|data_0_val    |   in|   12|     ap_none|                                                                  data_0_val|        scalar|
|data_1_val    |   in|   12|     ap_none|                                                                  data_1_val|        scalar|
|data_2_val    |   in|   12|     ap_none|                                                                  data_2_val|        scalar|
|data_3_val    |   in|   12|     ap_none|                                                                  data_3_val|        scalar|
|data_4_val    |   in|   12|     ap_none|                                                                  data_4_val|        scalar|
|data_5_val    |   in|   13|     ap_none|                                                                  data_5_val|        scalar|
|data_6_val    |   in|   12|     ap_none|                                                                  data_6_val|        scalar|
|data_7_val    |   in|   12|     ap_none|                                                                  data_7_val|        scalar|
|data_8_val    |   in|   12|     ap_none|                                                                  data_8_val|        scalar|
|data_9_val    |   in|   11|     ap_none|                                                                  data_9_val|        scalar|
|data_10_val   |   in|   11|     ap_none|                                                                 data_10_val|        scalar|
|data_11_val   |   in|   11|     ap_none|                                                                 data_11_val|        scalar|
|data_12_val   |   in|   11|     ap_none|                                                                 data_12_val|        scalar|
|data_13_val   |   in|   11|     ap_none|                                                                 data_13_val|        scalar|
|data_14_val   |   in|   13|     ap_none|                                                                 data_14_val|        scalar|
|data_15_val   |   in|   12|     ap_none|                                                                 data_15_val|        scalar|
+--------------+-----+-----+------------+----------------------------------------------------------------------------+--------------+

