

================================================================
== Vitis HLS Report for 'relu_ap_fixed_13_9_5_3_0_ap_ufixed_10_6_5_3_0_ReLU_config16_s'
================================================================
* Date:           Wed Feb 26 01:33:24 2025

* Version:        2024.1 (Build 5069499 on May 21 2024)
* Project:        myproject_prj
* Solution:       solution1 (Vivado IP Flow Target)
* Product family: virtexuplusHBM
* Target device:  xcu50-fsvh2104-2-e


================================================================
== Performance Estimates
================================================================
+ Timing: 
    * Summary: 
    +--------+---------+----------+------------+
    |  Clock |  Target | Estimated| Uncertainty|
    +--------+---------+----------+------------+
    |ap_clk  |  5.00 ns|  1.058 ns|     1.35 ns|
    +--------+---------+----------+------------+

+ Latency: 
    * Summary: 
    +---------+---------+----------+----------+-----+-----+---------+
    |  Latency (cycles) |  Latency (absolute) |  Interval | Pipeline|
    |   min   |   max   |    min   |    max   | min | max |   Type  |
    +---------+---------+----------+----------+-----+-----+---------+
    |        0|        0|      0 ns|      0 ns|    1|    1|      yes|
    +---------+---------+----------+----------+-----+-----+---------+

    + Detail: 
        * Instance: 
        N/A

        * Loop: 
        N/A



================================================================
== Utilization Estimates
================================================================
* Summary: 
+---------------------+---------+------+---------+--------+-----+
|         Name        | BRAM_18K|  DSP |    FF   |   LUT  | URAM|
+---------------------+---------+------+---------+--------+-----+
|DSP                  |        -|     -|        -|       -|    -|
|Expression           |        -|     -|        0|     690|    -|
|FIFO                 |        -|     -|        -|       -|    -|
|Instance             |        -|     -|        -|       -|    -|
|Memory               |        -|     -|        -|       -|    -|
|Multiplexer          |        -|     -|        -|       -|    -|
|Register             |        -|     -|        -|       -|    -|
+---------------------+---------+------+---------+--------+-----+
|Total                |        0|     0|        0|     690|    0|
+---------------------+---------+------+---------+--------+-----+
|Available SLR        |     1344|  2976|   871680|  435840|  320|
+---------------------+---------+------+---------+--------+-----+
|Utilization SLR (%)  |        0|     0|        0|      ~0|    0|
+---------------------+---------+------+---------+--------+-----+
|Available            |     2688|  5952|  1743360|  871680|  640|
+---------------------+---------+------+---------+--------+-----+
|Utilization (%)      |        0|     0|        0|      ~0|    0|
+---------------------+---------+------+---------+--------+-----+

+ Detail: 
    * Instance: 
    N/A

    * DSP: 
    N/A

    * Memory: 
    N/A

    * FIFO: 
    N/A

    * Expression: 
    +--------------------------+----------+----+---+----+------------+------------+
    |       Variable Name      | Operation| DSP| FF| LUT| Bitwidth P0| Bitwidth P1|
    +--------------------------+----------+----+---+----+------------+------------+
    |icmp_ln45_10_fu_380_p2    |      icmp|   0|  0|  20|          13|           1|
    |icmp_ln45_11_fu_398_p2    |      icmp|   0|  0|  20|          13|           1|
    |icmp_ln45_12_fu_416_p2    |      icmp|   0|  0|  20|          13|           1|
    |icmp_ln45_13_fu_434_p2    |      icmp|   0|  0|  20|          13|           1|
    |icmp_ln45_14_fu_452_p2    |      icmp|   0|  0|  20|          13|           1|
    |icmp_ln45_15_fu_470_p2    |      icmp|   0|  0|  20|          13|           1|
    |icmp_ln45_16_fu_488_p2    |      icmp|   0|  0|  20|          13|           1|
    |icmp_ln45_17_fu_506_p2    |      icmp|   0|  0|  20|          13|           1|
    |icmp_ln45_18_fu_524_p2    |      icmp|   0|  0|  20|          13|           1|
    |icmp_ln45_19_fu_542_p2    |      icmp|   0|  0|  20|          13|           1|
    |icmp_ln45_1_fu_218_p2     |      icmp|   0|  0|  20|          13|           1|
    |icmp_ln45_20_fu_560_p2    |      icmp|   0|  0|  20|          13|           1|
    |icmp_ln45_21_fu_578_p2    |      icmp|   0|  0|  20|          13|           1|
    |icmp_ln45_22_fu_596_p2    |      icmp|   0|  0|  20|          13|           1|
    |icmp_ln45_2_fu_236_p2     |      icmp|   0|  0|  20|          13|           1|
    |icmp_ln45_3_fu_254_p2     |      icmp|   0|  0|  20|          13|           1|
    |icmp_ln45_4_fu_272_p2     |      icmp|   0|  0|  20|          13|           1|
    |icmp_ln45_5_fu_290_p2     |      icmp|   0|  0|  20|          13|           1|
    |icmp_ln45_6_fu_308_p2     |      icmp|   0|  0|  20|          13|           1|
    |icmp_ln45_7_fu_326_p2     |      icmp|   0|  0|  20|          13|           1|
    |icmp_ln45_8_fu_344_p2     |      icmp|   0|  0|  20|          13|           1|
    |icmp_ln45_9_fu_362_p2     |      icmp|   0|  0|  20|          13|           1|
    |icmp_ln45_fu_200_p2       |      icmp|   0|  0|  20|          13|           1|
    |select_ln45_10_fu_390_p3  |    select|   0|  0|  10|           1|          10|
    |select_ln45_11_fu_408_p3  |    select|   0|  0|  10|           1|          10|
    |select_ln45_12_fu_426_p3  |    select|   0|  0|  10|           1|          10|
    |select_ln45_13_fu_444_p3  |    select|   0|  0|  10|           1|          10|
    |select_ln45_14_fu_462_p3  |    select|   0|  0|  10|           1|          10|
    |select_ln45_15_fu_480_p3  |    select|   0|  0|  10|           1|          10|
    |select_ln45_16_fu_498_p3  |    select|   0|  0|  10|           1|          10|
    |select_ln45_17_fu_516_p3  |    select|   0|  0|  10|           1|          10|
    |select_ln45_18_fu_534_p3  |    select|   0|  0|  10|           1|          10|
    |select_ln45_19_fu_552_p3  |    select|   0|  0|  10|           1|          10|
    |select_ln45_1_fu_228_p3   |    select|   0|  0|  10|           1|          10|
    |select_ln45_20_fu_570_p3  |    select|   0|  0|  10|           1|          10|
    |select_ln45_21_fu_588_p3  |    select|   0|  0|  10|           1|          10|
    |select_ln45_22_fu_606_p3  |    select|   0|  0|  10|           1|          10|
    |select_ln45_2_fu_246_p3   |    select|   0|  0|  10|           1|          10|
    |select_ln45_3_fu_264_p3   |    select|   0|  0|  10|           1|          10|
    |select_ln45_4_fu_282_p3   |    select|   0|  0|  10|           1|          10|
    |select_ln45_5_fu_300_p3   |    select|   0|  0|  10|           1|          10|
    |select_ln45_6_fu_318_p3   |    select|   0|  0|  10|           1|          10|
    |select_ln45_7_fu_336_p3   |    select|   0|  0|  10|           1|          10|
    |select_ln45_8_fu_354_p3   |    select|   0|  0|  10|           1|          10|
    |select_ln45_9_fu_372_p3   |    select|   0|  0|  10|           1|          10|
    |select_ln45_fu_210_p3     |    select|   0|  0|  10|           1|          10|
    +--------------------------+----------+----+---+----+------------+------------+
    |Total                     |          |   0|  0| 690|         322|         253|
    +--------------------------+----------+----+---+----+------------+------------+

    * Multiplexer: 
    N/A

    * Register: 
    N/A



================================================================
== Interface
================================================================
* Summary: 
+--------------+-----+-----+------------+--------------------------------------------------------------------------+--------------+
|   RTL Ports  | Dir | Bits|  Protocol  |                               Source Object                              |    C Type    |
+--------------+-----+-----+------------+--------------------------------------------------------------------------+--------------+
|ap_ready      |  out|    1|  ap_ctrl_hs|  relu<ap_fixed<13, 9, 5, 3, 0>, ap_ufixed<10, 6, 5, 3, 0>, ReLU_config16>|  return value|
|ap_return_0   |  out|   10|  ap_ctrl_hs|  relu<ap_fixed<13, 9, 5, 3, 0>, ap_ufixed<10, 6, 5, 3, 0>, ReLU_config16>|  return value|
|ap_return_1   |  out|   10|  ap_ctrl_hs|  relu<ap_fixed<13, 9, 5, 3, 0>, ap_ufixed<10, 6, 5, 3, 0>, ReLU_config16>|  return value|
|ap_return_2   |  out|   10|  ap_ctrl_hs|  relu<ap_fixed<13, 9, 5, 3, 0>, ap_ufixed<10, 6, 5, 3, 0>, ReLU_config16>|  return value|
|ap_return_3   |  out|   10|  ap_ctrl_hs|  relu<ap_fixed<13, 9, 5, 3, 0>, ap_ufixed<10, 6, 5, 3, 0>, ReLU_config16>|  return value|
|ap_return_4   |  out|   10|  ap_ctrl_hs|  relu<ap_fixed<13, 9, 5, 3, 0>, ap_ufixed<10, 6, 5, 3, 0>, ReLU_config16>|  return value|
|ap_return_5   |  out|   10|  ap_ctrl_hs|  relu<ap_fixed<13, 9, 5, 3, 0>, ap_ufixed<10, 6, 5, 3, 0>, ReLU_config16>|  return value|
|ap_return_6   |  out|   10|  ap_ctrl_hs|  relu<ap_fixed<13, 9, 5, 3, 0>, ap_ufixed<10, 6, 5, 3, 0>, ReLU_config16>|  return value|
|ap_return_7   |  out|   10|  ap_ctrl_hs|  relu<ap_fixed<13, 9, 5, 3, 0>, ap_ufixed<10, 6, 5, 3, 0>, ReLU_config16>|  return value|
|ap_return_8   |  out|   10|  ap_ctrl_hs|  relu<ap_fixed<13, 9, 5, 3, 0>, ap_ufixed<10, 6, 5, 3, 0>, ReLU_config16>|  return value|
|ap_return_9   |  out|   10|  ap_ctrl_hs|  relu<ap_fixed<13, 9, 5, 3, 0>, ap_ufixed<10, 6, 5, 3, 0>, ReLU_config16>|  return value|
|ap_return_10  |  out|   10|  ap_ctrl_hs|  relu<ap_fixed<13, 9, 5, 3, 0>, ap_ufixed<10, 6, 5, 3, 0>, ReLU_config16>|  return value|
|ap_return_11  |  out|   10|  ap_ctrl_hs|  relu<ap_fixed<13, 9, 5, 3, 0>, ap_ufixed<10, 6, 5, 3, 0>, ReLU_config16>|  return value|
|ap_return_12  |  out|   10|  ap_ctrl_hs|  relu<ap_fixed<13, 9, 5, 3, 0>, ap_ufixed<10, 6, 5, 3, 0>, ReLU_config16>|  return value|
|ap_return_13  |  out|   10|  ap_ctrl_hs|  relu<ap_fixed<13, 9, 5, 3, 0>, ap_ufixed<10, 6, 5, 3, 0>, ReLU_config16>|  return value|
|ap_return_14  |  out|   10|  ap_ctrl_hs|  relu<ap_fixed<13, 9, 5, 3, 0>, ap_ufixed<10, 6, 5, 3, 0>, ReLU_config16>|  return value|
|ap_return_15  |  out|   10|  ap_ctrl_hs|  relu<ap_fixed<13, 9, 5, 3, 0>, ap_ufixed<10, 6, 5, 3, 0>, ReLU_config16>|  return value|
|ap_return_16  |  out|   10|  ap_ctrl_hs|  relu<ap_fixed<13, 9, 5, 3, 0>, ap_ufixed<10, 6, 5, 3, 0>, ReLU_config16>|  return value|
|ap_return_17  |  out|   10|  ap_ctrl_hs|  relu<ap_fixed<13, 9, 5, 3, 0>, ap_ufixed<10, 6, 5, 3, 0>, ReLU_config16>|  return value|
|ap_return_18  |  out|   10|  ap_ctrl_hs|  relu<ap_fixed<13, 9, 5, 3, 0>, ap_ufixed<10, 6, 5, 3, 0>, ReLU_config16>|  return value|
|ap_return_19  |  out|   10|  ap_ctrl_hs|  relu<ap_fixed<13, 9, 5, 3, 0>, ap_ufixed<10, 6, 5, 3, 0>, ReLU_config16>|  return value|
|ap_return_20  |  out|   10|  ap_ctrl_hs|  relu<ap_fixed<13, 9, 5, 3, 0>, ap_ufixed<10, 6, 5, 3, 0>, ReLU_config16>|  return value|
|ap_return_21  |  out|   10|  ap_ctrl_hs|  relu<ap_fixed<13, 9, 5, 3, 0>, ap_ufixed<10, 6, 5, 3, 0>, ReLU_config16>|  return value|
|ap_return_22  |  out|   10|  ap_ctrl_hs|  relu<ap_fixed<13, 9, 5, 3, 0>, ap_ufixed<10, 6, 5, 3, 0>, ReLU_config16>|  return value|
|ap_rst        |   in|    1|  ap_ctrl_hs|  relu<ap_fixed<13, 9, 5, 3, 0>, ap_ufixed<10, 6, 5, 3, 0>, ReLU_config16>|  return value|
|data_0_val    |   in|   13|     ap_none|                                                                data_0_val|        scalar|
|data_1_val    |   in|   13|     ap_none|                                                                data_1_val|        scalar|
|data_2_val    |   in|   13|     ap_none|                                                                data_2_val|        scalar|
|data_3_val    |   in|   13|     ap_none|                                                                data_3_val|        scalar|
|data_6_val    |   in|   13|     ap_none|                                                                data_6_val|        scalar|
|data_7_val    |   in|   13|     ap_none|                                                                data_7_val|        scalar|
|data_8_val    |   in|   13|     ap_none|                                                                data_8_val|        scalar|
|data_11_val   |   in|   13|     ap_none|                                                               data_11_val|        scalar|
|data_12_val   |   in|   13|     ap_none|                                                               data_12_val|        scalar|
|data_13_val   |   in|   13|     ap_none|                                                               data_13_val|        scalar|
|data_14_val   |   in|   13|     ap_none|                                                               data_14_val|        scalar|
|data_15_val   |   in|   13|     ap_none|                                                               data_15_val|        scalar|
|data_18_val   |   in|   13|     ap_none|                                                               data_18_val|        scalar|
|data_19_val   |   in|   13|     ap_none|                                                               data_19_val|        scalar|
|data_20_val   |   in|   13|     ap_none|                                                               data_20_val|        scalar|
|data_21_val   |   in|   13|     ap_none|                                                               data_21_val|        scalar|
|data_22_val   |   in|   13|     ap_none|                                                               data_22_val|        scalar|
|data_24_val   |   in|   13|     ap_none|                                                               data_24_val|        scalar|
|data_25_val   |   in|   13|     ap_none|                                                               data_25_val|        scalar|
|data_26_val   |   in|   13|     ap_none|                                                               data_26_val|        scalar|
|data_27_val   |   in|   13|     ap_none|                                                               data_27_val|        scalar|
|data_28_val   |   in|   13|     ap_none|                                                               data_28_val|        scalar|
|data_30_val   |   in|   13|     ap_none|                                                               data_30_val|        scalar|
+--------------+-----+-----+------------+--------------------------------------------------------------------------+--------------+

