

================================================================
== Vitis HLS Report for 'relu_ap_fixed_13_7_5_3_0_ap_ufixed_11_5_5_3_0_ReLU_config6_s'
================================================================
* Date:           Wed Feb 26 01:33:21 2025

* Version:        2024.1 (Build 5069499 on May 21 2024)
* Project:        myproject_prj
* Solution:       solution1 (Vivado IP Flow Target)
* Product family: virtexuplusHBM
* Target device:  xcu50-fsvh2104-2-e


================================================================
== Performance Estimates
================================================================
+ Timing: 
    * Summary: 
    +--------+---------+----------+------------+
    |  Clock |  Target | Estimated| Uncertainty|
    +--------+---------+----------+------------+
    |ap_clk  |  5.00 ns|  1.056 ns|     1.35 ns|
    +--------+---------+----------+------------+

+ Latency: 
    * Summary: 
    +---------+---------+----------+----------+-----+-----+---------+
    |  Latency (cycles) |  Latency (absolute) |  Interval | Pipeline|
    |   min   |   max   |    min   |    max   | min | max |   Type  |
    +---------+---------+----------+----------+-----+-----+---------+
    |        0|        0|      0 ns|      0 ns|    1|    1|      yes|
    +---------+---------+----------+----------+-----+-----+---------+

    + Detail: 
        * Instance: 
        N/A

        * Loop: 
        N/A



================================================================
== Utilization Estimates
================================================================
* Summary: 
+---------------------+---------+------+---------+--------+-----+
|         Name        | BRAM_18K|  DSP |    FF   |   LUT  | URAM|
+---------------------+---------+------+---------+--------+-----+
|DSP                  |        -|     -|        -|       -|    -|
|Expression           |        -|     -|        0|    1612|    -|
|FIFO                 |        -|     -|        -|       -|    -|
|Instance             |        -|     -|        -|       -|    -|
|Memory               |        -|     -|        -|       -|    -|
|Multiplexer          |        -|     -|        -|       -|    -|
|Register             |        -|     -|        -|       -|    -|
+---------------------+---------+------+---------+--------+-----+
|Total                |        0|     0|        0|    1612|    0|
+---------------------+---------+------+---------+--------+-----+
|Available SLR        |     1344|  2976|   871680|  435840|  320|
+---------------------+---------+------+---------+--------+-----+
|Utilization SLR (%)  |        0|     0|        0|      ~0|    0|
+---------------------+---------+------+---------+--------+-----+
|Available            |     2688|  5952|  1743360|  871680|  640|
+---------------------+---------+------+---------+--------+-----+
|Utilization (%)      |        0|     0|        0|      ~0|    0|
+---------------------+---------+------+---------+--------+-----+

+ Detail: 
    * Instance: 
    N/A

    * DSP: 
    N/A

    * Memory: 
    N/A

    * FIFO: 
    N/A

    * Expression: 
    +---------------------------+----------+----+---+----+------------+------------+
    |       Variable Name       | Operation| DSP| FF| LUT| Bitwidth P0| Bitwidth P1|
    +---------------------------+----------+----+---+----+------------+------------+
    |icmp_ln45_23_fu_450_p2     |      icmp|   0|  0|  20|          13|           1|
    |icmp_ln45_24_fu_468_p2     |      icmp|   0|  0|  20|          13|           1|
    |icmp_ln45_25_fu_486_p2     |      icmp|   0|  0|  20|          13|           1|
    |icmp_ln45_26_fu_504_p2     |      icmp|   0|  0|  20|          13|           1|
    |icmp_ln45_27_fu_522_p2     |      icmp|   0|  0|  20|          13|           1|
    |icmp_ln45_28_fu_540_p2     |      icmp|   0|  0|  20|          13|           1|
    |icmp_ln45_29_fu_558_p2     |      icmp|   0|  0|  20|          13|           1|
    |icmp_ln45_30_fu_576_p2     |      icmp|   0|  0|  20|          13|           1|
    |icmp_ln45_31_fu_594_p2     |      icmp|   0|  0|  20|          13|           1|
    |icmp_ln45_32_fu_612_p2     |      icmp|   0|  0|  20|          13|           1|
    |icmp_ln45_33_fu_630_p2     |      icmp|   0|  0|  20|          13|           1|
    |icmp_ln45_34_fu_648_p2     |      icmp|   0|  0|  20|          13|           1|
    |icmp_ln45_35_fu_666_p2     |      icmp|   0|  0|  20|          13|           1|
    |icmp_ln45_36_fu_684_p2     |      icmp|   0|  0|  20|          13|           1|
    |icmp_ln45_37_fu_702_p2     |      icmp|   0|  0|  20|          13|           1|
    |icmp_ln45_38_fu_720_p2     |      icmp|   0|  0|  20|          13|           1|
    |icmp_ln45_39_fu_738_p2     |      icmp|   0|  0|  20|          13|           1|
    |icmp_ln45_40_fu_756_p2     |      icmp|   0|  0|  20|          13|           1|
    |icmp_ln45_41_fu_774_p2     |      icmp|   0|  0|  20|          13|           1|
    |icmp_ln45_42_fu_792_p2     |      icmp|   0|  0|  20|          13|           1|
    |icmp_ln45_43_fu_810_p2     |      icmp|   0|  0|  20|          13|           1|
    |icmp_ln45_44_fu_828_p2     |      icmp|   0|  0|  20|          13|           1|
    |icmp_ln45_45_fu_846_p2     |      icmp|   0|  0|  20|          13|           1|
    |icmp_ln45_46_fu_864_p2     |      icmp|   0|  0|  20|          13|           1|
    |icmp_ln45_47_fu_882_p2     |      icmp|   0|  0|  20|          13|           1|
    |icmp_ln45_48_fu_900_p2     |      icmp|   0|  0|  20|          13|           1|
    |icmp_ln45_49_fu_918_p2     |      icmp|   0|  0|  20|          13|           1|
    |icmp_ln45_50_fu_936_p2     |      icmp|   0|  0|  20|          13|           1|
    |icmp_ln45_51_fu_954_p2     |      icmp|   0|  0|  20|          13|           1|
    |icmp_ln45_52_fu_972_p2     |      icmp|   0|  0|  20|          13|           1|
    |icmp_ln45_53_fu_990_p2     |      icmp|   0|  0|  20|          13|           1|
    |icmp_ln45_54_fu_1008_p2    |      icmp|   0|  0|  20|          13|           1|
    |icmp_ln45_55_fu_1026_p2    |      icmp|   0|  0|  20|          13|           1|
    |icmp_ln45_56_fu_1044_p2    |      icmp|   0|  0|  20|          13|           1|
    |icmp_ln45_57_fu_1062_p2    |      icmp|   0|  0|  20|          13|           1|
    |icmp_ln45_58_fu_1080_p2    |      icmp|   0|  0|  20|          13|           1|
    |icmp_ln45_59_fu_1098_p2    |      icmp|   0|  0|  20|          13|           1|
    |icmp_ln45_60_fu_1116_p2    |      icmp|   0|  0|  20|          13|           1|
    |icmp_ln45_61_fu_1134_p2    |      icmp|   0|  0|  20|          13|           1|
    |icmp_ln45_62_fu_1152_p2    |      icmp|   0|  0|  20|          13|           1|
    |icmp_ln45_63_fu_1170_p2    |      icmp|   0|  0|  20|          13|           1|
    |icmp_ln45_64_fu_1188_p2    |      icmp|   0|  0|  20|          13|           1|
    |icmp_ln45_65_fu_1206_p2    |      icmp|   0|  0|  20|          13|           1|
    |icmp_ln45_66_fu_1224_p2    |      icmp|   0|  0|  20|          13|           1|
    |icmp_ln45_67_fu_1242_p2    |      icmp|   0|  0|  20|          13|           1|
    |icmp_ln45_68_fu_1260_p2    |      icmp|   0|  0|  20|          13|           1|
    |icmp_ln45_69_fu_1278_p2    |      icmp|   0|  0|  20|          13|           1|
    |icmp_ln45_70_fu_1296_p2    |      icmp|   0|  0|  20|          13|           1|
    |icmp_ln45_71_fu_1314_p2    |      icmp|   0|  0|  20|          13|           1|
    |icmp_ln45_72_fu_1332_p2    |      icmp|   0|  0|  20|          13|           1|
    |icmp_ln45_73_fu_1350_p2    |      icmp|   0|  0|  20|          13|           1|
    |icmp_ln45_fu_432_p2        |      icmp|   0|  0|  20|          13|           1|
    |select_ln45_23_fu_460_p3   |    select|   0|  0|  11|           1|          11|
    |select_ln45_24_fu_478_p3   |    select|   0|  0|  11|           1|          11|
    |select_ln45_25_fu_496_p3   |    select|   0|  0|  11|           1|          11|
    |select_ln45_26_fu_514_p3   |    select|   0|  0|  11|           1|          11|
    |select_ln45_27_fu_532_p3   |    select|   0|  0|  11|           1|          11|
    |select_ln45_28_fu_550_p3   |    select|   0|  0|  11|           1|          11|
    |select_ln45_29_fu_568_p3   |    select|   0|  0|  11|           1|          11|
    |select_ln45_30_fu_586_p3   |    select|   0|  0|  11|           1|          11|
    |select_ln45_31_fu_604_p3   |    select|   0|  0|  11|           1|          11|
    |select_ln45_32_fu_622_p3   |    select|   0|  0|  11|           1|          11|
    |select_ln45_33_fu_640_p3   |    select|   0|  0|  11|           1|          11|
    |select_ln45_34_fu_658_p3   |    select|   0|  0|  11|           1|          11|
    |select_ln45_35_fu_676_p3   |    select|   0|  0|  11|           1|          11|
    |select_ln45_36_fu_694_p3   |    select|   0|  0|  11|           1|          11|
    |select_ln45_37_fu_712_p3   |    select|   0|  0|  11|           1|          11|
    |select_ln45_38_fu_730_p3   |    select|   0|  0|  11|           1|          11|
    |select_ln45_39_fu_748_p3   |    select|   0|  0|  11|           1|          11|
    |select_ln45_40_fu_766_p3   |    select|   0|  0|  11|           1|          11|
    |select_ln45_41_fu_784_p3   |    select|   0|  0|  11|           1|          11|
    |select_ln45_42_fu_802_p3   |    select|   0|  0|  11|           1|          11|
    |select_ln45_43_fu_820_p3   |    select|   0|  0|  11|           1|          11|
    |select_ln45_44_fu_838_p3   |    select|   0|  0|  11|           1|          11|
    |select_ln45_45_fu_856_p3   |    select|   0|  0|  11|           1|          11|
    |select_ln45_46_fu_874_p3   |    select|   0|  0|  11|           1|          11|
    |select_ln45_47_fu_892_p3   |    select|   0|  0|  11|           1|          11|
    |select_ln45_48_fu_910_p3   |    select|   0|  0|  11|           1|          11|
    |select_ln45_49_fu_928_p3   |    select|   0|  0|  11|           1|          11|
    |select_ln45_50_fu_946_p3   |    select|   0|  0|  11|           1|          11|
    |select_ln45_51_fu_964_p3   |    select|   0|  0|  11|           1|          11|
    |select_ln45_52_fu_982_p3   |    select|   0|  0|  11|           1|          11|
    |select_ln45_53_fu_1000_p3  |    select|   0|  0|  11|           1|          11|
    |select_ln45_54_fu_1018_p3  |    select|   0|  0|  11|           1|          11|
    |select_ln45_55_fu_1036_p3  |    select|   0|  0|  11|           1|          11|
    |select_ln45_56_fu_1054_p3  |    select|   0|  0|  11|           1|          11|
    |select_ln45_57_fu_1072_p3  |    select|   0|  0|  11|           1|          11|
    |select_ln45_58_fu_1090_p3  |    select|   0|  0|  11|           1|          11|
    |select_ln45_59_fu_1108_p3  |    select|   0|  0|  11|           1|          11|
    |select_ln45_60_fu_1126_p3  |    select|   0|  0|  11|           1|          11|
    |select_ln45_61_fu_1144_p3  |    select|   0|  0|  11|           1|          11|
    |select_ln45_62_fu_1162_p3  |    select|   0|  0|  11|           1|          11|
    |select_ln45_63_fu_1180_p3  |    select|   0|  0|  11|           1|          11|
    |select_ln45_64_fu_1198_p3  |    select|   0|  0|  11|           1|          11|
    |select_ln45_65_fu_1216_p3  |    select|   0|  0|  11|           1|          11|
    |select_ln45_66_fu_1234_p3  |    select|   0|  0|  11|           1|          11|
    |select_ln45_67_fu_1252_p3  |    select|   0|  0|  11|           1|          11|
    |select_ln45_68_fu_1270_p3  |    select|   0|  0|  11|           1|          11|
    |select_ln45_69_fu_1288_p3  |    select|   0|  0|  11|           1|          11|
    |select_ln45_70_fu_1306_p3  |    select|   0|  0|  11|           1|          11|
    |select_ln45_71_fu_1324_p3  |    select|   0|  0|  11|           1|          11|
    |select_ln45_72_fu_1342_p3  |    select|   0|  0|  11|           1|          11|
    |select_ln45_73_fu_1360_p3  |    select|   0|  0|  11|           1|          11|
    |select_ln45_fu_442_p3      |    select|   0|  0|  11|           1|          11|
    +---------------------------+----------+----+---+----+------------+------------+
    |Total                      |          |   0|  0|1612|         728|         624|
    +---------------------------+----------+----+---+----+------------+------------+

    * Multiplexer: 
    N/A

    * Register: 
    N/A



================================================================
== Interface
================================================================
* Summary: 
+--------------+-----+-----+------------+-------------------------------------------------------------------------+--------------+
|   RTL Ports  | Dir | Bits|  Protocol  |                              Source Object                              |    C Type    |
+--------------+-----+-----+------------+-------------------------------------------------------------------------+--------------+
|ap_ready      |  out|    1|  ap_ctrl_hs|  relu<ap_fixed<13, 7, 5, 3, 0>, ap_ufixed<11, 5, 5, 3, 0>, ReLU_config6>|  return value|
|ap_return_0   |  out|   11|  ap_ctrl_hs|  relu<ap_fixed<13, 7, 5, 3, 0>, ap_ufixed<11, 5, 5, 3, 0>, ReLU_config6>|  return value|
|ap_return_1   |  out|   11|  ap_ctrl_hs|  relu<ap_fixed<13, 7, 5, 3, 0>, ap_ufixed<11, 5, 5, 3, 0>, ReLU_config6>|  return value|
|ap_return_2   |  out|   11|  ap_ctrl_hs|  relu<ap_fixed<13, 7, 5, 3, 0>, ap_ufixed<11, 5, 5, 3, 0>, ReLU_config6>|  return value|
|ap_return_3   |  out|   11|  ap_ctrl_hs|  relu<ap_fixed<13, 7, 5, 3, 0>, ap_ufixed<11, 5, 5, 3, 0>, ReLU_config6>|  return value|
|ap_return_4   |  out|   11|  ap_ctrl_hs|  relu<ap_fixed<13, 7, 5, 3, 0>, ap_ufixed<11, 5, 5, 3, 0>, ReLU_config6>|  return value|
|ap_return_5   |  out|   11|  ap_ctrl_hs|  relu<ap_fixed<13, 7, 5, 3, 0>, ap_ufixed<11, 5, 5, 3, 0>, ReLU_config6>|  return value|
|ap_return_6   |  out|   11|  ap_ctrl_hs|  relu<ap_fixed<13, 7, 5, 3, 0>, ap_ufixed<11, 5, 5, 3, 0>, ReLU_config6>|  return value|
|ap_return_7   |  out|   11|  ap_ctrl_hs|  relu<ap_fixed<13, 7, 5, 3, 0>, ap_ufixed<11, 5, 5, 3, 0>, ReLU_config6>|  return value|
|ap_return_8   |  out|   11|  ap_ctrl_hs|  relu<ap_fixed<13, 7, 5, 3, 0>, ap_ufixed<11, 5, 5, 3, 0>, ReLU_config6>|  return value|
|ap_return_9   |  out|   11|  ap_ctrl_hs|  relu<ap_fixed<13, 7, 5, 3, 0>, ap_ufixed<11, 5, 5, 3, 0>, ReLU_config6>|  return value|
|ap_return_10  |  out|   11|  ap_ctrl_hs|  relu<ap_fixed<13, 7, 5, 3, 0>, ap_ufixed<11, 5, 5, 3, 0>, ReLU_config6>|  return value|
|ap_return_11  |  out|   11|  ap_ctrl_hs|  relu<ap_fixed<13, 7, 5, 3, 0>, ap_ufixed<11, 5, 5, 3, 0>, ReLU_config6>|  return value|
|ap_return_12  |  out|   11|  ap_ctrl_hs|  relu<ap_fixed<13, 7, 5, 3, 0>, ap_ufixed<11, 5, 5, 3, 0>, ReLU_config6>|  return value|
|ap_return_13  |  out|   11|  ap_ctrl_hs|  relu<ap_fixed<13, 7, 5, 3, 0>, ap_ufixed<11, 5, 5, 3, 0>, ReLU_config6>|  return value|
|ap_return_14  |  out|   11|  ap_ctrl_hs|  relu<ap_fixed<13, 7, 5, 3, 0>, ap_ufixed<11, 5, 5, 3, 0>, ReLU_config6>|  return value|
|ap_return_15  |  out|   11|  ap_ctrl_hs|  relu<ap_fixed<13, 7, 5, 3, 0>, ap_ufixed<11, 5, 5, 3, 0>, ReLU_config6>|  return value|
|ap_return_16  |  out|   11|  ap_ctrl_hs|  relu<ap_fixed<13, 7, 5, 3, 0>, ap_ufixed<11, 5, 5, 3, 0>, ReLU_config6>|  return value|
|ap_return_17  |  out|   11|  ap_ctrl_hs|  relu<ap_fixed<13, 7, 5, 3, 0>, ap_ufixed<11, 5, 5, 3, 0>, ReLU_config6>|  return value|
|ap_return_18  |  out|   11|  ap_ctrl_hs|  relu<ap_fixed<13, 7, 5, 3, 0>, ap_ufixed<11, 5, 5, 3, 0>, ReLU_config6>|  return value|
|ap_return_19  |  out|   11|  ap_ctrl_hs|  relu<ap_fixed<13, 7, 5, 3, 0>, ap_ufixed<11, 5, 5, 3, 0>, ReLU_config6>|  return value|
|ap_return_20  |  out|   11|  ap_ctrl_hs|  relu<ap_fixed<13, 7, 5, 3, 0>, ap_ufixed<11, 5, 5, 3, 0>, ReLU_config6>|  return value|
|ap_return_21  |  out|   11|  ap_ctrl_hs|  relu<ap_fixed<13, 7, 5, 3, 0>, ap_ufixed<11, 5, 5, 3, 0>, ReLU_config6>|  return value|
|ap_return_22  |  out|   11|  ap_ctrl_hs|  relu<ap_fixed<13, 7, 5, 3, 0>, ap_ufixed<11, 5, 5, 3, 0>, ReLU_config6>|  return value|
|ap_return_23  |  out|   11|  ap_ctrl_hs|  relu<ap_fixed<13, 7, 5, 3, 0>, ap_ufixed<11, 5, 5, 3, 0>, ReLU_config6>|  return value|
|ap_return_24  |  out|   11|  ap_ctrl_hs|  relu<ap_fixed<13, 7, 5, 3, 0>, ap_ufixed<11, 5, 5, 3, 0>, ReLU_config6>|  return value|
|ap_return_25  |  out|   11|  ap_ctrl_hs|  relu<ap_fixed<13, 7, 5, 3, 0>, ap_ufixed<11, 5, 5, 3, 0>, ReLU_config6>|  return value|
|ap_return_26  |  out|   11|  ap_ctrl_hs|  relu<ap_fixed<13, 7, 5, 3, 0>, ap_ufixed<11, 5, 5, 3, 0>, ReLU_config6>|  return value|
|ap_return_27  |  out|   11|  ap_ctrl_hs|  relu<ap_fixed<13, 7, 5, 3, 0>, ap_ufixed<11, 5, 5, 3, 0>, ReLU_config6>|  return value|
|ap_return_28  |  out|   11|  ap_ctrl_hs|  relu<ap_fixed<13, 7, 5, 3, 0>, ap_ufixed<11, 5, 5, 3, 0>, ReLU_config6>|  return value|
|ap_return_29  |  out|   11|  ap_ctrl_hs|  relu<ap_fixed<13, 7, 5, 3, 0>, ap_ufixed<11, 5, 5, 3, 0>, ReLU_config6>|  return value|
|ap_return_30  |  out|   11|  ap_ctrl_hs|  relu<ap_fixed<13, 7, 5, 3, 0>, ap_ufixed<11, 5, 5, 3, 0>, ReLU_config6>|  return value|
|ap_return_31  |  out|   11|  ap_ctrl_hs|  relu<ap_fixed<13, 7, 5, 3, 0>, ap_ufixed<11, 5, 5, 3, 0>, ReLU_config6>|  return value|
|ap_return_32  |  out|   11|  ap_ctrl_hs|  relu<ap_fixed<13, 7, 5, 3, 0>, ap_ufixed<11, 5, 5, 3, 0>, ReLU_config6>|  return value|
|ap_return_33  |  out|   11|  ap_ctrl_hs|  relu<ap_fixed<13, 7, 5, 3, 0>, ap_ufixed<11, 5, 5, 3, 0>, ReLU_config6>|  return value|
|ap_return_34  |  out|   11|  ap_ctrl_hs|  relu<ap_fixed<13, 7, 5, 3, 0>, ap_ufixed<11, 5, 5, 3, 0>, ReLU_config6>|  return value|
|ap_return_35  |  out|   11|  ap_ctrl_hs|  relu<ap_fixed<13, 7, 5, 3, 0>, ap_ufixed<11, 5, 5, 3, 0>, ReLU_config6>|  return value|
|ap_return_36  |  out|   11|  ap_ctrl_hs|  relu<ap_fixed<13, 7, 5, 3, 0>, ap_ufixed<11, 5, 5, 3, 0>, ReLU_config6>|  return value|
|ap_return_37  |  out|   11|  ap_ctrl_hs|  relu<ap_fixed<13, 7, 5, 3, 0>, ap_ufixed<11, 5, 5, 3, 0>, ReLU_config6>|  return value|
|ap_return_38  |  out|   11|  ap_ctrl_hs|  relu<ap_fixed<13, 7, 5, 3, 0>, ap_ufixed<11, 5, 5, 3, 0>, ReLU_config6>|  return value|
|ap_return_39  |  out|   11|  ap_ctrl_hs|  relu<ap_fixed<13, 7, 5, 3, 0>, ap_ufixed<11, 5, 5, 3, 0>, ReLU_config6>|  return value|
|ap_return_40  |  out|   11|  ap_ctrl_hs|  relu<ap_fixed<13, 7, 5, 3, 0>, ap_ufixed<11, 5, 5, 3, 0>, ReLU_config6>|  return value|
|ap_return_41  |  out|   11|  ap_ctrl_hs|  relu<ap_fixed<13, 7, 5, 3, 0>, ap_ufixed<11, 5, 5, 3, 0>, ReLU_config6>|  return value|
|ap_return_42  |  out|   11|  ap_ctrl_hs|  relu<ap_fixed<13, 7, 5, 3, 0>, ap_ufixed<11, 5, 5, 3, 0>, ReLU_config6>|  return value|
|ap_return_43  |  out|   11|  ap_ctrl_hs|  relu<ap_fixed<13, 7, 5, 3, 0>, ap_ufixed<11, 5, 5, 3, 0>, ReLU_config6>|  return value|
|ap_return_44  |  out|   11|  ap_ctrl_hs|  relu<ap_fixed<13, 7, 5, 3, 0>, ap_ufixed<11, 5, 5, 3, 0>, ReLU_config6>|  return value|
|ap_return_45  |  out|   11|  ap_ctrl_hs|  relu<ap_fixed<13, 7, 5, 3, 0>, ap_ufixed<11, 5, 5, 3, 0>, ReLU_config6>|  return value|
|ap_return_46  |  out|   11|  ap_ctrl_hs|  relu<ap_fixed<13, 7, 5, 3, 0>, ap_ufixed<11, 5, 5, 3, 0>, ReLU_config6>|  return value|
|ap_return_47  |  out|   11|  ap_ctrl_hs|  relu<ap_fixed<13, 7, 5, 3, 0>, ap_ufixed<11, 5, 5, 3, 0>, ReLU_config6>|  return value|
|ap_return_48  |  out|   11|  ap_ctrl_hs|  relu<ap_fixed<13, 7, 5, 3, 0>, ap_ufixed<11, 5, 5, 3, 0>, ReLU_config6>|  return value|
|ap_return_49  |  out|   11|  ap_ctrl_hs|  relu<ap_fixed<13, 7, 5, 3, 0>, ap_ufixed<11, 5, 5, 3, 0>, ReLU_config6>|  return value|
|ap_return_50  |  out|   11|  ap_ctrl_hs|  relu<ap_fixed<13, 7, 5, 3, 0>, ap_ufixed<11, 5, 5, 3, 0>, ReLU_config6>|  return value|
|ap_return_51  |  out|   11|  ap_ctrl_hs|  relu<ap_fixed<13, 7, 5, 3, 0>, ap_ufixed<11, 5, 5, 3, 0>, ReLU_config6>|  return value|
|ap_rst        |   in|    1|  ap_ctrl_hs|  relu<ap_fixed<13, 7, 5, 3, 0>, ap_ufixed<11, 5, 5, 3, 0>, ReLU_config6>|  return value|
|data_0_val    |   in|   13|     ap_none|                                                               data_0_val|        scalar|
|data_1_val    |   in|   13|     ap_none|                                                               data_1_val|        scalar|
|data_2_val    |   in|   13|     ap_none|                                                               data_2_val|        scalar|
|data_4_val    |   in|   13|     ap_none|                                                               data_4_val|        scalar|
|data_5_val    |   in|   13|     ap_none|                                                               data_5_val|        scalar|
|data_8_val    |   in|   13|     ap_none|                                                               data_8_val|        scalar|
|data_9_val    |   in|   13|     ap_none|                                                               data_9_val|        scalar|
|data_10_val   |   in|   13|     ap_none|                                                              data_10_val|        scalar|
|data_11_val   |   in|   13|     ap_none|                                                              data_11_val|        scalar|
|data_12_val   |   in|   13|     ap_none|                                                              data_12_val|        scalar|
|data_13_val   |   in|   13|     ap_none|                                                              data_13_val|        scalar|
|data_15_val   |   in|   13|     ap_none|                                                              data_15_val|        scalar|
|data_16_val   |   in|   13|     ap_none|                                                              data_16_val|        scalar|
|data_17_val   |   in|   13|     ap_none|                                                              data_17_val|        scalar|
|data_18_val   |   in|   13|     ap_none|                                                              data_18_val|        scalar|
|data_19_val   |   in|   13|     ap_none|                                                              data_19_val|        scalar|
|data_20_val   |   in|   13|     ap_none|                                                              data_20_val|        scalar|
|data_21_val   |   in|   13|     ap_none|                                                              data_21_val|        scalar|
|data_22_val   |   in|   13|     ap_none|                                                              data_22_val|        scalar|
|data_23_val   |   in|   13|     ap_none|                                                              data_23_val|        scalar|
|data_24_val   |   in|   13|     ap_none|                                                              data_24_val|        scalar|
|data_26_val   |   in|   13|     ap_none|                                                              data_26_val|        scalar|
|data_27_val   |   in|   13|     ap_none|                                                              data_27_val|        scalar|
|data_28_val   |   in|   13|     ap_none|                                                              data_28_val|        scalar|
|data_29_val   |   in|   13|     ap_none|                                                              data_29_val|        scalar|
|data_30_val   |   in|   13|     ap_none|                                                              data_30_val|        scalar|
|data_31_val   |   in|   13|     ap_none|                                                              data_31_val|        scalar|
|data_32_val   |   in|   13|     ap_none|                                                              data_32_val|        scalar|
|data_33_val   |   in|   13|     ap_none|                                                              data_33_val|        scalar|
|data_34_val   |   in|   13|     ap_none|                                                              data_34_val|        scalar|
|data_36_val   |   in|   13|     ap_none|                                                              data_36_val|        scalar|
|data_37_val   |   in|   13|     ap_none|                                                              data_37_val|        scalar|
|data_38_val   |   in|   13|     ap_none|                                                              data_38_val|        scalar|
|data_41_val   |   in|   13|     ap_none|                                                              data_41_val|        scalar|
|data_43_val   |   in|   13|     ap_none|                                                              data_43_val|        scalar|
|data_44_val   |   in|   13|     ap_none|                                                              data_44_val|        scalar|
|data_45_val   |   in|   13|     ap_none|                                                              data_45_val|        scalar|
|data_47_val   |   in|   13|     ap_none|                                                              data_47_val|        scalar|
|data_48_val   |   in|   13|     ap_none|                                                              data_48_val|        scalar|
|data_49_val   |   in|   13|     ap_none|                                                              data_49_val|        scalar|
|data_50_val   |   in|   13|     ap_none|                                                              data_50_val|        scalar|
|data_51_val   |   in|   13|     ap_none|                                                              data_51_val|        scalar|
|data_52_val   |   in|   13|     ap_none|                                                              data_52_val|        scalar|
|data_54_val   |   in|   13|     ap_none|                                                              data_54_val|        scalar|
|data_56_val   |   in|   13|     ap_none|                                                              data_56_val|        scalar|
|data_57_val   |   in|   13|     ap_none|                                                              data_57_val|        scalar|
|data_58_val   |   in|   13|     ap_none|                                                              data_58_val|        scalar|
|data_59_val   |   in|   13|     ap_none|                                                              data_59_val|        scalar|
|data_60_val   |   in|   13|     ap_none|                                                              data_60_val|        scalar|
|data_61_val   |   in|   13|     ap_none|                                                              data_61_val|        scalar|
|data_62_val   |   in|   13|     ap_none|                                                              data_62_val|        scalar|
|data_63_val   |   in|   13|     ap_none|                                                              data_63_val|        scalar|
+--------------+-----+-----+------------+-------------------------------------------------------------------------+--------------+

