/home/hep/lr1424/hls4ml-tutorial_OPENML/model_2.1/hls4ml_prj_prune_60/myproject_prj/solution1/.autopilot/db/myproject.pp.0.cpp:28366:7: warning: Added loop label VITIS_LOOP_1223_1:   [xilinx-label-all-loops]
      for (i = 0; i < __N - 1; ++i) {
      ^~~
      VITIS_LOOP_1223_1: 
/home/hep/lr1424/hls4ml-tutorial_OPENML/model_2.1/hls4ml_prj_prune_60/myproject_prj/solution1/.autopilot/db/myproject.pp.0.cpp:28366:7: note: FIX-IT applied suggested code changes
/home/hep/lr1424/hls4ml-tutorial_OPENML/model_2.1/hls4ml_prj_prune_60/myproject_prj/solution1/.autopilot/db/myproject.pp.0.cpp:29340:5: warning: Added loop label VITIS_LOOP_676_1:   [xilinx-label-all-loops]
    for (unsigned i = low; i != high; ++i) {
    ^~~
    VITIS_LOOP_676_1: 
/home/hep/lr1424/hls4ml-tutorial_OPENML/model_2.1/hls4ml_prj_prune_60/myproject_prj/solution1/.autopilot/db/myproject.pp.0.cpp:29340:5: note: FIX-IT applied suggested code changes
/home/hep/lr1424/hls4ml-tutorial_OPENML/model_2.1/hls4ml_prj_prune_60/myproject_prj/solution1/.autopilot/db/myproject.pp.0.cpp:29354:5: warning: Added loop label VITIS_LOOP_690_1:   [xilinx-label-all-loops]
    for (unsigned i = low; i != high; ++i) {
    ^~~
    VITIS_LOOP_690_1: 
/home/hep/lr1424/hls4ml-tutorial_OPENML/model_2.1/hls4ml_prj_prune_60/myproject_prj/solution1/.autopilot/db/myproject.pp.0.cpp:29354:5: note: FIX-IT applied suggested code changes
/home/hep/lr1424/hls4ml-tutorial_OPENML/model_2.1/hls4ml_prj_prune_60/myproject_prj/solution1/.autopilot/db/myproject.pp.0.cpp:29368:5: warning: Added loop label VITIS_LOOP_704_1:   [xilinx-label-all-loops]
    for (unsigned i = low; i != high; ++i) {
    ^~~
    VITIS_LOOP_704_1: 
/home/hep/lr1424/hls4ml-tutorial_OPENML/model_2.1/hls4ml_prj_prune_60/myproject_prj/solution1/.autopilot/db/myproject.pp.0.cpp:29368:5: note: FIX-IT applied suggested code changes
/home/hep/lr1424/hls4ml-tutorial_OPENML/model_2.1/hls4ml_prj_prune_60/myproject_prj/solution1/.autopilot/db/myproject.pp.0.cpp:30985:7: warning: Added loop label VITIS_LOOP_1247_1:   [xilinx-label-all-loops]
      for (i = 0; i < __N - 1; ++i) {
      ^~~
      VITIS_LOOP_1247_1: 
/home/hep/lr1424/hls4ml-tutorial_OPENML/model_2.1/hls4ml_prj_prune_60/myproject_prj/solution1/.autopilot/db/myproject.pp.0.cpp:30985:7: note: FIX-IT applied suggested code changes
/home/hep/lr1424/hls4ml-tutorial_OPENML/model_2.1/hls4ml_prj_prune_60/myproject_prj/solution1/.autopilot/db/myproject.pp.0.cpp:32968:9: warning: Added loop label VITIS_LOOP_27_1:   [xilinx-label-all-loops]
        for (unsigned i = 0; i < N; i++) {
        ^~~
        VITIS_LOOP_27_1: 
/home/hep/lr1424/hls4ml-tutorial_OPENML/model_2.1/hls4ml_prj_prune_60/myproject_prj/solution1/.autopilot/db/myproject.pp.0.cpp:32968:9: note: FIX-IT applied suggested code changes
/home/hep/lr1424/hls4ml-tutorial_OPENML/model_2.1/hls4ml_prj_prune_60/myproject_prj/solution1/.autopilot/db/myproject.pp.0.cpp:32981:9: warning: Added loop label VITIS_LOOP_40_1:   [xilinx-label-all-loops]
        for (size_t i = 0; i < N; i++) {
        ^~~
        VITIS_LOOP_40_1: 
/home/hep/lr1424/hls4ml-tutorial_OPENML/model_2.1/hls4ml_prj_prune_60/myproject_prj/solution1/.autopilot/db/myproject.pp.0.cpp:32981:9: note: FIX-IT applied suggested code changes
/home/hep/lr1424/hls4ml-tutorial_OPENML/model_2.1/hls4ml_prj_prune_60/myproject_prj/solution1/.autopilot/db/myproject.pp.0.cpp:55919:5: warning: Added loop label VITIS_LOOP_265_1:   [xilinx-label-all-loops]
    for (typename std::vector<src_T>::const_iterator i = in_begin; i != in_end; ++i) {
    ^~~
    VITIS_LOOP_265_1: 
/home/hep/lr1424/hls4ml-tutorial_OPENML/model_2.1/hls4ml_prj_prune_60/myproject_prj/solution1/.autopilot/db/myproject.pp.0.cpp:55919:5: note: FIX-IT applied suggested code changes
/home/hep/lr1424/hls4ml-tutorial_OPENML/model_2.1/hls4ml_prj_prune_60/myproject_prj/solution1/.autopilot/db/myproject.pp.0.cpp:55929:5: warning: Added loop label VITIS_LOOP_275_1:   [xilinx-label-all-loops]
    for (auto i = 0; i < SIZE; i++)
    ^~~
    VITIS_LOOP_275_1: 
/home/hep/lr1424/hls4ml-tutorial_OPENML/model_2.1/hls4ml_prj_prune_60/myproject_prj/solution1/.autopilot/db/myproject.pp.0.cpp:55929:5: note: FIX-IT applied suggested code changes
/home/hep/lr1424/hls4ml-tutorial_OPENML/model_2.1/hls4ml_prj_prune_60/myproject_prj/solution1/.autopilot/db/myproject.pp.0.cpp:55940:5: warning: Added loop label VITIS_LOOP_286_1:   [xilinx-label-all-loops]
    for (int i = 0; i < SIZE; i++) {
    ^~~
    VITIS_LOOP_286_1: 
/home/hep/lr1424/hls4ml-tutorial_OPENML/model_2.1/hls4ml_prj_prune_60/myproject_prj/solution1/.autopilot/db/myproject.pp.0.cpp:55940:5: note: FIX-IT applied suggested code changes
/home/hep/lr1424/hls4ml-tutorial_OPENML/model_2.1/hls4ml_prj_prune_60/myproject_prj/solution1/.autopilot/db/myproject.pp.0.cpp:55947:5: warning: Added loop label VITIS_LOOP_293_1:   [xilinx-label-all-loops]
    for (int i = 0; i < SIZE / res_T::size; i++) {
    ^~~
    VITIS_LOOP_293_1: 
/home/hep/lr1424/hls4ml-tutorial_OPENML/model_2.1/hls4ml_prj_prune_60/myproject_prj/solution1/.autopilot/db/myproject.pp.0.cpp:55947:5: note: FIX-IT applied suggested code changes
/home/hep/lr1424/hls4ml-tutorial_OPENML/model_2.1/hls4ml_prj_prune_60/myproject_prj/solution1/.autopilot/db/myproject.pp.0.cpp:55949:9: warning: Added loop label VITIS_LOOP_295_2:   [xilinx-label-all-loops]
        for (int j = 0; j < res_T::size; j++) {
        ^~~
        VITIS_LOOP_295_2: 
/home/hep/lr1424/hls4ml-tutorial_OPENML/model_2.1/hls4ml_prj_prune_60/myproject_prj/solution1/.autopilot/db/myproject.pp.0.cpp:55949:9: note: FIX-IT applied suggested code changes
/home/hep/lr1424/hls4ml-tutorial_OPENML/model_2.1/hls4ml_prj_prune_60/myproject_prj/solution1/.autopilot/db/myproject.pp.0.cpp:55961:5: warning: Added loop label VITIS_LOOP_307_1:   [xilinx-label-all-loops]
    for (int i = 0; i < SIZE / data_T::size; i++) {
    ^~~
    VITIS_LOOP_307_1: 
/home/hep/lr1424/hls4ml-tutorial_OPENML/model_2.1/hls4ml_prj_prune_60/myproject_prj/solution1/.autopilot/db/myproject.pp.0.cpp:55961:5: note: FIX-IT applied suggested code changes
/home/hep/lr1424/hls4ml-tutorial_OPENML/model_2.1/hls4ml_prj_prune_60/myproject_prj/solution1/.autopilot/db/myproject.pp.0.cpp:55963:9: warning: Added loop label VITIS_LOOP_309_2:   [xilinx-label-all-loops]
        for (int j = 0; j < data_T::size; j++) {
        ^~~
        VITIS_LOOP_309_2: 
/home/hep/lr1424/hls4ml-tutorial_OPENML/model_2.1/hls4ml_prj_prune_60/myproject_prj/solution1/.autopilot/db/myproject.pp.0.cpp:55963:9: note: FIX-IT applied suggested code changes
/home/hep/lr1424/hls4ml-tutorial_OPENML/model_2.1/hls4ml_prj_prune_60/myproject_prj/solution1/.autopilot/db/myproject.pp.0.cpp:55978:5: warning: Added loop label VITIS_LOOP_324_1:   [xilinx-label-all-loops]
    for (int ii = 0; ii < nrows; ii++) {
    ^~~
    VITIS_LOOP_324_1: 
/home/hep/lr1424/hls4ml-tutorial_OPENML/model_2.1/hls4ml_prj_prune_60/myproject_prj/solution1/.autopilot/db/myproject.pp.0.cpp:55978:5: note: FIX-IT applied suggested code changes
/home/hep/lr1424/hls4ml-tutorial_OPENML/model_2.1/hls4ml_prj_prune_60/myproject_prj/solution1/.autopilot/db/myproject.pp.0.cpp:55998:5: warning: Added loop label VITIS_LOOP_344_1:   [xilinx-label-all-loops]
    for (int ii = 0; ii < nrows; ii++) {
    ^~~
    VITIS_LOOP_344_1: 
/home/hep/lr1424/hls4ml-tutorial_OPENML/model_2.1/hls4ml_prj_prune_60/myproject_prj/solution1/.autopilot/db/myproject.pp.0.cpp:55998:5: note: FIX-IT applied suggested code changes
/home/hep/lr1424/hls4ml-tutorial_OPENML/model_2.1/hls4ml_prj_prune_60/myproject_prj/solution1/.autopilot/db/myproject.pp.0.cpp:55999:9: warning: Added loop label VITIS_LOOP_345_2:   [xilinx-label-all-loops]
        for (int jj = 0; jj < ncols; jj++) {
        ^~~
        VITIS_LOOP_345_2: 
/home/hep/lr1424/hls4ml-tutorial_OPENML/model_2.1/hls4ml_prj_prune_60/myproject_prj/solution1/.autopilot/db/myproject.pp.0.cpp:55999:9: note: FIX-IT applied suggested code changes
/home/hep/lr1424/hls4ml-tutorial_OPENML/model_2.1/hls4ml_prj_prune_60/myproject_prj/solution1/.autopilot/db/myproject.pp.0.cpp:56014:5: warning: Added loop label VITIS_LOOP_360_1:   [xilinx-label-all-loops]
    for (int ii = 0; ii < N_IN; ii++) {
    ^~~
    VITIS_LOOP_360_1: 
/home/hep/lr1424/hls4ml-tutorial_OPENML/model_2.1/hls4ml_prj_prune_60/myproject_prj/solution1/.autopilot/db/myproject.pp.0.cpp:56014:5: note: FIX-IT applied suggested code changes
/home/hep/lr1424/hls4ml-tutorial_OPENML/model_2.1/hls4ml_prj_prune_60/myproject_prj/solution1/.autopilot/db/myproject.pp.0.cpp:56021:5: warning: Added loop label VITIS_LOOP_367_1:   [xilinx-label-all-loops]
    for (int ii = 0; ii < N_IN; ii++) {
    ^~~
    VITIS_LOOP_367_1: 
/home/hep/lr1424/hls4ml-tutorial_OPENML/model_2.1/hls4ml_prj_prune_60/myproject_prj/solution1/.autopilot/db/myproject.pp.0.cpp:56021:5: note: FIX-IT applied suggested code changes
/home/hep/lr1424/hls4ml-tutorial_OPENML/model_2.1/hls4ml_prj_prune_60/myproject_prj/solution1/.autopilot/db/myproject.pp.0.cpp:56331:5: warning: Added loop label VITIS_LOOP_136_1:   [xilinx-label-all-loops]
    for (int ii = 0; ii < CONFIG_T::out_width / CONFIG_T::reuse_factor; ii++) {
    ^~~
    VITIS_LOOP_136_1: 
/home/hep/lr1424/hls4ml-tutorial_OPENML/model_2.1/hls4ml_prj_prune_60/myproject_prj/solution1/.autopilot/db/myproject.pp.0.cpp:56331:5: note: FIX-IT applied suggested code changes
/home/hep/lr1424/hls4ml-tutorial_OPENML/model_2.1/hls4ml_prj_prune_60/myproject_prj/solution1/.autopilot/db/myproject.pp.0.cpp:56332:9: warning: Added loop label VITIS_LOOP_137_2:   [xilinx-label-all-loops]
        for (int ff = 0; ff < CONFIG_T::n_filt; ff++) {
        ^~~
        VITIS_LOOP_137_2: 
/home/hep/lr1424/hls4ml-tutorial_OPENML/model_2.1/hls4ml_prj_prune_60/myproject_prj/solution1/.autopilot/db/myproject.pp.0.cpp:56332:9: note: FIX-IT applied suggested code changes
/home/hep/lr1424/hls4ml-tutorial_OPENML/model_2.1/hls4ml_prj_prune_60/myproject_prj/solution1/.autopilot/db/myproject.pp.0.cpp:56353:5: warning: Added loop label VITIS_LOOP_158_3:   [xilinx-label-all-loops]
    for (int ii = 0; ii < CONFIG_T::out_width / CONFIG_T::reuse_factor; ii++) {
    ^~~
    VITIS_LOOP_158_3: 
/home/hep/lr1424/hls4ml-tutorial_OPENML/model_2.1/hls4ml_prj_prune_60/myproject_prj/solution1/.autopilot/db/myproject.pp.0.cpp:56353:5: note: FIX-IT applied suggested code changes
/home/hep/lr1424/hls4ml-tutorial_OPENML/model_2.1/hls4ml_prj_prune_60/myproject_prj/solution1/.autopilot/db/myproject.pp.0.cpp:56354:9: warning: Added loop label VITIS_LOOP_159_4:   [xilinx-label-all-loops]
        for (int ff = 0; ff < CONFIG_T::n_filt; ff++) {
        ^~~
        VITIS_LOOP_159_4: 
/home/hep/lr1424/hls4ml-tutorial_OPENML/model_2.1/hls4ml_prj_prune_60/myproject_prj/solution1/.autopilot/db/myproject.pp.0.cpp:56354:9: note: FIX-IT applied suggested code changes
/home/hep/lr1424/hls4ml-tutorial_OPENML/model_2.1/hls4ml_prj_prune_60/myproject_prj/solution1/.autopilot/db/myproject.pp.0.cpp:56463:2: warning: Added loop label VITIS_LOOP_31_1:   [xilinx-label-all-loops]
 for (int ii = 0; ii < CONFIG_T::n_in; ii++) {
 ^~~
 VITIS_LOOP_31_1: 
/home/hep/lr1424/hls4ml-tutorial_OPENML/model_2.1/hls4ml_prj_prune_60/myproject_prj/solution1/.autopilot/db/myproject.pp.0.cpp:56463:2: note: FIX-IT applied suggested code changes
/home/hep/lr1424/hls4ml-tutorial_OPENML/model_2.1/hls4ml_prj_prune_60/myproject_prj/solution1/.autopilot/db/myproject.pp.0.cpp:56475:5: warning: Added loop label VITIS_LOOP_43_1:   [xilinx-label-all-loops]
    for (int ii = 0; ii < CONFIG_T::n_in; ii++) {
    ^~~
    VITIS_LOOP_43_1: 
/home/hep/lr1424/hls4ml-tutorial_OPENML/model_2.1/hls4ml_prj_prune_60/myproject_prj/solution1/.autopilot/db/myproject.pp.0.cpp:56475:5: note: FIX-IT applied suggested code changes
/home/hep/lr1424/hls4ml-tutorial_OPENML/model_2.1/hls4ml_prj_prune_60/myproject_prj/solution1/.autopilot/db/myproject.pp.0.cpp:56489:5: warning: Added loop label VITIS_LOOP_57_1:   [xilinx-label-all-loops]
    for (int ii = 0; ii < CONFIG_T::n_in; ii++) {
    ^~~
    VITIS_LOOP_57_1: 
/home/hep/lr1424/hls4ml-tutorial_OPENML/model_2.1/hls4ml_prj_prune_60/myproject_prj/solution1/.autopilot/db/myproject.pp.0.cpp:56489:5: note: FIX-IT applied suggested code changes
/home/hep/lr1424/hls4ml-tutorial_OPENML/model_2.1/hls4ml_prj_prune_60/myproject_prj/solution1/.autopilot/db/myproject.pp.0.cpp:56516:5: warning: Added loop label VITIS_LOOP_84_1:   [xilinx-label-all-loops]
    for (int ii = 0; ii < N_TABLE; ii++) {
    ^~~
    VITIS_LOOP_84_1: 
/home/hep/lr1424/hls4ml-tutorial_OPENML/model_2.1/hls4ml_prj_prune_60/myproject_prj/solution1/.autopilot/db/myproject.pp.0.cpp:56516:5: note: FIX-IT applied suggested code changes
/home/hep/lr1424/hls4ml-tutorial_OPENML/model_2.1/hls4ml_prj_prune_60/myproject_prj/solution1/.autopilot/db/myproject.pp.0.cpp:56546:5: warning: Added loop label VITIS_LOOP_114_1:   [xilinx-label-all-loops]
    for (int ii = 0; ii < CONFIG_T::n_in; ii++) {
    ^~~
    VITIS_LOOP_114_1: 
/home/hep/lr1424/hls4ml-tutorial_OPENML/model_2.1/hls4ml_prj_prune_60/myproject_prj/solution1/.autopilot/db/myproject.pp.0.cpp:56546:5: note: FIX-IT applied suggested code changes
/home/hep/lr1424/hls4ml-tutorial_OPENML/model_2.1/hls4ml_prj_prune_60/myproject_prj/solution1/.autopilot/db/myproject.pp.0.cpp:56583:5: warning: Added loop label VITIS_LOOP_151_1:   [xilinx-label-all-loops]
    for (unsigned i = 0; i < CONFIG_T::table_size; i++) {
    ^~~
    VITIS_LOOP_151_1: 
/home/hep/lr1424/hls4ml-tutorial_OPENML/model_2.1/hls4ml_prj_prune_60/myproject_prj/solution1/.autopilot/db/myproject.pp.0.cpp:56583:5: note: FIX-IT applied suggested code changes
/home/hep/lr1424/hls4ml-tutorial_OPENML/model_2.1/hls4ml_prj_prune_60/myproject_prj/solution1/.autopilot/db/myproject.pp.0.cpp:56594:5: warning: Added loop label VITIS_LOOP_162_1:   [xilinx-label-all-loops]
    for (unsigned i = 0; i < CONFIG_T::table_size; i++) {
    ^~~
    VITIS_LOOP_162_1: 
/home/hep/lr1424/hls4ml-tutorial_OPENML/model_2.1/hls4ml_prj_prune_60/myproject_prj/solution1/.autopilot/db/myproject.pp.0.cpp:56594:5: note: FIX-IT applied suggested code changes
/home/hep/lr1424/hls4ml-tutorial_OPENML/model_2.1/hls4ml_prj_prune_60/myproject_prj/solution1/.autopilot/db/myproject.pp.0.cpp:56627:5: warning: Added loop label VITIS_LOOP_195_1:   [xilinx-label-all-loops]
    for (unsigned i = 0; i < CONFIG_T::n_in; i++) {
    ^~~
    VITIS_LOOP_195_1: 
/home/hep/lr1424/hls4ml-tutorial_OPENML/model_2.1/hls4ml_prj_prune_60/myproject_prj/solution1/.autopilot/db/myproject.pp.0.cpp:56627:5: note: FIX-IT applied suggested code changes
/home/hep/lr1424/hls4ml-tutorial_OPENML/model_2.1/hls4ml_prj_prune_60/myproject_prj/solution1/.autopilot/db/myproject.pp.0.cpp:56641:5: warning: Added loop label VITIS_LOOP_209_2:   [xilinx-label-all-loops]
    for (unsigned i = 0; i < CONFIG_T::n_in; i++) {
    ^~~
    VITIS_LOOP_209_2: 
/home/hep/lr1424/hls4ml-tutorial_OPENML/model_2.1/hls4ml_prj_prune_60/myproject_prj/solution1/.autopilot/db/myproject.pp.0.cpp:56641:5: note: FIX-IT applied suggested code changes
/home/hep/lr1424/hls4ml-tutorial_OPENML/model_2.1/hls4ml_prj_prune_60/myproject_prj/solution1/.autopilot/db/myproject.pp.0.cpp:56675:5: warning: Added loop label VITIS_LOOP_243_1:   [xilinx-label-all-loops]
    for (unsigned i = 0; i < CONFIG_T::n_in; i++) {
    ^~~
    VITIS_LOOP_243_1: 
/home/hep/lr1424/hls4ml-tutorial_OPENML/model_2.1/hls4ml_prj_prune_60/myproject_prj/solution1/.autopilot/db/myproject.pp.0.cpp:56675:5: note: FIX-IT applied suggested code changes
/home/hep/lr1424/hls4ml-tutorial_OPENML/model_2.1/hls4ml_prj_prune_60/myproject_prj/solution1/.autopilot/db/myproject.pp.0.cpp:56684:5: warning: Added loop label VITIS_LOOP_252_2:   [xilinx-label-all-loops]
    for (unsigned i = 0; i < CONFIG_T::n_in; i++) {
    ^~~
    VITIS_LOOP_252_2: 
/home/hep/lr1424/hls4ml-tutorial_OPENML/model_2.1/hls4ml_prj_prune_60/myproject_prj/solution1/.autopilot/db/myproject.pp.0.cpp:56684:5: note: FIX-IT applied suggested code changes
/home/hep/lr1424/hls4ml-tutorial_OPENML/model_2.1/hls4ml_prj_prune_60/myproject_prj/solution1/.autopilot/db/myproject.pp.0.cpp:56698:5: warning: Added loop label VITIS_LOOP_266_3:   [xilinx-label-all-loops]
    for (unsigned i = 0; i < CONFIG_T::n_in; i++) {
    ^~~
    VITIS_LOOP_266_3: 
/home/hep/lr1424/hls4ml-tutorial_OPENML/model_2.1/hls4ml_prj_prune_60/myproject_prj/solution1/.autopilot/db/myproject.pp.0.cpp:56698:5: note: FIX-IT applied suggested code changes
/home/hep/lr1424/hls4ml-tutorial_OPENML/model_2.1/hls4ml_prj_prune_60/myproject_prj/solution1/.autopilot/db/myproject.pp.0.cpp:56705:5: warning: Added loop label VITIS_LOOP_273_1:   [xilinx-label-all-loops]
    for (int ii = 0; ii < N_TABLE; ii++) {
    ^~~
    VITIS_LOOP_273_1: 
/home/hep/lr1424/hls4ml-tutorial_OPENML/model_2.1/hls4ml_prj_prune_60/myproject_prj/solution1/.autopilot/db/myproject.pp.0.cpp:56705:5: note: FIX-IT applied suggested code changes
/home/hep/lr1424/hls4ml-tutorial_OPENML/model_2.1/hls4ml_prj_prune_60/myproject_prj/solution1/.autopilot/db/myproject.pp.0.cpp:56718:5: warning: Added loop label VITIS_LOOP_286_1:   [xilinx-label-all-loops]
    for (int ii = 0; ii < N_TABLE; ii++) {
    ^~~
    VITIS_LOOP_286_1: 
/home/hep/lr1424/hls4ml-tutorial_OPENML/model_2.1/hls4ml_prj_prune_60/myproject_prj/solution1/.autopilot/db/myproject.pp.0.cpp:56718:5: note: FIX-IT applied suggested code changes
/home/hep/lr1424/hls4ml-tutorial_OPENML/model_2.1/hls4ml_prj_prune_60/myproject_prj/solution1/.autopilot/db/myproject.pp.0.cpp:56755:5: warning: Added loop label VITIS_LOOP_323_1:   [xilinx-label-all-loops]
    for (int ii = 0; ii < CONFIG_T::n_in; ii++) {
    ^~~
    VITIS_LOOP_323_1: 
/home/hep/lr1424/hls4ml-tutorial_OPENML/model_2.1/hls4ml_prj_prune_60/myproject_prj/solution1/.autopilot/db/myproject.pp.0.cpp:56755:5: note: FIX-IT applied suggested code changes
/home/hep/lr1424/hls4ml-tutorial_OPENML/model_2.1/hls4ml_prj_prune_60/myproject_prj/solution1/.autopilot/db/myproject.pp.0.cpp:56760:5: warning: Added loop label VITIS_LOOP_328_2:   [xilinx-label-all-loops]
    for (int ii = 0; ii < CONFIG_T::n_in; ii++) {
    ^~~
    VITIS_LOOP_328_2: 
/home/hep/lr1424/hls4ml-tutorial_OPENML/model_2.1/hls4ml_prj_prune_60/myproject_prj/solution1/.autopilot/db/myproject.pp.0.cpp:56760:5: note: FIX-IT applied suggested code changes
/home/hep/lr1424/hls4ml-tutorial_OPENML/model_2.1/hls4ml_prj_prune_60/myproject_prj/solution1/.autopilot/db/myproject.pp.0.cpp:56761:9: warning: Added loop label VITIS_LOOP_329_3:   [xilinx-label-all-loops]
        for (int jj = 0; jj < CONFIG_T::n_in; jj++) {
        ^~~
        VITIS_LOOP_329_3: 
/home/hep/lr1424/hls4ml-tutorial_OPENML/model_2.1/hls4ml_prj_prune_60/myproject_prj/solution1/.autopilot/db/myproject.pp.0.cpp:56761:9: note: FIX-IT applied suggested code changes
/home/hep/lr1424/hls4ml-tutorial_OPENML/model_2.1/hls4ml_prj_prune_60/myproject_prj/solution1/.autopilot/db/myproject.pp.0.cpp:56778:5: warning: Added loop label VITIS_LOOP_346_4:   [xilinx-label-all-loops]
    for (int ii = 0; ii < CONFIG_T::n_in; ii++) {
    ^~~
    VITIS_LOOP_346_4: 
/home/hep/lr1424/hls4ml-tutorial_OPENML/model_2.1/hls4ml_prj_prune_60/myproject_prj/solution1/.autopilot/db/myproject.pp.0.cpp:56778:5: note: FIX-IT applied suggested code changes
/home/hep/lr1424/hls4ml-tutorial_OPENML/model_2.1/hls4ml_prj_prune_60/myproject_prj/solution1/.autopilot/db/myproject.pp.0.cpp:56791:5: warning: Added loop label VITIS_LOOP_359_1:   [xilinx-label-all-loops]
    for (int i = 0; i < CONFIG_T::n_in; i++) {
    ^~~
    VITIS_LOOP_359_1: 
/home/hep/lr1424/hls4ml-tutorial_OPENML/model_2.1/hls4ml_prj_prune_60/myproject_prj/solution1/.autopilot/db/myproject.pp.0.cpp:56791:5: note: FIX-IT applied suggested code changes
/home/hep/lr1424/hls4ml-tutorial_OPENML/model_2.1/hls4ml_prj_prune_60/myproject_prj/solution1/.autopilot/db/myproject.pp.0.cpp:56799:5: warning: Added loop label VITIS_LOOP_367_2:   [xilinx-label-all-loops]
    for (int i = 1; i < CONFIG_T::n_in; i++) {
    ^~~
    VITIS_LOOP_367_2: 
/home/hep/lr1424/hls4ml-tutorial_OPENML/model_2.1/hls4ml_prj_prune_60/myproject_prj/solution1/.autopilot/db/myproject.pp.0.cpp:56799:5: note: FIX-IT applied suggested code changes
/home/hep/lr1424/hls4ml-tutorial_OPENML/model_2.1/hls4ml_prj_prune_60/myproject_prj/solution1/.autopilot/db/myproject.pp.0.cpp:56834:5: warning: Added loop label VITIS_LOOP_402_1:   [xilinx-label-all-loops]
    for (int ii = 0; ii < N_TABLE; ii++) {
    ^~~
    VITIS_LOOP_402_1: 
/home/hep/lr1424/hls4ml-tutorial_OPENML/model_2.1/hls4ml_prj_prune_60/myproject_prj/solution1/.autopilot/db/myproject.pp.0.cpp:56834:5: note: FIX-IT applied suggested code changes
/home/hep/lr1424/hls4ml-tutorial_OPENML/model_2.1/hls4ml_prj_prune_60/myproject_prj/solution1/.autopilot/db/myproject.pp.0.cpp:56864:5: warning: Added loop label VITIS_LOOP_432_1:   [xilinx-label-all-loops]
    for (int ii = 0; ii < CONFIG_T::n_in; ii++) {
    ^~~
    VITIS_LOOP_432_1: 
/home/hep/lr1424/hls4ml-tutorial_OPENML/model_2.1/hls4ml_prj_prune_60/myproject_prj/solution1/.autopilot/db/myproject.pp.0.cpp:56864:5: note: FIX-IT applied suggested code changes
/home/hep/lr1424/hls4ml-tutorial_OPENML/model_2.1/hls4ml_prj_prune_60/myproject_prj/solution1/.autopilot/db/myproject.pp.0.cpp:56891:2: warning: Added loop label VITIS_LOOP_459_1:   [xilinx-label-all-loops]
 for (int ii = 0; ii < CONFIG_T::n_in; ii++) {
 ^~~
 VITIS_LOOP_459_1: 
/home/hep/lr1424/hls4ml-tutorial_OPENML/model_2.1/hls4ml_prj_prune_60/myproject_prj/solution1/.autopilot/db/myproject.pp.0.cpp:56891:2: note: FIX-IT applied suggested code changes
/home/hep/lr1424/hls4ml-tutorial_OPENML/model_2.1/hls4ml_prj_prune_60/myproject_prj/solution1/.autopilot/db/myproject.pp.0.cpp:56905:2: warning: Added loop label VITIS_LOOP_473_1:   [xilinx-label-all-loops]
 for (int ii = 0; ii < CONFIG_T::n_in; ii++) {
 ^~~
 VITIS_LOOP_473_1: 
/home/hep/lr1424/hls4ml-tutorial_OPENML/model_2.1/hls4ml_prj_prune_60/myproject_prj/solution1/.autopilot/db/myproject.pp.0.cpp:56905:2: note: FIX-IT applied suggested code changes
/home/hep/lr1424/hls4ml-tutorial_OPENML/model_2.1/hls4ml_prj_prune_60/myproject_prj/solution1/.autopilot/db/myproject.pp.0.cpp:56921:5: warning: Added loop label VITIS_LOOP_489_1:   [xilinx-label-all-loops]
    for (int ii = 0; ii < CONFIG_T::n_in; ii++) {
    ^~~
    VITIS_LOOP_489_1: 
/home/hep/lr1424/hls4ml-tutorial_OPENML/model_2.1/hls4ml_prj_prune_60/myproject_prj/solution1/.autopilot/db/myproject.pp.0.cpp:56921:5: note: FIX-IT applied suggested code changes
/home/hep/lr1424/hls4ml-tutorial_OPENML/model_2.1/hls4ml_prj_prune_60/myproject_prj/solution1/.autopilot/db/myproject.pp.0.cpp:56939:5: warning: Added loop label VITIS_LOOP_507_1:   [xilinx-label-all-loops]
    for (int ii = 0; ii < CONFIG_T::n_in; ii++) {
    ^~~
    VITIS_LOOP_507_1: 
/home/hep/lr1424/hls4ml-tutorial_OPENML/model_2.1/hls4ml_prj_prune_60/myproject_prj/solution1/.autopilot/db/myproject.pp.0.cpp:56939:5: note: FIX-IT applied suggested code changes
/home/hep/lr1424/hls4ml-tutorial_OPENML/model_2.1/hls4ml_prj_prune_60/myproject_prj/solution1/.autopilot/db/myproject.pp.0.cpp:56956:5: warning: Added loop label VITIS_LOOP_524_1:   [xilinx-label-all-loops]
    for (int ii = 0; ii < CONFIG_T::n_in; ii++) {
    ^~~
    VITIS_LOOP_524_1: 
/home/hep/lr1424/hls4ml-tutorial_OPENML/model_2.1/hls4ml_prj_prune_60/myproject_prj/solution1/.autopilot/db/myproject.pp.0.cpp:56956:5: note: FIX-IT applied suggested code changes
/home/hep/lr1424/hls4ml-tutorial_OPENML/model_2.1/hls4ml_prj_prune_60/myproject_prj/solution1/.autopilot/db/myproject.pp.0.cpp:56973:5: warning: Added loop label VITIS_LOOP_541_1:   [xilinx-label-all-loops]
    for (int ii = 0; ii < N_TABLE; ii++) {
    ^~~
    VITIS_LOOP_541_1: 
/home/hep/lr1424/hls4ml-tutorial_OPENML/model_2.1/hls4ml_prj_prune_60/myproject_prj/solution1/.autopilot/db/myproject.pp.0.cpp:56973:5: note: FIX-IT applied suggested code changes
/home/hep/lr1424/hls4ml-tutorial_OPENML/model_2.1/hls4ml_prj_prune_60/myproject_prj/solution1/.autopilot/db/myproject.pp.0.cpp:57003:5: warning: Added loop label VITIS_LOOP_571_1:   [xilinx-label-all-loops]
    for (int ii = 0; ii < CONFIG_T::n_in; ii++) {
    ^~~
    VITIS_LOOP_571_1: 
/home/hep/lr1424/hls4ml-tutorial_OPENML/model_2.1/hls4ml_prj_prune_60/myproject_prj/solution1/.autopilot/db/myproject.pp.0.cpp:57003:5: note: FIX-IT applied suggested code changes
/home/hep/lr1424/hls4ml-tutorial_OPENML/model_2.1/hls4ml_prj_prune_60/myproject_prj/solution1/.autopilot/db/myproject.pp.0.cpp:57022:5: warning: Added loop label VITIS_LOOP_590_1:   [xilinx-label-all-loops]
    for (int ii = 0; ii < N_TABLE; ii++) {
    ^~~
    VITIS_LOOP_590_1: 
/home/hep/lr1424/hls4ml-tutorial_OPENML/model_2.1/hls4ml_prj_prune_60/myproject_prj/solution1/.autopilot/db/myproject.pp.0.cpp:57022:5: note: FIX-IT applied suggested code changes
/home/hep/lr1424/hls4ml-tutorial_OPENML/model_2.1/hls4ml_prj_prune_60/myproject_prj/solution1/.autopilot/db/myproject.pp.0.cpp:57052:5: warning: Added loop label VITIS_LOOP_620_1:   [xilinx-label-all-loops]
    for (int ii = 0; ii < CONFIG_T::n_in; ii++) {
    ^~~
    VITIS_LOOP_620_1: 
/home/hep/lr1424/hls4ml-tutorial_OPENML/model_2.1/hls4ml_prj_prune_60/myproject_prj/solution1/.autopilot/db/myproject.pp.0.cpp:57052:5: note: FIX-IT applied suggested code changes
/home/hep/lr1424/hls4ml-tutorial_OPENML/model_2.1/hls4ml_prj_prune_60/myproject_prj/solution1/.autopilot/db/myproject.pp.0.cpp:57071:5: warning: Added loop label VITIS_LOOP_639_1:   [xilinx-label-all-loops]
    for (int ii = 0; ii < N_TABLE; ii++) {
    ^~~
    VITIS_LOOP_639_1: 
/home/hep/lr1424/hls4ml-tutorial_OPENML/model_2.1/hls4ml_prj_prune_60/myproject_prj/solution1/.autopilot/db/myproject.pp.0.cpp:57071:5: note: FIX-IT applied suggested code changes
/home/hep/lr1424/hls4ml-tutorial_OPENML/model_2.1/hls4ml_prj_prune_60/myproject_prj/solution1/.autopilot/db/myproject.pp.0.cpp:57101:5: warning: Added loop label VITIS_LOOP_669_1:   [xilinx-label-all-loops]
    for (int ii = 0; ii < CONFIG_T::n_in; ii++) {
    ^~~
    VITIS_LOOP_669_1: 
/home/hep/lr1424/hls4ml-tutorial_OPENML/model_2.1/hls4ml_prj_prune_60/myproject_prj/solution1/.autopilot/db/myproject.pp.0.cpp:57101:5: note: FIX-IT applied suggested code changes
/home/hep/lr1424/hls4ml-tutorial_OPENML/model_2.1/hls4ml_prj_prune_60/myproject_prj/solution1/.autopilot/db/myproject.pp.0.cpp:57128:5: warning: Added loop label VITIS_LOOP_696_1:   [xilinx-label-all-loops]
    for (int ii = 0; ii < N_TABLE; ii++) {
    ^~~
    VITIS_LOOP_696_1: 
/home/hep/lr1424/hls4ml-tutorial_OPENML/model_2.1/hls4ml_prj_prune_60/myproject_prj/solution1/.autopilot/db/myproject.pp.0.cpp:57128:5: note: FIX-IT applied suggested code changes
/home/hep/lr1424/hls4ml-tutorial_OPENML/model_2.1/hls4ml_prj_prune_60/myproject_prj/solution1/.autopilot/db/myproject.pp.0.cpp:57157:5: warning: Added loop label VITIS_LOOP_725_1:   [xilinx-label-all-loops]
    for (int ii = 0; ii < CONFIG_T::n_in; ii++) {
    ^~~
    VITIS_LOOP_725_1: 
/home/hep/lr1424/hls4ml-tutorial_OPENML/model_2.1/hls4ml_prj_prune_60/myproject_prj/solution1/.autopilot/db/myproject.pp.0.cpp:57157:5: note: FIX-IT applied suggested code changes
/home/hep/lr1424/hls4ml-tutorial_OPENML/model_2.1/hls4ml_prj_prune_60/myproject_prj/solution1/.autopilot/db/myproject.pp.0.cpp:57178:5: warning: Added loop label VITIS_LOOP_746_1:   [xilinx-label-all-loops]
    for (int ii = 0; ii < CONFIG_T::n_in; ii++) {
    ^~~
    VITIS_LOOP_746_1: 
/home/hep/lr1424/hls4ml-tutorial_OPENML/model_2.1/hls4ml_prj_prune_60/myproject_prj/solution1/.autopilot/db/myproject.pp.0.cpp:57178:5: note: FIX-IT applied suggested code changes
/home/hep/lr1424/hls4ml-tutorial_OPENML/model_2.1/hls4ml_prj_prune_60/myproject_prj/solution1/.autopilot/db/myproject.pp.0.cpp:57196:5: warning: Added loop label VITIS_LOOP_764_1:   [xilinx-label-all-loops]
    for (int ii = 0; ii < CONFIG_T::n_in; ii++) {
    ^~~
    VITIS_LOOP_764_1: 
/home/hep/lr1424/hls4ml-tutorial_OPENML/model_2.1/hls4ml_prj_prune_60/myproject_prj/solution1/.autopilot/db/myproject.pp.0.cpp:57196:5: note: FIX-IT applied suggested code changes
/home/hep/lr1424/hls4ml-tutorial_OPENML/model_2.1/hls4ml_prj_prune_60/myproject_prj/solution1/.autopilot/db/myproject.pp.0.cpp:57216:5: warning: Added loop label VITIS_LOOP_784_1:   [xilinx-label-all-loops]
    for (int ii = 0; ii < CONFIG_T::n_in; ii++) {
    ^~~
    VITIS_LOOP_784_1: 
/home/hep/lr1424/hls4ml-tutorial_OPENML/model_2.1/hls4ml_prj_prune_60/myproject_prj/solution1/.autopilot/db/myproject.pp.0.cpp:57216:5: note: FIX-IT applied suggested code changes
/home/hep/lr1424/hls4ml-tutorial_OPENML/model_2.1/hls4ml_prj_prune_60/myproject_prj/solution1/.autopilot/db/myproject.pp.0.cpp:57312:9: warning: Added loop label VITIS_LOOP_73_1:   [xilinx-label-all-loops]
        for (int i = 0; i < N / data_T::size; i++) {
        ^~~
        VITIS_LOOP_73_1: 
/home/hep/lr1424/hls4ml-tutorial_OPENML/model_2.1/hls4ml_prj_prune_60/myproject_prj/solution1/.autopilot/db/myproject.pp.0.cpp:57312:9: note: FIX-IT applied suggested code changes
/home/hep/lr1424/hls4ml-tutorial_OPENML/model_2.1/hls4ml_prj_prune_60/myproject_prj/solution1/.autopilot/db/myproject.pp.0.cpp:57319:13: warning: Added loop label VITIS_LOOP_80_2:   [xilinx-label-all-loops]
            for (int j = 0; j < data_T::size; j++) {
            ^~~
            VITIS_LOOP_80_2: 
/home/hep/lr1424/hls4ml-tutorial_OPENML/model_2.1/hls4ml_prj_prune_60/myproject_prj/solution1/.autopilot/db/myproject.pp.0.cpp:57319:13: note: FIX-IT applied suggested code changes
/home/hep/lr1424/hls4ml-tutorial_OPENML/model_2.1/hls4ml_prj_prune_60/myproject_prj/solution1/.autopilot/db/myproject.pp.0.cpp:57328:9: warning: Added loop label VITIS_LOOP_89_3:   [xilinx-label-all-loops]
        for (int i = 0; i < N / data_T::size; i++) {
        ^~~
        VITIS_LOOP_89_3: 
/home/hep/lr1424/hls4ml-tutorial_OPENML/model_2.1/hls4ml_prj_prune_60/myproject_prj/solution1/.autopilot/db/myproject.pp.0.cpp:57328:9: note: FIX-IT applied suggested code changes
/home/hep/lr1424/hls4ml-tutorial_OPENML/model_2.1/hls4ml_prj_prune_60/myproject_prj/solution1/.autopilot/db/myproject.pp.0.cpp:57337:13: warning: Added loop label VITIS_LOOP_98_4:   [xilinx-label-all-loops]
            for (int j = 0; j < pack_diff; j++) {
            ^~~
            VITIS_LOOP_98_4: 
/home/hep/lr1424/hls4ml-tutorial_OPENML/model_2.1/hls4ml_prj_prune_60/myproject_prj/solution1/.autopilot/db/myproject.pp.0.cpp:57337:13: note: FIX-IT applied suggested code changes
/home/hep/lr1424/hls4ml-tutorial_OPENML/model_2.1/hls4ml_prj_prune_60/myproject_prj/solution1/.autopilot/db/myproject.pp.0.cpp:57341:17: warning: Added loop label VITIS_LOOP_102_5:   [xilinx-label-all-loops]
                for (int k = 0; k < res_T::size; k++) {
                ^~~
                VITIS_LOOP_102_5: 
/home/hep/lr1424/hls4ml-tutorial_OPENML/model_2.1/hls4ml_prj_prune_60/myproject_prj/solution1/.autopilot/db/myproject.pp.0.cpp:57341:17: note: FIX-IT applied suggested code changes
/home/hep/lr1424/hls4ml-tutorial_OPENML/model_2.1/hls4ml_prj_prune_60/myproject_prj/solution1/.autopilot/db/myproject.pp.0.cpp:57352:9: warning: Added loop label VITIS_LOOP_113_6:   [xilinx-label-all-loops]
        for (int i = 0; i < N / data_T::size; i++) {
        ^~~
        VITIS_LOOP_113_6: 
/home/hep/lr1424/hls4ml-tutorial_OPENML/model_2.1/hls4ml_prj_prune_60/myproject_prj/solution1/.autopilot/db/myproject.pp.0.cpp:57352:9: note: FIX-IT applied suggested code changes
/home/hep/lr1424/hls4ml-tutorial_OPENML/model_2.1/hls4ml_prj_prune_60/myproject_prj/solution1/.autopilot/db/myproject.pp.0.cpp:57356:13: warning: Added loop label VITIS_LOOP_117_7:   [xilinx-label-all-loops]
            for (int j = 0; j < data_T::size; j++) {
            ^~~
            VITIS_LOOP_117_7: 
/home/hep/lr1424/hls4ml-tutorial_OPENML/model_2.1/hls4ml_prj_prune_60/myproject_prj/solution1/.autopilot/db/myproject.pp.0.cpp:57356:13: note: FIX-IT applied suggested code changes
/home/hep/lr1424/hls4ml-tutorial_OPENML/model_2.1/hls4ml_prj_prune_60/myproject_prj/solution1/.autopilot/db/myproject.pp.0.cpp:57380:9: warning: Added loop label VITIS_LOOP_141_1:   [xilinx-label-all-loops]
        for (int j = 0; j < n_dupl; j++) {
        ^~~
        VITIS_LOOP_141_1: 
/home/hep/lr1424/hls4ml-tutorial_OPENML/model_2.1/hls4ml_prj_prune_60/myproject_prj/solution1/.autopilot/db/myproject.pp.0.cpp:57380:9: note: FIX-IT applied suggested code changes
/home/hep/lr1424/hls4ml-tutorial_OPENML/model_2.1/hls4ml_prj_prune_60/myproject_prj/solution1/.autopilot/db/myproject.pp.0.cpp:57384:13: warning: Added loop label VITIS_LOOP_145_2:   [xilinx-label-all-loops]
            for (int k = 0; k < res_T::size; k++) {
            ^~~
            VITIS_LOOP_145_2: 
/home/hep/lr1424/hls4ml-tutorial_OPENML/model_2.1/hls4ml_prj_prune_60/myproject_prj/solution1/.autopilot/db/myproject.pp.0.cpp:57384:13: note: FIX-IT applied suggested code changes
/home/hep/lr1424/hls4ml-tutorial_OPENML/model_2.1/hls4ml_prj_prune_60/myproject_prj/solution1/.autopilot/db/myproject.pp.0.cpp:57403:9: warning: Added loop label VITIS_LOOP_164_1:   [xilinx-label-all-loops]
        for (int k = 0; k < res_T::size; k++) {
        ^~~
        VITIS_LOOP_164_1: 
/home/hep/lr1424/hls4ml-tutorial_OPENML/model_2.1/hls4ml_prj_prune_60/myproject_prj/solution1/.autopilot/db/myproject.pp.0.cpp:57403:9: note: FIX-IT applied suggested code changes
/home/hep/lr1424/hls4ml-tutorial_OPENML/model_2.1/hls4ml_prj_prune_60/myproject_prj/solution1/.autopilot/db/myproject.pp.0.cpp:57426:2: warning: Added loop label VITIS_LOOP_187_1:   [xilinx-label-all-loops]
 for (int i = 0; i < CONFIG_T::height * CONFIG_T::width / data_T::size; i++) {
 ^~~
 VITIS_LOOP_187_1: 
/home/hep/lr1424/hls4ml-tutorial_OPENML/model_2.1/hls4ml_prj_prune_60/myproject_prj/solution1/.autopilot/db/myproject.pp.0.cpp:57426:2: note: FIX-IT applied suggested code changes
/home/hep/lr1424/hls4ml-tutorial_OPENML/model_2.1/hls4ml_prj_prune_60/myproject_prj/solution1/.autopilot/db/myproject.pp.0.cpp:57429:9: warning: Added loop label VITIS_LOOP_190_2:   [xilinx-label-all-loops]
        for (int j = 0; j < data_T::size; j++) {
        ^~~
        VITIS_LOOP_190_2: 
/home/hep/lr1424/hls4ml-tutorial_OPENML/model_2.1/hls4ml_prj_prune_60/myproject_prj/solution1/.autopilot/db/myproject.pp.0.cpp:57429:9: note: FIX-IT applied suggested code changes
/home/hep/lr1424/hls4ml-tutorial_OPENML/model_2.1/hls4ml_prj_prune_60/myproject_prj/solution1/.autopilot/db/myproject.pp.0.cpp:57434:5: warning: Added loop label VITIS_LOOP_195_3:   [xilinx-label-all-loops]
    for (int i = 0; i < CONFIG_T::height * CONFIG_T::width / res_T::size; i++) {
    ^~~
    VITIS_LOOP_195_3: 
/home/hep/lr1424/hls4ml-tutorial_OPENML/model_2.1/hls4ml_prj_prune_60/myproject_prj/solution1/.autopilot/db/myproject.pp.0.cpp:57434:5: note: FIX-IT applied suggested code changes
/home/hep/lr1424/hls4ml-tutorial_OPENML/model_2.1/hls4ml_prj_prune_60/myproject_prj/solution1/.autopilot/db/myproject.pp.0.cpp:57438:9: warning: Added loop label VITIS_LOOP_199_4:   [xilinx-label-all-loops]
        for (int j = 0; j < res_T::size; j++) {
        ^~~
        VITIS_LOOP_199_4: 
/home/hep/lr1424/hls4ml-tutorial_OPENML/model_2.1/hls4ml_prj_prune_60/myproject_prj/solution1/.autopilot/db/myproject.pp.0.cpp:57438:9: note: FIX-IT applied suggested code changes
/home/hep/lr1424/hls4ml-tutorial_OPENML/model_2.1/hls4ml_prj_prune_60/myproject_prj/solution1/.autopilot/db/myproject.pp.0.cpp:57652:9: warning: Added loop label VITIS_LOOP_213_1:   [xilinx-label-all-loops]
        for (unsigned j = 0; j < data_T::size; j++) {
        ^~~
        VITIS_LOOP_213_1: 
/home/hep/lr1424/hls4ml-tutorial_OPENML/model_2.1/hls4ml_prj_prune_60/myproject_prj/solution1/.autopilot/db/myproject.pp.0.cpp:57652:9: note: FIX-IT applied suggested code changes
/home/hep/lr1424/hls4ml-tutorial_OPENML/model_2.1/hls4ml_prj_prune_60/myproject_prj/solution1/.autopilot/db/myproject.pp.0.cpp:57661:9: warning: Added loop label VITIS_LOOP_222_2:   [xilinx-label-all-loops]
        for (unsigned j = 0; j < data_T::size; j++) {
        ^~~
        VITIS_LOOP_222_2: 
/home/hep/lr1424/hls4ml-tutorial_OPENML/model_2.1/hls4ml_prj_prune_60/myproject_prj/solution1/.autopilot/db/myproject.pp.0.cpp:57661:9: note: FIX-IT applied suggested code changes
/home/hep/lr1424/hls4ml-tutorial_OPENML/model_2.1/hls4ml_prj_prune_60/myproject_prj/solution1/.autopilot/db/myproject.pp.0.cpp:57767:5: warning: Added loop label VITIS_LOOP_328_1:   [xilinx-label-all-loops]
    for (int i = 0; i < CONFIG_T::n_in / res_T::size; i++) {
    ^~~
    VITIS_LOOP_328_1: 
/home/hep/lr1424/hls4ml-tutorial_OPENML/model_2.1/hls4ml_prj_prune_60/myproject_prj/solution1/.autopilot/db/myproject.pp.0.cpp:57767:5: note: FIX-IT applied suggested code changes
/home/hep/lr1424/hls4ml-tutorial_OPENML/model_2.1/hls4ml_prj_prune_60/myproject_prj/solution1/.autopilot/db/myproject.pp.0.cpp:57772:9: warning: Added loop label VITIS_LOOP_333_2:   [xilinx-label-all-loops]
        for (int i = 0; i < res_T::size; i++) {
        ^~~
        VITIS_LOOP_333_2: 
/home/hep/lr1424/hls4ml-tutorial_OPENML/model_2.1/hls4ml_prj_prune_60/myproject_prj/solution1/.autopilot/db/myproject.pp.0.cpp:57772:9: note: FIX-IT applied suggested code changes
/home/hep/lr1424/hls4ml-tutorial_OPENML/model_2.1/hls4ml_prj_prune_60/myproject_prj/solution1/.autopilot/db/myproject.pp.0.cpp:57780:9: warning: Added loop label VITIS_LOOP_341_3:   [xilinx-label-all-loops]
        for (int i = 1; i < res_T::size; i++) {
        ^~~
        VITIS_LOOP_341_3: 
/home/hep/lr1424/hls4ml-tutorial_OPENML/model_2.1/hls4ml_prj_prune_60/myproject_prj/solution1/.autopilot/db/myproject.pp.0.cpp:57780:9: note: FIX-IT applied suggested code changes
/home/hep/lr1424/hls4ml-tutorial_OPENML/model_2.1/hls4ml_prj_prune_60/myproject_prj/solution1/.autopilot/db/myproject.pp.0.cpp:58379:9: error: Resource with core_name: ROM_nP_BRAM pragma is ignored, because this core doesn't exist at all  [clang-diagnostic-error]
#pragma HLS RESOURCE variable=weights core=ROM_nP_BRAM
        ^
/home/hep/lr1424/hls4ml-tutorial_OPENML/model_2.1/hls4ml_prj_prune_60/myproject_prj/solution1/.autopilot/db/myproject.pp.0.cpp:58453:9: error: Resource with core_name: ROM_nP_BRAM pragma is ignored, because this core doesn't exist at all  [clang-diagnostic-error]
#pragma HLS RESOURCE variable=weights core=ROM_nP_BRAM
        ^
/home/hep/lr1424/hls4ml-tutorial_OPENML/model_2.1/hls4ml_prj_prune_60/myproject_prj/solution1/.autopilot/db/myproject.pp.0.cpp:58535:9: error: Resource with core_name: ROM_nP_BRAM pragma is ignored, because this core doesn't exist at all  [clang-diagnostic-error]
#pragma HLS RESOURCE variable=weights core=ROM_nP_BRAM
        ^
/home/hep/lr1424/hls4ml-tutorial_OPENML/model_2.1/hls4ml_prj_prune_60/myproject_prj/solution1/.autopilot/db/myproject.pp.0.cpp:58708:5: warning: Added loop label VITIS_LOOP_14_1:   [xilinx-label-all-loops]
    for (unsigned k = 0; k < CONFIG_T::n_out; k++) {
    ^~~
    VITIS_LOOP_14_1: 
/home/hep/lr1424/hls4ml-tutorial_OPENML/model_2.1/hls4ml_prj_prune_60/myproject_prj/solution1/.autopilot/db/myproject.pp.0.cpp:58708:5: note: FIX-IT applied suggested code changes
/home/hep/lr1424/hls4ml-tutorial_OPENML/model_2.1/hls4ml_prj_prune_60/myproject_prj/solution1/.autopilot/db/myproject.pp.0.cpp:58768:9: warning: Added loop label VITIS_LOOP_74_1:   [xilinx-label-all-loops]
        for (int im = 0; im < CONFIG_T::n_out; im++) {
        ^~~
        VITIS_LOOP_74_1: 
/home/hep/lr1424/hls4ml-tutorial_OPENML/model_2.1/hls4ml_prj_prune_60/myproject_prj/solution1/.autopilot/db/myproject.pp.0.cpp:58768:9: note: FIX-IT applied suggested code changes
