

================================================================
== Vitis HLS Report for 'dense_latency_ap_ufixed_9_7_5_3_0_ap_fixed_13_11_5_3_0_config13_s'
================================================================
* Date:           Wed Feb 26 01:35:06 2025

* Version:        2024.1 (Build 5069499 on May 21 2024)
* Project:        myproject_prj
* Solution:       solution1 (Vivado IP Flow Target)
* Product family: virtexuplusHBM
* Target device:  xcu50-fsvh2104-2-e


================================================================
== Performance Estimates
================================================================
+ Timing: 
    * Summary: 
    +--------+---------+----------+------------+
    |  Clock |  Target | Estimated| Uncertainty|
    +--------+---------+----------+------------+
    |ap_clk  |  5.00 ns|  3.090 ns|     1.35 ns|
    +--------+---------+----------+------------+

+ Latency: 
    * Summary: 
    +---------+---------+----------+----------+-----+-----+---------+
    |  Latency (cycles) |  Latency (absolute) |  Interval | Pipeline|
    |   min   |   max   |    min   |    max   | min | max |   Type  |
    +---------+---------+----------+----------+-----+-----+---------+
    |        1|        1|  5.000 ns|  5.000 ns|    1|    1|      yes|
    +---------+---------+----------+----------+-----+-----+---------+

    + Detail: 
        * Instance: 
        N/A

        * Loop: 
        N/A



================================================================
== Utilization Estimates
================================================================
* Summary: 
+---------------------+---------+------+---------+--------+-----+
|         Name        | BRAM_18K|  DSP |    FF   |   LUT  | URAM|
+---------------------+---------+------+---------+--------+-----+
|DSP                  |        -|     -|        -|       -|    -|
|Expression           |        -|     -|        0|    2041|    -|
|FIFO                 |        -|     -|        -|       -|    -|
|Instance             |        -|     0|        0|      80|    -|
|Memory               |        -|     -|        -|       -|    -|
|Multiplexer          |        -|     -|        -|       -|    -|
|Register             |        -|     -|      101|       -|    -|
+---------------------+---------+------+---------+--------+-----+
|Total                |        0|     0|      101|    2121|    0|
+---------------------+---------+------+---------+--------+-----+
|Available SLR        |     1344|  2976|   871680|  435840|  320|
+---------------------+---------+------+---------+--------+-----+
|Utilization SLR (%)  |        0|     0|       ~0|      ~0|    0|
+---------------------+---------+------+---------+--------+-----+
|Available            |     2688|  5952|  1743360|  871680|  640|
+---------------------+---------+------+---------+--------+-----+
|Utilization (%)      |        0|     0|       ~0|      ~0|    0|
+---------------------+---------+------+---------+--------+-----+

+ Detail: 
    * Instance: 
    +------------------------+--------------------+---------+----+---+----+-----+
    |        Instance        |       Module       | BRAM_18K| DSP| FF| LUT| URAM|
    +------------------------+--------------------+---------+----+---+----+-----+
    |mul_7ns_8s_15_1_1_U72   |mul_7ns_8s_15_1_1   |        0|   0|  0|  40|    0|
    |mul_8ns_6ns_13_1_1_U73  |mul_8ns_6ns_13_1_1  |        0|   0|  0|  40|    0|
    +------------------------+--------------------+---------+----+---+----+-----+
    |Total                   |                    |        0|   0|  0|  80|    0|
    +------------------------+--------------------+---------+----+---+----+-----+

    * DSP: 
    N/A

    * Memory: 
    N/A

    * FIFO: 
    N/A

    * Expression: 
    +------------------------+----------+----+---+----+------------+------------+
    |      Variable Name     | Operation| DSP| FF| LUT| Bitwidth P0| Bitwidth P1|
    +------------------------+----------+----+---+----+------------+------------+
    |add_ln58_10_fu_1861_p2  |         +|   0|  0|  19|          19|          19|
    |add_ln58_11_fu_1867_p2  |         +|   0|  0|  19|          19|          19|
    |add_ln58_12_fu_1873_p2  |         +|   0|  0|  21|          14|          14|
    |add_ln58_13_fu_1883_p2  |         +|   0|  0|  20|          13|          13|
    |add_ln58_14_fu_1893_p2  |         +|   0|  0|  16|          16|          16|
    |add_ln58_15_fu_1899_p2  |         +|   0|  0|  16|          16|          16|
    |add_ln58_16_fu_1909_p2  |         +|   0|  0|  22|          15|          15|
    |add_ln58_17_fu_1929_p2  |         +|   0|  0|  22|          15|          15|
    |add_ln58_18_fu_1939_p2  |         +|   0|  0|  23|          16|          16|
    |add_ln58_19_fu_1949_p2  |         +|   0|  0|  24|          17|          17|
    |add_ln58_1_fu_1753_p2   |         +|   0|  0|  16|          16|          16|
    |add_ln58_20_fu_1991_p2  |         +|   0|  0|  16|          15|          15|
    |add_ln58_21_fu_2001_p2  |         +|   0|  0|  16|          14|          14|
    |add_ln58_22_fu_2011_p2  |         +|   0|  0|  16|          16|          16|
    |add_ln58_23_fu_2017_p2  |         +|   0|  0|  16|          14|          14|
    |add_ln58_24_fu_2023_p2  |         +|   0|  0|  19|          12|          11|
    |add_ln58_25_fu_2033_p2  |         +|   0|  0|  17|          13|          13|
    |add_ln58_26_fu_2043_p2  |         +|   0|  0|  16|          14|          14|
    |add_ln58_27_fu_2053_p2  |         +|   0|  0|  16|          16|          16|
    |add_ln58_28_fu_2089_p2  |         +|   0|  0|  16|          16|          16|
    |add_ln58_29_fu_2095_p2  |         +|   0|  0|  17|          13|          13|
    |add_ln58_2_fu_1759_p2   |         +|   0|  0|  19|          12|          12|
    |add_ln58_30_fu_2105_p2  |         +|   0|  0|  16|          16|          16|
    |add_ln58_31_fu_2115_p2  |         +|   0|  0|  16|          16|          16|
    |add_ln58_32_fu_2121_p2  |         +|   0|  0|  17|          13|          11|
    |add_ln58_33_fu_2127_p2  |         +|   0|  0|  17|          13|          13|
    |add_ln58_34_fu_2137_p2  |         +|   0|  0|  16|          16|          16|
    |add_ln58_35_fu_2147_p2  |         +|   0|  0|  24|          17|          17|
    |add_ln58_36_fu_2171_p2  |         +|   0|  0|  21|          14|          14|
    |add_ln58_37_fu_2181_p2  |         +|   0|  0|  17|          17|          17|
    |add_ln58_38_fu_2187_p2  |         +|   0|  0|  17|          17|          17|
    |add_ln58_39_fu_2213_p2  |         +|   0|  0|  19|          19|          19|
    |add_ln58_3_fu_1769_p2   |         +|   0|  0|  17|          13|          10|
    |add_ln58_40_fu_2219_p2  |         +|   0|  0|  19|          19|          19|
    |add_ln58_41_fu_2225_p2  |         +|   0|  0|  16|          15|          15|
    |add_ln58_42_fu_2235_p2  |         +|   0|  0|  17|          13|          13|
    |add_ln58_43_fu_2245_p2  |         +|   0|  0|  24|          17|          17|
    |add_ln58_44_fu_2251_p2  |         +|   0|  0|  17|          17|          17|
    |add_ln58_45_fu_2257_p2  |         +|   0|  0|  20|          13|          13|
    |add_ln58_46_fu_2267_p2  |         +|   0|  0|  17|          11|          10|
    |add_ln58_47_fu_2277_p2  |         +|   0|  0|  20|          13|          13|
    |add_ln58_48_fu_2287_p2  |         +|   0|  0|  21|          14|          14|
    |add_ln58_49_fu_2297_p2  |         +|   0|  0|  17|          17|          17|
    |add_ln58_4_fu_1775_p2   |         +|   0|  0|  17|          13|          13|
    |add_ln58_50_fu_2337_p2  |         +|   0|  0|  16|          14|          14|
    |add_ln58_51_fu_2347_p2  |         +|   0|  0|  22|          15|          15|
    |add_ln58_52_fu_2357_p2  |         +|   0|  0|  22|          15|          15|
    |add_ln58_53_fu_2401_p2  |         +|   0|  0|  19|          19|          19|
    |add_ln58_54_fu_2407_p2  |         +|   0|  0|  19|          19|          19|
    |add_ln58_5_fu_1785_p2   |         +|   0|  0|  16|          16|          16|
    |add_ln58_6_fu_1813_p2   |         +|   0|  0|  21|          14|          14|
    |add_ln58_7_fu_1829_p2   |         +|   0|  0|  17|          17|          17|
    |add_ln58_8_fu_1845_p2   |         +|   0|  0|  17|          13|           9|
    |add_ln58_9_fu_1851_p2   |         +|   0|  0|  17|          13|          13|
    |add_ln58_fu_1743_p2     |         +|   0|  0|  21|          14|          14|
    |mult_18_fu_1218_p2      |         +|   0|  0|  17|          13|          13|
    |mult_23_fu_1307_p2      |         +|   0|  0|  19|          12|          12|
    |mult_27_fu_1410_p2      |         +|   0|  0|  21|          14|          14|
    |mult_40_fu_1636_p2      |         +|   0|  0|  19|          12|          12|
    |mult_4_fu_949_p2        |         +|   0|  0|  22|          15|          15|
    |mult_8_fu_1023_p2       |         +|   0|  0|  19|          12|          12|
    |tmp10_fu_2303_p2        |         +|   0|  0|  16|           9|           9|
    |tmp4_fu_1955_p2         |         +|   0|  0|  17|          10|          10|
    |tmp8_fu_2153_p2         |         +|   0|  0|  16|           9|           9|
    |tmp_fu_1725_p2          |         +|   0|  0|  16|           9|           9|
    |mult_10_fu_1061_p2      |         -|   0|  0|  22|          15|          15|
    |mult_11_fu_1082_p2      |         -|   0|  0|  22|           1|          15|
    |mult_12_fu_1114_p2      |         -|   0|  0|  20|          13|          13|
    |mult_13_fu_1128_p2      |         -|   0|  0|  21|           1|          14|
    |mult_14_fu_1142_p2      |         -|   0|  0|  23|           1|          16|
    |mult_16_fu_1173_p2      |         -|   0|  0|  19|          12|          12|
    |mult_17_fu_1204_p2      |         -|   0|  0|  16|          14|          14|
    |mult_19_fu_1228_p2      |         -|   0|  0|  18|           1|          11|
    |mult_1_fu_900_p2        |         -|   0|  0|  18|           1|          11|
    |mult_20_fu_1255_p2      |         -|   0|  0|  17|          13|          13|
    |mult_21_fu_1275_p2      |         -|   0|  0|  19|           1|          12|
    |mult_24_fu_1328_p2      |         -|   0|  0|  18|           1|          11|
    |mult_25_fu_1367_p2      |         -|   0|  0|  21|          14|          14|
    |mult_29_fu_1428_p2      |         -|   0|  0|  16|          14|          14|
    |mult_30_fu_1463_p2      |         -|   0|  0|  20|          13|          13|
    |mult_31_fu_1494_p2      |         -|   0|  0|  16|          14|          14|
    |mult_32_fu_1515_p2      |         -|   0|  0|  23|          16|          16|
    |mult_34_fu_1532_p2      |         -|   0|  0|  21|          14|          14|
    |mult_35_fu_1559_p2      |         -|   0|  0|  16|           1|           9|
    |mult_37_fu_1584_p2      |         -|   0|  0|  17|          13|          13|
    |mult_38_fu_1601_p2      |         -|   0|  0|  17|           1|          10|
    |mult_39_fu_1622_p2      |         -|   0|  0|  18|          11|          11|
    |mult_3_fu_943_p2        |         -|   0|  0|  16|          15|          15|
    |mult_41_fu_1650_p2      |         -|   0|  0|  20|          13|          13|
    |mult_42_fu_1677_p2      |         -|   0|  0|  19|          12|          12|
    |mult_43_fu_1698_p2      |         -|   0|  0|  19|           1|          12|
    |mult_6_fu_980_p2        |         -|   0|  0|  20|           1|          13|
    |mult_9_fu_1033_p2       |         -|   0|  0|  19|           1|          12|
    |mult_fu_886_p2          |         -|   0|  0|  19|          12|          12|
    |sub_ln17_fu_1719_p2     |         -|   0|  0|  17|          11|          11|
    |sub_ln58_1_fu_1839_p2   |         -|   0|  0|  26|          19|          19|
    |sub_ln58_2_fu_1919_p2   |         -|   0|  0|  19|           7|          12|
    |sub_ln58_3_fu_2197_p2   |         -|   0|  0|  26|          19|          19|
    |sub_ln58_4_fu_2203_p2   |         -|   0|  0|  25|          10|          18|
    |sub_ln58_5_fu_2327_p2   |         -|   0|  0|  21|          14|          14|
    |sub_ln58_fu_1823_p2     |         -|   0|  0|  17|          17|          17|
    |sub_ln73_10_fu_1484_p2  |         -|   0|  0|  16|           1|          14|
    |sub_ln73_3_fu_1249_p2   |         -|   0|  0|  20|           1|          13|
    |sub_ln73_fu_1187_p2     |         -|   0|  0|  21|           1|          14|
    |tmp11_fu_2321_p2        |         -|   0|  0|  25|           1|          18|
    |tmp3_fu_1803_p2         |         -|   0|  0|  24|           1|          17|
    |tmp5_fu_1985_p2         |         -|   0|  0|  16|          15|          15|
    |tmp7_fu_2083_p2         |         -|   0|  0|  23|          16|          16|
    |ap_enable_pp0           |       xor|   0|  0|   2|           1|           2|
    +------------------------+----------+----+---+----+------------+------------+
    |Total                   |          |   0|  0|2041|        1322|        1530|
    +------------------------+----------+----+---+----+------------+------------+

    * Multiplexer: 
    N/A

    * Register: 
    +---------------------------+----+----+-----+-----------+
    |            Name           | FF | LUT| Bits| Const Bits|
    +---------------------------+----+----+-----+-----------+
    |ap_CS_fsm                  |   1|   0|    1|          0|
    |ap_enable_reg_pp0_iter1    |   1|   0|    1|          0|
    |data_10_val_read_reg_2618  |   9|   0|    9|          0|
    |data_12_val_read_reg_2609  |   7|   0|    7|          0|
    |data_21_val_read_reg_2600  |   8|   0|    8|          0|
    |data_22_val_read_reg_2590  |   7|   0|    7|          0|
    |data_24_val_read_reg_2580  |   9|   0|    9|          0|
    |data_27_val_read_reg_2570  |   7|   0|    7|          0|
    |data_29_val_read_reg_2561  |   7|   0|    7|          0|
    |data_3_val_read_reg_2637   |   9|   0|    9|          0|
    |data_6_val_read_reg_2627   |   8|   0|    8|          0|
    |mult_36_reg_850            |  15|   0|   15|          0|
    |mult_5_reg_846             |  13|   0|   13|          0|
    +---------------------------+----+----+-----+-----------+
    |Total                      | 101|   0|  101|          0|
    +---------------------------+----+----+-----+-----------+



================================================================
== Interface
================================================================
* Summary: 
+-------------+-----+-----+------------+------------------------------------------------------------------------------+--------------+
|  RTL Ports  | Dir | Bits|  Protocol  |                                 Source Object                                |    C Type    |
+-------------+-----+-----+------------+------------------------------------------------------------------------------+--------------+
|ap_clk       |   in|    1|  ap_ctrl_hs|  dense_latency<ap_ufixed<9, 7, 5, 3, 0>, ap_fixed<13, 11, 5, 3, 0>, config13>|  return value|
|ap_rst       |   in|    1|  ap_ctrl_hs|  dense_latency<ap_ufixed<9, 7, 5, 3, 0>, ap_fixed<13, 11, 5, 3, 0>, config13>|  return value|
|ap_start     |   in|    1|  ap_ctrl_hs|  dense_latency<ap_ufixed<9, 7, 5, 3, 0>, ap_fixed<13, 11, 5, 3, 0>, config13>|  return value|
|ap_done      |  out|    1|  ap_ctrl_hs|  dense_latency<ap_ufixed<9, 7, 5, 3, 0>, ap_fixed<13, 11, 5, 3, 0>, config13>|  return value|
|ap_idle      |  out|    1|  ap_ctrl_hs|  dense_latency<ap_ufixed<9, 7, 5, 3, 0>, ap_fixed<13, 11, 5, 3, 0>, config13>|  return value|
|ap_ready     |  out|    1|  ap_ctrl_hs|  dense_latency<ap_ufixed<9, 7, 5, 3, 0>, ap_fixed<13, 11, 5, 3, 0>, config13>|  return value|
|ap_ce        |   in|    1|  ap_ctrl_hs|  dense_latency<ap_ufixed<9, 7, 5, 3, 0>, ap_fixed<13, 11, 5, 3, 0>, config13>|  return value|
|ap_return_0  |  out|   13|  ap_ctrl_hs|  dense_latency<ap_ufixed<9, 7, 5, 3, 0>, ap_fixed<13, 11, 5, 3, 0>, config13>|  return value|
|ap_return_1  |  out|   13|  ap_ctrl_hs|  dense_latency<ap_ufixed<9, 7, 5, 3, 0>, ap_fixed<13, 11, 5, 3, 0>, config13>|  return value|
|ap_return_2  |  out|   13|  ap_ctrl_hs|  dense_latency<ap_ufixed<9, 7, 5, 3, 0>, ap_fixed<13, 11, 5, 3, 0>, config13>|  return value|
|ap_return_3  |  out|   13|  ap_ctrl_hs|  dense_latency<ap_ufixed<9, 7, 5, 3, 0>, ap_fixed<13, 11, 5, 3, 0>, config13>|  return value|
|ap_return_4  |  out|   13|  ap_ctrl_hs|  dense_latency<ap_ufixed<9, 7, 5, 3, 0>, ap_fixed<13, 11, 5, 3, 0>, config13>|  return value|
|ap_return_5  |  out|   13|  ap_ctrl_hs|  dense_latency<ap_ufixed<9, 7, 5, 3, 0>, ap_fixed<13, 11, 5, 3, 0>, config13>|  return value|
|ap_return_6  |  out|   13|  ap_ctrl_hs|  dense_latency<ap_ufixed<9, 7, 5, 3, 0>, ap_fixed<13, 11, 5, 3, 0>, config13>|  return value|
|ap_return_7  |  out|   13|  ap_ctrl_hs|  dense_latency<ap_ufixed<9, 7, 5, 3, 0>, ap_fixed<13, 11, 5, 3, 0>, config13>|  return value|
|data_3_val   |   in|    9|     ap_none|                                                                    data_3_val|        scalar|
|data_6_val   |   in|    8|     ap_none|                                                                    data_6_val|        scalar|
|data_10_val  |   in|    9|     ap_none|                                                                   data_10_val|        scalar|
|data_12_val  |   in|    7|     ap_none|                                                                   data_12_val|        scalar|
|data_21_val  |   in|    8|     ap_none|                                                                   data_21_val|        scalar|
|data_22_val  |   in|    7|     ap_none|                                                                   data_22_val|        scalar|
|data_24_val  |   in|    9|     ap_none|                                                                   data_24_val|        scalar|
|data_27_val  |   in|    7|     ap_none|                                                                   data_27_val|        scalar|
|data_29_val  |   in|    7|     ap_none|                                                                   data_29_val|        scalar|
+-------------+-----+-----+------------+------------------------------------------------------------------------------+--------------+

