

================================================================
== Vitis HLS Report for 'dense_latency_ap_ufixed_8_6_5_3_0_ap_fixed_14_7_5_3_0_config18_s'
================================================================
* Date:           Wed Feb 26 01:35:06 2025

* Version:        2024.1 (Build 5069499 on May 21 2024)
* Project:        myproject_prj
* Solution:       solution1 (Vivado IP Flow Target)
* Product family: virtexuplusHBM
* Target device:  xcu50-fsvh2104-2-e


================================================================
== Performance Estimates
================================================================
+ Timing: 
    * Summary: 
    +--------+---------+----------+------------+
    |  Clock |  Target | Estimated| Uncertainty|
    +--------+---------+----------+------------+
    |ap_clk  |  5.00 ns|  2.991 ns|     1.35 ns|
    +--------+---------+----------+------------+

+ Latency: 
    * Summary: 
    +---------+---------+----------+----------+-----+-----+---------+
    |  Latency (cycles) |  Latency (absolute) |  Interval | Pipeline|
    |   min   |   max   |    min   |    max   | min | max |   Type  |
    +---------+---------+----------+----------+-----+-----+---------+
    |        0|        0|      0 ns|      0 ns|    1|    1|      yes|
    +---------+---------+----------+----------+-----+-----+---------+

    + Detail: 
        * Instance: 
        N/A

        * Loop: 
        N/A



================================================================
== Utilization Estimates
================================================================
* Summary: 
+---------------------+---------+------+---------+--------+-----+
|         Name        | BRAM_18K|  DSP |    FF   |   LUT  | URAM|
+---------------------+---------+------+---------+--------+-----+
|DSP                  |        -|     -|        -|       -|    -|
|Expression           |        -|     -|        0|    1099|    -|
|FIFO                 |        -|     -|        -|       -|    -|
|Instance             |        -|     -|        -|       -|    -|
|Memory               |        -|     -|        -|       -|    -|
|Multiplexer          |        -|     -|        -|       -|    -|
|Register             |        -|     -|        -|       -|    -|
+---------------------+---------+------+---------+--------+-----+
|Total                |        0|     0|        0|    1099|    0|
+---------------------+---------+------+---------+--------+-----+
|Available SLR        |     1344|  2976|   871680|  435840|  320|
+---------------------+---------+------+---------+--------+-----+
|Utilization SLR (%)  |        0|     0|        0|      ~0|    0|
+---------------------+---------+------+---------+--------+-----+
|Available            |     2688|  5952|  1743360|  871680|  640|
+---------------------+---------+------+---------+--------+-----+
|Utilization (%)      |        0|     0|        0|      ~0|    0|
+---------------------+---------+------+---------+--------+-----+

+ Detail: 
    * Instance: 
    N/A

    * DSP: 
    N/A

    * Memory: 
    N/A

    * FIFO: 
    N/A

    * Expression: 
    +------------------------+----------+----+---+----+------------+------------+
    |      Variable Name     | Operation| DSP| FF| LUT| Bitwidth P0| Bitwidth P1|
    +------------------------+----------+----+---+----+------------+------------+
    |add_ln58_55_fu_784_p2   |         +|   0|  0|  21|          14|          14|
    |add_ln58_56_fu_794_p2   |         +|   0|  0|  16|          14|          14|
    |add_ln58_57_fu_800_p2   |         +|   0|  0|  17|          12|          10|
    |add_ln58_58_fu_810_p2   |         +|   0|  0|  16|          14|          14|
    |add_ln58_59_fu_820_p2   |         +|   0|  0|  22|          15|          15|
    |add_ln58_60_fu_844_p2   |         +|   0|  0|  17|          13|          13|
    |add_ln58_61_fu_854_p2   |         +|   0|  0|  21|          14|          14|
    |add_ln58_62_fu_864_p2   |         +|   0|  0|  20|          13|          13|
    |add_ln58_63_fu_880_p2   |         +|   0|  0|  16|          14|          14|
    |add_ln58_64_fu_890_p2   |         +|   0|  0|  22|          15|          15|
    |add_ln58_65_fu_918_p2   |         +|   0|  0|  17|          13|          13|
    |add_ln58_66_fu_928_p2   |         +|   0|  0|  19|          12|          12|
    |add_ln58_67_fu_938_p2   |         +|   0|  0|  21|          14|          14|
    |add_ln58_68_fu_948_p2   |         +|   0|  0|  17|          13|          13|
    |add_ln58_69_fu_958_p2   |         +|   0|  0|  20|          13|          10|
    |add_ln58_70_fu_968_p2   |         +|   0|  0|  21|          14|          14|
    |add_ln58_71_fu_978_p2   |         +|   0|  0|  22|          15|          15|
    |add_ln58_72_fu_1032_p2  |         +|   0|  0|  16|          14|          14|
    |add_ln58_73_fu_1038_p2  |         +|   0|  0|  16|          14|          14|
    |add_ln58_74_fu_1048_p2  |         +|   0|  0|  22|          15|          15|
    |add_ln58_75_fu_1058_p2  |         +|   0|  0|  16|          14|          14|
    |add_ln58_76_fu_1074_p2  |         +|   0|  0|  16|          16|          16|
    |add_ln58_77_fu_1080_p2  |         +|   0|  0|  16|          16|          16|
    |add_ln58_78_fu_1122_p2  |         +|   0|  0|  16|          14|          14|
    |add_ln58_79_fu_1128_p2  |         +|   0|  0|  17|          10|          10|
    |add_ln58_80_fu_1138_p2  |         +|   0|  0|  16|          14|          14|
    |add_ln58_81_fu_1158_p2  |         +|   0|  0|  16|          16|          10|
    |add_ln58_82_fu_1164_p2  |         +|   0|  0|  16|          16|          16|
    |add_ln58_83_fu_1170_p2  |         +|   0|  0|  16|          16|          16|
    |add_ln58_fu_774_p2      |         +|   0|  0|  17|          13|          13|
    |add_ln73_1_fu_464_p2    |         +|   0|  0|  18|          11|          11|
    |add_ln73_2_fu_588_p2    |         +|   0|  0|  19|          12|          12|
    |add_ln73_3_fu_610_p2    |         +|   0|  0|  19|          12|          12|
    |add_ln73_fu_188_p2      |         +|   0|  0|  20|          13|          13|
    |tmp12_fu_1086_p2        |         +|   0|  0|  15|           8|           8|
    |tmp13_fu_1116_p2        |         +|   0|  0|  16|          14|          14|
    |tmp2_fu_826_p2          |         +|   0|  0|  16|           9|           9|
    |tmp7_fu_984_p2          |         +|   0|  0|  16|           9|           9|
    |sub_ln58_6_fu_1068_p2   |         -|   0|  0|  23|           9|          16|
    |sub_ln58_7_fu_1148_p2   |         -|   0|  0|  16|          14|          14|
    |sub_ln58_fu_874_p2      |         -|   0|  0|  16|           5|          14|
    |sub_ln73_21_fu_232_p2   |         -|   0|  0|  16|           1|          14|
    |sub_ln73_22_fu_242_p2   |         -|   0|  0|  16|          14|          14|
    |sub_ln73_23_fu_260_p2   |         -|   0|  0|  21|          14|          14|
    |sub_ln73_24_fu_286_p2   |         -|   0|  0|  17|           1|          10|
    |sub_ln73_25_fu_308_p2   |         -|   0|  0|  17|          13|          13|
    |sub_ln73_26_fu_342_p2   |         -|   0|  0|  17|          13|          13|
    |sub_ln73_27_fu_360_p2   |         -|   0|  0|  20|           1|          13|
    |sub_ln73_28_fu_378_p2   |         -|   0|  0|  17|          13|          13|
    |sub_ln73_29_fu_396_p2   |         -|   0|  0|  17|          10|          10|
    |sub_ln73_30_fu_422_p2   |         -|   0|  0|  18|          11|          11|
    |sub_ln73_31_fu_478_p2   |         -|   0|  0|  16|           1|           9|
    |sub_ln73_32_fu_516_p2   |         -|   0|  0|  17|          13|          13|
    |sub_ln73_33_fu_578_p2   |         -|   0|  0|  19|          12|          12|
    |sub_ln73_34_fu_644_p2   |         -|   0|  0|  17|          12|          12|
    |sub_ln73_35_fu_674_p2   |         -|   0|  0|  16|          14|          14|
    |sub_ln73_36_fu_732_p2   |         -|   0|  0|  16|          16|          16|
    |sub_ln73_fu_218_p2      |         -|   0|  0|  20|          13|          13|
    |tmp10_fu_1002_p2        |         -|   0|  0|  15|           8|           8|
    |tmp1_fu_768_p2          |         -|   0|  0|  21|          14|          14|
    |tmp55_fu_900_p2         |         -|   0|  0|  16|           9|           9|
    |tmp_fu_738_p2           |         -|   0|  0|  15|           8|           8|
    +------------------------+----------+----+---+----+------------+------------+
    |Total                   |          |   0|  0|1099|         747|         794|
    +------------------------+----------+----+---+----+------------+------------+

    * Multiplexer: 
    N/A

    * Register: 
    N/A



================================================================
== Interface
================================================================
* Summary: 
+-------------+-----+-----+------------+-----------------------------------------------------------------------------+--------------+
|  RTL Ports  | Dir | Bits|  Protocol  |                                Source Object                                |    C Type    |
+-------------+-----+-----+------------+-----------------------------------------------------------------------------+--------------+
|ap_ready     |  out|    1|  ap_ctrl_hs|  dense_latency<ap_ufixed<8, 6, 5, 3, 0>, ap_fixed<14, 7, 5, 3, 0>, config18>|  return value|
|ap_return_0  |  out|   14|  ap_ctrl_hs|  dense_latency<ap_ufixed<8, 6, 5, 3, 0>, ap_fixed<14, 7, 5, 3, 0>, config18>|  return value|
|ap_return_1  |  out|   14|  ap_ctrl_hs|  dense_latency<ap_ufixed<8, 6, 5, 3, 0>, ap_fixed<14, 7, 5, 3, 0>, config18>|  return value|
|ap_return_2  |  out|   14|  ap_ctrl_hs|  dense_latency<ap_ufixed<8, 6, 5, 3, 0>, ap_fixed<14, 7, 5, 3, 0>, config18>|  return value|
|ap_return_3  |  out|   14|  ap_ctrl_hs|  dense_latency<ap_ufixed<8, 6, 5, 3, 0>, ap_fixed<14, 7, 5, 3, 0>, config18>|  return value|
|ap_return_4  |  out|   14|  ap_ctrl_hs|  dense_latency<ap_ufixed<8, 6, 5, 3, 0>, ap_fixed<14, 7, 5, 3, 0>, config18>|  return value|
|ap_rst       |   in|    1|  ap_ctrl_hs|  dense_latency<ap_ufixed<8, 6, 5, 3, 0>, ap_fixed<14, 7, 5, 3, 0>, config18>|  return value|
|data_0_val   |   in|    8|     ap_none|                                                                   data_0_val|        scalar|
|data_2_val   |   in|    7|     ap_none|                                                                   data_2_val|        scalar|
|data_4_val   |   in|    6|     ap_none|                                                                   data_4_val|        scalar|
|data_8_val   |   in|    7|     ap_none|                                                                   data_8_val|        scalar|
|data_12_val  |   in|    6|     ap_none|                                                                  data_12_val|        scalar|
|data_21_val  |   in|    6|     ap_none|                                                                  data_21_val|        scalar|
|data_24_val  |   in|    8|     ap_none|                                                                  data_24_val|        scalar|
|data_30_val  |   in|    8|     ap_none|                                                                  data_30_val|        scalar|
+-------------+-----+-----+------------+-----------------------------------------------------------------------------+--------------+

