

================================================================
== Vitis HLS Report for 'relu_ap_fixed_13_8_5_3_0_ap_ufixed_12_7_5_3_0_ReLU_config6_s'
================================================================
* Date:           Wed Feb 26 01:35:05 2025

* Version:        2024.1 (Build 5069499 on May 21 2024)
* Project:        myproject_prj
* Solution:       solution1 (Vivado IP Flow Target)
* Product family: virtexuplusHBM
* Target device:  xcu50-fsvh2104-2-e


================================================================
== Performance Estimates
================================================================
+ Timing: 
    * Summary: 
    +--------+---------+----------+------------+
    |  Clock |  Target | Estimated| Uncertainty|
    +--------+---------+----------+------------+
    |ap_clk  |  5.00 ns|  1.054 ns|     1.35 ns|
    +--------+---------+----------+------------+

+ Latency: 
    * Summary: 
    +---------+---------+----------+----------+-----+-----+---------+
    |  Latency (cycles) |  Latency (absolute) |  Interval | Pipeline|
    |   min   |   max   |    min   |    max   | min | max |   Type  |
    +---------+---------+----------+----------+-----+-----+---------+
    |        0|        0|      0 ns|      0 ns|    1|    1|      yes|
    +---------+---------+----------+----------+-----+-----+---------+

    + Detail: 
        * Instance: 
        N/A

        * Loop: 
        N/A



================================================================
== Utilization Estimates
================================================================
* Summary: 
+---------------------+---------+------+---------+--------+-----+
|         Name        | BRAM_18K|  DSP |    FF   |   LUT  | URAM|
+---------------------+---------+------+---------+--------+-----+
|DSP                  |        -|     -|        -|       -|    -|
|Expression           |        -|     -|        0|     608|    -|
|FIFO                 |        -|     -|        -|       -|    -|
|Instance             |        -|     -|        -|       -|    -|
|Memory               |        -|     -|        -|       -|    -|
|Multiplexer          |        -|     -|        -|       -|    -|
|Register             |        -|     -|        -|       -|    -|
+---------------------+---------+------+---------+--------+-----+
|Total                |        0|     0|        0|     608|    0|
+---------------------+---------+------+---------+--------+-----+
|Available SLR        |     1344|  2976|   871680|  435840|  320|
+---------------------+---------+------+---------+--------+-----+
|Utilization SLR (%)  |        0|     0|        0|      ~0|    0|
+---------------------+---------+------+---------+--------+-----+
|Available            |     2688|  5952|  1743360|  871680|  640|
+---------------------+---------+------+---------+--------+-----+
|Utilization (%)      |        0|     0|        0|      ~0|    0|
+---------------------+---------+------+---------+--------+-----+

+ Detail: 
    * Instance: 
    N/A

    * DSP: 
    N/A

    * Memory: 
    N/A

    * FIFO: 
    N/A

    * Expression: 
    +--------------------------+----------+----+---+----+------------+------------+
    |       Variable Name      | Operation| DSP| FF| LUT| Bitwidth P0| Bitwidth P1|
    +--------------------------+----------+----+---+----+------------+------------+
    |icmp_ln45_10_fu_348_p2    |      icmp|   0|  0|  20|          13|           1|
    |icmp_ln45_11_fu_366_p2    |      icmp|   0|  0|  20|          13|           1|
    |icmp_ln45_12_fu_384_p2    |      icmp|   0|  0|  20|          13|           1|
    |icmp_ln45_13_fu_402_p2    |      icmp|   0|  0|  20|          13|           1|
    |icmp_ln45_14_fu_420_p2    |      icmp|   0|  0|  20|          13|           1|
    |icmp_ln45_15_fu_438_p2    |      icmp|   0|  0|  20|          13|           1|
    |icmp_ln45_16_fu_456_p2    |      icmp|   0|  0|  20|          13|           1|
    |icmp_ln45_17_fu_474_p2    |      icmp|   0|  0|  20|          13|           1|
    |icmp_ln45_18_fu_492_p2    |      icmp|   0|  0|  20|          13|           1|
    |icmp_ln45_1_fu_186_p2     |      icmp|   0|  0|  20|          13|           1|
    |icmp_ln45_2_fu_204_p2     |      icmp|   0|  0|  20|          13|           1|
    |icmp_ln45_3_fu_222_p2     |      icmp|   0|  0|  20|          13|           1|
    |icmp_ln45_4_fu_240_p2     |      icmp|   0|  0|  20|          13|           1|
    |icmp_ln45_5_fu_258_p2     |      icmp|   0|  0|  20|          13|           1|
    |icmp_ln45_6_fu_276_p2     |      icmp|   0|  0|  20|          13|           1|
    |icmp_ln45_7_fu_294_p2     |      icmp|   0|  0|  20|          13|           1|
    |icmp_ln45_8_fu_312_p2     |      icmp|   0|  0|  20|          13|           1|
    |icmp_ln45_9_fu_330_p2     |      icmp|   0|  0|  20|          13|           1|
    |icmp_ln45_fu_168_p2       |      icmp|   0|  0|  20|          13|           1|
    |select_ln45_10_fu_358_p3  |    select|   0|  0|  12|           1|          12|
    |select_ln45_11_fu_376_p3  |    select|   0|  0|  12|           1|          12|
    |select_ln45_12_fu_394_p3  |    select|   0|  0|  12|           1|          12|
    |select_ln45_13_fu_412_p3  |    select|   0|  0|  12|           1|          12|
    |select_ln45_14_fu_430_p3  |    select|   0|  0|  12|           1|          12|
    |select_ln45_15_fu_448_p3  |    select|   0|  0|  12|           1|          12|
    |select_ln45_16_fu_466_p3  |    select|   0|  0|  12|           1|          12|
    |select_ln45_17_fu_484_p3  |    select|   0|  0|  12|           1|          12|
    |select_ln45_18_fu_502_p3  |    select|   0|  0|  12|           1|          12|
    |select_ln45_1_fu_196_p3   |    select|   0|  0|  12|           1|          12|
    |select_ln45_2_fu_214_p3   |    select|   0|  0|  12|           1|          12|
    |select_ln45_3_fu_232_p3   |    select|   0|  0|  12|           1|          12|
    |select_ln45_4_fu_250_p3   |    select|   0|  0|  12|           1|          12|
    |select_ln45_5_fu_268_p3   |    select|   0|  0|  12|           1|          12|
    |select_ln45_6_fu_286_p3   |    select|   0|  0|  12|           1|          12|
    |select_ln45_7_fu_304_p3   |    select|   0|  0|  12|           1|          12|
    |select_ln45_8_fu_322_p3   |    select|   0|  0|  12|           1|          12|
    |select_ln45_9_fu_340_p3   |    select|   0|  0|  12|           1|          12|
    |select_ln45_fu_178_p3     |    select|   0|  0|  12|           1|          12|
    +--------------------------+----------+----+---+----+------------+------------+
    |Total                     |          |   0|  0| 608|         266|         247|
    +--------------------------+----------+----+---+----+------------+------------+

    * Multiplexer: 
    N/A

    * Register: 
    N/A



================================================================
== Interface
================================================================
* Summary: 
+--------------+-----+-----+------------+-------------------------------------------------------------------------+--------------+
|   RTL Ports  | Dir | Bits|  Protocol  |                              Source Object                              |    C Type    |
+--------------+-----+-----+------------+-------------------------------------------------------------------------+--------------+
|ap_ready      |  out|    1|  ap_ctrl_hs|  relu<ap_fixed<13, 8, 5, 3, 0>, ap_ufixed<12, 7, 5, 3, 0>, ReLU_config6>|  return value|
|ap_return_0   |  out|   12|  ap_ctrl_hs|  relu<ap_fixed<13, 8, 5, 3, 0>, ap_ufixed<12, 7, 5, 3, 0>, ReLU_config6>|  return value|
|ap_return_1   |  out|   12|  ap_ctrl_hs|  relu<ap_fixed<13, 8, 5, 3, 0>, ap_ufixed<12, 7, 5, 3, 0>, ReLU_config6>|  return value|
|ap_return_2   |  out|   12|  ap_ctrl_hs|  relu<ap_fixed<13, 8, 5, 3, 0>, ap_ufixed<12, 7, 5, 3, 0>, ReLU_config6>|  return value|
|ap_return_3   |  out|   12|  ap_ctrl_hs|  relu<ap_fixed<13, 8, 5, 3, 0>, ap_ufixed<12, 7, 5, 3, 0>, ReLU_config6>|  return value|
|ap_return_4   |  out|   12|  ap_ctrl_hs|  relu<ap_fixed<13, 8, 5, 3, 0>, ap_ufixed<12, 7, 5, 3, 0>, ReLU_config6>|  return value|
|ap_return_5   |  out|   12|  ap_ctrl_hs|  relu<ap_fixed<13, 8, 5, 3, 0>, ap_ufixed<12, 7, 5, 3, 0>, ReLU_config6>|  return value|
|ap_return_6   |  out|   12|  ap_ctrl_hs|  relu<ap_fixed<13, 8, 5, 3, 0>, ap_ufixed<12, 7, 5, 3, 0>, ReLU_config6>|  return value|
|ap_return_7   |  out|   12|  ap_ctrl_hs|  relu<ap_fixed<13, 8, 5, 3, 0>, ap_ufixed<12, 7, 5, 3, 0>, ReLU_config6>|  return value|
|ap_return_8   |  out|   12|  ap_ctrl_hs|  relu<ap_fixed<13, 8, 5, 3, 0>, ap_ufixed<12, 7, 5, 3, 0>, ReLU_config6>|  return value|
|ap_return_9   |  out|   12|  ap_ctrl_hs|  relu<ap_fixed<13, 8, 5, 3, 0>, ap_ufixed<12, 7, 5, 3, 0>, ReLU_config6>|  return value|
|ap_return_10  |  out|   12|  ap_ctrl_hs|  relu<ap_fixed<13, 8, 5, 3, 0>, ap_ufixed<12, 7, 5, 3, 0>, ReLU_config6>|  return value|
|ap_return_11  |  out|   12|  ap_ctrl_hs|  relu<ap_fixed<13, 8, 5, 3, 0>, ap_ufixed<12, 7, 5, 3, 0>, ReLU_config6>|  return value|
|ap_return_12  |  out|   12|  ap_ctrl_hs|  relu<ap_fixed<13, 8, 5, 3, 0>, ap_ufixed<12, 7, 5, 3, 0>, ReLU_config6>|  return value|
|ap_return_13  |  out|   12|  ap_ctrl_hs|  relu<ap_fixed<13, 8, 5, 3, 0>, ap_ufixed<12, 7, 5, 3, 0>, ReLU_config6>|  return value|
|ap_return_14  |  out|   12|  ap_ctrl_hs|  relu<ap_fixed<13, 8, 5, 3, 0>, ap_ufixed<12, 7, 5, 3, 0>, ReLU_config6>|  return value|
|ap_return_15  |  out|   12|  ap_ctrl_hs|  relu<ap_fixed<13, 8, 5, 3, 0>, ap_ufixed<12, 7, 5, 3, 0>, ReLU_config6>|  return value|
|ap_return_16  |  out|   12|  ap_ctrl_hs|  relu<ap_fixed<13, 8, 5, 3, 0>, ap_ufixed<12, 7, 5, 3, 0>, ReLU_config6>|  return value|
|ap_return_17  |  out|   12|  ap_ctrl_hs|  relu<ap_fixed<13, 8, 5, 3, 0>, ap_ufixed<12, 7, 5, 3, 0>, ReLU_config6>|  return value|
|ap_return_18  |  out|   12|  ap_ctrl_hs|  relu<ap_fixed<13, 8, 5, 3, 0>, ap_ufixed<12, 7, 5, 3, 0>, ReLU_config6>|  return value|
|ap_rst        |   in|    1|  ap_ctrl_hs|  relu<ap_fixed<13, 8, 5, 3, 0>, ap_ufixed<12, 7, 5, 3, 0>, ReLU_config6>|  return value|
|data_2_val    |   in|   13|     ap_none|                                                               data_2_val|        scalar|
|data_3_val    |   in|   13|     ap_none|                                                               data_3_val|        scalar|
|data_5_val    |   in|   13|     ap_none|                                                               data_5_val|        scalar|
|data_6_val    |   in|   13|     ap_none|                                                               data_6_val|        scalar|
|data_7_val    |   in|   13|     ap_none|                                                               data_7_val|        scalar|
|data_10_val   |   in|   13|     ap_none|                                                              data_10_val|        scalar|
|data_14_val   |   in|   13|     ap_none|                                                              data_14_val|        scalar|
|data_17_val   |   in|   13|     ap_none|                                                              data_17_val|        scalar|
|data_19_val   |   in|   13|     ap_none|                                                              data_19_val|        scalar|
|data_20_val   |   in|   13|     ap_none|                                                              data_20_val|        scalar|
|data_25_val   |   in|   13|     ap_none|                                                              data_25_val|        scalar|
|data_33_val   |   in|   13|     ap_none|                                                              data_33_val|        scalar|
|data_36_val   |   in|   13|     ap_none|                                                              data_36_val|        scalar|
|data_37_val   |   in|   13|     ap_none|                                                              data_37_val|        scalar|
|data_38_val   |   in|   13|     ap_none|                                                              data_38_val|        scalar|
|data_46_val   |   in|   13|     ap_none|                                                              data_46_val|        scalar|
|data_50_val   |   in|   13|     ap_none|                                                              data_50_val|        scalar|
|data_57_val   |   in|   13|     ap_none|                                                              data_57_val|        scalar|
|data_61_val   |   in|   13|     ap_none|                                                              data_61_val|        scalar|
+--------------+-----+-----+------------+-------------------------------------------------------------------------+--------------+

