

================================================================
== Vitis HLS Report for 'relu_ap_fixed_13_11_5_3_0_ap_ufixed_8_6_5_3_0_ReLU_config16_s'
================================================================
* Date:           Wed Feb 26 01:35:06 2025

* Version:        2024.1 (Build 5069499 on May 21 2024)
* Project:        myproject_prj
* Solution:       solution1 (Vivado IP Flow Target)
* Product family: virtexuplusHBM
* Target device:  xcu50-fsvh2104-2-e


================================================================
== Performance Estimates
================================================================
+ Timing: 
    * Summary: 
    +--------+---------+----------+------------+
    |  Clock |  Target | Estimated| Uncertainty|
    +--------+---------+----------+------------+
    |ap_clk  |  5.00 ns|  1.058 ns|     1.35 ns|
    +--------+---------+----------+------------+

+ Latency: 
    * Summary: 
    +---------+---------+----------+----------+-----+-----+---------+
    |  Latency (cycles) |  Latency (absolute) |  Interval | Pipeline|
    |   min   |   max   |    min   |    max   | min | max |   Type  |
    +---------+---------+----------+----------+-----+-----+---------+
    |        0|        0|      0 ns|      0 ns|    1|    1|      yes|
    +---------+---------+----------+----------+-----+-----+---------+

    + Detail: 
        * Instance: 
        N/A

        * Loop: 
        N/A



================================================================
== Utilization Estimates
================================================================
* Summary: 
+---------------------+---------+------+---------+--------+-----+
|         Name        | BRAM_18K|  DSP |    FF   |   LUT  | URAM|
+---------------------+---------+------+---------+--------+-----+
|DSP                  |        -|     -|        -|       -|    -|
|Expression           |        -|     -|        0|     224|    -|
|FIFO                 |        -|     -|        -|       -|    -|
|Instance             |        -|     -|        -|       -|    -|
|Memory               |        -|     -|        -|       -|    -|
|Multiplexer          |        -|     -|        -|       -|    -|
|Register             |        -|     -|        -|       -|    -|
+---------------------+---------+------+---------+--------+-----+
|Total                |        0|     0|        0|     224|    0|
+---------------------+---------+------+---------+--------+-----+
|Available SLR        |     1344|  2976|   871680|  435840|  320|
+---------------------+---------+------+---------+--------+-----+
|Utilization SLR (%)  |        0|     0|        0|      ~0|    0|
+---------------------+---------+------+---------+--------+-----+
|Available            |     2688|  5952|  1743360|  871680|  640|
+---------------------+---------+------+---------+--------+-----+
|Utilization (%)      |        0|     0|        0|      ~0|    0|
+---------------------+---------+------+---------+--------+-----+

+ Detail: 
    * Instance: 
    N/A

    * DSP: 
    N/A

    * Memory: 
    N/A

    * FIFO: 
    N/A

    * Expression: 
    +--------------------------+----------+----+---+----+------------+------------+
    |       Variable Name      | Operation| DSP| FF| LUT| Bitwidth P0| Bitwidth P1|
    +--------------------------+----------+----+---+----+------------+------------+
    |icmp_ln45_27_fu_98_p2     |      icmp|   0|  0|  20|          13|           1|
    |icmp_ln45_28_fu_116_p2    |      icmp|   0|  0|  20|          13|           1|
    |icmp_ln45_29_fu_134_p2    |      icmp|   0|  0|  20|          13|           1|
    |icmp_ln45_30_fu_152_p2    |      icmp|   0|  0|  20|          13|           1|
    |icmp_ln45_31_fu_170_p2    |      icmp|   0|  0|  20|          13|           1|
    |icmp_ln45_32_fu_188_p2    |      icmp|   0|  0|  20|          13|           1|
    |icmp_ln45_33_fu_206_p2    |      icmp|   0|  0|  20|          13|           1|
    |icmp_ln45_fu_80_p2        |      icmp|   0|  0|  20|          13|           1|
    |select_ln45_27_fu_108_p3  |    select|   0|  0|   8|           1|           8|
    |select_ln45_28_fu_126_p3  |    select|   0|  0|   8|           1|           8|
    |select_ln45_29_fu_144_p3  |    select|   0|  0|   8|           1|           8|
    |select_ln45_30_fu_162_p3  |    select|   0|  0|   8|           1|           8|
    |select_ln45_31_fu_180_p3  |    select|   0|  0|   8|           1|           8|
    |select_ln45_32_fu_198_p3  |    select|   0|  0|   8|           1|           8|
    |select_ln45_33_fu_216_p3  |    select|   0|  0|   8|           1|           8|
    |select_ln45_fu_90_p3      |    select|   0|  0|   8|           1|           8|
    +--------------------------+----------+----+---+----+------------+------------+
    |Total                     |          |   0|  0| 224|         112|          72|
    +--------------------------+----------+----+---+----+------------+------------+

    * Multiplexer: 
    N/A

    * Register: 
    N/A



================================================================
== Interface
================================================================
* Summary: 
+-------------+-----+-----+------------+--------------------------------------------------------------------------+--------------+
|  RTL Ports  | Dir | Bits|  Protocol  |                               Source Object                              |    C Type    |
+-------------+-----+-----+------------+--------------------------------------------------------------------------+--------------+
|ap_ready     |  out|    1|  ap_ctrl_hs|  relu<ap_fixed<13, 11, 5, 3, 0>, ap_ufixed<8, 6, 5, 3, 0>, ReLU_config16>|  return value|
|ap_return_0  |  out|    8|  ap_ctrl_hs|  relu<ap_fixed<13, 11, 5, 3, 0>, ap_ufixed<8, 6, 5, 3, 0>, ReLU_config16>|  return value|
|ap_return_1  |  out|    8|  ap_ctrl_hs|  relu<ap_fixed<13, 11, 5, 3, 0>, ap_ufixed<8, 6, 5, 3, 0>, ReLU_config16>|  return value|
|ap_return_2  |  out|    8|  ap_ctrl_hs|  relu<ap_fixed<13, 11, 5, 3, 0>, ap_ufixed<8, 6, 5, 3, 0>, ReLU_config16>|  return value|
|ap_return_3  |  out|    8|  ap_ctrl_hs|  relu<ap_fixed<13, 11, 5, 3, 0>, ap_ufixed<8, 6, 5, 3, 0>, ReLU_config16>|  return value|
|ap_return_4  |  out|    8|  ap_ctrl_hs|  relu<ap_fixed<13, 11, 5, 3, 0>, ap_ufixed<8, 6, 5, 3, 0>, ReLU_config16>|  return value|
|ap_return_5  |  out|    8|  ap_ctrl_hs|  relu<ap_fixed<13, 11, 5, 3, 0>, ap_ufixed<8, 6, 5, 3, 0>, ReLU_config16>|  return value|
|ap_return_6  |  out|    8|  ap_ctrl_hs|  relu<ap_fixed<13, 11, 5, 3, 0>, ap_ufixed<8, 6, 5, 3, 0>, ReLU_config16>|  return value|
|ap_return_7  |  out|    8|  ap_ctrl_hs|  relu<ap_fixed<13, 11, 5, 3, 0>, ap_ufixed<8, 6, 5, 3, 0>, ReLU_config16>|  return value|
|ap_rst       |   in|    1|  ap_ctrl_hs|  relu<ap_fixed<13, 11, 5, 3, 0>, ap_ufixed<8, 6, 5, 3, 0>, ReLU_config16>|  return value|
|data_0_val   |   in|   13|     ap_none|                                                                data_0_val|        scalar|
|data_2_val   |   in|   13|     ap_none|                                                                data_2_val|        scalar|
|data_4_val   |   in|   13|     ap_none|                                                                data_4_val|        scalar|
|data_8_val   |   in|   13|     ap_none|                                                                data_8_val|        scalar|
|data_12_val  |   in|   13|     ap_none|                                                               data_12_val|        scalar|
|data_21_val  |   in|   13|     ap_none|                                                               data_21_val|        scalar|
|data_24_val  |   in|   13|     ap_none|                                                               data_24_val|        scalar|
|data_30_val  |   in|   13|     ap_none|                                                               data_30_val|        scalar|
+-------------+-----+-----+------------+--------------------------------------------------------------------------+--------------+

