

================================================================
== Vitis HLS Report for 'relu_ap_fixed_13_11_5_3_0_ap_ufixed_9_7_5_3_0_ReLU_config11_s'
================================================================
* Date:           Wed Feb 26 01:35:06 2025

* Version:        2024.1 (Build 5069499 on May 21 2024)
* Project:        myproject_prj
* Solution:       solution1 (Vivado IP Flow Target)
* Product family: virtexuplusHBM
* Target device:  xcu50-fsvh2104-2-e


================================================================
== Performance Estimates
================================================================
+ Timing: 
    * Summary: 
    +--------+---------+----------+------------+
    |  Clock |  Target | Estimated| Uncertainty|
    +--------+---------+----------+------------+
    |ap_clk  |  5.00 ns|  1.058 ns|     1.35 ns|
    +--------+---------+----------+------------+

+ Latency: 
    * Summary: 
    +---------+---------+----------+----------+-----+-----+---------+
    |  Latency (cycles) |  Latency (absolute) |  Interval | Pipeline|
    |   min   |   max   |    min   |    max   | min | max |   Type  |
    +---------+---------+----------+----------+-----+-----+---------+
    |        0|        0|      0 ns|      0 ns|    1|    1|      yes|
    +---------+---------+----------+----------+-----+-----+---------+

    + Detail: 
        * Instance: 
        N/A

        * Loop: 
        N/A



================================================================
== Utilization Estimates
================================================================
* Summary: 
+---------------------+---------+------+---------+--------+-----+
|         Name        | BRAM_18K|  DSP |    FF   |   LUT  | URAM|
+---------------------+---------+------+---------+--------+-----+
|DSP                  |        -|     -|        -|       -|    -|
|Expression           |        -|     -|        0|     261|    -|
|FIFO                 |        -|     -|        -|       -|    -|
|Instance             |        -|     -|        -|       -|    -|
|Memory               |        -|     -|        -|       -|    -|
|Multiplexer          |        -|     -|        -|       -|    -|
|Register             |        -|     -|        -|       -|    -|
+---------------------+---------+------+---------+--------+-----+
|Total                |        0|     0|        0|     261|    0|
+---------------------+---------+------+---------+--------+-----+
|Available SLR        |     1344|  2976|   871680|  435840|  320|
+---------------------+---------+------+---------+--------+-----+
|Utilization SLR (%)  |        0|     0|        0|      ~0|    0|
+---------------------+---------+------+---------+--------+-----+
|Available            |     2688|  5952|  1743360|  871680|  640|
+---------------------+---------+------+---------+--------+-----+
|Utilization (%)      |        0|     0|        0|      ~0|    0|
+---------------------+---------+------+---------+--------+-----+

+ Detail: 
    * Instance: 
    N/A

    * DSP: 
    N/A

    * Memory: 
    N/A

    * FIFO: 
    N/A

    * Expression: 
    +--------------------------+----------+----+---+----+------------+------------+
    |       Variable Name      | Operation| DSP| FF| LUT| Bitwidth P0| Bitwidth P1|
    +--------------------------+----------+----+---+----+------------+------------+
    |icmp_ln45_19_fu_106_p2    |      icmp|   0|  0|  20|          13|           1|
    |icmp_ln45_20_fu_124_p2    |      icmp|   0|  0|  20|          13|           1|
    |icmp_ln45_21_fu_142_p2    |      icmp|   0|  0|  20|          13|           1|
    |icmp_ln45_22_fu_160_p2    |      icmp|   0|  0|  20|          13|           1|
    |icmp_ln45_23_fu_178_p2    |      icmp|   0|  0|  20|          13|           1|
    |icmp_ln45_24_fu_196_p2    |      icmp|   0|  0|  20|          13|           1|
    |icmp_ln45_25_fu_214_p2    |      icmp|   0|  0|  20|          13|           1|
    |icmp_ln45_26_fu_232_p2    |      icmp|   0|  0|  20|          13|           1|
    |icmp_ln45_fu_88_p2        |      icmp|   0|  0|  20|          13|           1|
    |select_ln45_19_fu_116_p3  |    select|   0|  0|   9|           1|           9|
    |select_ln45_20_fu_134_p3  |    select|   0|  0|   9|           1|           9|
    |select_ln45_21_fu_152_p3  |    select|   0|  0|   9|           1|           9|
    |select_ln45_22_fu_170_p3  |    select|   0|  0|   9|           1|           9|
    |select_ln45_23_fu_188_p3  |    select|   0|  0|   9|           1|           9|
    |select_ln45_24_fu_206_p3  |    select|   0|  0|   9|           1|           9|
    |select_ln45_25_fu_224_p3  |    select|   0|  0|   9|           1|           9|
    |select_ln45_26_fu_242_p3  |    select|   0|  0|   9|           1|           9|
    |select_ln45_fu_98_p3      |    select|   0|  0|   9|           1|           9|
    +--------------------------+----------+----+---+----+------------+------------+
    |Total                     |          |   0|  0| 261|         126|          90|
    +--------------------------+----------+----+---+----+------------+------------+

    * Multiplexer: 
    N/A

    * Register: 
    N/A



================================================================
== Interface
================================================================
* Summary: 
+-------------+-----+-----+------------+--------------------------------------------------------------------------+--------------+
|  RTL Ports  | Dir | Bits|  Protocol  |                               Source Object                              |    C Type    |
+-------------+-----+-----+------------+--------------------------------------------------------------------------+--------------+
|ap_ready     |  out|    1|  ap_ctrl_hs|  relu<ap_fixed<13, 11, 5, 3, 0>, ap_ufixed<9, 7, 5, 3, 0>, ReLU_config11>|  return value|
|ap_return_0  |  out|    9|  ap_ctrl_hs|  relu<ap_fixed<13, 11, 5, 3, 0>, ap_ufixed<9, 7, 5, 3, 0>, ReLU_config11>|  return value|
|ap_return_1  |  out|    9|  ap_ctrl_hs|  relu<ap_fixed<13, 11, 5, 3, 0>, ap_ufixed<9, 7, 5, 3, 0>, ReLU_config11>|  return value|
|ap_return_2  |  out|    9|  ap_ctrl_hs|  relu<ap_fixed<13, 11, 5, 3, 0>, ap_ufixed<9, 7, 5, 3, 0>, ReLU_config11>|  return value|
|ap_return_3  |  out|    9|  ap_ctrl_hs|  relu<ap_fixed<13, 11, 5, 3, 0>, ap_ufixed<9, 7, 5, 3, 0>, ReLU_config11>|  return value|
|ap_return_4  |  out|    9|  ap_ctrl_hs|  relu<ap_fixed<13, 11, 5, 3, 0>, ap_ufixed<9, 7, 5, 3, 0>, ReLU_config11>|  return value|
|ap_return_5  |  out|    9|  ap_ctrl_hs|  relu<ap_fixed<13, 11, 5, 3, 0>, ap_ufixed<9, 7, 5, 3, 0>, ReLU_config11>|  return value|
|ap_return_6  |  out|    9|  ap_ctrl_hs|  relu<ap_fixed<13, 11, 5, 3, 0>, ap_ufixed<9, 7, 5, 3, 0>, ReLU_config11>|  return value|
|ap_return_7  |  out|    9|  ap_ctrl_hs|  relu<ap_fixed<13, 11, 5, 3, 0>, ap_ufixed<9, 7, 5, 3, 0>, ReLU_config11>|  return value|
|ap_return_8  |  out|    9|  ap_ctrl_hs|  relu<ap_fixed<13, 11, 5, 3, 0>, ap_ufixed<9, 7, 5, 3, 0>, ReLU_config11>|  return value|
|ap_rst       |   in|    1|  ap_ctrl_hs|  relu<ap_fixed<13, 11, 5, 3, 0>, ap_ufixed<9, 7, 5, 3, 0>, ReLU_config11>|  return value|
|data_3_val   |   in|   13|     ap_none|                                                                data_3_val|        scalar|
|data_6_val   |   in|   13|     ap_none|                                                                data_6_val|        scalar|
|data_10_val  |   in|   13|     ap_none|                                                               data_10_val|        scalar|
|data_12_val  |   in|   13|     ap_none|                                                               data_12_val|        scalar|
|data_21_val  |   in|   13|     ap_none|                                                               data_21_val|        scalar|
|data_22_val  |   in|   13|     ap_none|                                                               data_22_val|        scalar|
|data_24_val  |   in|   13|     ap_none|                                                               data_24_val|        scalar|
|data_27_val  |   in|   13|     ap_none|                                                               data_27_val|        scalar|
|data_29_val  |   in|   13|     ap_none|                                                               data_29_val|        scalar|
+-------------+-----+-----+------------+--------------------------------------------------------------------------+--------------+

