

================================================================
== Vitis HLS Report for 'dense_latency_ap_ufixed_9_7_5_3_0_ap_fixed_12_10_5_3_0_config13_s'
================================================================
* Date:           Wed Feb 26 01:36:45 2025

* Version:        2024.1 (Build 5069499 on May 21 2024)
* Project:        myproject_prj
* Solution:       solution1 (Vivado IP Flow Target)
* Product family: virtexuplusHBM
* Target device:  xcu50-fsvh2104-2-e


================================================================
== Performance Estimates
================================================================
+ Timing: 
    * Summary: 
    +--------+---------+----------+------------+
    |  Clock |  Target | Estimated| Uncertainty|
    +--------+---------+----------+------------+
    |ap_clk  |  5.00 ns|  2.235 ns|     1.35 ns|
    +--------+---------+----------+------------+

+ Latency: 
    * Summary: 
    +---------+---------+----------+----------+-----+-----+---------+
    |  Latency (cycles) |  Latency (absolute) |  Interval | Pipeline|
    |   min   |   max   |    min   |    max   | min | max |   Type  |
    +---------+---------+----------+----------+-----+-----+---------+
    |        0|        0|      0 ns|      0 ns|    1|    1|      yes|
    +---------+---------+----------+----------+-----+-----+---------+

    + Detail: 
        * Instance: 
        N/A

        * Loop: 
        N/A



================================================================
== Utilization Estimates
================================================================
* Summary: 
+---------------------+---------+------+---------+--------+-----+
|         Name        | BRAM_18K|  DSP |    FF   |   LUT  | URAM|
+---------------------+---------+------+---------+--------+-----+
|DSP                  |        -|     -|        -|       -|    -|
|Expression           |        -|     -|        0|     598|    -|
|FIFO                 |        -|     -|        -|       -|    -|
|Instance             |        -|     -|        -|       -|    -|
|Memory               |        -|     -|        -|       -|    -|
|Multiplexer          |        -|     -|        -|       -|    -|
|Register             |        -|     -|        -|       -|    -|
+---------------------+---------+------+---------+--------+-----+
|Total                |        0|     0|        0|     598|    0|
+---------------------+---------+------+---------+--------+-----+
|Available SLR        |     1344|  2976|   871680|  435840|  320|
+---------------------+---------+------+---------+--------+-----+
|Utilization SLR (%)  |        0|     0|        0|      ~0|    0|
+---------------------+---------+------+---------+--------+-----+
|Available            |     2688|  5952|  1743360|  871680|  640|
+---------------------+---------+------+---------+--------+-----+
|Utilization (%)      |        0|     0|        0|      ~0|    0|
+---------------------+---------+------+---------+--------+-----+

+ Detail: 
    * Instance: 
    N/A

    * DSP: 
    N/A

    * Memory: 
    N/A

    * FIFO: 
    N/A

    * Expression: 
    +-----------------------+----------+----+---+----+------------+------------+
    |     Variable Name     | Operation| DSP| FF| LUT| Bitwidth P0| Bitwidth P1|
    +-----------------------+----------+----+---+----+------------+------------+
    |add_ln58_10_fu_580_p2  |         +|   0|  0|  20|          13|          13|
    |add_ln58_11_fu_610_p2  |         +|   0|  0|  16|          14|          14|
    |add_ln58_12_fu_616_p2  |         +|   0|  0|  17|          12|           7|
    |add_ln58_13_fu_626_p2  |         +|   0|  0|  16|          14|          14|
    |add_ln58_14_fu_632_p2  |         +|   0|  0|  18|          11|           9|
    |add_ln58_1_fu_410_p2   |         +|   0|  0|  23|          16|          16|
    |add_ln58_2_fu_416_p2   |         +|   0|  0|  15|           8|           8|
    |add_ln58_3_fu_454_p2   |         +|   0|  0|  22|          15|          15|
    |add_ln58_4_fu_494_p2   |         +|   0|  0|  16|          16|          16|
    |add_ln58_5_fu_522_p2   |         +|   0|  0|  16|          14|           7|
    |add_ln58_6_fu_528_p2   |         +|   0|  0|  16|          14|          14|
    |add_ln58_7_fu_534_p2   |         +|   0|  0|  17|          13|          13|
    |add_ln58_8_fu_554_p2   |         +|   0|  0|  20|          13|          13|
    |add_ln58_9_fu_564_p2   |         +|   0|  0|  21|          14|          14|
    |add_ln58_fu_386_p2     |         +|   0|  0|  17|          10|           8|
    |mult_1_fu_178_p2       |         +|   0|  0|  18|          11|          11|
    |mult_9_fu_364_p2       |         +|   0|  0|  20|          13|          13|
    |tmp4_fu_586_p2         |         +|   0|  0|  17|          10|          10|
    |tmp_fu_470_p2          |         +|   0|  0|  17|          10|          10|
    |mult_4_fu_232_p2       |         -|   0|  0|  19|           1|          12|
    |mult_5_fu_258_p2       |         -|   0|  0|  17|          13|          13|
    |mult_6_fu_292_p2       |         -|   0|  0|  17|           1|          10|
    |mult_8_fu_338_p2       |         -|   0|  0|  21|          14|          14|
    |mult_fu_152_p2         |         -|   0|  0|  16|           1|           9|
    |sub_ln58_1_fu_434_p2   |         -|   0|  0|  21|           1|          14|
    |sub_ln58_2_fu_444_p2   |         -|   0|  0|  17|           8|          10|
    |sub_ln58_3_fu_460_p2   |         -|   0|  0|  18|          11|          11|
    |sub_ln58_4_fu_488_p2   |         -|   0|  0|  16|           8|          16|
    |sub_ln58_5_fu_512_p2   |         -|   0|  0|  17|          10|          10|
    |sub_ln58_6_fu_544_p2   |         -|   0|  0|  19|           7|          12|
    |sub_ln58_7_fu_570_p2   |         -|   0|  0|  19|          12|          12|
    |sub_ln58_8_fu_604_p2   |         -|   0|  0|  17|          12|          12|
    |sub_ln58_fu_400_p2     |         -|   0|  0|  22|          15|          15|
    +-----------------------+----------+----+---+----+------------+------------+
    |Total                  |          |   0|  0| 598|         355|         395|
    +-----------------------+----------+----+---+----+------------+------------+

    * Multiplexer: 
    N/A

    * Register: 
    N/A



================================================================
== Interface
================================================================
* Summary: 
+-------------+-----+-----+------------+------------------------------------------------------------------------------+--------------+
|  RTL Ports  | Dir | Bits|  Protocol  |                                 Source Object                                |    C Type    |
+-------------+-----+-----+------------+------------------------------------------------------------------------------+--------------+
|ap_ready     |  out|    1|  ap_ctrl_hs|  dense_latency<ap_ufixed<9, 7, 5, 3, 0>, ap_fixed<12, 10, 5, 3, 0>, config13>|  return value|
|ap_return_0  |  out|   12|  ap_ctrl_hs|  dense_latency<ap_ufixed<9, 7, 5, 3, 0>, ap_fixed<12, 10, 5, 3, 0>, config13>|  return value|
|ap_return_1  |  out|   12|  ap_ctrl_hs|  dense_latency<ap_ufixed<9, 7, 5, 3, 0>, ap_fixed<12, 10, 5, 3, 0>, config13>|  return value|
|ap_return_2  |  out|   12|  ap_ctrl_hs|  dense_latency<ap_ufixed<9, 7, 5, 3, 0>, ap_fixed<12, 10, 5, 3, 0>, config13>|  return value|
|ap_return_3  |  out|   12|  ap_ctrl_hs|  dense_latency<ap_ufixed<9, 7, 5, 3, 0>, ap_fixed<12, 10, 5, 3, 0>, config13>|  return value|
|ap_return_4  |  out|   12|  ap_ctrl_hs|  dense_latency<ap_ufixed<9, 7, 5, 3, 0>, ap_fixed<12, 10, 5, 3, 0>, config13>|  return value|
|ap_return_5  |  out|   12|  ap_ctrl_hs|  dense_latency<ap_ufixed<9, 7, 5, 3, 0>, ap_fixed<12, 10, 5, 3, 0>, config13>|  return value|
|ap_return_6  |  out|   12|  ap_ctrl_hs|  dense_latency<ap_ufixed<9, 7, 5, 3, 0>, ap_fixed<12, 10, 5, 3, 0>, config13>|  return value|
|ap_return_7  |  out|   12|  ap_ctrl_hs|  dense_latency<ap_ufixed<9, 7, 5, 3, 0>, ap_fixed<12, 10, 5, 3, 0>, config13>|  return value|
|ap_rst       |   in|    1|  ap_ctrl_hs|  dense_latency<ap_ufixed<9, 7, 5, 3, 0>, ap_fixed<12, 10, 5, 3, 0>, config13>|  return value|
|data_8_val   |   in|    7|     ap_none|                                                                    data_8_val|        scalar|
|data_15_val  |   in|    7|     ap_none|                                                                   data_15_val|        scalar|
|data_23_val  |   in|    8|     ap_none|                                                                   data_23_val|        scalar|
|data_26_val  |   in|    9|     ap_none|                                                                   data_26_val|        scalar|
+-------------+-----+-----+------------+------------------------------------------------------------------------------+--------------+

