

================================================================
== Vitis HLS Report for 'dense_latency_ap_fixed_12_5_5_3_0_ap_fixed_11_8_5_3_0_config3_s'
================================================================
* Date:           Wed Feb 26 01:36:44 2025

* Version:        2024.1 (Build 5069499 on May 21 2024)
* Project:        myproject_prj
* Solution:       solution1 (Vivado IP Flow Target)
* Product family: virtexuplusHBM
* Target device:  xcu50-fsvh2104-2-e


================================================================
== Performance Estimates
================================================================
+ Timing: 
    * Summary: 
    +--------+---------+----------+------------+
    |  Clock |  Target | Estimated| Uncertainty|
    +--------+---------+----------+------------+
    |ap_clk  |  5.00 ns|  3.649 ns|     1.35 ns|
    +--------+---------+----------+------------+

+ Latency: 
    * Summary: 
    +---------+---------+----------+----------+-----+-----+---------+
    |  Latency (cycles) |  Latency (absolute) |  Interval | Pipeline|
    |   min   |   max   |    min   |    max   | min | max |   Type  |
    +---------+---------+----------+----------+-----+-----+---------+
    |        0|        0|      0 ns|      0 ns|    1|    1|      yes|
    +---------+---------+----------+----------+-----+-----+---------+

    + Detail: 
        * Instance: 
        N/A

        * Loop: 
        N/A



================================================================
== Utilization Estimates
================================================================
* Summary: 
+---------------------+---------+------+---------+--------+-----+
|         Name        | BRAM_18K|  DSP |    FF   |   LUT  | URAM|
+---------------------+---------+------+---------+--------+-----+
|DSP                  |        -|     -|        -|       -|    -|
|Expression           |        -|     -|        0|    2051|    -|
|FIFO                 |        -|     -|        -|       -|    -|
|Instance             |        -|     -|        -|       -|    -|
|Memory               |        -|     -|        -|       -|    -|
|Multiplexer          |        -|     -|        -|       -|    -|
|Register             |        -|     -|        -|       -|    -|
+---------------------+---------+------+---------+--------+-----+
|Total                |        0|     0|        0|    2051|    0|
+---------------------+---------+------+---------+--------+-----+
|Available SLR        |     1344|  2976|   871680|  435840|  320|
+---------------------+---------+------+---------+--------+-----+
|Utilization SLR (%)  |        0|     0|        0|      ~0|    0|
+---------------------+---------+------+---------+--------+-----+
|Available            |     2688|  5952|  1743360|  871680|  640|
+---------------------+---------+------+---------+--------+-----+
|Utilization (%)      |        0|     0|        0|      ~0|    0|
+---------------------+---------+------+---------+--------+-----+

+ Detail: 
    * Instance: 
    N/A

    * DSP: 
    N/A

    * Memory: 
    N/A

    * FIFO: 
    N/A

    * Expression: 
    +-------------------------+----------+----+---+----+------------+------------+
    |      Variable Name      | Operation| DSP| FF| LUT| Bitwidth P0| Bitwidth P1|
    +-------------------------+----------+----+---+----+------------+------------+
    |add_ln58_100_fu_1582_p2  |         +|   0|  0|  19|          19|          19|
    |add_ln58_101_fu_1588_p2  |         +|   0|  0|  26|          19|          19|
    |add_ln58_102_fu_1594_p2  |         +|   0|  0|  19|          19|          19|
    |add_ln58_103_fu_1600_p2  |         +|   0|  0|  19|          12|          12|
    |add_ln58_104_fu_1610_p2  |         +|   0|  0|  22|          15|          15|
    |add_ln58_105_fu_1620_p2  |         +|   0|  0|  19|          19|          19|
    |add_ln58_106_fu_1626_p2  |         +|   0|  0|  19|          19|          19|
    |add_ln58_107_fu_1700_p2  |         +|   0|  0|  18|          18|          18|
    |add_ln58_108_fu_1706_p2  |         +|   0|  0|  18|          18|          18|
    |add_ln58_109_fu_1726_p2  |         +|   0|  0|  19|          19|          11|
    |add_ln58_110_fu_1732_p2  |         +|   0|  0|  19|          19|          19|
    |add_ln58_111_fu_1738_p2  |         +|   0|  0|  19|          19|          19|
    |add_ln58_112_fu_1744_p2  |         +|   0|  0|  19|          19|          19|
    |add_ln58_59_fu_852_p2    |         +|   0|  0|  19|          19|          19|
    |add_ln58_60_fu_904_p2    |         +|   0|  0|  25|          18|          18|
    |add_ln58_61_fu_914_p2    |         +|   0|  0|  19|          19|          19|
    |add_ln58_62_fu_938_p2    |         +|   0|  0|  26|          19|          13|
    |add_ln58_63_fu_944_p2    |         +|   0|  0|  19|          19|          19|
    |add_ln58_64_fu_950_p2    |         +|   0|  0|  19|          19|          19|
    |add_ln58_65_fu_956_p2    |         +|   0|  0|  19|          19|          19|
    |add_ln58_66_fu_980_p2    |         +|   0|  0|  24|          17|          17|
    |add_ln58_67_fu_990_p2    |         +|   0|  0|  24|          17|          17|
    |add_ln58_68_fu_1000_p2   |         +|   0|  0|  25|          18|          18|
    |add_ln58_69_fu_1026_p2   |         +|   0|  0|  17|          17|          17|
    |add_ln58_70_fu_1036_p2   |         +|   0|  0|  26|          19|          19|
    |add_ln58_71_fu_1062_p2   |         +|   0|  0|  18|          18|          18|
    |add_ln58_72_fu_1082_p2   |         +|   0|  0|  25|          18|          18|
    |add_ln58_73_fu_1092_p2   |         +|   0|  0|  19|          19|          19|
    |add_ln58_74_fu_1132_p2   |         +|   0|  0|  18|          18|          18|
    |add_ln58_75_fu_1138_p2   |         +|   0|  0|  18|          18|          18|
    |add_ln58_76_fu_1148_p2   |         +|   0|  0|  19|          19|          19|
    |add_ln58_77_fu_1200_p2   |         +|   0|  0|  25|          18|          18|
    |add_ln58_78_fu_1210_p2   |         +|   0|  0|  19|          19|          19|
    |add_ln58_79_fu_1216_p2   |         +|   0|  0|  23|          16|          16|
    |add_ln58_80_fu_1236_p2   |         +|   0|  0|  18|          18|          18|
    |add_ln58_81_fu_1242_p2   |         +|   0|  0|  18|          18|          18|
    |add_ln58_82_fu_1252_p2   |         +|   0|  0|  19|          19|          19|
    |add_ln58_83_fu_1276_p2   |         +|   0|  0|  19|          19|          19|
    |add_ln58_84_fu_1282_p2   |         +|   0|  0|  19|          19|          19|
    |add_ln58_85_fu_1306_p2   |         +|   0|  0|  25|          18|          18|
    |add_ln58_86_fu_1316_p2   |         +|   0|  0|  19|          19|          19|
    |add_ln58_87_fu_1322_p2   |         +|   0|  0|  16|          14|          14|
    |add_ln58_88_fu_1328_p2   |         +|   0|  0|  16|          14|          14|
    |add_ln58_89_fu_1338_p2   |         +|   0|  0|  25|          18|          18|
    |add_ln58_90_fu_1344_p2   |         +|   0|  0|  19|          12|          11|
    |add_ln58_91_fu_1354_p2   |         +|   0|  0|  18|          18|          18|
    |add_ln58_92_fu_1360_p2   |         +|   0|  0|  18|          18|          18|
    |add_ln58_93_fu_1370_p2   |         +|   0|  0|  19|          19|          19|
    |add_ln58_94_fu_1470_p2   |         +|   0|  0|  22|          15|          12|
    |add_ln58_95_fu_1492_p2   |         +|   0|  0|  17|          17|          17|
    |add_ln58_96_fu_1508_p2   |         +|   0|  0|  19|          19|          19|
    |add_ln58_97_fu_1542_p2   |         +|   0|  0|  17|          17|          17|
    |add_ln58_98_fu_1552_p2   |         +|   0|  0|  25|          18|          18|
    |add_ln58_99_fu_1572_p2   |         +|   0|  0|  18|          18|          18|
    |add_ln58_fu_842_p2       |         +|   0|  0|  22|          15|          14|
    |empty_28_fu_1518_p2      |         +|   0|  0|  17|          13|          13|
    |tmp1472_fu_1390_p2       |         +|   0|  0|  20|          13|          13|
    |tmp1970_fu_1452_p2       |         +|   0|  0|  19|          12|          12|
    |tmp2666_fu_1640_p2       |         +|   0|  0|  20|          13|          13|
    |tmp278_fu_962_p2         |         +|   0|  0|  19|          12|          12|
    |tmp4_fu_1042_p2          |         +|   0|  0|  20|          13|          13|
    |empty_fu_1380_p2         |         -|   0|  0|  19|          12|          12|
    |mult_27_fu_250_p2        |         -|   0|  0|  23|           1|          16|
    |mult_28_fu_276_p2        |         -|   0|  0|  23|          16|          16|
    |mult_31_fu_346_p2        |         -|   0|  0|  25|          18|          18|
    |mult_33_fu_422_p2        |         -|   0|  0|  18|          18|          18|
    |mult_37_fu_508_p2        |         -|   0|  0|  22|           1|          15|
    |mult_41_fu_598_p2        |         -|   0|  0|  19|           1|          12|
    |mult_48_fu_750_p2        |         -|   0|  0|  20|           1|          13|
    |sub_ln17_1_fu_660_p2     |         -|   0|  0|  21|          14|          14|
    |sub_ln17_fu_368_p2       |         -|   0|  0|  17|          17|          17|
    |sub_ln58_17_fu_836_p2    |         -|   0|  0|  19|          19|          19|
    |sub_ln58_18_fu_884_p2    |         -|   0|  0|  25|          18|          18|
    |sub_ln58_19_fu_894_p2    |         -|   0|  0|  24|          17|          17|
    |sub_ln58_20_fu_928_p2    |         -|   0|  0|  22|          15|          15|
    |sub_ln58_21_fu_1010_p2   |         -|   0|  0|  21|          14|          14|
    |sub_ln58_22_fu_1020_p2   |         -|   0|  0|  17|          14|          17|
    |sub_ln58_23_fu_1056_p2   |         -|   0|  0|  18|          18|          18|
    |sub_ln58_24_fu_1072_p2   |         -|   0|  0|  24|          17|          17|
    |sub_ln58_25_fu_1102_p2   |         -|   0|  0|  22|          15|          15|
    |sub_ln58_26_fu_1112_p2   |         -|   0|  0|  23|          16|          16|
    |sub_ln58_27_fu_1126_p2   |         -|   0|  0|  25|          12|          18|
    |sub_ln58_28_fu_1172_p2   |         -|   0|  0|  24|          17|          17|
    |sub_ln58_29_fu_1190_p2   |         -|   0|  0|  24|          17|          17|
    |sub_ln58_30_fu_1226_p2   |         -|   0|  0|  24|          13|          17|
    |sub_ln58_31_fu_1296_p2   |         -|   0|  0|  24|          17|          17|
    |sub_ln58_32_fu_1480_p2   |         -|   0|  0|  24|          17|          17|
    |sub_ln58_33_fu_1502_p2   |         -|   0|  0|  19|          19|          19|
    |sub_ln58_34_fu_1562_p2   |         -|   0|  0|  23|          16|          16|
    |sub_ln58_35_fu_1680_p2   |         -|   0|  0|  24|          17|          17|
    |sub_ln58_36_fu_1690_p2   |         -|   0|  0|  21|          14|          14|
    |sub_ln58_37_fu_1716_p2   |         -|   0|  0|  22|          15|          15|
    |sub_ln58_fu_1486_p2      |         -|   0|  0|  17|          17|          17|
    |tmp1074_fu_1262_p2       |         -|   0|  0|  20|          13|          13|
    |tmp17_fu_1408_p2         |         -|   0|  0|  18|          11|          11|
    |tmp18_fu_1438_p2         |         -|   0|  0|  22|          15|          15|
    |tmp2468_fu_1524_p2       |         -|   0|  0|  17|          13|          13|
    |tmp2964_fu_1662_p2       |         -|   0|  0|  19|          12|          12|
    |tmp776_fu_1158_p2        |         -|   0|  0|  19|          12|          12|
    |tmp80_fu_866_p2          |         -|   0|  0|  19|          12|          12|
    +-------------------------+----------+----+---+----+------------+------------+
    |Total                    |          |   0|  0|2051|        1596|        1642|
    +-------------------------+----------+----+---+----+------------+------------+

    * Multiplexer: 
    N/A

    * Register: 
    N/A



================================================================
== Interface
================================================================
* Summary: 
+-------------+-----+-----+------------+----------------------------------------------------------------------------+--------------+
|  RTL Ports  | Dir | Bits|  Protocol  |                                Source Object                               |    C Type    |
+-------------+-----+-----+------------+----------------------------------------------------------------------------+--------------+
|ap_ready     |  out|    1|  ap_ctrl_hs|  dense_latency<ap_fixed<12, 5, 5, 3, 0>, ap_fixed<11, 8, 5, 3, 0>, config3>|  return value|
|ap_return_0  |  out|   11|  ap_ctrl_hs|  dense_latency<ap_fixed<12, 5, 5, 3, 0>, ap_fixed<11, 8, 5, 3, 0>, config3>|  return value|
|ap_return_1  |  out|   11|  ap_ctrl_hs|  dense_latency<ap_fixed<12, 5, 5, 3, 0>, ap_fixed<11, 8, 5, 3, 0>, config3>|  return value|
|ap_return_2  |  out|   11|  ap_ctrl_hs|  dense_latency<ap_fixed<12, 5, 5, 3, 0>, ap_fixed<11, 8, 5, 3, 0>, config3>|  return value|
|ap_return_3  |  out|   11|  ap_ctrl_hs|  dense_latency<ap_fixed<12, 5, 5, 3, 0>, ap_fixed<11, 8, 5, 3, 0>, config3>|  return value|
|ap_return_4  |  out|   11|  ap_ctrl_hs|  dense_latency<ap_fixed<12, 5, 5, 3, 0>, ap_fixed<11, 8, 5, 3, 0>, config3>|  return value|
|ap_return_5  |  out|   11|  ap_ctrl_hs|  dense_latency<ap_fixed<12, 5, 5, 3, 0>, ap_fixed<11, 8, 5, 3, 0>, config3>|  return value|
|ap_return_6  |  out|   11|  ap_ctrl_hs|  dense_latency<ap_fixed<12, 5, 5, 3, 0>, ap_fixed<11, 8, 5, 3, 0>, config3>|  return value|
|ap_return_7  |  out|   11|  ap_ctrl_hs|  dense_latency<ap_fixed<12, 5, 5, 3, 0>, ap_fixed<11, 8, 5, 3, 0>, config3>|  return value|
|ap_return_8  |  out|   11|  ap_ctrl_hs|  dense_latency<ap_fixed<12, 5, 5, 3, 0>, ap_fixed<11, 8, 5, 3, 0>, config3>|  return value|
|ap_rst       |   in|    1|  ap_ctrl_hs|  dense_latency<ap_fixed<12, 5, 5, 3, 0>, ap_fixed<11, 8, 5, 3, 0>, config3>|  return value|
|data_0_val   |   in|   11|     ap_none|                                                                  data_0_val|        scalar|
|data_1_val   |   in|   11|     ap_none|                                                                  data_1_val|        scalar|
|data_2_val   |   in|   11|     ap_none|                                                                  data_2_val|        scalar|
|data_3_val   |   in|   11|     ap_none|                                                                  data_3_val|        scalar|
|data_4_val   |   in|   11|     ap_none|                                                                  data_4_val|        scalar|
|data_5_val   |   in|   12|     ap_none|                                                                  data_5_val|        scalar|
|data_6_val   |   in|   11|     ap_none|                                                                  data_6_val|        scalar|
|data_7_val   |   in|   11|     ap_none|                                                                  data_7_val|        scalar|
|data_9_val   |   in|   10|     ap_none|                                                                  data_9_val|        scalar|
|data_10_val  |   in|   10|     ap_none|                                                                 data_10_val|        scalar|
|data_11_val  |   in|   10|     ap_none|                                                                 data_11_val|        scalar|
|data_12_val  |   in|   10|     ap_none|                                                                 data_12_val|        scalar|
|data_14_val  |   in|   12|     ap_none|                                                                 data_14_val|        scalar|
|data_15_val  |   in|   11|     ap_none|                                                                 data_15_val|        scalar|
+-------------+-----+-----+------------+----------------------------------------------------------------------------+--------------+

