

================================================================
== Vitis HLS Report for 'relu_ap_fixed_11_9_5_3_0_ap_ufixed_9_7_5_3_0_ReLU_config11_s'
================================================================
* Date:           Wed Feb 26 01:36:45 2025

* Version:        2024.1 (Build 5069499 on May 21 2024)
* Project:        myproject_prj
* Solution:       solution1 (Vivado IP Flow Target)
* Product family: virtexuplusHBM
* Target device:  xcu50-fsvh2104-2-e


================================================================
== Performance Estimates
================================================================
+ Timing: 
    * Summary: 
    +--------+---------+----------+------------+
    |  Clock |  Target | Estimated| Uncertainty|
    +--------+---------+----------+------------+
    |ap_clk  |  5.00 ns|  1.038 ns|     1.35 ns|
    +--------+---------+----------+------------+

+ Latency: 
    * Summary: 
    +---------+---------+----------+----------+-----+-----+---------+
    |  Latency (cycles) |  Latency (absolute) |  Interval | Pipeline|
    |   min   |   max   |    min   |    max   | min | max |   Type  |
    +---------+---------+----------+----------+-----+-----+---------+
    |        0|        0|      0 ns|      0 ns|    1|    1|      yes|
    +---------+---------+----------+----------+-----+-----+---------+

    + Detail: 
        * Instance: 
        N/A

        * Loop: 
        N/A



================================================================
== Utilization Estimates
================================================================
* Summary: 
+---------------------+---------+------+---------+--------+-----+
|         Name        | BRAM_18K|  DSP |    FF   |   LUT  | URAM|
+---------------------+---------+------+---------+--------+-----+
|DSP                  |        -|     -|        -|       -|    -|
|Expression           |        -|     -|        0|     108|    -|
|FIFO                 |        -|     -|        -|       -|    -|
|Instance             |        -|     -|        -|       -|    -|
|Memory               |        -|     -|        -|       -|    -|
|Multiplexer          |        -|     -|        -|       -|    -|
|Register             |        -|     -|        -|       -|    -|
+---------------------+---------+------+---------+--------+-----+
|Total                |        0|     0|        0|     108|    0|
+---------------------+---------+------+---------+--------+-----+
|Available SLR        |     1344|  2976|   871680|  435840|  320|
+---------------------+---------+------+---------+--------+-----+
|Utilization SLR (%)  |        0|     0|        0|      ~0|    0|
+---------------------+---------+------+---------+--------+-----+
|Available            |     2688|  5952|  1743360|  871680|  640|
+---------------------+---------+------+---------+--------+-----+
|Utilization (%)      |        0|     0|        0|      ~0|    0|
+---------------------+---------+------+---------+--------+-----+

+ Detail: 
    * Instance: 
    N/A

    * DSP: 
    N/A

    * Memory: 
    N/A

    * FIFO: 
    N/A

    * Expression: 
    +--------------------------+----------+----+---+----+------------+------------+
    |       Variable Name      | Operation| DSP| FF| LUT| Bitwidth P0| Bitwidth P1|
    +--------------------------+----------+----+---+----+------------+------------+
    |icmp_ln45_10_fu_102_p2    |      icmp|   0|  0|  18|          11|           1|
    |icmp_ln45_8_fu_66_p2      |      icmp|   0|  0|  18|          11|           1|
    |icmp_ln45_9_fu_84_p2      |      icmp|   0|  0|  18|          11|           1|
    |icmp_ln45_fu_48_p2        |      icmp|   0|  0|  18|          11|           1|
    |select_ln45_10_fu_112_p3  |    select|   0|  0|   9|           1|           9|
    |select_ln45_8_fu_76_p3    |    select|   0|  0|   9|           1|           9|
    |select_ln45_9_fu_94_p3    |    select|   0|  0|   9|           1|           9|
    |select_ln45_fu_58_p3      |    select|   0|  0|   9|           1|           9|
    +--------------------------+----------+----+---+----+------------+------------+
    |Total                     |          |   0|  0| 108|          48|          40|
    +--------------------------+----------+----+---+----+------------+------------+

    * Multiplexer: 
    N/A

    * Register: 
    N/A



================================================================
== Interface
================================================================
* Summary: 
+-------------+-----+-----+------------+-------------------------------------------------------------------------+--------------+
|  RTL Ports  | Dir | Bits|  Protocol  |                              Source Object                              |    C Type    |
+-------------+-----+-----+------------+-------------------------------------------------------------------------+--------------+
|ap_ready     |  out|    1|  ap_ctrl_hs|  relu<ap_fixed<11, 9, 5, 3, 0>, ap_ufixed<9, 7, 5, 3, 0>, ReLU_config11>|  return value|
|ap_return_0  |  out|    9|  ap_ctrl_hs|  relu<ap_fixed<11, 9, 5, 3, 0>, ap_ufixed<9, 7, 5, 3, 0>, ReLU_config11>|  return value|
|ap_return_1  |  out|    9|  ap_ctrl_hs|  relu<ap_fixed<11, 9, 5, 3, 0>, ap_ufixed<9, 7, 5, 3, 0>, ReLU_config11>|  return value|
|ap_return_2  |  out|    9|  ap_ctrl_hs|  relu<ap_fixed<11, 9, 5, 3, 0>, ap_ufixed<9, 7, 5, 3, 0>, ReLU_config11>|  return value|
|ap_return_3  |  out|    9|  ap_ctrl_hs|  relu<ap_fixed<11, 9, 5, 3, 0>, ap_ufixed<9, 7, 5, 3, 0>, ReLU_config11>|  return value|
|ap_rst       |   in|    1|  ap_ctrl_hs|  relu<ap_fixed<11, 9, 5, 3, 0>, ap_ufixed<9, 7, 5, 3, 0>, ReLU_config11>|  return value|
|data_8_val   |   in|   11|     ap_none|                                                               data_8_val|        scalar|
|data_15_val  |   in|   11|     ap_none|                                                              data_15_val|        scalar|
|data_23_val  |   in|   11|     ap_none|                                                              data_23_val|        scalar|
|data_26_val  |   in|   11|     ap_none|                                                              data_26_val|        scalar|
+-------------+-----+-----+------------+-------------------------------------------------------------------------+--------------+

