

================================================================
== Vitis HLS Report for 'dense_latency_ap_ufixed_8_6_5_3_0_ap_fixed_14_7_5_3_0_config18_s'
================================================================
* Date:           Wed Feb 26 01:35:04 2025

* Version:        2024.1 (Build 5069499 on May 21 2024)
* Project:        myproject_prj
* Solution:       solution1 (Vivado IP Flow Target)
* Product family: virtexuplusHBM
* Target device:  xcu50-fsvh2104-2-e


================================================================
== Performance Estimates
================================================================
+ Timing: 
    * Summary: 
    +--------+---------+----------+------------+
    |  Clock |  Target | Estimated| Uncertainty|
    +--------+---------+----------+------------+
    |ap_clk  |  5.00 ns|  2.991 ns|     1.35 ns|
    +--------+---------+----------+------------+

+ Latency: 
    * Summary: 
    +---------+---------+----------+----------+-----+-----+---------+
    |  Latency (cycles) |  Latency (absolute) |  Interval | Pipeline|
    |   min   |   max   |    min   |    max   | min | max |   Type  |
    +---------+---------+----------+----------+-----+-----+---------+
    |        0|        0|      0 ns|      0 ns|    1|    1|      yes|
    +---------+---------+----------+----------+-----+-----+---------+

    + Detail: 
        * Instance: 
        N/A

        * Loop: 
        N/A

============================================================
+ Verbose Summary: Synthesis Manager
============================================================
InlineROM: 1
ExposeGlobal: 0
============================================================
+ Verbose Summary: CDFG Model
============================================================
IsTopModel: 0
ResetActiveHigh: 1
IsCombinational: 0
IsDatapathOnly: 0
HasWiredReturn: 1
HasMFsm: 2
HasVarLatency: 0
IsPipeline: 1
IsRtlPipelined: 0
IsInstanceOverlapped: 0
IsDontTouch: 0
HasImplIP: 0
IsGatedGlobalClock: 0

+ Individual pipeline summary: 
  * Pipeline-0: initiation interval (II) = 1, depth = 1


============================================================
+ Verbose Summary: Schedule
============================================================
* Number of FSM states : 1
* Pipeline : 1
  Pipeline-0 : II = 1, D = 1, States = { 1 }
* Dataflow Pipeline: 0

* FSM state transitions: 
1 --> 

* FSM state operations: 

State 1 <SV = 0> <Delay = 2.99>
ST_1 : Operation 2 [1/1] (0.00ns)   --->   "%data_30_val_read = read i8 @_ssdm_op_Read.ap_auto.i8, i8 %data_30_val" [firmware/nnet_utils/nnet_dense_latency.h:33]   --->   Operation 2 'read' 'data_30_val_read' <Predicate = true> <Delay = 0.00>
ST_1 : Operation 3 [1/1] (0.00ns)   --->   "%data_24_val_read = read i8 @_ssdm_op_Read.ap_auto.i8, i8 %data_24_val" [firmware/nnet_utils/nnet_dense_latency.h:33]   --->   Operation 3 'read' 'data_24_val_read' <Predicate = true> <Delay = 0.00>
ST_1 : Operation 4 [1/1] (0.00ns)   --->   "%data_21_val_read = read i6 @_ssdm_op_Read.ap_auto.i6, i6 %data_21_val" [firmware/nnet_utils/nnet_dense_latency.h:33]   --->   Operation 4 'read' 'data_21_val_read' <Predicate = true> <Delay = 0.00>
ST_1 : Operation 5 [1/1] (0.00ns)   --->   "%data_12_val_read = read i6 @_ssdm_op_Read.ap_auto.i6, i6 %data_12_val" [firmware/nnet_utils/nnet_dense_latency.h:33]   --->   Operation 5 'read' 'data_12_val_read' <Predicate = true> <Delay = 0.00>
ST_1 : Operation 6 [1/1] (0.00ns)   --->   "%data_8_val_read = read i7 @_ssdm_op_Read.ap_auto.i7, i7 %data_8_val" [firmware/nnet_utils/nnet_dense_latency.h:33]   --->   Operation 6 'read' 'data_8_val_read' <Predicate = true> <Delay = 0.00>
ST_1 : Operation 7 [1/1] (0.00ns)   --->   "%data_4_val_read = read i6 @_ssdm_op_Read.ap_auto.i6, i6 %data_4_val" [firmware/nnet_utils/nnet_dense_latency.h:33]   --->   Operation 7 'read' 'data_4_val_read' <Predicate = true> <Delay = 0.00>
ST_1 : Operation 8 [1/1] (0.00ns)   --->   "%data_2_val_read = read i7 @_ssdm_op_Read.ap_auto.i7, i7 %data_2_val" [firmware/nnet_utils/nnet_dense_latency.h:33]   --->   Operation 8 'read' 'data_2_val_read' <Predicate = true> <Delay = 0.00>
ST_1 : Operation 9 [1/1] (0.00ns)   --->   "%data_0_val_read = read i8 @_ssdm_op_Read.ap_auto.i8, i8 %data_0_val" [firmware/nnet_utils/nnet_dense_latency.h:33]   --->   Operation 9 'read' 'data_0_val_read' <Predicate = true> <Delay = 0.00>
ST_1 : Operation 10 [1/1] (0.00ns)   --->   "%specpipeline_ln33 = specpipeline void @_ssdm_op_SpecPipeline, i32 1, i32 0, i32 0, i32 0, void @empty_0" [firmware/nnet_utils/nnet_dense_latency.h:33]   --->   Operation 10 'specpipeline' 'specpipeline_ln33' <Predicate = true> <Delay = 0.00>
ST_1 : Operation 11 [1/1] (0.00ns)   --->   "%specresourcelimit_ln33 = specresourcelimit void @_ssdm_op_SpecResourceLimit, i64 38, void @empty_1, void @empty_0, void @empty_0, void @empty_0" [firmware/nnet_utils/nnet_dense_latency.h:33]   --->   Operation 11 'specresourcelimit' 'specresourcelimit_ln33' <Predicate = true> <Delay = 0.00>
ST_1 : Operation 12 [1/1] (0.00ns)   --->   "%tmp_86 = bitconcatenate i12 @_ssdm_op_BitConcatenate.i12.i8.i4, i8 %data_0_val_read, i4 0" [firmware/nnet_utils/nnet_mult.h:73->firmware/nnet_utils/nnet_dense_latency.h:42]   --->   Operation 12 'bitconcatenate' 'tmp_86' <Predicate = true> <Delay = 0.00>
ST_1 : Operation 13 [1/1] (0.00ns)   --->   "%zext_ln73_52 = zext i12 %tmp_86" [firmware/nnet_utils/nnet_mult.h:73->firmware/nnet_utils/nnet_dense_latency.h:42]   --->   Operation 13 'zext' 'zext_ln73_52' <Predicate = true> <Delay = 0.00>
ST_1 : Operation 14 [1/1] (0.00ns)   --->   "%tmp_87 = bitconcatenate i10 @_ssdm_op_BitConcatenate.i10.i8.i2, i8 %data_0_val_read, i2 0" [firmware/nnet_utils/nnet_mult.h:73->firmware/nnet_utils/nnet_dense_latency.h:42]   --->   Operation 14 'bitconcatenate' 'tmp_87' <Predicate = true> <Delay = 0.00>
ST_1 : Operation 15 [1/1] (0.00ns)   --->   "%zext_ln73_53 = zext i10 %tmp_87" [firmware/nnet_utils/nnet_mult.h:73->firmware/nnet_utils/nnet_dense_latency.h:42]   --->   Operation 15 'zext' 'zext_ln73_53' <Predicate = true> <Delay = 0.00>
ST_1 : Operation 16 [1/1] (0.74ns)   --->   "%add_ln73 = add i13 %zext_ln73_52, i13 %zext_ln73_53" [firmware/nnet_utils/nnet_mult.h:73->firmware/nnet_utils/nnet_dense_latency.h:42]   --->   Operation 16 'add' 'add_ln73' <Predicate = true> <Delay = 0.74> <CoreInst = "Adder">   --->   Core 1 'Adder' <Latency = 0> <II = 1> <Delay = 0.74> <FuncUnit> <Opcode : 'add' 'sub'> <InPorts = 2> <OutPorts = 1>
ST_1 : Operation 17 [1/1] (0.00ns)   --->   "%zext_ln73 = zext i13 %add_ln73" [firmware/nnet_utils/nnet_mult.h:73->firmware/nnet_utils/nnet_dense_latency.h:42]   --->   Operation 17 'zext' 'zext_ln73' <Predicate = true> <Delay = 0.00>
ST_1 : Operation 18 [1/1] (0.00ns)   --->   "%p_shl9 = bitconcatenate i13 @_ssdm_op_BitConcatenate.i13.i8.i5, i8 %data_0_val_read, i5 0" [firmware/nnet_utils/nnet_mult.h:73->firmware/nnet_utils/nnet_dense_latency.h:42]   --->   Operation 18 'bitconcatenate' 'p_shl9' <Predicate = true> <Delay = 0.00>
ST_1 : Operation 19 [1/1] (0.00ns)   --->   "%tmp_88 = bitconcatenate i11 @_ssdm_op_BitConcatenate.i11.i8.i3, i8 %data_0_val_read, i3 0" [firmware/nnet_utils/nnet_mult.h:73->firmware/nnet_utils/nnet_dense_latency.h:42]   --->   Operation 19 'bitconcatenate' 'tmp_88' <Predicate = true> <Delay = 0.00>
ST_1 : Operation 20 [1/1] (0.00ns)   --->   "%zext_ln73_54 = zext i11 %tmp_88" [firmware/nnet_utils/nnet_mult.h:73->firmware/nnet_utils/nnet_dense_latency.h:42]   --->   Operation 20 'zext' 'zext_ln73_54' <Predicate = true> <Delay = 0.00>
ST_1 : Operation 21 [1/1] (0.75ns)   --->   "%sub_ln73 = sub i13 %p_shl9, i13 %zext_ln73_54" [firmware/nnet_utils/nnet_mult.h:73->firmware/nnet_utils/nnet_dense_latency.h:42]   --->   Operation 21 'sub' 'sub_ln73' <Predicate = true> <Delay = 0.75> <CoreInst = "Adder">   --->   Core 1 'Adder' <Latency = 0> <II = 1> <Delay = 0.75> <FuncUnit> <Opcode : 'add' 'sub'> <InPorts = 2> <OutPorts = 1>
ST_1 : Operation 22 [1/1] (0.00ns)   --->   "%zext_ln73_36 = zext i13 %sub_ln73" [firmware/nnet_utils/nnet_mult.h:73->firmware/nnet_utils/nnet_dense_latency.h:42]   --->   Operation 22 'zext' 'zext_ln73_36' <Predicate = true> <Delay = 0.00>
ST_1 : Operation 23 [1/1] (0.00ns)   --->   "%zext_ln73_55 = zext i12 %tmp_86" [firmware/nnet_utils/nnet_mult.h:73->firmware/nnet_utils/nnet_dense_latency.h:42]   --->   Operation 23 'zext' 'zext_ln73_55' <Predicate = true> <Delay = 0.00>
ST_1 : Operation 24 [1/1] (0.00ns) (grouped into TernaryAdder)   --->   "%sub_ln73_21 = sub i14 0, i14 %zext_ln73_55" [firmware/nnet_utils/nnet_mult.h:73->firmware/nnet_utils/nnet_dense_latency.h:42]   --->   Operation 24 'sub' 'sub_ln73_21' <Predicate = true> <Delay = 0.00> <CoreInst = "TAddSub">   --->   Core 10 'TAddSub' <Latency = 0> <II = 1> <Delay = 0.33> <IPBlock> <Opcode : '' 'add' 'sub'> <InPorts = 3> <OutPorts = 1> <Sync> <CReg>
ST_1 : Operation 25 [1/1] (0.00ns)   --->   "%zext_ln73_56 = zext i10 %tmp_87" [firmware/nnet_utils/nnet_mult.h:73->firmware/nnet_utils/nnet_dense_latency.h:42]   --->   Operation 25 'zext' 'zext_ln73_56' <Predicate = true> <Delay = 0.00>
ST_1 : Operation 26 [1/1] (0.73ns) (root node of TernaryAdder)   --->   "%sub_ln73_22 = sub i14 %sub_ln73_21, i14 %zext_ln73_56" [firmware/nnet_utils/nnet_mult.h:73->firmware/nnet_utils/nnet_dense_latency.h:42]   --->   Operation 26 'sub' 'sub_ln73_22' <Predicate = true> <Delay = 0.73> <CoreInst = "TAddSub">   --->   Core 10 'TAddSub' <Latency = 0> <II = 1> <Delay = 0.33> <IPBlock> <Opcode : '' 'add' 'sub'> <InPorts = 3> <OutPorts = 1> <Sync> <CReg>
ST_1 : Operation 27 [1/1] (0.00ns)   --->   "%sext_ln73 = sext i14 %sub_ln73_22" [firmware/nnet_utils/nnet_mult.h:73->firmware/nnet_utils/nnet_dense_latency.h:42]   --->   Operation 27 'sext' 'sext_ln73' <Predicate = true> <Delay = 0.00>
ST_1 : Operation 28 [1/1] (0.00ns)   --->   "%zext_ln73_57 = zext i13 %p_shl9" [firmware/nnet_utils/nnet_mult.h:73->firmware/nnet_utils/nnet_dense_latency.h:42]   --->   Operation 28 'zext' 'zext_ln73_57' <Predicate = true> <Delay = 0.00>
ST_1 : Operation 29 [1/1] (0.00ns)   --->   "%zext_ln73_58 = zext i11 %tmp_88" [firmware/nnet_utils/nnet_mult.h:73->firmware/nnet_utils/nnet_dense_latency.h:42]   --->   Operation 29 'zext' 'zext_ln73_58' <Predicate = true> <Delay = 0.00>
ST_1 : Operation 30 [1/1] (0.75ns)   --->   "%sub_ln73_23 = sub i14 %zext_ln73_58, i14 %zext_ln73_57" [firmware/nnet_utils/nnet_mult.h:73->firmware/nnet_utils/nnet_dense_latency.h:42]   --->   Operation 30 'sub' 'sub_ln73_23' <Predicate = true> <Delay = 0.75> <CoreInst = "Adder">   --->   Core 1 'Adder' <Latency = 0> <II = 1> <Delay = 0.75> <FuncUnit> <Opcode : 'add' 'sub'> <InPorts = 2> <OutPorts = 1>
ST_1 : Operation 31 [1/1] (0.00ns)   --->   "%zext_ln70 = zext i7 %data_2_val_read" [firmware/nnet_utils/nnet_mult.h:70->firmware/nnet_utils/nnet_dense_latency.h:42]   --->   Operation 31 'zext' 'zext_ln70' <Predicate = true> <Delay = 0.00>
ST_1 : Operation 32 [1/1] (0.00ns)   --->   "%shl_ln73_1 = bitconcatenate i9 @_ssdm_op_BitConcatenate.i9.i7.i2, i7 %data_2_val_read, i2 0" [firmware/nnet_utils/nnet_mult.h:73->firmware/nnet_utils/nnet_dense_latency.h:42]   --->   Operation 32 'bitconcatenate' 'shl_ln73_1' <Predicate = true> <Delay = 0.00>
ST_1 : Operation 33 [1/1] (0.00ns)   --->   "%zext_ln73_38 = zext i9 %shl_ln73_1" [firmware/nnet_utils/nnet_mult.h:73->firmware/nnet_utils/nnet_dense_latency.h:42]   --->   Operation 33 'zext' 'zext_ln73_38' <Predicate = true> <Delay = 0.00>
ST_1 : Operation 34 [1/1] (0.00ns)   --->   "%zext_ln73_59 = zext i9 %shl_ln73_1" [firmware/nnet_utils/nnet_mult.h:73->firmware/nnet_utils/nnet_dense_latency.h:42]   --->   Operation 34 'zext' 'zext_ln73_59' <Predicate = true> <Delay = 0.00>
ST_1 : Operation 35 [1/1] (0.71ns)   --->   "%sub_ln73_24 = sub i10 0, i10 %zext_ln73_59" [firmware/nnet_utils/nnet_mult.h:73->firmware/nnet_utils/nnet_dense_latency.h:42]   --->   Operation 35 'sub' 'sub_ln73_24' <Predicate = true> <Delay = 0.71> <CoreInst = "Adder">   --->   Core 1 'Adder' <Latency = 0> <II = 1> <Delay = 0.71> <FuncUnit> <Opcode : 'add' 'sub'> <InPorts = 2> <OutPorts = 1>
ST_1 : Operation 36 [1/1] (0.00ns)   --->   "%sext_ln73_1 = sext i10 %sub_ln73_24" [firmware/nnet_utils/nnet_mult.h:73->firmware/nnet_utils/nnet_dense_latency.h:42]   --->   Operation 36 'sext' 'sext_ln73_1' <Predicate = true> <Delay = 0.00>
ST_1 : Operation 37 [1/1] (0.00ns)   --->   "%tmp_89 = bitconcatenate i12 @_ssdm_op_BitConcatenate.i12.i7.i5, i7 %data_2_val_read, i5 0" [firmware/nnet_utils/nnet_mult.h:73->firmware/nnet_utils/nnet_dense_latency.h:42]   --->   Operation 37 'bitconcatenate' 'tmp_89' <Predicate = true> <Delay = 0.00>
ST_1 : Operation 38 [1/1] (0.00ns)   --->   "%zext_ln73_60 = zext i12 %tmp_89" [firmware/nnet_utils/nnet_mult.h:73->firmware/nnet_utils/nnet_dense_latency.h:42]   --->   Operation 38 'zext' 'zext_ln73_60' <Predicate = true> <Delay = 0.00>
ST_1 : Operation 39 [1/1] (0.00ns) (grouped into TernaryAdder)   --->   "%sub_ln73_25 = sub i13 %zext_ln73_38, i13 %zext_ln73_60" [firmware/nnet_utils/nnet_mult.h:73->firmware/nnet_utils/nnet_dense_latency.h:42]   --->   Operation 39 'sub' 'sub_ln73_25' <Predicate = true> <Delay = 0.00> <CoreInst = "TAddSub">   --->   Core 10 'TAddSub' <Latency = 0> <II = 1> <Delay = 0.33> <IPBlock> <Opcode : '' 'add' 'sub'> <InPorts = 3> <OutPorts = 1> <Sync> <CReg>
ST_1 : Operation 40 [1/1] (0.00ns)   --->   "%zext_ln70_1 = zext i6 %data_4_val_read" [firmware/nnet_utils/nnet_mult.h:70->firmware/nnet_utils/nnet_dense_latency.h:42]   --->   Operation 40 'zext' 'zext_ln70_1' <Predicate = true> <Delay = 0.00>
ST_1 : Operation 41 [1/1] (0.00ns)   --->   "%tmp_90 = bitconcatenate i12 @_ssdm_op_BitConcatenate.i12.i6.i6, i6 %data_4_val_read, i6 0" [firmware/nnet_utils/nnet_mult.h:73->firmware/nnet_utils/nnet_dense_latency.h:42]   --->   Operation 41 'bitconcatenate' 'tmp_90' <Predicate = true> <Delay = 0.00>
ST_1 : Operation 42 [1/1] (0.00ns)   --->   "%zext_ln73_61 = zext i12 %tmp_90" [firmware/nnet_utils/nnet_mult.h:73->firmware/nnet_utils/nnet_dense_latency.h:42]   --->   Operation 42 'zext' 'zext_ln73_61' <Predicate = true> <Delay = 0.00>
ST_1 : Operation 43 [1/1] (0.00ns)   --->   "%tmp_91 = bitconcatenate i10 @_ssdm_op_BitConcatenate.i10.i6.i4, i6 %data_4_val_read, i4 0" [firmware/nnet_utils/nnet_mult.h:73->firmware/nnet_utils/nnet_dense_latency.h:42]   --->   Operation 43 'bitconcatenate' 'tmp_91' <Predicate = true> <Delay = 0.00>
ST_1 : Operation 44 [1/1] (0.00ns)   --->   "%zext_ln73_62 = zext i10 %tmp_91" [firmware/nnet_utils/nnet_mult.h:73->firmware/nnet_utils/nnet_dense_latency.h:42]   --->   Operation 44 'zext' 'zext_ln73_62' <Predicate = true> <Delay = 0.00>
ST_1 : Operation 45 [1/1] (0.00ns) (grouped into TernaryAdder)   --->   "%sub_ln73_26 = sub i13 %zext_ln73_62, i13 %zext_ln73_61" [firmware/nnet_utils/nnet_mult.h:73->firmware/nnet_utils/nnet_dense_latency.h:42]   --->   Operation 45 'sub' 'sub_ln73_26' <Predicate = true> <Delay = 0.00> <CoreInst = "TAddSub">   --->   Core 10 'TAddSub' <Latency = 0> <II = 1> <Delay = 0.33> <IPBlock> <Opcode : '' 'add' 'sub'> <InPorts = 3> <OutPorts = 1> <Sync> <CReg>
ST_1 : Operation 46 [1/1] (0.00ns)   --->   "%tmp_92 = bitconcatenate i11 @_ssdm_op_BitConcatenate.i11.i6.i5, i6 %data_4_val_read, i5 0" [firmware/nnet_utils/nnet_mult.h:73->firmware/nnet_utils/nnet_dense_latency.h:42]   --->   Operation 46 'bitconcatenate' 'tmp_92' <Predicate = true> <Delay = 0.00>
ST_1 : Operation 47 [1/1] (0.00ns)   --->   "%zext_ln73_63 = zext i11 %tmp_92" [firmware/nnet_utils/nnet_mult.h:73->firmware/nnet_utils/nnet_dense_latency.h:42]   --->   Operation 47 'zext' 'zext_ln73_63' <Predicate = true> <Delay = 0.00>
ST_1 : Operation 48 [1/1] (0.73ns)   --->   "%sub_ln73_27 = sub i13 0, i13 %zext_ln73_63" [firmware/nnet_utils/nnet_mult.h:73->firmware/nnet_utils/nnet_dense_latency.h:42]   --->   Operation 48 'sub' 'sub_ln73_27' <Predicate = true> <Delay = 0.73> <CoreInst = "Adder">   --->   Core 1 'Adder' <Latency = 0> <II = 1> <Delay = 0.73> <FuncUnit> <Opcode : 'add' 'sub'> <InPorts = 2> <OutPorts = 1>
ST_1 : Operation 49 [1/1] (0.00ns)   --->   "%tmp_93 = bitconcatenate i9 @_ssdm_op_BitConcatenate.i9.i6.i3, i6 %data_4_val_read, i3 0" [firmware/nnet_utils/nnet_mult.h:73->firmware/nnet_utils/nnet_dense_latency.h:42]   --->   Operation 49 'bitconcatenate' 'tmp_93' <Predicate = true> <Delay = 0.00>
ST_1 : Operation 50 [1/1] (0.00ns)   --->   "%zext_ln73_64 = zext i9 %tmp_93" [firmware/nnet_utils/nnet_mult.h:73->firmware/nnet_utils/nnet_dense_latency.h:42]   --->   Operation 50 'zext' 'zext_ln73_64' <Predicate = true> <Delay = 0.00>
ST_1 : Operation 51 [1/1] (0.00ns) (grouped into TernaryAdder)   --->   "%sub_ln73_28 = sub i13 %sub_ln73_27, i13 %zext_ln73_64" [firmware/nnet_utils/nnet_mult.h:73->firmware/nnet_utils/nnet_dense_latency.h:42]   --->   Operation 51 'sub' 'sub_ln73_28' <Predicate = true> <Delay = 0.00> <CoreInst = "TAddSub">   --->   Core 10 'TAddSub' <Latency = 0> <II = 1> <Delay = 0.33> <IPBlock> <Opcode : '' 'add' 'sub'> <InPorts = 3> <OutPorts = 1> <Sync> <CReg>
ST_1 : Operation 52 [1/1] (0.00ns)   --->   "%tmp_94 = bitconcatenate i7 @_ssdm_op_BitConcatenate.i7.i6.i1, i6 %data_4_val_read, i1 0" [firmware/nnet_utils/nnet_mult.h:73->firmware/nnet_utils/nnet_dense_latency.h:42]   --->   Operation 52 'bitconcatenate' 'tmp_94' <Predicate = true> <Delay = 0.00>
ST_1 : Operation 53 [1/1] (0.00ns)   --->   "%zext_ln73_65 = zext i7 %tmp_94" [firmware/nnet_utils/nnet_mult.h:73->firmware/nnet_utils/nnet_dense_latency.h:42]   --->   Operation 53 'zext' 'zext_ln73_65' <Predicate = true> <Delay = 0.00>
ST_1 : Operation 54 [1/1] (0.72ns)   --->   "%sub_ln73_29 = sub i10 %tmp_91, i10 %zext_ln73_65" [firmware/nnet_utils/nnet_mult.h:73->firmware/nnet_utils/nnet_dense_latency.h:42]   --->   Operation 54 'sub' 'sub_ln73_29' <Predicate = true> <Delay = 0.72> <CoreInst = "Adder">   --->   Core 1 'Adder' <Latency = 0> <II = 1> <Delay = 0.72> <FuncUnit> <Opcode : 'add' 'sub'> <InPorts = 2> <OutPorts = 1>
ST_1 : Operation 55 [1/1] (0.00ns)   --->   "%zext_ln73_39 = zext i10 %sub_ln73_29" [firmware/nnet_utils/nnet_mult.h:73->firmware/nnet_utils/nnet_dense_latency.h:42]   --->   Operation 55 'zext' 'zext_ln73_39' <Predicate = true> <Delay = 0.00>
ST_1 : Operation 56 [1/1] (0.00ns)   --->   "%zext_ln73_66 = zext i10 %tmp_91" [firmware/nnet_utils/nnet_mult.h:73->firmware/nnet_utils/nnet_dense_latency.h:42]   --->   Operation 56 'zext' 'zext_ln73_66' <Predicate = true> <Delay = 0.00>
ST_1 : Operation 57 [1/1] (0.00ns)   --->   "%tmp_95 = bitconcatenate i8 @_ssdm_op_BitConcatenate.i8.i6.i2, i6 %data_4_val_read, i2 0" [firmware/nnet_utils/nnet_mult.h:73->firmware/nnet_utils/nnet_dense_latency.h:42]   --->   Operation 57 'bitconcatenate' 'tmp_95' <Predicate = true> <Delay = 0.00>
ST_1 : Operation 58 [1/1] (0.00ns)   --->   "%zext_ln73_67 = zext i8 %tmp_95" [firmware/nnet_utils/nnet_mult.h:73->firmware/nnet_utils/nnet_dense_latency.h:42]   --->   Operation 58 'zext' 'zext_ln73_67' <Predicate = true> <Delay = 0.00>
ST_1 : Operation 59 [1/1] (0.72ns)   --->   "%sub_ln73_30 = sub i11 %zext_ln73_67, i11 %zext_ln73_66" [firmware/nnet_utils/nnet_mult.h:73->firmware/nnet_utils/nnet_dense_latency.h:42]   --->   Operation 59 'sub' 'sub_ln73_30' <Predicate = true> <Delay = 0.72> <CoreInst = "Adder">   --->   Core 1 'Adder' <Latency = 0> <II = 1> <Delay = 0.72> <FuncUnit> <Opcode : 'add' 'sub'> <InPorts = 2> <OutPorts = 1>
ST_1 : Operation 60 [1/1] (0.00ns)   --->   "%mul_ln73_9_cast = sext i11 %sub_ln73_30" [firmware/nnet_utils/nnet_mult.h:73->firmware/nnet_utils/nnet_dense_latency.h:42]   --->   Operation 60 'sext' 'mul_ln73_9_cast' <Predicate = true> <Delay = 0.00>
ST_1 : Operation 61 [1/1] (0.00ns)   --->   "%zext_ln70_2 = zext i7 %data_8_val_read" [firmware/nnet_utils/nnet_mult.h:70->firmware/nnet_utils/nnet_dense_latency.h:42]   --->   Operation 61 'zext' 'zext_ln70_2' <Predicate = true> <Delay = 0.00>
ST_1 : Operation 62 [1/1] (0.00ns)   --->   "%zext_ln70_3 = zext i7 %data_8_val_read" [firmware/nnet_utils/nnet_mult.h:70->firmware/nnet_utils/nnet_dense_latency.h:42]   --->   Operation 62 'zext' 'zext_ln70_3' <Predicate = true> <Delay = 0.00>
ST_1 : Operation 63 [1/1] (0.00ns)   --->   "%tmp_96 = bitconcatenate i10 @_ssdm_op_BitConcatenate.i10.i7.i3, i7 %data_8_val_read, i3 0" [firmware/nnet_utils/nnet_mult.h:73->firmware/nnet_utils/nnet_dense_latency.h:42]   --->   Operation 63 'bitconcatenate' 'tmp_96' <Predicate = true> <Delay = 0.00>
ST_1 : Operation 64 [1/1] (0.00ns)   --->   "%zext_ln73_68 = zext i10 %tmp_96" [firmware/nnet_utils/nnet_mult.h:73->firmware/nnet_utils/nnet_dense_latency.h:42]   --->   Operation 64 'zext' 'zext_ln73_68' <Predicate = true> <Delay = 0.00>
ST_1 : Operation 65 [1/1] (0.00ns)   --->   "%tmp_97 = bitconcatenate i8 @_ssdm_op_BitConcatenate.i8.i7.i1, i7 %data_8_val_read, i1 0" [firmware/nnet_utils/nnet_mult.h:73->firmware/nnet_utils/nnet_dense_latency.h:42]   --->   Operation 65 'bitconcatenate' 'tmp_97' <Predicate = true> <Delay = 0.00>
ST_1 : Operation 66 [1/1] (0.00ns)   --->   "%zext_ln73_69 = zext i8 %tmp_97" [firmware/nnet_utils/nnet_mult.h:73->firmware/nnet_utils/nnet_dense_latency.h:42]   --->   Operation 66 'zext' 'zext_ln73_69' <Predicate = true> <Delay = 0.00>
ST_1 : Operation 67 [1/1] (0.72ns)   --->   "%add_ln73_1 = add i11 %zext_ln73_68, i11 %zext_ln73_69" [firmware/nnet_utils/nnet_mult.h:73->firmware/nnet_utils/nnet_dense_latency.h:42]   --->   Operation 67 'add' 'add_ln73_1' <Predicate = true> <Delay = 0.72> <CoreInst = "Adder">   --->   Core 1 'Adder' <Latency = 0> <II = 1> <Delay = 0.72> <FuncUnit> <Opcode : 'add' 'sub'> <InPorts = 2> <OutPorts = 1>
ST_1 : Operation 68 [1/1] (0.00ns)   --->   "%zext_ln73_40 = zext i11 %add_ln73_1" [firmware/nnet_utils/nnet_mult.h:73->firmware/nnet_utils/nnet_dense_latency.h:42]   --->   Operation 68 'zext' 'zext_ln73_40' <Predicate = true> <Delay = 0.00>
ST_1 : Operation 69 [1/1] (0.00ns)   --->   "%zext_ln73_70 = zext i8 %tmp_97" [firmware/nnet_utils/nnet_mult.h:73->firmware/nnet_utils/nnet_dense_latency.h:42]   --->   Operation 69 'zext' 'zext_ln73_70' <Predicate = true> <Delay = 0.00>
ST_1 : Operation 70 [1/1] (0.70ns)   --->   "%sub_ln73_31 = sub i9 0, i9 %zext_ln73_70" [firmware/nnet_utils/nnet_mult.h:73->firmware/nnet_utils/nnet_dense_latency.h:42]   --->   Operation 70 'sub' 'sub_ln73_31' <Predicate = true> <Delay = 0.70> <CoreInst = "Adder">   --->   Core 1 'Adder' <Latency = 0> <II = 1> <Delay = 0.70> <FuncUnit> <Opcode : 'add' 'sub'> <InPorts = 2> <OutPorts = 1>
ST_1 : Operation 71 [1/1] (0.00ns)   --->   "%mul_ln73_11_cast = sext i9 %sub_ln73_31" [firmware/nnet_utils/nnet_mult.h:73->firmware/nnet_utils/nnet_dense_latency.h:42]   --->   Operation 71 'sext' 'mul_ln73_11_cast' <Predicate = true> <Delay = 0.00>
ST_1 : Operation 72 [1/1] (0.00ns)   --->   "%zext_ln70_4 = zext i6 %data_12_val_read" [firmware/nnet_utils/nnet_mult.h:70->firmware/nnet_utils/nnet_dense_latency.h:42]   --->   Operation 72 'zext' 'zext_ln70_4' <Predicate = true> <Delay = 0.00>
ST_1 : Operation 73 [1/1] (0.00ns)   --->   "%tmp_98 = bitconcatenate i12 @_ssdm_op_BitConcatenate.i12.i6.i6, i6 %data_12_val_read, i6 0" [firmware/nnet_utils/nnet_mult.h:73->firmware/nnet_utils/nnet_dense_latency.h:42]   --->   Operation 73 'bitconcatenate' 'tmp_98' <Predicate = true> <Delay = 0.00>
ST_1 : Operation 74 [1/1] (0.00ns)   --->   "%zext_ln73_71 = zext i12 %tmp_98" [firmware/nnet_utils/nnet_mult.h:73->firmware/nnet_utils/nnet_dense_latency.h:42]   --->   Operation 74 'zext' 'zext_ln73_71' <Predicate = true> <Delay = 0.00>
ST_1 : Operation 75 [1/1] (0.00ns)   --->   "%tmp_99 = bitconcatenate i10 @_ssdm_op_BitConcatenate.i10.i6.i4, i6 %data_12_val_read, i4 0" [firmware/nnet_utils/nnet_mult.h:73->firmware/nnet_utils/nnet_dense_latency.h:42]   --->   Operation 75 'bitconcatenate' 'tmp_99' <Predicate = true> <Delay = 0.00>
ST_1 : Operation 76 [1/1] (0.00ns)   --->   "%zext_ln73_72 = zext i10 %tmp_99" [firmware/nnet_utils/nnet_mult.h:73->firmware/nnet_utils/nnet_dense_latency.h:42]   --->   Operation 76 'zext' 'zext_ln73_72' <Predicate = true> <Delay = 0.00>
ST_1 : Operation 77 [1/1] (0.00ns) (grouped into TernaryAdder)   --->   "%sub_ln73_32 = sub i13 %zext_ln73_72, i13 %zext_ln73_71" [firmware/nnet_utils/nnet_mult.h:73->firmware/nnet_utils/nnet_dense_latency.h:42]   --->   Operation 77 'sub' 'sub_ln73_32' <Predicate = true> <Delay = 0.00> <CoreInst = "TAddSub">   --->   Core 10 'TAddSub' <Latency = 0> <II = 1> <Delay = 0.33> <IPBlock> <Opcode : '' 'add' 'sub'> <InPorts = 3> <OutPorts = 1> <Sync> <CReg>
ST_1 : Operation 78 [1/1] (0.00ns)   --->   "%shl_ln73_2 = bitconcatenate i8 @_ssdm_op_BitConcatenate.i8.i6.i2, i6 %data_12_val_read, i2 0" [firmware/nnet_utils/nnet_mult.h:73->firmware/nnet_utils/nnet_dense_latency.h:42]   --->   Operation 78 'bitconcatenate' 'shl_ln73_2' <Predicate = true> <Delay = 0.00>
ST_1 : Operation 79 [1/1] (0.00ns)   --->   "%zext_ln73_41 = zext i8 %shl_ln73_2" [firmware/nnet_utils/nnet_mult.h:73->firmware/nnet_utils/nnet_dense_latency.h:42]   --->   Operation 79 'zext' 'zext_ln73_41' <Predicate = true> <Delay = 0.00>
ST_1 : Operation 80 [1/1] (0.00ns)   --->   "%shl_ln73_3 = bitconcatenate i9 @_ssdm_op_BitConcatenate.i9.i6.i3, i6 %data_12_val_read, i3 0" [firmware/nnet_utils/nnet_mult.h:73->firmware/nnet_utils/nnet_dense_latency.h:42]   --->   Operation 80 'bitconcatenate' 'shl_ln73_3' <Predicate = true> <Delay = 0.00>
ST_1 : Operation 81 [1/1] (0.00ns)   --->   "%shl_ln73_3_cast = zext i9 %shl_ln73_3" [firmware/nnet_utils/nnet_mult.h:73->firmware/nnet_utils/nnet_dense_latency.h:42]   --->   Operation 81 'zext' 'shl_ln73_3_cast' <Predicate = true> <Delay = 0.00>
ST_1 : Operation 82 [1/1] (0.00ns)   --->   "%zext_ln70_5 = zext i6 %data_21_val_read" [firmware/nnet_utils/nnet_mult.h:70->firmware/nnet_utils/nnet_dense_latency.h:42]   --->   Operation 82 'zext' 'zext_ln70_5' <Predicate = true> <Delay = 0.00>
ST_1 : Operation 83 [1/1] (0.00ns)   --->   "%zext_ln70_6 = zext i6 %data_21_val_read" [firmware/nnet_utils/nnet_mult.h:70->firmware/nnet_utils/nnet_dense_latency.h:42]   --->   Operation 83 'zext' 'zext_ln70_6' <Predicate = true> <Delay = 0.00>
ST_1 : Operation 84 [1/1] (0.00ns)   --->   "%tmp_100 = bitconcatenate i11 @_ssdm_op_BitConcatenate.i11.i6.i5, i6 %data_21_val_read, i5 0" [firmware/nnet_utils/nnet_mult.h:73->firmware/nnet_utils/nnet_dense_latency.h:42]   --->   Operation 84 'bitconcatenate' 'tmp_100' <Predicate = true> <Delay = 0.00>
ST_1 : Operation 85 [1/1] (0.00ns)   --->   "%zext_ln73_73 = zext i11 %tmp_100" [firmware/nnet_utils/nnet_mult.h:73->firmware/nnet_utils/nnet_dense_latency.h:42]   --->   Operation 85 'zext' 'zext_ln73_73' <Predicate = true> <Delay = 0.00>
ST_1 : Operation 86 [1/1] (0.00ns)   --->   "%tmp_101 = bitconcatenate i8 @_ssdm_op_BitConcatenate.i8.i6.i2, i6 %data_21_val_read, i2 0" [firmware/nnet_utils/nnet_mult.h:73->firmware/nnet_utils/nnet_dense_latency.h:42]   --->   Operation 86 'bitconcatenate' 'tmp_101' <Predicate = true> <Delay = 0.00>
ST_1 : Operation 87 [1/1] (0.00ns)   --->   "%zext_ln73_74 = zext i8 %tmp_101" [firmware/nnet_utils/nnet_mult.h:73->firmware/nnet_utils/nnet_dense_latency.h:42]   --->   Operation 87 'zext' 'zext_ln73_74' <Predicate = true> <Delay = 0.00>
ST_1 : Operation 88 [1/1] (0.73ns)   --->   "%sub_ln73_33 = sub i12 %zext_ln73_74, i12 %zext_ln73_73" [firmware/nnet_utils/nnet_mult.h:73->firmware/nnet_utils/nnet_dense_latency.h:42]   --->   Operation 88 'sub' 'sub_ln73_33' <Predicate = true> <Delay = 0.73> <CoreInst = "Adder">   --->   Core 1 'Adder' <Latency = 0> <II = 1> <Delay = 0.73> <FuncUnit> <Opcode : 'add' 'sub'> <InPorts = 2> <OutPorts = 1>
ST_1 : Operation 89 [1/1] (0.00ns)   --->   "%sext_ln73_2 = sext i12 %sub_ln73_33" [firmware/nnet_utils/nnet_mult.h:73->firmware/nnet_utils/nnet_dense_latency.h:42]   --->   Operation 89 'sext' 'sext_ln73_2' <Predicate = true> <Delay = 0.00>
ST_1 : Operation 90 [1/1] (0.73ns)   --->   "%add_ln73_2 = add i12 %zext_ln73_73, i12 %zext_ln70_6" [firmware/nnet_utils/nnet_mult.h:73->firmware/nnet_utils/nnet_dense_latency.h:42]   --->   Operation 90 'add' 'add_ln73_2' <Predicate = true> <Delay = 0.73> <CoreInst = "Adder">   --->   Core 1 'Adder' <Latency = 0> <II = 1> <Delay = 0.73> <FuncUnit> <Opcode : 'add' 'sub'> <InPorts = 2> <OutPorts = 1>
ST_1 : Operation 91 [1/1] (0.00ns)   --->   "%zext_ln73_42 = zext i12 %add_ln73_2" [firmware/nnet_utils/nnet_mult.h:73->firmware/nnet_utils/nnet_dense_latency.h:42]   --->   Operation 91 'zext' 'zext_ln73_42' <Predicate = true> <Delay = 0.00>
ST_1 : Operation 92 [1/1] (0.00ns)   --->   "%tmp_102 = bitconcatenate i7 @_ssdm_op_BitConcatenate.i7.i6.i1, i6 %data_21_val_read, i1 0" [firmware/nnet_utils/nnet_mult.h:73->firmware/nnet_utils/nnet_dense_latency.h:42]   --->   Operation 92 'bitconcatenate' 'tmp_102' <Predicate = true> <Delay = 0.00>
ST_1 : Operation 93 [1/1] (0.00ns)   --->   "%zext_ln73_75 = zext i7 %tmp_102" [firmware/nnet_utils/nnet_mult.h:73->firmware/nnet_utils/nnet_dense_latency.h:42]   --->   Operation 93 'zext' 'zext_ln73_75' <Predicate = true> <Delay = 0.00>
ST_1 : Operation 94 [1/1] (0.73ns)   --->   "%add_ln73_3 = add i12 %zext_ln73_73, i12 %zext_ln73_75" [firmware/nnet_utils/nnet_mult.h:73->firmware/nnet_utils/nnet_dense_latency.h:42]   --->   Operation 94 'add' 'add_ln73_3' <Predicate = true> <Delay = 0.73> <CoreInst = "Adder">   --->   Core 1 'Adder' <Latency = 0> <II = 1> <Delay = 0.73> <FuncUnit> <Opcode : 'add' 'sub'> <InPorts = 2> <OutPorts = 1>
ST_1 : Operation 95 [1/1] (0.00ns)   --->   "%mul_ln73_15_cast = zext i12 %add_ln73_3" [firmware/nnet_utils/nnet_mult.h:73->firmware/nnet_utils/nnet_dense_latency.h:42]   --->   Operation 95 'zext' 'mul_ln73_15_cast' <Predicate = true> <Delay = 0.00>
ST_1 : Operation 96 [1/1] (0.00ns)   --->   "%zext_ln70_7 = zext i8 %data_24_val_read" [firmware/nnet_utils/nnet_mult.h:70->firmware/nnet_utils/nnet_dense_latency.h:42]   --->   Operation 96 'zext' 'zext_ln70_7' <Predicate = true> <Delay = 0.00>
ST_1 : Operation 97 [1/1] (0.00ns)   --->   "%p_shl10 = bitconcatenate i12 @_ssdm_op_BitConcatenate.i12.i8.i4, i8 %data_24_val_read, i4 0" [firmware/nnet_utils/nnet_mult.h:73->firmware/nnet_utils/nnet_dense_latency.h:42]   --->   Operation 97 'bitconcatenate' 'p_shl10' <Predicate = true> <Delay = 0.00>
ST_1 : Operation 98 [1/1] (0.00ns)   --->   "%tmp_103 = bitconcatenate i10 @_ssdm_op_BitConcatenate.i10.i8.i2, i8 %data_24_val_read, i2 0" [firmware/nnet_utils/nnet_mult.h:73->firmware/nnet_utils/nnet_dense_latency.h:42]   --->   Operation 98 'bitconcatenate' 'tmp_103' <Predicate = true> <Delay = 0.00>
ST_1 : Operation 99 [1/1] (0.00ns)   --->   "%zext_ln73_76 = zext i10 %tmp_103" [firmware/nnet_utils/nnet_mult.h:73->firmware/nnet_utils/nnet_dense_latency.h:42]   --->   Operation 99 'zext' 'zext_ln73_76' <Predicate = true> <Delay = 0.00>
ST_1 : Operation 100 [1/1] (0.00ns) (grouped into TernaryAdder)   --->   "%sub_ln73_34 = sub i12 %p_shl10, i12 %zext_ln73_76" [firmware/nnet_utils/nnet_mult.h:73->firmware/nnet_utils/nnet_dense_latency.h:42]   --->   Operation 100 'sub' 'sub_ln73_34' <Predicate = true> <Delay = 0.00> <CoreInst = "TAddSub">   --->   Core 10 'TAddSub' <Latency = 0> <II = 1> <Delay = 0.33> <IPBlock> <Opcode : '' 'add' 'sub'> <InPorts = 3> <OutPorts = 1> <Sync> <CReg>
ST_1 : Operation 101 [1/1] (0.00ns)   --->   "%tmp_104 = bitconcatenate i13 @_ssdm_op_BitConcatenate.i13.i8.i5, i8 %data_24_val_read, i5 0" [firmware/nnet_utils/nnet_mult.h:73->firmware/nnet_utils/nnet_dense_latency.h:42]   --->   Operation 101 'bitconcatenate' 'tmp_104' <Predicate = true> <Delay = 0.00>
ST_1 : Operation 102 [1/1] (0.00ns)   --->   "%zext_ln73_77 = zext i13 %tmp_104" [firmware/nnet_utils/nnet_mult.h:73->firmware/nnet_utils/nnet_dense_latency.h:42]   --->   Operation 102 'zext' 'zext_ln73_77' <Predicate = true> <Delay = 0.00>
ST_1 : Operation 103 [1/1] (0.00ns)   --->   "%tmp_105 = bitconcatenate i11 @_ssdm_op_BitConcatenate.i11.i8.i3, i8 %data_24_val_read, i3 0" [firmware/nnet_utils/nnet_mult.h:73->firmware/nnet_utils/nnet_dense_latency.h:42]   --->   Operation 103 'bitconcatenate' 'tmp_105' <Predicate = true> <Delay = 0.00>
ST_1 : Operation 104 [1/1] (0.00ns)   --->   "%zext_ln73_78 = zext i11 %tmp_105" [firmware/nnet_utils/nnet_mult.h:73->firmware/nnet_utils/nnet_dense_latency.h:42]   --->   Operation 104 'zext' 'zext_ln73_78' <Predicate = true> <Delay = 0.00>
ST_1 : Operation 105 [1/1] (0.00ns) (grouped into TernaryAdder)   --->   "%sub_ln73_35 = sub i14 %zext_ln73_78, i14 %zext_ln73_77" [firmware/nnet_utils/nnet_mult.h:73->firmware/nnet_utils/nnet_dense_latency.h:42]   --->   Operation 105 'sub' 'sub_ln73_35' <Predicate = true> <Delay = 0.00> <CoreInst = "TAddSub">   --->   Core 10 'TAddSub' <Latency = 0> <II = 1> <Delay = 0.33> <IPBlock> <Opcode : '' 'add' 'sub'> <InPorts = 3> <OutPorts = 1> <Sync> <CReg>
ST_1 : Operation 106 [1/1] (0.00ns)   --->   "%zext_ln70_8 = zext i8 %data_30_val_read" [firmware/nnet_utils/nnet_mult.h:70->firmware/nnet_utils/nnet_dense_latency.h:42]   --->   Operation 106 'zext' 'zext_ln70_8' <Predicate = true> <Delay = 0.00>
ST_1 : Operation 107 [1/1] (0.00ns)   --->   "%shl_ln73_4 = bitconcatenate i11 @_ssdm_op_BitConcatenate.i11.i8.i3, i8 %data_30_val_read, i3 0" [firmware/nnet_utils/nnet_mult.h:73->firmware/nnet_utils/nnet_dense_latency.h:42]   --->   Operation 107 'bitconcatenate' 'shl_ln73_4' <Predicate = true> <Delay = 0.00>
ST_1 : Operation 108 [1/1] (0.00ns)   --->   "%zext_ln73_43 = zext i11 %shl_ln73_4" [firmware/nnet_utils/nnet_mult.h:73->firmware/nnet_utils/nnet_dense_latency.h:42]   --->   Operation 108 'zext' 'zext_ln73_43' <Predicate = true> <Delay = 0.00>
ST_1 : Operation 109 [1/1] (0.00ns)   --->   "%shl_ln73_5 = bitconcatenate i10 @_ssdm_op_BitConcatenate.i10.i8.i2, i8 %data_30_val_read, i2 0" [firmware/nnet_utils/nnet_mult.h:73->firmware/nnet_utils/nnet_dense_latency.h:42]   --->   Operation 109 'bitconcatenate' 'shl_ln73_5' <Predicate = true> <Delay = 0.00>
ST_1 : Operation 110 [1/1] (0.00ns)   --->   "%zext_ln73_44 = zext i10 %shl_ln73_5" [firmware/nnet_utils/nnet_mult.h:73->firmware/nnet_utils/nnet_dense_latency.h:42]   --->   Operation 110 'zext' 'zext_ln73_44' <Predicate = true> <Delay = 0.00>
ST_1 : Operation 111 [1/1] (0.00ns)   --->   "%tmp_106 = bitconcatenate i15 @_ssdm_op_BitConcatenate.i15.i8.i7, i8 %data_30_val_read, i7 0" [firmware/nnet_utils/nnet_mult.h:73->firmware/nnet_utils/nnet_dense_latency.h:42]   --->   Operation 111 'bitconcatenate' 'tmp_106' <Predicate = true> <Delay = 0.00>
ST_1 : Operation 112 [1/1] (0.00ns)   --->   "%zext_ln73_79 = zext i15 %tmp_106" [firmware/nnet_utils/nnet_mult.h:73->firmware/nnet_utils/nnet_dense_latency.h:42]   --->   Operation 112 'zext' 'zext_ln73_79' <Predicate = true> <Delay = 0.00>
ST_1 : Operation 113 [1/1] (0.00ns)   --->   "%tmp_107 = bitconcatenate i13 @_ssdm_op_BitConcatenate.i13.i8.i5, i8 %data_30_val_read, i5 0" [firmware/nnet_utils/nnet_mult.h:73->firmware/nnet_utils/nnet_dense_latency.h:42]   --->   Operation 113 'bitconcatenate' 'tmp_107' <Predicate = true> <Delay = 0.00>
ST_1 : Operation 114 [1/1] (0.00ns)   --->   "%zext_ln73_80 = zext i13 %tmp_107" [firmware/nnet_utils/nnet_mult.h:73->firmware/nnet_utils/nnet_dense_latency.h:42]   --->   Operation 114 'zext' 'zext_ln73_80' <Predicate = true> <Delay = 0.00>
ST_1 : Operation 115 [1/1] (0.00ns) (grouped into TernaryAdder)   --->   "%sub_ln73_36 = sub i16 %zext_ln73_80, i16 %zext_ln73_79" [firmware/nnet_utils/nnet_mult.h:73->firmware/nnet_utils/nnet_dense_latency.h:42]   --->   Operation 115 'sub' 'sub_ln73_36' <Predicate = true> <Delay = 0.00> <CoreInst = "TAddSub">   --->   Core 10 'TAddSub' <Latency = 0> <II = 1> <Delay = 0.33> <IPBlock> <Opcode : '' 'add' 'sub'> <InPorts = 3> <OutPorts = 1> <Sync> <CReg>
ST_1 : Operation 116 [1/1] (0.70ns)   --->   "%tmp = sub i8 %zext_ln70_4, i8 %zext_ln70_2" [firmware/nnet_utils/nnet_mult.h:70->firmware/nnet_utils/nnet_dense_latency.h:42]   --->   Operation 116 'sub' 'tmp' <Predicate = true> <Delay = 0.70> <CoreInst = "Adder">   --->   Core 1 'Adder' <Latency = 0> <II = 1> <Delay = 0.70> <FuncUnit> <Opcode : 'add' 'sub'> <InPorts = 2> <OutPorts = 1>
ST_1 : Operation 117 [1/1] (0.00ns)   --->   "%tmp_108 = bitconcatenate i13 @_ssdm_op_BitConcatenate.i13.i8.i5, i8 %tmp, i5 0" [firmware/nnet_utils/nnet_mult.h:70->firmware/nnet_utils/nnet_dense_latency.h:42]   --->   Operation 117 'bitconcatenate' 'tmp_108' <Predicate = true> <Delay = 0.00>
ST_1 : Operation 118 [1/1] (0.00ns)   --->   "%p_shl36 = sext i13 %tmp_108" [firmware/nnet_utils/nnet_mult.h:70->firmware/nnet_utils/nnet_dense_latency.h:42]   --->   Operation 118 'sext' 'p_shl36' <Predicate = true> <Delay = 0.00>
ST_1 : Operation 119 [1/1] (0.00ns)   --->   "%tmp_109 = bitconcatenate i11 @_ssdm_op_BitConcatenate.i11.i8.i3, i8 %tmp, i3 0" [firmware/nnet_utils/nnet_mult.h:70->firmware/nnet_utils/nnet_dense_latency.h:42]   --->   Operation 119 'bitconcatenate' 'tmp_109' <Predicate = true> <Delay = 0.00>
ST_1 : Operation 120 [1/1] (0.00ns)   --->   "%p_shl37 = sext i11 %tmp_109" [firmware/nnet_utils/nnet_mult.h:70->firmware/nnet_utils/nnet_dense_latency.h:42]   --->   Operation 120 'sext' 'p_shl37' <Predicate = true> <Delay = 0.00>
ST_1 : Operation 121 [1/1] (0.75ns)   --->   "%tmp1 = sub i14 %p_shl36, i14 %p_shl37" [firmware/nnet_utils/nnet_mult.h:70->firmware/nnet_utils/nnet_dense_latency.h:42]   --->   Operation 121 'sub' 'tmp1' <Predicate = true> <Delay = 0.75> <CoreInst = "Adder">   --->   Core 1 'Adder' <Latency = 0> <II = 1> <Delay = 0.75> <FuncUnit> <Opcode : 'add' 'sub'> <InPorts = 2> <OutPorts = 1>
ST_1 : Operation 122 [1/1] (0.73ns) (root node of TernaryAdder)   --->   "%add_ln58 = add i13 %zext_ln73_38, i13 %sub_ln73_26" [firmware/nnet_utils/nnet_dense_latency.h:58]   --->   Operation 122 'add' 'add_ln58' <Predicate = true> <Delay = 0.73> <CoreInst = "TAddSub">   --->   Core 10 'TAddSub' <Latency = 0> <II = 1> <Delay = 0.33> <IPBlock> <Opcode : '' 'add' 'sub'> <InPorts = 3> <OutPorts = 1> <Sync> <CReg>
ST_1 : Operation 123 [1/1] (0.00ns)   --->   "%sext_ln58 = sext i13 %add_ln58" [firmware/nnet_utils/nnet_dense_latency.h:58]   --->   Operation 123 'sext' 'sext_ln58' <Predicate = true> <Delay = 0.00>
ST_1 : Operation 124 [1/1] (0.75ns)   --->   "%add_ln58_55 = add i14 %sext_ln58, i14 %zext_ln73" [firmware/nnet_utils/nnet_dense_latency.h:58]   --->   Operation 124 'add' 'add_ln58_55' <Predicate = true> <Delay = 0.75> <CoreInst = "Adder">   --->   Core 1 'Adder' <Latency = 0> <II = 1> <Delay = 0.75> <FuncUnit> <Opcode : 'add' 'sub'> <InPorts = 2> <OutPorts = 1>
ST_1 : Operation 125 [1/1] (0.00ns)   --->   "%sext_ln58_29 = sext i14 %add_ln58_55" [firmware/nnet_utils/nnet_dense_latency.h:58]   --->   Operation 125 'sext' 'sext_ln58_29' <Predicate = true> <Delay = 0.00>
ST_1 : Operation 126 [1/1] (0.00ns) (grouped into TernaryAdder)   --->   "%add_ln58_56 = add i14 %sext_ln73_2, i14 %tmp1" [firmware/nnet_utils/nnet_dense_latency.h:58]   --->   Operation 126 'add' 'add_ln58_56' <Predicate = true> <Delay = 0.00> <CoreInst = "TAddSub">   --->   Core 10 'TAddSub' <Latency = 0> <II = 1> <Delay = 0.33> <IPBlock> <Opcode : '' 'add' 'sub'> <InPorts = 3> <OutPorts = 1> <Sync> <CReg>
ST_1 : Operation 127 [1/1] (0.75ns) (root node of TernaryAdder)   --->   "%add_ln58_57 = add i12 %sub_ln73_34, i12 540" [firmware/nnet_utils/nnet_dense_latency.h:58]   --->   Operation 127 'add' 'add_ln58_57' <Predicate = true> <Delay = 0.75> <CoreInst = "TAddSub">   --->   Core 10 'TAddSub' <Latency = 0> <II = 1> <Delay = 0.33> <IPBlock> <Opcode : '' 'add' 'sub'> <InPorts = 3> <OutPorts = 1> <Sync> <CReg>
ST_1 : Operation 128 [1/1] (0.00ns)   --->   "%zext_ln58 = zext i12 %add_ln58_57" [firmware/nnet_utils/nnet_dense_latency.h:58]   --->   Operation 128 'zext' 'zext_ln58' <Predicate = true> <Delay = 0.00>
ST_1 : Operation 129 [1/1] (0.71ns) (root node of TernaryAdder)   --->   "%add_ln58_58 = add i14 %zext_ln58, i14 %add_ln58_56" [firmware/nnet_utils/nnet_dense_latency.h:58]   --->   Operation 129 'add' 'add_ln58_58' <Predicate = true> <Delay = 0.71> <CoreInst = "TAddSub">   --->   Core 10 'TAddSub' <Latency = 0> <II = 1> <Delay = 0.33> <IPBlock> <Opcode : '' 'add' 'sub'> <InPorts = 3> <OutPorts = 1> <Sync> <CReg>
ST_1 : Operation 130 [1/1] (0.00ns)   --->   "%sext_ln58_30 = sext i14 %add_ln58_58" [firmware/nnet_utils/nnet_dense_latency.h:58]   --->   Operation 130 'sext' 'sext_ln58_30' <Predicate = true> <Delay = 0.00>
ST_1 : Operation 131 [1/1] (0.76ns)   --->   "%add_ln58_59 = add i15 %sext_ln58_30, i15 %sext_ln58_29" [firmware/nnet_utils/nnet_dense_latency.h:58]   --->   Operation 131 'add' 'add_ln58_59' <Predicate = true> <Delay = 0.76> <CoreInst = "Adder">   --->   Core 1 'Adder' <Latency = 0> <II = 1> <Delay = 0.76> <FuncUnit> <Opcode : 'add' 'sub'> <InPorts = 2> <OutPorts = 1>
ST_1 : Operation 132 [1/1] (0.70ns)   --->   "%tmp2 = add i9 %zext_ln70_7, i9 %zext_ln70_3" [firmware/nnet_utils/nnet_mult.h:70->firmware/nnet_utils/nnet_dense_latency.h:42]   --->   Operation 132 'add' 'tmp2' <Predicate = true> <Delay = 0.70> <CoreInst = "Adder">   --->   Core 1 'Adder' <Latency = 0> <II = 1> <Delay = 0.70> <FuncUnit> <Opcode : 'add' 'sub'> <InPorts = 2> <OutPorts = 1>
ST_1 : Operation 133 [1/1] (0.00ns)   --->   "%tmp_110 = bitconcatenate i13 @_ssdm_op_BitConcatenate.i13.i9.i4, i9 %tmp2, i4 0" [firmware/nnet_utils/nnet_mult.h:70->firmware/nnet_utils/nnet_dense_latency.h:42]   --->   Operation 133 'bitconcatenate' 'tmp_110' <Predicate = true> <Delay = 0.00>
ST_1 : Operation 134 [1/1] (0.00ns)   --->   "%p_shl35 = zext i13 %tmp_110" [firmware/nnet_utils/nnet_mult.h:70->firmware/nnet_utils/nnet_dense_latency.h:42]   --->   Operation 134 'zext' 'p_shl35' <Predicate = true> <Delay = 0.00>
ST_1 : Operation 135 [1/1] (0.73ns) (root node of TernaryAdder)   --->   "%add_ln58_60 = add i13 %sext_ln73_1, i13 %sub_ln73_28" [firmware/nnet_utils/nnet_dense_latency.h:58]   --->   Operation 135 'add' 'add_ln58_60' <Predicate = true> <Delay = 0.73> <CoreInst = "TAddSub">   --->   Core 10 'TAddSub' <Latency = 0> <II = 1> <Delay = 0.33> <IPBlock> <Opcode : '' 'add' 'sub'> <InPorts = 3> <OutPorts = 1> <Sync> <CReg>
ST_1 : Operation 136 [1/1] (0.00ns)   --->   "%sext_ln58_31 = sext i13 %add_ln58_60" [firmware/nnet_utils/nnet_dense_latency.h:58]   --->   Operation 136 'sext' 'sext_ln58_31' <Predicate = true> <Delay = 0.00>
ST_1 : Operation 137 [1/1] (0.75ns)   --->   "%add_ln58_61 = add i14 %sext_ln58_31, i14 %zext_ln73_36" [firmware/nnet_utils/nnet_dense_latency.h:58]   --->   Operation 137 'add' 'add_ln58_61' <Predicate = true> <Delay = 0.75> <CoreInst = "Adder">   --->   Core 1 'Adder' <Latency = 0> <II = 1> <Delay = 0.75> <FuncUnit> <Opcode : 'add' 'sub'> <InPorts = 2> <OutPorts = 1>
ST_1 : Operation 138 [1/1] (0.00ns)   --->   "%sext_ln58_32 = sext i14 %add_ln58_61" [firmware/nnet_utils/nnet_dense_latency.h:58]   --->   Operation 138 'sext' 'sext_ln58_32' <Predicate = true> <Delay = 0.00>
ST_1 : Operation 139 [1/1] (0.74ns)   --->   "%add_ln58_62 = add i13 %zext_ln73_42, i13 %zext_ln73_43" [firmware/nnet_utils/nnet_dense_latency.h:58]   --->   Operation 139 'add' 'add_ln58_62' <Predicate = true> <Delay = 0.74> <CoreInst = "Adder">   --->   Core 1 'Adder' <Latency = 0> <II = 1> <Delay = 0.74> <FuncUnit> <Opcode : 'add' 'sub'> <InPorts = 2> <OutPorts = 1>
ST_1 : Operation 140 [1/1] (0.00ns)   --->   "%zext_ln58_9 = zext i13 %add_ln58_62" [firmware/nnet_utils/nnet_dense_latency.h:58]   --->   Operation 140 'zext' 'zext_ln58_9' <Predicate = true> <Delay = 0.00>
ST_1 : Operation 141 [1/1] (0.00ns) (grouped into TernaryAdder)   --->   "%sub_ln58 = sub i14 30, i14 %p_shl35" [firmware/nnet_utils/nnet_dense_latency.h:58]   --->   Operation 141 'sub' 'sub_ln58' <Predicate = true> <Delay = 0.00> <CoreInst = "TAddSub">   --->   Core 10 'TAddSub' <Latency = 0> <II = 1> <Delay = 0.33> <IPBlock> <Opcode : '' 'add' 'sub'> <InPorts = 3> <OutPorts = 1> <Sync> <CReg>
ST_1 : Operation 142 [1/1] (0.71ns) (root node of TernaryAdder)   --->   "%add_ln58_63 = add i14 %sub_ln58, i14 %zext_ln58_9" [firmware/nnet_utils/nnet_dense_latency.h:58]   --->   Operation 142 'add' 'add_ln58_63' <Predicate = true> <Delay = 0.71> <CoreInst = "TAddSub">   --->   Core 10 'TAddSub' <Latency = 0> <II = 1> <Delay = 0.33> <IPBlock> <Opcode : '' 'add' 'sub'> <InPorts = 3> <OutPorts = 1> <Sync> <CReg>
ST_1 : Operation 143 [1/1] (0.00ns)   --->   "%sext_ln58_33 = sext i14 %add_ln58_63" [firmware/nnet_utils/nnet_dense_latency.h:58]   --->   Operation 143 'sext' 'sext_ln58_33' <Predicate = true> <Delay = 0.00>
ST_1 : Operation 144 [1/1] (0.76ns)   --->   "%add_ln58_64 = add i15 %sext_ln58_33, i15 %sext_ln58_32" [firmware/nnet_utils/nnet_dense_latency.h:58]   --->   Operation 144 'add' 'add_ln58_64' <Predicate = true> <Delay = 0.76> <CoreInst = "Adder">   --->   Core 1 'Adder' <Latency = 0> <II = 1> <Delay = 0.76> <FuncUnit> <Opcode : 'add' 'sub'> <InPorts = 2> <OutPorts = 1>
ST_1 : Operation 145 [1/1] (0.00ns)   --->   "%data_21_val_cast18 = zext i6 %data_21_val_read" [firmware/nnet_utils/nnet_dense_latency.h:33]   --->   Operation 145 'zext' 'data_21_val_cast18' <Predicate = true> <Delay = 0.00>
ST_1 : Operation 146 [1/1] (0.70ns)   --->   "%tmp55 = sub i9 %zext_ln70_7, i9 %data_21_val_cast18" [firmware/nnet_utils/nnet_mult.h:70->firmware/nnet_utils/nnet_dense_latency.h:42]   --->   Operation 146 'sub' 'tmp55' <Predicate = true> <Delay = 0.70> <CoreInst = "Adder">   --->   Core 1 'Adder' <Latency = 0> <II = 1> <Delay = 0.70> <FuncUnit> <Opcode : 'add' 'sub'> <InPorts = 2> <OutPorts = 1>
ST_1 : Operation 147 [1/1] (0.00ns)   --->   "%tmp_s = bitconcatenate i12 @_ssdm_op_BitConcatenate.i12.i9.i3, i9 %tmp55, i3 0" [firmware/nnet_utils/nnet_mult.h:70->firmware/nnet_utils/nnet_dense_latency.h:42]   --->   Operation 147 'bitconcatenate' 'tmp_s' <Predicate = true> <Delay = 0.00>
ST_1 : Operation 148 [1/1] (0.00ns)   --->   "%sext_ln58_35 = sext i12 %tmp_s" [firmware/nnet_utils/nnet_dense_latency.h:58]   --->   Operation 148 'sext' 'sext_ln58_35' <Predicate = true> <Delay = 0.00>
ST_1 : Operation 149 [1/1] (0.73ns) (root node of TernaryAdder)   --->   "%add_ln58_65 = add i13 %zext_ln73_52, i13 %sub_ln73_25" [firmware/nnet_utils/nnet_dense_latency.h:58]   --->   Operation 149 'add' 'add_ln58_65' <Predicate = true> <Delay = 0.73> <CoreInst = "TAddSub">   --->   Core 10 'TAddSub' <Latency = 0> <II = 1> <Delay = 0.33> <IPBlock> <Opcode : '' 'add' 'sub'> <InPorts = 3> <OutPorts = 1> <Sync> <CReg>
ST_1 : Operation 150 [1/1] (0.00ns)   --->   "%sext_ln58_34 = sext i13 %add_ln58_65" [firmware/nnet_utils/nnet_dense_latency.h:58]   --->   Operation 150 'sext' 'sext_ln58_34' <Predicate = true> <Delay = 0.00>
ST_1 : Operation 151 [1/1] (0.73ns)   --->   "%add_ln58_66 = add i12 %zext_ln73_39, i12 %zext_ln73_40" [firmware/nnet_utils/nnet_dense_latency.h:58]   --->   Operation 151 'add' 'add_ln58_66' <Predicate = true> <Delay = 0.73> <CoreInst = "Adder">   --->   Core 1 'Adder' <Latency = 0> <II = 1> <Delay = 0.73> <FuncUnit> <Opcode : 'add' 'sub'> <InPorts = 2> <OutPorts = 1>
ST_1 : Operation 152 [1/1] (0.00ns)   --->   "%zext_ln58_10 = zext i12 %add_ln58_66" [firmware/nnet_utils/nnet_dense_latency.h:58]   --->   Operation 152 'zext' 'zext_ln58_10' <Predicate = true> <Delay = 0.00>
ST_1 : Operation 153 [1/1] (0.75ns)   --->   "%add_ln58_67 = add i14 %zext_ln58_10, i14 %sext_ln58_34" [firmware/nnet_utils/nnet_dense_latency.h:58]   --->   Operation 153 'add' 'add_ln58_67' <Predicate = true> <Delay = 0.75> <CoreInst = "Adder">   --->   Core 1 'Adder' <Latency = 0> <II = 1> <Delay = 0.75> <FuncUnit> <Opcode : 'add' 'sub'> <InPorts = 2> <OutPorts = 1>
ST_1 : Operation 154 [1/1] (0.00ns)   --->   "%sext_ln58_36 = sext i14 %add_ln58_67" [firmware/nnet_utils/nnet_dense_latency.h:58]   --->   Operation 154 'sext' 'sext_ln58_36' <Predicate = true> <Delay = 0.00>
ST_1 : Operation 155 [1/1] (0.73ns) (root node of TernaryAdder)   --->   "%add_ln58_68 = add i13 %sub_ln73_32, i13 %zext_ln73_44" [firmware/nnet_utils/nnet_dense_latency.h:58]   --->   Operation 155 'add' 'add_ln58_68' <Predicate = true> <Delay = 0.73> <CoreInst = "TAddSub">   --->   Core 10 'TAddSub' <Latency = 0> <II = 1> <Delay = 0.33> <IPBlock> <Opcode : '' 'add' 'sub'> <InPorts = 3> <OutPorts = 1> <Sync> <CReg>
ST_1 : Operation 156 [1/1] (0.00ns)   --->   "%sext_ln58_37 = sext i13 %add_ln58_68" [firmware/nnet_utils/nnet_dense_latency.h:58]   --->   Operation 156 'sext' 'sext_ln58_37' <Predicate = true> <Delay = 0.00>
ST_1 : Operation 157 [1/1] (0.74ns)   --->   "%add_ln58_69 = add i13 %sext_ln58_35, i13 7876" [firmware/nnet_utils/nnet_dense_latency.h:58]   --->   Operation 157 'add' 'add_ln58_69' <Predicate = true> <Delay = 0.74> <CoreInst = "Adder">   --->   Core 1 'Adder' <Latency = 0> <II = 1> <Delay = 0.74> <FuncUnit> <Opcode : 'add' 'sub'> <InPorts = 2> <OutPorts = 1>
ST_1 : Operation 158 [1/1] (0.00ns)   --->   "%sext_ln58_44 = sext i13 %add_ln58_69" [firmware/nnet_utils/nnet_dense_latency.h:58]   --->   Operation 158 'sext' 'sext_ln58_44' <Predicate = true> <Delay = 0.00>
ST_1 : Operation 159 [1/1] (0.75ns)   --->   "%add_ln58_70 = add i14 %sext_ln58_44, i14 %sext_ln58_37" [firmware/nnet_utils/nnet_dense_latency.h:58]   --->   Operation 159 'add' 'add_ln58_70' <Predicate = true> <Delay = 0.75> <CoreInst = "Adder">   --->   Core 1 'Adder' <Latency = 0> <II = 1> <Delay = 0.75> <FuncUnit> <Opcode : 'add' 'sub'> <InPorts = 2> <OutPorts = 1>
ST_1 : Operation 160 [1/1] (0.00ns)   --->   "%sext_ln58_45 = sext i14 %add_ln58_70" [firmware/nnet_utils/nnet_dense_latency.h:58]   --->   Operation 160 'sext' 'sext_ln58_45' <Predicate = true> <Delay = 0.00>
ST_1 : Operation 161 [1/1] (0.76ns)   --->   "%add_ln58_71 = add i15 %sext_ln58_45, i15 %sext_ln58_36" [firmware/nnet_utils/nnet_dense_latency.h:58]   --->   Operation 161 'add' 'add_ln58_71' <Predicate = true> <Delay = 0.76> <CoreInst = "Adder">   --->   Core 1 'Adder' <Latency = 0> <II = 1> <Delay = 0.76> <FuncUnit> <Opcode : 'add' 'sub'> <InPorts = 2> <OutPorts = 1>
ST_1 : Operation 162 [1/1] (0.70ns)   --->   "%tmp7 = add i9 %zext_ln70_8, i9 %zext_ln70_1" [firmware/nnet_utils/nnet_mult.h:70->firmware/nnet_utils/nnet_dense_latency.h:42]   --->   Operation 162 'add' 'tmp7' <Predicate = true> <Delay = 0.70> <CoreInst = "Adder">   --->   Core 1 'Adder' <Latency = 0> <II = 1> <Delay = 0.70> <FuncUnit> <Opcode : 'add' 'sub'> <InPorts = 2> <OutPorts = 1>
ST_1 : Operation 163 [1/1] (0.00ns)   --->   "%tmp_111 = bitconcatenate i15 @_ssdm_op_BitConcatenate.i15.i9.i6, i9 %tmp7, i6 0" [firmware/nnet_utils/nnet_mult.h:70->firmware/nnet_utils/nnet_dense_latency.h:42]   --->   Operation 163 'bitconcatenate' 'tmp_111' <Predicate = true> <Delay = 0.00>
ST_1 : Operation 164 [1/1] (0.00ns)   --->   "%p_shl34 = zext i15 %tmp_111" [firmware/nnet_utils/nnet_mult.h:70->firmware/nnet_utils/nnet_dense_latency.h:42]   --->   Operation 164 'zext' 'p_shl34' <Predicate = true> <Delay = 0.00>
ST_1 : Operation 165 [1/1] (0.70ns)   --->   "%tmp10 = sub i8 %zext_ln70_2, i8 %zext_ln70" [firmware/nnet_utils/nnet_mult.h:70->firmware/nnet_utils/nnet_dense_latency.h:42]   --->   Operation 165 'sub' 'tmp10' <Predicate = true> <Delay = 0.70> <CoreInst = "Adder">   --->   Core 1 'Adder' <Latency = 0> <II = 1> <Delay = 0.70> <FuncUnit> <Opcode : 'add' 'sub'> <InPorts = 2> <OutPorts = 1>
ST_1 : Operation 166 [1/1] (0.00ns)   --->   "%tmp_112 = bitconcatenate i13 @_ssdm_op_BitConcatenate.i13.i8.i5, i8 %tmp10, i5 0" [firmware/nnet_utils/nnet_dense_latency.h:58]   --->   Operation 166 'bitconcatenate' 'tmp_112' <Predicate = true> <Delay = 0.00>
ST_1 : Operation 167 [1/1] (0.00ns)   --->   "%sext_ln58_46 = sext i13 %tmp_112" [firmware/nnet_utils/nnet_dense_latency.h:58]   --->   Operation 167 'sext' 'sext_ln58_46' <Predicate = true> <Delay = 0.00>
ST_1 : Operation 168 [1/1] (0.00ns)   --->   "%tmp_113 = bitconcatenate i10 @_ssdm_op_BitConcatenate.i10.i8.i2, i8 %tmp10, i2 0" [firmware/nnet_utils/nnet_dense_latency.h:58]   --->   Operation 168 'bitconcatenate' 'tmp_113' <Predicate = true> <Delay = 0.00>
ST_1 : Operation 169 [1/1] (0.00ns)   --->   "%sext_ln58_47 = sext i10 %tmp_113" [firmware/nnet_utils/nnet_dense_latency.h:58]   --->   Operation 169 'sext' 'sext_ln58_47' <Predicate = true> <Delay = 0.00>
ST_1 : Operation 170 [1/1] (0.00ns) (grouped into TernaryAdder)   --->   "%add_ln58_72 = add i14 %sext_ln58_46, i14 %sext_ln58_47" [firmware/nnet_utils/nnet_dense_latency.h:58]   --->   Operation 170 'add' 'add_ln58_72' <Predicate = true> <Delay = 0.00> <CoreInst = "TAddSub">   --->   Core 10 'TAddSub' <Latency = 0> <II = 1> <Delay = 0.33> <IPBlock> <Opcode : '' 'add' 'sub'> <InPorts = 3> <OutPorts = 1> <Sync> <CReg>
ST_1 : Operation 171 [1/1] (0.71ns) (root node of TernaryAdder)   --->   "%add_ln58_73 = add i14 %zext_ln73_41, i14 %add_ln58_72" [firmware/nnet_utils/nnet_dense_latency.h:58]   --->   Operation 171 'add' 'add_ln58_73' <Predicate = true> <Delay = 0.71> <CoreInst = "TAddSub">   --->   Core 10 'TAddSub' <Latency = 0> <II = 1> <Delay = 0.33> <IPBlock> <Opcode : '' 'add' 'sub'> <InPorts = 3> <OutPorts = 1> <Sync> <CReg>
ST_1 : Operation 172 [1/1] (0.00ns)   --->   "%sext_ln58_38 = sext i14 %add_ln58_73" [firmware/nnet_utils/nnet_dense_latency.h:58]   --->   Operation 172 'sext' 'sext_ln58_38' <Predicate = true> <Delay = 0.00>
ST_1 : Operation 173 [1/1] (0.76ns)   --->   "%add_ln58_74 = add i15 %sext_ln58_38, i15 %sext_ln73" [firmware/nnet_utils/nnet_dense_latency.h:58]   --->   Operation 173 'add' 'add_ln58_74' <Predicate = true> <Delay = 0.76> <CoreInst = "Adder">   --->   Core 1 'Adder' <Latency = 0> <II = 1> <Delay = 0.76> <FuncUnit> <Opcode : 'add' 'sub'> <InPorts = 2> <OutPorts = 1>
ST_1 : Operation 174 [1/1] (0.00ns)   --->   "%sext_ln58_39 = sext i15 %add_ln58_74" [firmware/nnet_utils/nnet_dense_latency.h:58]   --->   Operation 174 'sext' 'sext_ln58_39' <Predicate = true> <Delay = 0.00>
ST_1 : Operation 175 [1/1] (0.71ns) (root node of TernaryAdder)   --->   "%add_ln58_75 = add i14 %mul_ln73_15_cast, i14 %sub_ln73_35" [firmware/nnet_utils/nnet_dense_latency.h:58]   --->   Operation 175 'add' 'add_ln58_75' <Predicate = true> <Delay = 0.71> <CoreInst = "TAddSub">   --->   Core 10 'TAddSub' <Latency = 0> <II = 1> <Delay = 0.33> <IPBlock> <Opcode : '' 'add' 'sub'> <InPorts = 3> <OutPorts = 1> <Sync> <CReg>
ST_1 : Operation 176 [1/1] (0.00ns)   --->   "%sext_ln58_40 = sext i14 %add_ln58_75" [firmware/nnet_utils/nnet_dense_latency.h:58]   --->   Operation 176 'sext' 'sext_ln58_40' <Predicate = true> <Delay = 0.00>
ST_1 : Operation 177 [1/1] (0.77ns)   --->   "%sub_ln58_6 = sub i16 65340, i16 %p_shl34" [firmware/nnet_utils/nnet_dense_latency.h:58]   --->   Operation 177 'sub' 'sub_ln58_6' <Predicate = true> <Delay = 0.77> <CoreInst = "Adder">   --->   Core 1 'Adder' <Latency = 0> <II = 1> <Delay = 0.77> <FuncUnit> <Opcode : 'add' 'sub'> <InPorts = 2> <OutPorts = 1>
ST_1 : Operation 178 [1/1] (0.00ns) (grouped into TernaryAdder)   --->   "%add_ln58_76 = add i16 %sub_ln58_6, i16 %sext_ln58_40" [firmware/nnet_utils/nnet_dense_latency.h:58]   --->   Operation 178 'add' 'add_ln58_76' <Predicate = true> <Delay = 0.00> <CoreInst = "TAddSub">   --->   Core 10 'TAddSub' <Latency = 0> <II = 1> <Delay = 0.33> <IPBlock> <Opcode : '' 'add' 'sub'> <InPorts = 3> <OutPorts = 1> <Sync> <CReg>
ST_1 : Operation 179 [1/1] (0.67ns) (root node of TernaryAdder)   --->   "%add_ln58_77 = add i16 %add_ln58_76, i16 %sext_ln58_39" [firmware/nnet_utils/nnet_dense_latency.h:58]   --->   Operation 179 'add' 'add_ln58_77' <Predicate = true> <Delay = 0.67> <CoreInst = "TAddSub">   --->   Core 10 'TAddSub' <Latency = 0> <II = 1> <Delay = 0.33> <IPBlock> <Opcode : '' 'add' 'sub'> <InPorts = 3> <OutPorts = 1> <Sync> <CReg>
ST_1 : Operation 180 [1/1] (0.70ns)   --->   "%tmp12 = add i8 %zext_ln70_5, i8 %zext_ln70" [firmware/nnet_utils/nnet_mult.h:70->firmware/nnet_utils/nnet_dense_latency.h:42]   --->   Operation 180 'add' 'tmp12' <Predicate = true> <Delay = 0.70> <CoreInst = "Adder">   --->   Core 1 'Adder' <Latency = 0> <II = 1> <Delay = 0.70> <FuncUnit> <Opcode : 'add' 'sub'> <InPorts = 2> <OutPorts = 1>
ST_1 : Operation 181 [1/1] (0.00ns)   --->   "%tmp_114 = bitconcatenate i13 @_ssdm_op_BitConcatenate.i13.i8.i5, i8 %tmp12, i5 0" [firmware/nnet_utils/nnet_mult.h:70->firmware/nnet_utils/nnet_dense_latency.h:42]   --->   Operation 181 'bitconcatenate' 'tmp_114' <Predicate = true> <Delay = 0.00>
ST_1 : Operation 182 [1/1] (0.00ns)   --->   "%p_shl = zext i13 %tmp_114" [firmware/nnet_utils/nnet_mult.h:70->firmware/nnet_utils/nnet_dense_latency.h:42]   --->   Operation 182 'zext' 'p_shl' <Predicate = true> <Delay = 0.00>
ST_1 : Operation 183 [1/1] (0.00ns)   --->   "%tmp_115 = bitconcatenate i10 @_ssdm_op_BitConcatenate.i10.i8.i2, i8 %tmp12, i2 0" [firmware/nnet_utils/nnet_mult.h:70->firmware/nnet_utils/nnet_dense_latency.h:42]   --->   Operation 183 'bitconcatenate' 'tmp_115' <Predicate = true> <Delay = 0.00>
ST_1 : Operation 184 [1/1] (0.00ns)   --->   "%p_shl31 = zext i10 %tmp_115" [firmware/nnet_utils/nnet_mult.h:70->firmware/nnet_utils/nnet_dense_latency.h:42]   --->   Operation 184 'zext' 'p_shl31' <Predicate = true> <Delay = 0.00>
ST_1 : Operation 185 [1/1] (0.00ns) (grouped into TernaryAdder)   --->   "%tmp13 = add i14 %p_shl, i14 %p_shl31" [firmware/nnet_utils/nnet_mult.h:70->firmware/nnet_utils/nnet_dense_latency.h:42]   --->   Operation 185 'add' 'tmp13' <Predicate = true> <Delay = 0.00> <CoreInst = "TAddSub">   --->   Core 10 'TAddSub' <Latency = 0> <II = 1> <Delay = 0.33> <IPBlock> <Opcode : '' 'add' 'sub'> <InPorts = 3> <OutPorts = 1> <Sync> <CReg>
ST_1 : Operation 186 [1/1] (0.00ns) (grouped into TernaryAdder)   --->   "%add_ln58_78 = add i14 %sub_ln73_23, i14 %mul_ln73_9_cast" [firmware/nnet_utils/nnet_dense_latency.h:58]   --->   Operation 186 'add' 'add_ln58_78' <Predicate = true> <Delay = 0.00> <CoreInst = "TAddSub">   --->   Core 10 'TAddSub' <Latency = 0> <II = 1> <Delay = 0.33> <IPBlock> <Opcode : '' 'add' 'sub'> <InPorts = 3> <OutPorts = 1> <Sync> <CReg>
ST_1 : Operation 187 [1/1] (0.71ns)   --->   "%add_ln58_79 = add i10 %mul_ln73_11_cast, i10 %shl_ln73_3_cast" [firmware/nnet_utils/nnet_dense_latency.h:58]   --->   Operation 187 'add' 'add_ln58_79' <Predicate = true> <Delay = 0.71> <CoreInst = "Adder">   --->   Core 1 'Adder' <Latency = 0> <II = 1> <Delay = 0.71> <FuncUnit> <Opcode : 'add' 'sub'> <InPorts = 2> <OutPorts = 1>
ST_1 : Operation 188 [1/1] (0.00ns)   --->   "%sext_ln58_41 = sext i10 %add_ln58_79" [firmware/nnet_utils/nnet_dense_latency.h:58]   --->   Operation 188 'sext' 'sext_ln58_41' <Predicate = true> <Delay = 0.00>
ST_1 : Operation 189 [1/1] (0.71ns) (root node of TernaryAdder)   --->   "%add_ln58_80 = add i14 %sext_ln58_41, i14 %add_ln58_78" [firmware/nnet_utils/nnet_dense_latency.h:58]   --->   Operation 189 'add' 'add_ln58_80' <Predicate = true> <Delay = 0.71> <CoreInst = "TAddSub">   --->   Core 10 'TAddSub' <Latency = 0> <II = 1> <Delay = 0.33> <IPBlock> <Opcode : '' 'add' 'sub'> <InPorts = 3> <OutPorts = 1> <Sync> <CReg>
ST_1 : Operation 190 [1/1] (0.00ns)   --->   "%sext_ln58_42 = sext i14 %add_ln58_80" [firmware/nnet_utils/nnet_dense_latency.h:58]   --->   Operation 190 'sext' 'sext_ln58_42' <Predicate = true> <Delay = 0.00>
ST_1 : Operation 191 [1/1] (0.71ns) (root node of TernaryAdder)   --->   "%sub_ln58_7 = sub i14 %tmp13, i14 %zext_ln73_77" [firmware/nnet_utils/nnet_dense_latency.h:58]   --->   Operation 191 'sub' 'sub_ln58_7' <Predicate = true> <Delay = 0.71> <CoreInst = "TAddSub">   --->   Core 10 'TAddSub' <Latency = 0> <II = 1> <Delay = 0.33> <IPBlock> <Opcode : '' 'add' 'sub'> <InPorts = 3> <OutPorts = 1> <Sync> <CReg>
ST_1 : Operation 192 [1/1] (0.00ns)   --->   "%sext_ln58_43 = sext i14 %sub_ln58_7" [firmware/nnet_utils/nnet_dense_latency.h:58]   --->   Operation 192 'sext' 'sext_ln58_43' <Predicate = true> <Delay = 0.00>
ST_1 : Operation 193 [1/1] (0.67ns) (root node of TernaryAdder)   --->   "%add_ln58_81 = add i16 %sub_ln73_36, i16 65212" [firmware/nnet_utils/nnet_dense_latency.h:58]   --->   Operation 193 'add' 'add_ln58_81' <Predicate = true> <Delay = 0.67> <CoreInst = "TAddSub">   --->   Core 10 'TAddSub' <Latency = 0> <II = 1> <Delay = 0.33> <IPBlock> <Opcode : '' 'add' 'sub'> <InPorts = 3> <OutPorts = 1> <Sync> <CReg>
ST_1 : Operation 194 [1/1] (0.00ns) (grouped into TernaryAdder)   --->   "%add_ln58_82 = add i16 %add_ln58_81, i16 %sext_ln58_43" [firmware/nnet_utils/nnet_dense_latency.h:58]   --->   Operation 194 'add' 'add_ln58_82' <Predicate = true> <Delay = 0.00> <CoreInst = "TAddSub">   --->   Core 10 'TAddSub' <Latency = 0> <II = 1> <Delay = 0.33> <IPBlock> <Opcode : '' 'add' 'sub'> <InPorts = 3> <OutPorts = 1> <Sync> <CReg>
ST_1 : Operation 195 [1/1] (0.67ns) (root node of TernaryAdder)   --->   "%add_ln58_83 = add i16 %add_ln58_82, i16 %sext_ln58_42" [firmware/nnet_utils/nnet_dense_latency.h:58]   --->   Operation 195 'add' 'add_ln58_83' <Predicate = true> <Delay = 0.67> <CoreInst = "TAddSub">   --->   Core 10 'TAddSub' <Latency = 0> <II = 1> <Delay = 0.33> <IPBlock> <Opcode : '' 'add' 'sub'> <InPorts = 3> <OutPorts = 1> <Sync> <CReg>
ST_1 : Operation 196 [1/1] (0.00ns)   --->   "%trunc_ln = partselect i13 @_ssdm_op_PartSelect.i13.i15.i32.i32, i15 %add_ln58_59, i32 2, i32 14" [firmware/nnet_utils/nnet_mult.h:111->firmware/nnet_utils/nnet_dense_latency.h:66]   --->   Operation 196 'partselect' 'trunc_ln' <Predicate = true> <Delay = 0.00>
ST_1 : Operation 197 [1/1] (0.00ns)   --->   "%sext_ln111 = sext i13 %trunc_ln" [firmware/nnet_utils/nnet_mult.h:111->firmware/nnet_utils/nnet_dense_latency.h:66]   --->   Operation 197 'sext' 'sext_ln111' <Predicate = true> <Delay = 0.00>
ST_1 : Operation 198 [1/1] (0.00ns)   --->   "%trunc_ln111_8 = partselect i13 @_ssdm_op_PartSelect.i13.i15.i32.i32, i15 %add_ln58_64, i32 2, i32 14" [firmware/nnet_utils/nnet_mult.h:111->firmware/nnet_utils/nnet_dense_latency.h:66]   --->   Operation 198 'partselect' 'trunc_ln111_8' <Predicate = true> <Delay = 0.00>
ST_1 : Operation 199 [1/1] (0.00ns)   --->   "%sext_ln111_5 = sext i13 %trunc_ln111_8" [firmware/nnet_utils/nnet_mult.h:111->firmware/nnet_utils/nnet_dense_latency.h:66]   --->   Operation 199 'sext' 'sext_ln111_5' <Predicate = true> <Delay = 0.00>
ST_1 : Operation 200 [1/1] (0.00ns)   --->   "%tmp_116 = partselect i13 @_ssdm_op_PartSelect.i13.i15.i32.i32, i15 %add_ln58_71, i32 2, i32 14" [firmware/nnet_utils/nnet_mult.h:111->firmware/nnet_utils/nnet_dense_latency.h:66]   --->   Operation 200 'partselect' 'tmp_116' <Predicate = true> <Delay = 0.00>
ST_1 : Operation 201 [1/1] (0.00ns)   --->   "%sext_ln111_6 = sext i13 %tmp_116" [firmware/nnet_utils/nnet_mult.h:111->firmware/nnet_utils/nnet_dense_latency.h:66]   --->   Operation 201 'sext' 'sext_ln111_6' <Predicate = true> <Delay = 0.00>
ST_1 : Operation 202 [1/1] (0.00ns)   --->   "%trunc_ln111_s = partselect i14 @_ssdm_op_PartSelect.i14.i16.i32.i32, i16 %add_ln58_77, i32 2, i32 15" [firmware/nnet_utils/nnet_mult.h:111->firmware/nnet_utils/nnet_dense_latency.h:66]   --->   Operation 202 'partselect' 'trunc_ln111_s' <Predicate = true> <Delay = 0.00>
ST_1 : Operation 203 [1/1] (0.00ns)   --->   "%trunc_ln111_1 = partselect i14 @_ssdm_op_PartSelect.i14.i16.i32.i32, i16 %add_ln58_83, i32 2, i32 15" [firmware/nnet_utils/nnet_mult.h:111->firmware/nnet_utils/nnet_dense_latency.h:66]   --->   Operation 203 'partselect' 'trunc_ln111_1' <Predicate = true> <Delay = 0.00>
ST_1 : Operation 204 [1/1] (0.00ns)   --->   "%mrv = insertvalue i70 <undef>, i14 %sext_ln111" [firmware/nnet_utils/nnet_dense_latency.h:68]   --->   Operation 204 'insertvalue' 'mrv' <Predicate = true> <Delay = 0.00>
ST_1 : Operation 205 [1/1] (0.00ns)   --->   "%mrv_1 = insertvalue i70 %mrv, i14 %sext_ln111_5" [firmware/nnet_utils/nnet_dense_latency.h:68]   --->   Operation 205 'insertvalue' 'mrv_1' <Predicate = true> <Delay = 0.00>
ST_1 : Operation 206 [1/1] (0.00ns)   --->   "%mrv_2 = insertvalue i70 %mrv_1, i14 %sext_ln111_6" [firmware/nnet_utils/nnet_dense_latency.h:68]   --->   Operation 206 'insertvalue' 'mrv_2' <Predicate = true> <Delay = 0.00>
ST_1 : Operation 207 [1/1] (0.00ns)   --->   "%mrv_3 = insertvalue i70 %mrv_2, i14 %trunc_ln111_s" [firmware/nnet_utils/nnet_dense_latency.h:68]   --->   Operation 207 'insertvalue' 'mrv_3' <Predicate = true> <Delay = 0.00>
ST_1 : Operation 208 [1/1] (0.00ns)   --->   "%mrv_4 = insertvalue i70 %mrv_3, i14 %trunc_ln111_1" [firmware/nnet_utils/nnet_dense_latency.h:68]   --->   Operation 208 'insertvalue' 'mrv_4' <Predicate = true> <Delay = 0.00>
ST_1 : Operation 209 [1/1] (0.00ns)   --->   "%ret_ln68 = ret i70 %mrv_4" [firmware/nnet_utils/nnet_dense_latency.h:68]   --->   Operation 209 'ret' 'ret_ln68' <Predicate = true> <Delay = 0.00>


============================================================
+ Verbose Summary: Timing violations
============================================================
Target clock period: 5.000ns, clock uncertainty: 1.350ns.

 <State 1>: 2.991ns
The critical path consists of the following:
	wire read operation ('data_4_val_read', firmware/nnet_utils/nnet_dense_latency.h:33) on port 'data_4_val' (firmware/nnet_utils/nnet_dense_latency.h:33) [14]  (0.000 ns)
	'sub' operation 13 bit ('sub_ln73_27', firmware/nnet_utils/nnet_mult.h:73->firmware/nnet_utils/nnet_dense_latency.h:42) [55]  (0.735 ns)
	'sub' operation 13 bit ('sub_ln73_28', firmware/nnet_utils/nnet_mult.h:73->firmware/nnet_utils/nnet_dense_latency.h:42) [58]  (0.000 ns)
	'add' operation 13 bit ('add_ln58_60', firmware/nnet_utils/nnet_dense_latency.h:58) [142]  (0.736 ns)
	'add' operation 14 bit ('add_ln58_61', firmware/nnet_utils/nnet_dense_latency.h:58) [144]  (0.755 ns)
	'add' operation 15 bit ('add_ln58_64', firmware/nnet_utils/nnet_dense_latency.h:58) [151]  (0.765 ns)


============================================================
+ Verbose Summary: Binding
============================================================
N/A
* FSMD analyzer results:
  - Output states:
 - Input state : 
  - Chain level:
	State 1


============================================================
+ Verbose Summary: Datapath Resource usage 
============================================================
N/A
