

================================================================
== Vitis HLS Report for 'myproject'
================================================================
* Date:           Wed Feb 26 01:35:05 2025

* Version:        2024.1 (Build 5069499 on May 21 2024)
* Project:        myproject_prj
* Solution:       solution1 (Vivado IP Flow Target)
* Product family: virtexuplusHBM
* Target device:  xcu50-fsvh2104-2-e


================================================================
== Performance Estimates
================================================================
+ Timing: 
    * Summary: 
    +--------+---------+----------+------------+
    |  Clock |  Target | Estimated| Uncertainty|
    +--------+---------+----------+------------+
    |ap_clk  |  5.00 ns|  3.634 ns|     1.35 ns|
    +--------+---------+----------+------------+

+ Latency: 
    * Summary: 
    +---------+---------+-----------+-----------+-----+-----+---------+
    |  Latency (cycles) |   Latency (absolute)  |  Interval | Pipeline|
    |   min   |   max   |    min    |    max    | min | max |   Type  |
    +---------+---------+-----------+-----------+-----+-----+---------+
    |        8|        8|  40.000 ns|  40.000 ns|    1|    1|      yes|
    +---------+---------+-----------+-----------+-----+-----+---------+

    + Detail: 
        * Instance: 
        N/A

        * Loop: 
        N/A

============================================================
+ Verbose Summary: Synthesis Manager
============================================================
InlineROM: 1
ExposeGlobal: 0
============================================================
+ Verbose Summary: CDFG Model
============================================================
IsTopModel: 1
ResetActiveHigh: 1
IsCombinational: 0
IsDatapathOnly: 0
HasWiredReturn: 1
HasMFsm: 2
HasVarLatency: 0
IsPipeline: 1
IsRtlPipelined: 1
IsInstanceOverlapped: 0
IsDontTouch: 0
HasImplIP: 0
IsGatedGlobalClock: 0

+ Individual pipeline summary: 
  * Pipeline-0: initiation interval (II) = 1, depth = 9


============================================================
+ Verbose Summary: Schedule
============================================================
* Number of FSM states : 9
* Pipeline : 1
  Pipeline-0 : II = 1, D = 9, States = { 1 2 3 4 5 6 7 8 9 }
* Dataflow Pipeline: 0

* FSM state transitions: 
1 --> 2 
2 --> 3 
3 --> 4 
4 --> 5 
5 --> 6 
6 --> 7 
7 --> 8 
8 --> 9 
9 --> 

* FSM state operations: 

State 1 <SV = 0> <Delay = 3.09>
ST_1 : Operation 10 [1/1] (0.00ns)   --->   "%input_11_read = read i208 @_ssdm_op_Read.ap_vld.i208P0A, i208 %input_11" [firmware/nnet_utils/nnet_code_gen.h:30->firmware/myproject.cpp:40]   --->   Operation 10 'read' 'input_11_read' <Predicate = true> <Delay = 0.00>
ST_1 : Operation 11 [1/1] (0.00ns)   --->   "%trunc_ln30_1 = partselect i9 @_ssdm_op_PartSelect.i9.i208.i32.i32, i208 %input_11_read, i32 3, i32 11" [firmware/nnet_utils/nnet_code_gen.h:30->firmware/myproject.cpp:40]   --->   Operation 11 'partselect' 'trunc_ln30_1' <Predicate = true> <Delay = 0.00>
ST_1 : Operation 12 [1/1] (0.00ns)   --->   "%tmp = bitselect i1 @_ssdm_op_BitSelect.i1.i208.i32, i208 %input_11_read, i32 2" [firmware/nnet_utils/nnet_code_gen.h:30->firmware/myproject.cpp:40]   --->   Operation 12 'bitselect' 'tmp' <Predicate = true> <Delay = 0.00>
ST_1 : Operation 13 [1/1] (0.00ns)   --->   "%zext_ln30 = zext i1 %tmp" [firmware/nnet_utils/nnet_code_gen.h:30->firmware/myproject.cpp:40]   --->   Operation 13 'zext' 'zext_ln30' <Predicate = true> <Delay = 0.00>
ST_1 : Operation 14 [1/1] (0.71ns)   --->   "%add_ln30 = add i9 %trunc_ln30_1, i9 %zext_ln30" [firmware/nnet_utils/nnet_code_gen.h:30->firmware/myproject.cpp:40]   --->   Operation 14 'add' 'add_ln30' <Predicate = true> <Delay = 0.71> <CoreInst = "Adder">   --->   Core 1 'Adder' <Latency = 0> <II = 1> <Delay = 0.71> <FuncUnit> <Opcode : 'add' 'sub'> <InPorts = 2> <OutPorts = 1>
ST_1 : Operation 15 [1/1] (0.00ns)   --->   "%layer2_out = bitconcatenate i11 @_ssdm_op_BitConcatenate.i11.i9.i2, i9 %add_ln30, i2 0" [firmware/nnet_utils/nnet_code_gen.h:30->firmware/myproject.cpp:40]   --->   Operation 15 'bitconcatenate' 'layer2_out' <Predicate = true> <Delay = 0.00>
ST_1 : Operation 16 [1/1] (0.00ns)   --->   "%trunc_ln = partselect i9 @_ssdm_op_PartSelect.i9.i208.i32.i32, i208 %input_11_read, i32 16, i32 24" [firmware/nnet_utils/nnet_code_gen.h:31->firmware/myproject.cpp:40]   --->   Operation 16 'partselect' 'trunc_ln' <Predicate = true> <Delay = 0.00>
ST_1 : Operation 17 [1/1] (0.00ns)   --->   "%tmp_1 = bitselect i1 @_ssdm_op_BitSelect.i1.i208.i208, i208 %input_11_read, i208 15" [firmware/nnet_utils/nnet_code_gen.h:31->firmware/myproject.cpp:40]   --->   Operation 17 'bitselect' 'tmp_1' <Predicate = true> <Delay = 0.00>
ST_1 : Operation 18 [1/1] (0.00ns)   --->   "%zext_ln31 = zext i1 %tmp_1" [firmware/nnet_utils/nnet_code_gen.h:31->firmware/myproject.cpp:40]   --->   Operation 18 'zext' 'zext_ln31' <Predicate = true> <Delay = 0.00>
ST_1 : Operation 19 [1/1] (0.71ns)   --->   "%add_ln31 = add i9 %trunc_ln, i9 %zext_ln31" [firmware/nnet_utils/nnet_code_gen.h:31->firmware/myproject.cpp:40]   --->   Operation 19 'add' 'add_ln31' <Predicate = true> <Delay = 0.71> <CoreInst = "Adder">   --->   Core 1 'Adder' <Latency = 0> <II = 1> <Delay = 0.71> <FuncUnit> <Opcode : 'add' 'sub'> <InPorts = 2> <OutPorts = 1>
ST_1 : Operation 20 [1/1] (0.00ns)   --->   "%layer2_out_1 = bitconcatenate i11 @_ssdm_op_BitConcatenate.i11.i9.i2, i9 %add_ln31, i2 0" [firmware/nnet_utils/nnet_code_gen.h:31->firmware/myproject.cpp:40]   --->   Operation 20 'bitconcatenate' 'layer2_out_1' <Predicate = true> <Delay = 0.00>
ST_1 : Operation 21 [1/1] (0.00ns)   --->   "%trunc_ln1 = partselect i10 @_ssdm_op_PartSelect.i10.i208.i32.i32, i208 %input_11_read, i32 28, i32 37" [firmware/nnet_utils/nnet_code_gen.h:32->firmware/myproject.cpp:40]   --->   Operation 21 'partselect' 'trunc_ln1' <Predicate = true> <Delay = 0.00>
ST_1 : Operation 22 [1/1] (0.00ns)   --->   "%tmp_2 = bitselect i1 @_ssdm_op_BitSelect.i1.i208.i208, i208 %input_11_read, i208 27" [firmware/nnet_utils/nnet_code_gen.h:32->firmware/myproject.cpp:40]   --->   Operation 22 'bitselect' 'tmp_2' <Predicate = true> <Delay = 0.00>
ST_1 : Operation 23 [1/1] (0.00ns)   --->   "%zext_ln32 = zext i1 %tmp_2" [firmware/nnet_utils/nnet_code_gen.h:32->firmware/myproject.cpp:40]   --->   Operation 23 'zext' 'zext_ln32' <Predicate = true> <Delay = 0.00>
ST_1 : Operation 24 [1/1] (0.72ns)   --->   "%add_ln32 = add i10 %trunc_ln1, i10 %zext_ln32" [firmware/nnet_utils/nnet_code_gen.h:32->firmware/myproject.cpp:40]   --->   Operation 24 'add' 'add_ln32' <Predicate = true> <Delay = 0.72> <CoreInst = "Adder">   --->   Core 1 'Adder' <Latency = 0> <II = 1> <Delay = 0.72> <FuncUnit> <Opcode : 'add' 'sub'> <InPorts = 2> <OutPorts = 1>
ST_1 : Operation 25 [1/1] (0.00ns)   --->   "%layer2_out_2 = bitconcatenate i11 @_ssdm_op_BitConcatenate.i11.i10.i1, i10 %add_ln32, i1 0" [firmware/nnet_utils/nnet_code_gen.h:32->firmware/myproject.cpp:40]   --->   Operation 25 'bitconcatenate' 'layer2_out_2' <Predicate = true> <Delay = 0.00>
ST_1 : Operation 26 [1/1] (0.00ns)   --->   "%trunc_ln2 = partselect i10 @_ssdm_op_PartSelect.i10.i208.i32.i32, i208 %input_11_read, i32 41, i32 50" [firmware/nnet_utils/nnet_code_gen.h:33->firmware/myproject.cpp:40]   --->   Operation 26 'partselect' 'trunc_ln2' <Predicate = true> <Delay = 0.00>
ST_1 : Operation 27 [1/1] (0.00ns)   --->   "%tmp_3 = bitselect i1 @_ssdm_op_BitSelect.i1.i208.i208, i208 %input_11_read, i208 40" [firmware/nnet_utils/nnet_code_gen.h:33->firmware/myproject.cpp:40]   --->   Operation 27 'bitselect' 'tmp_3' <Predicate = true> <Delay = 0.00>
ST_1 : Operation 28 [1/1] (0.00ns)   --->   "%zext_ln33 = zext i1 %tmp_3" [firmware/nnet_utils/nnet_code_gen.h:33->firmware/myproject.cpp:40]   --->   Operation 28 'zext' 'zext_ln33' <Predicate = true> <Delay = 0.00>
ST_1 : Operation 29 [1/1] (0.72ns)   --->   "%add_ln33 = add i10 %trunc_ln2, i10 %zext_ln33" [firmware/nnet_utils/nnet_code_gen.h:33->firmware/myproject.cpp:40]   --->   Operation 29 'add' 'add_ln33' <Predicate = true> <Delay = 0.72> <CoreInst = "Adder">   --->   Core 1 'Adder' <Latency = 0> <II = 1> <Delay = 0.72> <FuncUnit> <Opcode : 'add' 'sub'> <InPorts = 2> <OutPorts = 1>
ST_1 : Operation 30 [1/1] (0.00ns)   --->   "%layer2_out_3 = bitconcatenate i11 @_ssdm_op_BitConcatenate.i11.i10.i1, i10 %add_ln33, i1 0" [firmware/nnet_utils/nnet_code_gen.h:33->firmware/myproject.cpp:40]   --->   Operation 30 'bitconcatenate' 'layer2_out_3' <Predicate = true> <Delay = 0.00>
ST_1 : Operation 31 [1/1] (0.00ns)   --->   "%trunc_ln3 = partselect i10 @_ssdm_op_PartSelect.i10.i208.i32.i32, i208 %input_11_read, i32 54, i32 63" [firmware/nnet_utils/nnet_code_gen.h:34->firmware/myproject.cpp:40]   --->   Operation 31 'partselect' 'trunc_ln3' <Predicate = true> <Delay = 0.00>
ST_1 : Operation 32 [1/1] (0.00ns)   --->   "%tmp_4 = bitselect i1 @_ssdm_op_BitSelect.i1.i208.i208, i208 %input_11_read, i208 53" [firmware/nnet_utils/nnet_code_gen.h:34->firmware/myproject.cpp:40]   --->   Operation 32 'bitselect' 'tmp_4' <Predicate = true> <Delay = 0.00>
ST_1 : Operation 33 [1/1] (0.00ns)   --->   "%zext_ln34 = zext i1 %tmp_4" [firmware/nnet_utils/nnet_code_gen.h:34->firmware/myproject.cpp:40]   --->   Operation 33 'zext' 'zext_ln34' <Predicate = true> <Delay = 0.00>
ST_1 : Operation 34 [1/1] (0.72ns)   --->   "%add_ln34 = add i10 %trunc_ln3, i10 %zext_ln34" [firmware/nnet_utils/nnet_code_gen.h:34->firmware/myproject.cpp:40]   --->   Operation 34 'add' 'add_ln34' <Predicate = true> <Delay = 0.72> <CoreInst = "Adder">   --->   Core 1 'Adder' <Latency = 0> <II = 1> <Delay = 0.72> <FuncUnit> <Opcode : 'add' 'sub'> <InPorts = 2> <OutPorts = 1>
ST_1 : Operation 35 [1/1] (0.00ns)   --->   "%layer2_out_4 = bitconcatenate i11 @_ssdm_op_BitConcatenate.i11.i10.i1, i10 %add_ln34, i1 0" [firmware/nnet_utils/nnet_code_gen.h:34->firmware/myproject.cpp:40]   --->   Operation 35 'bitconcatenate' 'layer2_out_4' <Predicate = true> <Delay = 0.00>
ST_1 : Operation 36 [1/1] (0.00ns)   --->   "%trunc_ln4 = partselect i10 @_ssdm_op_PartSelect.i10.i208.i32.i32, i208 %input_11_read, i32 68, i32 77" [firmware/nnet_utils/nnet_code_gen.h:35->firmware/myproject.cpp:40]   --->   Operation 36 'partselect' 'trunc_ln4' <Predicate = true> <Delay = 0.00>
ST_1 : Operation 37 [1/1] (0.00ns)   --->   "%tmp_5 = bitselect i1 @_ssdm_op_BitSelect.i1.i208.i208, i208 %input_11_read, i208 67" [firmware/nnet_utils/nnet_code_gen.h:35->firmware/myproject.cpp:40]   --->   Operation 37 'bitselect' 'tmp_5' <Predicate = true> <Delay = 0.00>
ST_1 : Operation 38 [1/1] (0.00ns)   --->   "%zext_ln35 = zext i1 %tmp_5" [firmware/nnet_utils/nnet_code_gen.h:35->firmware/myproject.cpp:40]   --->   Operation 38 'zext' 'zext_ln35' <Predicate = true> <Delay = 0.00>
ST_1 : Operation 39 [1/1] (0.72ns)   --->   "%add_ln35 = add i10 %trunc_ln4, i10 %zext_ln35" [firmware/nnet_utils/nnet_code_gen.h:35->firmware/myproject.cpp:40]   --->   Operation 39 'add' 'add_ln35' <Predicate = true> <Delay = 0.72> <CoreInst = "Adder">   --->   Core 1 'Adder' <Latency = 0> <II = 1> <Delay = 0.72> <FuncUnit> <Opcode : 'add' 'sub'> <InPorts = 2> <OutPorts = 1>
ST_1 : Operation 40 [1/1] (0.00ns)   --->   "%layer2_out_5 = bitconcatenate i12 @_ssdm_op_BitConcatenate.i12.i10.i2, i10 %add_ln35, i2 0" [firmware/nnet_utils/nnet_code_gen.h:35->firmware/myproject.cpp:40]   --->   Operation 40 'bitconcatenate' 'layer2_out_5' <Predicate = true> <Delay = 0.00>
ST_1 : Operation 41 [1/1] (0.00ns)   --->   "%trunc_ln5 = partselect i7 @_ssdm_op_PartSelect.i7.i208.i32.i32, i208 %input_11_read, i32 83, i32 89" [firmware/nnet_utils/nnet_code_gen.h:36->firmware/myproject.cpp:40]   --->   Operation 41 'partselect' 'trunc_ln5' <Predicate = true> <Delay = 0.00>
ST_1 : Operation 42 [1/1] (0.00ns)   --->   "%tmp_6 = bitselect i1 @_ssdm_op_BitSelect.i1.i208.i208, i208 %input_11_read, i208 82" [firmware/nnet_utils/nnet_code_gen.h:36->firmware/myproject.cpp:40]   --->   Operation 42 'bitselect' 'tmp_6' <Predicate = true> <Delay = 0.00>
ST_1 : Operation 43 [1/1] (0.00ns)   --->   "%zext_ln36 = zext i1 %tmp_6" [firmware/nnet_utils/nnet_code_gen.h:36->firmware/myproject.cpp:40]   --->   Operation 43 'zext' 'zext_ln36' <Predicate = true> <Delay = 0.00>
ST_1 : Operation 44 [1/1] (0.70ns)   --->   "%add_ln36 = add i7 %trunc_ln5, i7 %zext_ln36" [firmware/nnet_utils/nnet_code_gen.h:36->firmware/myproject.cpp:40]   --->   Operation 44 'add' 'add_ln36' <Predicate = true> <Delay = 0.70> <CoreInst = "Adder">   --->   Core 1 'Adder' <Latency = 0> <II = 1> <Delay = 0.70> <FuncUnit> <Opcode : 'add' 'sub'> <InPorts = 2> <OutPorts = 1>
ST_1 : Operation 45 [1/1] (0.00ns)   --->   "%layer2_out_6 = bitconcatenate i11 @_ssdm_op_BitConcatenate.i11.i7.i4, i7 %add_ln36, i4 0" [firmware/nnet_utils/nnet_code_gen.h:36->firmware/myproject.cpp:40]   --->   Operation 45 'bitconcatenate' 'layer2_out_6' <Predicate = true> <Delay = 0.00>
ST_1 : Operation 46 [1/1] (0.00ns)   --->   "%trunc_ln6 = partselect i6 @_ssdm_op_PartSelect.i6.i208.i32.i32, i208 %input_11_read, i32 97, i32 102" [firmware/nnet_utils/nnet_code_gen.h:37->firmware/myproject.cpp:40]   --->   Operation 46 'partselect' 'trunc_ln6' <Predicate = true> <Delay = 0.00>
ST_1 : Operation 47 [1/1] (0.00ns)   --->   "%tmp_7 = bitselect i1 @_ssdm_op_BitSelect.i1.i208.i208, i208 %input_11_read, i208 96" [firmware/nnet_utils/nnet_code_gen.h:37->firmware/myproject.cpp:40]   --->   Operation 47 'bitselect' 'tmp_7' <Predicate = true> <Delay = 0.00>
ST_1 : Operation 48 [1/1] (0.00ns)   --->   "%zext_ln37 = zext i1 %tmp_7" [firmware/nnet_utils/nnet_code_gen.h:37->firmware/myproject.cpp:40]   --->   Operation 48 'zext' 'zext_ln37' <Predicate = true> <Delay = 0.00>
ST_1 : Operation 49 [1/1] (0.70ns)   --->   "%add_ln37 = add i6 %trunc_ln6, i6 %zext_ln37" [firmware/nnet_utils/nnet_code_gen.h:37->firmware/myproject.cpp:40]   --->   Operation 49 'add' 'add_ln37' <Predicate = true> <Delay = 0.70> <CoreInst = "Adder">   --->   Core 1 'Adder' <Latency = 0> <II = 1> <Delay = 0.70> <FuncUnit> <Opcode : 'add' 'sub'> <InPorts = 2> <OutPorts = 1>
ST_1 : Operation 50 [1/1] (0.00ns)   --->   "%layer2_out_7 = bitconcatenate i11 @_ssdm_op_BitConcatenate.i11.i6.i5, i6 %add_ln37, i5 0" [firmware/nnet_utils/nnet_code_gen.h:37->firmware/myproject.cpp:40]   --->   Operation 50 'bitconcatenate' 'layer2_out_7' <Predicate = true> <Delay = 0.00>
ST_1 : Operation 51 [1/1] (0.00ns)   --->   "%trunc_ln7 = partselect i6 @_ssdm_op_PartSelect.i6.i208.i32.i32, i208 %input_11_read, i32 110, i32 115" [firmware/nnet_utils/nnet_code_gen.h:38->firmware/myproject.cpp:40]   --->   Operation 51 'partselect' 'trunc_ln7' <Predicate = true> <Delay = 0.00>
ST_1 : Operation 52 [1/1] (0.00ns)   --->   "%tmp_8 = bitselect i1 @_ssdm_op_BitSelect.i1.i208.i208, i208 %input_11_read, i208 109" [firmware/nnet_utils/nnet_code_gen.h:38->firmware/myproject.cpp:40]   --->   Operation 52 'bitselect' 'tmp_8' <Predicate = true> <Delay = 0.00>
ST_1 : Operation 53 [1/1] (0.00ns)   --->   "%zext_ln38 = zext i1 %tmp_8" [firmware/nnet_utils/nnet_code_gen.h:38->firmware/myproject.cpp:40]   --->   Operation 53 'zext' 'zext_ln38' <Predicate = true> <Delay = 0.00>
ST_1 : Operation 54 [1/1] (0.70ns)   --->   "%add_ln38 = add i6 %trunc_ln7, i6 %zext_ln38" [firmware/nnet_utils/nnet_code_gen.h:38->firmware/myproject.cpp:40]   --->   Operation 54 'add' 'add_ln38' <Predicate = true> <Delay = 0.70> <CoreInst = "Adder">   --->   Core 1 'Adder' <Latency = 0> <II = 1> <Delay = 0.70> <FuncUnit> <Opcode : 'add' 'sub'> <InPorts = 2> <OutPorts = 1>
ST_1 : Operation 55 [1/1] (0.00ns)   --->   "%layer2_out_8 = bitconcatenate i11 @_ssdm_op_BitConcatenate.i11.i6.i5, i6 %add_ln38, i5 0" [firmware/nnet_utils/nnet_code_gen.h:38->firmware/myproject.cpp:40]   --->   Operation 55 'bitconcatenate' 'layer2_out_8' <Predicate = true> <Delay = 0.00>
ST_1 : Operation 56 [1/1] (0.00ns)   --->   "%trunc_ln8 = partselect i7 @_ssdm_op_PartSelect.i7.i208.i32.i32, i208 %input_11_read, i32 121, i32 127" [firmware/nnet_utils/nnet_code_gen.h:39->firmware/myproject.cpp:40]   --->   Operation 56 'partselect' 'trunc_ln8' <Predicate = true> <Delay = 0.00>
ST_1 : Operation 57 [1/1] (0.00ns)   --->   "%tmp_9 = bitselect i1 @_ssdm_op_BitSelect.i1.i208.i208, i208 %input_11_read, i208 120" [firmware/nnet_utils/nnet_code_gen.h:39->firmware/myproject.cpp:40]   --->   Operation 57 'bitselect' 'tmp_9' <Predicate = true> <Delay = 0.00>
ST_1 : Operation 58 [1/1] (0.00ns)   --->   "%zext_ln39 = zext i1 %tmp_9" [firmware/nnet_utils/nnet_code_gen.h:39->firmware/myproject.cpp:40]   --->   Operation 58 'zext' 'zext_ln39' <Predicate = true> <Delay = 0.00>
ST_1 : Operation 59 [1/1] (0.70ns)   --->   "%add_ln39 = add i7 %trunc_ln8, i7 %zext_ln39" [firmware/nnet_utils/nnet_code_gen.h:39->firmware/myproject.cpp:40]   --->   Operation 59 'add' 'add_ln39' <Predicate = true> <Delay = 0.70> <CoreInst = "Adder">   --->   Core 1 'Adder' <Latency = 0> <II = 1> <Delay = 0.70> <FuncUnit> <Opcode : 'add' 'sub'> <InPorts = 2> <OutPorts = 1>
ST_1 : Operation 60 [1/1] (0.00ns)   --->   "%layer2_out_9 = bitconcatenate i10 @_ssdm_op_BitConcatenate.i10.i7.i3, i7 %add_ln39, i3 0" [firmware/nnet_utils/nnet_code_gen.h:39->firmware/myproject.cpp:40]   --->   Operation 60 'bitconcatenate' 'layer2_out_9' <Predicate = true> <Delay = 0.00>
ST_1 : Operation 61 [1/1] (0.00ns)   --->   "%trunc_ln9 = partselect i6 @_ssdm_op_PartSelect.i6.i208.i32.i32, i208 %input_11_read, i32 135, i32 140" [firmware/nnet_utils/nnet_code_gen.h:40->firmware/myproject.cpp:40]   --->   Operation 61 'partselect' 'trunc_ln9' <Predicate = true> <Delay = 0.00>
ST_1 : Operation 62 [1/1] (0.00ns)   --->   "%tmp_10 = bitselect i1 @_ssdm_op_BitSelect.i1.i208.i208, i208 %input_11_read, i208 134" [firmware/nnet_utils/nnet_code_gen.h:40->firmware/myproject.cpp:40]   --->   Operation 62 'bitselect' 'tmp_10' <Predicate = true> <Delay = 0.00>
ST_1 : Operation 63 [1/1] (0.00ns)   --->   "%zext_ln40 = zext i1 %tmp_10" [firmware/nnet_utils/nnet_code_gen.h:40->firmware/myproject.cpp:40]   --->   Operation 63 'zext' 'zext_ln40' <Predicate = true> <Delay = 0.00>
ST_1 : Operation 64 [1/1] (0.70ns)   --->   "%add_ln40 = add i6 %trunc_ln9, i6 %zext_ln40" [firmware/nnet_utils/nnet_code_gen.h:40->firmware/myproject.cpp:40]   --->   Operation 64 'add' 'add_ln40' <Predicate = true> <Delay = 0.70> <CoreInst = "Adder">   --->   Core 1 'Adder' <Latency = 0> <II = 1> <Delay = 0.70> <FuncUnit> <Opcode : 'add' 'sub'> <InPorts = 2> <OutPorts = 1>
ST_1 : Operation 65 [1/1] (0.00ns)   --->   "%layer2_out_14 = bitconcatenate i10 @_ssdm_op_BitConcatenate.i10.i6.i4, i6 %add_ln40, i4 0" [firmware/nnet_utils/nnet_code_gen.h:40->firmware/myproject.cpp:40]   --->   Operation 65 'bitconcatenate' 'layer2_out_14' <Predicate = true> <Delay = 0.00>
ST_1 : Operation 66 [1/1] (0.00ns)   --->   "%trunc_ln10 = partselect i6 @_ssdm_op_PartSelect.i6.i208.i32.i32, i208 %input_11_read, i32 148, i32 153" [firmware/nnet_utils/nnet_code_gen.h:41->firmware/myproject.cpp:40]   --->   Operation 66 'partselect' 'trunc_ln10' <Predicate = true> <Delay = 0.00>
ST_1 : Operation 67 [1/1] (0.00ns)   --->   "%tmp_11 = bitselect i1 @_ssdm_op_BitSelect.i1.i208.i208, i208 %input_11_read, i208 147" [firmware/nnet_utils/nnet_code_gen.h:41->firmware/myproject.cpp:40]   --->   Operation 67 'bitselect' 'tmp_11' <Predicate = true> <Delay = 0.00>
ST_1 : Operation 68 [1/1] (0.00ns)   --->   "%zext_ln41 = zext i1 %tmp_11" [firmware/nnet_utils/nnet_code_gen.h:41->firmware/myproject.cpp:40]   --->   Operation 68 'zext' 'zext_ln41' <Predicate = true> <Delay = 0.00>
ST_1 : Operation 69 [1/1] (0.70ns)   --->   "%add_ln41 = add i6 %trunc_ln10, i6 %zext_ln41" [firmware/nnet_utils/nnet_code_gen.h:41->firmware/myproject.cpp:40]   --->   Operation 69 'add' 'add_ln41' <Predicate = true> <Delay = 0.70> <CoreInst = "Adder">   --->   Core 1 'Adder' <Latency = 0> <II = 1> <Delay = 0.70> <FuncUnit> <Opcode : 'add' 'sub'> <InPorts = 2> <OutPorts = 1>
ST_1 : Operation 70 [1/1] (0.00ns)   --->   "%layer2_out_10 = bitconcatenate i10 @_ssdm_op_BitConcatenate.i10.i6.i4, i6 %add_ln41, i4 0" [firmware/nnet_utils/nnet_code_gen.h:41->firmware/myproject.cpp:40]   --->   Operation 70 'bitconcatenate' 'layer2_out_10' <Predicate = true> <Delay = 0.00>
ST_1 : Operation 71 [1/1] (0.00ns)   --->   "%trunc_ln11 = partselect i7 @_ssdm_op_PartSelect.i7.i208.i32.i32, i208 %input_11_read, i32 160, i32 166" [firmware/nnet_utils/nnet_code_gen.h:42->firmware/myproject.cpp:40]   --->   Operation 71 'partselect' 'trunc_ln11' <Predicate = true> <Delay = 0.00>
ST_1 : Operation 72 [1/1] (0.00ns)   --->   "%tmp_12 = bitselect i1 @_ssdm_op_BitSelect.i1.i208.i208, i208 %input_11_read, i208 159" [firmware/nnet_utils/nnet_code_gen.h:42->firmware/myproject.cpp:40]   --->   Operation 72 'bitselect' 'tmp_12' <Predicate = true> <Delay = 0.00>
ST_1 : Operation 73 [1/1] (0.00ns)   --->   "%zext_ln42 = zext i1 %tmp_12" [firmware/nnet_utils/nnet_code_gen.h:42->firmware/myproject.cpp:40]   --->   Operation 73 'zext' 'zext_ln42' <Predicate = true> <Delay = 0.00>
ST_1 : Operation 74 [1/1] (0.70ns)   --->   "%add_ln42 = add i7 %trunc_ln11, i7 %zext_ln42" [firmware/nnet_utils/nnet_code_gen.h:42->firmware/myproject.cpp:40]   --->   Operation 74 'add' 'add_ln42' <Predicate = true> <Delay = 0.70> <CoreInst = "Adder">   --->   Core 1 'Adder' <Latency = 0> <II = 1> <Delay = 0.70> <FuncUnit> <Opcode : 'add' 'sub'> <InPorts = 2> <OutPorts = 1>
ST_1 : Operation 75 [1/1] (0.00ns)   --->   "%layer2_out_11 = bitconcatenate i10 @_ssdm_op_BitConcatenate.i10.i7.i3, i7 %add_ln42, i3 0" [firmware/nnet_utils/nnet_code_gen.h:42->firmware/myproject.cpp:40]   --->   Operation 75 'bitconcatenate' 'layer2_out_11' <Predicate = true> <Delay = 0.00>
ST_1 : Operation 76 [1/1] (0.00ns)   --->   "%trunc_ln12 = partselect i5 @_ssdm_op_PartSelect.i5.i208.i32.i32, i208 %input_11_read, i32 175, i32 179" [firmware/nnet_utils/nnet_code_gen.h:43->firmware/myproject.cpp:40]   --->   Operation 76 'partselect' 'trunc_ln12' <Predicate = true> <Delay = 0.00>
ST_1 : Operation 77 [1/1] (0.00ns)   --->   "%tmp_13 = bitselect i1 @_ssdm_op_BitSelect.i1.i208.i208, i208 %input_11_read, i208 174" [firmware/nnet_utils/nnet_code_gen.h:43->firmware/myproject.cpp:40]   --->   Operation 77 'bitselect' 'tmp_13' <Predicate = true> <Delay = 0.00>
ST_1 : Operation 78 [1/1] (0.00ns)   --->   "%zext_ln43 = zext i1 %tmp_13" [firmware/nnet_utils/nnet_code_gen.h:43->firmware/myproject.cpp:40]   --->   Operation 78 'zext' 'zext_ln43' <Predicate = true> <Delay = 0.00>
ST_1 : Operation 79 [1/1] (0.70ns)   --->   "%add_ln43 = add i5 %trunc_ln12, i5 %zext_ln43" [firmware/nnet_utils/nnet_code_gen.h:43->firmware/myproject.cpp:40]   --->   Operation 79 'add' 'add_ln43' <Predicate = true> <Delay = 0.70> <CoreInst = "Adder">   --->   Core 1 'Adder' <Latency = 0> <II = 1> <Delay = 0.70> <FuncUnit> <Opcode : 'add' 'sub'> <InPorts = 2> <OutPorts = 1>
ST_1 : Operation 80 [1/1] (0.00ns)   --->   "%layer2_out_12 = bitconcatenate i10 @_ssdm_op_BitConcatenate.i10.i5.i5, i5 %add_ln43, i5 0" [firmware/nnet_utils/nnet_code_gen.h:43->firmware/myproject.cpp:40]   --->   Operation 80 'bitconcatenate' 'layer2_out_12' <Predicate = true> <Delay = 0.00>
ST_1 : Operation 81 [1/1] (0.00ns)   --->   "%trunc_ln13 = partselect i12 @_ssdm_op_PartSelect.i12.i208.i32.i32, i208 %input_11_read, i32 183, i32 194" [firmware/nnet_utils/nnet_code_gen.h:44->firmware/myproject.cpp:40]   --->   Operation 81 'partselect' 'trunc_ln13' <Predicate = true> <Delay = 0.00>
ST_1 : Operation 82 [1/1] (0.00ns)   --->   "%tmp_14 = bitselect i1 @_ssdm_op_BitSelect.i1.i208.i208, i208 %input_11_read, i208 182" [firmware/nnet_utils/nnet_code_gen.h:44->firmware/myproject.cpp:40]   --->   Operation 82 'bitselect' 'tmp_14' <Predicate = true> <Delay = 0.00>
ST_1 : Operation 83 [1/1] (0.00ns)   --->   "%zext_ln44 = zext i1 %tmp_14" [firmware/nnet_utils/nnet_code_gen.h:44->firmware/myproject.cpp:40]   --->   Operation 83 'zext' 'zext_ln44' <Predicate = true> <Delay = 0.00>
ST_1 : Operation 84 [1/1] (0.74ns)   --->   "%layer2_out_15 = add i12 %trunc_ln13, i12 %zext_ln44" [firmware/nnet_utils/nnet_code_gen.h:44->firmware/myproject.cpp:40]   --->   Operation 84 'add' 'layer2_out_15' <Predicate = true> <Delay = 0.74> <CoreInst = "Adder">   --->   Core 1 'Adder' <Latency = 0> <II = 1> <Delay = 0.74> <FuncUnit> <Opcode : 'add' 'sub'> <InPorts = 2> <OutPorts = 1>
ST_1 : Operation 85 [1/1] (0.00ns)   --->   "%trunc_ln14 = partselect i8 @_ssdm_op_PartSelect.i8.i208.i32.i32, i208 %input_11_read, i32 199, i32 206" [firmware/nnet_utils/nnet_code_gen.h:45->firmware/myproject.cpp:40]   --->   Operation 85 'partselect' 'trunc_ln14' <Predicate = true> <Delay = 0.00>
ST_1 : Operation 86 [1/1] (0.00ns)   --->   "%tmp_47 = bitselect i1 @_ssdm_op_BitSelect.i1.i208.i208, i208 %input_11_read, i208 198" [firmware/nnet_utils/nnet_code_gen.h:45->firmware/myproject.cpp:40]   --->   Operation 86 'bitselect' 'tmp_47' <Predicate = true> <Delay = 0.00>
ST_1 : Operation 87 [1/1] (0.00ns)   --->   "%zext_ln45 = zext i1 %tmp_47" [firmware/nnet_utils/nnet_code_gen.h:45->firmware/myproject.cpp:40]   --->   Operation 87 'zext' 'zext_ln45' <Predicate = true> <Delay = 0.00>
ST_1 : Operation 88 [1/1] (0.70ns)   --->   "%add_ln45 = add i8 %trunc_ln14, i8 %zext_ln45" [firmware/nnet_utils/nnet_code_gen.h:45->firmware/myproject.cpp:40]   --->   Operation 88 'add' 'add_ln45' <Predicate = true> <Delay = 0.70> <CoreInst = "Adder">   --->   Core 1 'Adder' <Latency = 0> <II = 1> <Delay = 0.70> <FuncUnit> <Opcode : 'add' 'sub'> <InPorts = 2> <OutPorts = 1>
ST_1 : Operation 89 [1/1] (0.00ns)   --->   "%layer2_out_13 = bitconcatenate i11 @_ssdm_op_BitConcatenate.i11.i8.i3, i8 %add_ln45, i3 0" [firmware/nnet_utils/nnet_code_gen.h:45->firmware/myproject.cpp:40]   --->   Operation 89 'bitconcatenate' 'layer2_out_13' <Predicate = true> <Delay = 0.00>
ST_1 : Operation 90 [2/2] (2.34ns)   --->   "%call_ret1 = call i247 @dense_latency<ap_fixed<12, 5, 5, 3, 0>, ap_fixed<13, 8, 5, 3, 0>, config3>, i11 %layer2_out, i11 %layer2_out_1, i11 %layer2_out_2, i11 %layer2_out_3, i11 %layer2_out_4, i12 %layer2_out_5, i11 %layer2_out_6, i11 %layer2_out_7, i11 %layer2_out_8, i10 %layer2_out_9, i10 %layer2_out_14, i10 %layer2_out_10, i10 %layer2_out_11, i10 %layer2_out_12, i12 %layer2_out_15, i11 %layer2_out_13" [firmware/nnet_utils/nnet_dense.h:54->firmware/nnet_utils/nnet_dense.h:45->firmware/myproject.cpp:44]   --->   Operation 90 'call' 'call_ret1' <Predicate = true> <Delay = 2.34> <CoreType = "Generic">   --->   Core 0 '' <Latency = 0> <II = 1> <Delay = 1.00> <Generic> <Opcode : >

State 2 <SV = 1> <Delay = 3.63>
ST_2 : Operation 91 [1/2] (3.63ns)   --->   "%call_ret1 = call i247 @dense_latency<ap_fixed<12, 5, 5, 3, 0>, ap_fixed<13, 8, 5, 3, 0>, config3>, i11 %layer2_out, i11 %layer2_out_1, i11 %layer2_out_2, i11 %layer2_out_3, i11 %layer2_out_4, i12 %layer2_out_5, i11 %layer2_out_6, i11 %layer2_out_7, i11 %layer2_out_8, i10 %layer2_out_9, i10 %layer2_out_14, i10 %layer2_out_10, i10 %layer2_out_11, i10 %layer2_out_12, i12 %layer2_out_15, i11 %layer2_out_13" [firmware/nnet_utils/nnet_dense.h:54->firmware/nnet_utils/nnet_dense.h:45->firmware/myproject.cpp:44]   --->   Operation 91 'call' 'call_ret1' <Predicate = true> <Delay = 3.63> <CoreType = "Generic">   --->   Core 0 '' <Latency = 0> <II = 1> <Delay = 1.00> <Generic> <Opcode : >
ST_2 : Operation 92 [1/1] (0.00ns)   --->   "%layer3_out = extractvalue i247 %call_ret1" [firmware/nnet_utils/nnet_dense.h:54->firmware/nnet_utils/nnet_dense.h:45->firmware/myproject.cpp:44]   --->   Operation 92 'extractvalue' 'layer3_out' <Predicate = true> <Delay = 0.00>
ST_2 : Operation 93 [1/1] (0.00ns)   --->   "%layer3_out_1 = extractvalue i247 %call_ret1" [firmware/nnet_utils/nnet_dense.h:54->firmware/nnet_utils/nnet_dense.h:45->firmware/myproject.cpp:44]   --->   Operation 93 'extractvalue' 'layer3_out_1' <Predicate = true> <Delay = 0.00>
ST_2 : Operation 94 [1/1] (0.00ns)   --->   "%layer3_out_2 = extractvalue i247 %call_ret1" [firmware/nnet_utils/nnet_dense.h:54->firmware/nnet_utils/nnet_dense.h:45->firmware/myproject.cpp:44]   --->   Operation 94 'extractvalue' 'layer3_out_2' <Predicate = true> <Delay = 0.00>
ST_2 : Operation 95 [1/1] (0.00ns)   --->   "%layer3_out_3 = extractvalue i247 %call_ret1" [firmware/nnet_utils/nnet_dense.h:54->firmware/nnet_utils/nnet_dense.h:45->firmware/myproject.cpp:44]   --->   Operation 95 'extractvalue' 'layer3_out_3' <Predicate = true> <Delay = 0.00>
ST_2 : Operation 96 [1/1] (0.00ns)   --->   "%layer3_out_4 = extractvalue i247 %call_ret1" [firmware/nnet_utils/nnet_dense.h:54->firmware/nnet_utils/nnet_dense.h:45->firmware/myproject.cpp:44]   --->   Operation 96 'extractvalue' 'layer3_out_4' <Predicate = true> <Delay = 0.00>
ST_2 : Operation 97 [1/1] (0.00ns)   --->   "%layer3_out_5 = extractvalue i247 %call_ret1" [firmware/nnet_utils/nnet_dense.h:54->firmware/nnet_utils/nnet_dense.h:45->firmware/myproject.cpp:44]   --->   Operation 97 'extractvalue' 'layer3_out_5' <Predicate = true> <Delay = 0.00>
ST_2 : Operation 98 [1/1] (0.00ns)   --->   "%layer3_out_6 = extractvalue i247 %call_ret1" [firmware/nnet_utils/nnet_dense.h:54->firmware/nnet_utils/nnet_dense.h:45->firmware/myproject.cpp:44]   --->   Operation 98 'extractvalue' 'layer3_out_6' <Predicate = true> <Delay = 0.00>
ST_2 : Operation 99 [1/1] (0.00ns)   --->   "%layer3_out_7 = extractvalue i247 %call_ret1" [firmware/nnet_utils/nnet_dense.h:54->firmware/nnet_utils/nnet_dense.h:45->firmware/myproject.cpp:44]   --->   Operation 99 'extractvalue' 'layer3_out_7' <Predicate = true> <Delay = 0.00>
ST_2 : Operation 100 [1/1] (0.00ns)   --->   "%layer3_out_8 = extractvalue i247 %call_ret1" [firmware/nnet_utils/nnet_dense.h:54->firmware/nnet_utils/nnet_dense.h:45->firmware/myproject.cpp:44]   --->   Operation 100 'extractvalue' 'layer3_out_8' <Predicate = true> <Delay = 0.00>
ST_2 : Operation 101 [1/1] (0.00ns)   --->   "%layer3_out_9 = extractvalue i247 %call_ret1" [firmware/nnet_utils/nnet_dense.h:54->firmware/nnet_utils/nnet_dense.h:45->firmware/myproject.cpp:44]   --->   Operation 101 'extractvalue' 'layer3_out_9' <Predicate = true> <Delay = 0.00>
ST_2 : Operation 102 [1/1] (0.00ns)   --->   "%layer3_out_18 = extractvalue i247 %call_ret1" [firmware/nnet_utils/nnet_dense.h:54->firmware/nnet_utils/nnet_dense.h:45->firmware/myproject.cpp:44]   --->   Operation 102 'extractvalue' 'layer3_out_18' <Predicate = true> <Delay = 0.00>
ST_2 : Operation 103 [1/1] (0.00ns)   --->   "%layer3_out_10 = extractvalue i247 %call_ret1" [firmware/nnet_utils/nnet_dense.h:54->firmware/nnet_utils/nnet_dense.h:45->firmware/myproject.cpp:44]   --->   Operation 103 'extractvalue' 'layer3_out_10' <Predicate = true> <Delay = 0.00>
ST_2 : Operation 104 [1/1] (0.00ns)   --->   "%layer3_out_11 = extractvalue i247 %call_ret1" [firmware/nnet_utils/nnet_dense.h:54->firmware/nnet_utils/nnet_dense.h:45->firmware/myproject.cpp:44]   --->   Operation 104 'extractvalue' 'layer3_out_11' <Predicate = true> <Delay = 0.00>
ST_2 : Operation 105 [1/1] (0.00ns)   --->   "%layer3_out_12 = extractvalue i247 %call_ret1" [firmware/nnet_utils/nnet_dense.h:54->firmware/nnet_utils/nnet_dense.h:45->firmware/myproject.cpp:44]   --->   Operation 105 'extractvalue' 'layer3_out_12' <Predicate = true> <Delay = 0.00>
ST_2 : Operation 106 [1/1] (0.00ns)   --->   "%layer3_out_13 = extractvalue i247 %call_ret1" [firmware/nnet_utils/nnet_dense.h:54->firmware/nnet_utils/nnet_dense.h:45->firmware/myproject.cpp:44]   --->   Operation 106 'extractvalue' 'layer3_out_13' <Predicate = true> <Delay = 0.00>
ST_2 : Operation 107 [1/1] (0.00ns)   --->   "%layer3_out_14 = extractvalue i247 %call_ret1" [firmware/nnet_utils/nnet_dense.h:54->firmware/nnet_utils/nnet_dense.h:45->firmware/myproject.cpp:44]   --->   Operation 107 'extractvalue' 'layer3_out_14' <Predicate = true> <Delay = 0.00>
ST_2 : Operation 108 [1/1] (0.00ns)   --->   "%layer3_out_15 = extractvalue i247 %call_ret1" [firmware/nnet_utils/nnet_dense.h:54->firmware/nnet_utils/nnet_dense.h:45->firmware/myproject.cpp:44]   --->   Operation 108 'extractvalue' 'layer3_out_15' <Predicate = true> <Delay = 0.00>
ST_2 : Operation 109 [1/1] (0.00ns)   --->   "%layer3_out_16 = extractvalue i247 %call_ret1" [firmware/nnet_utils/nnet_dense.h:54->firmware/nnet_utils/nnet_dense.h:45->firmware/myproject.cpp:44]   --->   Operation 109 'extractvalue' 'layer3_out_16' <Predicate = true> <Delay = 0.00>
ST_2 : Operation 110 [1/1] (0.00ns)   --->   "%layer3_out_17 = extractvalue i247 %call_ret1" [firmware/nnet_utils/nnet_dense.h:54->firmware/nnet_utils/nnet_dense.h:45->firmware/myproject.cpp:44]   --->   Operation 110 'extractvalue' 'layer3_out_17' <Predicate = true> <Delay = 0.00>

State 3 <SV = 2> <Delay = 1.05>
ST_3 : Operation 111 [1/1] (1.05ns)   --->   "%call_ret = call i228 @relu<ap_fixed<13, 8, 5, 3, 0>, ap_ufixed<12, 7, 5, 3, 0>, ReLU_config6>, i13 %layer3_out, i13 %layer3_out_1, i13 %layer3_out_2, i13 %layer3_out_3, i13 %layer3_out_4, i13 %layer3_out_5, i13 %layer3_out_6, i13 %layer3_out_7, i13 %layer3_out_8, i13 %layer3_out_9, i13 %layer3_out_18, i13 %layer3_out_10, i13 %layer3_out_11, i13 %layer3_out_12, i13 %layer3_out_13, i13 %layer3_out_14, i13 %layer3_out_15, i13 %layer3_out_16, i13 %layer3_out_17" [firmware/myproject.cpp:48]   --->   Operation 111 'call' 'call_ret' <Predicate = true> <Delay = 1.05> <CoreType = "Generic">   --->   Core 0 '' <Latency = 0> <II = 1> <Delay = 1.00> <Generic> <Opcode : >
ST_3 : Operation 112 [1/1] (0.00ns)   --->   "%layer6_out = extractvalue i228 %call_ret" [firmware/myproject.cpp:48]   --->   Operation 112 'extractvalue' 'layer6_out' <Predicate = true> <Delay = 0.00>
ST_3 : Operation 113 [1/1] (0.00ns)   --->   "%layer6_out_1 = extractvalue i228 %call_ret" [firmware/myproject.cpp:48]   --->   Operation 113 'extractvalue' 'layer6_out_1' <Predicate = true> <Delay = 0.00>
ST_3 : Operation 114 [1/1] (0.00ns)   --->   "%layer6_out_2 = extractvalue i228 %call_ret" [firmware/myproject.cpp:48]   --->   Operation 114 'extractvalue' 'layer6_out_2' <Predicate = true> <Delay = 0.00>
ST_3 : Operation 115 [1/1] (0.00ns)   --->   "%layer6_out_3 = extractvalue i228 %call_ret" [firmware/myproject.cpp:48]   --->   Operation 115 'extractvalue' 'layer6_out_3' <Predicate = true> <Delay = 0.00>
ST_3 : Operation 116 [1/1] (0.00ns)   --->   "%layer6_out_4 = extractvalue i228 %call_ret" [firmware/myproject.cpp:48]   --->   Operation 116 'extractvalue' 'layer6_out_4' <Predicate = true> <Delay = 0.00>
ST_3 : Operation 117 [1/1] (0.00ns)   --->   "%layer6_out_5 = extractvalue i228 %call_ret" [firmware/myproject.cpp:48]   --->   Operation 117 'extractvalue' 'layer6_out_5' <Predicate = true> <Delay = 0.00>
ST_3 : Operation 118 [1/1] (0.00ns)   --->   "%layer6_out_6 = extractvalue i228 %call_ret" [firmware/myproject.cpp:48]   --->   Operation 118 'extractvalue' 'layer6_out_6' <Predicate = true> <Delay = 0.00>
ST_3 : Operation 119 [1/1] (0.00ns)   --->   "%layer6_out_7 = extractvalue i228 %call_ret" [firmware/myproject.cpp:48]   --->   Operation 119 'extractvalue' 'layer6_out_7' <Predicate = true> <Delay = 0.00>
ST_3 : Operation 120 [1/1] (0.00ns)   --->   "%layer6_out_8 = extractvalue i228 %call_ret" [firmware/myproject.cpp:48]   --->   Operation 120 'extractvalue' 'layer6_out_8' <Predicate = true> <Delay = 0.00>
ST_3 : Operation 121 [1/1] (0.00ns)   --->   "%layer6_out_9 = extractvalue i228 %call_ret" [firmware/myproject.cpp:48]   --->   Operation 121 'extractvalue' 'layer6_out_9' <Predicate = true> <Delay = 0.00>
ST_3 : Operation 122 [1/1] (0.00ns)   --->   "%layer6_out_18 = extractvalue i228 %call_ret" [firmware/myproject.cpp:48]   --->   Operation 122 'extractvalue' 'layer6_out_18' <Predicate = true> <Delay = 0.00>
ST_3 : Operation 123 [1/1] (0.00ns)   --->   "%layer6_out_10 = extractvalue i228 %call_ret" [firmware/myproject.cpp:48]   --->   Operation 123 'extractvalue' 'layer6_out_10' <Predicate = true> <Delay = 0.00>
ST_3 : Operation 124 [1/1] (0.00ns)   --->   "%layer6_out_11 = extractvalue i228 %call_ret" [firmware/myproject.cpp:48]   --->   Operation 124 'extractvalue' 'layer6_out_11' <Predicate = true> <Delay = 0.00>
ST_3 : Operation 125 [1/1] (0.00ns)   --->   "%layer6_out_12 = extractvalue i228 %call_ret" [firmware/myproject.cpp:48]   --->   Operation 125 'extractvalue' 'layer6_out_12' <Predicate = true> <Delay = 0.00>
ST_3 : Operation 126 [1/1] (0.00ns)   --->   "%layer6_out_13 = extractvalue i228 %call_ret" [firmware/myproject.cpp:48]   --->   Operation 126 'extractvalue' 'layer6_out_13' <Predicate = true> <Delay = 0.00>
ST_3 : Operation 127 [1/1] (0.00ns)   --->   "%layer6_out_14 = extractvalue i228 %call_ret" [firmware/myproject.cpp:48]   --->   Operation 127 'extractvalue' 'layer6_out_14' <Predicate = true> <Delay = 0.00>
ST_3 : Operation 128 [1/1] (0.00ns)   --->   "%layer6_out_15 = extractvalue i228 %call_ret" [firmware/myproject.cpp:48]   --->   Operation 128 'extractvalue' 'layer6_out_15' <Predicate = true> <Delay = 0.00>
ST_3 : Operation 129 [1/1] (0.00ns)   --->   "%layer6_out_16 = extractvalue i228 %call_ret" [firmware/myproject.cpp:48]   --->   Operation 129 'extractvalue' 'layer6_out_16' <Predicate = true> <Delay = 0.00>
ST_3 : Operation 130 [1/1] (0.00ns)   --->   "%layer6_out_17 = extractvalue i228 %call_ret" [firmware/myproject.cpp:48]   --->   Operation 130 'extractvalue' 'layer6_out_17' <Predicate = true> <Delay = 0.00>
ST_3 : Operation 131 [1/1] (0.00ns)   --->   "%tmp_s = partselect i5 @_ssdm_op_PartSelect.i5.i12.i32.i32, i12 %layer6_out, i32 4, i32 8" [firmware/nnet_utils/nnet_code_gen.h:54->firmware/myproject.cpp:52]   --->   Operation 131 'partselect' 'tmp_s' <Predicate = true> <Delay = 0.00>
ST_3 : Operation 132 [1/1] (0.00ns)   --->   "%tmp_15 = partselect i9 @_ssdm_op_PartSelect.i9.i12.i32.i32, i12 %layer6_out_1, i32 1, i32 9" [firmware/nnet_utils/nnet_code_gen.h:55->firmware/myproject.cpp:52]   --->   Operation 132 'partselect' 'tmp_15' <Predicate = true> <Delay = 0.00>
ST_3 : Operation 133 [1/1] (0.00ns)   --->   "%tmp_16 = partselect i5 @_ssdm_op_PartSelect.i5.i12.i32.i32, i12 %layer6_out_2, i32 4, i32 8" [firmware/nnet_utils/nnet_code_gen.h:57->firmware/myproject.cpp:52]   --->   Operation 133 'partselect' 'tmp_16' <Predicate = true> <Delay = 0.00>
ST_3 : Operation 134 [1/1] (0.00ns)   --->   "%tmp_17 = partselect i5 @_ssdm_op_PartSelect.i5.i12.i32.i32, i12 %layer6_out_3, i32 4, i32 8" [firmware/nnet_utils/nnet_code_gen.h:58->firmware/myproject.cpp:52]   --->   Operation 134 'partselect' 'tmp_17' <Predicate = true> <Delay = 0.00>
ST_3 : Operation 135 [1/1] (0.00ns)   --->   "%tmp_18 = partselect i8 @_ssdm_op_PartSelect.i8.i12.i32.i32, i12 %layer6_out_4, i32 1, i32 8" [firmware/nnet_utils/nnet_code_gen.h:59->firmware/myproject.cpp:52]   --->   Operation 135 'partselect' 'tmp_18' <Predicate = true> <Delay = 0.00>
ST_3 : Operation 136 [1/1] (0.00ns)   --->   "%tmp_19 = partselect i4 @_ssdm_op_PartSelect.i4.i12.i32.i32, i12 %layer6_out_5, i32 5, i32 8" [firmware/nnet_utils/nnet_code_gen.h:62->firmware/myproject.cpp:52]   --->   Operation 136 'partselect' 'tmp_19' <Predicate = true> <Delay = 0.00>
ST_3 : Operation 137 [1/1] (0.00ns)   --->   "%tmp_20 = partselect i9 @_ssdm_op_PartSelect.i9.i12.i32.i32, i12 %layer6_out_6, i32 2, i32 10" [firmware/nnet_utils/nnet_code_gen.h:66->firmware/myproject.cpp:52]   --->   Operation 137 'partselect' 'tmp_20' <Predicate = true> <Delay = 0.00>
ST_3 : Operation 138 [1/1] (0.00ns)   --->   "%tmp_21 = partselect i7 @_ssdm_op_PartSelect.i7.i12.i32.i32, i12 %layer6_out_7, i32 2, i32 8" [firmware/nnet_utils/nnet_code_gen.h:69->firmware/myproject.cpp:52]   --->   Operation 138 'partselect' 'tmp_21' <Predicate = true> <Delay = 0.00>
ST_3 : Operation 139 [1/1] (0.00ns)   --->   "%tmp_22 = partselect i8 @_ssdm_op_PartSelect.i8.i12.i32.i32, i12 %layer6_out_8, i32 3, i32 10" [firmware/nnet_utils/nnet_code_gen.h:71->firmware/myproject.cpp:52]   --->   Operation 139 'partselect' 'tmp_22' <Predicate = true> <Delay = 0.00>
ST_3 : Operation 140 [1/1] (0.00ns)   --->   "%layer7_out_17 = trunc i12 %layer6_out_9" [firmware/nnet_utils/nnet_code_gen.h:72->firmware/myproject.cpp:52]   --->   Operation 140 'trunc' 'layer7_out_17' <Predicate = true> <Delay = 0.00>
ST_3 : Operation 141 [1/1] (0.00ns)   --->   "%tmp_23 = partselect i6 @_ssdm_op_PartSelect.i6.i12.i32.i32, i12 %layer6_out_18, i32 4, i32 9" [firmware/nnet_utils/nnet_code_gen.h:77->firmware/myproject.cpp:52]   --->   Operation 141 'partselect' 'tmp_23' <Predicate = true> <Delay = 0.00>
ST_3 : Operation 142 [1/1] (0.00ns)   --->   "%tmp_24 = partselect i6 @_ssdm_op_PartSelect.i6.i12.i32.i32, i12 %layer6_out_10, i32 3, i32 8" [firmware/nnet_utils/nnet_code_gen.h:85->firmware/myproject.cpp:52]   --->   Operation 142 'partselect' 'tmp_24' <Predicate = true> <Delay = 0.00>
ST_3 : Operation 143 [1/1] (0.00ns)   --->   "%tmp_25 = partselect i8 @_ssdm_op_PartSelect.i8.i12.i32.i32, i12 %layer6_out_11, i32 3, i32 10" [firmware/nnet_utils/nnet_code_gen.h:88->firmware/myproject.cpp:52]   --->   Operation 143 'partselect' 'tmp_25' <Predicate = true> <Delay = 0.00>
ST_3 : Operation 144 [1/1] (0.00ns)   --->   "%tmp_26 = partselect i4 @_ssdm_op_PartSelect.i4.i12.i32.i32, i12 %layer6_out_12, i32 3, i32 6" [firmware/nnet_utils/nnet_code_gen.h:89->firmware/myproject.cpp:52]   --->   Operation 144 'partselect' 'tmp_26' <Predicate = true> <Delay = 0.00>
ST_3 : Operation 145 [1/1] (0.00ns)   --->   "%tmp_27 = partselect i11 @_ssdm_op_PartSelect.i11.i12.i32.i32, i12 %layer6_out_13, i32 1, i32 11" [firmware/nnet_utils/nnet_code_gen.h:90->firmware/myproject.cpp:52]   --->   Operation 145 'partselect' 'tmp_27' <Predicate = true> <Delay = 0.00>
ST_3 : Operation 146 [1/1] (0.00ns)   --->   "%tmp_28 = partselect i6 @_ssdm_op_PartSelect.i6.i12.i32.i32, i12 %layer6_out_14, i32 4, i32 9" [firmware/nnet_utils/nnet_code_gen.h:98->firmware/myproject.cpp:52]   --->   Operation 146 'partselect' 'tmp_28' <Predicate = true> <Delay = 0.00>
ST_3 : Operation 147 [1/1] (0.00ns)   --->   "%tmp_29 = partselect i5 @_ssdm_op_PartSelect.i5.i12.i32.i32, i12 %layer6_out_15, i32 5, i32 9" [firmware/nnet_utils/nnet_code_gen.h:102->firmware/myproject.cpp:52]   --->   Operation 147 'partselect' 'tmp_29' <Predicate = true> <Delay = 0.00>
ST_3 : Operation 148 [1/1] (0.00ns)   --->   "%tmp_30 = partselect i6 @_ssdm_op_PartSelect.i6.i12.i32.i32, i12 %layer6_out_16, i32 4, i32 9" [firmware/nnet_utils/nnet_code_gen.h:109->firmware/myproject.cpp:52]   --->   Operation 148 'partselect' 'tmp_30' <Predicate = true> <Delay = 0.00>
ST_3 : Operation 149 [1/1] (0.00ns)   --->   "%tmp_31 = partselect i6 @_ssdm_op_PartSelect.i6.i12.i32.i32, i12 %layer6_out_17, i32 3, i32 8" [firmware/nnet_utils/nnet_code_gen.h:113->firmware/myproject.cpp:52]   --->   Operation 149 'partselect' 'tmp_31' <Predicate = true> <Delay = 0.00>

State 4 <SV = 3> <Delay = 3.06>
ST_4 : Operation 150 [1/1] (0.00ns)   --->   "%layer7_out = bitconcatenate i9 @_ssdm_op_BitConcatenate.i9.i5.i4, i5 %tmp_s, i4 0" [firmware/nnet_utils/nnet_code_gen.h:54->firmware/myproject.cpp:52]   --->   Operation 150 'bitconcatenate' 'layer7_out' <Predicate = true> <Delay = 0.00>
ST_4 : Operation 151 [1/1] (0.00ns)   --->   "%layer7_out_1 = bitconcatenate i10 @_ssdm_op_BitConcatenate.i10.i9.i1, i9 %tmp_15, i1 0" [firmware/nnet_utils/nnet_code_gen.h:55->firmware/myproject.cpp:52]   --->   Operation 151 'bitconcatenate' 'layer7_out_1' <Predicate = true> <Delay = 0.00>
ST_4 : Operation 152 [1/1] (0.00ns)   --->   "%layer7_out_2 = bitconcatenate i9 @_ssdm_op_BitConcatenate.i9.i5.i4, i5 %tmp_16, i4 0" [firmware/nnet_utils/nnet_code_gen.h:57->firmware/myproject.cpp:52]   --->   Operation 152 'bitconcatenate' 'layer7_out_2' <Predicate = true> <Delay = 0.00>
ST_4 : Operation 153 [1/1] (0.00ns)   --->   "%layer7_out_3 = bitconcatenate i9 @_ssdm_op_BitConcatenate.i9.i5.i4, i5 %tmp_17, i4 0" [firmware/nnet_utils/nnet_code_gen.h:58->firmware/myproject.cpp:52]   --->   Operation 153 'bitconcatenate' 'layer7_out_3' <Predicate = true> <Delay = 0.00>
ST_4 : Operation 154 [1/1] (0.00ns)   --->   "%layer7_out_4 = bitconcatenate i9 @_ssdm_op_BitConcatenate.i9.i8.i1, i8 %tmp_18, i1 0" [firmware/nnet_utils/nnet_code_gen.h:59->firmware/myproject.cpp:52]   --->   Operation 154 'bitconcatenate' 'layer7_out_4' <Predicate = true> <Delay = 0.00>
ST_4 : Operation 155 [1/1] (0.00ns)   --->   "%layer7_out_5 = bitconcatenate i9 @_ssdm_op_BitConcatenate.i9.i4.i5, i4 %tmp_19, i5 0" [firmware/nnet_utils/nnet_code_gen.h:62->firmware/myproject.cpp:52]   --->   Operation 155 'bitconcatenate' 'layer7_out_5' <Predicate = true> <Delay = 0.00>
ST_4 : Operation 156 [1/1] (0.00ns)   --->   "%layer7_out_6 = bitconcatenate i11 @_ssdm_op_BitConcatenate.i11.i9.i2, i9 %tmp_20, i2 0" [firmware/nnet_utils/nnet_code_gen.h:66->firmware/myproject.cpp:52]   --->   Operation 156 'bitconcatenate' 'layer7_out_6' <Predicate = true> <Delay = 0.00>
ST_4 : Operation 157 [1/1] (0.00ns)   --->   "%layer7_out_7 = bitconcatenate i9 @_ssdm_op_BitConcatenate.i9.i7.i2, i7 %tmp_21, i2 0" [firmware/nnet_utils/nnet_code_gen.h:69->firmware/myproject.cpp:52]   --->   Operation 157 'bitconcatenate' 'layer7_out_7' <Predicate = true> <Delay = 0.00>
ST_4 : Operation 158 [1/1] (0.00ns)   --->   "%layer7_out_8 = bitconcatenate i11 @_ssdm_op_BitConcatenate.i11.i8.i3, i8 %tmp_22, i3 0" [firmware/nnet_utils/nnet_code_gen.h:71->firmware/myproject.cpp:52]   --->   Operation 158 'bitconcatenate' 'layer7_out_8' <Predicate = true> <Delay = 0.00>
ST_4 : Operation 159 [1/1] (0.00ns)   --->   "%layer7_out_18 = bitconcatenate i10 @_ssdm_op_BitConcatenate.i10.i6.i4, i6 %tmp_23, i4 0" [firmware/nnet_utils/nnet_code_gen.h:77->firmware/myproject.cpp:52]   --->   Operation 159 'bitconcatenate' 'layer7_out_18' <Predicate = true> <Delay = 0.00>
ST_4 : Operation 160 [1/1] (0.00ns)   --->   "%layer7_out_9 = bitconcatenate i9 @_ssdm_op_BitConcatenate.i9.i6.i3, i6 %tmp_24, i3 0" [firmware/nnet_utils/nnet_code_gen.h:85->firmware/myproject.cpp:52]   --->   Operation 160 'bitconcatenate' 'layer7_out_9' <Predicate = true> <Delay = 0.00>
ST_4 : Operation 161 [1/1] (0.00ns)   --->   "%layer7_out_10 = bitconcatenate i11 @_ssdm_op_BitConcatenate.i11.i8.i3, i8 %tmp_25, i3 0" [firmware/nnet_utils/nnet_code_gen.h:88->firmware/myproject.cpp:52]   --->   Operation 161 'bitconcatenate' 'layer7_out_10' <Predicate = true> <Delay = 0.00>
ST_4 : Operation 162 [1/1] (0.00ns)   --->   "%layer7_out_11 = bitconcatenate i7 @_ssdm_op_BitConcatenate.i7.i4.i3, i4 %tmp_26, i3 0" [firmware/nnet_utils/nnet_code_gen.h:89->firmware/myproject.cpp:52]   --->   Operation 162 'bitconcatenate' 'layer7_out_11' <Predicate = true> <Delay = 0.00>
ST_4 : Operation 163 [1/1] (0.00ns)   --->   "%layer7_out_12 = bitconcatenate i12 @_ssdm_op_BitConcatenate.i12.i11.i1, i11 %tmp_27, i1 0" [firmware/nnet_utils/nnet_code_gen.h:90->firmware/myproject.cpp:52]   --->   Operation 163 'bitconcatenate' 'layer7_out_12' <Predicate = true> <Delay = 0.00>
ST_4 : Operation 164 [1/1] (0.00ns)   --->   "%layer7_out_13 = bitconcatenate i10 @_ssdm_op_BitConcatenate.i10.i6.i4, i6 %tmp_28, i4 0" [firmware/nnet_utils/nnet_code_gen.h:98->firmware/myproject.cpp:52]   --->   Operation 164 'bitconcatenate' 'layer7_out_13' <Predicate = true> <Delay = 0.00>
ST_4 : Operation 165 [1/1] (0.00ns)   --->   "%layer7_out_14 = bitconcatenate i10 @_ssdm_op_BitConcatenate.i10.i5.i5, i5 %tmp_29, i5 0" [firmware/nnet_utils/nnet_code_gen.h:102->firmware/myproject.cpp:52]   --->   Operation 165 'bitconcatenate' 'layer7_out_14' <Predicate = true> <Delay = 0.00>
ST_4 : Operation 166 [1/1] (0.00ns)   --->   "%layer7_out_15 = bitconcatenate i10 @_ssdm_op_BitConcatenate.i10.i6.i4, i6 %tmp_30, i4 0" [firmware/nnet_utils/nnet_code_gen.h:109->firmware/myproject.cpp:52]   --->   Operation 166 'bitconcatenate' 'layer7_out_15' <Predicate = true> <Delay = 0.00>
ST_4 : Operation 167 [1/1] (0.00ns)   --->   "%layer7_out_16 = bitconcatenate i9 @_ssdm_op_BitConcatenate.i9.i6.i3, i6 %tmp_31, i3 0" [firmware/nnet_utils/nnet_code_gen.h:113->firmware/myproject.cpp:52]   --->   Operation 167 'bitconcatenate' 'layer7_out_16' <Predicate = true> <Delay = 0.00>
ST_4 : Operation 168 [2/2] (3.06ns)   --->   "%call_ret2 = call i117 @dense_latency<ap_ufixed<12, 7, 5, 3, 0>, ap_fixed<13, 11, 5, 3, 0>, config8>, i9 %layer7_out, i10 %layer7_out_1, i9 %layer7_out_2, i9 %layer7_out_3, i9 %layer7_out_4, i9 %layer7_out_5, i11 %layer7_out_6, i9 %layer7_out_7, i11 %layer7_out_8, i9 %layer7_out_17, i10 %layer7_out_18, i9 %layer7_out_9, i11 %layer7_out_10, i7 %layer7_out_11, i12 %layer7_out_12, i10 %layer7_out_13, i10 %layer7_out_14, i10 %layer7_out_15, i9 %layer7_out_16" [firmware/nnet_utils/nnet_dense.h:54->firmware/nnet_utils/nnet_dense.h:45->firmware/myproject.cpp:56]   --->   Operation 168 'call' 'call_ret2' <Predicate = true> <Delay = 3.06> <CoreType = "Generic">   --->   Core 0 '' <Latency = 0> <II = 1> <Delay = 1.00> <Generic> <Opcode : >

State 5 <SV = 4> <Delay = 3.33>
ST_5 : Operation 169 [1/2] (2.27ns)   --->   "%call_ret2 = call i117 @dense_latency<ap_ufixed<12, 7, 5, 3, 0>, ap_fixed<13, 11, 5, 3, 0>, config8>, i9 %layer7_out, i10 %layer7_out_1, i9 %layer7_out_2, i9 %layer7_out_3, i9 %layer7_out_4, i9 %layer7_out_5, i11 %layer7_out_6, i9 %layer7_out_7, i11 %layer7_out_8, i9 %layer7_out_17, i10 %layer7_out_18, i9 %layer7_out_9, i11 %layer7_out_10, i7 %layer7_out_11, i12 %layer7_out_12, i10 %layer7_out_13, i10 %layer7_out_14, i10 %layer7_out_15, i9 %layer7_out_16" [firmware/nnet_utils/nnet_dense.h:54->firmware/nnet_utils/nnet_dense.h:45->firmware/myproject.cpp:56]   --->   Operation 169 'call' 'call_ret2' <Predicate = true> <Delay = 2.27> <CoreType = "Generic">   --->   Core 0 '' <Latency = 0> <II = 1> <Delay = 1.00> <Generic> <Opcode : >
ST_5 : Operation 170 [1/1] (0.00ns)   --->   "%layer8_out = extractvalue i117 %call_ret2" [firmware/nnet_utils/nnet_dense.h:54->firmware/nnet_utils/nnet_dense.h:45->firmware/myproject.cpp:56]   --->   Operation 170 'extractvalue' 'layer8_out' <Predicate = true> <Delay = 0.00>
ST_5 : Operation 171 [1/1] (0.00ns)   --->   "%layer8_out_1 = extractvalue i117 %call_ret2" [firmware/nnet_utils/nnet_dense.h:54->firmware/nnet_utils/nnet_dense.h:45->firmware/myproject.cpp:56]   --->   Operation 171 'extractvalue' 'layer8_out_1' <Predicate = true> <Delay = 0.00>
ST_5 : Operation 172 [1/1] (0.00ns)   --->   "%layer8_out_2 = extractvalue i117 %call_ret2" [firmware/nnet_utils/nnet_dense.h:54->firmware/nnet_utils/nnet_dense.h:45->firmware/myproject.cpp:56]   --->   Operation 172 'extractvalue' 'layer8_out_2' <Predicate = true> <Delay = 0.00>
ST_5 : Operation 173 [1/1] (0.00ns)   --->   "%layer8_out_3 = extractvalue i117 %call_ret2" [firmware/nnet_utils/nnet_dense.h:54->firmware/nnet_utils/nnet_dense.h:45->firmware/myproject.cpp:56]   --->   Operation 173 'extractvalue' 'layer8_out_3' <Predicate = true> <Delay = 0.00>
ST_5 : Operation 174 [1/1] (0.00ns)   --->   "%layer8_out_4 = extractvalue i117 %call_ret2" [firmware/nnet_utils/nnet_dense.h:54->firmware/nnet_utils/nnet_dense.h:45->firmware/myproject.cpp:56]   --->   Operation 174 'extractvalue' 'layer8_out_4' <Predicate = true> <Delay = 0.00>
ST_5 : Operation 175 [1/1] (0.00ns)   --->   "%layer8_out_5 = extractvalue i117 %call_ret2" [firmware/nnet_utils/nnet_dense.h:54->firmware/nnet_utils/nnet_dense.h:45->firmware/myproject.cpp:56]   --->   Operation 175 'extractvalue' 'layer8_out_5' <Predicate = true> <Delay = 0.00>
ST_5 : Operation 176 [1/1] (0.00ns)   --->   "%layer8_out_6 = extractvalue i117 %call_ret2" [firmware/nnet_utils/nnet_dense.h:54->firmware/nnet_utils/nnet_dense.h:45->firmware/myproject.cpp:56]   --->   Operation 176 'extractvalue' 'layer8_out_6' <Predicate = true> <Delay = 0.00>
ST_5 : Operation 177 [1/1] (0.00ns)   --->   "%layer8_out_7 = extractvalue i117 %call_ret2" [firmware/nnet_utils/nnet_dense.h:54->firmware/nnet_utils/nnet_dense.h:45->firmware/myproject.cpp:56]   --->   Operation 177 'extractvalue' 'layer8_out_7' <Predicate = true> <Delay = 0.00>
ST_5 : Operation 178 [1/1] (0.00ns)   --->   "%layer8_out_8 = extractvalue i117 %call_ret2" [firmware/nnet_utils/nnet_dense.h:54->firmware/nnet_utils/nnet_dense.h:45->firmware/myproject.cpp:56]   --->   Operation 178 'extractvalue' 'layer8_out_8' <Predicate = true> <Delay = 0.00>
ST_5 : Operation 179 [1/1] (1.05ns)   --->   "%call_ret3 = call i81 @relu<ap_fixed<13, 11, 5, 3, 0>, ap_ufixed<9, 7, 5, 3, 0>, ReLU_config11>, i13 %layer8_out, i13 %layer8_out_1, i13 %layer8_out_2, i13 %layer8_out_3, i13 %layer8_out_4, i13 %layer8_out_5, i13 %layer8_out_6, i13 %layer8_out_7, i13 %layer8_out_8" [firmware/myproject.cpp:60]   --->   Operation 179 'call' 'call_ret3' <Predicate = true> <Delay = 1.05> <CoreType = "Generic">   --->   Core 0 '' <Latency = 0> <II = 1> <Delay = 1.00> <Generic> <Opcode : >
ST_5 : Operation 180 [1/1] (0.00ns)   --->   "%layer11_out = extractvalue i81 %call_ret3" [firmware/myproject.cpp:60]   --->   Operation 180 'extractvalue' 'layer11_out' <Predicate = true> <Delay = 0.00>
ST_5 : Operation 181 [1/1] (0.00ns)   --->   "%layer11_out_1 = extractvalue i81 %call_ret3" [firmware/myproject.cpp:60]   --->   Operation 181 'extractvalue' 'layer11_out_1' <Predicate = true> <Delay = 0.00>
ST_5 : Operation 182 [1/1] (0.00ns)   --->   "%layer11_out_2 = extractvalue i81 %call_ret3" [firmware/myproject.cpp:60]   --->   Operation 182 'extractvalue' 'layer11_out_2' <Predicate = true> <Delay = 0.00>
ST_5 : Operation 183 [1/1] (0.00ns)   --->   "%layer11_out_3 = extractvalue i81 %call_ret3" [firmware/myproject.cpp:60]   --->   Operation 183 'extractvalue' 'layer11_out_3' <Predicate = true> <Delay = 0.00>
ST_5 : Operation 184 [1/1] (0.00ns)   --->   "%layer11_out_4 = extractvalue i81 %call_ret3" [firmware/myproject.cpp:60]   --->   Operation 184 'extractvalue' 'layer11_out_4' <Predicate = true> <Delay = 0.00>
ST_5 : Operation 185 [1/1] (0.00ns)   --->   "%layer11_out_5 = extractvalue i81 %call_ret3" [firmware/myproject.cpp:60]   --->   Operation 185 'extractvalue' 'layer11_out_5' <Predicate = true> <Delay = 0.00>
ST_5 : Operation 186 [1/1] (0.00ns)   --->   "%layer11_out_6 = extractvalue i81 %call_ret3" [firmware/myproject.cpp:60]   --->   Operation 186 'extractvalue' 'layer11_out_6' <Predicate = true> <Delay = 0.00>
ST_5 : Operation 187 [1/1] (0.00ns)   --->   "%layer11_out_7 = extractvalue i81 %call_ret3" [firmware/myproject.cpp:60]   --->   Operation 187 'extractvalue' 'layer11_out_7' <Predicate = true> <Delay = 0.00>
ST_5 : Operation 188 [1/1] (0.00ns)   --->   "%layer11_out_8 = extractvalue i81 %call_ret3" [firmware/myproject.cpp:60]   --->   Operation 188 'extractvalue' 'layer11_out_8' <Predicate = true> <Delay = 0.00>
ST_5 : Operation 189 [1/1] (0.00ns)   --->   "%tmp_32 = partselect i8 @_ssdm_op_PartSelect.i8.i9.i32.i32, i9 %layer11_out, i32 1, i32 8" [firmware/nnet_utils/nnet_code_gen.h:125->firmware/myproject.cpp:64]   --->   Operation 189 'partselect' 'tmp_32' <Predicate = true> <Delay = 0.00>
ST_5 : Operation 190 [1/1] (0.00ns)   --->   "%tmp_33 = partselect i7 @_ssdm_op_PartSelect.i7.i9.i32.i32, i9 %layer11_out_1, i32 1, i32 7" [firmware/nnet_utils/nnet_code_gen.h:128->firmware/myproject.cpp:64]   --->   Operation 190 'partselect' 'tmp_33' <Predicate = true> <Delay = 0.00>
ST_5 : Operation 191 [1/1] (0.00ns)   --->   "%tmp_34 = partselect i7 @_ssdm_op_PartSelect.i7.i9.i32.i32, i9 %layer11_out_2, i32 2, i32 8" [firmware/nnet_utils/nnet_code_gen.h:132->firmware/myproject.cpp:64]   --->   Operation 191 'partselect' 'tmp_34' <Predicate = true> <Delay = 0.00>
ST_5 : Operation 192 [1/1] (0.00ns)   --->   "%tmp_35 = partselect i5 @_ssdm_op_PartSelect.i5.i9.i32.i32, i9 %layer11_out_3, i32 2, i32 6" [firmware/nnet_utils/nnet_code_gen.h:134->firmware/myproject.cpp:64]   --->   Operation 192 'partselect' 'tmp_35' <Predicate = true> <Delay = 0.00>
ST_5 : Operation 193 [1/1] (0.00ns)   --->   "%tmp_36 = partselect i6 @_ssdm_op_PartSelect.i6.i9.i32.i32, i9 %layer11_out_4, i32 2, i32 7" [firmware/nnet_utils/nnet_code_gen.h:143->firmware/myproject.cpp:64]   --->   Operation 193 'partselect' 'tmp_36' <Predicate = true> <Delay = 0.00>
ST_5 : Operation 194 [1/1] (0.00ns)   --->   "%layer12_out_5 = trunc i9 %layer11_out_5" [firmware/nnet_utils/nnet_code_gen.h:144->firmware/myproject.cpp:64]   --->   Operation 194 'trunc' 'layer12_out_5' <Predicate = true> <Delay = 0.00>
ST_5 : Operation 195 [1/1] (0.00ns)   --->   "%tmp_37 = partselect i8 @_ssdm_op_PartSelect.i8.i9.i32.i32, i9 %layer11_out_6, i32 1, i32 8" [firmware/nnet_utils/nnet_code_gen.h:146->firmware/myproject.cpp:64]   --->   Operation 195 'partselect' 'tmp_37' <Predicate = true> <Delay = 0.00>
ST_5 : Operation 196 [1/1] (0.00ns)   --->   "%tmp_38 = partselect i6 @_ssdm_op_PartSelect.i6.i9.i32.i32, i9 %layer11_out_7, i32 1, i32 6" [firmware/nnet_utils/nnet_code_gen.h:149->firmware/myproject.cpp:64]   --->   Operation 196 'partselect' 'tmp_38' <Predicate = true> <Delay = 0.00>
ST_5 : Operation 197 [1/1] (0.00ns)   --->   "%tmp_39 = partselect i5 @_ssdm_op_PartSelect.i5.i9.i32.i32, i9 %layer11_out_8, i32 2, i32 6" [firmware/nnet_utils/nnet_code_gen.h:151->firmware/myproject.cpp:64]   --->   Operation 197 'partselect' 'tmp_39' <Predicate = true> <Delay = 0.00>

State 6 <SV = 5> <Delay = 1.55>
ST_6 : Operation 198 [1/1] (0.00ns)   --->   "%layer12_out = bitconcatenate i9 @_ssdm_op_BitConcatenate.i9.i8.i1, i8 %tmp_32, i1 0" [firmware/nnet_utils/nnet_code_gen.h:125->firmware/myproject.cpp:64]   --->   Operation 198 'bitconcatenate' 'layer12_out' <Predicate = true> <Delay = 0.00>
ST_6 : Operation 199 [1/1] (0.00ns)   --->   "%layer12_out_1 = bitconcatenate i8 @_ssdm_op_BitConcatenate.i8.i7.i1, i7 %tmp_33, i1 0" [firmware/nnet_utils/nnet_code_gen.h:128->firmware/myproject.cpp:64]   --->   Operation 199 'bitconcatenate' 'layer12_out_1' <Predicate = true> <Delay = 0.00>
ST_6 : Operation 200 [1/1] (0.00ns)   --->   "%layer12_out_2 = bitconcatenate i9 @_ssdm_op_BitConcatenate.i9.i7.i2, i7 %tmp_34, i2 0" [firmware/nnet_utils/nnet_code_gen.h:132->firmware/myproject.cpp:64]   --->   Operation 200 'bitconcatenate' 'layer12_out_2' <Predicate = true> <Delay = 0.00>
ST_6 : Operation 201 [1/1] (0.00ns)   --->   "%layer12_out_3 = bitconcatenate i7 @_ssdm_op_BitConcatenate.i7.i5.i2, i5 %tmp_35, i2 0" [firmware/nnet_utils/nnet_code_gen.h:134->firmware/myproject.cpp:64]   --->   Operation 201 'bitconcatenate' 'layer12_out_3' <Predicate = true> <Delay = 0.00>
ST_6 : Operation 202 [1/1] (0.00ns)   --->   "%layer12_out_4 = bitconcatenate i8 @_ssdm_op_BitConcatenate.i8.i6.i2, i6 %tmp_36, i2 0" [firmware/nnet_utils/nnet_code_gen.h:143->firmware/myproject.cpp:64]   --->   Operation 202 'bitconcatenate' 'layer12_out_4' <Predicate = true> <Delay = 0.00>
ST_6 : Operation 203 [1/1] (0.00ns)   --->   "%layer12_out_6 = bitconcatenate i9 @_ssdm_op_BitConcatenate.i9.i8.i1, i8 %tmp_37, i1 0" [firmware/nnet_utils/nnet_code_gen.h:146->firmware/myproject.cpp:64]   --->   Operation 203 'bitconcatenate' 'layer12_out_6' <Predicate = true> <Delay = 0.00>
ST_6 : Operation 204 [1/1] (0.00ns)   --->   "%layer12_out_7 = bitconcatenate i7 @_ssdm_op_BitConcatenate.i7.i6.i1, i6 %tmp_38, i1 0" [firmware/nnet_utils/nnet_code_gen.h:149->firmware/myproject.cpp:64]   --->   Operation 204 'bitconcatenate' 'layer12_out_7' <Predicate = true> <Delay = 0.00>
ST_6 : Operation 205 [1/1] (0.00ns)   --->   "%layer12_out_8 = bitconcatenate i7 @_ssdm_op_BitConcatenate.i7.i5.i2, i5 %tmp_39, i2 0" [firmware/nnet_utils/nnet_code_gen.h:151->firmware/myproject.cpp:64]   --->   Operation 205 'bitconcatenate' 'layer12_out_8' <Predicate = true> <Delay = 0.00>
ST_6 : Operation 206 [2/2] (1.55ns)   --->   "%call_ret4 = call i104 @dense_latency<ap_ufixed<9, 7, 5, 3, 0>, ap_fixed<13, 11, 5, 3, 0>, config13>, i9 %layer12_out, i8 %layer12_out_1, i9 %layer12_out_2, i7 %layer12_out_3, i8 %layer12_out_4, i7 %layer12_out_5, i9 %layer12_out_6, i7 %layer12_out_7, i7 %layer12_out_8" [firmware/nnet_utils/nnet_dense.h:54->firmware/nnet_utils/nnet_dense.h:45->firmware/myproject.cpp:68]   --->   Operation 206 'call' 'call_ret4' <Predicate = true> <Delay = 1.55> <CoreType = "Generic">   --->   Core 0 '' <Latency = 0> <II = 1> <Delay = 1.00> <Generic> <Opcode : >

State 7 <SV = 6> <Delay = 3.09>
ST_7 : Operation 207 [1/2] (3.09ns)   --->   "%call_ret4 = call i104 @dense_latency<ap_ufixed<9, 7, 5, 3, 0>, ap_fixed<13, 11, 5, 3, 0>, config13>, i9 %layer12_out, i8 %layer12_out_1, i9 %layer12_out_2, i7 %layer12_out_3, i8 %layer12_out_4, i7 %layer12_out_5, i9 %layer12_out_6, i7 %layer12_out_7, i7 %layer12_out_8" [firmware/nnet_utils/nnet_dense.h:54->firmware/nnet_utils/nnet_dense.h:45->firmware/myproject.cpp:68]   --->   Operation 207 'call' 'call_ret4' <Predicate = true> <Delay = 3.09> <CoreType = "Generic">   --->   Core 0 '' <Latency = 0> <II = 1> <Delay = 1.00> <Generic> <Opcode : >
ST_7 : Operation 208 [1/1] (0.00ns)   --->   "%layer13_out = extractvalue i104 %call_ret4" [firmware/nnet_utils/nnet_dense.h:54->firmware/nnet_utils/nnet_dense.h:45->firmware/myproject.cpp:68]   --->   Operation 208 'extractvalue' 'layer13_out' <Predicate = true> <Delay = 0.00>
ST_7 : Operation 209 [1/1] (0.00ns)   --->   "%layer13_out_1 = extractvalue i104 %call_ret4" [firmware/nnet_utils/nnet_dense.h:54->firmware/nnet_utils/nnet_dense.h:45->firmware/myproject.cpp:68]   --->   Operation 209 'extractvalue' 'layer13_out_1' <Predicate = true> <Delay = 0.00>
ST_7 : Operation 210 [1/1] (0.00ns)   --->   "%layer13_out_2 = extractvalue i104 %call_ret4" [firmware/nnet_utils/nnet_dense.h:54->firmware/nnet_utils/nnet_dense.h:45->firmware/myproject.cpp:68]   --->   Operation 210 'extractvalue' 'layer13_out_2' <Predicate = true> <Delay = 0.00>
ST_7 : Operation 211 [1/1] (0.00ns)   --->   "%layer13_out_3 = extractvalue i104 %call_ret4" [firmware/nnet_utils/nnet_dense.h:54->firmware/nnet_utils/nnet_dense.h:45->firmware/myproject.cpp:68]   --->   Operation 211 'extractvalue' 'layer13_out_3' <Predicate = true> <Delay = 0.00>
ST_7 : Operation 212 [1/1] (0.00ns)   --->   "%layer13_out_4 = extractvalue i104 %call_ret4" [firmware/nnet_utils/nnet_dense.h:54->firmware/nnet_utils/nnet_dense.h:45->firmware/myproject.cpp:68]   --->   Operation 212 'extractvalue' 'layer13_out_4' <Predicate = true> <Delay = 0.00>
ST_7 : Operation 213 [1/1] (0.00ns)   --->   "%layer13_out_5 = extractvalue i104 %call_ret4" [firmware/nnet_utils/nnet_dense.h:54->firmware/nnet_utils/nnet_dense.h:45->firmware/myproject.cpp:68]   --->   Operation 213 'extractvalue' 'layer13_out_5' <Predicate = true> <Delay = 0.00>
ST_7 : Operation 214 [1/1] (0.00ns)   --->   "%layer13_out_6 = extractvalue i104 %call_ret4" [firmware/nnet_utils/nnet_dense.h:54->firmware/nnet_utils/nnet_dense.h:45->firmware/myproject.cpp:68]   --->   Operation 214 'extractvalue' 'layer13_out_6' <Predicate = true> <Delay = 0.00>
ST_7 : Operation 215 [1/1] (0.00ns)   --->   "%layer13_out_7 = extractvalue i104 %call_ret4" [firmware/nnet_utils/nnet_dense.h:54->firmware/nnet_utils/nnet_dense.h:45->firmware/myproject.cpp:68]   --->   Operation 215 'extractvalue' 'layer13_out_7' <Predicate = true> <Delay = 0.00>

State 8 <SV = 7> <Delay = 1.05>
ST_8 : Operation 216 [1/1] (1.05ns)   --->   "%call_ret5 = call i64 @relu<ap_fixed<13, 11, 5, 3, 0>, ap_ufixed<8, 6, 5, 3, 0>, ReLU_config16>, i13 %layer13_out, i13 %layer13_out_1, i13 %layer13_out_2, i13 %layer13_out_3, i13 %layer13_out_4, i13 %layer13_out_5, i13 %layer13_out_6, i13 %layer13_out_7" [firmware/myproject.cpp:72]   --->   Operation 216 'call' 'call_ret5' <Predicate = true> <Delay = 1.05> <CoreType = "Generic">   --->   Core 0 '' <Latency = 0> <II = 1> <Delay = 1.00> <Generic> <Opcode : >
ST_8 : Operation 217 [1/1] (0.00ns)   --->   "%layer16_out = extractvalue i64 %call_ret5" [firmware/myproject.cpp:72]   --->   Operation 217 'extractvalue' 'layer16_out' <Predicate = true> <Delay = 0.00>
ST_8 : Operation 218 [1/1] (0.00ns)   --->   "%layer16_out_1 = extractvalue i64 %call_ret5" [firmware/myproject.cpp:72]   --->   Operation 218 'extractvalue' 'layer16_out_1' <Predicate = true> <Delay = 0.00>
ST_8 : Operation 219 [1/1] (0.00ns)   --->   "%layer16_out_2 = extractvalue i64 %call_ret5" [firmware/myproject.cpp:72]   --->   Operation 219 'extractvalue' 'layer16_out_2' <Predicate = true> <Delay = 0.00>
ST_8 : Operation 220 [1/1] (0.00ns)   --->   "%layer16_out_3 = extractvalue i64 %call_ret5" [firmware/myproject.cpp:72]   --->   Operation 220 'extractvalue' 'layer16_out_3' <Predicate = true> <Delay = 0.00>
ST_8 : Operation 221 [1/1] (0.00ns)   --->   "%layer16_out_4 = extractvalue i64 %call_ret5" [firmware/myproject.cpp:72]   --->   Operation 221 'extractvalue' 'layer16_out_4' <Predicate = true> <Delay = 0.00>
ST_8 : Operation 222 [1/1] (0.00ns)   --->   "%layer16_out_5 = extractvalue i64 %call_ret5" [firmware/myproject.cpp:72]   --->   Operation 222 'extractvalue' 'layer16_out_5' <Predicate = true> <Delay = 0.00>
ST_8 : Operation 223 [1/1] (0.00ns)   --->   "%layer16_out_6 = extractvalue i64 %call_ret5" [firmware/myproject.cpp:72]   --->   Operation 223 'extractvalue' 'layer16_out_6' <Predicate = true> <Delay = 0.00>
ST_8 : Operation 224 [1/1] (0.00ns)   --->   "%layer16_out_8 = extractvalue i64 %call_ret5" [firmware/myproject.cpp:72]   --->   Operation 224 'extractvalue' 'layer16_out_8' <Predicate = true> <Delay = 0.00>
ST_8 : Operation 225 [1/1] (0.00ns)   --->   "%tmp_40 = partselect i7 @_ssdm_op_PartSelect.i7.i8.i32.i32, i8 %layer16_out, i32 1, i32 7" [firmware/nnet_utils/nnet_code_gen.h:160->firmware/myproject.cpp:76]   --->   Operation 225 'partselect' 'tmp_40' <Predicate = true> <Delay = 0.00>
ST_8 : Operation 226 [1/1] (0.00ns)   --->   "%layer17_out_1 = trunc i8 %layer16_out_1" [firmware/nnet_utils/nnet_code_gen.h:162->firmware/myproject.cpp:76]   --->   Operation 226 'trunc' 'layer17_out_1' <Predicate = true> <Delay = 0.00>
ST_8 : Operation 227 [1/1] (0.00ns)   --->   "%layer17_out_2 = trunc i8 %layer16_out_2" [firmware/nnet_utils/nnet_code_gen.h:164->firmware/myproject.cpp:76]   --->   Operation 227 'trunc' 'layer17_out_2' <Predicate = true> <Delay = 0.00>
ST_8 : Operation 228 [1/1] (0.00ns)   --->   "%layer17_out_3 = trunc i8 %layer16_out_3" [firmware/nnet_utils/nnet_code_gen.h:168->firmware/myproject.cpp:76]   --->   Operation 228 'trunc' 'layer17_out_3' <Predicate = true> <Delay = 0.00>
ST_8 : Operation 229 [1/1] (0.00ns)   --->   "%layer17_out_4 = trunc i8 %layer16_out_4" [firmware/nnet_utils/nnet_code_gen.h:172->firmware/myproject.cpp:76]   --->   Operation 229 'trunc' 'layer17_out_4' <Predicate = true> <Delay = 0.00>
ST_8 : Operation 230 [1/1] (0.00ns)   --->   "%layer17_out_5 = trunc i8 %layer16_out_5" [firmware/nnet_utils/nnet_code_gen.h:181->firmware/myproject.cpp:76]   --->   Operation 230 'trunc' 'layer17_out_5' <Predicate = true> <Delay = 0.00>
ST_8 : Operation 231 [1/1] (0.00ns)   --->   "%tmp_41 = partselect i7 @_ssdm_op_PartSelect.i7.i8.i32.i32, i8 %layer16_out_6, i32 1, i32 7" [firmware/nnet_utils/nnet_code_gen.h:184->firmware/myproject.cpp:76]   --->   Operation 231 'partselect' 'tmp_41' <Predicate = true> <Delay = 0.00>

State 9 <SV = 8> <Delay = 2.99>
ST_9 : Operation 232 [1/1] (0.00ns)   --->   "%specpipeline_ln0 = specpipeline void @_ssdm_op_SpecPipeline, i32 4294967295, i32 0, i32 0, i32 0, void @empty_0"   --->   Operation 232 'specpipeline' 'specpipeline_ln0' <Predicate = true> <Delay = 0.00>
ST_9 : Operation 233 [1/1] (0.00ns)   --->   "%spectopmodule_ln0 = spectopmodule void @_ssdm_op_SpecTopModule, void @empty_2"   --->   Operation 233 'spectopmodule' 'spectopmodule_ln0' <Predicate = true> <Delay = 0.00>
ST_9 : Operation 234 [1/1] (0.00ns)   --->   "%specbitsmap_ln0 = specbitsmap void @_ssdm_op_SpecBitsMap, i208 %input_11"   --->   Operation 234 'specbitsmap' 'specbitsmap_ln0' <Predicate = true> <Delay = 0.00>
ST_9 : Operation 235 [1/1] (0.00ns)   --->   "%specinterface_ln0 = specinterface void @_ssdm_op_SpecInterface, i208 %input_11, void @empty, i32 4294967295, i32 4294967295, void @empty_0, i32 0, i32 0, void @empty_0, void @empty_0, void @empty_0, i32 0, i32 0, i32 0, i32 0, void @empty_0, void @empty_0, i32 4294967295, i32 0, i32 0"   --->   Operation 235 'specinterface' 'specinterface_ln0' <Predicate = true> <Delay = 0.00>
ST_9 : Operation 236 [1/1] (0.00ns)   --->   "%specbitsmap_ln0 = specbitsmap void @_ssdm_op_SpecBitsMap, i14 %layer20_out_0"   --->   Operation 236 'specbitsmap' 'specbitsmap_ln0' <Predicate = true> <Delay = 0.00>
ST_9 : Operation 237 [1/1] (0.00ns)   --->   "%specinterface_ln0 = specinterface void @_ssdm_op_SpecInterface, i14 %layer20_out_0, void @empty, i32 4294967295, i32 4294967295, void @empty_0, i32 0, i32 0, void @empty_0, void @empty_0, void @empty_0, i32 0, i32 0, i32 0, i32 0, void @empty_0, void @empty_0, i32 4294967295, i32 0, i32 0"   --->   Operation 237 'specinterface' 'specinterface_ln0' <Predicate = true> <Delay = 0.00>
ST_9 : Operation 238 [1/1] (0.00ns)   --->   "%specbitsmap_ln0 = specbitsmap void @_ssdm_op_SpecBitsMap, i14 %layer20_out_1"   --->   Operation 238 'specbitsmap' 'specbitsmap_ln0' <Predicate = true> <Delay = 0.00>
ST_9 : Operation 239 [1/1] (0.00ns)   --->   "%specinterface_ln0 = specinterface void @_ssdm_op_SpecInterface, i14 %layer20_out_1, void @empty, i32 4294967295, i32 4294967295, void @empty_0, i32 0, i32 0, void @empty_0, void @empty_0, void @empty_0, i32 0, i32 0, i32 0, i32 0, void @empty_0, void @empty_0, i32 4294967295, i32 0, i32 0"   --->   Operation 239 'specinterface' 'specinterface_ln0' <Predicate = true> <Delay = 0.00>
ST_9 : Operation 240 [1/1] (0.00ns)   --->   "%specbitsmap_ln0 = specbitsmap void @_ssdm_op_SpecBitsMap, i14 %layer20_out_2"   --->   Operation 240 'specbitsmap' 'specbitsmap_ln0' <Predicate = true> <Delay = 0.00>
ST_9 : Operation 241 [1/1] (0.00ns)   --->   "%specinterface_ln0 = specinterface void @_ssdm_op_SpecInterface, i14 %layer20_out_2, void @empty, i32 4294967295, i32 4294967295, void @empty_0, i32 0, i32 0, void @empty_0, void @empty_0, void @empty_0, i32 0, i32 0, i32 0, i32 0, void @empty_0, void @empty_0, i32 4294967295, i32 0, i32 0"   --->   Operation 241 'specinterface' 'specinterface_ln0' <Predicate = true> <Delay = 0.00>
ST_9 : Operation 242 [1/1] (0.00ns)   --->   "%specbitsmap_ln0 = specbitsmap void @_ssdm_op_SpecBitsMap, i14 %layer20_out_3"   --->   Operation 242 'specbitsmap' 'specbitsmap_ln0' <Predicate = true> <Delay = 0.00>
ST_9 : Operation 243 [1/1] (0.00ns)   --->   "%specinterface_ln0 = specinterface void @_ssdm_op_SpecInterface, i14 %layer20_out_3, void @empty, i32 4294967295, i32 4294967295, void @empty_0, i32 0, i32 0, void @empty_0, void @empty_0, void @empty_0, i32 0, i32 0, i32 0, i32 0, void @empty_0, void @empty_0, i32 4294967295, i32 0, i32 0"   --->   Operation 243 'specinterface' 'specinterface_ln0' <Predicate = true> <Delay = 0.00>
ST_9 : Operation 244 [1/1] (0.00ns)   --->   "%specbitsmap_ln0 = specbitsmap void @_ssdm_op_SpecBitsMap, i14 %layer20_out_4"   --->   Operation 244 'specbitsmap' 'specbitsmap_ln0' <Predicate = true> <Delay = 0.00>
ST_9 : Operation 245 [1/1] (0.00ns)   --->   "%specinterface_ln0 = specinterface void @_ssdm_op_SpecInterface, i14 %layer20_out_4, void @empty, i32 4294967295, i32 4294967295, void @empty_0, i32 0, i32 0, void @empty_0, void @empty_0, void @empty_0, i32 0, i32 0, i32 0, i32 0, void @empty_0, void @empty_0, i32 4294967295, i32 0, i32 0"   --->   Operation 245 'specinterface' 'specinterface_ln0' <Predicate = true> <Delay = 0.00>
ST_9 : Operation 246 [1/1] (0.00ns)   --->   "%layer17_out = bitconcatenate i8 @_ssdm_op_BitConcatenate.i8.i7.i1, i7 %tmp_40, i1 0" [firmware/nnet_utils/nnet_code_gen.h:160->firmware/myproject.cpp:76]   --->   Operation 246 'bitconcatenate' 'layer17_out' <Predicate = true> <Delay = 0.00>
ST_9 : Operation 247 [1/1] (0.00ns)   --->   "%layer17_out_6 = bitconcatenate i8 @_ssdm_op_BitConcatenate.i8.i7.i1, i7 %tmp_41, i1 0" [firmware/nnet_utils/nnet_code_gen.h:184->firmware/myproject.cpp:76]   --->   Operation 247 'bitconcatenate' 'layer17_out_6' <Predicate = true> <Delay = 0.00>
ST_9 : Operation 248 [1/1] (2.99ns)   --->   "%call_ret6 = call i70 @dense_latency<ap_ufixed<8, 6, 5, 3, 0>, ap_fixed<14, 7, 5, 3, 0>, config18>, i8 %layer17_out, i7 %layer17_out_1, i6 %layer17_out_2, i7 %layer17_out_3, i6 %layer17_out_4, i6 %layer17_out_5, i8 %layer17_out_6, i8 %layer16_out_8" [firmware/nnet_utils/nnet_dense.h:54->firmware/nnet_utils/nnet_dense.h:45->firmware/myproject.cpp:80]   --->   Operation 248 'call' 'call_ret6' <Predicate = true> <Delay = 2.99> <CoreType = "Generic">   --->   Core 0 '' <Latency = 0> <II = 1> <Delay = 1.00> <Generic> <Opcode : >
ST_9 : Operation 249 [1/1] (0.00ns)   --->   "%layer18_out = extractvalue i70 %call_ret6" [firmware/nnet_utils/nnet_dense.h:54->firmware/nnet_utils/nnet_dense.h:45->firmware/myproject.cpp:80]   --->   Operation 249 'extractvalue' 'layer18_out' <Predicate = true> <Delay = 0.00>
ST_9 : Operation 250 [1/1] (0.00ns)   --->   "%layer18_out_1 = extractvalue i70 %call_ret6" [firmware/nnet_utils/nnet_dense.h:54->firmware/nnet_utils/nnet_dense.h:45->firmware/myproject.cpp:80]   --->   Operation 250 'extractvalue' 'layer18_out_1' <Predicate = true> <Delay = 0.00>
ST_9 : Operation 251 [1/1] (0.00ns)   --->   "%layer18_out_2 = extractvalue i70 %call_ret6" [firmware/nnet_utils/nnet_dense.h:54->firmware/nnet_utils/nnet_dense.h:45->firmware/myproject.cpp:80]   --->   Operation 251 'extractvalue' 'layer18_out_2' <Predicate = true> <Delay = 0.00>
ST_9 : Operation 252 [1/1] (0.00ns)   --->   "%layer18_out_3 = extractvalue i70 %call_ret6" [firmware/nnet_utils/nnet_dense.h:54->firmware/nnet_utils/nnet_dense.h:45->firmware/myproject.cpp:80]   --->   Operation 252 'extractvalue' 'layer18_out_3' <Predicate = true> <Delay = 0.00>
ST_9 : Operation 253 [1/1] (0.00ns)   --->   "%layer18_out_4 = extractvalue i70 %call_ret6" [firmware/nnet_utils/nnet_dense.h:54->firmware/nnet_utils/nnet_dense.h:45->firmware/myproject.cpp:80]   --->   Operation 253 'extractvalue' 'layer18_out_4' <Predicate = true> <Delay = 0.00>
ST_9 : Operation 254 [1/1] (0.00ns)   --->   "%tmp_42 = partselect i11 @_ssdm_op_PartSelect.i11.i14.i32.i32, i14 %layer18_out, i32 1, i32 11" [firmware/nnet_utils/nnet_code_gen.h:198->firmware/myproject.cpp:82]   --->   Operation 254 'partselect' 'tmp_42' <Predicate = true> <Delay = 0.00>
ST_9 : Operation 255 [1/1] (0.00ns)   --->   "%shl_ln = bitconcatenate i12 @_ssdm_op_BitConcatenate.i12.i11.i1, i11 %tmp_42, i1 0" [firmware/nnet_utils/nnet_code_gen.h:198->firmware/myproject.cpp:82]   --->   Operation 255 'bitconcatenate' 'shl_ln' <Predicate = true> <Delay = 0.00>
ST_9 : Operation 256 [1/1] (0.00ns)   --->   "%sext_ln199_1 = sext i12 %shl_ln" [firmware/nnet_utils/nnet_code_gen.h:199->firmware/myproject.cpp:82]   --->   Operation 256 'sext' 'sext_ln199_1' <Predicate = true> <Delay = 0.00>
ST_9 : Operation 257 [1/1] (0.00ns)   --->   "%trunc_ln199 = trunc i14 %layer18_out_1" [firmware/nnet_utils/nnet_code_gen.h:199->firmware/myproject.cpp:82]   --->   Operation 257 'trunc' 'trunc_ln199' <Predicate = true> <Delay = 0.00>
ST_9 : Operation 258 [1/1] (0.00ns)   --->   "%sext_ln199 = sext i12 %trunc_ln199" [firmware/nnet_utils/nnet_code_gen.h:199->firmware/myproject.cpp:82]   --->   Operation 258 'sext' 'sext_ln199' <Predicate = true> <Delay = 0.00>
ST_9 : Operation 259 [1/1] (0.00ns)   --->   "%tmp_43 = partselect i11 @_ssdm_op_PartSelect.i11.i14.i32.i32, i14 %layer18_out_2, i32 1, i32 11" [firmware/nnet_utils/nnet_code_gen.h:200->firmware/myproject.cpp:82]   --->   Operation 259 'partselect' 'tmp_43' <Predicate = true> <Delay = 0.00>
ST_9 : Operation 260 [1/1] (0.00ns)   --->   "%shl_ln1 = bitconcatenate i12 @_ssdm_op_BitConcatenate.i12.i11.i1, i11 %tmp_43, i1 0" [firmware/nnet_utils/nnet_code_gen.h:200->firmware/myproject.cpp:82]   --->   Operation 260 'bitconcatenate' 'shl_ln1' <Predicate = true> <Delay = 0.00>
ST_9 : Operation 261 [1/1] (0.00ns)   --->   "%sext_ln201 = sext i12 %shl_ln1" [firmware/nnet_utils/nnet_code_gen.h:201->firmware/myproject.cpp:82]   --->   Operation 261 'sext' 'sext_ln201' <Predicate = true> <Delay = 0.00>
ST_9 : Operation 262 [1/1] (0.00ns)   --->   "%tmp_44 = partselect i12 @_ssdm_op_PartSelect.i12.i14.i32.i32, i14 %layer18_out_3, i32 1, i32 12" [firmware/nnet_utils/nnet_code_gen.h:201->firmware/myproject.cpp:82]   --->   Operation 262 'partselect' 'tmp_44' <Predicate = true> <Delay = 0.00>
ST_9 : Operation 263 [1/1] (0.00ns)   --->   "%shl_ln2 = bitconcatenate i13 @_ssdm_op_BitConcatenate.i13.i12.i1, i12 %tmp_44, i1 0" [firmware/nnet_utils/nnet_code_gen.h:201->firmware/myproject.cpp:82]   --->   Operation 263 'bitconcatenate' 'shl_ln2' <Predicate = true> <Delay = 0.00>
ST_9 : Operation 264 [1/1] (0.00ns)   --->   "%sext_ln202 = sext i13 %shl_ln2" [firmware/nnet_utils/nnet_code_gen.h:202->firmware/myproject.cpp:82]   --->   Operation 264 'sext' 'sext_ln202' <Predicate = true> <Delay = 0.00>
ST_9 : Operation 265 [1/1] (0.00ns)   --->   "%tmp_45 = partselect i13 @_ssdm_op_PartSelect.i13.i14.i32.i32, i14 %layer18_out_4, i32 1, i32 13" [firmware/nnet_utils/nnet_code_gen.h:202->firmware/myproject.cpp:82]   --->   Operation 265 'partselect' 'tmp_45' <Predicate = true> <Delay = 0.00>
ST_9 : Operation 266 [1/1] (0.00ns)   --->   "%and_ln = bitconcatenate i14 @_ssdm_op_BitConcatenate.i14.i13.i1, i13 %tmp_45, i1 0" [firmware/nnet_utils/nnet_code_gen.h:202->firmware/myproject.cpp:82]   --->   Operation 266 'bitconcatenate' 'and_ln' <Predicate = true> <Delay = 0.00>
ST_9 : Operation 267 [1/1] (0.00ns)   --->   "%write_ln198 = write void @_ssdm_op_Write.ap_vld.i14P0A, i14 %layer20_out_0, i14 %sext_ln199_1" [firmware/nnet_utils/nnet_code_gen.h:198->firmware/myproject.cpp:82]   --->   Operation 267 'write' 'write_ln198' <Predicate = true> <Delay = 0.00>
ST_9 : Operation 268 [1/1] (0.00ns)   --->   "%write_ln199 = write void @_ssdm_op_Write.ap_vld.i14P0A, i14 %layer20_out_1, i14 %sext_ln199" [firmware/nnet_utils/nnet_code_gen.h:199->firmware/myproject.cpp:82]   --->   Operation 268 'write' 'write_ln199' <Predicate = true> <Delay = 0.00>
ST_9 : Operation 269 [1/1] (0.00ns)   --->   "%write_ln200 = write void @_ssdm_op_Write.ap_vld.i14P0A, i14 %layer20_out_2, i14 %sext_ln201" [firmware/nnet_utils/nnet_code_gen.h:200->firmware/myproject.cpp:82]   --->   Operation 269 'write' 'write_ln200' <Predicate = true> <Delay = 0.00>
ST_9 : Operation 270 [1/1] (0.00ns)   --->   "%write_ln201 = write void @_ssdm_op_Write.ap_vld.i14P0A, i14 %layer20_out_3, i14 %sext_ln202" [firmware/nnet_utils/nnet_code_gen.h:201->firmware/myproject.cpp:82]   --->   Operation 270 'write' 'write_ln201' <Predicate = true> <Delay = 0.00>
ST_9 : Operation 271 [1/1] (0.00ns)   --->   "%write_ln202 = write void @_ssdm_op_Write.ap_vld.i14P0A, i14 %layer20_out_4, i14 %and_ln" [firmware/nnet_utils/nnet_code_gen.h:202->firmware/myproject.cpp:82]   --->   Operation 271 'write' 'write_ln202' <Predicate = true> <Delay = 0.00>
ST_9 : Operation 272 [1/1] (0.00ns)   --->   "%ret_ln84 = ret" [firmware/myproject.cpp:84]   --->   Operation 272 'ret' 'ret_ln84' <Predicate = true> <Delay = 0.00>


============================================================
+ Verbose Summary: Timing violations
============================================================
Target clock period: 5.000ns, clock uncertainty: 1.350ns.

 <State 1>: 3.090ns
The critical path consists of the following:
	wire read operation ('input_11_read', firmware/nnet_utils/nnet_code_gen.h:30->firmware/myproject.cpp:40) on port 'input_11' (firmware/nnet_utils/nnet_code_gen.h:30->firmware/myproject.cpp:40) [21]  (0.000 ns)
	'add' operation 12 bit ('layer2_out', firmware/nnet_utils/nnet_code_gen.h:44->firmware/myproject.cpp:40) [95]  (0.745 ns)
	'call' operation 247 bit ('call_ret1', firmware/nnet_utils/nnet_dense.h:54->firmware/nnet_utils/nnet_dense.h:45->firmware/myproject.cpp:44) to 'dense_latency<ap_fixed<12, 5, 5, 3, 0>, ap_fixed<13, 8, 5, 3, 0>, config3>' [101]  (2.345 ns)

 <State 2>: 3.634ns
The critical path consists of the following:
	'call' operation 247 bit ('call_ret1', firmware/nnet_utils/nnet_dense.h:54->firmware/nnet_utils/nnet_dense.h:45->firmware/myproject.cpp:44) to 'dense_latency<ap_fixed<12, 5, 5, 3, 0>, ap_fixed<13, 8, 5, 3, 0>, config3>' [101]  (3.634 ns)

 <State 3>: 1.054ns
The critical path consists of the following:
	'call' operation 228 bit ('call_ret', firmware/myproject.cpp:48) to 'relu<ap_fixed<13, 8, 5, 3, 0>, ap_ufixed<12, 7, 5, 3, 0>, ReLU_config6>' [121]  (1.054 ns)

 <State 4>: 3.062ns
The critical path consists of the following:
	'call' operation 117 bit ('call_ret2', firmware/nnet_utils/nnet_dense.h:54->firmware/nnet_utils/nnet_dense.h:45->firmware/myproject.cpp:56) to 'dense_latency<ap_ufixed<12, 7, 5, 3, 0>, ap_fixed<13, 11, 5, 3, 0>, config8>' [178]  (3.062 ns)

 <State 5>: 3.334ns
The critical path consists of the following:
	'call' operation 117 bit ('call_ret2', firmware/nnet_utils/nnet_dense.h:54->firmware/nnet_utils/nnet_dense.h:45->firmware/myproject.cpp:56) to 'dense_latency<ap_ufixed<12, 7, 5, 3, 0>, ap_fixed<13, 11, 5, 3, 0>, config8>' [178]  (2.276 ns)
	'call' operation 81 bit ('call_ret3', firmware/myproject.cpp:60) to 'relu<ap_fixed<13, 11, 5, 3, 0>, ap_ufixed<9, 7, 5, 3, 0>, ReLU_config11>' [188]  (1.058 ns)

 <State 6>: 1.550ns
The critical path consists of the following:
	'call' operation 104 bit ('call_ret4', firmware/nnet_utils/nnet_dense.h:54->firmware/nnet_utils/nnet_dense.h:45->firmware/myproject.cpp:68) to 'dense_latency<ap_ufixed<9, 7, 5, 3, 0>, ap_fixed<13, 11, 5, 3, 0>, config13>' [215]  (1.550 ns)

 <State 7>: 3.090ns
The critical path consists of the following:
	'call' operation 104 bit ('call_ret4', firmware/nnet_utils/nnet_dense.h:54->firmware/nnet_utils/nnet_dense.h:45->firmware/myproject.cpp:68) to 'dense_latency<ap_ufixed<9, 7, 5, 3, 0>, ap_fixed<13, 11, 5, 3, 0>, config13>' [215]  (3.090 ns)

 <State 8>: 1.058ns
The critical path consists of the following:
	'call' operation 64 bit ('call_ret5', firmware/myproject.cpp:72) to 'relu<ap_fixed<13, 11, 5, 3, 0>, ap_ufixed<8, 6, 5, 3, 0>, ReLU_config16>' [224]  (1.058 ns)

 <State 9>: 2.991ns
The critical path consists of the following:
	'call' operation 70 bit ('call_ret6', firmware/nnet_utils/nnet_dense.h:54->firmware/nnet_utils/nnet_dense.h:45->firmware/myproject.cpp:80) to 'dense_latency<ap_ufixed<8, 6, 5, 3, 0>, ap_fixed<14, 7, 5, 3, 0>, config18>' [242]  (2.991 ns)


============================================================
+ Verbose Summary: Binding
============================================================
N/A
* FSMD analyzer results:
  - Output states:
 - Input state : 
  - Chain level:
	State 1
	State 2
	State 3
	State 4
	State 5
	State 6
	State 7
	State 8
	State 9


============================================================
+ Verbose Summary: Datapath Resource usage 
============================================================
N/A
