

================================================================
== Vitis HLS Report for 'relu_ap_fixed_13_8_5_3_0_ap_ufixed_12_7_5_3_0_ReLU_config6_s'
================================================================
* Date:           Wed Feb 26 01:35:03 2025

* Version:        2024.1 (Build 5069499 on May 21 2024)
* Project:        myproject_prj
* Solution:       solution1 (Vivado IP Flow Target)
* Product family: virtexuplusHBM
* Target device:  xcu50-fsvh2104-2-e


================================================================
== Performance Estimates
================================================================
+ Timing: 
    * Summary: 
    +--------+---------+----------+------------+
    |  Clock |  Target | Estimated| Uncertainty|
    +--------+---------+----------+------------+
    |ap_clk  |  5.00 ns|  1.054 ns|     1.35 ns|
    +--------+---------+----------+------------+

+ Latency: 
    * Summary: 
    +---------+---------+----------+----------+-----+-----+---------+
    |  Latency (cycles) |  Latency (absolute) |  Interval | Pipeline|
    |   min   |   max   |    min   |    max   | min | max |   Type  |
    +---------+---------+----------+----------+-----+-----+---------+
    |        0|        0|      0 ns|      0 ns|    1|    1|      yes|
    +---------+---------+----------+----------+-----+-----+---------+

    + Detail: 
        * Instance: 
        N/A

        * Loop: 
        N/A

============================================================
+ Verbose Summary: Synthesis Manager
============================================================
InlineROM: 1
ExposeGlobal: 0
============================================================
+ Verbose Summary: CDFG Model
============================================================
IsTopModel: 0
ResetActiveHigh: 1
IsCombinational: 0
IsDatapathOnly: 0
HasWiredReturn: 1
HasMFsm: 2
HasVarLatency: 0
IsPipeline: 1
IsRtlPipelined: 0
IsInstanceOverlapped: 0
IsDontTouch: 0
HasImplIP: 0
IsGatedGlobalClock: 0

+ Individual pipeline summary: 
  * Pipeline-0: initiation interval (II) = 1, depth = 1


============================================================
+ Verbose Summary: Schedule
============================================================
* Number of FSM states : 1
* Pipeline : 1
  Pipeline-0 : II = 1, D = 1, States = { 1 }
* Dataflow Pipeline: 0

* FSM state transitions: 
1 --> 

* FSM state operations: 

State 1 <SV = 0> <Delay = 1.05>
ST_1 : Operation 2 [1/1] (0.00ns)   --->   "%specpipeline_ln42 = specpipeline void @_ssdm_op_SpecPipeline, i32 4294967295, i32 0, i32 0, i32 0, void @empty_0" [firmware/nnet_utils/nnet_activation.h:42]   --->   Operation 2 'specpipeline' 'specpipeline_ln42' <Predicate = true> <Delay = 0.00>
ST_1 : Operation 3 [1/1] (0.00ns)   --->   "%data_61_val_read = read i13 @_ssdm_op_Read.ap_auto.i13, i13 %data_61_val" [firmware/nnet_utils/nnet_activation.h:42]   --->   Operation 3 'read' 'data_61_val_read' <Predicate = true> <Delay = 0.00>
ST_1 : Operation 4 [1/1] (0.00ns)   --->   "%data_57_val_read = read i13 @_ssdm_op_Read.ap_auto.i13, i13 %data_57_val" [firmware/nnet_utils/nnet_activation.h:42]   --->   Operation 4 'read' 'data_57_val_read' <Predicate = true> <Delay = 0.00>
ST_1 : Operation 5 [1/1] (0.00ns)   --->   "%data_50_val_read = read i13 @_ssdm_op_Read.ap_auto.i13, i13 %data_50_val" [firmware/nnet_utils/nnet_activation.h:42]   --->   Operation 5 'read' 'data_50_val_read' <Predicate = true> <Delay = 0.00>
ST_1 : Operation 6 [1/1] (0.00ns)   --->   "%data_46_val_read = read i13 @_ssdm_op_Read.ap_auto.i13, i13 %data_46_val" [firmware/nnet_utils/nnet_activation.h:42]   --->   Operation 6 'read' 'data_46_val_read' <Predicate = true> <Delay = 0.00>
ST_1 : Operation 7 [1/1] (0.00ns)   --->   "%data_38_val_read = read i13 @_ssdm_op_Read.ap_auto.i13, i13 %data_38_val" [firmware/nnet_utils/nnet_activation.h:42]   --->   Operation 7 'read' 'data_38_val_read' <Predicate = true> <Delay = 0.00>
ST_1 : Operation 8 [1/1] (0.00ns)   --->   "%data_37_val_read = read i13 @_ssdm_op_Read.ap_auto.i13, i13 %data_37_val" [firmware/nnet_utils/nnet_activation.h:42]   --->   Operation 8 'read' 'data_37_val_read' <Predicate = true> <Delay = 0.00>
ST_1 : Operation 9 [1/1] (0.00ns)   --->   "%data_36_val_read = read i13 @_ssdm_op_Read.ap_auto.i13, i13 %data_36_val" [firmware/nnet_utils/nnet_activation.h:42]   --->   Operation 9 'read' 'data_36_val_read' <Predicate = true> <Delay = 0.00>
ST_1 : Operation 10 [1/1] (0.00ns)   --->   "%data_33_val_read = read i13 @_ssdm_op_Read.ap_auto.i13, i13 %data_33_val" [firmware/nnet_utils/nnet_activation.h:42]   --->   Operation 10 'read' 'data_33_val_read' <Predicate = true> <Delay = 0.00>
ST_1 : Operation 11 [1/1] (0.00ns)   --->   "%data_25_val_read = read i13 @_ssdm_op_Read.ap_auto.i13, i13 %data_25_val" [firmware/nnet_utils/nnet_activation.h:42]   --->   Operation 11 'read' 'data_25_val_read' <Predicate = true> <Delay = 0.00>
ST_1 : Operation 12 [1/1] (0.00ns)   --->   "%data_20_val_read = read i13 @_ssdm_op_Read.ap_auto.i13, i13 %data_20_val" [firmware/nnet_utils/nnet_activation.h:42]   --->   Operation 12 'read' 'data_20_val_read' <Predicate = true> <Delay = 0.00>
ST_1 : Operation 13 [1/1] (0.00ns)   --->   "%data_19_val_read = read i13 @_ssdm_op_Read.ap_auto.i13, i13 %data_19_val" [firmware/nnet_utils/nnet_activation.h:42]   --->   Operation 13 'read' 'data_19_val_read' <Predicate = true> <Delay = 0.00>
ST_1 : Operation 14 [1/1] (0.00ns)   --->   "%data_17_val_read = read i13 @_ssdm_op_Read.ap_auto.i13, i13 %data_17_val" [firmware/nnet_utils/nnet_activation.h:42]   --->   Operation 14 'read' 'data_17_val_read' <Predicate = true> <Delay = 0.00>
ST_1 : Operation 15 [1/1] (0.00ns)   --->   "%data_14_val_read = read i13 @_ssdm_op_Read.ap_auto.i13, i13 %data_14_val" [firmware/nnet_utils/nnet_activation.h:42]   --->   Operation 15 'read' 'data_14_val_read' <Predicate = true> <Delay = 0.00>
ST_1 : Operation 16 [1/1] (0.00ns)   --->   "%data_10_val_read = read i13 @_ssdm_op_Read.ap_auto.i13, i13 %data_10_val" [firmware/nnet_utils/nnet_activation.h:42]   --->   Operation 16 'read' 'data_10_val_read' <Predicate = true> <Delay = 0.00>
ST_1 : Operation 17 [1/1] (0.00ns)   --->   "%data_7_val_read = read i13 @_ssdm_op_Read.ap_auto.i13, i13 %data_7_val" [firmware/nnet_utils/nnet_activation.h:42]   --->   Operation 17 'read' 'data_7_val_read' <Predicate = true> <Delay = 0.00>
ST_1 : Operation 18 [1/1] (0.00ns)   --->   "%data_6_val_read = read i13 @_ssdm_op_Read.ap_auto.i13, i13 %data_6_val" [firmware/nnet_utils/nnet_activation.h:42]   --->   Operation 18 'read' 'data_6_val_read' <Predicate = true> <Delay = 0.00>
ST_1 : Operation 19 [1/1] (0.00ns)   --->   "%data_5_val_read = read i13 @_ssdm_op_Read.ap_auto.i13, i13 %data_5_val" [firmware/nnet_utils/nnet_activation.h:42]   --->   Operation 19 'read' 'data_5_val_read' <Predicate = true> <Delay = 0.00>
ST_1 : Operation 20 [1/1] (0.00ns)   --->   "%data_3_val_read = read i13 @_ssdm_op_Read.ap_auto.i13, i13 %data_3_val" [firmware/nnet_utils/nnet_activation.h:42]   --->   Operation 20 'read' 'data_3_val_read' <Predicate = true> <Delay = 0.00>
ST_1 : Operation 21 [1/1] (0.00ns)   --->   "%data_2_val_read = read i13 @_ssdm_op_Read.ap_auto.i13, i13 %data_2_val" [firmware/nnet_utils/nnet_activation.h:42]   --->   Operation 21 'read' 'data_2_val_read' <Predicate = true> <Delay = 0.00>
ST_1 : Operation 22 [1/1] (0.75ns)   --->   "%icmp_ln45 = icmp_sgt  i13 %data_2_val_read, i13 0" [firmware/nnet_utils/nnet_activation.h:45]   --->   Operation 22 'icmp' 'icmp_ln45' <Predicate = true> <Delay = 0.75> <CoreInst = "Cmp">   --->   Core 9 'Cmp' <Latency = 0> <II = 1> <Delay = 0.75> <FuncUnit> <Opcode : 'seteq' 'setne' 'setle' 'setge' 'setlt' 'setgt'> <InPorts = 2> <OutPorts = 1>
ST_1 : Operation 23 [1/1] (0.00ns)   --->   "%trunc_ln46 = trunc i13 %data_2_val_read" [firmware/nnet_utils/nnet_activation.h:46]   --->   Operation 23 'trunc' 'trunc_ln46' <Predicate = (icmp_ln45)> <Delay = 0.00>
ST_1 : Operation 24 [1/1] (0.29ns)   --->   "%select_ln45 = select i1 %icmp_ln45, i12 %trunc_ln46, i12 0" [firmware/nnet_utils/nnet_activation.h:45]   --->   Operation 24 'select' 'select_ln45' <Predicate = true> <Delay = 0.29> <CoreInst = "Sel">   --->   Core 73 'Sel' <Latency = 0> <II = 1> <Delay = 0.29> <FuncUnit> <Opcode : 'select'> <InPorts = 3> <OutPorts = 1>
ST_1 : Operation 25 [1/1] (0.75ns)   --->   "%icmp_ln45_1 = icmp_sgt  i13 %data_3_val_read, i13 0" [firmware/nnet_utils/nnet_activation.h:45]   --->   Operation 25 'icmp' 'icmp_ln45_1' <Predicate = true> <Delay = 0.75> <CoreInst = "Cmp">   --->   Core 9 'Cmp' <Latency = 0> <II = 1> <Delay = 0.75> <FuncUnit> <Opcode : 'seteq' 'setne' 'setle' 'setge' 'setlt' 'setgt'> <InPorts = 2> <OutPorts = 1>
ST_1 : Operation 26 [1/1] (0.00ns)   --->   "%trunc_ln46_1 = trunc i13 %data_3_val_read" [firmware/nnet_utils/nnet_activation.h:46]   --->   Operation 26 'trunc' 'trunc_ln46_1' <Predicate = (icmp_ln45_1)> <Delay = 0.00>
ST_1 : Operation 27 [1/1] (0.29ns)   --->   "%select_ln45_1 = select i1 %icmp_ln45_1, i12 %trunc_ln46_1, i12 0" [firmware/nnet_utils/nnet_activation.h:45]   --->   Operation 27 'select' 'select_ln45_1' <Predicate = true> <Delay = 0.29> <CoreInst = "Sel">   --->   Core 73 'Sel' <Latency = 0> <II = 1> <Delay = 0.29> <FuncUnit> <Opcode : 'select'> <InPorts = 3> <OutPorts = 1>
ST_1 : Operation 28 [1/1] (0.75ns)   --->   "%icmp_ln45_2 = icmp_sgt  i13 %data_5_val_read, i13 0" [firmware/nnet_utils/nnet_activation.h:45]   --->   Operation 28 'icmp' 'icmp_ln45_2' <Predicate = true> <Delay = 0.75> <CoreInst = "Cmp">   --->   Core 9 'Cmp' <Latency = 0> <II = 1> <Delay = 0.75> <FuncUnit> <Opcode : 'seteq' 'setne' 'setle' 'setge' 'setlt' 'setgt'> <InPorts = 2> <OutPorts = 1>
ST_1 : Operation 29 [1/1] (0.00ns)   --->   "%trunc_ln46_2 = trunc i13 %data_5_val_read" [firmware/nnet_utils/nnet_activation.h:46]   --->   Operation 29 'trunc' 'trunc_ln46_2' <Predicate = (icmp_ln45_2)> <Delay = 0.00>
ST_1 : Operation 30 [1/1] (0.29ns)   --->   "%select_ln45_2 = select i1 %icmp_ln45_2, i12 %trunc_ln46_2, i12 0" [firmware/nnet_utils/nnet_activation.h:45]   --->   Operation 30 'select' 'select_ln45_2' <Predicate = true> <Delay = 0.29> <CoreInst = "Sel">   --->   Core 73 'Sel' <Latency = 0> <II = 1> <Delay = 0.29> <FuncUnit> <Opcode : 'select'> <InPorts = 3> <OutPorts = 1>
ST_1 : Operation 31 [1/1] (0.75ns)   --->   "%icmp_ln45_3 = icmp_sgt  i13 %data_6_val_read, i13 0" [firmware/nnet_utils/nnet_activation.h:45]   --->   Operation 31 'icmp' 'icmp_ln45_3' <Predicate = true> <Delay = 0.75> <CoreInst = "Cmp">   --->   Core 9 'Cmp' <Latency = 0> <II = 1> <Delay = 0.75> <FuncUnit> <Opcode : 'seteq' 'setne' 'setle' 'setge' 'setlt' 'setgt'> <InPorts = 2> <OutPorts = 1>
ST_1 : Operation 32 [1/1] (0.00ns)   --->   "%trunc_ln46_3 = trunc i13 %data_6_val_read" [firmware/nnet_utils/nnet_activation.h:46]   --->   Operation 32 'trunc' 'trunc_ln46_3' <Predicate = (icmp_ln45_3)> <Delay = 0.00>
ST_1 : Operation 33 [1/1] (0.29ns)   --->   "%select_ln45_3 = select i1 %icmp_ln45_3, i12 %trunc_ln46_3, i12 0" [firmware/nnet_utils/nnet_activation.h:45]   --->   Operation 33 'select' 'select_ln45_3' <Predicate = true> <Delay = 0.29> <CoreInst = "Sel">   --->   Core 73 'Sel' <Latency = 0> <II = 1> <Delay = 0.29> <FuncUnit> <Opcode : 'select'> <InPorts = 3> <OutPorts = 1>
ST_1 : Operation 34 [1/1] (0.75ns)   --->   "%icmp_ln45_4 = icmp_sgt  i13 %data_7_val_read, i13 0" [firmware/nnet_utils/nnet_activation.h:45]   --->   Operation 34 'icmp' 'icmp_ln45_4' <Predicate = true> <Delay = 0.75> <CoreInst = "Cmp">   --->   Core 9 'Cmp' <Latency = 0> <II = 1> <Delay = 0.75> <FuncUnit> <Opcode : 'seteq' 'setne' 'setle' 'setge' 'setlt' 'setgt'> <InPorts = 2> <OutPorts = 1>
ST_1 : Operation 35 [1/1] (0.00ns)   --->   "%trunc_ln46_4 = trunc i13 %data_7_val_read" [firmware/nnet_utils/nnet_activation.h:46]   --->   Operation 35 'trunc' 'trunc_ln46_4' <Predicate = (icmp_ln45_4)> <Delay = 0.00>
ST_1 : Operation 36 [1/1] (0.29ns)   --->   "%select_ln45_4 = select i1 %icmp_ln45_4, i12 %trunc_ln46_4, i12 0" [firmware/nnet_utils/nnet_activation.h:45]   --->   Operation 36 'select' 'select_ln45_4' <Predicate = true> <Delay = 0.29> <CoreInst = "Sel">   --->   Core 73 'Sel' <Latency = 0> <II = 1> <Delay = 0.29> <FuncUnit> <Opcode : 'select'> <InPorts = 3> <OutPorts = 1>
ST_1 : Operation 37 [1/1] (0.75ns)   --->   "%icmp_ln45_5 = icmp_sgt  i13 %data_10_val_read, i13 0" [firmware/nnet_utils/nnet_activation.h:45]   --->   Operation 37 'icmp' 'icmp_ln45_5' <Predicate = true> <Delay = 0.75> <CoreInst = "Cmp">   --->   Core 9 'Cmp' <Latency = 0> <II = 1> <Delay = 0.75> <FuncUnit> <Opcode : 'seteq' 'setne' 'setle' 'setge' 'setlt' 'setgt'> <InPorts = 2> <OutPorts = 1>
ST_1 : Operation 38 [1/1] (0.00ns)   --->   "%trunc_ln46_5 = trunc i13 %data_10_val_read" [firmware/nnet_utils/nnet_activation.h:46]   --->   Operation 38 'trunc' 'trunc_ln46_5' <Predicate = (icmp_ln45_5)> <Delay = 0.00>
ST_1 : Operation 39 [1/1] (0.29ns)   --->   "%select_ln45_5 = select i1 %icmp_ln45_5, i12 %trunc_ln46_5, i12 0" [firmware/nnet_utils/nnet_activation.h:45]   --->   Operation 39 'select' 'select_ln45_5' <Predicate = true> <Delay = 0.29> <CoreInst = "Sel">   --->   Core 73 'Sel' <Latency = 0> <II = 1> <Delay = 0.29> <FuncUnit> <Opcode : 'select'> <InPorts = 3> <OutPorts = 1>
ST_1 : Operation 40 [1/1] (0.75ns)   --->   "%icmp_ln45_6 = icmp_sgt  i13 %data_14_val_read, i13 0" [firmware/nnet_utils/nnet_activation.h:45]   --->   Operation 40 'icmp' 'icmp_ln45_6' <Predicate = true> <Delay = 0.75> <CoreInst = "Cmp">   --->   Core 9 'Cmp' <Latency = 0> <II = 1> <Delay = 0.75> <FuncUnit> <Opcode : 'seteq' 'setne' 'setle' 'setge' 'setlt' 'setgt'> <InPorts = 2> <OutPorts = 1>
ST_1 : Operation 41 [1/1] (0.00ns)   --->   "%trunc_ln46_6 = trunc i13 %data_14_val_read" [firmware/nnet_utils/nnet_activation.h:46]   --->   Operation 41 'trunc' 'trunc_ln46_6' <Predicate = (icmp_ln45_6)> <Delay = 0.00>
ST_1 : Operation 42 [1/1] (0.29ns)   --->   "%select_ln45_6 = select i1 %icmp_ln45_6, i12 %trunc_ln46_6, i12 0" [firmware/nnet_utils/nnet_activation.h:45]   --->   Operation 42 'select' 'select_ln45_6' <Predicate = true> <Delay = 0.29> <CoreInst = "Sel">   --->   Core 73 'Sel' <Latency = 0> <II = 1> <Delay = 0.29> <FuncUnit> <Opcode : 'select'> <InPorts = 3> <OutPorts = 1>
ST_1 : Operation 43 [1/1] (0.75ns)   --->   "%icmp_ln45_7 = icmp_sgt  i13 %data_17_val_read, i13 0" [firmware/nnet_utils/nnet_activation.h:45]   --->   Operation 43 'icmp' 'icmp_ln45_7' <Predicate = true> <Delay = 0.75> <CoreInst = "Cmp">   --->   Core 9 'Cmp' <Latency = 0> <II = 1> <Delay = 0.75> <FuncUnit> <Opcode : 'seteq' 'setne' 'setle' 'setge' 'setlt' 'setgt'> <InPorts = 2> <OutPorts = 1>
ST_1 : Operation 44 [1/1] (0.00ns)   --->   "%trunc_ln46_7 = trunc i13 %data_17_val_read" [firmware/nnet_utils/nnet_activation.h:46]   --->   Operation 44 'trunc' 'trunc_ln46_7' <Predicate = (icmp_ln45_7)> <Delay = 0.00>
ST_1 : Operation 45 [1/1] (0.29ns)   --->   "%select_ln45_7 = select i1 %icmp_ln45_7, i12 %trunc_ln46_7, i12 0" [firmware/nnet_utils/nnet_activation.h:45]   --->   Operation 45 'select' 'select_ln45_7' <Predicate = true> <Delay = 0.29> <CoreInst = "Sel">   --->   Core 73 'Sel' <Latency = 0> <II = 1> <Delay = 0.29> <FuncUnit> <Opcode : 'select'> <InPorts = 3> <OutPorts = 1>
ST_1 : Operation 46 [1/1] (0.75ns)   --->   "%icmp_ln45_8 = icmp_sgt  i13 %data_19_val_read, i13 0" [firmware/nnet_utils/nnet_activation.h:45]   --->   Operation 46 'icmp' 'icmp_ln45_8' <Predicate = true> <Delay = 0.75> <CoreInst = "Cmp">   --->   Core 9 'Cmp' <Latency = 0> <II = 1> <Delay = 0.75> <FuncUnit> <Opcode : 'seteq' 'setne' 'setle' 'setge' 'setlt' 'setgt'> <InPorts = 2> <OutPorts = 1>
ST_1 : Operation 47 [1/1] (0.00ns)   --->   "%trunc_ln46_8 = trunc i13 %data_19_val_read" [firmware/nnet_utils/nnet_activation.h:46]   --->   Operation 47 'trunc' 'trunc_ln46_8' <Predicate = (icmp_ln45_8)> <Delay = 0.00>
ST_1 : Operation 48 [1/1] (0.29ns)   --->   "%select_ln45_8 = select i1 %icmp_ln45_8, i12 %trunc_ln46_8, i12 0" [firmware/nnet_utils/nnet_activation.h:45]   --->   Operation 48 'select' 'select_ln45_8' <Predicate = true> <Delay = 0.29> <CoreInst = "Sel">   --->   Core 73 'Sel' <Latency = 0> <II = 1> <Delay = 0.29> <FuncUnit> <Opcode : 'select'> <InPorts = 3> <OutPorts = 1>
ST_1 : Operation 49 [1/1] (0.75ns)   --->   "%icmp_ln45_9 = icmp_sgt  i13 %data_20_val_read, i13 0" [firmware/nnet_utils/nnet_activation.h:45]   --->   Operation 49 'icmp' 'icmp_ln45_9' <Predicate = true> <Delay = 0.75> <CoreInst = "Cmp">   --->   Core 9 'Cmp' <Latency = 0> <II = 1> <Delay = 0.75> <FuncUnit> <Opcode : 'seteq' 'setne' 'setle' 'setge' 'setlt' 'setgt'> <InPorts = 2> <OutPorts = 1>
ST_1 : Operation 50 [1/1] (0.00ns)   --->   "%trunc_ln46_9 = trunc i13 %data_20_val_read" [firmware/nnet_utils/nnet_activation.h:46]   --->   Operation 50 'trunc' 'trunc_ln46_9' <Predicate = (icmp_ln45_9)> <Delay = 0.00>
ST_1 : Operation 51 [1/1] (0.29ns)   --->   "%select_ln45_9 = select i1 %icmp_ln45_9, i12 %trunc_ln46_9, i12 0" [firmware/nnet_utils/nnet_activation.h:45]   --->   Operation 51 'select' 'select_ln45_9' <Predicate = true> <Delay = 0.29> <CoreInst = "Sel">   --->   Core 73 'Sel' <Latency = 0> <II = 1> <Delay = 0.29> <FuncUnit> <Opcode : 'select'> <InPorts = 3> <OutPorts = 1>
ST_1 : Operation 52 [1/1] (0.75ns)   --->   "%icmp_ln45_10 = icmp_sgt  i13 %data_25_val_read, i13 0" [firmware/nnet_utils/nnet_activation.h:45]   --->   Operation 52 'icmp' 'icmp_ln45_10' <Predicate = true> <Delay = 0.75> <CoreInst = "Cmp">   --->   Core 9 'Cmp' <Latency = 0> <II = 1> <Delay = 0.75> <FuncUnit> <Opcode : 'seteq' 'setne' 'setle' 'setge' 'setlt' 'setgt'> <InPorts = 2> <OutPorts = 1>
ST_1 : Operation 53 [1/1] (0.00ns)   --->   "%trunc_ln46_10 = trunc i13 %data_25_val_read" [firmware/nnet_utils/nnet_activation.h:46]   --->   Operation 53 'trunc' 'trunc_ln46_10' <Predicate = (icmp_ln45_10)> <Delay = 0.00>
ST_1 : Operation 54 [1/1] (0.29ns)   --->   "%select_ln45_10 = select i1 %icmp_ln45_10, i12 %trunc_ln46_10, i12 0" [firmware/nnet_utils/nnet_activation.h:45]   --->   Operation 54 'select' 'select_ln45_10' <Predicate = true> <Delay = 0.29> <CoreInst = "Sel">   --->   Core 73 'Sel' <Latency = 0> <II = 1> <Delay = 0.29> <FuncUnit> <Opcode : 'select'> <InPorts = 3> <OutPorts = 1>
ST_1 : Operation 55 [1/1] (0.75ns)   --->   "%icmp_ln45_11 = icmp_sgt  i13 %data_33_val_read, i13 0" [firmware/nnet_utils/nnet_activation.h:45]   --->   Operation 55 'icmp' 'icmp_ln45_11' <Predicate = true> <Delay = 0.75> <CoreInst = "Cmp">   --->   Core 9 'Cmp' <Latency = 0> <II = 1> <Delay = 0.75> <FuncUnit> <Opcode : 'seteq' 'setne' 'setle' 'setge' 'setlt' 'setgt'> <InPorts = 2> <OutPorts = 1>
ST_1 : Operation 56 [1/1] (0.00ns)   --->   "%trunc_ln46_11 = trunc i13 %data_33_val_read" [firmware/nnet_utils/nnet_activation.h:46]   --->   Operation 56 'trunc' 'trunc_ln46_11' <Predicate = (icmp_ln45_11)> <Delay = 0.00>
ST_1 : Operation 57 [1/1] (0.29ns)   --->   "%select_ln45_11 = select i1 %icmp_ln45_11, i12 %trunc_ln46_11, i12 0" [firmware/nnet_utils/nnet_activation.h:45]   --->   Operation 57 'select' 'select_ln45_11' <Predicate = true> <Delay = 0.29> <CoreInst = "Sel">   --->   Core 73 'Sel' <Latency = 0> <II = 1> <Delay = 0.29> <FuncUnit> <Opcode : 'select'> <InPorts = 3> <OutPorts = 1>
ST_1 : Operation 58 [1/1] (0.75ns)   --->   "%icmp_ln45_12 = icmp_sgt  i13 %data_36_val_read, i13 0" [firmware/nnet_utils/nnet_activation.h:45]   --->   Operation 58 'icmp' 'icmp_ln45_12' <Predicate = true> <Delay = 0.75> <CoreInst = "Cmp">   --->   Core 9 'Cmp' <Latency = 0> <II = 1> <Delay = 0.75> <FuncUnit> <Opcode : 'seteq' 'setne' 'setle' 'setge' 'setlt' 'setgt'> <InPorts = 2> <OutPorts = 1>
ST_1 : Operation 59 [1/1] (0.00ns)   --->   "%trunc_ln46_12 = trunc i13 %data_36_val_read" [firmware/nnet_utils/nnet_activation.h:46]   --->   Operation 59 'trunc' 'trunc_ln46_12' <Predicate = (icmp_ln45_12)> <Delay = 0.00>
ST_1 : Operation 60 [1/1] (0.29ns)   --->   "%select_ln45_12 = select i1 %icmp_ln45_12, i12 %trunc_ln46_12, i12 0" [firmware/nnet_utils/nnet_activation.h:45]   --->   Operation 60 'select' 'select_ln45_12' <Predicate = true> <Delay = 0.29> <CoreInst = "Sel">   --->   Core 73 'Sel' <Latency = 0> <II = 1> <Delay = 0.29> <FuncUnit> <Opcode : 'select'> <InPorts = 3> <OutPorts = 1>
ST_1 : Operation 61 [1/1] (0.75ns)   --->   "%icmp_ln45_13 = icmp_sgt  i13 %data_37_val_read, i13 0" [firmware/nnet_utils/nnet_activation.h:45]   --->   Operation 61 'icmp' 'icmp_ln45_13' <Predicate = true> <Delay = 0.75> <CoreInst = "Cmp">   --->   Core 9 'Cmp' <Latency = 0> <II = 1> <Delay = 0.75> <FuncUnit> <Opcode : 'seteq' 'setne' 'setle' 'setge' 'setlt' 'setgt'> <InPorts = 2> <OutPorts = 1>
ST_1 : Operation 62 [1/1] (0.00ns)   --->   "%trunc_ln46_13 = trunc i13 %data_37_val_read" [firmware/nnet_utils/nnet_activation.h:46]   --->   Operation 62 'trunc' 'trunc_ln46_13' <Predicate = (icmp_ln45_13)> <Delay = 0.00>
ST_1 : Operation 63 [1/1] (0.29ns)   --->   "%select_ln45_13 = select i1 %icmp_ln45_13, i12 %trunc_ln46_13, i12 0" [firmware/nnet_utils/nnet_activation.h:45]   --->   Operation 63 'select' 'select_ln45_13' <Predicate = true> <Delay = 0.29> <CoreInst = "Sel">   --->   Core 73 'Sel' <Latency = 0> <II = 1> <Delay = 0.29> <FuncUnit> <Opcode : 'select'> <InPorts = 3> <OutPorts = 1>
ST_1 : Operation 64 [1/1] (0.75ns)   --->   "%icmp_ln45_14 = icmp_sgt  i13 %data_38_val_read, i13 0" [firmware/nnet_utils/nnet_activation.h:45]   --->   Operation 64 'icmp' 'icmp_ln45_14' <Predicate = true> <Delay = 0.75> <CoreInst = "Cmp">   --->   Core 9 'Cmp' <Latency = 0> <II = 1> <Delay = 0.75> <FuncUnit> <Opcode : 'seteq' 'setne' 'setle' 'setge' 'setlt' 'setgt'> <InPorts = 2> <OutPorts = 1>
ST_1 : Operation 65 [1/1] (0.00ns)   --->   "%trunc_ln46_14 = trunc i13 %data_38_val_read" [firmware/nnet_utils/nnet_activation.h:46]   --->   Operation 65 'trunc' 'trunc_ln46_14' <Predicate = (icmp_ln45_14)> <Delay = 0.00>
ST_1 : Operation 66 [1/1] (0.29ns)   --->   "%select_ln45_14 = select i1 %icmp_ln45_14, i12 %trunc_ln46_14, i12 0" [firmware/nnet_utils/nnet_activation.h:45]   --->   Operation 66 'select' 'select_ln45_14' <Predicate = true> <Delay = 0.29> <CoreInst = "Sel">   --->   Core 73 'Sel' <Latency = 0> <II = 1> <Delay = 0.29> <FuncUnit> <Opcode : 'select'> <InPorts = 3> <OutPorts = 1>
ST_1 : Operation 67 [1/1] (0.75ns)   --->   "%icmp_ln45_15 = icmp_sgt  i13 %data_46_val_read, i13 0" [firmware/nnet_utils/nnet_activation.h:45]   --->   Operation 67 'icmp' 'icmp_ln45_15' <Predicate = true> <Delay = 0.75> <CoreInst = "Cmp">   --->   Core 9 'Cmp' <Latency = 0> <II = 1> <Delay = 0.75> <FuncUnit> <Opcode : 'seteq' 'setne' 'setle' 'setge' 'setlt' 'setgt'> <InPorts = 2> <OutPorts = 1>
ST_1 : Operation 68 [1/1] (0.00ns)   --->   "%trunc_ln46_15 = trunc i13 %data_46_val_read" [firmware/nnet_utils/nnet_activation.h:46]   --->   Operation 68 'trunc' 'trunc_ln46_15' <Predicate = (icmp_ln45_15)> <Delay = 0.00>
ST_1 : Operation 69 [1/1] (0.29ns)   --->   "%select_ln45_15 = select i1 %icmp_ln45_15, i12 %trunc_ln46_15, i12 0" [firmware/nnet_utils/nnet_activation.h:45]   --->   Operation 69 'select' 'select_ln45_15' <Predicate = true> <Delay = 0.29> <CoreInst = "Sel">   --->   Core 73 'Sel' <Latency = 0> <II = 1> <Delay = 0.29> <FuncUnit> <Opcode : 'select'> <InPorts = 3> <OutPorts = 1>
ST_1 : Operation 70 [1/1] (0.75ns)   --->   "%icmp_ln45_16 = icmp_sgt  i13 %data_50_val_read, i13 0" [firmware/nnet_utils/nnet_activation.h:45]   --->   Operation 70 'icmp' 'icmp_ln45_16' <Predicate = true> <Delay = 0.75> <CoreInst = "Cmp">   --->   Core 9 'Cmp' <Latency = 0> <II = 1> <Delay = 0.75> <FuncUnit> <Opcode : 'seteq' 'setne' 'setle' 'setge' 'setlt' 'setgt'> <InPorts = 2> <OutPorts = 1>
ST_1 : Operation 71 [1/1] (0.00ns)   --->   "%trunc_ln46_16 = trunc i13 %data_50_val_read" [firmware/nnet_utils/nnet_activation.h:46]   --->   Operation 71 'trunc' 'trunc_ln46_16' <Predicate = (icmp_ln45_16)> <Delay = 0.00>
ST_1 : Operation 72 [1/1] (0.29ns)   --->   "%select_ln45_16 = select i1 %icmp_ln45_16, i12 %trunc_ln46_16, i12 0" [firmware/nnet_utils/nnet_activation.h:45]   --->   Operation 72 'select' 'select_ln45_16' <Predicate = true> <Delay = 0.29> <CoreInst = "Sel">   --->   Core 73 'Sel' <Latency = 0> <II = 1> <Delay = 0.29> <FuncUnit> <Opcode : 'select'> <InPorts = 3> <OutPorts = 1>
ST_1 : Operation 73 [1/1] (0.75ns)   --->   "%icmp_ln45_17 = icmp_sgt  i13 %data_57_val_read, i13 0" [firmware/nnet_utils/nnet_activation.h:45]   --->   Operation 73 'icmp' 'icmp_ln45_17' <Predicate = true> <Delay = 0.75> <CoreInst = "Cmp">   --->   Core 9 'Cmp' <Latency = 0> <II = 1> <Delay = 0.75> <FuncUnit> <Opcode : 'seteq' 'setne' 'setle' 'setge' 'setlt' 'setgt'> <InPorts = 2> <OutPorts = 1>
ST_1 : Operation 74 [1/1] (0.00ns)   --->   "%trunc_ln46_17 = trunc i13 %data_57_val_read" [firmware/nnet_utils/nnet_activation.h:46]   --->   Operation 74 'trunc' 'trunc_ln46_17' <Predicate = (icmp_ln45_17)> <Delay = 0.00>
ST_1 : Operation 75 [1/1] (0.29ns)   --->   "%select_ln45_17 = select i1 %icmp_ln45_17, i12 %trunc_ln46_17, i12 0" [firmware/nnet_utils/nnet_activation.h:45]   --->   Operation 75 'select' 'select_ln45_17' <Predicate = true> <Delay = 0.29> <CoreInst = "Sel">   --->   Core 73 'Sel' <Latency = 0> <II = 1> <Delay = 0.29> <FuncUnit> <Opcode : 'select'> <InPorts = 3> <OutPorts = 1>
ST_1 : Operation 76 [1/1] (0.75ns)   --->   "%icmp_ln45_18 = icmp_sgt  i13 %data_61_val_read, i13 0" [firmware/nnet_utils/nnet_activation.h:45]   --->   Operation 76 'icmp' 'icmp_ln45_18' <Predicate = true> <Delay = 0.75> <CoreInst = "Cmp">   --->   Core 9 'Cmp' <Latency = 0> <II = 1> <Delay = 0.75> <FuncUnit> <Opcode : 'seteq' 'setne' 'setle' 'setge' 'setlt' 'setgt'> <InPorts = 2> <OutPorts = 1>
ST_1 : Operation 77 [1/1] (0.00ns)   --->   "%trunc_ln46_18 = trunc i13 %data_61_val_read" [firmware/nnet_utils/nnet_activation.h:46]   --->   Operation 77 'trunc' 'trunc_ln46_18' <Predicate = (icmp_ln45_18)> <Delay = 0.00>
ST_1 : Operation 78 [1/1] (0.29ns)   --->   "%select_ln45_18 = select i1 %icmp_ln45_18, i12 %trunc_ln46_18, i12 0" [firmware/nnet_utils/nnet_activation.h:45]   --->   Operation 78 'select' 'select_ln45_18' <Predicate = true> <Delay = 0.29> <CoreInst = "Sel">   --->   Core 73 'Sel' <Latency = 0> <II = 1> <Delay = 0.29> <FuncUnit> <Opcode : 'select'> <InPorts = 3> <OutPorts = 1>
ST_1 : Operation 79 [1/1] (0.00ns)   --->   "%newret = insertvalue i228 <undef>, i12 %select_ln45" [firmware/nnet_utils/nnet_activation.h:45]   --->   Operation 79 'insertvalue' 'newret' <Predicate = true> <Delay = 0.00>
ST_1 : Operation 80 [1/1] (0.00ns)   --->   "%newret2 = insertvalue i228 %newret, i12 %select_ln45_1" [firmware/nnet_utils/nnet_activation.h:45]   --->   Operation 80 'insertvalue' 'newret2' <Predicate = true> <Delay = 0.00>
ST_1 : Operation 81 [1/1] (0.00ns)   --->   "%newret4 = insertvalue i228 %newret2, i12 %select_ln45_2" [firmware/nnet_utils/nnet_activation.h:45]   --->   Operation 81 'insertvalue' 'newret4' <Predicate = true> <Delay = 0.00>
ST_1 : Operation 82 [1/1] (0.00ns)   --->   "%newret6 = insertvalue i228 %newret4, i12 %select_ln45_3" [firmware/nnet_utils/nnet_activation.h:45]   --->   Operation 82 'insertvalue' 'newret6' <Predicate = true> <Delay = 0.00>
ST_1 : Operation 83 [1/1] (0.00ns)   --->   "%newret8 = insertvalue i228 %newret6, i12 %select_ln45_4" [firmware/nnet_utils/nnet_activation.h:45]   --->   Operation 83 'insertvalue' 'newret8' <Predicate = true> <Delay = 0.00>
ST_1 : Operation 84 [1/1] (0.00ns)   --->   "%newret1 = insertvalue i228 %newret8, i12 %select_ln45_5" [firmware/nnet_utils/nnet_activation.h:45]   --->   Operation 84 'insertvalue' 'newret1' <Predicate = true> <Delay = 0.00>
ST_1 : Operation 85 [1/1] (0.00ns)   --->   "%newret3 = insertvalue i228 %newret1, i12 %select_ln45_6" [firmware/nnet_utils/nnet_activation.h:45]   --->   Operation 85 'insertvalue' 'newret3' <Predicate = true> <Delay = 0.00>
ST_1 : Operation 86 [1/1] (0.00ns)   --->   "%newret5 = insertvalue i228 %newret3, i12 %select_ln45_7" [firmware/nnet_utils/nnet_activation.h:45]   --->   Operation 86 'insertvalue' 'newret5' <Predicate = true> <Delay = 0.00>
ST_1 : Operation 87 [1/1] (0.00ns)   --->   "%newret7 = insertvalue i228 %newret5, i12 %select_ln45_8" [firmware/nnet_utils/nnet_activation.h:45]   --->   Operation 87 'insertvalue' 'newret7' <Predicate = true> <Delay = 0.00>
ST_1 : Operation 88 [1/1] (0.00ns)   --->   "%newret9 = insertvalue i228 %newret7, i12 %select_ln45_9" [firmware/nnet_utils/nnet_activation.h:45]   --->   Operation 88 'insertvalue' 'newret9' <Predicate = true> <Delay = 0.00>
ST_1 : Operation 89 [1/1] (0.00ns)   --->   "%newret10 = insertvalue i228 %newret9, i12 %select_ln45_10" [firmware/nnet_utils/nnet_activation.h:45]   --->   Operation 89 'insertvalue' 'newret10' <Predicate = true> <Delay = 0.00>
ST_1 : Operation 90 [1/1] (0.00ns)   --->   "%newret11 = insertvalue i228 %newret10, i12 %select_ln45_11" [firmware/nnet_utils/nnet_activation.h:45]   --->   Operation 90 'insertvalue' 'newret11' <Predicate = true> <Delay = 0.00>
ST_1 : Operation 91 [1/1] (0.00ns)   --->   "%newret12 = insertvalue i228 %newret11, i12 %select_ln45_12" [firmware/nnet_utils/nnet_activation.h:45]   --->   Operation 91 'insertvalue' 'newret12' <Predicate = true> <Delay = 0.00>
ST_1 : Operation 92 [1/1] (0.00ns)   --->   "%newret13 = insertvalue i228 %newret12, i12 %select_ln45_13" [firmware/nnet_utils/nnet_activation.h:45]   --->   Operation 92 'insertvalue' 'newret13' <Predicate = true> <Delay = 0.00>
ST_1 : Operation 93 [1/1] (0.00ns)   --->   "%newret14 = insertvalue i228 %newret13, i12 %select_ln45_14" [firmware/nnet_utils/nnet_activation.h:45]   --->   Operation 93 'insertvalue' 'newret14' <Predicate = true> <Delay = 0.00>
ST_1 : Operation 94 [1/1] (0.00ns)   --->   "%newret15 = insertvalue i228 %newret14, i12 %select_ln45_15" [firmware/nnet_utils/nnet_activation.h:45]   --->   Operation 94 'insertvalue' 'newret15' <Predicate = true> <Delay = 0.00>
ST_1 : Operation 95 [1/1] (0.00ns)   --->   "%newret16 = insertvalue i228 %newret15, i12 %select_ln45_16" [firmware/nnet_utils/nnet_activation.h:45]   --->   Operation 95 'insertvalue' 'newret16' <Predicate = true> <Delay = 0.00>
ST_1 : Operation 96 [1/1] (0.00ns)   --->   "%newret17 = insertvalue i228 %newret16, i12 %select_ln45_17" [firmware/nnet_utils/nnet_activation.h:45]   --->   Operation 96 'insertvalue' 'newret17' <Predicate = true> <Delay = 0.00>
ST_1 : Operation 97 [1/1] (0.00ns)   --->   "%newret18 = insertvalue i228 %newret17, i12 %select_ln45_18" [firmware/nnet_utils/nnet_activation.h:45]   --->   Operation 97 'insertvalue' 'newret18' <Predicate = true> <Delay = 0.00>
ST_1 : Operation 98 [1/1] (0.00ns)   --->   "%ret_ln45 = ret i228 %newret18" [firmware/nnet_utils/nnet_activation.h:45]   --->   Operation 98 'ret' 'ret_ln45' <Predicate = true> <Delay = 0.00>


============================================================
+ Verbose Summary: Binding
============================================================
STG Binding: 
---------------- STG Properties BEGIN ----------------
- Is combinational: 1
- Is one-state seq: 0
- Is datapath-only: 0
- Is pipelined: 1
- Is top level: 0
Port [ Return ] is wired: 1; IO mode=ap_ctrl_hs:ce=0
Port [ data_2_val]:  wired=1; compound=0; hidden=0; nouse=0; global=0; static=0; extern=0; dir=0; type=0; pingpong=0; private_global=0; IO mode=ap_none:ce=0
Port [ data_3_val]:  wired=1; compound=0; hidden=0; nouse=0; global=0; static=0; extern=0; dir=0; type=0; pingpong=0; private_global=0; IO mode=ap_none:ce=0
Port [ data_5_val]:  wired=1; compound=0; hidden=0; nouse=0; global=0; static=0; extern=0; dir=0; type=0; pingpong=0; private_global=0; IO mode=ap_none:ce=0
Port [ data_6_val]:  wired=1; compound=0; hidden=0; nouse=0; global=0; static=0; extern=0; dir=0; type=0; pingpong=0; private_global=0; IO mode=ap_none:ce=0
Port [ data_7_val]:  wired=1; compound=0; hidden=0; nouse=0; global=0; static=0; extern=0; dir=0; type=0; pingpong=0; private_global=0; IO mode=ap_none:ce=0
Port [ data_10_val]:  wired=1; compound=0; hidden=0; nouse=0; global=0; static=0; extern=0; dir=0; type=0; pingpong=0; private_global=0; IO mode=ap_none:ce=0
Port [ data_14_val]:  wired=1; compound=0; hidden=0; nouse=0; global=0; static=0; extern=0; dir=0; type=0; pingpong=0; private_global=0; IO mode=ap_none:ce=0
Port [ data_17_val]:  wired=1; compound=0; hidden=0; nouse=0; global=0; static=0; extern=0; dir=0; type=0; pingpong=0; private_global=0; IO mode=ap_none:ce=0
Port [ data_19_val]:  wired=1; compound=0; hidden=0; nouse=0; global=0; static=0; extern=0; dir=0; type=0; pingpong=0; private_global=0; IO mode=ap_none:ce=0
Port [ data_20_val]:  wired=1; compound=0; hidden=0; nouse=0; global=0; static=0; extern=0; dir=0; type=0; pingpong=0; private_global=0; IO mode=ap_none:ce=0
Port [ data_25_val]:  wired=1; compound=0; hidden=0; nouse=0; global=0; static=0; extern=0; dir=0; type=0; pingpong=0; private_global=0; IO mode=ap_none:ce=0
Port [ data_33_val]:  wired=1; compound=0; hidden=0; nouse=0; global=0; static=0; extern=0; dir=0; type=0; pingpong=0; private_global=0; IO mode=ap_none:ce=0
Port [ data_36_val]:  wired=1; compound=0; hidden=0; nouse=0; global=0; static=0; extern=0; dir=0; type=0; pingpong=0; private_global=0; IO mode=ap_none:ce=0
Port [ data_37_val]:  wired=1; compound=0; hidden=0; nouse=0; global=0; static=0; extern=0; dir=0; type=0; pingpong=0; private_global=0; IO mode=ap_none:ce=0
Port [ data_38_val]:  wired=1; compound=0; hidden=0; nouse=0; global=0; static=0; extern=0; dir=0; type=0; pingpong=0; private_global=0; IO mode=ap_none:ce=0
Port [ data_46_val]:  wired=1; compound=0; hidden=0; nouse=0; global=0; static=0; extern=0; dir=0; type=0; pingpong=0; private_global=0; IO mode=ap_none:ce=0
Port [ data_50_val]:  wired=1; compound=0; hidden=0; nouse=0; global=0; static=0; extern=0; dir=0; type=0; pingpong=0; private_global=0; IO mode=ap_none:ce=0
Port [ data_57_val]:  wired=1; compound=0; hidden=0; nouse=0; global=0; static=0; extern=0; dir=0; type=0; pingpong=0; private_global=0; IO mode=ap_none:ce=0
Port [ data_61_val]:  wired=1; compound=0; hidden=0; nouse=0; global=0; static=0; extern=0; dir=0; type=0; pingpong=0; private_global=0; IO mode=ap_none:ce=0
---------------- STG Properties END ------------------

---------------- Datapath Model BEGIN ----------------

<LifeTime>
<method=bitvector/>
specpipeline_ln42 (specpipeline) [ 00]
data_61_val_read  (read        ) [ 00]
data_57_val_read  (read        ) [ 00]
data_50_val_read  (read        ) [ 00]
data_46_val_read  (read        ) [ 00]
data_38_val_read  (read        ) [ 00]
data_37_val_read  (read        ) [ 00]
data_36_val_read  (read        ) [ 00]
data_33_val_read  (read        ) [ 00]
data_25_val_read  (read        ) [ 00]
data_20_val_read  (read        ) [ 00]
data_19_val_read  (read        ) [ 00]
data_17_val_read  (read        ) [ 00]
data_14_val_read  (read        ) [ 00]
data_10_val_read  (read        ) [ 00]
data_7_val_read   (read        ) [ 00]
data_6_val_read   (read        ) [ 00]
data_5_val_read   (read        ) [ 00]
data_3_val_read   (read        ) [ 00]
data_2_val_read   (read        ) [ 00]
icmp_ln45         (icmp        ) [ 01]
trunc_ln46        (trunc       ) [ 00]
select_ln45       (select      ) [ 00]
icmp_ln45_1       (icmp        ) [ 01]
trunc_ln46_1      (trunc       ) [ 00]
select_ln45_1     (select      ) [ 00]
icmp_ln45_2       (icmp        ) [ 01]
trunc_ln46_2      (trunc       ) [ 00]
select_ln45_2     (select      ) [ 00]
icmp_ln45_3       (icmp        ) [ 01]
trunc_ln46_3      (trunc       ) [ 00]
select_ln45_3     (select      ) [ 00]
icmp_ln45_4       (icmp        ) [ 01]
trunc_ln46_4      (trunc       ) [ 00]
select_ln45_4     (select      ) [ 00]
icmp_ln45_5       (icmp        ) [ 01]
trunc_ln46_5      (trunc       ) [ 00]
select_ln45_5     (select      ) [ 00]
icmp_ln45_6       (icmp        ) [ 01]
trunc_ln46_6      (trunc       ) [ 00]
select_ln45_6     (select      ) [ 00]
icmp_ln45_7       (icmp        ) [ 01]
trunc_ln46_7      (trunc       ) [ 00]
select_ln45_7     (select      ) [ 00]
icmp_ln45_8       (icmp        ) [ 01]
trunc_ln46_8      (trunc       ) [ 00]
select_ln45_8     (select      ) [ 00]
icmp_ln45_9       (icmp        ) [ 01]
trunc_ln46_9      (trunc       ) [ 00]
select_ln45_9     (select      ) [ 00]
icmp_ln45_10      (icmp        ) [ 01]
trunc_ln46_10     (trunc       ) [ 00]
select_ln45_10    (select      ) [ 00]
icmp_ln45_11      (icmp        ) [ 01]
trunc_ln46_11     (trunc       ) [ 00]
select_ln45_11    (select      ) [ 00]
icmp_ln45_12      (icmp        ) [ 01]
trunc_ln46_12     (trunc       ) [ 00]
select_ln45_12    (select      ) [ 00]
icmp_ln45_13      (icmp        ) [ 01]
trunc_ln46_13     (trunc       ) [ 00]
select_ln45_13    (select      ) [ 00]
icmp_ln45_14      (icmp        ) [ 01]
trunc_ln46_14     (trunc       ) [ 00]
select_ln45_14    (select      ) [ 00]
icmp_ln45_15      (icmp        ) [ 01]
trunc_ln46_15     (trunc       ) [ 00]
select_ln45_15    (select      ) [ 00]
icmp_ln45_16      (icmp        ) [ 01]
trunc_ln46_16     (trunc       ) [ 00]
select_ln45_16    (select      ) [ 00]
icmp_ln45_17      (icmp        ) [ 01]
trunc_ln46_17     (trunc       ) [ 00]
select_ln45_17    (select      ) [ 00]
icmp_ln45_18      (icmp        ) [ 01]
trunc_ln46_18     (trunc       ) [ 00]
select_ln45_18    (select      ) [ 00]
newret            (insertvalue ) [ 00]
newret2           (insertvalue ) [ 00]
newret4           (insertvalue ) [ 00]
newret6           (insertvalue ) [ 00]
newret8           (insertvalue ) [ 00]
newret1           (insertvalue ) [ 00]
newret3           (insertvalue ) [ 00]
newret5           (insertvalue ) [ 00]
newret7           (insertvalue ) [ 00]
newret9           (insertvalue ) [ 00]
newret10          (insertvalue ) [ 00]
newret11          (insertvalue ) [ 00]
newret12          (insertvalue ) [ 00]
newret13          (insertvalue ) [ 00]
newret14          (insertvalue ) [ 00]
newret15          (insertvalue ) [ 00]
newret16          (insertvalue ) [ 00]
newret17          (insertvalue ) [ 00]
newret18          (insertvalue ) [ 00]
ret_ln45          (ret         ) [ 00]
</LifeTime>

<model>

<comp_list>
<comp id="0" class="1000" name="data_2_val">
<pin_list>
<pin id="1" dir="1" index="0" bw="1" slack="0"/>
</pin_list>
<bind>
<StgValue><ssdm name="data_2_val"/></StgValue>
</bind>
</comp>

<comp id="2" class="1000" name="data_3_val">
<pin_list>
<pin id="3" dir="1" index="0" bw="1" slack="0"/>
</pin_list>
<bind>
<StgValue><ssdm name="data_3_val"/></StgValue>
</bind>
</comp>

<comp id="4" class="1000" name="data_5_val">
<pin_list>
<pin id="5" dir="1" index="0" bw="1" slack="0"/>
</pin_list>
<bind>
<StgValue><ssdm name="data_5_val"/></StgValue>
</bind>
</comp>

<comp id="6" class="1000" name="data_6_val">
<pin_list>
<pin id="7" dir="1" index="0" bw="1" slack="0"/>
</pin_list>
<bind>
<StgValue><ssdm name="data_6_val"/></StgValue>
</bind>
</comp>

<comp id="8" class="1000" name="data_7_val">
<pin_list>
<pin id="9" dir="1" index="0" bw="1" slack="0"/>
</pin_list>
<bind>
<StgValue><ssdm name="data_7_val"/></StgValue>
</bind>
</comp>

<comp id="10" class="1000" name="data_10_val">
<pin_list>
<pin id="11" dir="1" index="0" bw="1" slack="0"/>
</pin_list>
<bind>
<StgValue><ssdm name="data_10_val"/></StgValue>
</bind>
</comp>

<comp id="12" class="1000" name="data_14_val">
<pin_list>
<pin id="13" dir="1" index="0" bw="1" slack="0"/>
</pin_list>
<bind>
<StgValue><ssdm name="data_14_val"/></StgValue>
</bind>
</comp>

<comp id="14" class="1000" name="data_17_val">
<pin_list>
<pin id="15" dir="1" index="0" bw="1" slack="0"/>
</pin_list>
<bind>
<StgValue><ssdm name="data_17_val"/></StgValue>
</bind>
</comp>

<comp id="16" class="1000" name="data_19_val">
<pin_list>
<pin id="17" dir="1" index="0" bw="1" slack="0"/>
</pin_list>
<bind>
<StgValue><ssdm name="data_19_val"/></StgValue>
</bind>
</comp>

<comp id="18" class="1000" name="data_20_val">
<pin_list>
<pin id="19" dir="1" index="0" bw="1" slack="0"/>
</pin_list>
<bind>
<StgValue><ssdm name="data_20_val"/></StgValue>
</bind>
</comp>

<comp id="20" class="1000" name="data_25_val">
<pin_list>
<pin id="21" dir="1" index="0" bw="1" slack="0"/>
</pin_list>
<bind>
<StgValue><ssdm name="data_25_val"/></StgValue>
</bind>
</comp>

<comp id="22" class="1000" name="data_33_val">
<pin_list>
<pin id="23" dir="1" index="0" bw="1" slack="0"/>
</pin_list>
<bind>
<StgValue><ssdm name="data_33_val"/></StgValue>
</bind>
</comp>

<comp id="24" class="1000" name="data_36_val">
<pin_list>
<pin id="25" dir="1" index="0" bw="1" slack="0"/>
</pin_list>
<bind>
<StgValue><ssdm name="data_36_val"/></StgValue>
</bind>
</comp>

<comp id="26" class="1000" name="data_37_val">
<pin_list>
<pin id="27" dir="1" index="0" bw="1" slack="0"/>
</pin_list>
<bind>
<StgValue><ssdm name="data_37_val"/></StgValue>
</bind>
</comp>

<comp id="28" class="1000" name="data_38_val">
<pin_list>
<pin id="29" dir="1" index="0" bw="1" slack="0"/>
</pin_list>
<bind>
<StgValue><ssdm name="data_38_val"/></StgValue>
</bind>
</comp>

<comp id="30" class="1000" name="data_46_val">
<pin_list>
<pin id="31" dir="1" index="0" bw="1" slack="0"/>
</pin_list>
<bind>
<StgValue><ssdm name="data_46_val"/></StgValue>
</bind>
</comp>

<comp id="32" class="1000" name="data_50_val">
<pin_list>
<pin id="33" dir="1" index="0" bw="1" slack="0"/>
</pin_list>
<bind>
<StgValue><ssdm name="data_50_val"/></StgValue>
</bind>
</comp>

<comp id="34" class="1000" name="data_57_val">
<pin_list>
<pin id="35" dir="1" index="0" bw="1" slack="0"/>
</pin_list>
<bind>
<StgValue><ssdm name="data_57_val"/></StgValue>
</bind>
</comp>

<comp id="36" class="1000" name="data_61_val">
<pin_list>
<pin id="37" dir="1" index="0" bw="1" slack="0"/>
</pin_list>
<bind>
<StgValue><ssdm name="data_61_val"/></StgValue>
</bind>
</comp>

<comp id="38" class="1001" name="const_38">
<pin_list>
<pin id="39" dir="1" index="0" bw="1" slack="2147483647"/>
</pin_list>
<bind>
<StgValue><ssdm name="_ssdm_op_SpecPipeline"/></StgValue>
</bind>
</comp>

<comp id="40" class="1001" name="const_40">
<pin_list>
<pin id="41" dir="1" index="0" bw="1" slack="2147483647"/>
</pin_list>
<bind>
<StgValue><ssdm name=""/></StgValue>
</bind>
</comp>

<comp id="42" class="1001" name="const_42">
<pin_list>
<pin id="43" dir="1" index="0" bw="1" slack="2147483647"/>
</pin_list>
<bind>
<StgValue><ssdm name=""/></StgValue>
</bind>
</comp>

<comp id="44" class="1001" name="const_44">
<pin_list>
<pin id="45" dir="1" index="0" bw="1" slack="2147483647"/>
</pin_list>
<bind>
<StgValue><ssdm name="empty_0"/></StgValue>
</bind>
</comp>

<comp id="46" class="1001" name="const_46">
<pin_list>
<pin id="47" dir="1" index="0" bw="1" slack="0"/>
</pin_list>
<bind>
<StgValue><ssdm name="_ssdm_op_Read.ap_auto.i13"/></StgValue>
</bind>
</comp>

<comp id="48" class="1001" name="const_48">
<pin_list>
<pin id="49" dir="1" index="0" bw="1" slack="0"/>
</pin_list>
<bind>
<StgValue><ssdm name=""/></StgValue>
</bind>
</comp>

<comp id="50" class="1001" name="const_50">
<pin_list>
<pin id="51" dir="1" index="0" bw="1" slack="0"/>
</pin_list>
<bind>
<StgValue><ssdm name=""/></StgValue>
</bind>
</comp>

<comp id="52" class="1001" name="const_52">
<pin_list>
<pin id="53" dir="1" index="0" bw="1" slack="0"/>
</pin_list>
<bind>
<StgValue><ssdm name=""/></StgValue>
</bind>
</comp>

<comp id="54" class="1004" name="data_61_val_read_read_fu_54">
<pin_list>
<pin id="55" dir="0" index="0" bw="13" slack="0"/>
<pin id="56" dir="0" index="1" bw="13" slack="0"/>
<pin id="57" dir="1" index="2" bw="13" slack="0"/>
</pin_list>
<bind>
<opcode="read(1150) " fcode="read"/>
<opset="data_61_val_read/1 "/>
</bind>
</comp>

<comp id="60" class="1004" name="data_57_val_read_read_fu_60">
<pin_list>
<pin id="61" dir="0" index="0" bw="13" slack="0"/>
<pin id="62" dir="0" index="1" bw="13" slack="0"/>
<pin id="63" dir="1" index="2" bw="13" slack="0"/>
</pin_list>
<bind>
<opcode="read(1150) " fcode="read"/>
<opset="data_57_val_read/1 "/>
</bind>
</comp>

<comp id="66" class="1004" name="data_50_val_read_read_fu_66">
<pin_list>
<pin id="67" dir="0" index="0" bw="13" slack="0"/>
<pin id="68" dir="0" index="1" bw="13" slack="0"/>
<pin id="69" dir="1" index="2" bw="13" slack="0"/>
</pin_list>
<bind>
<opcode="read(1150) " fcode="read"/>
<opset="data_50_val_read/1 "/>
</bind>
</comp>

<comp id="72" class="1004" name="data_46_val_read_read_fu_72">
<pin_list>
<pin id="73" dir="0" index="0" bw="13" slack="0"/>
<pin id="74" dir="0" index="1" bw="13" slack="0"/>
<pin id="75" dir="1" index="2" bw="13" slack="0"/>
</pin_list>
<bind>
<opcode="read(1150) " fcode="read"/>
<opset="data_46_val_read/1 "/>
</bind>
</comp>

<comp id="78" class="1004" name="data_38_val_read_read_fu_78">
<pin_list>
<pin id="79" dir="0" index="0" bw="13" slack="0"/>
<pin id="80" dir="0" index="1" bw="13" slack="0"/>
<pin id="81" dir="1" index="2" bw="13" slack="0"/>
</pin_list>
<bind>
<opcode="read(1150) " fcode="read"/>
<opset="data_38_val_read/1 "/>
</bind>
</comp>

<comp id="84" class="1004" name="data_37_val_read_read_fu_84">
<pin_list>
<pin id="85" dir="0" index="0" bw="13" slack="0"/>
<pin id="86" dir="0" index="1" bw="13" slack="0"/>
<pin id="87" dir="1" index="2" bw="13" slack="0"/>
</pin_list>
<bind>
<opcode="read(1150) " fcode="read"/>
<opset="data_37_val_read/1 "/>
</bind>
</comp>

<comp id="90" class="1004" name="data_36_val_read_read_fu_90">
<pin_list>
<pin id="91" dir="0" index="0" bw="13" slack="0"/>
<pin id="92" dir="0" index="1" bw="13" slack="0"/>
<pin id="93" dir="1" index="2" bw="13" slack="0"/>
</pin_list>
<bind>
<opcode="read(1150) " fcode="read"/>
<opset="data_36_val_read/1 "/>
</bind>
</comp>

<comp id="96" class="1004" name="data_33_val_read_read_fu_96">
<pin_list>
<pin id="97" dir="0" index="0" bw="13" slack="0"/>
<pin id="98" dir="0" index="1" bw="13" slack="0"/>
<pin id="99" dir="1" index="2" bw="13" slack="0"/>
</pin_list>
<bind>
<opcode="read(1150) " fcode="read"/>
<opset="data_33_val_read/1 "/>
</bind>
</comp>

<comp id="102" class="1004" name="data_25_val_read_read_fu_102">
<pin_list>
<pin id="103" dir="0" index="0" bw="13" slack="0"/>
<pin id="104" dir="0" index="1" bw="13" slack="0"/>
<pin id="105" dir="1" index="2" bw="13" slack="0"/>
</pin_list>
<bind>
<opcode="read(1150) " fcode="read"/>
<opset="data_25_val_read/1 "/>
</bind>
</comp>

<comp id="108" class="1004" name="data_20_val_read_read_fu_108">
<pin_list>
<pin id="109" dir="0" index="0" bw="13" slack="0"/>
<pin id="110" dir="0" index="1" bw="13" slack="0"/>
<pin id="111" dir="1" index="2" bw="13" slack="0"/>
</pin_list>
<bind>
<opcode="read(1150) " fcode="read"/>
<opset="data_20_val_read/1 "/>
</bind>
</comp>

<comp id="114" class="1004" name="data_19_val_read_read_fu_114">
<pin_list>
<pin id="115" dir="0" index="0" bw="13" slack="0"/>
<pin id="116" dir="0" index="1" bw="13" slack="0"/>
<pin id="117" dir="1" index="2" bw="13" slack="0"/>
</pin_list>
<bind>
<opcode="read(1150) " fcode="read"/>
<opset="data_19_val_read/1 "/>
</bind>
</comp>

<comp id="120" class="1004" name="data_17_val_read_read_fu_120">
<pin_list>
<pin id="121" dir="0" index="0" bw="13" slack="0"/>
<pin id="122" dir="0" index="1" bw="13" slack="0"/>
<pin id="123" dir="1" index="2" bw="13" slack="0"/>
</pin_list>
<bind>
<opcode="read(1150) " fcode="read"/>
<opset="data_17_val_read/1 "/>
</bind>
</comp>

<comp id="126" class="1004" name="data_14_val_read_read_fu_126">
<pin_list>
<pin id="127" dir="0" index="0" bw="13" slack="0"/>
<pin id="128" dir="0" index="1" bw="13" slack="0"/>
<pin id="129" dir="1" index="2" bw="13" slack="0"/>
</pin_list>
<bind>
<opcode="read(1150) " fcode="read"/>
<opset="data_14_val_read/1 "/>
</bind>
</comp>

<comp id="132" class="1004" name="data_10_val_read_read_fu_132">
<pin_list>
<pin id="133" dir="0" index="0" bw="13" slack="0"/>
<pin id="134" dir="0" index="1" bw="13" slack="0"/>
<pin id="135" dir="1" index="2" bw="13" slack="0"/>
</pin_list>
<bind>
<opcode="read(1150) " fcode="read"/>
<opset="data_10_val_read/1 "/>
</bind>
</comp>

<comp id="138" class="1004" name="data_7_val_read_read_fu_138">
<pin_list>
<pin id="139" dir="0" index="0" bw="13" slack="0"/>
<pin id="140" dir="0" index="1" bw="13" slack="0"/>
<pin id="141" dir="1" index="2" bw="13" slack="0"/>
</pin_list>
<bind>
<opcode="read(1150) " fcode="read"/>
<opset="data_7_val_read/1 "/>
</bind>
</comp>

<comp id="144" class="1004" name="data_6_val_read_read_fu_144">
<pin_list>
<pin id="145" dir="0" index="0" bw="13" slack="0"/>
<pin id="146" dir="0" index="1" bw="13" slack="0"/>
<pin id="147" dir="1" index="2" bw="13" slack="0"/>
</pin_list>
<bind>
<opcode="read(1150) " fcode="read"/>
<opset="data_6_val_read/1 "/>
</bind>
</comp>

<comp id="150" class="1004" name="data_5_val_read_read_fu_150">
<pin_list>
<pin id="151" dir="0" index="0" bw="13" slack="0"/>
<pin id="152" dir="0" index="1" bw="13" slack="0"/>
<pin id="153" dir="1" index="2" bw="13" slack="0"/>
</pin_list>
<bind>
<opcode="read(1150) " fcode="read"/>
<opset="data_5_val_read/1 "/>
</bind>
</comp>

<comp id="156" class="1004" name="data_3_val_read_read_fu_156">
<pin_list>
<pin id="157" dir="0" index="0" bw="13" slack="0"/>
<pin id="158" dir="0" index="1" bw="13" slack="0"/>
<pin id="159" dir="1" index="2" bw="13" slack="0"/>
</pin_list>
<bind>
<opcode="read(1150) " fcode="read"/>
<opset="data_3_val_read/1 "/>
</bind>
</comp>

<comp id="162" class="1004" name="data_2_val_read_read_fu_162">
<pin_list>
<pin id="163" dir="0" index="0" bw="13" slack="0"/>
<pin id="164" dir="0" index="1" bw="13" slack="0"/>
<pin id="165" dir="1" index="2" bw="13" slack="0"/>
</pin_list>
<bind>
<opcode="read(1150) " fcode="read"/>
<opset="data_2_val_read/1 "/>
</bind>
</comp>

<comp id="168" class="1004" name="icmp_ln45_fu_168">
<pin_list>
<pin id="169" dir="0" index="0" bw="13" slack="0"/>
<pin id="170" dir="0" index="1" bw="1" slack="0"/>
<pin id="171" dir="1" index="2" bw="1" slack="0"/>
</pin_list>
<bind>
<opcode="icmp(45) " fcode="icmp"/>
<opset="icmp_ln45/1 "/>
</bind>
</comp>

<comp id="174" class="1004" name="trunc_ln46_fu_174">
<pin_list>
<pin id="175" dir="0" index="0" bw="13" slack="0"/>
<pin id="176" dir="1" index="1" bw="12" slack="0"/>
</pin_list>
<bind>
<opcode="trunc(33) " fcode="trunc"/>
<opset="trunc_ln46/1 "/>
</bind>
</comp>

<comp id="178" class="1004" name="select_ln45_fu_178">
<pin_list>
<pin id="179" dir="0" index="0" bw="1" slack="0"/>
<pin id="180" dir="0" index="1" bw="12" slack="0"/>
<pin id="181" dir="0" index="2" bw="1" slack="0"/>
<pin id="182" dir="1" index="3" bw="12" slack="0"/>
</pin_list>
<bind>
<opcode="select(49) " fcode="select"/>
<opset="select_ln45/1 "/>
</bind>
</comp>

<comp id="186" class="1004" name="icmp_ln45_1_fu_186">
<pin_list>
<pin id="187" dir="0" index="0" bw="13" slack="0"/>
<pin id="188" dir="0" index="1" bw="1" slack="0"/>
<pin id="189" dir="1" index="2" bw="1" slack="0"/>
</pin_list>
<bind>
<opcode="icmp(45) " fcode="icmp"/>
<opset="icmp_ln45_1/1 "/>
</bind>
</comp>

<comp id="192" class="1004" name="trunc_ln46_1_fu_192">
<pin_list>
<pin id="193" dir="0" index="0" bw="13" slack="0"/>
<pin id="194" dir="1" index="1" bw="12" slack="0"/>
</pin_list>
<bind>
<opcode="trunc(33) " fcode="trunc"/>
<opset="trunc_ln46_1/1 "/>
</bind>
</comp>

<comp id="196" class="1004" name="select_ln45_1_fu_196">
<pin_list>
<pin id="197" dir="0" index="0" bw="1" slack="0"/>
<pin id="198" dir="0" index="1" bw="12" slack="0"/>
<pin id="199" dir="0" index="2" bw="1" slack="0"/>
<pin id="200" dir="1" index="3" bw="12" slack="0"/>
</pin_list>
<bind>
<opcode="select(49) " fcode="select"/>
<opset="select_ln45_1/1 "/>
</bind>
</comp>

<comp id="204" class="1004" name="icmp_ln45_2_fu_204">
<pin_list>
<pin id="205" dir="0" index="0" bw="13" slack="0"/>
<pin id="206" dir="0" index="1" bw="1" slack="0"/>
<pin id="207" dir="1" index="2" bw="1" slack="0"/>
</pin_list>
<bind>
<opcode="icmp(45) " fcode="icmp"/>
<opset="icmp_ln45_2/1 "/>
</bind>
</comp>

<comp id="210" class="1004" name="trunc_ln46_2_fu_210">
<pin_list>
<pin id="211" dir="0" index="0" bw="13" slack="0"/>
<pin id="212" dir="1" index="1" bw="12" slack="0"/>
</pin_list>
<bind>
<opcode="trunc(33) " fcode="trunc"/>
<opset="trunc_ln46_2/1 "/>
</bind>
</comp>

<comp id="214" class="1004" name="select_ln45_2_fu_214">
<pin_list>
<pin id="215" dir="0" index="0" bw="1" slack="0"/>
<pin id="216" dir="0" index="1" bw="12" slack="0"/>
<pin id="217" dir="0" index="2" bw="1" slack="0"/>
<pin id="218" dir="1" index="3" bw="12" slack="0"/>
</pin_list>
<bind>
<opcode="select(49) " fcode="select"/>
<opset="select_ln45_2/1 "/>
</bind>
</comp>

<comp id="222" class="1004" name="icmp_ln45_3_fu_222">
<pin_list>
<pin id="223" dir="0" index="0" bw="13" slack="0"/>
<pin id="224" dir="0" index="1" bw="1" slack="0"/>
<pin id="225" dir="1" index="2" bw="1" slack="0"/>
</pin_list>
<bind>
<opcode="icmp(45) " fcode="icmp"/>
<opset="icmp_ln45_3/1 "/>
</bind>
</comp>

<comp id="228" class="1004" name="trunc_ln46_3_fu_228">
<pin_list>
<pin id="229" dir="0" index="0" bw="13" slack="0"/>
<pin id="230" dir="1" index="1" bw="12" slack="0"/>
</pin_list>
<bind>
<opcode="trunc(33) " fcode="trunc"/>
<opset="trunc_ln46_3/1 "/>
</bind>
</comp>

<comp id="232" class="1004" name="select_ln45_3_fu_232">
<pin_list>
<pin id="233" dir="0" index="0" bw="1" slack="0"/>
<pin id="234" dir="0" index="1" bw="12" slack="0"/>
<pin id="235" dir="0" index="2" bw="1" slack="0"/>
<pin id="236" dir="1" index="3" bw="12" slack="0"/>
</pin_list>
<bind>
<opcode="select(49) " fcode="select"/>
<opset="select_ln45_3/1 "/>
</bind>
</comp>

<comp id="240" class="1004" name="icmp_ln45_4_fu_240">
<pin_list>
<pin id="241" dir="0" index="0" bw="13" slack="0"/>
<pin id="242" dir="0" index="1" bw="1" slack="0"/>
<pin id="243" dir="1" index="2" bw="1" slack="0"/>
</pin_list>
<bind>
<opcode="icmp(45) " fcode="icmp"/>
<opset="icmp_ln45_4/1 "/>
</bind>
</comp>

<comp id="246" class="1004" name="trunc_ln46_4_fu_246">
<pin_list>
<pin id="247" dir="0" index="0" bw="13" slack="0"/>
<pin id="248" dir="1" index="1" bw="12" slack="0"/>
</pin_list>
<bind>
<opcode="trunc(33) " fcode="trunc"/>
<opset="trunc_ln46_4/1 "/>
</bind>
</comp>

<comp id="250" class="1004" name="select_ln45_4_fu_250">
<pin_list>
<pin id="251" dir="0" index="0" bw="1" slack="0"/>
<pin id="252" dir="0" index="1" bw="12" slack="0"/>
<pin id="253" dir="0" index="2" bw="1" slack="0"/>
<pin id="254" dir="1" index="3" bw="12" slack="0"/>
</pin_list>
<bind>
<opcode="select(49) " fcode="select"/>
<opset="select_ln45_4/1 "/>
</bind>
</comp>

<comp id="258" class="1004" name="icmp_ln45_5_fu_258">
<pin_list>
<pin id="259" dir="0" index="0" bw="13" slack="0"/>
<pin id="260" dir="0" index="1" bw="1" slack="0"/>
<pin id="261" dir="1" index="2" bw="1" slack="0"/>
</pin_list>
<bind>
<opcode="icmp(45) " fcode="icmp"/>
<opset="icmp_ln45_5/1 "/>
</bind>
</comp>

<comp id="264" class="1004" name="trunc_ln46_5_fu_264">
<pin_list>
<pin id="265" dir="0" index="0" bw="13" slack="0"/>
<pin id="266" dir="1" index="1" bw="12" slack="0"/>
</pin_list>
<bind>
<opcode="trunc(33) " fcode="trunc"/>
<opset="trunc_ln46_5/1 "/>
</bind>
</comp>

<comp id="268" class="1004" name="select_ln45_5_fu_268">
<pin_list>
<pin id="269" dir="0" index="0" bw="1" slack="0"/>
<pin id="270" dir="0" index="1" bw="12" slack="0"/>
<pin id="271" dir="0" index="2" bw="1" slack="0"/>
<pin id="272" dir="1" index="3" bw="12" slack="0"/>
</pin_list>
<bind>
<opcode="select(49) " fcode="select"/>
<opset="select_ln45_5/1 "/>
</bind>
</comp>

<comp id="276" class="1004" name="icmp_ln45_6_fu_276">
<pin_list>
<pin id="277" dir="0" index="0" bw="13" slack="0"/>
<pin id="278" dir="0" index="1" bw="1" slack="0"/>
<pin id="279" dir="1" index="2" bw="1" slack="0"/>
</pin_list>
<bind>
<opcode="icmp(45) " fcode="icmp"/>
<opset="icmp_ln45_6/1 "/>
</bind>
</comp>

<comp id="282" class="1004" name="trunc_ln46_6_fu_282">
<pin_list>
<pin id="283" dir="0" index="0" bw="13" slack="0"/>
<pin id="284" dir="1" index="1" bw="12" slack="0"/>
</pin_list>
<bind>
<opcode="trunc(33) " fcode="trunc"/>
<opset="trunc_ln46_6/1 "/>
</bind>
</comp>

<comp id="286" class="1004" name="select_ln45_6_fu_286">
<pin_list>
<pin id="287" dir="0" index="0" bw="1" slack="0"/>
<pin id="288" dir="0" index="1" bw="12" slack="0"/>
<pin id="289" dir="0" index="2" bw="1" slack="0"/>
<pin id="290" dir="1" index="3" bw="12" slack="0"/>
</pin_list>
<bind>
<opcode="select(49) " fcode="select"/>
<opset="select_ln45_6/1 "/>
</bind>
</comp>

<comp id="294" class="1004" name="icmp_ln45_7_fu_294">
<pin_list>
<pin id="295" dir="0" index="0" bw="13" slack="0"/>
<pin id="296" dir="0" index="1" bw="1" slack="0"/>
<pin id="297" dir="1" index="2" bw="1" slack="0"/>
</pin_list>
<bind>
<opcode="icmp(45) " fcode="icmp"/>
<opset="icmp_ln45_7/1 "/>
</bind>
</comp>

<comp id="300" class="1004" name="trunc_ln46_7_fu_300">
<pin_list>
<pin id="301" dir="0" index="0" bw="13" slack="0"/>
<pin id="302" dir="1" index="1" bw="12" slack="0"/>
</pin_list>
<bind>
<opcode="trunc(33) " fcode="trunc"/>
<opset="trunc_ln46_7/1 "/>
</bind>
</comp>

<comp id="304" class="1004" name="select_ln45_7_fu_304">
<pin_list>
<pin id="305" dir="0" index="0" bw="1" slack="0"/>
<pin id="306" dir="0" index="1" bw="12" slack="0"/>
<pin id="307" dir="0" index="2" bw="1" slack="0"/>
<pin id="308" dir="1" index="3" bw="12" slack="0"/>
</pin_list>
<bind>
<opcode="select(49) " fcode="select"/>
<opset="select_ln45_7/1 "/>
</bind>
</comp>

<comp id="312" class="1004" name="icmp_ln45_8_fu_312">
<pin_list>
<pin id="313" dir="0" index="0" bw="13" slack="0"/>
<pin id="314" dir="0" index="1" bw="1" slack="0"/>
<pin id="315" dir="1" index="2" bw="1" slack="0"/>
</pin_list>
<bind>
<opcode="icmp(45) " fcode="icmp"/>
<opset="icmp_ln45_8/1 "/>
</bind>
</comp>

<comp id="318" class="1004" name="trunc_ln46_8_fu_318">
<pin_list>
<pin id="319" dir="0" index="0" bw="13" slack="0"/>
<pin id="320" dir="1" index="1" bw="12" slack="0"/>
</pin_list>
<bind>
<opcode="trunc(33) " fcode="trunc"/>
<opset="trunc_ln46_8/1 "/>
</bind>
</comp>

<comp id="322" class="1004" name="select_ln45_8_fu_322">
<pin_list>
<pin id="323" dir="0" index="0" bw="1" slack="0"/>
<pin id="324" dir="0" index="1" bw="12" slack="0"/>
<pin id="325" dir="0" index="2" bw="1" slack="0"/>
<pin id="326" dir="1" index="3" bw="12" slack="0"/>
</pin_list>
<bind>
<opcode="select(49) " fcode="select"/>
<opset="select_ln45_8/1 "/>
</bind>
</comp>

<comp id="330" class="1004" name="icmp_ln45_9_fu_330">
<pin_list>
<pin id="331" dir="0" index="0" bw="13" slack="0"/>
<pin id="332" dir="0" index="1" bw="1" slack="0"/>
<pin id="333" dir="1" index="2" bw="1" slack="0"/>
</pin_list>
<bind>
<opcode="icmp(45) " fcode="icmp"/>
<opset="icmp_ln45_9/1 "/>
</bind>
</comp>

<comp id="336" class="1004" name="trunc_ln46_9_fu_336">
<pin_list>
<pin id="337" dir="0" index="0" bw="13" slack="0"/>
<pin id="338" dir="1" index="1" bw="12" slack="0"/>
</pin_list>
<bind>
<opcode="trunc(33) " fcode="trunc"/>
<opset="trunc_ln46_9/1 "/>
</bind>
</comp>

<comp id="340" class="1004" name="select_ln45_9_fu_340">
<pin_list>
<pin id="341" dir="0" index="0" bw="1" slack="0"/>
<pin id="342" dir="0" index="1" bw="12" slack="0"/>
<pin id="343" dir="0" index="2" bw="1" slack="0"/>
<pin id="344" dir="1" index="3" bw="12" slack="0"/>
</pin_list>
<bind>
<opcode="select(49) " fcode="select"/>
<opset="select_ln45_9/1 "/>
</bind>
</comp>

<comp id="348" class="1004" name="icmp_ln45_10_fu_348">
<pin_list>
<pin id="349" dir="0" index="0" bw="13" slack="0"/>
<pin id="350" dir="0" index="1" bw="1" slack="0"/>
<pin id="351" dir="1" index="2" bw="1" slack="0"/>
</pin_list>
<bind>
<opcode="icmp(45) " fcode="icmp"/>
<opset="icmp_ln45_10/1 "/>
</bind>
</comp>

<comp id="354" class="1004" name="trunc_ln46_10_fu_354">
<pin_list>
<pin id="355" dir="0" index="0" bw="13" slack="0"/>
<pin id="356" dir="1" index="1" bw="12" slack="0"/>
</pin_list>
<bind>
<opcode="trunc(33) " fcode="trunc"/>
<opset="trunc_ln46_10/1 "/>
</bind>
</comp>

<comp id="358" class="1004" name="select_ln45_10_fu_358">
<pin_list>
<pin id="359" dir="0" index="0" bw="1" slack="0"/>
<pin id="360" dir="0" index="1" bw="12" slack="0"/>
<pin id="361" dir="0" index="2" bw="1" slack="0"/>
<pin id="362" dir="1" index="3" bw="12" slack="0"/>
</pin_list>
<bind>
<opcode="select(49) " fcode="select"/>
<opset="select_ln45_10/1 "/>
</bind>
</comp>

<comp id="366" class="1004" name="icmp_ln45_11_fu_366">
<pin_list>
<pin id="367" dir="0" index="0" bw="13" slack="0"/>
<pin id="368" dir="0" index="1" bw="1" slack="0"/>
<pin id="369" dir="1" index="2" bw="1" slack="0"/>
</pin_list>
<bind>
<opcode="icmp(45) " fcode="icmp"/>
<opset="icmp_ln45_11/1 "/>
</bind>
</comp>

<comp id="372" class="1004" name="trunc_ln46_11_fu_372">
<pin_list>
<pin id="373" dir="0" index="0" bw="13" slack="0"/>
<pin id="374" dir="1" index="1" bw="12" slack="0"/>
</pin_list>
<bind>
<opcode="trunc(33) " fcode="trunc"/>
<opset="trunc_ln46_11/1 "/>
</bind>
</comp>

<comp id="376" class="1004" name="select_ln45_11_fu_376">
<pin_list>
<pin id="377" dir="0" index="0" bw="1" slack="0"/>
<pin id="378" dir="0" index="1" bw="12" slack="0"/>
<pin id="379" dir="0" index="2" bw="1" slack="0"/>
<pin id="380" dir="1" index="3" bw="12" slack="0"/>
</pin_list>
<bind>
<opcode="select(49) " fcode="select"/>
<opset="select_ln45_11/1 "/>
</bind>
</comp>

<comp id="384" class="1004" name="icmp_ln45_12_fu_384">
<pin_list>
<pin id="385" dir="0" index="0" bw="13" slack="0"/>
<pin id="386" dir="0" index="1" bw="1" slack="0"/>
<pin id="387" dir="1" index="2" bw="1" slack="0"/>
</pin_list>
<bind>
<opcode="icmp(45) " fcode="icmp"/>
<opset="icmp_ln45_12/1 "/>
</bind>
</comp>

<comp id="390" class="1004" name="trunc_ln46_12_fu_390">
<pin_list>
<pin id="391" dir="0" index="0" bw="13" slack="0"/>
<pin id="392" dir="1" index="1" bw="12" slack="0"/>
</pin_list>
<bind>
<opcode="trunc(33) " fcode="trunc"/>
<opset="trunc_ln46_12/1 "/>
</bind>
</comp>

<comp id="394" class="1004" name="select_ln45_12_fu_394">
<pin_list>
<pin id="395" dir="0" index="0" bw="1" slack="0"/>
<pin id="396" dir="0" index="1" bw="12" slack="0"/>
<pin id="397" dir="0" index="2" bw="1" slack="0"/>
<pin id="398" dir="1" index="3" bw="12" slack="0"/>
</pin_list>
<bind>
<opcode="select(49) " fcode="select"/>
<opset="select_ln45_12/1 "/>
</bind>
</comp>

<comp id="402" class="1004" name="icmp_ln45_13_fu_402">
<pin_list>
<pin id="403" dir="0" index="0" bw="13" slack="0"/>
<pin id="404" dir="0" index="1" bw="1" slack="0"/>
<pin id="405" dir="1" index="2" bw="1" slack="0"/>
</pin_list>
<bind>
<opcode="icmp(45) " fcode="icmp"/>
<opset="icmp_ln45_13/1 "/>
</bind>
</comp>

<comp id="408" class="1004" name="trunc_ln46_13_fu_408">
<pin_list>
<pin id="409" dir="0" index="0" bw="13" slack="0"/>
<pin id="410" dir="1" index="1" bw="12" slack="0"/>
</pin_list>
<bind>
<opcode="trunc(33) " fcode="trunc"/>
<opset="trunc_ln46_13/1 "/>
</bind>
</comp>

<comp id="412" class="1004" name="select_ln45_13_fu_412">
<pin_list>
<pin id="413" dir="0" index="0" bw="1" slack="0"/>
<pin id="414" dir="0" index="1" bw="12" slack="0"/>
<pin id="415" dir="0" index="2" bw="1" slack="0"/>
<pin id="416" dir="1" index="3" bw="12" slack="0"/>
</pin_list>
<bind>
<opcode="select(49) " fcode="select"/>
<opset="select_ln45_13/1 "/>
</bind>
</comp>

<comp id="420" class="1004" name="icmp_ln45_14_fu_420">
<pin_list>
<pin id="421" dir="0" index="0" bw="13" slack="0"/>
<pin id="422" dir="0" index="1" bw="1" slack="0"/>
<pin id="423" dir="1" index="2" bw="1" slack="0"/>
</pin_list>
<bind>
<opcode="icmp(45) " fcode="icmp"/>
<opset="icmp_ln45_14/1 "/>
</bind>
</comp>

<comp id="426" class="1004" name="trunc_ln46_14_fu_426">
<pin_list>
<pin id="427" dir="0" index="0" bw="13" slack="0"/>
<pin id="428" dir="1" index="1" bw="12" slack="0"/>
</pin_list>
<bind>
<opcode="trunc(33) " fcode="trunc"/>
<opset="trunc_ln46_14/1 "/>
</bind>
</comp>

<comp id="430" class="1004" name="select_ln45_14_fu_430">
<pin_list>
<pin id="431" dir="0" index="0" bw="1" slack="0"/>
<pin id="432" dir="0" index="1" bw="12" slack="0"/>
<pin id="433" dir="0" index="2" bw="1" slack="0"/>
<pin id="434" dir="1" index="3" bw="12" slack="0"/>
</pin_list>
<bind>
<opcode="select(49) " fcode="select"/>
<opset="select_ln45_14/1 "/>
</bind>
</comp>

<comp id="438" class="1004" name="icmp_ln45_15_fu_438">
<pin_list>
<pin id="439" dir="0" index="0" bw="13" slack="0"/>
<pin id="440" dir="0" index="1" bw="1" slack="0"/>
<pin id="441" dir="1" index="2" bw="1" slack="0"/>
</pin_list>
<bind>
<opcode="icmp(45) " fcode="icmp"/>
<opset="icmp_ln45_15/1 "/>
</bind>
</comp>

<comp id="444" class="1004" name="trunc_ln46_15_fu_444">
<pin_list>
<pin id="445" dir="0" index="0" bw="13" slack="0"/>
<pin id="446" dir="1" index="1" bw="12" slack="0"/>
</pin_list>
<bind>
<opcode="trunc(33) " fcode="trunc"/>
<opset="trunc_ln46_15/1 "/>
</bind>
</comp>

<comp id="448" class="1004" name="select_ln45_15_fu_448">
<pin_list>
<pin id="449" dir="0" index="0" bw="1" slack="0"/>
<pin id="450" dir="0" index="1" bw="12" slack="0"/>
<pin id="451" dir="0" index="2" bw="1" slack="0"/>
<pin id="452" dir="1" index="3" bw="12" slack="0"/>
</pin_list>
<bind>
<opcode="select(49) " fcode="select"/>
<opset="select_ln45_15/1 "/>
</bind>
</comp>

<comp id="456" class="1004" name="icmp_ln45_16_fu_456">
<pin_list>
<pin id="457" dir="0" index="0" bw="13" slack="0"/>
<pin id="458" dir="0" index="1" bw="1" slack="0"/>
<pin id="459" dir="1" index="2" bw="1" slack="0"/>
</pin_list>
<bind>
<opcode="icmp(45) " fcode="icmp"/>
<opset="icmp_ln45_16/1 "/>
</bind>
</comp>

<comp id="462" class="1004" name="trunc_ln46_16_fu_462">
<pin_list>
<pin id="463" dir="0" index="0" bw="13" slack="0"/>
<pin id="464" dir="1" index="1" bw="12" slack="0"/>
</pin_list>
<bind>
<opcode="trunc(33) " fcode="trunc"/>
<opset="trunc_ln46_16/1 "/>
</bind>
</comp>

<comp id="466" class="1004" name="select_ln45_16_fu_466">
<pin_list>
<pin id="467" dir="0" index="0" bw="1" slack="0"/>
<pin id="468" dir="0" index="1" bw="12" slack="0"/>
<pin id="469" dir="0" index="2" bw="1" slack="0"/>
<pin id="470" dir="1" index="3" bw="12" slack="0"/>
</pin_list>
<bind>
<opcode="select(49) " fcode="select"/>
<opset="select_ln45_16/1 "/>
</bind>
</comp>

<comp id="474" class="1004" name="icmp_ln45_17_fu_474">
<pin_list>
<pin id="475" dir="0" index="0" bw="13" slack="0"/>
<pin id="476" dir="0" index="1" bw="1" slack="0"/>
<pin id="477" dir="1" index="2" bw="1" slack="0"/>
</pin_list>
<bind>
<opcode="icmp(45) " fcode="icmp"/>
<opset="icmp_ln45_17/1 "/>
</bind>
</comp>

<comp id="480" class="1004" name="trunc_ln46_17_fu_480">
<pin_list>
<pin id="481" dir="0" index="0" bw="13" slack="0"/>
<pin id="482" dir="1" index="1" bw="12" slack="0"/>
</pin_list>
<bind>
<opcode="trunc(33) " fcode="trunc"/>
<opset="trunc_ln46_17/1 "/>
</bind>
</comp>

<comp id="484" class="1004" name="select_ln45_17_fu_484">
<pin_list>
<pin id="485" dir="0" index="0" bw="1" slack="0"/>
<pin id="486" dir="0" index="1" bw="12" slack="0"/>
<pin id="487" dir="0" index="2" bw="1" slack="0"/>
<pin id="488" dir="1" index="3" bw="12" slack="0"/>
</pin_list>
<bind>
<opcode="select(49) " fcode="select"/>
<opset="select_ln45_17/1 "/>
</bind>
</comp>

<comp id="492" class="1004" name="icmp_ln45_18_fu_492">
<pin_list>
<pin id="493" dir="0" index="0" bw="13" slack="0"/>
<pin id="494" dir="0" index="1" bw="1" slack="0"/>
<pin id="495" dir="1" index="2" bw="1" slack="0"/>
</pin_list>
<bind>
<opcode="icmp(45) " fcode="icmp"/>
<opset="icmp_ln45_18/1 "/>
</bind>
</comp>

<comp id="498" class="1004" name="trunc_ln46_18_fu_498">
<pin_list>
<pin id="499" dir="0" index="0" bw="13" slack="0"/>
<pin id="500" dir="1" index="1" bw="12" slack="0"/>
</pin_list>
<bind>
<opcode="trunc(33) " fcode="trunc"/>
<opset="trunc_ln46_18/1 "/>
</bind>
</comp>

<comp id="502" class="1004" name="select_ln45_18_fu_502">
<pin_list>
<pin id="503" dir="0" index="0" bw="1" slack="0"/>
<pin id="504" dir="0" index="1" bw="12" slack="0"/>
<pin id="505" dir="0" index="2" bw="1" slack="0"/>
<pin id="506" dir="1" index="3" bw="12" slack="0"/>
</pin_list>
<bind>
<opcode="select(49) " fcode="select"/>
<opset="select_ln45_18/1 "/>
</bind>
</comp>

<comp id="510" class="1004" name="newret_fu_510">
<pin_list>
<pin id="511" dir="0" index="0" bw="228" slack="0"/>
<pin id="512" dir="0" index="1" bw="12" slack="0"/>
<pin id="513" dir="1" index="2" bw="228" slack="0"/>
</pin_list>
<bind>
<opcode="insertvalue(57) " fcode="insertvalue"/>
<opset="newret/1 "/>
</bind>
</comp>

<comp id="516" class="1004" name="newret2_fu_516">
<pin_list>
<pin id="517" dir="0" index="0" bw="228" slack="0"/>
<pin id="518" dir="0" index="1" bw="12" slack="0"/>
<pin id="519" dir="1" index="2" bw="228" slack="0"/>
</pin_list>
<bind>
<opcode="insertvalue(57) " fcode="insertvalue"/>
<opset="newret2/1 "/>
</bind>
</comp>

<comp id="522" class="1004" name="newret4_fu_522">
<pin_list>
<pin id="523" dir="0" index="0" bw="228" slack="0"/>
<pin id="524" dir="0" index="1" bw="12" slack="0"/>
<pin id="525" dir="1" index="2" bw="228" slack="0"/>
</pin_list>
<bind>
<opcode="insertvalue(57) " fcode="insertvalue"/>
<opset="newret4/1 "/>
</bind>
</comp>

<comp id="528" class="1004" name="newret6_fu_528">
<pin_list>
<pin id="529" dir="0" index="0" bw="228" slack="0"/>
<pin id="530" dir="0" index="1" bw="12" slack="0"/>
<pin id="531" dir="1" index="2" bw="228" slack="0"/>
</pin_list>
<bind>
<opcode="insertvalue(57) " fcode="insertvalue"/>
<opset="newret6/1 "/>
</bind>
</comp>

<comp id="534" class="1004" name="newret8_fu_534">
<pin_list>
<pin id="535" dir="0" index="0" bw="228" slack="0"/>
<pin id="536" dir="0" index="1" bw="12" slack="0"/>
<pin id="537" dir="1" index="2" bw="228" slack="0"/>
</pin_list>
<bind>
<opcode="insertvalue(57) " fcode="insertvalue"/>
<opset="newret8/1 "/>
</bind>
</comp>

<comp id="540" class="1004" name="newret1_fu_540">
<pin_list>
<pin id="541" dir="0" index="0" bw="228" slack="0"/>
<pin id="542" dir="0" index="1" bw="12" slack="0"/>
<pin id="543" dir="1" index="2" bw="228" slack="0"/>
</pin_list>
<bind>
<opcode="insertvalue(57) " fcode="insertvalue"/>
<opset="newret1/1 "/>
</bind>
</comp>

<comp id="546" class="1004" name="newret3_fu_546">
<pin_list>
<pin id="547" dir="0" index="0" bw="228" slack="0"/>
<pin id="548" dir="0" index="1" bw="12" slack="0"/>
<pin id="549" dir="1" index="2" bw="228" slack="0"/>
</pin_list>
<bind>
<opcode="insertvalue(57) " fcode="insertvalue"/>
<opset="newret3/1 "/>
</bind>
</comp>

<comp id="552" class="1004" name="newret5_fu_552">
<pin_list>
<pin id="553" dir="0" index="0" bw="228" slack="0"/>
<pin id="554" dir="0" index="1" bw="12" slack="0"/>
<pin id="555" dir="1" index="2" bw="228" slack="0"/>
</pin_list>
<bind>
<opcode="insertvalue(57) " fcode="insertvalue"/>
<opset="newret5/1 "/>
</bind>
</comp>

<comp id="558" class="1004" name="newret7_fu_558">
<pin_list>
<pin id="559" dir="0" index="0" bw="228" slack="0"/>
<pin id="560" dir="0" index="1" bw="12" slack="0"/>
<pin id="561" dir="1" index="2" bw="228" slack="0"/>
</pin_list>
<bind>
<opcode="insertvalue(57) " fcode="insertvalue"/>
<opset="newret7/1 "/>
</bind>
</comp>

<comp id="564" class="1004" name="newret9_fu_564">
<pin_list>
<pin id="565" dir="0" index="0" bw="228" slack="0"/>
<pin id="566" dir="0" index="1" bw="12" slack="0"/>
<pin id="567" dir="1" index="2" bw="228" slack="0"/>
</pin_list>
<bind>
<opcode="insertvalue(57) " fcode="insertvalue"/>
<opset="newret9/1 "/>
</bind>
</comp>

<comp id="570" class="1004" name="newret10_fu_570">
<pin_list>
<pin id="571" dir="0" index="0" bw="228" slack="0"/>
<pin id="572" dir="0" index="1" bw="12" slack="0"/>
<pin id="573" dir="1" index="2" bw="228" slack="0"/>
</pin_list>
<bind>
<opcode="insertvalue(57) " fcode="insertvalue"/>
<opset="newret10/1 "/>
</bind>
</comp>

<comp id="576" class="1004" name="newret11_fu_576">
<pin_list>
<pin id="577" dir="0" index="0" bw="228" slack="0"/>
<pin id="578" dir="0" index="1" bw="12" slack="0"/>
<pin id="579" dir="1" index="2" bw="228" slack="0"/>
</pin_list>
<bind>
<opcode="insertvalue(57) " fcode="insertvalue"/>
<opset="newret11/1 "/>
</bind>
</comp>

<comp id="582" class="1004" name="newret12_fu_582">
<pin_list>
<pin id="583" dir="0" index="0" bw="228" slack="0"/>
<pin id="584" dir="0" index="1" bw="12" slack="0"/>
<pin id="585" dir="1" index="2" bw="228" slack="0"/>
</pin_list>
<bind>
<opcode="insertvalue(57) " fcode="insertvalue"/>
<opset="newret12/1 "/>
</bind>
</comp>

<comp id="588" class="1004" name="newret13_fu_588">
<pin_list>
<pin id="589" dir="0" index="0" bw="228" slack="0"/>
<pin id="590" dir="0" index="1" bw="12" slack="0"/>
<pin id="591" dir="1" index="2" bw="228" slack="0"/>
</pin_list>
<bind>
<opcode="insertvalue(57) " fcode="insertvalue"/>
<opset="newret13/1 "/>
</bind>
</comp>

<comp id="594" class="1004" name="newret14_fu_594">
<pin_list>
<pin id="595" dir="0" index="0" bw="228" slack="0"/>
<pin id="596" dir="0" index="1" bw="12" slack="0"/>
<pin id="597" dir="1" index="2" bw="228" slack="0"/>
</pin_list>
<bind>
<opcode="insertvalue(57) " fcode="insertvalue"/>
<opset="newret14/1 "/>
</bind>
</comp>

<comp id="600" class="1004" name="newret15_fu_600">
<pin_list>
<pin id="601" dir="0" index="0" bw="228" slack="0"/>
<pin id="602" dir="0" index="1" bw="12" slack="0"/>
<pin id="603" dir="1" index="2" bw="228" slack="0"/>
</pin_list>
<bind>
<opcode="insertvalue(57) " fcode="insertvalue"/>
<opset="newret15/1 "/>
</bind>
</comp>

<comp id="606" class="1004" name="newret16_fu_606">
<pin_list>
<pin id="607" dir="0" index="0" bw="228" slack="0"/>
<pin id="608" dir="0" index="1" bw="12" slack="0"/>
<pin id="609" dir="1" index="2" bw="228" slack="0"/>
</pin_list>
<bind>
<opcode="insertvalue(57) " fcode="insertvalue"/>
<opset="newret16/1 "/>
</bind>
</comp>

<comp id="612" class="1004" name="newret17_fu_612">
<pin_list>
<pin id="613" dir="0" index="0" bw="228" slack="0"/>
<pin id="614" dir="0" index="1" bw="12" slack="0"/>
<pin id="615" dir="1" index="2" bw="228" slack="0"/>
</pin_list>
<bind>
<opcode="insertvalue(57) " fcode="insertvalue"/>
<opset="newret17/1 "/>
</bind>
</comp>

<comp id="618" class="1004" name="newret18_fu_618">
<pin_list>
<pin id="619" dir="0" index="0" bw="228" slack="0"/>
<pin id="620" dir="0" index="1" bw="12" slack="0"/>
<pin id="621" dir="1" index="2" bw="228" slack="2147483647"/>
</pin_list>
<bind>
<opcode="insertvalue(57) " fcode="insertvalue"/>
<opset="newret18/1 "/>
</bind>
</comp>

</comp_list>

<net_list>
<net id="58"><net_src comp="46" pin="0"/><net_sink comp="54" pin=0"/></net>

<net id="59"><net_src comp="36" pin="0"/><net_sink comp="54" pin=1"/></net>

<net id="64"><net_src comp="46" pin="0"/><net_sink comp="60" pin=0"/></net>

<net id="65"><net_src comp="34" pin="0"/><net_sink comp="60" pin=1"/></net>

<net id="70"><net_src comp="46" pin="0"/><net_sink comp="66" pin=0"/></net>

<net id="71"><net_src comp="32" pin="0"/><net_sink comp="66" pin=1"/></net>

<net id="76"><net_src comp="46" pin="0"/><net_sink comp="72" pin=0"/></net>

<net id="77"><net_src comp="30" pin="0"/><net_sink comp="72" pin=1"/></net>

<net id="82"><net_src comp="46" pin="0"/><net_sink comp="78" pin=0"/></net>

<net id="83"><net_src comp="28" pin="0"/><net_sink comp="78" pin=1"/></net>

<net id="88"><net_src comp="46" pin="0"/><net_sink comp="84" pin=0"/></net>

<net id="89"><net_src comp="26" pin="0"/><net_sink comp="84" pin=1"/></net>

<net id="94"><net_src comp="46" pin="0"/><net_sink comp="90" pin=0"/></net>

<net id="95"><net_src comp="24" pin="0"/><net_sink comp="90" pin=1"/></net>

<net id="100"><net_src comp="46" pin="0"/><net_sink comp="96" pin=0"/></net>

<net id="101"><net_src comp="22" pin="0"/><net_sink comp="96" pin=1"/></net>

<net id="106"><net_src comp="46" pin="0"/><net_sink comp="102" pin=0"/></net>

<net id="107"><net_src comp="20" pin="0"/><net_sink comp="102" pin=1"/></net>

<net id="112"><net_src comp="46" pin="0"/><net_sink comp="108" pin=0"/></net>

<net id="113"><net_src comp="18" pin="0"/><net_sink comp="108" pin=1"/></net>

<net id="118"><net_src comp="46" pin="0"/><net_sink comp="114" pin=0"/></net>

<net id="119"><net_src comp="16" pin="0"/><net_sink comp="114" pin=1"/></net>

<net id="124"><net_src comp="46" pin="0"/><net_sink comp="120" pin=0"/></net>

<net id="125"><net_src comp="14" pin="0"/><net_sink comp="120" pin=1"/></net>

<net id="130"><net_src comp="46" pin="0"/><net_sink comp="126" pin=0"/></net>

<net id="131"><net_src comp="12" pin="0"/><net_sink comp="126" pin=1"/></net>

<net id="136"><net_src comp="46" pin="0"/><net_sink comp="132" pin=0"/></net>

<net id="137"><net_src comp="10" pin="0"/><net_sink comp="132" pin=1"/></net>

<net id="142"><net_src comp="46" pin="0"/><net_sink comp="138" pin=0"/></net>

<net id="143"><net_src comp="8" pin="0"/><net_sink comp="138" pin=1"/></net>

<net id="148"><net_src comp="46" pin="0"/><net_sink comp="144" pin=0"/></net>

<net id="149"><net_src comp="6" pin="0"/><net_sink comp="144" pin=1"/></net>

<net id="154"><net_src comp="46" pin="0"/><net_sink comp="150" pin=0"/></net>

<net id="155"><net_src comp="4" pin="0"/><net_sink comp="150" pin=1"/></net>

<net id="160"><net_src comp="46" pin="0"/><net_sink comp="156" pin=0"/></net>

<net id="161"><net_src comp="2" pin="0"/><net_sink comp="156" pin=1"/></net>

<net id="166"><net_src comp="46" pin="0"/><net_sink comp="162" pin=0"/></net>

<net id="167"><net_src comp="0" pin="0"/><net_sink comp="162" pin=1"/></net>

<net id="172"><net_src comp="162" pin="2"/><net_sink comp="168" pin=0"/></net>

<net id="173"><net_src comp="48" pin="0"/><net_sink comp="168" pin=1"/></net>

<net id="177"><net_src comp="162" pin="2"/><net_sink comp="174" pin=0"/></net>

<net id="183"><net_src comp="168" pin="2"/><net_sink comp="178" pin=0"/></net>

<net id="184"><net_src comp="174" pin="1"/><net_sink comp="178" pin=1"/></net>

<net id="185"><net_src comp="50" pin="0"/><net_sink comp="178" pin=2"/></net>

<net id="190"><net_src comp="156" pin="2"/><net_sink comp="186" pin=0"/></net>

<net id="191"><net_src comp="48" pin="0"/><net_sink comp="186" pin=1"/></net>

<net id="195"><net_src comp="156" pin="2"/><net_sink comp="192" pin=0"/></net>

<net id="201"><net_src comp="186" pin="2"/><net_sink comp="196" pin=0"/></net>

<net id="202"><net_src comp="192" pin="1"/><net_sink comp="196" pin=1"/></net>

<net id="203"><net_src comp="50" pin="0"/><net_sink comp="196" pin=2"/></net>

<net id="208"><net_src comp="150" pin="2"/><net_sink comp="204" pin=0"/></net>

<net id="209"><net_src comp="48" pin="0"/><net_sink comp="204" pin=1"/></net>

<net id="213"><net_src comp="150" pin="2"/><net_sink comp="210" pin=0"/></net>

<net id="219"><net_src comp="204" pin="2"/><net_sink comp="214" pin=0"/></net>

<net id="220"><net_src comp="210" pin="1"/><net_sink comp="214" pin=1"/></net>

<net id="221"><net_src comp="50" pin="0"/><net_sink comp="214" pin=2"/></net>

<net id="226"><net_src comp="144" pin="2"/><net_sink comp="222" pin=0"/></net>

<net id="227"><net_src comp="48" pin="0"/><net_sink comp="222" pin=1"/></net>

<net id="231"><net_src comp="144" pin="2"/><net_sink comp="228" pin=0"/></net>

<net id="237"><net_src comp="222" pin="2"/><net_sink comp="232" pin=0"/></net>

<net id="238"><net_src comp="228" pin="1"/><net_sink comp="232" pin=1"/></net>

<net id="239"><net_src comp="50" pin="0"/><net_sink comp="232" pin=2"/></net>

<net id="244"><net_src comp="138" pin="2"/><net_sink comp="240" pin=0"/></net>

<net id="245"><net_src comp="48" pin="0"/><net_sink comp="240" pin=1"/></net>

<net id="249"><net_src comp="138" pin="2"/><net_sink comp="246" pin=0"/></net>

<net id="255"><net_src comp="240" pin="2"/><net_sink comp="250" pin=0"/></net>

<net id="256"><net_src comp="246" pin="1"/><net_sink comp="250" pin=1"/></net>

<net id="257"><net_src comp="50" pin="0"/><net_sink comp="250" pin=2"/></net>

<net id="262"><net_src comp="132" pin="2"/><net_sink comp="258" pin=0"/></net>

<net id="263"><net_src comp="48" pin="0"/><net_sink comp="258" pin=1"/></net>

<net id="267"><net_src comp="132" pin="2"/><net_sink comp="264" pin=0"/></net>

<net id="273"><net_src comp="258" pin="2"/><net_sink comp="268" pin=0"/></net>

<net id="274"><net_src comp="264" pin="1"/><net_sink comp="268" pin=1"/></net>

<net id="275"><net_src comp="50" pin="0"/><net_sink comp="268" pin=2"/></net>

<net id="280"><net_src comp="126" pin="2"/><net_sink comp="276" pin=0"/></net>

<net id="281"><net_src comp="48" pin="0"/><net_sink comp="276" pin=1"/></net>

<net id="285"><net_src comp="126" pin="2"/><net_sink comp="282" pin=0"/></net>

<net id="291"><net_src comp="276" pin="2"/><net_sink comp="286" pin=0"/></net>

<net id="292"><net_src comp="282" pin="1"/><net_sink comp="286" pin=1"/></net>

<net id="293"><net_src comp="50" pin="0"/><net_sink comp="286" pin=2"/></net>

<net id="298"><net_src comp="120" pin="2"/><net_sink comp="294" pin=0"/></net>

<net id="299"><net_src comp="48" pin="0"/><net_sink comp="294" pin=1"/></net>

<net id="303"><net_src comp="120" pin="2"/><net_sink comp="300" pin=0"/></net>

<net id="309"><net_src comp="294" pin="2"/><net_sink comp="304" pin=0"/></net>

<net id="310"><net_src comp="300" pin="1"/><net_sink comp="304" pin=1"/></net>

<net id="311"><net_src comp="50" pin="0"/><net_sink comp="304" pin=2"/></net>

<net id="316"><net_src comp="114" pin="2"/><net_sink comp="312" pin=0"/></net>

<net id="317"><net_src comp="48" pin="0"/><net_sink comp="312" pin=1"/></net>

<net id="321"><net_src comp="114" pin="2"/><net_sink comp="318" pin=0"/></net>

<net id="327"><net_src comp="312" pin="2"/><net_sink comp="322" pin=0"/></net>

<net id="328"><net_src comp="318" pin="1"/><net_sink comp="322" pin=1"/></net>

<net id="329"><net_src comp="50" pin="0"/><net_sink comp="322" pin=2"/></net>

<net id="334"><net_src comp="108" pin="2"/><net_sink comp="330" pin=0"/></net>

<net id="335"><net_src comp="48" pin="0"/><net_sink comp="330" pin=1"/></net>

<net id="339"><net_src comp="108" pin="2"/><net_sink comp="336" pin=0"/></net>

<net id="345"><net_src comp="330" pin="2"/><net_sink comp="340" pin=0"/></net>

<net id="346"><net_src comp="336" pin="1"/><net_sink comp="340" pin=1"/></net>

<net id="347"><net_src comp="50" pin="0"/><net_sink comp="340" pin=2"/></net>

<net id="352"><net_src comp="102" pin="2"/><net_sink comp="348" pin=0"/></net>

<net id="353"><net_src comp="48" pin="0"/><net_sink comp="348" pin=1"/></net>

<net id="357"><net_src comp="102" pin="2"/><net_sink comp="354" pin=0"/></net>

<net id="363"><net_src comp="348" pin="2"/><net_sink comp="358" pin=0"/></net>

<net id="364"><net_src comp="354" pin="1"/><net_sink comp="358" pin=1"/></net>

<net id="365"><net_src comp="50" pin="0"/><net_sink comp="358" pin=2"/></net>

<net id="370"><net_src comp="96" pin="2"/><net_sink comp="366" pin=0"/></net>

<net id="371"><net_src comp="48" pin="0"/><net_sink comp="366" pin=1"/></net>

<net id="375"><net_src comp="96" pin="2"/><net_sink comp="372" pin=0"/></net>

<net id="381"><net_src comp="366" pin="2"/><net_sink comp="376" pin=0"/></net>

<net id="382"><net_src comp="372" pin="1"/><net_sink comp="376" pin=1"/></net>

<net id="383"><net_src comp="50" pin="0"/><net_sink comp="376" pin=2"/></net>

<net id="388"><net_src comp="90" pin="2"/><net_sink comp="384" pin=0"/></net>

<net id="389"><net_src comp="48" pin="0"/><net_sink comp="384" pin=1"/></net>

<net id="393"><net_src comp="90" pin="2"/><net_sink comp="390" pin=0"/></net>

<net id="399"><net_src comp="384" pin="2"/><net_sink comp="394" pin=0"/></net>

<net id="400"><net_src comp="390" pin="1"/><net_sink comp="394" pin=1"/></net>

<net id="401"><net_src comp="50" pin="0"/><net_sink comp="394" pin=2"/></net>

<net id="406"><net_src comp="84" pin="2"/><net_sink comp="402" pin=0"/></net>

<net id="407"><net_src comp="48" pin="0"/><net_sink comp="402" pin=1"/></net>

<net id="411"><net_src comp="84" pin="2"/><net_sink comp="408" pin=0"/></net>

<net id="417"><net_src comp="402" pin="2"/><net_sink comp="412" pin=0"/></net>

<net id="418"><net_src comp="408" pin="1"/><net_sink comp="412" pin=1"/></net>

<net id="419"><net_src comp="50" pin="0"/><net_sink comp="412" pin=2"/></net>

<net id="424"><net_src comp="78" pin="2"/><net_sink comp="420" pin=0"/></net>

<net id="425"><net_src comp="48" pin="0"/><net_sink comp="420" pin=1"/></net>

<net id="429"><net_src comp="78" pin="2"/><net_sink comp="426" pin=0"/></net>

<net id="435"><net_src comp="420" pin="2"/><net_sink comp="430" pin=0"/></net>

<net id="436"><net_src comp="426" pin="1"/><net_sink comp="430" pin=1"/></net>

<net id="437"><net_src comp="50" pin="0"/><net_sink comp="430" pin=2"/></net>

<net id="442"><net_src comp="72" pin="2"/><net_sink comp="438" pin=0"/></net>

<net id="443"><net_src comp="48" pin="0"/><net_sink comp="438" pin=1"/></net>

<net id="447"><net_src comp="72" pin="2"/><net_sink comp="444" pin=0"/></net>

<net id="453"><net_src comp="438" pin="2"/><net_sink comp="448" pin=0"/></net>

<net id="454"><net_src comp="444" pin="1"/><net_sink comp="448" pin=1"/></net>

<net id="455"><net_src comp="50" pin="0"/><net_sink comp="448" pin=2"/></net>

<net id="460"><net_src comp="66" pin="2"/><net_sink comp="456" pin=0"/></net>

<net id="461"><net_src comp="48" pin="0"/><net_sink comp="456" pin=1"/></net>

<net id="465"><net_src comp="66" pin="2"/><net_sink comp="462" pin=0"/></net>

<net id="471"><net_src comp="456" pin="2"/><net_sink comp="466" pin=0"/></net>

<net id="472"><net_src comp="462" pin="1"/><net_sink comp="466" pin=1"/></net>

<net id="473"><net_src comp="50" pin="0"/><net_sink comp="466" pin=2"/></net>

<net id="478"><net_src comp="60" pin="2"/><net_sink comp="474" pin=0"/></net>

<net id="479"><net_src comp="48" pin="0"/><net_sink comp="474" pin=1"/></net>

<net id="483"><net_src comp="60" pin="2"/><net_sink comp="480" pin=0"/></net>

<net id="489"><net_src comp="474" pin="2"/><net_sink comp="484" pin=0"/></net>

<net id="490"><net_src comp="480" pin="1"/><net_sink comp="484" pin=1"/></net>

<net id="491"><net_src comp="50" pin="0"/><net_sink comp="484" pin=2"/></net>

<net id="496"><net_src comp="54" pin="2"/><net_sink comp="492" pin=0"/></net>

<net id="497"><net_src comp="48" pin="0"/><net_sink comp="492" pin=1"/></net>

<net id="501"><net_src comp="54" pin="2"/><net_sink comp="498" pin=0"/></net>

<net id="507"><net_src comp="492" pin="2"/><net_sink comp="502" pin=0"/></net>

<net id="508"><net_src comp="498" pin="1"/><net_sink comp="502" pin=1"/></net>

<net id="509"><net_src comp="50" pin="0"/><net_sink comp="502" pin=2"/></net>

<net id="514"><net_src comp="52" pin="0"/><net_sink comp="510" pin=0"/></net>

<net id="515"><net_src comp="178" pin="3"/><net_sink comp="510" pin=1"/></net>

<net id="520"><net_src comp="510" pin="2"/><net_sink comp="516" pin=0"/></net>

<net id="521"><net_src comp="196" pin="3"/><net_sink comp="516" pin=1"/></net>

<net id="526"><net_src comp="516" pin="2"/><net_sink comp="522" pin=0"/></net>

<net id="527"><net_src comp="214" pin="3"/><net_sink comp="522" pin=1"/></net>

<net id="532"><net_src comp="522" pin="2"/><net_sink comp="528" pin=0"/></net>

<net id="533"><net_src comp="232" pin="3"/><net_sink comp="528" pin=1"/></net>

<net id="538"><net_src comp="528" pin="2"/><net_sink comp="534" pin=0"/></net>

<net id="539"><net_src comp="250" pin="3"/><net_sink comp="534" pin=1"/></net>

<net id="544"><net_src comp="534" pin="2"/><net_sink comp="540" pin=0"/></net>

<net id="545"><net_src comp="268" pin="3"/><net_sink comp="540" pin=1"/></net>

<net id="550"><net_src comp="540" pin="2"/><net_sink comp="546" pin=0"/></net>

<net id="551"><net_src comp="286" pin="3"/><net_sink comp="546" pin=1"/></net>

<net id="556"><net_src comp="546" pin="2"/><net_sink comp="552" pin=0"/></net>

<net id="557"><net_src comp="304" pin="3"/><net_sink comp="552" pin=1"/></net>

<net id="562"><net_src comp="552" pin="2"/><net_sink comp="558" pin=0"/></net>

<net id="563"><net_src comp="322" pin="3"/><net_sink comp="558" pin=1"/></net>

<net id="568"><net_src comp="558" pin="2"/><net_sink comp="564" pin=0"/></net>

<net id="569"><net_src comp="340" pin="3"/><net_sink comp="564" pin=1"/></net>

<net id="574"><net_src comp="564" pin="2"/><net_sink comp="570" pin=0"/></net>

<net id="575"><net_src comp="358" pin="3"/><net_sink comp="570" pin=1"/></net>

<net id="580"><net_src comp="570" pin="2"/><net_sink comp="576" pin=0"/></net>

<net id="581"><net_src comp="376" pin="3"/><net_sink comp="576" pin=1"/></net>

<net id="586"><net_src comp="576" pin="2"/><net_sink comp="582" pin=0"/></net>

<net id="587"><net_src comp="394" pin="3"/><net_sink comp="582" pin=1"/></net>

<net id="592"><net_src comp="582" pin="2"/><net_sink comp="588" pin=0"/></net>

<net id="593"><net_src comp="412" pin="3"/><net_sink comp="588" pin=1"/></net>

<net id="598"><net_src comp="588" pin="2"/><net_sink comp="594" pin=0"/></net>

<net id="599"><net_src comp="430" pin="3"/><net_sink comp="594" pin=1"/></net>

<net id="604"><net_src comp="594" pin="2"/><net_sink comp="600" pin=0"/></net>

<net id="605"><net_src comp="448" pin="3"/><net_sink comp="600" pin=1"/></net>

<net id="610"><net_src comp="600" pin="2"/><net_sink comp="606" pin=0"/></net>

<net id="611"><net_src comp="466" pin="3"/><net_sink comp="606" pin=1"/></net>

<net id="616"><net_src comp="606" pin="2"/><net_sink comp="612" pin=0"/></net>

<net id="617"><net_src comp="484" pin="3"/><net_sink comp="612" pin=1"/></net>

<net id="622"><net_src comp="612" pin="2"/><net_sink comp="618" pin=0"/></net>

<net id="623"><net_src comp="502" pin="3"/><net_sink comp="618" pin=1"/></net>

</net_list>

</model> 
---------------- Datapath Model END ------------------

* FSMD analyzer results:
  - Output states:
 - Input state : 
	Port: relu<ap_fixed<13, 8, 5, 3, 0>, ap_ufixed<12, 7, 5, 3, 0>, ReLU_config6> : data_2_val | {1 }
	Port: relu<ap_fixed<13, 8, 5, 3, 0>, ap_ufixed<12, 7, 5, 3, 0>, ReLU_config6> : data_3_val | {1 }
	Port: relu<ap_fixed<13, 8, 5, 3, 0>, ap_ufixed<12, 7, 5, 3, 0>, ReLU_config6> : data_5_val | {1 }
	Port: relu<ap_fixed<13, 8, 5, 3, 0>, ap_ufixed<12, 7, 5, 3, 0>, ReLU_config6> : data_6_val | {1 }
	Port: relu<ap_fixed<13, 8, 5, 3, 0>, ap_ufixed<12, 7, 5, 3, 0>, ReLU_config6> : data_7_val | {1 }
	Port: relu<ap_fixed<13, 8, 5, 3, 0>, ap_ufixed<12, 7, 5, 3, 0>, ReLU_config6> : data_10_val | {1 }
	Port: relu<ap_fixed<13, 8, 5, 3, 0>, ap_ufixed<12, 7, 5, 3, 0>, ReLU_config6> : data_14_val | {1 }
	Port: relu<ap_fixed<13, 8, 5, 3, 0>, ap_ufixed<12, 7, 5, 3, 0>, ReLU_config6> : data_17_val | {1 }
	Port: relu<ap_fixed<13, 8, 5, 3, 0>, ap_ufixed<12, 7, 5, 3, 0>, ReLU_config6> : data_19_val | {1 }
	Port: relu<ap_fixed<13, 8, 5, 3, 0>, ap_ufixed<12, 7, 5, 3, 0>, ReLU_config6> : data_20_val | {1 }
	Port: relu<ap_fixed<13, 8, 5, 3, 0>, ap_ufixed<12, 7, 5, 3, 0>, ReLU_config6> : data_25_val | {1 }
	Port: relu<ap_fixed<13, 8, 5, 3, 0>, ap_ufixed<12, 7, 5, 3, 0>, ReLU_config6> : data_33_val | {1 }
	Port: relu<ap_fixed<13, 8, 5, 3, 0>, ap_ufixed<12, 7, 5, 3, 0>, ReLU_config6> : data_36_val | {1 }
	Port: relu<ap_fixed<13, 8, 5, 3, 0>, ap_ufixed<12, 7, 5, 3, 0>, ReLU_config6> : data_37_val | {1 }
	Port: relu<ap_fixed<13, 8, 5, 3, 0>, ap_ufixed<12, 7, 5, 3, 0>, ReLU_config6> : data_38_val | {1 }
	Port: relu<ap_fixed<13, 8, 5, 3, 0>, ap_ufixed<12, 7, 5, 3, 0>, ReLU_config6> : data_46_val | {1 }
	Port: relu<ap_fixed<13, 8, 5, 3, 0>, ap_ufixed<12, 7, 5, 3, 0>, ReLU_config6> : data_50_val | {1 }
	Port: relu<ap_fixed<13, 8, 5, 3, 0>, ap_ufixed<12, 7, 5, 3, 0>, ReLU_config6> : data_57_val | {1 }
	Port: relu<ap_fixed<13, 8, 5, 3, 0>, ap_ufixed<12, 7, 5, 3, 0>, ReLU_config6> : data_61_val | {1 }
  - Chain level:
	State 1
		select_ln45 : 1
		select_ln45_1 : 1
		select_ln45_2 : 1
		select_ln45_3 : 1
		select_ln45_4 : 1
		select_ln45_5 : 1
		select_ln45_6 : 1
		select_ln45_7 : 1
		select_ln45_8 : 1
		select_ln45_9 : 1
		select_ln45_10 : 1
		select_ln45_11 : 1
		select_ln45_12 : 1
		select_ln45_13 : 1
		select_ln45_14 : 1
		select_ln45_15 : 1
		select_ln45_16 : 1
		select_ln45_17 : 1
		select_ln45_18 : 1
		newret : 2
		newret2 : 3
		newret4 : 4
		newret6 : 5
		newret8 : 6
		newret1 : 7
		newret3 : 8
		newret5 : 9
		newret7 : 10
		newret9 : 11
		newret10 : 12
		newret11 : 13
		newret12 : 14
		newret13 : 15
		newret14 : 16
		newret15 : 17
		newret16 : 18
		newret17 : 19
		newret18 : 20
		ret_ln45 : 21


============================================================
+ Verbose Summary: Datapath Resource usage 
============================================================

* Functional unit list:
|----------|------------------------------|---------|---------|
| Operation|        Functional Unit       |    FF   |   LUT   |
|----------|------------------------------|---------|---------|
|          |       icmp_ln45_fu_168       |    0    |    20   |
|          |      icmp_ln45_1_fu_186      |    0    |    20   |
|          |      icmp_ln45_2_fu_204      |    0    |    20   |
|          |      icmp_ln45_3_fu_222      |    0    |    20   |
|          |      icmp_ln45_4_fu_240      |    0    |    20   |
|          |      icmp_ln45_5_fu_258      |    0    |    20   |
|          |      icmp_ln45_6_fu_276      |    0    |    20   |
|          |      icmp_ln45_7_fu_294      |    0    |    20   |
|          |      icmp_ln45_8_fu_312      |    0    |    20   |
|   icmp   |      icmp_ln45_9_fu_330      |    0    |    20   |
|          |      icmp_ln45_10_fu_348     |    0    |    20   |
|          |      icmp_ln45_11_fu_366     |    0    |    20   |
|          |      icmp_ln45_12_fu_384     |    0    |    20   |
|          |      icmp_ln45_13_fu_402     |    0    |    20   |
|          |      icmp_ln45_14_fu_420     |    0    |    20   |
|          |      icmp_ln45_15_fu_438     |    0    |    20   |
|          |      icmp_ln45_16_fu_456     |    0    |    20   |
|          |      icmp_ln45_17_fu_474     |    0    |    20   |
|          |      icmp_ln45_18_fu_492     |    0    |    20   |
|----------|------------------------------|---------|---------|
|          |      select_ln45_fu_178      |    0    |    12   |
|          |     select_ln45_1_fu_196     |    0    |    12   |
|          |     select_ln45_2_fu_214     |    0    |    12   |
|          |     select_ln45_3_fu_232     |    0    |    12   |
|          |     select_ln45_4_fu_250     |    0    |    12   |
|          |     select_ln45_5_fu_268     |    0    |    12   |
|          |     select_ln45_6_fu_286     |    0    |    12   |
|          |     select_ln45_7_fu_304     |    0    |    12   |
|          |     select_ln45_8_fu_322     |    0    |    12   |
|  select  |     select_ln45_9_fu_340     |    0    |    12   |
|          |     select_ln45_10_fu_358    |    0    |    12   |
|          |     select_ln45_11_fu_376    |    0    |    12   |
|          |     select_ln45_12_fu_394    |    0    |    12   |
|          |     select_ln45_13_fu_412    |    0    |    12   |
|          |     select_ln45_14_fu_430    |    0    |    12   |
|          |     select_ln45_15_fu_448    |    0    |    12   |
|          |     select_ln45_16_fu_466    |    0    |    12   |
|          |     select_ln45_17_fu_484    |    0    |    12   |
|          |     select_ln45_18_fu_502    |    0    |    12   |
|----------|------------------------------|---------|---------|
|          |  data_61_val_read_read_fu_54 |    0    |    0    |
|          |  data_57_val_read_read_fu_60 |    0    |    0    |
|          |  data_50_val_read_read_fu_66 |    0    |    0    |
|          |  data_46_val_read_read_fu_72 |    0    |    0    |
|          |  data_38_val_read_read_fu_78 |    0    |    0    |
|          |  data_37_val_read_read_fu_84 |    0    |    0    |
|          |  data_36_val_read_read_fu_90 |    0    |    0    |
|          |  data_33_val_read_read_fu_96 |    0    |    0    |
|          | data_25_val_read_read_fu_102 |    0    |    0    |
|   read   | data_20_val_read_read_fu_108 |    0    |    0    |
|          | data_19_val_read_read_fu_114 |    0    |    0    |
|          | data_17_val_read_read_fu_120 |    0    |    0    |
|          | data_14_val_read_read_fu_126 |    0    |    0    |
|          | data_10_val_read_read_fu_132 |    0    |    0    |
|          |  data_7_val_read_read_fu_138 |    0    |    0    |
|          |  data_6_val_read_read_fu_144 |    0    |    0    |
|          |  data_5_val_read_read_fu_150 |    0    |    0    |
|          |  data_3_val_read_read_fu_156 |    0    |    0    |
|          |  data_2_val_read_read_fu_162 |    0    |    0    |
|----------|------------------------------|---------|---------|
|          |       trunc_ln46_fu_174      |    0    |    0    |
|          |      trunc_ln46_1_fu_192     |    0    |    0    |
|          |      trunc_ln46_2_fu_210     |    0    |    0    |
|          |      trunc_ln46_3_fu_228     |    0    |    0    |
|          |      trunc_ln46_4_fu_246     |    0    |    0    |
|          |      trunc_ln46_5_fu_264     |    0    |    0    |
|          |      trunc_ln46_6_fu_282     |    0    |    0    |
|          |      trunc_ln46_7_fu_300     |    0    |    0    |
|          |      trunc_ln46_8_fu_318     |    0    |    0    |
|   trunc  |      trunc_ln46_9_fu_336     |    0    |    0    |
|          |     trunc_ln46_10_fu_354     |    0    |    0    |
|          |     trunc_ln46_11_fu_372     |    0    |    0    |
|          |     trunc_ln46_12_fu_390     |    0    |    0    |
|          |     trunc_ln46_13_fu_408     |    0    |    0    |
|          |     trunc_ln46_14_fu_426     |    0    |    0    |
|          |     trunc_ln46_15_fu_444     |    0    |    0    |
|          |     trunc_ln46_16_fu_462     |    0    |    0    |
|          |     trunc_ln46_17_fu_480     |    0    |    0    |
|          |     trunc_ln46_18_fu_498     |    0    |    0    |
|----------|------------------------------|---------|---------|
|          |         newret_fu_510        |    0    |    0    |
|          |        newret2_fu_516        |    0    |    0    |
|          |        newret4_fu_522        |    0    |    0    |
|          |        newret6_fu_528        |    0    |    0    |
|          |        newret8_fu_534        |    0    |    0    |
|          |        newret1_fu_540        |    0    |    0    |
|          |        newret3_fu_546        |    0    |    0    |
|          |        newret5_fu_552        |    0    |    0    |
|          |        newret7_fu_558        |    0    |    0    |
|insertvalue|        newret9_fu_564        |    0    |    0    |
|          |        newret10_fu_570       |    0    |    0    |
|          |        newret11_fu_576       |    0    |    0    |
|          |        newret12_fu_582       |    0    |    0    |
|          |        newret13_fu_588       |    0    |    0    |
|          |        newret14_fu_594       |    0    |    0    |
|          |        newret15_fu_600       |    0    |    0    |
|          |        newret16_fu_606       |    0    |    0    |
|          |        newret17_fu_612       |    0    |    0    |
|          |        newret18_fu_618       |    0    |    0    |
|----------|------------------------------|---------|---------|
|   Total  |                              |    0    |   608   |
|----------|------------------------------|---------|---------|

Memories:
N/A

* Register list:
N/A

* Multiplexer (MUX) list: 
|--------|------|------|------|--------|
|  Comp  |  Pin | Size |  BW  | S x BW |
|--------|------|------|------|--------|
|  Total |      |      |      |    0   |
|--------|------|------|------|--------|



* Summary:
+-----------+--------+--------+
|           |   FF   |   LUT  |
+-----------+--------+--------+
|  Function |    0   |   608  |
|   Memory  |    -   |    -   |
|Multiplexer|    -   |    -   |
|  Register |    -   |    -   |
+-----------+--------+--------+
|   Total   |    0   |   608  |
+-----------+--------+--------+
