

================================================================
== Vitis HLS Report for 'relu_ap_fixed_13_11_5_3_0_ap_ufixed_9_7_5_3_0_ReLU_config11_s'
================================================================
* Date:           Wed Feb 26 01:35:04 2025

* Version:        2024.1 (Build 5069499 on May 21 2024)
* Project:        myproject_prj
* Solution:       solution1 (Vivado IP Flow Target)
* Product family: virtexuplusHBM
* Target device:  xcu50-fsvh2104-2-e


================================================================
== Performance Estimates
================================================================
+ Timing: 
    * Summary: 
    +--------+---------+----------+------------+
    |  Clock |  Target | Estimated| Uncertainty|
    +--------+---------+----------+------------+
    |ap_clk  |  5.00 ns|  1.058 ns|     1.35 ns|
    +--------+---------+----------+------------+

+ Latency: 
    * Summary: 
    +---------+---------+----------+----------+-----+-----+---------+
    |  Latency (cycles) |  Latency (absolute) |  Interval | Pipeline|
    |   min   |   max   |    min   |    max   | min | max |   Type  |
    +---------+---------+----------+----------+-----+-----+---------+
    |        0|        0|      0 ns|      0 ns|    1|    1|      yes|
    +---------+---------+----------+----------+-----+-----+---------+

    + Detail: 
        * Instance: 
        N/A

        * Loop: 
        N/A

============================================================
+ Verbose Summary: Synthesis Manager
============================================================
InlineROM: 1
ExposeGlobal: 0
============================================================
+ Verbose Summary: CDFG Model
============================================================
IsTopModel: 0
ResetActiveHigh: 1
IsCombinational: 0
IsDatapathOnly: 0
HasWiredReturn: 1
HasMFsm: 2
HasVarLatency: 0
IsPipeline: 1
IsRtlPipelined: 0
IsInstanceOverlapped: 0
IsDontTouch: 0
HasImplIP: 0
IsGatedGlobalClock: 0

+ Individual pipeline summary: 
  * Pipeline-0: initiation interval (II) = 1, depth = 1


============================================================
+ Verbose Summary: Schedule
============================================================
* Number of FSM states : 1
* Pipeline : 1
  Pipeline-0 : II = 1, D = 1, States = { 1 }
* Dataflow Pipeline: 0

* FSM state transitions: 
1 --> 

* FSM state operations: 

State 1 <SV = 0> <Delay = 1.05>
ST_1 : Operation 2 [1/1] (0.00ns)   --->   "%specpipeline_ln42 = specpipeline void @_ssdm_op_SpecPipeline, i32 4294967295, i32 0, i32 0, i32 0, void @empty_0" [firmware/nnet_utils/nnet_activation.h:42]   --->   Operation 2 'specpipeline' 'specpipeline_ln42' <Predicate = true> <Delay = 0.00>
ST_1 : Operation 3 [1/1] (0.00ns)   --->   "%data_29_val_read = read i13 @_ssdm_op_Read.ap_auto.i13, i13 %data_29_val" [firmware/nnet_utils/nnet_activation.h:42]   --->   Operation 3 'read' 'data_29_val_read' <Predicate = true> <Delay = 0.00>
ST_1 : Operation 4 [1/1] (0.00ns)   --->   "%data_27_val_read = read i13 @_ssdm_op_Read.ap_auto.i13, i13 %data_27_val" [firmware/nnet_utils/nnet_activation.h:42]   --->   Operation 4 'read' 'data_27_val_read' <Predicate = true> <Delay = 0.00>
ST_1 : Operation 5 [1/1] (0.00ns)   --->   "%data_24_val_read = read i13 @_ssdm_op_Read.ap_auto.i13, i13 %data_24_val" [firmware/nnet_utils/nnet_activation.h:42]   --->   Operation 5 'read' 'data_24_val_read' <Predicate = true> <Delay = 0.00>
ST_1 : Operation 6 [1/1] (0.00ns)   --->   "%data_22_val_read = read i13 @_ssdm_op_Read.ap_auto.i13, i13 %data_22_val" [firmware/nnet_utils/nnet_activation.h:42]   --->   Operation 6 'read' 'data_22_val_read' <Predicate = true> <Delay = 0.00>
ST_1 : Operation 7 [1/1] (0.00ns)   --->   "%data_21_val_read = read i13 @_ssdm_op_Read.ap_auto.i13, i13 %data_21_val" [firmware/nnet_utils/nnet_activation.h:42]   --->   Operation 7 'read' 'data_21_val_read' <Predicate = true> <Delay = 0.00>
ST_1 : Operation 8 [1/1] (0.00ns)   --->   "%data_12_val_read = read i13 @_ssdm_op_Read.ap_auto.i13, i13 %data_12_val" [firmware/nnet_utils/nnet_activation.h:42]   --->   Operation 8 'read' 'data_12_val_read' <Predicate = true> <Delay = 0.00>
ST_1 : Operation 9 [1/1] (0.00ns)   --->   "%data_10_val_read = read i13 @_ssdm_op_Read.ap_auto.i13, i13 %data_10_val" [firmware/nnet_utils/nnet_activation.h:42]   --->   Operation 9 'read' 'data_10_val_read' <Predicate = true> <Delay = 0.00>
ST_1 : Operation 10 [1/1] (0.00ns)   --->   "%data_6_val_read = read i13 @_ssdm_op_Read.ap_auto.i13, i13 %data_6_val" [firmware/nnet_utils/nnet_activation.h:42]   --->   Operation 10 'read' 'data_6_val_read' <Predicate = true> <Delay = 0.00>
ST_1 : Operation 11 [1/1] (0.00ns)   --->   "%data_3_val_read = read i13 @_ssdm_op_Read.ap_auto.i13, i13 %data_3_val" [firmware/nnet_utils/nnet_activation.h:42]   --->   Operation 11 'read' 'data_3_val_read' <Predicate = true> <Delay = 0.00>
ST_1 : Operation 12 [1/1] (0.75ns)   --->   "%icmp_ln45 = icmp_sgt  i13 %data_3_val_read, i13 0" [firmware/nnet_utils/nnet_activation.h:45]   --->   Operation 12 'icmp' 'icmp_ln45' <Predicate = true> <Delay = 0.75> <CoreInst = "Cmp">   --->   Core 9 'Cmp' <Latency = 0> <II = 1> <Delay = 0.75> <FuncUnit> <Opcode : 'seteq' 'setne' 'setle' 'setge' 'setlt' 'setgt'> <InPorts = 2> <OutPorts = 1>
ST_1 : Operation 13 [1/1] (0.00ns)   --->   "%trunc_ln46 = trunc i13 %data_3_val_read" [firmware/nnet_utils/nnet_activation.h:46]   --->   Operation 13 'trunc' 'trunc_ln46' <Predicate = (icmp_ln45)> <Delay = 0.00>
ST_1 : Operation 14 [1/1] (0.30ns)   --->   "%select_ln45 = select i1 %icmp_ln45, i9 %trunc_ln46, i9 0" [firmware/nnet_utils/nnet_activation.h:45]   --->   Operation 14 'select' 'select_ln45' <Predicate = true> <Delay = 0.30> <CoreInst = "Sel">   --->   Core 73 'Sel' <Latency = 0> <II = 1> <Delay = 0.30> <FuncUnit> <Opcode : 'select'> <InPorts = 3> <OutPorts = 1>
ST_1 : Operation 15 [1/1] (0.75ns)   --->   "%icmp_ln45_19 = icmp_sgt  i13 %data_6_val_read, i13 0" [firmware/nnet_utils/nnet_activation.h:45]   --->   Operation 15 'icmp' 'icmp_ln45_19' <Predicate = true> <Delay = 0.75> <CoreInst = "Cmp">   --->   Core 9 'Cmp' <Latency = 0> <II = 1> <Delay = 0.75> <FuncUnit> <Opcode : 'seteq' 'setne' 'setle' 'setge' 'setlt' 'setgt'> <InPorts = 2> <OutPorts = 1>
ST_1 : Operation 16 [1/1] (0.00ns)   --->   "%trunc_ln46_19 = trunc i13 %data_6_val_read" [firmware/nnet_utils/nnet_activation.h:46]   --->   Operation 16 'trunc' 'trunc_ln46_19' <Predicate = (icmp_ln45_19)> <Delay = 0.00>
ST_1 : Operation 17 [1/1] (0.30ns)   --->   "%select_ln45_19 = select i1 %icmp_ln45_19, i9 %trunc_ln46_19, i9 0" [firmware/nnet_utils/nnet_activation.h:45]   --->   Operation 17 'select' 'select_ln45_19' <Predicate = true> <Delay = 0.30> <CoreInst = "Sel">   --->   Core 73 'Sel' <Latency = 0> <II = 1> <Delay = 0.30> <FuncUnit> <Opcode : 'select'> <InPorts = 3> <OutPorts = 1>
ST_1 : Operation 18 [1/1] (0.75ns)   --->   "%icmp_ln45_20 = icmp_sgt  i13 %data_10_val_read, i13 0" [firmware/nnet_utils/nnet_activation.h:45]   --->   Operation 18 'icmp' 'icmp_ln45_20' <Predicate = true> <Delay = 0.75> <CoreInst = "Cmp">   --->   Core 9 'Cmp' <Latency = 0> <II = 1> <Delay = 0.75> <FuncUnit> <Opcode : 'seteq' 'setne' 'setle' 'setge' 'setlt' 'setgt'> <InPorts = 2> <OutPorts = 1>
ST_1 : Operation 19 [1/1] (0.00ns)   --->   "%trunc_ln46_20 = trunc i13 %data_10_val_read" [firmware/nnet_utils/nnet_activation.h:46]   --->   Operation 19 'trunc' 'trunc_ln46_20' <Predicate = (icmp_ln45_20)> <Delay = 0.00>
ST_1 : Operation 20 [1/1] (0.30ns)   --->   "%select_ln45_20 = select i1 %icmp_ln45_20, i9 %trunc_ln46_20, i9 0" [firmware/nnet_utils/nnet_activation.h:45]   --->   Operation 20 'select' 'select_ln45_20' <Predicate = true> <Delay = 0.30> <CoreInst = "Sel">   --->   Core 73 'Sel' <Latency = 0> <II = 1> <Delay = 0.30> <FuncUnit> <Opcode : 'select'> <InPorts = 3> <OutPorts = 1>
ST_1 : Operation 21 [1/1] (0.75ns)   --->   "%icmp_ln45_21 = icmp_sgt  i13 %data_12_val_read, i13 0" [firmware/nnet_utils/nnet_activation.h:45]   --->   Operation 21 'icmp' 'icmp_ln45_21' <Predicate = true> <Delay = 0.75> <CoreInst = "Cmp">   --->   Core 9 'Cmp' <Latency = 0> <II = 1> <Delay = 0.75> <FuncUnit> <Opcode : 'seteq' 'setne' 'setle' 'setge' 'setlt' 'setgt'> <InPorts = 2> <OutPorts = 1>
ST_1 : Operation 22 [1/1] (0.00ns)   --->   "%trunc_ln46_21 = trunc i13 %data_12_val_read" [firmware/nnet_utils/nnet_activation.h:46]   --->   Operation 22 'trunc' 'trunc_ln46_21' <Predicate = (icmp_ln45_21)> <Delay = 0.00>
ST_1 : Operation 23 [1/1] (0.30ns)   --->   "%select_ln45_21 = select i1 %icmp_ln45_21, i9 %trunc_ln46_21, i9 0" [firmware/nnet_utils/nnet_activation.h:45]   --->   Operation 23 'select' 'select_ln45_21' <Predicate = true> <Delay = 0.30> <CoreInst = "Sel">   --->   Core 73 'Sel' <Latency = 0> <II = 1> <Delay = 0.30> <FuncUnit> <Opcode : 'select'> <InPorts = 3> <OutPorts = 1>
ST_1 : Operation 24 [1/1] (0.75ns)   --->   "%icmp_ln45_22 = icmp_sgt  i13 %data_21_val_read, i13 0" [firmware/nnet_utils/nnet_activation.h:45]   --->   Operation 24 'icmp' 'icmp_ln45_22' <Predicate = true> <Delay = 0.75> <CoreInst = "Cmp">   --->   Core 9 'Cmp' <Latency = 0> <II = 1> <Delay = 0.75> <FuncUnit> <Opcode : 'seteq' 'setne' 'setle' 'setge' 'setlt' 'setgt'> <InPorts = 2> <OutPorts = 1>
ST_1 : Operation 25 [1/1] (0.00ns)   --->   "%trunc_ln46_22 = trunc i13 %data_21_val_read" [firmware/nnet_utils/nnet_activation.h:46]   --->   Operation 25 'trunc' 'trunc_ln46_22' <Predicate = (icmp_ln45_22)> <Delay = 0.00>
ST_1 : Operation 26 [1/1] (0.30ns)   --->   "%select_ln45_22 = select i1 %icmp_ln45_22, i9 %trunc_ln46_22, i9 0" [firmware/nnet_utils/nnet_activation.h:45]   --->   Operation 26 'select' 'select_ln45_22' <Predicate = true> <Delay = 0.30> <CoreInst = "Sel">   --->   Core 73 'Sel' <Latency = 0> <II = 1> <Delay = 0.30> <FuncUnit> <Opcode : 'select'> <InPorts = 3> <OutPorts = 1>
ST_1 : Operation 27 [1/1] (0.75ns)   --->   "%icmp_ln45_23 = icmp_sgt  i13 %data_22_val_read, i13 0" [firmware/nnet_utils/nnet_activation.h:45]   --->   Operation 27 'icmp' 'icmp_ln45_23' <Predicate = true> <Delay = 0.75> <CoreInst = "Cmp">   --->   Core 9 'Cmp' <Latency = 0> <II = 1> <Delay = 0.75> <FuncUnit> <Opcode : 'seteq' 'setne' 'setle' 'setge' 'setlt' 'setgt'> <InPorts = 2> <OutPorts = 1>
ST_1 : Operation 28 [1/1] (0.00ns)   --->   "%trunc_ln46_23 = trunc i13 %data_22_val_read" [firmware/nnet_utils/nnet_activation.h:46]   --->   Operation 28 'trunc' 'trunc_ln46_23' <Predicate = (icmp_ln45_23)> <Delay = 0.00>
ST_1 : Operation 29 [1/1] (0.30ns)   --->   "%select_ln45_23 = select i1 %icmp_ln45_23, i9 %trunc_ln46_23, i9 0" [firmware/nnet_utils/nnet_activation.h:45]   --->   Operation 29 'select' 'select_ln45_23' <Predicate = true> <Delay = 0.30> <CoreInst = "Sel">   --->   Core 73 'Sel' <Latency = 0> <II = 1> <Delay = 0.30> <FuncUnit> <Opcode : 'select'> <InPorts = 3> <OutPorts = 1>
ST_1 : Operation 30 [1/1] (0.75ns)   --->   "%icmp_ln45_24 = icmp_sgt  i13 %data_24_val_read, i13 0" [firmware/nnet_utils/nnet_activation.h:45]   --->   Operation 30 'icmp' 'icmp_ln45_24' <Predicate = true> <Delay = 0.75> <CoreInst = "Cmp">   --->   Core 9 'Cmp' <Latency = 0> <II = 1> <Delay = 0.75> <FuncUnit> <Opcode : 'seteq' 'setne' 'setle' 'setge' 'setlt' 'setgt'> <InPorts = 2> <OutPorts = 1>
ST_1 : Operation 31 [1/1] (0.00ns)   --->   "%trunc_ln46_24 = trunc i13 %data_24_val_read" [firmware/nnet_utils/nnet_activation.h:46]   --->   Operation 31 'trunc' 'trunc_ln46_24' <Predicate = (icmp_ln45_24)> <Delay = 0.00>
ST_1 : Operation 32 [1/1] (0.30ns)   --->   "%select_ln45_24 = select i1 %icmp_ln45_24, i9 %trunc_ln46_24, i9 0" [firmware/nnet_utils/nnet_activation.h:45]   --->   Operation 32 'select' 'select_ln45_24' <Predicate = true> <Delay = 0.30> <CoreInst = "Sel">   --->   Core 73 'Sel' <Latency = 0> <II = 1> <Delay = 0.30> <FuncUnit> <Opcode : 'select'> <InPorts = 3> <OutPorts = 1>
ST_1 : Operation 33 [1/1] (0.75ns)   --->   "%icmp_ln45_25 = icmp_sgt  i13 %data_27_val_read, i13 0" [firmware/nnet_utils/nnet_activation.h:45]   --->   Operation 33 'icmp' 'icmp_ln45_25' <Predicate = true> <Delay = 0.75> <CoreInst = "Cmp">   --->   Core 9 'Cmp' <Latency = 0> <II = 1> <Delay = 0.75> <FuncUnit> <Opcode : 'seteq' 'setne' 'setle' 'setge' 'setlt' 'setgt'> <InPorts = 2> <OutPorts = 1>
ST_1 : Operation 34 [1/1] (0.00ns)   --->   "%trunc_ln46_25 = trunc i13 %data_27_val_read" [firmware/nnet_utils/nnet_activation.h:46]   --->   Operation 34 'trunc' 'trunc_ln46_25' <Predicate = (icmp_ln45_25)> <Delay = 0.00>
ST_1 : Operation 35 [1/1] (0.30ns)   --->   "%select_ln45_25 = select i1 %icmp_ln45_25, i9 %trunc_ln46_25, i9 0" [firmware/nnet_utils/nnet_activation.h:45]   --->   Operation 35 'select' 'select_ln45_25' <Predicate = true> <Delay = 0.30> <CoreInst = "Sel">   --->   Core 73 'Sel' <Latency = 0> <II = 1> <Delay = 0.30> <FuncUnit> <Opcode : 'select'> <InPorts = 3> <OutPorts = 1>
ST_1 : Operation 36 [1/1] (0.75ns)   --->   "%icmp_ln45_26 = icmp_sgt  i13 %data_29_val_read, i13 0" [firmware/nnet_utils/nnet_activation.h:45]   --->   Operation 36 'icmp' 'icmp_ln45_26' <Predicate = true> <Delay = 0.75> <CoreInst = "Cmp">   --->   Core 9 'Cmp' <Latency = 0> <II = 1> <Delay = 0.75> <FuncUnit> <Opcode : 'seteq' 'setne' 'setle' 'setge' 'setlt' 'setgt'> <InPorts = 2> <OutPorts = 1>
ST_1 : Operation 37 [1/1] (0.00ns)   --->   "%trunc_ln46_26 = trunc i13 %data_29_val_read" [firmware/nnet_utils/nnet_activation.h:46]   --->   Operation 37 'trunc' 'trunc_ln46_26' <Predicate = (icmp_ln45_26)> <Delay = 0.00>
ST_1 : Operation 38 [1/1] (0.30ns)   --->   "%select_ln45_26 = select i1 %icmp_ln45_26, i9 %trunc_ln46_26, i9 0" [firmware/nnet_utils/nnet_activation.h:45]   --->   Operation 38 'select' 'select_ln45_26' <Predicate = true> <Delay = 0.30> <CoreInst = "Sel">   --->   Core 73 'Sel' <Latency = 0> <II = 1> <Delay = 0.30> <FuncUnit> <Opcode : 'select'> <InPorts = 3> <OutPorts = 1>
ST_1 : Operation 39 [1/1] (0.00ns)   --->   "%newret = insertvalue i81 <undef>, i9 %select_ln45" [firmware/nnet_utils/nnet_activation.h:45]   --->   Operation 39 'insertvalue' 'newret' <Predicate = true> <Delay = 0.00>
ST_1 : Operation 40 [1/1] (0.00ns)   --->   "%newret2 = insertvalue i81 %newret, i9 %select_ln45_19" [firmware/nnet_utils/nnet_activation.h:45]   --->   Operation 40 'insertvalue' 'newret2' <Predicate = true> <Delay = 0.00>
ST_1 : Operation 41 [1/1] (0.00ns)   --->   "%newret4 = insertvalue i81 %newret2, i9 %select_ln45_20" [firmware/nnet_utils/nnet_activation.h:45]   --->   Operation 41 'insertvalue' 'newret4' <Predicate = true> <Delay = 0.00>
ST_1 : Operation 42 [1/1] (0.00ns)   --->   "%newret6 = insertvalue i81 %newret4, i9 %select_ln45_21" [firmware/nnet_utils/nnet_activation.h:45]   --->   Operation 42 'insertvalue' 'newret6' <Predicate = true> <Delay = 0.00>
ST_1 : Operation 43 [1/1] (0.00ns)   --->   "%newret8 = insertvalue i81 %newret6, i9 %select_ln45_22" [firmware/nnet_utils/nnet_activation.h:45]   --->   Operation 43 'insertvalue' 'newret8' <Predicate = true> <Delay = 0.00>
ST_1 : Operation 44 [1/1] (0.00ns)   --->   "%newret10 = insertvalue i81 %newret8, i9 %select_ln45_23" [firmware/nnet_utils/nnet_activation.h:45]   --->   Operation 44 'insertvalue' 'newret10' <Predicate = true> <Delay = 0.00>
ST_1 : Operation 45 [1/1] (0.00ns)   --->   "%newret12 = insertvalue i81 %newret10, i9 %select_ln45_24" [firmware/nnet_utils/nnet_activation.h:45]   --->   Operation 45 'insertvalue' 'newret12' <Predicate = true> <Delay = 0.00>
ST_1 : Operation 46 [1/1] (0.00ns)   --->   "%newret14 = insertvalue i81 %newret12, i9 %select_ln45_25" [firmware/nnet_utils/nnet_activation.h:45]   --->   Operation 46 'insertvalue' 'newret14' <Predicate = true> <Delay = 0.00>
ST_1 : Operation 47 [1/1] (0.00ns)   --->   "%newret16 = insertvalue i81 %newret14, i9 %select_ln45_26" [firmware/nnet_utils/nnet_activation.h:45]   --->   Operation 47 'insertvalue' 'newret16' <Predicate = true> <Delay = 0.00>
ST_1 : Operation 48 [1/1] (0.00ns)   --->   "%ret_ln45 = ret i81 %newret16" [firmware/nnet_utils/nnet_activation.h:45]   --->   Operation 48 'ret' 'ret_ln45' <Predicate = true> <Delay = 0.00>


============================================================
+ Verbose Summary: Timing violations
============================================================
Target clock period: 5.000ns, clock uncertainty: 1.350ns.

 <State 1>: 1.058ns
The critical path consists of the following:
	wire read operation ('data_3_val_read', firmware/nnet_utils/nnet_activation.h:42) on port 'data_3_val' (firmware/nnet_utils/nnet_activation.h:42) [19]  (0.000 ns)
	'icmp' operation 1 bit ('icmp_ln45', firmware/nnet_utils/nnet_activation.h:45) [20]  (0.755 ns)
	'select' operation 9 bit ('select_ln45', firmware/nnet_utils/nnet_activation.h:45) [22]  (0.303 ns)


============================================================
+ Verbose Summary: Binding
============================================================
N/A
* FSMD analyzer results:
  - Output states:
 - Input state : 
  - Chain level:
	State 1


============================================================
+ Verbose Summary: Datapath Resource usage 
============================================================
N/A
