
****** Vitis HLS - High-Level Synthesis from C, C++ and OpenCL v2024.1 (64-bit)
  **** SW Build 5069499 on May 21 2024
  **** IP Build 5075265 on Wed May 22 21:45:21 MDT 2024
  **** SharedData Build 5076995 on Wed May 22 18:29:18 MDT 2024
  **** Start of session at: Wed Feb 26 01:35:10 2025
    ** Copyright 1986-2022 Xilinx, Inc. All Rights Reserved.
    ** Copyright 2022-2024 Advanced Micro Devices, Inc. All Rights Reserved.

source /opt/local/Vitis_HLS/2024.1/scripts/vitis_hls/hls.tcl -notrace
INFO: [HLS 200-10] For user 'lr1424' on host 'lxfw00.hep.ph.ic.ac.uk' (Linux_x86_64 version 5.14.0-503.15.1.el9_5.x86_64) on Wed Feb 26 01:35:12 GMT 2025
INFO: [HLS 200-10] On os "Rocky Linux 9.5 (Blue Onyx)"
INFO: [HLS 200-10] In directory '/home/hep/lr1424/hls4ml-tutorial_OPENML/model_3.1_4/hls4ml_prj'
WARNING: [HLS 200-2053] The vitis_hls executable is deprecated. Consider using vitis-run --mode hls --tcl
Sourcing Tcl script 'build_prj.tcl'
INFO: [HLS 200-1510] Running: open_project myproject_prj 
INFO: [HLS 200-10] Creating and opening project '/home/hep/lr1424/hls4ml-tutorial_OPENML/model_3.1_4/hls4ml_prj/myproject_prj'.
INFO: [HLS 200-1510] Running: set_top myproject 
INFO: [HLS 200-1510] Running: add_files firmware/myproject.cpp -cflags -std=c++0x 
INFO: [HLS 200-10] Adding design file 'firmware/myproject.cpp' to the project
INFO: [HLS 200-1510] Running: add_files -tb myproject_test.cpp -cflags -std=c++0x 
INFO: [HLS 200-10] Adding test bench file 'myproject_test.cpp' to the project
INFO: [HLS 200-1510] Running: add_files -tb firmware/weights 
INFO: [HLS 200-10] Adding test bench file 'firmware/weights' to the project
INFO: [HLS 200-1510] Running: add_files -tb tb_data 
INFO: [HLS 200-10] Adding test bench file 'tb_data' to the project
INFO: [HLS 200-1510] Running: open_solution solution1 
INFO: [HLS 200-10] Creating and opening solution '/home/hep/lr1424/hls4ml-tutorial_OPENML/model_3.1_4/hls4ml_prj/myproject_prj/solution1'.
INFO: [HLS 200-1505] Using default flow_target 'vivado'
Resolution: For help on HLS 200-1505 see docs.xilinx.com/access/sources/dita/topic?Doc_Version=2024.1%20English&url=ug1448-hls-guidance&resourceid=200-1505.html
INFO: [HLS 200-1510] Running: config_array_partition -maximum_size 4096 
ERROR: [HLS 200-101] config_array_partition: Unknown option '-maximum_size'.
ERROR: [HLS 200-101] config_array_partition: Unknown option '4096'.
SYNTAX 
  config_array_partition [OPTIONS]
    -auto_partition_threshold <uint:*4*> *** DEPRECATED***
    -auto_promotion_threshold <uint:*64*> *** DEPRECATED***
    -complete_threshold <uint:*4*> 
    -throughput_driven <off|auto|aggressive|*on*>

SEE ALSO
  INI: syn.array_partition.complete_threshold syn.array_partition.throughput_driven
  docs.xilinx.com/access/sources/dita/topic?Doc_Version=2024.1%20English&url=ug1399-vitis-hls&resourceid=vyw1583260160301.html

INFO: [HLS 200-1510] Running: config_compile -name_max_length 80 
INFO: [XFORM 203-1161] The maximum of name length is set to 80.
INFO: [HLS 200-1510] Running: set_part xcu50-fsvh2104-2-e 
INFO: [HLS 200-1611] Setting target device to 'xcu50-fsvh2104-2-e'
INFO: [XFORM 203-1161] The maximum of name length is set to 80.
INFO: [HLS 200-1510] Running: config_schedule -enable_dsp_full_reg=false 
INFO: [HLS 200-1510] Running: create_clock -period 5 -name default 
INFO: [SYN 201-201] Setting up clock 'default' with a period of 5ns.
INFO: [HLS 200-1510] Running: set_clock_uncertainty 27% default 
INFO: [SYN 201-201] Setting up clock 'default' with an uncertainty of 1.35ns.
***** C/RTL SYNTHESIS *****
INFO: [HLS 200-1510] Running: csynth_design 
INFO: [HLS 200-111] Finished File checks and directory preparation: CPU user time: 0.07 seconds. CPU system time: 0.01 seconds. Elapsed time: 0.1 seconds; current allocated memory: 314.383 MB.
INFO: [HLS 200-10] Analyzing design file 'firmware/myproject.cpp' ... 
WARNING: [HLS 207-5538] 'Resource pragma' is deprecated, use 'bind_op/bind_storage pragma' instead (firmware/nnet_utils/nnet_dense_resource.h:33:9)
WARNING: [HLS 207-5538] 'Resource pragma' is deprecated, use 'bind_op/bind_storage pragma' instead (firmware/nnet_utils/nnet_dense_resource.h:107:9)
WARNING: [HLS 207-5538] 'Resource pragma' is deprecated, use 'bind_op/bind_storage pragma' instead (firmware/nnet_utils/nnet_dense_resource.h:189:9)
WARNING: [HLS 207-5292] unused parameter 'keep' (firmware/nnet_utils/nnet_helpers.h:285:99)
WARNING: [HLS 207-5292] unused parameter 'data' (firmware/nnet_utils/nnet_function_stubs.h:14:36)
WARNING: [HLS 207-5292] unused parameter 'buffer' (firmware/nnet_utils/nnet_function_stubs.h:15:36)
WARNING: [HLS 207-5292] unused parameter 'partition' (firmware/nnet_utils/nnet_function_stubs.h:16:44)
WARNING: [HLS 207-5292] unused parameter 'data' (firmware/nnet_utils/nnet_function_stubs.h:24:24)
WARNING: [HLS 207-5292] unused parameter 'buffer' (firmware/nnet_utils/nnet_function_stubs.h:25:24)
WARNING: [HLS 207-5292] unused parameter 'partition' (firmware/nnet_utils/nnet_function_stubs.h:26:32)
WARNING: [HLS 207-5292] unused parameter 'data' (firmware/nnet_utils/nnet_function_stubs.h:33:30)
WARNING: [HLS 207-5292] unused parameter 'res' (firmware/nnet_utils/nnet_function_stubs.h:33:58)
WARNING: [HLS 207-5292] unused parameter 'weights' (firmware/nnet_utils/nnet_function_stubs.h:34:51)
WARNING: [HLS 207-5292] unused parameter 'biases' (firmware/nnet_utils/nnet_function_stubs.h:35:49)
WARNING: [HLS 207-5292] unused parameter 'data' (firmware/nnet_utils/nnet_function_stubs.h:42:29)
WARNING: [HLS 207-5292] unused parameter 'res' (firmware/nnet_utils/nnet_function_stubs.h:42:80)
WARNING: [HLS 207-5292] unused parameter 'weights' (firmware/nnet_utils/nnet_function_stubs.h:43:50)
WARNING: [HLS 207-5292] unused parameter 'biases' (firmware/nnet_utils/nnet_function_stubs.h:44:48)
WARNING: [HLS 207-5292] unused parameter 'data' (firmware/nnet_utils/nnet_code_gen.h:16:39)
WARNING: [HLS 207-5292] unused parameter 'res' (firmware/nnet_utils/nnet_code_gen.h:17:38)
WARNING: [HLS 207-5292] unused parameter 'weights' (firmware/nnet_utils/nnet_code_gen.h:18:60)
WARNING: [HLS 207-5292] unused parameter 'biases' (firmware/nnet_utils/nnet_code_gen.h:19:58)
INFO: [HLS 200-111] Finished Source Code Analysis and Preprocessing: CPU user time: 11.41 seconds. CPU system time: 0.87 seconds. Elapsed time: 12.78 seconds; current allocated memory: 320.449 MB.
INFO: [HLS 200-777] Using interface defaults for 'Vivado' flow target.
INFO: [HLS 200-1995] There were 15,033 instructions in the design after the 'Compile/Link' phase of compilation. See the Design Size Report for more details: /home/hep/lr1424/hls4ml-tutorial_OPENML/model_3.1_4/hls4ml_prj/myproject_prj/solution1/syn/report/csynth_design_size.rpt
WARNING: [HLS 200-1995] There were 230,985 instructions in the design after the 'Unroll/Inline' phase of compilation. See the Design Size Report for more details: /home/hep/lr1424/hls4ml-tutorial_OPENML/model_3.1_4/hls4ml_prj/myproject_prj/solution1/syn/report/csynth_design_size.rpt
INFO: [HLS 200-1995] There were 67,130 instructions in the design after the 'Unroll/Inline (step 2)' phase of compilation. See the Design Size Report for more details: /home/hep/lr1424/hls4ml-tutorial_OPENML/model_3.1_4/hls4ml_prj/myproject_prj/solution1/syn/report/csynth_design_size.rpt
INFO: [HLS 200-1995] There were 66,246 instructions in the design after the 'Unroll/Inline (step 3)' phase of compilation. See the Design Size Report for more details: /home/hep/lr1424/hls4ml-tutorial_OPENML/model_3.1_4/hls4ml_prj/myproject_prj/solution1/syn/report/csynth_design_size.rpt
INFO: [HLS 200-1995] There were 65,839 instructions in the design after the 'Unroll/Inline (step 4)' phase of compilation. See the Design Size Report for more details: /home/hep/lr1424/hls4ml-tutorial_OPENML/model_3.1_4/hls4ml_prj/myproject_prj/solution1/syn/report/csynth_design_size.rpt
INFO: [HLS 200-1995] There were 24,709 instructions in the design after the 'Array/Struct (step 1)' phase of compilation. See the Design Size Report for more details: /home/hep/lr1424/hls4ml-tutorial_OPENML/model_3.1_4/hls4ml_prj/myproject_prj/solution1/syn/report/csynth_design_size.rpt
INFO: [HLS 200-1995] There were 4,268 instructions in the design after the 'Array/Struct (step 2)' phase of compilation. See the Design Size Report for more details: /home/hep/lr1424/hls4ml-tutorial_OPENML/model_3.1_4/hls4ml_prj/myproject_prj/solution1/syn/report/csynth_design_size.rpt
INFO: [HLS 200-1995] There were 4,268 instructions in the design after the 'Array/Struct (step 3)' phase of compilation. See the Design Size Report for more details: /home/hep/lr1424/hls4ml-tutorial_OPENML/model_3.1_4/hls4ml_prj/myproject_prj/solution1/syn/report/csynth_design_size.rpt
INFO: [HLS 200-1995] There were 4,138 instructions in the design after the 'Array/Struct (step 4)' phase of compilation. See the Design Size Report for more details: /home/hep/lr1424/hls4ml-tutorial_OPENML/model_3.1_4/hls4ml_prj/myproject_prj/solution1/syn/report/csynth_design_size.rpt
INFO: [HLS 200-1995] There were 3,977 instructions in the design after the 'Array/Struct (step 5)' phase of compilation. See the Design Size Report for more details: /home/hep/lr1424/hls4ml-tutorial_OPENML/model_3.1_4/hls4ml_prj/myproject_prj/solution1/syn/report/csynth_design_size.rpt
INFO: [HLS 200-1995] There were 3,451 instructions in the design after the 'Performance (step 1)' phase of compilation. See the Design Size Report for more details: /home/hep/lr1424/hls4ml-tutorial_OPENML/model_3.1_4/hls4ml_prj/myproject_prj/solution1/syn/report/csynth_design_size.rpt
INFO: [HLS 200-1995] There were 2,984 instructions in the design after the 'Performance (step 2)' phase of compilation. See the Design Size Report for more details: /home/hep/lr1424/hls4ml-tutorial_OPENML/model_3.1_4/hls4ml_prj/myproject_prj/solution1/syn/report/csynth_design_size.rpt
INFO: [HLS 200-1995] There were 2,790 instructions in the design after the 'Performance (step 3)' phase of compilation. See the Design Size Report for more details: /home/hep/lr1424/hls4ml-tutorial_OPENML/model_3.1_4/hls4ml_prj/myproject_prj/solution1/syn/report/csynth_design_size.rpt
INFO: [HLS 200-1995] There were 2,790 instructions in the design after the 'Performance (step 4)' phase of compilation. See the Design Size Report for more details: /home/hep/lr1424/hls4ml-tutorial_OPENML/model_3.1_4/hls4ml_prj/myproject_prj/solution1/syn/report/csynth_design_size.rpt
INFO: [HLS 200-1995] There were 2,796 instructions in the design after the 'HW Transforms (step 1)' phase of compilation. See the Design Size Report for more details: /home/hep/lr1424/hls4ml-tutorial_OPENML/model_3.1_4/hls4ml_prj/myproject_prj/solution1/syn/report/csynth_design_size.rpt
INFO: [HLS 200-1995] There were 2,805 instructions in the design after the 'HW Transforms (step 2)' phase of compilation. See the Design Size Report for more details: /home/hep/lr1424/hls4ml-tutorial_OPENML/model_3.1_4/hls4ml_prj/myproject_prj/solution1/syn/report/csynth_design_size.rpt
INFO: [HLS 214-131] Inlining function 'nnet::product::mult<ap_fixed<12, 5, (ap_q_mode)5, (ap_o_mode)3, 0>, ap_fixed<9, 5, (ap_q_mode)5, (ap_o_mode)3, 0> >::product(ap_fixed<12, 5, (ap_q_mode)5, (ap_o_mode)3, 0>, ap_fixed<9, 5, (ap_q_mode)5, (ap_o_mode)3, 0>)' into 'void nnet::dense_latency<ap_fixed<12, 5, (ap_q_mode)5, (ap_o_mode)3, 0>, ap_fixed<11, 8, (ap_q_mode)5, (ap_o_mode)3, 0>, config3>(ap_fixed<12, 5, (ap_q_mode)5, (ap_o_mode)3, 0>*, ap_fixed<11, 8, (ap_q_mode)5, (ap_o_mode)3, 0>*, config3::weight_t*, config3::bias_t*)' (firmware/nnet_utils/nnet_dense_latency.h:42:27)
INFO: [HLS 214-131] Inlining function 'nnet::DenseLatency<ap_fixed<12, 5, (ap_q_mode)5, (ap_o_mode)3, 0>, ap_fixed<11, 8, (ap_q_mode)5, (ap_o_mode)3, 0>, config3>::dense(ap_fixed<12, 5, (ap_q_mode)5, (ap_o_mode)3, 0>*, ap_fixed<11, 8, (ap_q_mode)5, (ap_o_mode)3, 0>*, ap_fixed<9, 5, (ap_q_mode)5, (ap_o_mode)3, 0>*, ap_fixed<19, 8, (ap_q_mode)5, (ap_o_mode)3, 0>*)' into 'void nnet::dense<ap_fixed<12, 5, (ap_q_mode)5, (ap_o_mode)3, 0>, ap_fixed<11, 8, (ap_q_mode)5, (ap_o_mode)3, 0>, config3>(ap_fixed<12, 5, (ap_q_mode)5, (ap_o_mode)3, 0>*, ap_fixed<11, 8, (ap_q_mode)5, (ap_o_mode)3, 0>*, config3::weight_t*, config3::bias_t*)' (firmware/nnet_utils/nnet_dense.h:45:2)
INFO: [HLS 214-131] Inlining function 'nnet::product::mult<ap_ufixed<10, 7, (ap_q_mode)5, (ap_o_mode)3, 0>, ap_fixed<7, 3, (ap_q_mode)5, (ap_o_mode)3, 0> >::product(ap_ufixed<10, 7, (ap_q_mode)5, (ap_o_mode)3, 0>, ap_fixed<7, 3, (ap_q_mode)5, (ap_o_mode)3, 0>)' into 'void nnet::dense_latency<ap_ufixed<10, 7, (ap_q_mode)5, (ap_o_mode)3, 0>, ap_fixed<11, 9, (ap_q_mode)5, (ap_o_mode)3, 0>, config8>(ap_ufixed<10, 7, (ap_q_mode)5, (ap_o_mode)3, 0>*, ap_fixed<11, 9, (ap_q_mode)5, (ap_o_mode)3, 0>*, config8::weight_t*, config8::bias_t*)' (firmware/nnet_utils/nnet_dense_latency.h:42:27)
INFO: [HLS 214-131] Inlining function 'nnet::DenseLatency<ap_ufixed<10, 7, (ap_q_mode)5, (ap_o_mode)3, 0>, ap_fixed<11, 9, (ap_q_mode)5, (ap_o_mode)3, 0>, config8>::dense(ap_ufixed<10, 7, (ap_q_mode)5, (ap_o_mode)3, 0>*, ap_fixed<11, 9, (ap_q_mode)5, (ap_o_mode)3, 0>*, ap_fixed<7, 3, (ap_q_mode)5, (ap_o_mode)3, 0>*, ap_fixed<16, 9, (ap_q_mode)5, (ap_o_mode)3, 0>*)' into 'void nnet::dense<ap_ufixed<10, 7, (ap_q_mode)5, (ap_o_mode)3, 0>, ap_fixed<11, 9, (ap_q_mode)5, (ap_o_mode)3, 0>, config8>(ap_ufixed<10, 7, (ap_q_mode)5, (ap_o_mode)3, 0>*, ap_fixed<11, 9, (ap_q_mode)5, (ap_o_mode)3, 0>*, config8::weight_t*, config8::bias_t*)' (firmware/nnet_utils/nnet_dense.h:45:2)
INFO: [HLS 214-131] Inlining function 'nnet::product::mult<ap_ufixed<9, 7, (ap_q_mode)5, (ap_o_mode)3, 0>, ap_fixed<7, 3, (ap_q_mode)5, (ap_o_mode)3, 0> >::product(ap_ufixed<9, 7, (ap_q_mode)5, (ap_o_mode)3, 0>, ap_fixed<7, 3, (ap_q_mode)5, (ap_o_mode)3, 0>)' into 'void nnet::dense_latency<ap_ufixed<9, 7, (ap_q_mode)5, (ap_o_mode)3, 0>, ap_fixed<12, 10, (ap_q_mode)5, (ap_o_mode)3, 0>, config13>(ap_ufixed<9, 7, (ap_q_mode)5, (ap_o_mode)3, 0>*, ap_fixed<12, 10, (ap_q_mode)5, (ap_o_mode)3, 0>*, config13::weight_t*, config13::bias_t*)' (firmware/nnet_utils/nnet_dense_latency.h:42:27)
INFO: [HLS 214-131] Inlining function 'nnet::DenseLatency<ap_ufixed<9, 7, (ap_q_mode)5, (ap_o_mode)3, 0>, ap_fixed<12, 10, (ap_q_mode)5, (ap_o_mode)3, 0>, config13>::dense(ap_ufixed<9, 7, (ap_q_mode)5, (ap_o_mode)3, 0>*, ap_fixed<12, 10, (ap_q_mode)5, (ap_o_mode)3, 0>*, ap_fixed<7, 3, (ap_q_mode)5, (ap_o_mode)3, 0>*, ap_fixed<16, 10, (ap_q_mode)5, (ap_o_mode)3, 0>*)' into 'void nnet::dense<ap_ufixed<9, 7, (ap_q_mode)5, (ap_o_mode)3, 0>, ap_fixed<12, 10, (ap_q_mode)5, (ap_o_mode)3, 0>, config13>(ap_ufixed<9, 7, (ap_q_mode)5, (ap_o_mode)3, 0>*, ap_fixed<12, 10, (ap_q_mode)5, (ap_o_mode)3, 0>*, config13::weight_t*, config13::bias_t*)' (firmware/nnet_utils/nnet_dense.h:45:2)
INFO: [HLS 214-131] Inlining function 'nnet::product::mult<ap_ufixed<8, 6, (ap_q_mode)5, (ap_o_mode)3, 0>, ap_fixed<7, 2, (ap_q_mode)5, (ap_o_mode)3, 0> >::product(ap_ufixed<8, 6, (ap_q_mode)5, (ap_o_mode)3, 0>, ap_fixed<7, 2, (ap_q_mode)5, (ap_o_mode)3, 0>)' into 'void nnet::dense_latency<ap_ufixed<8, 6, (ap_q_mode)5, (ap_o_mode)3, 0>, ap_fixed<12, 6, (ap_q_mode)5, (ap_o_mode)3, 0>, config18>(ap_ufixed<8, 6, (ap_q_mode)5, (ap_o_mode)3, 0>*, ap_fixed<12, 6, (ap_q_mode)5, (ap_o_mode)3, 0>*, config18::weight_t*, config18::bias_t*)' (firmware/nnet_utils/nnet_dense_latency.h:42:27)
INFO: [HLS 214-131] Inlining function 'nnet::DenseLatency<ap_ufixed<8, 6, (ap_q_mode)5, (ap_o_mode)3, 0>, ap_fixed<12, 6, (ap_q_mode)5, (ap_o_mode)3, 0>, config18>::dense(ap_ufixed<8, 6, (ap_q_mode)5, (ap_o_mode)3, 0>*, ap_fixed<12, 6, (ap_q_mode)5, (ap_o_mode)3, 0>*, ap_fixed<7, 2, (ap_q_mode)5, (ap_o_mode)3, 0>*, ap_fixed<13, 6, (ap_q_mode)5, (ap_o_mode)3, 0>*)' into 'void nnet::dense<ap_ufixed<8, 6, (ap_q_mode)5, (ap_o_mode)3, 0>, ap_fixed<12, 6, (ap_q_mode)5, (ap_o_mode)3, 0>, config18>(ap_ufixed<8, 6, (ap_q_mode)5, (ap_o_mode)3, 0>*, ap_fixed<12, 6, (ap_q_mode)5, (ap_o_mode)3, 0>*, config18::weight_t*, config18::bias_t*)' (firmware/nnet_utils/nnet_dense.h:45:2)
INFO: [HLS 214-131] Inlining function 'void nnet::h_quantize_8<ap_fixed<13, 5, (ap_q_mode)5, (ap_o_mode)3, 0>, ap_fixed<12, 5, (ap_q_mode)5, (ap_o_mode)3, 0> >(ap_fixed<13, 5, (ap_q_mode)5, (ap_o_mode)3, 0>*, ap_fixed<12, 5, (ap_q_mode)5, (ap_o_mode)3, 0>*)' into 'myproject(ap_fixed<13, 5, (ap_q_mode)5, (ap_o_mode)3, 0>*, ap_fixed<12, 6, (ap_q_mode)5, (ap_o_mode)3, 0>*)' (firmware/myproject.cpp:40:2)
INFO: [HLS 214-131] Inlining function 'void nnet::h_dense_35_quantizer<ap_fixed<12, 6, (ap_q_mode)5, (ap_o_mode)3, 0>, ap_fixed<12, 6, (ap_q_mode)5, (ap_o_mode)3, 0> >(ap_fixed<12, 6, (ap_q_mode)5, (ap_o_mode)3, 0>*, ap_fixed<12, 6, (ap_q_mode)5, (ap_o_mode)3, 0>*)' into 'myproject(ap_fixed<13, 5, (ap_q_mode)5, (ap_o_mode)3, 0>*, ap_fixed<12, 6, (ap_q_mode)5, (ap_o_mode)3, 0>*)' (firmware/myproject.cpp:82:5)
INFO: [HLS 214-131] Inlining function 'void nnet::dense<ap_ufixed<8, 6, (ap_q_mode)5, (ap_o_mode)3, 0>, ap_fixed<12, 6, (ap_q_mode)5, (ap_o_mode)3, 0>, config18>(ap_ufixed<8, 6, (ap_q_mode)5, (ap_o_mode)3, 0>*, ap_fixed<12, 6, (ap_q_mode)5, (ap_o_mode)3, 0>*, config18::weight_t*, config18::bias_t*)' into 'myproject(ap_fixed<13, 5, (ap_q_mode)5, (ap_o_mode)3, 0>*, ap_fixed<12, 6, (ap_q_mode)5, (ap_o_mode)3, 0>*)' (firmware/myproject.cpp:80:2)
INFO: [HLS 214-131] Inlining function 'void nnet::dense<ap_fixed<12, 5, (ap_q_mode)5, (ap_o_mode)3, 0>, ap_fixed<11, 8, (ap_q_mode)5, (ap_o_mode)3, 0>, config3>(ap_fixed<12, 5, (ap_q_mode)5, (ap_o_mode)3, 0>*, ap_fixed<11, 8, (ap_q_mode)5, (ap_o_mode)3, 0>*, config3::weight_t*, config3::bias_t*)' into 'myproject(ap_fixed<13, 5, (ap_q_mode)5, (ap_o_mode)3, 0>*, ap_fixed<12, 6, (ap_q_mode)5, (ap_o_mode)3, 0>*)' (firmware/myproject.cpp:44:2)
INFO: [HLS 214-131] Inlining function 'void nnet::h_dense_32_relu_quantizer<ap_ufixed<10, 7, (ap_q_mode)5, (ap_o_mode)3, 0>, ap_ufixed<10, 7, (ap_q_mode)5, (ap_o_mode)3, 0> >(ap_ufixed<10, 7, (ap_q_mode)5, (ap_o_mode)3, 0>*, ap_ufixed<10, 7, (ap_q_mode)5, (ap_o_mode)3, 0>*)' into 'myproject(ap_fixed<13, 5, (ap_q_mode)5, (ap_o_mode)3, 0>*, ap_fixed<12, 6, (ap_q_mode)5, (ap_o_mode)3, 0>*)' (firmware/myproject.cpp:52:2)
INFO: [HLS 214-131] Inlining function 'void nnet::h_dense_34_relu_quantizer<ap_ufixed<8, 6, (ap_q_mode)5, (ap_o_mode)3, 0>, ap_ufixed<8, 6, (ap_q_mode)5, (ap_o_mode)3, 0> >(ap_ufixed<8, 6, (ap_q_mode)5, (ap_o_mode)3, 0>*, ap_ufixed<8, 6, (ap_q_mode)5, (ap_o_mode)3, 0>*)' into 'myproject(ap_fixed<13, 5, (ap_q_mode)5, (ap_o_mode)3, 0>*, ap_fixed<12, 6, (ap_q_mode)5, (ap_o_mode)3, 0>*)' (firmware/myproject.cpp:76:2)
INFO: [HLS 214-131] Inlining function 'void nnet::dense<ap_ufixed<10, 7, (ap_q_mode)5, (ap_o_mode)3, 0>, ap_fixed<11, 9, (ap_q_mode)5, (ap_o_mode)3, 0>, config8>(ap_ufixed<10, 7, (ap_q_mode)5, (ap_o_mode)3, 0>*, ap_fixed<11, 9, (ap_q_mode)5, (ap_o_mode)3, 0>*, config8::weight_t*, config8::bias_t*)' into 'myproject(ap_fixed<13, 5, (ap_q_mode)5, (ap_o_mode)3, 0>*, ap_fixed<12, 6, (ap_q_mode)5, (ap_o_mode)3, 0>*)' (firmware/myproject.cpp:56:2)
INFO: [HLS 214-131] Inlining function 'void nnet::h_dense_33_relu_quantizer<ap_ufixed<9, 7, (ap_q_mode)5, (ap_o_mode)3, 0>, ap_ufixed<9, 7, (ap_q_mode)5, (ap_o_mode)3, 0> >(ap_ufixed<9, 7, (ap_q_mode)5, (ap_o_mode)3, 0>*, ap_ufixed<9, 7, (ap_q_mode)5, (ap_o_mode)3, 0>*)' into 'myproject(ap_fixed<13, 5, (ap_q_mode)5, (ap_o_mode)3, 0>*, ap_fixed<12, 6, (ap_q_mode)5, (ap_o_mode)3, 0>*)' (firmware/myproject.cpp:64:2)
INFO: [HLS 214-131] Inlining function 'void nnet::dense<ap_ufixed<9, 7, (ap_q_mode)5, (ap_o_mode)3, 0>, ap_fixed<12, 10, (ap_q_mode)5, (ap_o_mode)3, 0>, config13>(ap_ufixed<9, 7, (ap_q_mode)5, (ap_o_mode)3, 0>*, ap_fixed<12, 10, (ap_q_mode)5, (ap_o_mode)3, 0>*, config13::weight_t*, config13::bias_t*)' into 'myproject(ap_fixed<13, 5, (ap_q_mode)5, (ap_o_mode)3, 0>*, ap_fixed<12, 6, (ap_q_mode)5, (ap_o_mode)3, 0>*)' (firmware/myproject.cpp:68:2)
INFO: [HLS 214-291] Loop 'Result' is marked as complete unroll implied by the pipeline pragma (firmware/nnet_utils/nnet_dense_latency.h:64:5)
INFO: [HLS 214-291] Loop 'Accum1' is marked as complete unroll implied by the pipeline pragma (firmware/nnet_utils/nnet_dense_latency.h:54:5)
INFO: [HLS 214-291] Loop 'Accum2' is marked as complete unroll implied by the pipeline pragma (firmware/nnet_utils/nnet_dense_latency.h:56:9)
INFO: [HLS 214-291] Loop 'ResetAccum' is marked as complete unroll implied by the pipeline pragma (firmware/nnet_utils/nnet_dense_latency.h:48:5)
INFO: [HLS 214-291] Loop 'Product1' is marked as complete unroll implied by the pipeline pragma (firmware/nnet_utils/nnet_dense_latency.h:37:5)
INFO: [HLS 214-291] Loop 'Product2' is marked as complete unroll implied by the pipeline pragma (firmware/nnet_utils/nnet_dense_latency.h:40:9)
INFO: [HLS 214-291] Loop 'VITIS_LOOP_43_1' is marked as complete unroll implied by the pipeline pragma (firmware/nnet_utils/nnet_activation.h:43:22)
INFO: [HLS 214-186] Unrolling loop 'Result' (firmware/nnet_utils/nnet_dense_latency.h:64:5) in function 'nnet::dense_latency<ap_ufixed<8, 6, (ap_q_mode)5, (ap_o_mode)3, 0>, ap_fixed<12, 6, (ap_q_mode)5, (ap_o_mode)3, 0>, config18>' completely with a factor of 5 (firmware/nnet_utils/nnet_dense_latency.h:15:0)
INFO: [HLS 214-186] Unrolling loop 'Accum1' (firmware/nnet_utils/nnet_dense_latency.h:54:5) in function 'nnet::dense_latency<ap_ufixed<8, 6, (ap_q_mode)5, (ap_o_mode)3, 0>, ap_fixed<12, 6, (ap_q_mode)5, (ap_o_mode)3, 0>, config18>' completely with a factor of 32 (firmware/nnet_utils/nnet_dense_latency.h:15:0)
INFO: [HLS 214-186] Unrolling loop 'Accum2' (firmware/nnet_utils/nnet_dense_latency.h:56:9) in function 'nnet::dense_latency<ap_ufixed<8, 6, (ap_q_mode)5, (ap_o_mode)3, 0>, ap_fixed<12, 6, (ap_q_mode)5, (ap_o_mode)3, 0>, config18>' completely with a factor of 5 (firmware/nnet_utils/nnet_dense_latency.h:15:0)
INFO: [HLS 214-186] Unrolling loop 'ResetAccum' (firmware/nnet_utils/nnet_dense_latency.h:48:5) in function 'nnet::dense_latency<ap_ufixed<8, 6, (ap_q_mode)5, (ap_o_mode)3, 0>, ap_fixed<12, 6, (ap_q_mode)5, (ap_o_mode)3, 0>, config18>' completely with a factor of 5 (firmware/nnet_utils/nnet_dense_latency.h:15:0)
INFO: [HLS 214-186] Unrolling loop 'Product1' (firmware/nnet_utils/nnet_dense_latency.h:37:5) in function 'nnet::dense_latency<ap_ufixed<8, 6, (ap_q_mode)5, (ap_o_mode)3, 0>, ap_fixed<12, 6, (ap_q_mode)5, (ap_o_mode)3, 0>, config18>' completely with a factor of 32 (firmware/nnet_utils/nnet_dense_latency.h:15:0)
INFO: [HLS 214-186] Unrolling loop 'Product2' (firmware/nnet_utils/nnet_dense_latency.h:40:9) in function 'nnet::dense_latency<ap_ufixed<8, 6, (ap_q_mode)5, (ap_o_mode)3, 0>, ap_fixed<12, 6, (ap_q_mode)5, (ap_o_mode)3, 0>, config18>' completely with a factor of 5 (firmware/nnet_utils/nnet_dense_latency.h:15:0)
INFO: [HLS 214-186] Unrolling loop 'VITIS_LOOP_43_1' (firmware/nnet_utils/nnet_activation.h:43:22) in function 'nnet::relu<ap_fixed<12, 10, (ap_q_mode)5, (ap_o_mode)3, 0>, ap_ufixed<8, 6, (ap_q_mode)5, (ap_o_mode)3, 0>, ReLU_config16>' completely with a factor of 32 (firmware/nnet_utils/nnet_activation.h:39:0)
INFO: [HLS 214-186] Unrolling loop 'Result' (firmware/nnet_utils/nnet_dense_latency.h:64:5) in function 'nnet::dense_latency<ap_ufixed<9, 7, (ap_q_mode)5, (ap_o_mode)3, 0>, ap_fixed<12, 10, (ap_q_mode)5, (ap_o_mode)3, 0>, config13>' completely with a factor of 32 (firmware/nnet_utils/nnet_dense_latency.h:15:0)
INFO: [HLS 214-186] Unrolling loop 'Accum1' (firmware/nnet_utils/nnet_dense_latency.h:54:5) in function 'nnet::dense_latency<ap_ufixed<9, 7, (ap_q_mode)5, (ap_o_mode)3, 0>, ap_fixed<12, 10, (ap_q_mode)5, (ap_o_mode)3, 0>, config13>' completely with a factor of 32 (firmware/nnet_utils/nnet_dense_latency.h:15:0)
INFO: [HLS 214-186] Unrolling loop 'Accum2' (firmware/nnet_utils/nnet_dense_latency.h:56:9) in function 'nnet::dense_latency<ap_ufixed<9, 7, (ap_q_mode)5, (ap_o_mode)3, 0>, ap_fixed<12, 10, (ap_q_mode)5, (ap_o_mode)3, 0>, config13>' completely with a factor of 32 (firmware/nnet_utils/nnet_dense_latency.h:15:0)
INFO: [HLS 214-186] Unrolling loop 'ResetAccum' (firmware/nnet_utils/nnet_dense_latency.h:48:5) in function 'nnet::dense_latency<ap_ufixed<9, 7, (ap_q_mode)5, (ap_o_mode)3, 0>, ap_fixed<12, 10, (ap_q_mode)5, (ap_o_mode)3, 0>, config13>' completely with a factor of 32 (firmware/nnet_utils/nnet_dense_latency.h:15:0)
INFO: [HLS 214-186] Unrolling loop 'Product1' (firmware/nnet_utils/nnet_dense_latency.h:37:5) in function 'nnet::dense_latency<ap_ufixed<9, 7, (ap_q_mode)5, (ap_o_mode)3, 0>, ap_fixed<12, 10, (ap_q_mode)5, (ap_o_mode)3, 0>, config13>' completely with a factor of 32 (firmware/nnet_utils/nnet_dense_latency.h:15:0)
INFO: [HLS 214-186] Unrolling loop 'Product2' (firmware/nnet_utils/nnet_dense_latency.h:40:9) in function 'nnet::dense_latency<ap_ufixed<9, 7, (ap_q_mode)5, (ap_o_mode)3, 0>, ap_fixed<12, 10, (ap_q_mode)5, (ap_o_mode)3, 0>, config13>' completely with a factor of 32 (firmware/nnet_utils/nnet_dense_latency.h:15:0)
INFO: [HLS 214-186] Unrolling loop 'VITIS_LOOP_43_1' (firmware/nnet_utils/nnet_activation.h:43:22) in function 'nnet::relu<ap_fixed<11, 9, (ap_q_mode)5, (ap_o_mode)3, 0>, ap_ufixed<9, 7, (ap_q_mode)5, (ap_o_mode)3, 0>, ReLU_config11>' completely with a factor of 32 (firmware/nnet_utils/nnet_activation.h:39:0)
INFO: [HLS 214-186] Unrolling loop 'Result' (firmware/nnet_utils/nnet_dense_latency.h:64:5) in function 'nnet::dense_latency<ap_ufixed<10, 7, (ap_q_mode)5, (ap_o_mode)3, 0>, ap_fixed<11, 9, (ap_q_mode)5, (ap_o_mode)3, 0>, config8>' completely with a factor of 32 (firmware/nnet_utils/nnet_dense_latency.h:15:0)
INFO: [HLS 214-186] Unrolling loop 'Accum1' (firmware/nnet_utils/nnet_dense_latency.h:54:5) in function 'nnet::dense_latency<ap_ufixed<10, 7, (ap_q_mode)5, (ap_o_mode)3, 0>, ap_fixed<11, 9, (ap_q_mode)5, (ap_o_mode)3, 0>, config8>' completely with a factor of 64 (firmware/nnet_utils/nnet_dense_latency.h:15:0)
INFO: [HLS 214-186] Unrolling loop 'Accum2' (firmware/nnet_utils/nnet_dense_latency.h:56:9) in function 'nnet::dense_latency<ap_ufixed<10, 7, (ap_q_mode)5, (ap_o_mode)3, 0>, ap_fixed<11, 9, (ap_q_mode)5, (ap_o_mode)3, 0>, config8>' completely with a factor of 32 (firmware/nnet_utils/nnet_dense_latency.h:15:0)
INFO: [HLS 214-186] Unrolling loop 'ResetAccum' (firmware/nnet_utils/nnet_dense_latency.h:48:5) in function 'nnet::dense_latency<ap_ufixed<10, 7, (ap_q_mode)5, (ap_o_mode)3, 0>, ap_fixed<11, 9, (ap_q_mode)5, (ap_o_mode)3, 0>, config8>' completely with a factor of 32 (firmware/nnet_utils/nnet_dense_latency.h:15:0)
INFO: [HLS 214-186] Unrolling loop 'Product1' (firmware/nnet_utils/nnet_dense_latency.h:37:5) in function 'nnet::dense_latency<ap_ufixed<10, 7, (ap_q_mode)5, (ap_o_mode)3, 0>, ap_fixed<11, 9, (ap_q_mode)5, (ap_o_mode)3, 0>, config8>' completely with a factor of 64 (firmware/nnet_utils/nnet_dense_latency.h:15:0)
INFO: [HLS 214-186] Unrolling loop 'Product2' (firmware/nnet_utils/nnet_dense_latency.h:40:9) in function 'nnet::dense_latency<ap_ufixed<10, 7, (ap_q_mode)5, (ap_o_mode)3, 0>, ap_fixed<11, 9, (ap_q_mode)5, (ap_o_mode)3, 0>, config8>' completely with a factor of 32 (firmware/nnet_utils/nnet_dense_latency.h:15:0)
INFO: [HLS 214-186] Unrolling loop 'VITIS_LOOP_43_1' (firmware/nnet_utils/nnet_activation.h:43:22) in function 'nnet::relu<ap_fixed<11, 8, (ap_q_mode)5, (ap_o_mode)3, 0>, ap_ufixed<10, 7, (ap_q_mode)5, (ap_o_mode)3, 0>, ReLU_config6>' completely with a factor of 64 (firmware/nnet_utils/nnet_activation.h:39:0)
INFO: [HLS 214-186] Unrolling loop 'Result' (firmware/nnet_utils/nnet_dense_latency.h:64:5) in function 'nnet::dense_latency<ap_fixed<12, 5, (ap_q_mode)5, (ap_o_mode)3, 0>, ap_fixed<11, 8, (ap_q_mode)5, (ap_o_mode)3, 0>, config3>' completely with a factor of 64 (firmware/nnet_utils/nnet_dense_latency.h:15:0)
INFO: [HLS 214-186] Unrolling loop 'Accum1' (firmware/nnet_utils/nnet_dense_latency.h:54:5) in function 'nnet::dense_latency<ap_fixed<12, 5, (ap_q_mode)5, (ap_o_mode)3, 0>, ap_fixed<11, 8, (ap_q_mode)5, (ap_o_mode)3, 0>, config3>' completely with a factor of 16 (firmware/nnet_utils/nnet_dense_latency.h:15:0)
INFO: [HLS 214-186] Unrolling loop 'Accum2' (firmware/nnet_utils/nnet_dense_latency.h:56:9) in function 'nnet::dense_latency<ap_fixed<12, 5, (ap_q_mode)5, (ap_o_mode)3, 0>, ap_fixed<11, 8, (ap_q_mode)5, (ap_o_mode)3, 0>, config3>' completely with a factor of 64 (firmware/nnet_utils/nnet_dense_latency.h:15:0)
INFO: [HLS 214-186] Unrolling loop 'ResetAccum' (firmware/nnet_utils/nnet_dense_latency.h:48:5) in function 'nnet::dense_latency<ap_fixed<12, 5, (ap_q_mode)5, (ap_o_mode)3, 0>, ap_fixed<11, 8, (ap_q_mode)5, (ap_o_mode)3, 0>, config3>' completely with a factor of 64 (firmware/nnet_utils/nnet_dense_latency.h:15:0)
INFO: [HLS 214-186] Unrolling loop 'Product1' (firmware/nnet_utils/nnet_dense_latency.h:37:5) in function 'nnet::dense_latency<ap_fixed<12, 5, (ap_q_mode)5, (ap_o_mode)3, 0>, ap_fixed<11, 8, (ap_q_mode)5, (ap_o_mode)3, 0>, config3>' completely with a factor of 16 (firmware/nnet_utils/nnet_dense_latency.h:15:0)
INFO: [HLS 214-186] Unrolling loop 'Product2' (firmware/nnet_utils/nnet_dense_latency.h:40:9) in function 'nnet::dense_latency<ap_fixed<12, 5, (ap_q_mode)5, (ap_o_mode)3, 0>, ap_fixed<11, 8, (ap_q_mode)5, (ap_o_mode)3, 0>, config3>' completely with a factor of 64 (firmware/nnet_utils/nnet_dense_latency.h:15:0)
INFO: [HLS 214-178] Inlining function 'std::enable_if<!(std::is_same<ap_ufixed<10, 7, (ap_q_mode)5, (ap_o_mode)3, 0>, ap_uint<1> >::value), ap_fixed<11, 9, (ap_q_mode)5, (ap_o_mode)3, 0> >::type nnet::cast<ap_ufixed<10, 7, (ap_q_mode)5, (ap_o_mode)3, 0>, ap_fixed<11, 9, (ap_q_mode)5, (ap_o_mode)3, 0>, config8>(config8::accum_t)' into 'void nnet::dense_latency<ap_ufixed<10, 7, (ap_q_mode)5, (ap_o_mode)3, 0>, ap_fixed<11, 9, (ap_q_mode)5, (ap_o_mode)3, 0>, config8>(ap_ufixed<10, 7, (ap_q_mode)5, (ap_o_mode)3, 0>*, ap_fixed<11, 9, (ap_q_mode)5, (ap_o_mode)3, 0>*, config8::weight_t*, config8::bias_t*)' (firmware/nnet_utils/nnet_dense_latency.h:15:0)
INFO: [HLS 214-178] Inlining function 'std::enable_if<!(std::is_same<ap_ufixed<9, 7, (ap_q_mode)5, (ap_o_mode)3, 0>, ap_uint<1> >::value), ap_fixed<12, 10, (ap_q_mode)5, (ap_o_mode)3, 0> >::type nnet::cast<ap_ufixed<9, 7, (ap_q_mode)5, (ap_o_mode)3, 0>, ap_fixed<12, 10, (ap_q_mode)5, (ap_o_mode)3, 0>, config13>(config13::accum_t)' into 'void nnet::dense_latency<ap_ufixed<9, 7, (ap_q_mode)5, (ap_o_mode)3, 0>, ap_fixed<12, 10, (ap_q_mode)5, (ap_o_mode)3, 0>, config13>(ap_ufixed<9, 7, (ap_q_mode)5, (ap_o_mode)3, 0>*, ap_fixed<12, 10, (ap_q_mode)5, (ap_o_mode)3, 0>*, config13::weight_t*, config13::bias_t*)' (firmware/nnet_utils/nnet_dense_latency.h:15:0)
INFO: [HLS 214-178] Inlining function 'std::enable_if<!(std::is_same<ap_ufixed<8, 6, (ap_q_mode)5, (ap_o_mode)3, 0>, ap_uint<1> >::value), ap_fixed<12, 6, (ap_q_mode)5, (ap_o_mode)3, 0> >::type nnet::cast<ap_ufixed<8, 6, (ap_q_mode)5, (ap_o_mode)3, 0>, ap_fixed<12, 6, (ap_q_mode)5, (ap_o_mode)3, 0>, config18>(config18::accum_t)' into 'void nnet::dense_latency<ap_ufixed<8, 6, (ap_q_mode)5, (ap_o_mode)3, 0>, ap_fixed<12, 6, (ap_q_mode)5, (ap_o_mode)3, 0>, config18>(ap_ufixed<8, 6, (ap_q_mode)5, (ap_o_mode)3, 0>*, ap_fixed<12, 6, (ap_q_mode)5, (ap_o_mode)3, 0>*, config18::weight_t*, config18::bias_t*)' (firmware/nnet_utils/nnet_dense_latency.h:15:0)
INFO: [HLS 214-248] Applying array_partition to 'b18': Complete partitioning on dimension 1. (firmware/weights/b18.h:12:0)
INFO: [HLS 214-248] Applying array_partition to 'b13': Complete partitioning on dimension 1. (firmware/weights/b13.h:12:0)
INFO: [HLS 214-248] Applying array_partition to 'b8': Complete partitioning on dimension 1. (firmware/weights/b8.h:12:0)
INFO: [HLS 214-248] Applying array_partition to 'b3': Complete partitioning on dimension 1. (firmware/weights/b3.h:12:0)
INFO: [HLS 214-248] Applying array_partition to 'mult': Complete partitioning on dimension 1. (firmware/nnet_utils/nnet_dense_latency.h:17:32)
INFO: [HLS 214-248] Applying array_partition to 'layer2_out': Complete partitioning on dimension 1. (firmware/myproject.cpp:38:17)
INFO: [HLS 214-248] Applying array_partition to 'layer3_out': Complete partitioning on dimension 1. (firmware/myproject.cpp:42:18)
INFO: [HLS 214-248] Applying array_partition to 'layer6_out': Complete partitioning on dimension 1. (firmware/myproject.cpp:46:15)
INFO: [HLS 214-248] Applying array_partition to 'layer7_out': Complete partitioning on dimension 1. (firmware/myproject.cpp:50:33)
INFO: [HLS 214-248] Applying array_partition to 'layer8_out': Complete partitioning on dimension 1. (firmware/myproject.cpp:54:18)
INFO: [HLS 214-248] Applying array_partition to 'layer11_out': Complete partitioning on dimension 1. (firmware/myproject.cpp:58:16)
INFO: [HLS 214-248] Applying array_partition to 'layer12_out': Complete partitioning on dimension 1. (firmware/myproject.cpp:62:33)
INFO: [HLS 214-248] Applying array_partition to 'layer13_out': Complete partitioning on dimension 1. (firmware/myproject.cpp:66:18)
INFO: [HLS 214-248] Applying array_partition to 'layer16_out': Complete partitioning on dimension 1. (firmware/myproject.cpp:70:16)
INFO: [HLS 214-248] Applying array_partition to 'layer17_out': Complete partitioning on dimension 1. (firmware/myproject.cpp:74:33)
INFO: [HLS 214-248] Applying array_partition to 'layer18_out': Complete partitioning on dimension 1. (firmware/myproject.cpp:78:18)
INFO: [HLS 214-248] Applying array_partition to 'layer20_out': Complete partitioning on dimension 1. (firmware/myproject.cpp:10:0)
INFO: [HLS 214-248] Applying array_reshape to 'input_16': Complete reshaping on dimension 1. (firmware/myproject.cpp:10:0)
INFO: [HLS 214-364] Automatically inlining function 'std::enable_if<!(std::is_same<ap_fixed<12, 5, (ap_q_mode)5, (ap_o_mode)3, 0>, ap_uint<1> >::value), ap_fixed<11, 8, (ap_q_mode)5, (ap_o_mode)3, 0> >::type nnet::cast<ap_fixed<12, 5, (ap_q_mode)5, (ap_o_mode)3, 0>, ap_fixed<11, 8, (ap_q_mode)5, (ap_o_mode)3, 0>, config3>(config3::accum_t)' to improve effectiveness of pipeline pragma in function 'void nnet::dense_latency<ap_fixed<12, 5, (ap_q_mode)5, (ap_o_mode)3, 0>, ap_fixed<11, 8, (ap_q_mode)5, (ap_o_mode)3, 0>, config3>(ap_fixed<12, 5, (ap_q_mode)5, (ap_o_mode)3, 0>*, ap_fixed<11, 8, (ap_q_mode)5, (ap_o_mode)3, 0>*, config3::weight_t*, config3::bias_t*)' (firmware/nnet_utils/nnet_dense_latency.h:66:21)
INFO: [HLS 200-111] Finished Compiling Optimization and Transform: CPU user time: 71.4 seconds. CPU system time: 0.78 seconds. Elapsed time: 75.65 seconds; current allocated memory: 329.039 MB.
INFO: [HLS 200-111] Finished Checking Pragmas: CPU user time: 0 seconds. CPU system time: 0 seconds. Elapsed time: 0 seconds; current allocated memory: 329.039 MB.
INFO: [HLS 200-10] Starting code transformations ...
INFO: [HLS 200-111] Finished Standard Transforms: CPU user time: 0.08 seconds. CPU system time: 0 seconds. Elapsed time: 0.09 seconds; current allocated memory: 333.191 MB.
INFO: [HLS 200-10] Checking synthesizability ...
INFO: [HLS 200-111] Finished Checking Synthesizability: CPU user time: 0.09 seconds. CPU system time: 0.01 seconds. Elapsed time: 0.1 seconds; current allocated memory: 337.129 MB.
INFO: [XFORM 203-11] Balancing expressions in function 'nnet::dense_latency<ap_ufixed<9, 7, (ap_q_mode)5, (ap_o_mode)3, 0>, ap_fixed<12, 10, (ap_q_mode)5, (ap_o_mode)3, 0>, config13>' (firmware/nnet_utils/nnet_mult.h:33:12)...13 expression(s) balanced.
INFO: [XFORM 203-11] Balancing expressions in function 'nnet::dense_latency<ap_ufixed<8, 6, (ap_q_mode)5, (ap_o_mode)3, 0>, ap_fixed<12, 6, (ap_q_mode)5, (ap_o_mode)3, 0>, config18>' (firmware/nnet_utils/nnet_dense_latency.h:33:1)...25 expression(s) balanced.
INFO: [XFORM 203-11] Balancing expressions in function 'nnet::dense_latency<ap_ufixed<10, 7, (ap_q_mode)5, (ap_o_mode)3, 0>, ap_fixed<11, 9, (ap_q_mode)5, (ap_o_mode)3, 0>, config8>' (firmware/nnet_utils/nnet_mult.h:33:12)...27 expression(s) balanced.
INFO: [XFORM 203-11] Balancing expressions in function 'nnet::dense_latency<ap_fixed<12, 5, (ap_q_mode)5, (ap_o_mode)3, 0>, ap_fixed<11, 8, (ap_q_mode)5, (ap_o_mode)3, 0>, config3>' (firmware/nnet_utils/nnet_mult.h:33:12)...75 expression(s) balanced.
INFO: [HLS 200-111] Finished Loop, function and other optimizations: CPU user time: 0.16 seconds. CPU system time: 0.01 seconds. Elapsed time: 0.19 seconds; current allocated memory: 363.742 MB.
INFO: [HLS 200-111] Finished Architecture Synthesis: CPU user time: 0.15 seconds. CPU system time: 0.02 seconds. Elapsed time: 0.17 seconds; current allocated memory: 428.312 MB.
INFO: [HLS 200-10] Starting hardware synthesis ...
INFO: [HLS 200-10] Synthesizing 'myproject' ...
WARNING: [SYN 201-103] Legalizing function name 'dense_latency<ap_fixed<12, 5, 5, 3, 0>, ap_fixed<11, 8, 5, 3, 0>, config3>' to 'dense_latency_ap_fixed_12_5_5_3_0_ap_fixed_11_8_5_3_0_config3_s'.
WARNING: [SYN 201-103] Legalizing function name 'relu<ap_fixed<11, 8, 5, 3, 0>, ap_ufixed<10, 7, 5, 3, 0>, ReLU_config6>' to 'relu_ap_fixed_11_8_5_3_0_ap_ufixed_10_7_5_3_0_ReLU_config6_s'.
WARNING: [SYN 201-103] Legalizing function name 'dense_latency<ap_ufixed<10, 7, 5, 3, 0>, ap_fixed<11, 9, 5, 3, 0>, config8>' to 'dense_latency_ap_ufixed_10_7_5_3_0_ap_fixed_11_9_5_3_0_config8_s'.
WARNING: [SYN 201-103] Legalizing function name 'relu<ap_fixed<11, 9, 5, 3, 0>, ap_ufixed<9, 7, 5, 3, 0>, ReLU_config11>' to 'relu_ap_fixed_11_9_5_3_0_ap_ufixed_9_7_5_3_0_ReLU_config11_s'.
WARNING: [SYN 201-103] Legalizing function name 'dense_latency<ap_ufixed<9, 7, 5, 3, 0>, ap_fixed<12, 10, 5, 3, 0>, config13>' to 'dense_latency_ap_ufixed_9_7_5_3_0_ap_fixed_12_10_5_3_0_config13_s'.
WARNING: [SYN 201-103] Legalizing function name 'relu<ap_fixed<12, 10, 5, 3, 0>, ap_ufixed<8, 6, 5, 3, 0>, ReLU_config16>' to 'relu_ap_fixed_12_10_5_3_0_ap_ufixed_8_6_5_3_0_ReLU_config16_s'.
WARNING: [SYN 201-103] Legalizing function name 'dense_latency<ap_ufixed<8, 6, 5, 3, 0>, ap_fixed<12, 6, 5, 3, 0>, config18>' to 'dense_latency_ap_ufixed_8_6_5_3_0_ap_fixed_12_6_5_3_0_config18_s'.
WARNING: [SYN 201-223] Checking resource limit in 'dense_latency<ap_fixed<12, 5, 5, 3, 0>, ap_fixed<11, 8, 5, 3, 0>, config3>': cannot find any operation of 'mul'.
WARNING: [SYN 201-223] Checking resource limit in 'dense_latency<ap_ufixed<10, 7, 5, 3, 0>, ap_fixed<11, 9, 5, 3, 0>, config8>': cannot find any operation of 'mul'.
WARNING: [SYN 201-223] Checking resource limit in 'dense_latency<ap_ufixed<9, 7, 5, 3, 0>, ap_fixed<12, 10, 5, 3, 0>, config13>': cannot find any operation of 'mul'.
WARNING: [SYN 201-223] Checking resource limit in 'dense_latency<ap_ufixed<8, 6, 5, 3, 0>, ap_fixed<12, 6, 5, 3, 0>, config18>': cannot find any operation of 'mul'.
INFO: [HLS 200-10] ----------------------------------------------------------------
INFO: [HLS 200-42] -- Implementing module 'dense_latency_ap_fixed_12_5_5_3_0_ap_fixed_11_8_5_3_0_config3_s' 
INFO: [HLS 200-10] ----------------------------------------------------------------
INFO: [SCHED 204-11] Starting scheduling ...
INFO: [SCHED 204-61] Pipelining function 'dense_latency<ap_fixed<12, 5, 5, 3, 0>, ap_fixed<11, 8, 5, 3, 0>, config3>'.
INFO: [HLS 200-1470] Pipelining result : Target II = NA, Final II = 1, Depth = 1, function 'dense_latency<ap_fixed<12, 5, 5, 3, 0>, ap_fixed<11, 8, 5, 3, 0>, config3>'
INFO: [SCHED 204-11] Finished scheduling.
INFO: [HLS 200-111] Finished Scheduling: CPU user time: 0.24 seconds. CPU system time: 0.02 seconds. Elapsed time: 0.33 seconds; current allocated memory: 428.977 MB.
INFO: [BIND 205-100] Starting micro-architecture generation ...
INFO: [BIND 205-101] Performing variable lifetime analysis.
INFO: [BIND 205-101] Exploring resource sharing.
INFO: [BIND 205-101] Binding ...
INFO: [BIND 205-100] Finished micro-architecture generation.
INFO: [HLS 200-111] Finished Binding: CPU user time: 0.05 seconds. CPU system time: 0.01 seconds. Elapsed time: 0.08 seconds; current allocated memory: 429.070 MB.
INFO: [HLS 200-10] ----------------------------------------------------------------
INFO: [HLS 200-42] -- Implementing module 'relu_ap_fixed_11_8_5_3_0_ap_ufixed_10_7_5_3_0_ReLU_config6_s' 
INFO: [HLS 200-10] ----------------------------------------------------------------
INFO: [SCHED 204-11] Starting scheduling ...
INFO: [SCHED 204-61] Pipelining function 'relu<ap_fixed<11, 8, 5, 3, 0>, ap_ufixed<10, 7, 5, 3, 0>, ReLU_config6>'.
INFO: [HLS 200-1470] Pipelining result : Target II = NA, Final II = 1, Depth = 1, function 'relu<ap_fixed<11, 8, 5, 3, 0>, ap_ufixed<10, 7, 5, 3, 0>, ReLU_config6>'
INFO: [SCHED 204-11] Finished scheduling.
INFO: [HLS 200-111] Finished Scheduling: CPU user time: 0.06 seconds. CPU system time: 0 seconds. Elapsed time: 0.1 seconds; current allocated memory: 429.539 MB.
INFO: [BIND 205-100] Starting micro-architecture generation ...
INFO: [BIND 205-101] Performing variable lifetime analysis.
INFO: [BIND 205-101] Exploring resource sharing.
INFO: [BIND 205-101] Binding ...
INFO: [BIND 205-100] Finished micro-architecture generation.
INFO: [HLS 200-111] Finished Binding: CPU user time: 0.02 seconds. CPU system time: 0.01 seconds. Elapsed time: 0.04 seconds; current allocated memory: 429.664 MB.
INFO: [HLS 200-10] ----------------------------------------------------------------
INFO: [HLS 200-42] -- Implementing module 'dense_latency_ap_ufixed_10_7_5_3_0_ap_fixed_11_9_5_3_0_config8_s' 
INFO: [HLS 200-10] ----------------------------------------------------------------
INFO: [SCHED 204-11] Starting scheduling ...
INFO: [SCHED 204-61] Pipelining function 'dense_latency<ap_ufixed<10, 7, 5, 3, 0>, ap_fixed<11, 9, 5, 3, 0>, config8>'.
INFO: [HLS 200-1470] Pipelining result : Target II = NA, Final II = 1, Depth = 1, function 'dense_latency<ap_ufixed<10, 7, 5, 3, 0>, ap_fixed<11, 9, 5, 3, 0>, config8>'
INFO: [SCHED 204-11] Finished scheduling.
INFO: [HLS 200-111] Finished Scheduling: CPU user time: 0.1 seconds. CPU system time: 0 seconds. Elapsed time: 0.13 seconds; current allocated memory: 430.516 MB.
INFO: [BIND 205-100] Starting micro-architecture generation ...
INFO: [BIND 205-101] Performing variable lifetime analysis.
INFO: [BIND 205-101] Exploring resource sharing.
INFO: [BIND 205-101] Binding ...
INFO: [BIND 205-100] Finished micro-architecture generation.
INFO: [HLS 200-111] Finished Binding: CPU user time: 0.03 seconds. CPU system time: 0 seconds. Elapsed time: 0.06 seconds; current allocated memory: 430.660 MB.
INFO: [HLS 200-10] ----------------------------------------------------------------
INFO: [HLS 200-42] -- Implementing module 'relu_ap_fixed_11_9_5_3_0_ap_ufixed_9_7_5_3_0_ReLU_config11_s' 
INFO: [HLS 200-10] ----------------------------------------------------------------
INFO: [SCHED 204-11] Starting scheduling ...
INFO: [SCHED 204-61] Pipelining function 'relu<ap_fixed<11, 9, 5, 3, 0>, ap_ufixed<9, 7, 5, 3, 0>, ReLU_config11>'.
INFO: [HLS 200-1470] Pipelining result : Target II = NA, Final II = 1, Depth = 1, function 'relu<ap_fixed<11, 9, 5, 3, 0>, ap_ufixed<9, 7, 5, 3, 0>, ReLU_config11>'
INFO: [SCHED 204-11] Finished scheduling.
INFO: [HLS 200-111] Finished Scheduling: CPU user time: 0.04 seconds. CPU system time: 0.01 seconds. Elapsed time: 0.08 seconds; current allocated memory: 430.938 MB.
INFO: [BIND 205-100] Starting micro-architecture generation ...
INFO: [BIND 205-101] Performing variable lifetime analysis.
INFO: [BIND 205-101] Exploring resource sharing.
INFO: [BIND 205-101] Binding ...
INFO: [BIND 205-100] Finished micro-architecture generation.
INFO: [HLS 200-111] Finished Binding: CPU user time: 0.02 seconds. CPU system time: 0 seconds. Elapsed time: 0.04 seconds; current allocated memory: 431.000 MB.
INFO: [HLS 200-10] ----------------------------------------------------------------
INFO: [HLS 200-42] -- Implementing module 'dense_latency_ap_ufixed_9_7_5_3_0_ap_fixed_12_10_5_3_0_config13_s' 
INFO: [HLS 200-10] ----------------------------------------------------------------
INFO: [SCHED 204-11] Starting scheduling ...
INFO: [SCHED 204-61] Pipelining function 'dense_latency<ap_ufixed<9, 7, 5, 3, 0>, ap_fixed<12, 10, 5, 3, 0>, config13>'.
INFO: [HLS 200-1470] Pipelining result : Target II = NA, Final II = 1, Depth = 1, function 'dense_latency<ap_ufixed<9, 7, 5, 3, 0>, ap_fixed<12, 10, 5, 3, 0>, config13>'
INFO: [SCHED 204-11] Finished scheduling.
INFO: [HLS 200-111] Finished Scheduling: CPU user time: 0.07 seconds. CPU system time: 0.01 seconds. Elapsed time: 0.1 seconds; current allocated memory: 431.699 MB.
INFO: [BIND 205-100] Starting micro-architecture generation ...
INFO: [BIND 205-101] Performing variable lifetime analysis.
INFO: [BIND 205-101] Exploring resource sharing.
INFO: [BIND 205-101] Binding ...
INFO: [BIND 205-100] Finished micro-architecture generation.
INFO: [HLS 200-111] Finished Binding: CPU user time: 0.03 seconds. CPU system time: 0 seconds. Elapsed time: 0.06 seconds; current allocated memory: 431.855 MB.
INFO: [HLS 200-10] ----------------------------------------------------------------
INFO: [HLS 200-42] -- Implementing module 'relu_ap_fixed_12_10_5_3_0_ap_ufixed_8_6_5_3_0_ReLU_config16_s' 
INFO: [HLS 200-10] ----------------------------------------------------------------
INFO: [SCHED 204-11] Starting scheduling ...
INFO: [SCHED 204-61] Pipelining function 'relu<ap_fixed<12, 10, 5, 3, 0>, ap_ufixed<8, 6, 5, 3, 0>, ReLU_config16>'.
INFO: [HLS 200-1470] Pipelining result : Target II = NA, Final II = 1, Depth = 1, function 'relu<ap_fixed<12, 10, 5, 3, 0>, ap_ufixed<8, 6, 5, 3, 0>, ReLU_config16>'
INFO: [SCHED 204-11] Finished scheduling.
INFO: [HLS 200-111] Finished Scheduling: CPU user time: 0.04 seconds. CPU system time: 0.01 seconds. Elapsed time: 0.08 seconds; current allocated memory: 432.246 MB.
INFO: [BIND 205-100] Starting micro-architecture generation ...
INFO: [BIND 205-101] Performing variable lifetime analysis.
INFO: [BIND 205-101] Exploring resource sharing.
INFO: [BIND 205-101] Binding ...
INFO: [BIND 205-100] Finished micro-architecture generation.
INFO: [HLS 200-111] Finished Binding: CPU user time: 0.02 seconds. CPU system time: 0 seconds. Elapsed time: 0.04 seconds; current allocated memory: 432.316 MB.
INFO: [HLS 200-10] ----------------------------------------------------------------
INFO: [HLS 200-42] -- Implementing module 'dense_latency_ap_ufixed_8_6_5_3_0_ap_fixed_12_6_5_3_0_config18_s' 
INFO: [HLS 200-10] ----------------------------------------------------------------
INFO: [SCHED 204-11] Starting scheduling ...
INFO: [SCHED 204-61] Pipelining function 'dense_latency<ap_ufixed<8, 6, 5, 3, 0>, ap_fixed<12, 6, 5, 3, 0>, config18>'.
INFO: [HLS 200-1470] Pipelining result : Target II = NA, Final II = 1, Depth = 1, function 'dense_latency<ap_ufixed<8, 6, 5, 3, 0>, ap_fixed<12, 6, 5, 3, 0>, config18>'
INFO: [SCHED 204-11] Finished scheduling.
INFO: [HLS 200-111] Finished Scheduling: CPU user time: 0.09 seconds. CPU system time: 0.01 seconds. Elapsed time: 0.32 seconds; current allocated memory: 433.289 MB.
INFO: [BIND 205-100] Starting micro-architecture generation ...
INFO: [BIND 205-101] Performing variable lifetime analysis.
INFO: [BIND 205-101] Exploring resource sharing.
INFO: [BIND 205-101] Binding ...
INFO: [BIND 205-100] Finished micro-architecture generation.
INFO: [HLS 200-111] Finished Binding: CPU user time: 0.03 seconds. CPU system time: 0 seconds. Elapsed time: 0.06 seconds; current allocated memory: 433.449 MB.
INFO: [HLS 200-10] ----------------------------------------------------------------
INFO: [HLS 200-42] -- Implementing module 'myproject' 
INFO: [HLS 200-10] ----------------------------------------------------------------
INFO: [SCHED 204-11] Starting scheduling ...
INFO: [SCHED 204-61] Pipelining function 'myproject'.
INFO: [HLS 200-1470] Pipelining result : Target II = NA, Final II = 1, Depth = 7, function 'myproject'
INFO: [SCHED 204-11] Finished scheduling.
INFO: [HLS 200-111] Finished Scheduling: CPU user time: 0.12 seconds. CPU system time: 0.01 seconds. Elapsed time: 0.16 seconds; current allocated memory: 435.145 MB.
INFO: [BIND 205-100] Starting micro-architecture generation ...
INFO: [BIND 205-101] Performing variable lifetime analysis.
INFO: [BIND 205-101] Exploring resource sharing.
INFO: [BIND 205-101] Binding ...
INFO: [BIND 205-100] Finished micro-architecture generation.
INFO: [HLS 200-111] Finished Binding: CPU user time: 0.04 seconds. CPU system time: 0 seconds. Elapsed time: 0.07 seconds; current allocated memory: 435.145 MB.
INFO: [HLS 200-10] ----------------------------------------------------------------
INFO: [HLS 200-10] -- Generating RTL for module 'dense_latency_ap_fixed_12_5_5_3_0_ap_fixed_11_8_5_3_0_config3_s' 
INFO: [HLS 200-10] ----------------------------------------------------------------
INFO: [RTGEN 206-100] Finished creating RTL model for 'dense_latency_ap_fixed_12_5_5_3_0_ap_fixed_11_8_5_3_0_config3_s'.
INFO: [HLS 200-111] Finished Creating RTL model: CPU user time: 0.06 seconds. CPU system time: 0 seconds. Elapsed time: 0.11 seconds; current allocated memory: 436.844 MB.
INFO: [HLS 200-10] ----------------------------------------------------------------
INFO: [HLS 200-10] -- Generating RTL for module 'relu_ap_fixed_11_8_5_3_0_ap_ufixed_10_7_5_3_0_ReLU_config6_s' 
INFO: [HLS 200-10] ----------------------------------------------------------------
INFO: [RTGEN 206-100] Finished creating RTL model for 'relu_ap_fixed_11_8_5_3_0_ap_ufixed_10_7_5_3_0_ReLU_config6_s'.
INFO: [HLS 200-111] Finished Creating RTL model: CPU user time: 0.13 seconds. CPU system time: 0.01 seconds. Elapsed time: 0.21 seconds; current allocated memory: 442.469 MB.
INFO: [HLS 200-10] ----------------------------------------------------------------
INFO: [HLS 200-10] -- Generating RTL for module 'dense_latency_ap_ufixed_10_7_5_3_0_ap_fixed_11_9_5_3_0_config8_s' 
INFO: [HLS 200-10] ----------------------------------------------------------------
INFO: [RTGEN 206-100] Finished creating RTL model for 'dense_latency_ap_ufixed_10_7_5_3_0_ap_fixed_11_9_5_3_0_config8_s'.
INFO: [HLS 200-111] Finished Creating RTL model: CPU user time: 0.06 seconds. CPU system time: 0.01 seconds. Elapsed time: 0.11 seconds; current allocated memory: 443.367 MB.
INFO: [HLS 200-10] ----------------------------------------------------------------
INFO: [HLS 200-10] -- Generating RTL for module 'relu_ap_fixed_11_9_5_3_0_ap_ufixed_9_7_5_3_0_ReLU_config11_s' 
INFO: [HLS 200-10] ----------------------------------------------------------------
INFO: [RTGEN 206-100] Finished creating RTL model for 'relu_ap_fixed_11_9_5_3_0_ap_ufixed_9_7_5_3_0_ReLU_config11_s'.
INFO: [HLS 200-111] Finished Creating RTL model: CPU user time: 0.07 seconds. CPU system time: 0.01 seconds. Elapsed time: 0.16 seconds; current allocated memory: 445.676 MB.
INFO: [HLS 200-10] ----------------------------------------------------------------
INFO: [HLS 200-10] -- Generating RTL for module 'dense_latency_ap_ufixed_9_7_5_3_0_ap_fixed_12_10_5_3_0_config13_s' 
INFO: [HLS 200-10] ----------------------------------------------------------------
INFO: [RTGEN 206-100] Finished creating RTL model for 'dense_latency_ap_ufixed_9_7_5_3_0_ap_fixed_12_10_5_3_0_config13_s'.
INFO: [HLS 200-111] Finished Creating RTL model: CPU user time: 0.06 seconds. CPU system time: 0.01 seconds. Elapsed time: 0.1 seconds; current allocated memory: 446.918 MB.
INFO: [HLS 200-10] ----------------------------------------------------------------
INFO: [HLS 200-10] -- Generating RTL for module 'relu_ap_fixed_12_10_5_3_0_ap_ufixed_8_6_5_3_0_ReLU_config16_s' 
INFO: [HLS 200-10] ----------------------------------------------------------------
INFO: [RTGEN 206-100] Finished creating RTL model for 'relu_ap_fixed_12_10_5_3_0_ap_ufixed_8_6_5_3_0_ReLU_config16_s'.
INFO: [HLS 200-111] Finished Creating RTL model: CPU user time: 0.07 seconds. CPU system time: 0.01 seconds. Elapsed time: 0.13 seconds; current allocated memory: 449.152 MB.
INFO: [HLS 200-10] ----------------------------------------------------------------
INFO: [HLS 200-10] -- Generating RTL for module 'dense_latency_ap_ufixed_8_6_5_3_0_ap_fixed_12_6_5_3_0_config18_s' 
INFO: [HLS 200-10] ----------------------------------------------------------------
INFO: [RTGEN 206-100] Finished creating RTL model for 'dense_latency_ap_ufixed_8_6_5_3_0_ap_fixed_12_6_5_3_0_config18_s'.
INFO: [HLS 200-111] Finished Creating RTL model: CPU user time: 0.06 seconds. CPU system time: 0.01 seconds. Elapsed time: 0.13 seconds; current allocated memory: 450.723 MB.
INFO: [HLS 200-10] ----------------------------------------------------------------
INFO: [HLS 200-10] -- Generating RTL for module 'myproject' 
INFO: [HLS 200-10] ----------------------------------------------------------------
INFO: [RTGEN 206-500] Setting interface mode on port 'myproject/input_16' to 'ap_vld'.
INFO: [RTGEN 206-500] Setting interface mode on port 'myproject/layer20_out_0' to 'ap_vld'.
INFO: [RTGEN 206-500] Setting interface mode on port 'myproject/layer20_out_1' to 'ap_vld'.
INFO: [RTGEN 206-500] Setting interface mode on port 'myproject/layer20_out_2' to 'ap_vld'.
INFO: [RTGEN 206-500] Setting interface mode on port 'myproject/layer20_out_3' to 'ap_vld'.
INFO: [RTGEN 206-500] Setting interface mode on port 'myproject/layer20_out_4' to 'ap_vld'.
INFO: [RTGEN 206-500] Setting interface mode on function 'myproject' to 'ap_ctrl_hs'.
INFO: [HLS 200-1030] Apply Unified Pipeline Control on module 'myproject' pipeline 'myproject' pipeline type 'function pipeline'
INFO: [RTGEN 206-100] Finished creating RTL model for 'myproject'.
INFO: [HLS 200-111] Finished Creating RTL model: CPU user time: 0.13 seconds. CPU system time: 0.01 seconds. Elapsed time: 0.21 seconds; current allocated memory: 454.902 MB.
INFO: [HLS 200-111] Finished Generating all RTL models: CPU user time: 0.25 seconds. CPU system time: 0.04 seconds. Elapsed time: 0.44 seconds; current allocated memory: 459.469 MB.
INFO: [HLS 200-111] Finished Updating report files: CPU user time: 0.48 seconds. CPU system time: 0.05 seconds. Elapsed time: 0.69 seconds; current allocated memory: 465.531 MB.
INFO: [VHDL 208-304] Generating VHDL RTL for myproject.
INFO: [VLOG 209-307] Generating Verilog RTL for myproject.
INFO: [HLS 200-789] **** Estimated Fmax: 274.05 MHz
INFO: [HLS 200-2161] Finished Command csynth_design Elapsed time: 00:01:33; Allocated memory: 151.211 MB.
***** C/RTL SYNTHESIS COMPLETED IN 0h1m33s *****
INFO: [HLS 200-112] Total CPU user time: 88.96 seconds. Total CPU system time: 2.26 seconds. Total elapsed time: 96.73 seconds; peak allocated memory: 465.594 MB.
