==============================================================
Vitis HLS - High-Level Synthesis from C, C++ and OpenCL v2024.1 (64-bit)
Tool Version Limit: 2024.05
Copyright 1986-2022 Xilinx, Inc. All Rights Reserved.
Copyright 2022-2024 Advanced Micro Devices, Inc. All Rights Reserved.

==============================================================
INFO: [HLS 200-1505] Using default flow_target 'vivado'
INFO: [HLS 200-1510] Running: config_array_partition -maximum_size 4096 
ERROR: [HLS 200-101] config_array_partition: Unknown option '-maximum_size'.
ERROR: [HLS 200-101] config_array_partition: Unknown option '4096'.
INFO: [HLS 200-1510] Running: config_compile -name_max_length 80 
INFO: [XFORM 203-1161] The maximum of name length is set to 80.
INFO: [HLS 200-1510] Running: set_part xcu50-fsvh2104-2-e 
INFO: [HLS 200-1611] Setting target device to 'xcu50-fsvh2104-2-e'
INFO: [XFORM 203-1161] The maximum of name length is set to 80.
INFO: [HLS 200-1510] Running: config_schedule -enable_dsp_full_reg=false 
INFO: [HLS 200-1510] Running: create_clock -period 5 -name default 
INFO: [SYN 201-201] Setting up clock 'default' with a period of 5ns.
INFO: [HLS 200-1510] Running: set_clock_uncertainty 27% default 
INFO: [SYN 201-201] Setting up clock 'default' with an uncertainty of 1.35ns.
INFO: [HLS 200-1510] Running: csynth_design 
INFO: [HLS 200-111] Finished File checks and directory preparation: CPU user time: 0.07 seconds. CPU system time: 0.01 seconds. Elapsed time: 0.1 seconds; current allocated memory: 314.379 MB.
INFO: [HLS 200-10] Analyzing design file 'firmware/myproject.cpp' ... 
WARNING: [HLS 207-5538] 'Resource pragma' is deprecated, use 'bind_op/bind_storage pragma' instead (firmware/nnet_utils/nnet_dense_resource.h:33:9)
WARNING: [HLS 207-5538] 'Resource pragma' is deprecated, use 'bind_op/bind_storage pragma' instead (firmware/nnet_utils/nnet_dense_resource.h:107:9)
WARNING: [HLS 207-5538] 'Resource pragma' is deprecated, use 'bind_op/bind_storage pragma' instead (firmware/nnet_utils/nnet_dense_resource.h:189:9)
WARNING: [HLS 207-5292] unused parameter 'keep' (firmware/nnet_utils/nnet_helpers.h:285:99)
WARNING: [HLS 207-5292] unused parameter 'data' (firmware/nnet_utils/nnet_function_stubs.h:14:36)
WARNING: [HLS 207-5292] unused parameter 'buffer' (firmware/nnet_utils/nnet_function_stubs.h:15:36)
WARNING: [HLS 207-5292] unused parameter 'partition' (firmware/nnet_utils/nnet_function_stubs.h:16:44)
WARNING: [HLS 207-5292] unused parameter 'data' (firmware/nnet_utils/nnet_function_stubs.h:24:24)
WARNING: [HLS 207-5292] unused parameter 'buffer' (firmware/nnet_utils/nnet_function_stubs.h:25:24)
WARNING: [HLS 207-5292] unused parameter 'partition' (firmware/nnet_utils/nnet_function_stubs.h:26:32)
WARNING: [HLS 207-5292] unused parameter 'data' (firmware/nnet_utils/nnet_function_stubs.h:33:30)
WARNING: [HLS 207-5292] unused parameter 'res' (firmware/nnet_utils/nnet_function_stubs.h:33:58)
WARNING: [HLS 207-5292] unused parameter 'weights' (firmware/nnet_utils/nnet_function_stubs.h:34:51)
WARNING: [HLS 207-5292] unused parameter 'biases' (firmware/nnet_utils/nnet_function_stubs.h:35:49)
WARNING: [HLS 207-5292] unused parameter 'data' (firmware/nnet_utils/nnet_function_stubs.h:42:29)
WARNING: [HLS 207-5292] unused parameter 'res' (firmware/nnet_utils/nnet_function_stubs.h:42:80)
WARNING: [HLS 207-5292] unused parameter 'weights' (firmware/nnet_utils/nnet_function_stubs.h:43:50)
WARNING: [HLS 207-5292] unused parameter 'biases' (firmware/nnet_utils/nnet_function_stubs.h:44:48)
WARNING: [HLS 207-5292] unused parameter 'data' (firmware/nnet_utils/nnet_code_gen.h:16:39)
WARNING: [HLS 207-5292] unused parameter 'res' (firmware/nnet_utils/nnet_code_gen.h:17:38)
WARNING: [HLS 207-5292] unused parameter 'weights' (firmware/nnet_utils/nnet_code_gen.h:18:60)
WARNING: [HLS 207-5292] unused parameter 'biases' (firmware/nnet_utils/nnet_code_gen.h:19:58)
INFO: [HLS 200-111] Finished Source Code Analysis and Preprocessing: CPU user time: 11.68 seconds. CPU system time: 0.91 seconds. Elapsed time: 13.06 seconds; current allocated memory: 320.449 MB.
INFO: [HLS 200-777] Using interface defaults for 'Vivado' flow target.
INFO: [HLS 200-1995] There were 16,299 instructions in the design after the 'Compile/Link' phase of compilation. See the Design Size Report for more details: /home/hep/lr1424/hls4ml-tutorial_OPENML/model_3.1_3/hls4ml_prj/myproject_prj/solution1/syn/report/csynth_design_size.rpt
WARNING: [HLS 200-1995] There were 222,912 instructions in the design after the 'Unroll/Inline' phase of compilation. See the Design Size Report for more details: /home/hep/lr1424/hls4ml-tutorial_OPENML/model_3.1_3/hls4ml_prj/myproject_prj/solution1/syn/report/csynth_design_size.rpt
INFO: [HLS 200-1995] There were 67,474 instructions in the design after the 'Unroll/Inline (step 2)' phase of compilation. See the Design Size Report for more details: /home/hep/lr1424/hls4ml-tutorial_OPENML/model_3.1_3/hls4ml_prj/myproject_prj/solution1/syn/report/csynth_design_size.rpt
INFO: [HLS 200-1995] There were 66,584 instructions in the design after the 'Unroll/Inline (step 3)' phase of compilation. See the Design Size Report for more details: /home/hep/lr1424/hls4ml-tutorial_OPENML/model_3.1_3/hls4ml_prj/myproject_prj/solution1/syn/report/csynth_design_size.rpt
INFO: [HLS 200-1995] There were 66,172 instructions in the design after the 'Unroll/Inline (step 4)' phase of compilation. See the Design Size Report for more details: /home/hep/lr1424/hls4ml-tutorial_OPENML/model_3.1_3/hls4ml_prj/myproject_prj/solution1/syn/report/csynth_design_size.rpt
INFO: [HLS 200-1995] There were 39,967 instructions in the design after the 'Array/Struct (step 1)' phase of compilation. See the Design Size Report for more details: /home/hep/lr1424/hls4ml-tutorial_OPENML/model_3.1_3/hls4ml_prj/myproject_prj/solution1/syn/report/csynth_design_size.rpt
INFO: [HLS 200-1995] There were 7,940 instructions in the design after the 'Array/Struct (step 2)' phase of compilation. See the Design Size Report for more details: /home/hep/lr1424/hls4ml-tutorial_OPENML/model_3.1_3/hls4ml_prj/myproject_prj/solution1/syn/report/csynth_design_size.rpt
INFO: [HLS 200-1995] There were 7,940 instructions in the design after the 'Array/Struct (step 3)' phase of compilation. See the Design Size Report for more details: /home/hep/lr1424/hls4ml-tutorial_OPENML/model_3.1_3/hls4ml_prj/myproject_prj/solution1/syn/report/csynth_design_size.rpt
INFO: [HLS 200-1995] There were 5,985 instructions in the design after the 'Array/Struct (step 4)' phase of compilation. See the Design Size Report for more details: /home/hep/lr1424/hls4ml-tutorial_OPENML/model_3.1_3/hls4ml_prj/myproject_prj/solution1/syn/report/csynth_design_size.rpt
INFO: [HLS 200-1995] There were 5,770 instructions in the design after the 'Array/Struct (step 5)' phase of compilation. See the Design Size Report for more details: /home/hep/lr1424/hls4ml-tutorial_OPENML/model_3.1_3/hls4ml_prj/myproject_prj/solution1/syn/report/csynth_design_size.rpt
INFO: [HLS 200-1995] There were 5,614 instructions in the design after the 'Performance' phase of compilation. See the Design Size Report for more details: /home/hep/lr1424/hls4ml-tutorial_OPENML/model_3.1_3/hls4ml_prj/myproject_prj/solution1/syn/report/csynth_design_size.rpt
INFO: [HLS 200-1995] There were 5,332 instructions in the design after the 'Performance (step 2)' phase of compilation. See the Design Size Report for more details: /home/hep/lr1424/hls4ml-tutorial_OPENML/model_3.1_3/hls4ml_prj/myproject_prj/solution1/syn/report/csynth_design_size.rpt
INFO: [HLS 200-1995] There were 5,138 instructions in the design after the 'Performance (step 3)' phase of compilation. See the Design Size Report for more details: /home/hep/lr1424/hls4ml-tutorial_OPENML/model_3.1_3/hls4ml_prj/myproject_prj/solution1/syn/report/csynth_design_size.rpt
INFO: [HLS 200-1995] There were 5,138 instructions in the design after the 'Performance (step 4)' phase of compilation. See the Design Size Report for more details: /home/hep/lr1424/hls4ml-tutorial_OPENML/model_3.1_3/hls4ml_prj/myproject_prj/solution1/syn/report/csynth_design_size.rpt
INFO: [HLS 200-1995] There were 5,144 instructions in the design after the 'HW Transforms (step 1)' phase of compilation. See the Design Size Report for more details: /home/hep/lr1424/hls4ml-tutorial_OPENML/model_3.1_3/hls4ml_prj/myproject_prj/solution1/syn/report/csynth_design_size.rpt
INFO: [HLS 200-1995] There were 5,153 instructions in the design after the 'HW Transforms (step 2)' phase of compilation. See the Design Size Report for more details: /home/hep/lr1424/hls4ml-tutorial_OPENML/model_3.1_3/hls4ml_prj/myproject_prj/solution1/syn/report/csynth_design_size.rpt
INFO: [HLS 214-131] Inlining function 'nnet::product::mult<ap_fixed<12, 5, (ap_q_mode)5, (ap_o_mode)3, 0>, ap_fixed<10, 5, (ap_q_mode)5, (ap_o_mode)3, 0> >::product(ap_fixed<12, 5, (ap_q_mode)5, (ap_o_mode)3, 0>, ap_fixed<10, 5, (ap_q_mode)5, (ap_o_mode)3, 0>)' into 'void nnet::dense_latency<ap_fixed<12, 5, (ap_q_mode)5, (ap_o_mode)3, 0>, ap_fixed<13, 8, (ap_q_mode)5, (ap_o_mode)3, 0>, config3>(ap_fixed<12, 5, (ap_q_mode)5, (ap_o_mode)3, 0>*, ap_fixed<13, 8, (ap_q_mode)5, (ap_o_mode)3, 0>*, config3::weight_t*, config3::bias_t*)' (firmware/nnet_utils/nnet_dense_latency.h:42:27)
INFO: [HLS 214-131] Inlining function 'nnet::DenseLatency<ap_fixed<12, 5, (ap_q_mode)5, (ap_o_mode)3, 0>, ap_fixed<13, 8, (ap_q_mode)5, (ap_o_mode)3, 0>, config3>::dense(ap_fixed<12, 5, (ap_q_mode)5, (ap_o_mode)3, 0>*, ap_fixed<13, 8, (ap_q_mode)5, (ap_o_mode)3, 0>*, ap_fixed<10, 5, (ap_q_mode)5, (ap_o_mode)3, 0>*, ap_fixed<20, 8, (ap_q_mode)5, (ap_o_mode)3, 0>*)' into 'void nnet::dense<ap_fixed<12, 5, (ap_q_mode)5, (ap_o_mode)3, 0>, ap_fixed<13, 8, (ap_q_mode)5, (ap_o_mode)3, 0>, config3>(ap_fixed<12, 5, (ap_q_mode)5, (ap_o_mode)3, 0>*, ap_fixed<13, 8, (ap_q_mode)5, (ap_o_mode)3, 0>*, config3::weight_t*, config3::bias_t*)' (firmware/nnet_utils/nnet_dense.h:45:2)
INFO: [HLS 214-131] Inlining function 'nnet::product::mult<ap_ufixed<12, 7, (ap_q_mode)5, (ap_o_mode)3, 0>, ap_fixed<8, 4, (ap_q_mode)5, (ap_o_mode)3, 0> >::product(ap_ufixed<12, 7, (ap_q_mode)5, (ap_o_mode)3, 0>, ap_fixed<8, 4, (ap_q_mode)5, (ap_o_mode)3, 0>)' into 'void nnet::dense_latency<ap_ufixed<12, 7, (ap_q_mode)5, (ap_o_mode)3, 0>, ap_fixed<13, 11, (ap_q_mode)5, (ap_o_mode)3, 0>, config8>(ap_ufixed<12, 7, (ap_q_mode)5, (ap_o_mode)3, 0>*, ap_fixed<13, 11, (ap_q_mode)5, (ap_o_mode)3, 0>*, config8::weight_t*, config8::bias_t*)' (firmware/nnet_utils/nnet_dense_latency.h:42:27)
INFO: [HLS 214-131] Inlining function 'nnet::DenseLatency<ap_ufixed<12, 7, (ap_q_mode)5, (ap_o_mode)3, 0>, ap_fixed<13, 11, (ap_q_mode)5, (ap_o_mode)3, 0>, config8>::dense(ap_ufixed<12, 7, (ap_q_mode)5, (ap_o_mode)3, 0>*, ap_fixed<13, 11, (ap_q_mode)5, (ap_o_mode)3, 0>*, ap_fixed<8, 4, (ap_q_mode)5, (ap_o_mode)3, 0>*, ap_fixed<20, 11, (ap_q_mode)5, (ap_o_mode)3, 0>*)' into 'void nnet::dense<ap_ufixed<12, 7, (ap_q_mode)5, (ap_o_mode)3, 0>, ap_fixed<13, 11, (ap_q_mode)5, (ap_o_mode)3, 0>, config8>(ap_ufixed<12, 7, (ap_q_mode)5, (ap_o_mode)3, 0>*, ap_fixed<13, 11, (ap_q_mode)5, (ap_o_mode)3, 0>*, config8::weight_t*, config8::bias_t*)' (firmware/nnet_utils/nnet_dense.h:45:2)
INFO: [HLS 214-131] Inlining function 'nnet::product::mult<ap_ufixed<9, 7, (ap_q_mode)5, (ap_o_mode)3, 0>, ap_fixed<10, 4, (ap_q_mode)5, (ap_o_mode)3, 0> >::product(ap_ufixed<9, 7, (ap_q_mode)5, (ap_o_mode)3, 0>, ap_fixed<10, 4, (ap_q_mode)5, (ap_o_mode)3, 0>)' into 'void nnet::dense_latency<ap_ufixed<9, 7, (ap_q_mode)5, (ap_o_mode)3, 0>, ap_fixed<13, 11, (ap_q_mode)5, (ap_o_mode)3, 0>, config13>(ap_ufixed<9, 7, (ap_q_mode)5, (ap_o_mode)3, 0>*, ap_fixed<13, 11, (ap_q_mode)5, (ap_o_mode)3, 0>*, config13::weight_t*, config13::bias_t*)' (firmware/nnet_utils/nnet_dense_latency.h:42:27)
INFO: [HLS 214-131] Inlining function 'nnet::DenseLatency<ap_ufixed<9, 7, (ap_q_mode)5, (ap_o_mode)3, 0>, ap_fixed<13, 11, (ap_q_mode)5, (ap_o_mode)3, 0>, config13>::dense(ap_ufixed<9, 7, (ap_q_mode)5, (ap_o_mode)3, 0>*, ap_fixed<13, 11, (ap_q_mode)5, (ap_o_mode)3, 0>*, ap_fixed<10, 4, (ap_q_mode)5, (ap_o_mode)3, 0>*, ap_fixed<19, 11, (ap_q_mode)5, (ap_o_mode)3, 0>*)' into 'void nnet::dense<ap_ufixed<9, 7, (ap_q_mode)5, (ap_o_mode)3, 0>, ap_fixed<13, 11, (ap_q_mode)5, (ap_o_mode)3, 0>, config13>(ap_ufixed<9, 7, (ap_q_mode)5, (ap_o_mode)3, 0>*, ap_fixed<13, 11, (ap_q_mode)5, (ap_o_mode)3, 0>*, config13::weight_t*, config13::bias_t*)' (firmware/nnet_utils/nnet_dense.h:45:2)
INFO: [HLS 214-131] Inlining function 'nnet::product::mult<ap_ufixed<8, 6, (ap_q_mode)5, (ap_o_mode)3, 0>, ap_fixed<8, 1, (ap_q_mode)5, (ap_o_mode)3, 0> >::product(ap_ufixed<8, 6, (ap_q_mode)5, (ap_o_mode)3, 0>, ap_fixed<8, 1, (ap_q_mode)5, (ap_o_mode)3, 0>)' into 'void nnet::dense_latency<ap_ufixed<8, 6, (ap_q_mode)5, (ap_o_mode)3, 0>, ap_fixed<14, 7, (ap_q_mode)5, (ap_o_mode)3, 0>, config18>(ap_ufixed<8, 6, (ap_q_mode)5, (ap_o_mode)3, 0>*, ap_fixed<14, 7, (ap_q_mode)5, (ap_o_mode)3, 0>*, config18::weight_t*, config18::bias_t*)' (firmware/nnet_utils/nnet_dense_latency.h:42:27)
INFO: [HLS 214-131] Inlining function 'nnet::DenseLatency<ap_ufixed<8, 6, (ap_q_mode)5, (ap_o_mode)3, 0>, ap_fixed<14, 7, (ap_q_mode)5, (ap_o_mode)3, 0>, config18>::dense(ap_ufixed<8, 6, (ap_q_mode)5, (ap_o_mode)3, 0>*, ap_fixed<14, 7, (ap_q_mode)5, (ap_o_mode)3, 0>*, ap_fixed<8, 1, (ap_q_mode)5, (ap_o_mode)3, 0>*, ap_fixed<16, 7, (ap_q_mode)5, (ap_o_mode)3, 0>*)' into 'void nnet::dense<ap_ufixed<8, 6, (ap_q_mode)5, (ap_o_mode)3, 0>, ap_fixed<14, 7, (ap_q_mode)5, (ap_o_mode)3, 0>, config18>(ap_ufixed<8, 6, (ap_q_mode)5, (ap_o_mode)3, 0>*, ap_fixed<14, 7, (ap_q_mode)5, (ap_o_mode)3, 0>*, config18::weight_t*, config18::bias_t*)' (firmware/nnet_utils/nnet_dense.h:45:2)
INFO: [HLS 214-131] Inlining function 'void nnet::h_quantize_7<ap_fixed<13, 5, (ap_q_mode)5, (ap_o_mode)3, 0>, ap_fixed<12, 5, (ap_q_mode)5, (ap_o_mode)3, 0> >(ap_fixed<13, 5, (ap_q_mode)5, (ap_o_mode)3, 0>*, ap_fixed<12, 5, (ap_q_mode)5, (ap_o_mode)3, 0>*)' into 'myproject(ap_fixed<13, 5, (ap_q_mode)5, (ap_o_mode)3, 0>*, ap_fixed<14, 7, (ap_q_mode)5, (ap_o_mode)3, 0>*)' (firmware/myproject.cpp:40:2)
INFO: [HLS 214-131] Inlining function 'void nnet::h_dense_31_quantizer<ap_fixed<14, 7, (ap_q_mode)5, (ap_o_mode)3, 0>, ap_fixed<14, 7, (ap_q_mode)5, (ap_o_mode)3, 0> >(ap_fixed<14, 7, (ap_q_mode)5, (ap_o_mode)3, 0>*, ap_fixed<14, 7, (ap_q_mode)5, (ap_o_mode)3, 0>*)' into 'myproject(ap_fixed<13, 5, (ap_q_mode)5, (ap_o_mode)3, 0>*, ap_fixed<14, 7, (ap_q_mode)5, (ap_o_mode)3, 0>*)' (firmware/myproject.cpp:82:5)
INFO: [HLS 214-131] Inlining function 'void nnet::dense<ap_ufixed<8, 6, (ap_q_mode)5, (ap_o_mode)3, 0>, ap_fixed<14, 7, (ap_q_mode)5, (ap_o_mode)3, 0>, config18>(ap_ufixed<8, 6, (ap_q_mode)5, (ap_o_mode)3, 0>*, ap_fixed<14, 7, (ap_q_mode)5, (ap_o_mode)3, 0>*, config18::weight_t*, config18::bias_t*)' into 'myproject(ap_fixed<13, 5, (ap_q_mode)5, (ap_o_mode)3, 0>*, ap_fixed<14, 7, (ap_q_mode)5, (ap_o_mode)3, 0>*)' (firmware/myproject.cpp:80:2)
INFO: [HLS 214-131] Inlining function 'void nnet::dense<ap_fixed<12, 5, (ap_q_mode)5, (ap_o_mode)3, 0>, ap_fixed<13, 8, (ap_q_mode)5, (ap_o_mode)3, 0>, config3>(ap_fixed<12, 5, (ap_q_mode)5, (ap_o_mode)3, 0>*, ap_fixed<13, 8, (ap_q_mode)5, (ap_o_mode)3, 0>*, config3::weight_t*, config3::bias_t*)' into 'myproject(ap_fixed<13, 5, (ap_q_mode)5, (ap_o_mode)3, 0>*, ap_fixed<14, 7, (ap_q_mode)5, (ap_o_mode)3, 0>*)' (firmware/myproject.cpp:44:2)
INFO: [HLS 214-131] Inlining function 'void nnet::h_dense_28_relu_quantizer<ap_ufixed<12, 7, (ap_q_mode)5, (ap_o_mode)3, 0>, ap_ufixed<12, 7, (ap_q_mode)5, (ap_o_mode)3, 0> >(ap_ufixed<12, 7, (ap_q_mode)5, (ap_o_mode)3, 0>*, ap_ufixed<12, 7, (ap_q_mode)5, (ap_o_mode)3, 0>*)' into 'myproject(ap_fixed<13, 5, (ap_q_mode)5, (ap_o_mode)3, 0>*, ap_fixed<14, 7, (ap_q_mode)5, (ap_o_mode)3, 0>*)' (firmware/myproject.cpp:52:2)
INFO: [HLS 214-131] Inlining function 'void nnet::h_dense_30_relu_quantizer<ap_ufixed<8, 6, (ap_q_mode)5, (ap_o_mode)3, 0>, ap_ufixed<8, 6, (ap_q_mode)5, (ap_o_mode)3, 0> >(ap_ufixed<8, 6, (ap_q_mode)5, (ap_o_mode)3, 0>*, ap_ufixed<8, 6, (ap_q_mode)5, (ap_o_mode)3, 0>*)' into 'myproject(ap_fixed<13, 5, (ap_q_mode)5, (ap_o_mode)3, 0>*, ap_fixed<14, 7, (ap_q_mode)5, (ap_o_mode)3, 0>*)' (firmware/myproject.cpp:76:2)
INFO: [HLS 214-131] Inlining function 'void nnet::dense<ap_ufixed<12, 7, (ap_q_mode)5, (ap_o_mode)3, 0>, ap_fixed<13, 11, (ap_q_mode)5, (ap_o_mode)3, 0>, config8>(ap_ufixed<12, 7, (ap_q_mode)5, (ap_o_mode)3, 0>*, ap_fixed<13, 11, (ap_q_mode)5, (ap_o_mode)3, 0>*, config8::weight_t*, config8::bias_t*)' into 'myproject(ap_fixed<13, 5, (ap_q_mode)5, (ap_o_mode)3, 0>*, ap_fixed<14, 7, (ap_q_mode)5, (ap_o_mode)3, 0>*)' (firmware/myproject.cpp:56:2)
INFO: [HLS 214-131] Inlining function 'void nnet::h_dense_29_relu_quantizer<ap_ufixed<9, 7, (ap_q_mode)5, (ap_o_mode)3, 0>, ap_ufixed<9, 7, (ap_q_mode)5, (ap_o_mode)3, 0> >(ap_ufixed<9, 7, (ap_q_mode)5, (ap_o_mode)3, 0>*, ap_ufixed<9, 7, (ap_q_mode)5, (ap_o_mode)3, 0>*)' into 'myproject(ap_fixed<13, 5, (ap_q_mode)5, (ap_o_mode)3, 0>*, ap_fixed<14, 7, (ap_q_mode)5, (ap_o_mode)3, 0>*)' (firmware/myproject.cpp:64:2)
INFO: [HLS 214-131] Inlining function 'void nnet::dense<ap_ufixed<9, 7, (ap_q_mode)5, (ap_o_mode)3, 0>, ap_fixed<13, 11, (ap_q_mode)5, (ap_o_mode)3, 0>, config13>(ap_ufixed<9, 7, (ap_q_mode)5, (ap_o_mode)3, 0>*, ap_fixed<13, 11, (ap_q_mode)5, (ap_o_mode)3, 0>*, config13::weight_t*, config13::bias_t*)' into 'myproject(ap_fixed<13, 5, (ap_q_mode)5, (ap_o_mode)3, 0>*, ap_fixed<14, 7, (ap_q_mode)5, (ap_o_mode)3, 0>*)' (firmware/myproject.cpp:68:2)
INFO: [HLS 214-291] Loop 'Result' is marked as complete unroll implied by the pipeline pragma (firmware/nnet_utils/nnet_dense_latency.h:64:5)
INFO: [HLS 214-291] Loop 'Accum1' is marked as complete unroll implied by the pipeline pragma (firmware/nnet_utils/nnet_dense_latency.h:54:5)
INFO: [HLS 214-291] Loop 'Accum2' is marked as complete unroll implied by the pipeline pragma (firmware/nnet_utils/nnet_dense_latency.h:56:9)
INFO: [HLS 214-291] Loop 'ResetAccum' is marked as complete unroll implied by the pipeline pragma (firmware/nnet_utils/nnet_dense_latency.h:48:5)
INFO: [HLS 214-291] Loop 'Product1' is marked as complete unroll implied by the pipeline pragma (firmware/nnet_utils/nnet_dense_latency.h:37:5)
INFO: [HLS 214-291] Loop 'Product2' is marked as complete unroll implied by the pipeline pragma (firmware/nnet_utils/nnet_dense_latency.h:40:9)
INFO: [HLS 214-291] Loop 'VITIS_LOOP_43_1' is marked as complete unroll implied by the pipeline pragma (firmware/nnet_utils/nnet_activation.h:43:22)
INFO: [HLS 214-186] Unrolling loop 'Result' (firmware/nnet_utils/nnet_dense_latency.h:64:5) in function 'nnet::dense_latency<ap_ufixed<8, 6, (ap_q_mode)5, (ap_o_mode)3, 0>, ap_fixed<14, 7, (ap_q_mode)5, (ap_o_mode)3, 0>, config18>' completely with a factor of 5 (firmware/nnet_utils/nnet_dense_latency.h:15:0)
INFO: [HLS 214-186] Unrolling loop 'Accum1' (firmware/nnet_utils/nnet_dense_latency.h:54:5) in function 'nnet::dense_latency<ap_ufixed<8, 6, (ap_q_mode)5, (ap_o_mode)3, 0>, ap_fixed<14, 7, (ap_q_mode)5, (ap_o_mode)3, 0>, config18>' completely with a factor of 32 (firmware/nnet_utils/nnet_dense_latency.h:15:0)
INFO: [HLS 214-186] Unrolling loop 'Accum2' (firmware/nnet_utils/nnet_dense_latency.h:56:9) in function 'nnet::dense_latency<ap_ufixed<8, 6, (ap_q_mode)5, (ap_o_mode)3, 0>, ap_fixed<14, 7, (ap_q_mode)5, (ap_o_mode)3, 0>, config18>' completely with a factor of 5 (firmware/nnet_utils/nnet_dense_latency.h:15:0)
INFO: [HLS 214-186] Unrolling loop 'ResetAccum' (firmware/nnet_utils/nnet_dense_latency.h:48:5) in function 'nnet::dense_latency<ap_ufixed<8, 6, (ap_q_mode)5, (ap_o_mode)3, 0>, ap_fixed<14, 7, (ap_q_mode)5, (ap_o_mode)3, 0>, config18>' completely with a factor of 5 (firmware/nnet_utils/nnet_dense_latency.h:15:0)
INFO: [HLS 214-186] Unrolling loop 'Product1' (firmware/nnet_utils/nnet_dense_latency.h:37:5) in function 'nnet::dense_latency<ap_ufixed<8, 6, (ap_q_mode)5, (ap_o_mode)3, 0>, ap_fixed<14, 7, (ap_q_mode)5, (ap_o_mode)3, 0>, config18>' completely with a factor of 32 (firmware/nnet_utils/nnet_dense_latency.h:15:0)
INFO: [HLS 214-186] Unrolling loop 'Product2' (firmware/nnet_utils/nnet_dense_latency.h:40:9) in function 'nnet::dense_latency<ap_ufixed<8, 6, (ap_q_mode)5, (ap_o_mode)3, 0>, ap_fixed<14, 7, (ap_q_mode)5, (ap_o_mode)3, 0>, config18>' completely with a factor of 5 (firmware/nnet_utils/nnet_dense_latency.h:15:0)
INFO: [HLS 214-186] Unrolling loop 'VITIS_LOOP_43_1' (firmware/nnet_utils/nnet_activation.h:43:22) in function 'nnet::relu<ap_fixed<13, 11, (ap_q_mode)5, (ap_o_mode)3, 0>, ap_ufixed<8, 6, (ap_q_mode)5, (ap_o_mode)3, 0>, ReLU_config16>' completely with a factor of 32 (firmware/nnet_utils/nnet_activation.h:39:0)
INFO: [HLS 214-186] Unrolling loop 'Result' (firmware/nnet_utils/nnet_dense_latency.h:64:5) in function 'nnet::dense_latency<ap_ufixed<9, 7, (ap_q_mode)5, (ap_o_mode)3, 0>, ap_fixed<13, 11, (ap_q_mode)5, (ap_o_mode)3, 0>, config13>' completely with a factor of 32 (firmware/nnet_utils/nnet_dense_latency.h:15:0)
INFO: [HLS 214-186] Unrolling loop 'Accum1' (firmware/nnet_utils/nnet_dense_latency.h:54:5) in function 'nnet::dense_latency<ap_ufixed<9, 7, (ap_q_mode)5, (ap_o_mode)3, 0>, ap_fixed<13, 11, (ap_q_mode)5, (ap_o_mode)3, 0>, config13>' completely with a factor of 32 (firmware/nnet_utils/nnet_dense_latency.h:15:0)
INFO: [HLS 214-186] Unrolling loop 'Accum2' (firmware/nnet_utils/nnet_dense_latency.h:56:9) in function 'nnet::dense_latency<ap_ufixed<9, 7, (ap_q_mode)5, (ap_o_mode)3, 0>, ap_fixed<13, 11, (ap_q_mode)5, (ap_o_mode)3, 0>, config13>' completely with a factor of 32 (firmware/nnet_utils/nnet_dense_latency.h:15:0)
INFO: [HLS 214-186] Unrolling loop 'ResetAccum' (firmware/nnet_utils/nnet_dense_latency.h:48:5) in function 'nnet::dense_latency<ap_ufixed<9, 7, (ap_q_mode)5, (ap_o_mode)3, 0>, ap_fixed<13, 11, (ap_q_mode)5, (ap_o_mode)3, 0>, config13>' completely with a factor of 32 (firmware/nnet_utils/nnet_dense_latency.h:15:0)
INFO: [HLS 214-186] Unrolling loop 'Product1' (firmware/nnet_utils/nnet_dense_latency.h:37:5) in function 'nnet::dense_latency<ap_ufixed<9, 7, (ap_q_mode)5, (ap_o_mode)3, 0>, ap_fixed<13, 11, (ap_q_mode)5, (ap_o_mode)3, 0>, config13>' completely with a factor of 32 (firmware/nnet_utils/nnet_dense_latency.h:15:0)
INFO: [HLS 214-186] Unrolling loop 'Product2' (firmware/nnet_utils/nnet_dense_latency.h:40:9) in function 'nnet::dense_latency<ap_ufixed<9, 7, (ap_q_mode)5, (ap_o_mode)3, 0>, ap_fixed<13, 11, (ap_q_mode)5, (ap_o_mode)3, 0>, config13>' completely with a factor of 32 (firmware/nnet_utils/nnet_dense_latency.h:15:0)
INFO: [HLS 214-186] Unrolling loop 'VITIS_LOOP_43_1' (firmware/nnet_utils/nnet_activation.h:43:22) in function 'nnet::relu<ap_fixed<13, 11, (ap_q_mode)5, (ap_o_mode)3, 0>, ap_ufixed<9, 7, (ap_q_mode)5, (ap_o_mode)3, 0>, ReLU_config11>' completely with a factor of 32 (firmware/nnet_utils/nnet_activation.h:39:0)
INFO: [HLS 214-186] Unrolling loop 'Result' (firmware/nnet_utils/nnet_dense_latency.h:64:5) in function 'nnet::dense_latency<ap_ufixed<12, 7, (ap_q_mode)5, (ap_o_mode)3, 0>, ap_fixed<13, 11, (ap_q_mode)5, (ap_o_mode)3, 0>, config8>' completely with a factor of 32 (firmware/nnet_utils/nnet_dense_latency.h:15:0)
INFO: [HLS 214-186] Unrolling loop 'Accum1' (firmware/nnet_utils/nnet_dense_latency.h:54:5) in function 'nnet::dense_latency<ap_ufixed<12, 7, (ap_q_mode)5, (ap_o_mode)3, 0>, ap_fixed<13, 11, (ap_q_mode)5, (ap_o_mode)3, 0>, config8>' completely with a factor of 64 (firmware/nnet_utils/nnet_dense_latency.h:15:0)
INFO: [HLS 214-186] Unrolling loop 'Accum2' (firmware/nnet_utils/nnet_dense_latency.h:56:9) in function 'nnet::dense_latency<ap_ufixed<12, 7, (ap_q_mode)5, (ap_o_mode)3, 0>, ap_fixed<13, 11, (ap_q_mode)5, (ap_o_mode)3, 0>, config8>' completely with a factor of 32 (firmware/nnet_utils/nnet_dense_latency.h:15:0)
INFO: [HLS 214-186] Unrolling loop 'ResetAccum' (firmware/nnet_utils/nnet_dense_latency.h:48:5) in function 'nnet::dense_latency<ap_ufixed<12, 7, (ap_q_mode)5, (ap_o_mode)3, 0>, ap_fixed<13, 11, (ap_q_mode)5, (ap_o_mode)3, 0>, config8>' completely with a factor of 32 (firmware/nnet_utils/nnet_dense_latency.h:15:0)
INFO: [HLS 214-186] Unrolling loop 'Product1' (firmware/nnet_utils/nnet_dense_latency.h:37:5) in function 'nnet::dense_latency<ap_ufixed<12, 7, (ap_q_mode)5, (ap_o_mode)3, 0>, ap_fixed<13, 11, (ap_q_mode)5, (ap_o_mode)3, 0>, config8>' completely with a factor of 64 (firmware/nnet_utils/nnet_dense_latency.h:15:0)
INFO: [HLS 214-186] Unrolling loop 'Product2' (firmware/nnet_utils/nnet_dense_latency.h:40:9) in function 'nnet::dense_latency<ap_ufixed<12, 7, (ap_q_mode)5, (ap_o_mode)3, 0>, ap_fixed<13, 11, (ap_q_mode)5, (ap_o_mode)3, 0>, config8>' completely with a factor of 32 (firmware/nnet_utils/nnet_dense_latency.h:15:0)
INFO: [HLS 214-186] Unrolling loop 'VITIS_LOOP_43_1' (firmware/nnet_utils/nnet_activation.h:43:22) in function 'nnet::relu<ap_fixed<13, 8, (ap_q_mode)5, (ap_o_mode)3, 0>, ap_ufixed<12, 7, (ap_q_mode)5, (ap_o_mode)3, 0>, ReLU_config6>' completely with a factor of 64 (firmware/nnet_utils/nnet_activation.h:39:0)
INFO: [HLS 214-186] Unrolling loop 'Result' (firmware/nnet_utils/nnet_dense_latency.h:64:5) in function 'nnet::dense_latency<ap_fixed<12, 5, (ap_q_mode)5, (ap_o_mode)3, 0>, ap_fixed<13, 8, (ap_q_mode)5, (ap_o_mode)3, 0>, config3>' completely with a factor of 64 (firmware/nnet_utils/nnet_dense_latency.h:15:0)
INFO: [HLS 214-186] Unrolling loop 'Accum1' (firmware/nnet_utils/nnet_dense_latency.h:54:5) in function 'nnet::dense_latency<ap_fixed<12, 5, (ap_q_mode)5, (ap_o_mode)3, 0>, ap_fixed<13, 8, (ap_q_mode)5, (ap_o_mode)3, 0>, config3>' completely with a factor of 16 (firmware/nnet_utils/nnet_dense_latency.h:15:0)
INFO: [HLS 214-186] Unrolling loop 'Accum2' (firmware/nnet_utils/nnet_dense_latency.h:56:9) in function 'nnet::dense_latency<ap_fixed<12, 5, (ap_q_mode)5, (ap_o_mode)3, 0>, ap_fixed<13, 8, (ap_q_mode)5, (ap_o_mode)3, 0>, config3>' completely with a factor of 64 (firmware/nnet_utils/nnet_dense_latency.h:15:0)
INFO: [HLS 214-186] Unrolling loop 'ResetAccum' (firmware/nnet_utils/nnet_dense_latency.h:48:5) in function 'nnet::dense_latency<ap_fixed<12, 5, (ap_q_mode)5, (ap_o_mode)3, 0>, ap_fixed<13, 8, (ap_q_mode)5, (ap_o_mode)3, 0>, config3>' completely with a factor of 64 (firmware/nnet_utils/nnet_dense_latency.h:15:0)
INFO: [HLS 214-186] Unrolling loop 'Product1' (firmware/nnet_utils/nnet_dense_latency.h:37:5) in function 'nnet::dense_latency<ap_fixed<12, 5, (ap_q_mode)5, (ap_o_mode)3, 0>, ap_fixed<13, 8, (ap_q_mode)5, (ap_o_mode)3, 0>, config3>' completely with a factor of 16 (firmware/nnet_utils/nnet_dense_latency.h:15:0)
INFO: [HLS 214-186] Unrolling loop 'Product2' (firmware/nnet_utils/nnet_dense_latency.h:40:9) in function 'nnet::dense_latency<ap_fixed<12, 5, (ap_q_mode)5, (ap_o_mode)3, 0>, ap_fixed<13, 8, (ap_q_mode)5, (ap_o_mode)3, 0>, config3>' completely with a factor of 64 (firmware/nnet_utils/nnet_dense_latency.h:15:0)
INFO: [HLS 214-178] Inlining function 'std::enable_if<!(std::is_same<ap_ufixed<12, 7, (ap_q_mode)5, (ap_o_mode)3, 0>, ap_uint<1> >::value), ap_fixed<13, 11, (ap_q_mode)5, (ap_o_mode)3, 0> >::type nnet::cast<ap_ufixed<12, 7, (ap_q_mode)5, (ap_o_mode)3, 0>, ap_fixed<13, 11, (ap_q_mode)5, (ap_o_mode)3, 0>, config8>(config8::accum_t)' into 'void nnet::dense_latency<ap_ufixed<12, 7, (ap_q_mode)5, (ap_o_mode)3, 0>, ap_fixed<13, 11, (ap_q_mode)5, (ap_o_mode)3, 0>, config8>(ap_ufixed<12, 7, (ap_q_mode)5, (ap_o_mode)3, 0>*, ap_fixed<13, 11, (ap_q_mode)5, (ap_o_mode)3, 0>*, config8::weight_t*, config8::bias_t*)' (firmware/nnet_utils/nnet_dense_latency.h:15:0)
INFO: [HLS 214-178] Inlining function 'std::enable_if<!(std::is_same<ap_ufixed<9, 7, (ap_q_mode)5, (ap_o_mode)3, 0>, ap_uint<1> >::value), ap_fixed<13, 11, (ap_q_mode)5, (ap_o_mode)3, 0> >::type nnet::cast<ap_ufixed<9, 7, (ap_q_mode)5, (ap_o_mode)3, 0>, ap_fixed<13, 11, (ap_q_mode)5, (ap_o_mode)3, 0>, config13>(config13::accum_t)' into 'void nnet::dense_latency<ap_ufixed<9, 7, (ap_q_mode)5, (ap_o_mode)3, 0>, ap_fixed<13, 11, (ap_q_mode)5, (ap_o_mode)3, 0>, config13>(ap_ufixed<9, 7, (ap_q_mode)5, (ap_o_mode)3, 0>*, ap_fixed<13, 11, (ap_q_mode)5, (ap_o_mode)3, 0>*, config13::weight_t*, config13::bias_t*)' (firmware/nnet_utils/nnet_dense_latency.h:15:0)
INFO: [HLS 214-178] Inlining function 'std::enable_if<!(std::is_same<ap_ufixed<8, 6, (ap_q_mode)5, (ap_o_mode)3, 0>, ap_uint<1> >::value), ap_fixed<14, 7, (ap_q_mode)5, (ap_o_mode)3, 0> >::type nnet::cast<ap_ufixed<8, 6, (ap_q_mode)5, (ap_o_mode)3, 0>, ap_fixed<14, 7, (ap_q_mode)5, (ap_o_mode)3, 0>, config18>(config18::accum_t)' into 'void nnet::dense_latency<ap_ufixed<8, 6, (ap_q_mode)5, (ap_o_mode)3, 0>, ap_fixed<14, 7, (ap_q_mode)5, (ap_o_mode)3, 0>, config18>(ap_ufixed<8, 6, (ap_q_mode)5, (ap_o_mode)3, 0>*, ap_fixed<14, 7, (ap_q_mode)5, (ap_o_mode)3, 0>*, config18::weight_t*, config18::bias_t*)' (firmware/nnet_utils/nnet_dense_latency.h:15:0)
INFO: [HLS 214-248] Applying array_partition to 'b18': Complete partitioning on dimension 1. (firmware/weights/b18.h:12:0)
INFO: [HLS 214-248] Applying array_partition to 'b13': Complete partitioning on dimension 1. (firmware/weights/b13.h:12:0)
INFO: [HLS 214-248] Applying array_partition to 'b8': Complete partitioning on dimension 1. (firmware/weights/b8.h:12:0)
INFO: [HLS 214-248] Applying array_partition to 'b3': Complete partitioning on dimension 1. (firmware/weights/b3.h:12:0)
INFO: [HLS 214-248] Applying array_partition to 'mult': Complete partitioning on dimension 1. (firmware/nnet_utils/nnet_dense_latency.h:17:32)
INFO: [HLS 214-248] Applying array_partition to 'layer2_out': Complete partitioning on dimension 1. (firmware/myproject.cpp:38:17)
INFO: [HLS 214-248] Applying array_partition to 'layer3_out': Complete partitioning on dimension 1. (firmware/myproject.cpp:42:18)
INFO: [HLS 214-248] Applying array_partition to 'layer6_out': Complete partitioning on dimension 1. (firmware/myproject.cpp:46:15)
INFO: [HLS 214-248] Applying array_partition to 'layer7_out': Complete partitioning on dimension 1. (firmware/myproject.cpp:50:33)
INFO: [HLS 214-248] Applying array_partition to 'layer8_out': Complete partitioning on dimension 1. (firmware/myproject.cpp:54:18)
INFO: [HLS 214-248] Applying array_partition to 'layer11_out': Complete partitioning on dimension 1. (firmware/myproject.cpp:58:15)
INFO: [HLS 214-248] Applying array_partition to 'layer12_out': Complete partitioning on dimension 1. (firmware/myproject.cpp:62:33)
INFO: [HLS 214-248] Applying array_partition to 'layer13_out': Complete partitioning on dimension 1. (firmware/myproject.cpp:66:18)
INFO: [HLS 214-248] Applying array_partition to 'layer16_out': Complete partitioning on dimension 1. (firmware/myproject.cpp:70:15)
INFO: [HLS 214-248] Applying array_partition to 'layer17_out': Complete partitioning on dimension 1. (firmware/myproject.cpp:74:33)
INFO: [HLS 214-248] Applying array_partition to 'layer18_out': Complete partitioning on dimension 1. (firmware/myproject.cpp:78:18)
INFO: [HLS 214-248] Applying array_partition to 'layer20_out': Complete partitioning on dimension 1. (firmware/myproject.cpp:10:0)
INFO: [HLS 214-248] Applying array_reshape to 'input_11': Complete reshaping on dimension 1. (firmware/myproject.cpp:10:0)
INFO: [HLS 214-364] Automatically inlining function 'std::enable_if<!(std::is_same<ap_fixed<12, 5, (ap_q_mode)5, (ap_o_mode)3, 0>, ap_uint<1> >::value), ap_fixed<13, 8, (ap_q_mode)5, (ap_o_mode)3, 0> >::type nnet::cast<ap_fixed<12, 5, (ap_q_mode)5, (ap_o_mode)3, 0>, ap_fixed<13, 8, (ap_q_mode)5, (ap_o_mode)3, 0>, config3>(config3::accum_t)' to improve effectiveness of pipeline pragma in function 'void nnet::dense_latency<ap_fixed<12, 5, (ap_q_mode)5, (ap_o_mode)3, 0>, ap_fixed<13, 8, (ap_q_mode)5, (ap_o_mode)3, 0>, config3>(ap_fixed<12, 5, (ap_q_mode)5, (ap_o_mode)3, 0>*, ap_fixed<13, 8, (ap_q_mode)5, (ap_o_mode)3, 0>*, config3::weight_t*, config3::bias_t*)' (firmware/nnet_utils/nnet_dense_latency.h:66:21)
INFO: [HLS 200-111] Finished Compiling Optimization and Transform: CPU user time: 69.98 seconds. CPU system time: 0.78 seconds. Elapsed time: 75.72 seconds; current allocated memory: 329.090 MB.
INFO: [HLS 200-111] Finished Checking Pragmas: CPU user time: 0 seconds. CPU system time: 0 seconds. Elapsed time: 0 seconds; current allocated memory: 329.090 MB.
INFO: [HLS 200-10] Starting code transformations ...
INFO: [HLS 200-111] Finished Standard Transforms: CPU user time: 0.12 seconds. CPU system time: 0.01 seconds. Elapsed time: 0.16 seconds; current allocated memory: 334.793 MB.
INFO: [HLS 200-10] Checking synthesizability ...
INFO: [HLS 200-111] Finished Checking Synthesizability: CPU user time: 0.13 seconds. CPU system time: 0 seconds. Elapsed time: 0.14 seconds; current allocated memory: 338.809 MB.
INFO: [XFORM 203-11] Balancing expressions in function 'nnet::dense_latency<ap_ufixed<9, 7, (ap_q_mode)5, (ap_o_mode)3, 0>, ap_fixed<13, 11, (ap_q_mode)5, (ap_o_mode)3, 0>, config13>' (firmware/nnet_utils/nnet_mult.h:33:12)...62 expression(s) balanced.
INFO: [XFORM 203-11] Balancing expressions in function 'nnet::dense_latency<ap_ufixed<8, 6, (ap_q_mode)5, (ap_o_mode)3, 0>, ap_fixed<14, 7, (ap_q_mode)5, (ap_o_mode)3, 0>, config18>' (firmware/nnet_utils/nnet_dense_latency.h:33:1)...32 expression(s) balanced.
INFO: [XFORM 203-11] Balancing expressions in function 'nnet::dense_latency<ap_ufixed<12, 7, (ap_q_mode)5, (ap_o_mode)3, 0>, ap_fixed<13, 11, (ap_q_mode)5, (ap_o_mode)3, 0>, config8>' (firmware/nnet_utils/nnet_mult.h:33:12)...103 expression(s) balanced.
INFO: [XFORM 203-11] Balancing expressions in function 'nnet::dense_latency<ap_fixed<12, 5, (ap_q_mode)5, (ap_o_mode)3, 0>, ap_fixed<13, 8, (ap_q_mode)5, (ap_o_mode)3, 0>, config3>' (firmware/nnet_utils/nnet_dense_latency.h:33:21)...206 expression(s) balanced.
INFO: [HLS 200-111] Finished Loop, function and other optimizations: CPU user time: 0.27 seconds. CPU system time: 0.02 seconds. Elapsed time: 0.32 seconds; current allocated memory: 369.164 MB.
INFO: [HLS 200-111] Finished Architecture Synthesis: CPU user time: 0.27 seconds. CPU system time: 0.01 seconds. Elapsed time: 0.29 seconds; current allocated memory: 440.168 MB.
INFO: [HLS 200-10] Starting hardware synthesis ...
INFO: [HLS 200-10] Synthesizing 'myproject' ...
WARNING: [SYN 201-103] Legalizing function name 'dense_latency<ap_fixed<12, 5, 5, 3, 0>, ap_fixed<13, 8, 5, 3, 0>, config3>' to 'dense_latency_ap_fixed_12_5_5_3_0_ap_fixed_13_8_5_3_0_config3_s'.
WARNING: [SYN 201-103] Legalizing function name 'relu<ap_fixed<13, 8, 5, 3, 0>, ap_ufixed<12, 7, 5, 3, 0>, ReLU_config6>' to 'relu_ap_fixed_13_8_5_3_0_ap_ufixed_12_7_5_3_0_ReLU_config6_s'.
WARNING: [SYN 201-103] Legalizing function name 'dense_latency<ap_ufixed<12, 7, 5, 3, 0>, ap_fixed<13, 11, 5, 3, 0>, config8>' to 'dense_latency_ap_ufixed_12_7_5_3_0_ap_fixed_13_11_5_3_0_config8_s'.
WARNING: [SYN 201-103] Legalizing function name 'relu<ap_fixed<13, 11, 5, 3, 0>, ap_ufixed<9, 7, 5, 3, 0>, ReLU_config11>' to 'relu_ap_fixed_13_11_5_3_0_ap_ufixed_9_7_5_3_0_ReLU_config11_s'.
WARNING: [SYN 201-103] Legalizing function name 'dense_latency<ap_ufixed<9, 7, 5, 3, 0>, ap_fixed<13, 11, 5, 3, 0>, config13>' to 'dense_latency_ap_ufixed_9_7_5_3_0_ap_fixed_13_11_5_3_0_config13_s'.
WARNING: [SYN 201-103] Legalizing function name 'relu<ap_fixed<13, 11, 5, 3, 0>, ap_ufixed<8, 6, 5, 3, 0>, ReLU_config16>' to 'relu_ap_fixed_13_11_5_3_0_ap_ufixed_8_6_5_3_0_ReLU_config16_s'.
WARNING: [SYN 201-103] Legalizing function name 'dense_latency<ap_ufixed<8, 6, 5, 3, 0>, ap_fixed<14, 7, 5, 3, 0>, config18>' to 'dense_latency_ap_ufixed_8_6_5_3_0_ap_fixed_14_7_5_3_0_config18_s'.
WARNING: [SYN 201-223] Checking resource limit in 'dense_latency<ap_ufixed<12, 7, 5, 3, 0>, ap_fixed<13, 11, 5, 3, 0>, config8>': cannot find any operation of 'mul'.
WARNING: [SYN 201-223] Checking resource limit in 'dense_latency<ap_ufixed<8, 6, 5, 3, 0>, ap_fixed<14, 7, 5, 3, 0>, config18>': cannot find any operation of 'mul'.
INFO: [HLS 200-10] ----------------------------------------------------------------
INFO: [HLS 200-42] -- Implementing module 'dense_latency_ap_fixed_12_5_5_3_0_ap_fixed_13_8_5_3_0_config3_s' 
INFO: [HLS 200-10] ----------------------------------------------------------------
INFO: [SCHED 204-11] Starting scheduling ...
INFO: [SCHED 204-61] Pipelining function 'dense_latency<ap_fixed<12, 5, 5, 3, 0>, ap_fixed<13, 8, 5, 3, 0>, config3>'.
INFO: [HLS 200-1470] Pipelining result : Target II = NA, Final II = 1, Depth = 2, function 'dense_latency<ap_fixed<12, 5, 5, 3, 0>, ap_fixed<13, 8, 5, 3, 0>, config3>'
INFO: [SCHED 204-11] Finished scheduling.
INFO: [HLS 200-111] Finished Scheduling: CPU user time: 0.48 seconds. CPU system time: 0.03 seconds. Elapsed time: 0.58 seconds; current allocated memory: 445.102 MB.
INFO: [BIND 205-100] Starting micro-architecture generation ...
INFO: [BIND 205-101] Performing variable lifetime analysis.
INFO: [BIND 205-101] Exploring resource sharing.
INFO: [BIND 205-101] Binding ...
INFO: [BIND 205-100] Starting global binding ...
INFO: [BIND 205-100] Finished micro-architecture generation.
INFO: [HLS 200-111] Finished Binding: CPU user time: 0.12 seconds. CPU system time: 0.01 seconds. Elapsed time: 0.17 seconds; current allocated memory: 445.102 MB.
INFO: [HLS 200-10] ----------------------------------------------------------------
INFO: [HLS 200-42] -- Implementing module 'relu_ap_fixed_13_8_5_3_0_ap_ufixed_12_7_5_3_0_ReLU_config6_s' 
INFO: [HLS 200-10] ----------------------------------------------------------------
INFO: [SCHED 204-11] Starting scheduling ...
INFO: [SCHED 204-61] Pipelining function 'relu<ap_fixed<13, 8, 5, 3, 0>, ap_ufixed<12, 7, 5, 3, 0>, ReLU_config6>'.
INFO: [HLS 200-1470] Pipelining result : Target II = NA, Final II = 1, Depth = 1, function 'relu<ap_fixed<13, 8, 5, 3, 0>, ap_ufixed<12, 7, 5, 3, 0>, ReLU_config6>'
INFO: [SCHED 204-11] Finished scheduling.
INFO: [HLS 200-111] Finished Scheduling: CPU user time: 0.1 seconds. CPU system time: 0.01 seconds. Elapsed time: 0.17 seconds; current allocated memory: 445.102 MB.
INFO: [BIND 205-100] Starting micro-architecture generation ...
INFO: [BIND 205-101] Performing variable lifetime analysis.
INFO: [BIND 205-101] Exploring resource sharing.
INFO: [BIND 205-101] Binding ...
INFO: [BIND 205-100] Finished micro-architecture generation.
INFO: [HLS 200-111] Finished Binding: CPU user time: 0.03 seconds. CPU system time: 0 seconds. Elapsed time: 0.05 seconds; current allocated memory: 445.102 MB.
INFO: [HLS 200-10] ----------------------------------------------------------------
INFO: [HLS 200-42] -- Implementing module 'dense_latency_ap_ufixed_12_7_5_3_0_ap_fixed_13_11_5_3_0_config8_s' 
INFO: [HLS 200-10] ----------------------------------------------------------------
INFO: [SCHED 204-11] Starting scheduling ...
INFO: [SCHED 204-61] Pipelining function 'dense_latency<ap_ufixed<12, 7, 5, 3, 0>, ap_fixed<13, 11, 5, 3, 0>, config8>'.
INFO: [HLS 200-1470] Pipelining result : Target II = NA, Final II = 1, Depth = 2, function 'dense_latency<ap_ufixed<12, 7, 5, 3, 0>, ap_fixed<13, 11, 5, 3, 0>, config8>'
INFO: [SCHED 204-11] Finished scheduling.
INFO: [HLS 200-111] Finished Scheduling: CPU user time: 0.26 seconds. CPU system time: 0 seconds. Elapsed time: 0.29 seconds; current allocated memory: 448.840 MB.
INFO: [BIND 205-100] Starting micro-architecture generation ...
INFO: [BIND 205-101] Performing variable lifetime analysis.
INFO: [BIND 205-101] Exploring resource sharing.
INFO: [BIND 205-101] Binding ...
INFO: [BIND 205-100] Finished micro-architecture generation.
INFO: [HLS 200-111] Finished Binding: CPU user time: 0.07 seconds. CPU system time: 0 seconds. Elapsed time: 0.11 seconds; current allocated memory: 448.840 MB.
INFO: [HLS 200-10] ----------------------------------------------------------------
INFO: [HLS 200-42] -- Implementing module 'relu_ap_fixed_13_11_5_3_0_ap_ufixed_9_7_5_3_0_ReLU_config11_s' 
INFO: [HLS 200-10] ----------------------------------------------------------------
INFO: [SCHED 204-11] Starting scheduling ...
INFO: [SCHED 204-61] Pipelining function 'relu<ap_fixed<13, 11, 5, 3, 0>, ap_ufixed<9, 7, 5, 3, 0>, ReLU_config11>'.
INFO: [HLS 200-1470] Pipelining result : Target II = NA, Final II = 1, Depth = 1, function 'relu<ap_fixed<13, 11, 5, 3, 0>, ap_ufixed<9, 7, 5, 3, 0>, ReLU_config11>'
INFO: [SCHED 204-11] Finished scheduling.
INFO: [HLS 200-111] Finished Scheduling: CPU user time: 0.07 seconds. CPU system time: 0.01 seconds. Elapsed time: 0.12 seconds; current allocated memory: 448.840 MB.
INFO: [BIND 205-100] Starting micro-architecture generation ...
INFO: [BIND 205-101] Performing variable lifetime analysis.
INFO: [BIND 205-101] Exploring resource sharing.
INFO: [BIND 205-101] Binding ...
INFO: [BIND 205-100] Finished micro-architecture generation.
INFO: [HLS 200-111] Finished Binding: CPU user time: 0.02 seconds. CPU system time: 0 seconds. Elapsed time: 0.04 seconds; current allocated memory: 448.840 MB.
INFO: [HLS 200-10] ----------------------------------------------------------------
INFO: [HLS 200-42] -- Implementing module 'dense_latency_ap_ufixed_9_7_5_3_0_ap_fixed_13_11_5_3_0_config13_s' 
INFO: [HLS 200-10] ----------------------------------------------------------------
INFO: [SCHED 204-11] Starting scheduling ...
INFO: [SCHED 204-61] Pipelining function 'dense_latency<ap_ufixed<9, 7, 5, 3, 0>, ap_fixed<13, 11, 5, 3, 0>, config13>'.
INFO: [HLS 200-1470] Pipelining result : Target II = NA, Final II = 1, Depth = 2, function 'dense_latency<ap_ufixed<9, 7, 5, 3, 0>, ap_fixed<13, 11, 5, 3, 0>, config13>'
INFO: [SCHED 204-11] Finished scheduling.
INFO: [HLS 200-111] Finished Scheduling: CPU user time: 0.17 seconds. CPU system time: 0.01 seconds. Elapsed time: 0.2 seconds; current allocated memory: 451.203 MB.
INFO: [BIND 205-100] Starting micro-architecture generation ...
INFO: [BIND 205-101] Performing variable lifetime analysis.
INFO: [BIND 205-101] Exploring resource sharing.
INFO: [BIND 205-101] Binding ...
INFO: [BIND 205-100] Starting global binding ...
INFO: [BIND 205-100] Finished micro-architecture generation.
INFO: [HLS 200-111] Finished Binding: CPU user time: 0.05 seconds. CPU system time: 0 seconds. Elapsed time: 0.09 seconds; current allocated memory: 451.203 MB.
INFO: [HLS 200-10] ----------------------------------------------------------------
INFO: [HLS 200-42] -- Implementing module 'relu_ap_fixed_13_11_5_3_0_ap_ufixed_8_6_5_3_0_ReLU_config16_s' 
INFO: [HLS 200-10] ----------------------------------------------------------------
INFO: [SCHED 204-11] Starting scheduling ...
INFO: [SCHED 204-61] Pipelining function 'relu<ap_fixed<13, 11, 5, 3, 0>, ap_ufixed<8, 6, 5, 3, 0>, ReLU_config16>'.
INFO: [HLS 200-1470] Pipelining result : Target II = NA, Final II = 1, Depth = 1, function 'relu<ap_fixed<13, 11, 5, 3, 0>, ap_ufixed<8, 6, 5, 3, 0>, ReLU_config16>'
INFO: [SCHED 204-11] Finished scheduling.
INFO: [HLS 200-111] Finished Scheduling: CPU user time: 0.06 seconds. CPU system time: 0 seconds. Elapsed time: 0.1 seconds; current allocated memory: 451.203 MB.
INFO: [BIND 205-100] Starting micro-architecture generation ...
INFO: [BIND 205-101] Performing variable lifetime analysis.
INFO: [BIND 205-101] Exploring resource sharing.
INFO: [BIND 205-101] Binding ...
INFO: [BIND 205-100] Finished micro-architecture generation.
INFO: [HLS 200-111] Finished Binding: CPU user time: 0.02 seconds. CPU system time: 0 seconds. Elapsed time: 0.04 seconds; current allocated memory: 451.203 MB.
INFO: [HLS 200-10] ----------------------------------------------------------------
INFO: [HLS 200-42] -- Implementing module 'dense_latency_ap_ufixed_8_6_5_3_0_ap_fixed_14_7_5_3_0_config18_s' 
INFO: [HLS 200-10] ----------------------------------------------------------------
INFO: [SCHED 204-11] Starting scheduling ...
INFO: [SCHED 204-61] Pipelining function 'dense_latency<ap_ufixed<8, 6, 5, 3, 0>, ap_fixed<14, 7, 5, 3, 0>, config18>'.
INFO: [HLS 200-1470] Pipelining result : Target II = NA, Final II = 1, Depth = 1, function 'dense_latency<ap_ufixed<8, 6, 5, 3, 0>, ap_fixed<14, 7, 5, 3, 0>, config18>'
INFO: [SCHED 204-11] Finished scheduling.
INFO: [HLS 200-111] Finished Scheduling: CPU user time: 0.11 seconds. CPU system time: 0 seconds. Elapsed time: 0.15 seconds; current allocated memory: 452.141 MB.
INFO: [BIND 205-100] Starting micro-architecture generation ...
INFO: [BIND 205-101] Performing variable lifetime analysis.
INFO: [BIND 205-101] Exploring resource sharing.
INFO: [BIND 205-101] Binding ...
INFO: [BIND 205-100] Finished micro-architecture generation.
INFO: [HLS 200-111] Finished Binding: CPU user time: 0.03 seconds. CPU system time: 0.01 seconds. Elapsed time: 0.07 seconds; current allocated memory: 452.316 MB.
INFO: [HLS 200-10] ----------------------------------------------------------------
INFO: [HLS 200-42] -- Implementing module 'myproject' 
INFO: [HLS 200-10] ----------------------------------------------------------------
INFO: [SCHED 204-11] Starting scheduling ...
INFO: [SCHED 204-61] Pipelining function 'myproject'.
INFO: [HLS 200-1470] Pipelining result : Target II = NA, Final II = 1, Depth = 9, function 'myproject'
INFO: [SCHED 204-11] Finished scheduling.
INFO: [HLS 200-111] Finished Scheduling: CPU user time: 0.15 seconds. CPU system time: 0 seconds. Elapsed time: 0.19 seconds; current allocated memory: 454.480 MB.
INFO: [BIND 205-100] Starting micro-architecture generation ...
INFO: [BIND 205-101] Performing variable lifetime analysis.
INFO: [BIND 205-101] Exploring resource sharing.
INFO: [BIND 205-101] Binding ...
INFO: [BIND 205-100] Finished micro-architecture generation.
INFO: [HLS 200-111] Finished Binding: CPU user time: 0.05 seconds. CPU system time: 0.01 seconds. Elapsed time: 0.08 seconds; current allocated memory: 454.480 MB.
INFO: [HLS 200-10] ----------------------------------------------------------------
INFO: [HLS 200-10] -- Generating RTL for module 'dense_latency_ap_fixed_12_5_5_3_0_ap_fixed_13_8_5_3_0_config3_s' 
INFO: [HLS 200-10] ----------------------------------------------------------------
INFO: [HLS 200-1030] Apply Unified Pipeline Control on module 'dense_latency_ap_fixed_12_5_5_3_0_ap_fixed_13_8_5_3_0_config3_s' pipeline 'dense_latency<ap_fixed<12, 5, 5, 3, 0>, ap_fixed<13, 8, 5, 3, 0>, config3>' pipeline type 'function pipeline'
INFO: [RTGEN 206-100] Generating core module 'mul_10s_6ns_15_1_1': 1 instance(s).
INFO: [RTGEN 206-100] Generating core module 'mul_11s_8ns_18_1_1': 1 instance(s).
INFO: [RTGEN 206-100] Generating core module 'mul_12s_10s_20_1_1': 1 instance(s).
INFO: [RTGEN 206-100] Generating core module 'mul_12s_9ns_20_1_1': 1 instance(s).
INFO: [RTGEN 206-100] Finished creating RTL model for 'dense_latency_ap_fixed_12_5_5_3_0_ap_fixed_13_8_5_3_0_config3_s'.
INFO: [HLS 200-111] Finished Creating RTL model: CPU user time: 0.18 seconds. CPU system time: 0 seconds. Elapsed time: 0.25 seconds; current allocated memory: 460.066 MB.
INFO: [HLS 200-10] ----------------------------------------------------------------
INFO: [HLS 200-10] -- Generating RTL for module 'relu_ap_fixed_13_8_5_3_0_ap_ufixed_12_7_5_3_0_ReLU_config6_s' 
INFO: [HLS 200-10] ----------------------------------------------------------------
INFO: [RTGEN 206-100] Finished creating RTL model for 'relu_ap_fixed_13_8_5_3_0_ap_ufixed_12_7_5_3_0_ReLU_config6_s'.
INFO: [HLS 200-111] Finished Creating RTL model: CPU user time: 0.28 seconds. CPU system time: 0.04 seconds. Elapsed time: 0.43 seconds; current allocated memory: 473.816 MB.
INFO: [HLS 200-10] ----------------------------------------------------------------
INFO: [HLS 200-10] -- Generating RTL for module 'dense_latency_ap_ufixed_12_7_5_3_0_ap_fixed_13_11_5_3_0_config8_s' 
INFO: [HLS 200-10] ----------------------------------------------------------------
INFO: [HLS 200-1030] Apply Unified Pipeline Control on module 'dense_latency_ap_ufixed_12_7_5_3_0_ap_fixed_13_11_5_3_0_config8_s' pipeline 'dense_latency<ap_ufixed<12, 7, 5, 3, 0>, ap_fixed<13, 11, 5, 3, 0>, config8>' pipeline type 'function pipeline'
INFO: [RTGEN 206-100] Finished creating RTL model for 'dense_latency_ap_ufixed_12_7_5_3_0_ap_fixed_13_11_5_3_0_config8_s'.
INFO: [HLS 200-111] Finished Creating RTL model: CPU user time: 0.13 seconds. CPU system time: 0 seconds. Elapsed time: 0.19 seconds; current allocated memory: 476.691 MB.
INFO: [HLS 200-10] ----------------------------------------------------------------
INFO: [HLS 200-10] -- Generating RTL for module 'relu_ap_fixed_13_11_5_3_0_ap_ufixed_9_7_5_3_0_ReLU_config11_s' 
INFO: [HLS 200-10] ----------------------------------------------------------------
INFO: [RTGEN 206-100] Finished creating RTL model for 'relu_ap_fixed_13_11_5_3_0_ap_ufixed_9_7_5_3_0_ReLU_config11_s'.
INFO: [HLS 200-111] Finished Creating RTL model: CPU user time: 0.2 seconds. CPU system time: 0.02 seconds. Elapsed time: 0.31 seconds; current allocated memory: 485.359 MB.
INFO: [HLS 200-10] ----------------------------------------------------------------
INFO: [HLS 200-10] -- Generating RTL for module 'dense_latency_ap_ufixed_9_7_5_3_0_ap_fixed_13_11_5_3_0_config13_s' 
INFO: [HLS 200-10] ----------------------------------------------------------------
INFO: [HLS 200-1030] Apply Unified Pipeline Control on module 'dense_latency_ap_ufixed_9_7_5_3_0_ap_fixed_13_11_5_3_0_config13_s' pipeline 'dense_latency<ap_ufixed<9, 7, 5, 3, 0>, ap_fixed<13, 11, 5, 3, 0>, config13>' pipeline type 'function pipeline'
INFO: [RTGEN 206-100] Generating core module 'mul_7ns_8s_15_1_1': 1 instance(s).
INFO: [RTGEN 206-100] Generating core module 'mul_8ns_6ns_13_1_1': 1 instance(s).
INFO: [RTGEN 206-100] Finished creating RTL model for 'dense_latency_ap_ufixed_9_7_5_3_0_ap_fixed_13_11_5_3_0_config13_s'.
INFO: [HLS 200-111] Finished Creating RTL model: CPU user time: 0.1 seconds. CPU system time: 0 seconds. Elapsed time: 0.16 seconds; current allocated memory: 487.418 MB.
INFO: [HLS 200-10] ----------------------------------------------------------------
INFO: [HLS 200-10] -- Generating RTL for module 'relu_ap_fixed_13_11_5_3_0_ap_ufixed_8_6_5_3_0_ReLU_config16_s' 
INFO: [HLS 200-10] ----------------------------------------------------------------
INFO: [RTGEN 206-100] Finished creating RTL model for 'relu_ap_fixed_13_11_5_3_0_ap_ufixed_8_6_5_3_0_ReLU_config16_s'.
INFO: [HLS 200-111] Finished Creating RTL model: CPU user time: 0.13 seconds. CPU system time: 0.03 seconds. Elapsed time: 0.24 seconds; current allocated memory: 493.297 MB.
INFO: [HLS 200-10] ----------------------------------------------------------------
INFO: [HLS 200-10] -- Generating RTL for module 'dense_latency_ap_ufixed_8_6_5_3_0_ap_fixed_14_7_5_3_0_config18_s' 
INFO: [HLS 200-10] ----------------------------------------------------------------
INFO: [RTGEN 206-100] Finished creating RTL model for 'dense_latency_ap_ufixed_8_6_5_3_0_ap_fixed_14_7_5_3_0_config18_s'.
INFO: [HLS 200-111] Finished Creating RTL model: CPU user time: 0.07 seconds. CPU system time: 0 seconds. Elapsed time: 0.12 seconds; current allocated memory: 494.715 MB.
INFO: [HLS 200-10] ----------------------------------------------------------------
INFO: [HLS 200-10] -- Generating RTL for module 'myproject' 
INFO: [HLS 200-10] ----------------------------------------------------------------
INFO: [RTGEN 206-500] Setting interface mode on port 'myproject/input_11' to 'ap_vld'.
INFO: [RTGEN 206-500] Setting interface mode on port 'myproject/layer20_out_0' to 'ap_vld'.
INFO: [RTGEN 206-500] Setting interface mode on port 'myproject/layer20_out_1' to 'ap_vld'.
INFO: [RTGEN 206-500] Setting interface mode on port 'myproject/layer20_out_2' to 'ap_vld'.
INFO: [RTGEN 206-500] Setting interface mode on port 'myproject/layer20_out_3' to 'ap_vld'.
INFO: [RTGEN 206-500] Setting interface mode on port 'myproject/layer20_out_4' to 'ap_vld'.
INFO: [RTGEN 206-500] Setting interface mode on function 'myproject' to 'ap_ctrl_hs'.
INFO: [HLS 200-1030] Apply Unified Pipeline Control on module 'myproject' pipeline 'myproject' pipeline type 'function pipeline'
INFO: [RTGEN 206-100] Finished creating RTL model for 'myproject'.
INFO: [HLS 200-111] Finished Creating RTL model: CPU user time: 0.17 seconds. CPU system time: 0.02 seconds. Elapsed time: 0.47 seconds; current allocated memory: 501.504 MB.
INFO: [HLS 200-111] Finished Generating all RTL models: CPU user time: 0.32 seconds. CPU system time: 0.05 seconds. Elapsed time: 0.62 seconds; current allocated memory: 506.621 MB.
INFO: [HLS 200-111] Finished Updating report files: CPU user time: 0.58 seconds. CPU system time: 0.04 seconds. Elapsed time: 0.8 seconds; current allocated memory: 517.016 MB.
INFO: [VHDL 208-304] Generating VHDL RTL for myproject.
INFO: [VLOG 209-307] Generating Verilog RTL for myproject.
INFO: [HLS 200-789] **** Estimated Fmax: 275.20 MHz
INFO: [HLS 200-2161] Finished Command csynth_design Elapsed time: 00:01:35; Allocated memory: 203.000 MB.
